07:20:09 ET_MOSAIC DEBUG: this is how you call one of your functions
07:20:09 ET_MOSAIC DEBUG: hello from Conus_mosaic class
07:20:09 ET_MOSAIC DEBUG: Mosaicking ['etasw'] in /caldera/projects/usgs/water/impd/skagone and put it in /caldera/projects/usgs/water/impd/skagone/conus_mos_completed/2012 for 2012
07:20:09 ET_MOSAIC DEBUG: run_mosaic
07:20:09 ET_MOSAIC DEBUG: Mosaic this product: etasw
07:20:09 ET_MOSAIC DEBUG: /caldera/projects/usgs/water/impd/skagone/
07:20:09 ET_MOSAIC DEBUG: justoneday 2012 1 /caldera/projects/usgs/water/impd/skagone/r37.0_tile0
Warning 1: +init=epsg:XXXX syntax is deprecated. It might return a CRS with a non-EPSG compliant axis order.
07:21:48 ET_MOSAIC DEBUG: justoneday 2012 2 /caldera/projects/usgs/water/impd/skagone/r37.0_tile0
07:23:30 ET_MOSAIC DEBUG: justoneday 2012 3 /caldera/projects/usgs/water/impd/skagone/r37.0_tile0
07:25:17 ET_MOSAIC DEBUG: justoneday 2012 4 /caldera/projects/usgs/water/impd/skagone/r37.0_tile0
07:27:02 ET_MOSAIC DEBUG: justoneday 2012 5 /caldera/projects/usgs/water/impd/skagone/r37.0_tile0
07:28:48 ET_MOSAIC DEBUG: justoneday 2012 6 /caldera/projects/usgs/water/impd/skagone/r37.0_tile0
07:30:32 ET_MOSAIC DEBUG: justoneday 2012 7 /caldera/projects/usgs/water/impd/skagone/r37.0_tile0
07:32:21 ET_MOSAIC DEBUG: justoneday 2012 8 /caldera/projects/usgs/water/impd/skagone/r37.0_tile0
07:34:04 ET_MOSAIC DEBUG: justoneday 2012 9 /caldera/projects/usgs/water/impd/skagone/r37.0_tile0
07:35:50 ET_MOSAIC DEBUG: justoneday 2012 10 /caldera/projects/usgs/water/impd/skagone/r37.0_tile0
07:37:37 ET_MOSAIC DEBUG: justoneday 2012 11 /caldera/projects/usgs/water/impd/skagone/r37.0_tile0
07:39:26 ET_MOSAIC DEBUG: justoneday 2012 12 /caldera/projects/usgs/water/impd/skagone/r37.0_tile0
07:41:17 ET_MOSAIC DEBUG: justoneday 2012 13 /caldera/projects/usgs/water/impd/skagone/r37.0_tile0
07:43:08 ET_MOSAIC DEBUG: justoneday 2012 14 /caldera/projects/usgs/water/impd/skagone/r37.0_tile0
07:44:58 ET_MOSAIC DEBUG: justoneday 2012 15 /caldera/projects/usgs/water/impd/skagone/r37.0_tile0
07:46:50 ET_MOSAIC DEBUG: justoneday 2012 16 /caldera/projects/usgs/water/impd/skagone/r37.0_tile0
07:48:41 ET_MOSAIC DEBUG: justoneday 2012 17 /caldera/projects/usgs/water/impd/skagone/r37.0_tile0
07:50:32 ET_MOSAIC DEBUG: justoneday 2012 18 /caldera/projects/usgs/water/impd/skagone/r37.0_tile0
07:52:23 ET_MOSAIC DEBUG: justoneday 2012 19 /caldera/projects/usgs/water/impd/skagone/r37.0_tile0
07:54:11 ET_MOSAIC DEBUG: justoneday 2012 20 /caldera/projects/usgs/water/impd/skagone/r37.0_tile0
07:55:57 ET_MOSAIC DEBUG: justoneday 2012 21 /caldera/projects/usgs/water/impd/skagone/r37.0_tile0
07:57:50 ET_MOSAIC DEBUG: justoneday 2012 22 /caldera/projects/usgs/water/impd/skagone/r37.0_tile0
07:59:37 ET_MOSAIC DEBUG: justoneday 2012 23 /caldera/projects/usgs/water/impd/skagone/r37.0_tile0
08:01:26 ET_MOSAIC DEBUG: justoneday 2012 24 /caldera/projects/usgs/water/impd/skagone/r37.0_tile0
08:03:16 ET_MOSAIC DEBUG: justoneday 2012 25 /caldera/projects/usgs/water/impd/skagone/r37.0_tile0
08:04:54 ET_MOSAIC DEBUG: justoneday 2012 26 /caldera/projects/usgs/water/impd/skagone/r37.0_tile0
08:06:44 ET_MOSAIC DEBUG: justoneday 2012 27 /caldera/projects/usgs/water/impd/skagone/r37.0_tile0
08:08:23 ET_MOSAIC DEBUG: justoneday 2012 28 /caldera/projects/usgs/water/impd/skagone/r37.0_tile0
08:10:13 ET_MOSAIC DEBUG: justoneday 2012 29 /caldera/projects/usgs/water/impd/skagone/r37.0_tile0
08:12:04 ET_MOSAIC DEBUG: justoneday 2012 30 /caldera/projects/usgs/water/impd/skagone/r37.0_tile0
08:13:49 ET_MOSAIC DEBUG: justoneday 2012 31 /caldera/projects/usgs/water/impd/skagone/r37.0_tile0
08:15:41 ET_MOSAIC DEBUG: justoneday 2012 32 /caldera/projects/usgs/water/impd/skagone/r37.0_tile0
08:17:34 ET_MOSAIC DEBUG: justoneday 2012 33 /caldera/projects/usgs/water/impd/skagone/r37.0_tile0
08:19:22 ET_MOSAIC DEBUG: justoneday 2012 34 /caldera/projects/usgs/water/impd/skagone/r37.0_tile0
08:21:11 ET_MOSAIC DEBUG: justoneday 2012 35 /caldera/projects/usgs/water/impd/skagone/r37.0_tile0
08:23:04 ET_MOSAIC DEBUG: justoneday 2012 36 /caldera/projects/usgs/water/impd/skagone/r37.0_tile0
08:24:56 ET_MOSAIC DEBUG: justoneday 2012 37 /caldera/projects/usgs/water/impd/skagone/r37.0_tile0
08:26:50 ET_MOSAIC DEBUG: justoneday 2012 38 /caldera/projects/usgs/water/impd/skagone/r37.0_tile0
08:28:42 ET_MOSAIC DEBUG: justoneday 2012 39 /caldera/projects/usgs/water/impd/skagone/r37.0_tile0
08:30:32 ET_MOSAIC DEBUG: justoneday 2012 40 /caldera/projects/usgs/water/impd/skagone/r37.0_tile0
08:32:13 ET_MOSAIC DEBUG: justoneday 2012 41 /caldera/projects/usgs/water/impd/skagone/r37.0_tile0
08:34:01 ET_MOSAIC DEBUG: justoneday 2012 42 /caldera/projects/usgs/water/impd/skagone/r37.0_tile0
08:35:52 ET_MOSAIC DEBUG: justoneday 2012 43 /caldera/projects/usgs/water/impd/skagone/r37.0_tile0
08:37:34 ET_MOSAIC DEBUG: justoneday 2012 44 /caldera/projects/usgs/water/impd/skagone/r37.0_tile0
08:39:21 ET_MOSAIC DEBUG: justoneday 2012 45 /caldera/projects/usgs/water/impd/skagone/r37.0_tile0
08:41:09 ET_MOSAIC DEBUG: justoneday 2012 46 /caldera/projects/usgs/water/impd/skagone/r37.0_tile0
08:42:55 ET_MOSAIC DEBUG: justoneday 2012 47 /caldera/projects/usgs/water/impd/skagone/r37.0_tile0
08:44:48 ET_MOSAIC DEBUG: justoneday 2012 48 /caldera/projects/usgs/water/impd/skagone/r37.0_tile0
08:46:30 ET_MOSAIC DEBUG: justoneday 2012 49 /caldera/projects/usgs/water/impd/skagone/r37.0_tile0
08:48:22 ET_MOSAIC DEBUG: justoneday 2012 50 /caldera/projects/usgs/water/impd/skagone/r37.0_tile0
08:50:09 ET_MOSAIC DEBUG: justoneday 2012 51 /caldera/projects/usgs/water/impd/skagone/r37.0_tile0
08:51:58 ET_MOSAIC DEBUG: justoneday 2012 52 /caldera/projects/usgs/water/impd/skagone/r37.0_tile0
08:53:50 ET_MOSAIC DEBUG: justoneday 2012 53 /caldera/projects/usgs/water/impd/skagone/r37.0_tile0
08:55:43 ET_MOSAIC DEBUG: justoneday 2012 54 /caldera/projects/usgs/water/impd/skagone/r37.0_tile0
08:57:35 ET_MOSAIC DEBUG: justoneday 2012 55 /caldera/projects/usgs/water/impd/skagone/r37.0_tile0
08:59:17 ET_MOSAIC DEBUG: justoneday 2012 56 /caldera/projects/usgs/water/impd/skagone/r37.0_tile0
09:01:10 ET_MOSAIC DEBUG: justoneday 2012 57 /caldera/projects/usgs/water/impd/skagone/r37.0_tile0
09:02:50 ET_MOSAIC DEBUG: justoneday 2012 58 /caldera/projects/usgs/water/impd/skagone/r37.0_tile0
09:04:32 ET_MOSAIC DEBUG: justoneday 2012 59 /caldera/projects/usgs/water/impd/skagone/r37.0_tile0
09:06:25 ET_MOSAIC DEBUG: justoneday 2012 60 /caldera/projects/usgs/water/impd/skagone/r37.0_tile0
09:08:19 ET_MOSAIC DEBUG: justoneday 2012 61 /caldera/projects/usgs/water/impd/skagone/r37.0_tile0
09:10:18 ET_MOSAIC DEBUG: justoneday 2012 62 /caldera/projects/usgs/water/impd/skagone/r37.0_tile0
09:12:04 ET_MOSAIC DEBUG: justoneday 2012 63 /caldera/projects/usgs/water/impd/skagone/r37.0_tile0
09:13:57 ET_MOSAIC DEBUG: justoneday 2012 64 /caldera/projects/usgs/water/impd/skagone/r37.0_tile0
09:15:48 ET_MOSAIC DEBUG: justoneday 2012 65 /caldera/projects/usgs/water/impd/skagone/r37.0_tile0
09:17:37 ET_MOSAIC DEBUG: justoneday 2012 66 /caldera/projects/usgs/water/impd/skagone/r37.0_tile0
09:19:29 ET_MOSAIC DEBUG: justoneday 2012 67 /caldera/projects/usgs/water/impd/skagone/r37.0_tile0
09:21:20 ET_MOSAIC DEBUG: justoneday 2012 68 /caldera/projects/usgs/water/impd/skagone/r37.0_tile0
09:23:08 ET_MOSAIC DEBUG: justoneday 2012 69 /caldera/projects/usgs/water/impd/skagone/r37.0_tile0
09:24:55 ET_MOSAIC DEBUG: justoneday 2012 70 /caldera/projects/usgs/water/impd/skagone/r37.0_tile0
09:26:47 ET_MOSAIC DEBUG: justoneday 2012 71 /caldera/projects/usgs/water/impd/skagone/r37.0_tile0
09:28:35 ET_MOSAIC DEBUG: justoneday 2012 72 /caldera/projects/usgs/water/impd/skagone/r37.0_tile0
09:30:25 ET_MOSAIC DEBUG: justoneday 2012 73 /caldera/projects/usgs/water/impd/skagone/r37.0_tile0
09:32:13 ET_MOSAIC DEBUG: justoneday 2012 74 /caldera/projects/usgs/water/impd/skagone/r37.0_tile0
09:34:05 ET_MOSAIC DEBUG: justoneday 2012 75 /caldera/projects/usgs/water/impd/skagone/r37.0_tile0
09:35:57 ET_MOSAIC DEBUG: justoneday 2012 76 /caldera/projects/usgs/water/impd/skagone/r37.0_tile0
09:37:49 ET_MOSAIC DEBUG: justoneday 2012 77 /caldera/projects/usgs/water/impd/skagone/r37.0_tile0
09:39:35 ET_MOSAIC DEBUG: justoneday 2012 78 /caldera/projects/usgs/water/impd/skagone/r37.0_tile0
09:41:27 ET_MOSAIC DEBUG: justoneday 2012 79 /caldera/projects/usgs/water/impd/skagone/r37.0_tile0
09:43:18 ET_MOSAIC DEBUG: justoneday 2012 80 /caldera/projects/usgs/water/impd/skagone/r37.0_tile0
09:45:09 ET_MOSAIC DEBUG: justoneday 2012 81 /caldera/projects/usgs/water/impd/skagone/r37.0_tile0
09:46:56 ET_MOSAIC DEBUG: justoneday 2012 82 /caldera/projects/usgs/water/impd/skagone/r37.0_tile0
09:48:48 ET_MOSAIC DEBUG: justoneday 2012 83 /caldera/projects/usgs/water/impd/skagone/r37.0_tile0
09:50:35 ET_MOSAIC DEBUG: justoneday 2012 84 /caldera/projects/usgs/water/impd/skagone/r37.0_tile0
09:52:23 ET_MOSAIC DEBUG: justoneday 2012 85 /caldera/projects/usgs/water/impd/skagone/r37.0_tile0
09:54:12 ET_MOSAIC DEBUG: justoneday 2012 86 /caldera/projects/usgs/water/impd/skagone/r37.0_tile0
09:55:59 ET_MOSAIC DEBUG: justoneday 2012 87 /caldera/projects/usgs/water/impd/skagone/r37.0_tile0
09:57:48 ET_MOSAIC DEBUG: justoneday 2012 88 /caldera/projects/usgs/water/impd/skagone/r37.0_tile0
09:59:41 ET_MOSAIC DEBUG: justoneday 2012 89 /caldera/projects/usgs/water/impd/skagone/r37.0_tile0
10:01:34 ET_MOSAIC DEBUG: justoneday 2012 90 /caldera/projects/usgs/water/impd/skagone/r37.0_tile0
10:03:14 ET_MOSAIC DEBUG: justoneday 2012 91 /caldera/projects/usgs/water/impd/skagone/r37.0_tile0
10:05:03 ET_MOSAIC DEBUG: justoneday 2012 92 /caldera/projects/usgs/water/impd/skagone/r37.0_tile0
10:06:50 ET_MOSAIC DEBUG: justoneday 2012 93 /caldera/projects/usgs/water/impd/skagone/r37.0_tile0
10:08:37 ET_MOSAIC DEBUG: justoneday 2012 94 /caldera/projects/usgs/water/impd/skagone/r37.0_tile0
10:10:33 ET_MOSAIC DEBUG: justoneday 2012 95 /caldera/projects/usgs/water/impd/skagone/r37.0_tile0
10:12:15 ET_MOSAIC DEBUG: justoneday 2012 96 /caldera/projects/usgs/water/impd/skagone/r37.0_tile0
10:13:58 ET_MOSAIC DEBUG: justoneday 2012 97 /caldera/projects/usgs/water/impd/skagone/r37.0_tile0
10:15:53 ET_MOSAIC DEBUG: justoneday 2012 98 /caldera/projects/usgs/water/impd/skagone/r37.0_tile0
10:17:47 ET_MOSAIC DEBUG: justoneday 2012 99 /caldera/projects/usgs/water/impd/skagone/r37.0_tile0
10:19:34 ET_MOSAIC DEBUG: justoneday 2012 100 /caldera/projects/usgs/water/impd/skagone/r37.0_tile0
10:21:26 ET_MOSAIC DEBUG: justoneday 2012 101 /caldera/projects/usgs/water/impd/skagone/r37.0_tile0
10:23:16 ET_MOSAIC DEBUG: justoneday 2012 102 /caldera/projects/usgs/water/impd/skagone/r37.0_tile0
10:25:10 ET_MOSAIC DEBUG: justoneday 2012 103 /caldera/projects/usgs/water/impd/skagone/r37.0_tile0
10:27:00 ET_MOSAIC DEBUG: justoneday 2012 104 /caldera/projects/usgs/water/impd/skagone/r37.0_tile0
10:28:51 ET_MOSAIC DEBUG: justoneday 2012 105 /caldera/projects/usgs/water/impd/skagone/r37.0_tile0
10:30:45 ET_MOSAIC DEBUG: justoneday 2012 106 /caldera/projects/usgs/water/impd/skagone/r37.0_tile0
10:32:34 ET_MOSAIC DEBUG: justoneday 2012 107 /caldera/projects/usgs/water/impd/skagone/r37.0_tile0
10:34:23 ET_MOSAIC DEBUG: justoneday 2012 108 /caldera/projects/usgs/water/impd/skagone/r37.0_tile0
10:36:12 ET_MOSAIC DEBUG: justoneday 2012 109 /caldera/projects/usgs/water/impd/skagone/r37.0_tile0
10:37:58 ET_MOSAIC DEBUG: justoneday 2012 110 /caldera/projects/usgs/water/impd/skagone/r37.0_tile0
10:39:48 ET_MOSAIC DEBUG: justoneday 2012 111 /caldera/projects/usgs/water/impd/skagone/r37.0_tile0
10:41:35 ET_MOSAIC DEBUG: justoneday 2012 112 /caldera/projects/usgs/water/impd/skagone/r37.0_tile0
10:43:29 ET_MOSAIC DEBUG: justoneday 2012 113 /caldera/projects/usgs/water/impd/skagone/r37.0_tile0
10:45:25 ET_MOSAIC DEBUG: justoneday 2012 114 /caldera/projects/usgs/water/impd/skagone/r37.0_tile0
10:47:19 ET_MOSAIC DEBUG: justoneday 2012 115 /caldera/projects/usgs/water/impd/skagone/r37.0_tile0
10:49:11 ET_MOSAIC DEBUG: justoneday 2012 116 /caldera/projects/usgs/water/impd/skagone/r37.0_tile0
10:51:03 ET_MOSAIC DEBUG: justoneday 2012 117 /caldera/projects/usgs/water/impd/skagone/r37.0_tile0
10:52:55 ET_MOSAIC DEBUG: justoneday 2012 118 /caldera/projects/usgs/water/impd/skagone/r37.0_tile0
10:54:51 ET_MOSAIC DEBUG: justoneday 2012 119 /caldera/projects/usgs/water/impd/skagone/r37.0_tile0
10:56:55 ET_MOSAIC DEBUG: justoneday 2012 120 /caldera/projects/usgs/water/impd/skagone/r37.0_tile0
10:58:50 ET_MOSAIC DEBUG: justoneday 2012 121 /caldera/projects/usgs/water/impd/skagone/r37.0_tile0
11:00:43 ET_MOSAIC DEBUG: justoneday 2012 122 /caldera/projects/usgs/water/impd/skagone/r37.0_tile0
11:02:40 ET_MOSAIC DEBUG: justoneday 2012 123 /caldera/projects/usgs/water/impd/skagone/r37.0_tile0
11:04:44 ET_MOSAIC DEBUG: justoneday 2012 124 /caldera/projects/usgs/water/impd/skagone/r37.0_tile0
11:06:51 ET_MOSAIC DEBUG: justoneday 2012 125 /caldera/projects/usgs/water/impd/skagone/r37.0_tile0
11:08:57 ET_MOSAIC DEBUG: justoneday 2012 126 /caldera/projects/usgs/water/impd/skagone/r37.0_tile0
11:10:47 ET_MOSAIC DEBUG: justoneday 2012 127 /caldera/projects/usgs/water/impd/skagone/r37.0_tile0
11:12:40 ET_MOSAIC DEBUG: justoneday 2012 128 /caldera/projects/usgs/water/impd/skagone/r37.0_tile0
11:14:40 ET_MOSAIC DEBUG: justoneday 2012 129 /caldera/projects/usgs/water/impd/skagone/r37.0_tile0
11:17:09 ET_MOSAIC DEBUG: justoneday 2012 130 /caldera/projects/usgs/water/impd/skagone/r37.0_tile0
11:21:01 ET_MOSAIC DEBUG: justoneday 2012 131 /caldera/projects/usgs/water/impd/skagone/r37.0_tile0
11:24:52 ET_MOSAIC DEBUG: justoneday 2012 132 /caldera/projects/usgs/water/impd/skagone/r37.0_tile0
11:27:22 ET_MOSAIC DEBUG: justoneday 2012 133 /caldera/projects/usgs/water/impd/skagone/r37.0_tile0
11:29:35 ET_MOSAIC DEBUG: justoneday 2012 134 /caldera/projects/usgs/water/impd/skagone/r37.0_tile0
11:31:52 ET_MOSAIC DEBUG: justoneday 2012 135 /caldera/projects/usgs/water/impd/skagone/r37.0_tile0
11:33:46 ET_MOSAIC DEBUG: justoneday 2012 136 /caldera/projects/usgs/water/impd/skagone/r37.0_tile0
11:36:02 ET_MOSAIC DEBUG: justoneday 2012 137 /caldera/projects/usgs/water/impd/skagone/r37.0_tile0
11:37:51 ET_MOSAIC DEBUG: justoneday 2012 138 /caldera/projects/usgs/water/impd/skagone/r37.0_tile0
11:39:43 ET_MOSAIC DEBUG: justoneday 2012 139 /caldera/projects/usgs/water/impd/skagone/r37.0_tile0
11:41:31 ET_MOSAIC DEBUG: justoneday 2012 140 /caldera/projects/usgs/water/impd/skagone/r37.0_tile0
11:43:18 ET_MOSAIC DEBUG: justoneday 2012 141 /caldera/projects/usgs/water/impd/skagone/r37.0_tile0
11:45:05 ET_MOSAIC DEBUG: justoneday 2012 142 /caldera/projects/usgs/water/impd/skagone/r37.0_tile0
11:46:57 ET_MOSAIC DEBUG: justoneday 2012 143 /caldera/projects/usgs/water/impd/skagone/r37.0_tile0
11:48:43 ET_MOSAIC DEBUG: justoneday 2012 144 /caldera/projects/usgs/water/impd/skagone/r37.0_tile0
11:50:29 ET_MOSAIC DEBUG: justoneday 2012 145 /caldera/projects/usgs/water/impd/skagone/r37.0_tile0
11:52:15 ET_MOSAIC DEBUG: justoneday 2012 146 /caldera/projects/usgs/water/impd/skagone/r37.0_tile0
11:54:03 ET_MOSAIC DEBUG: justoneday 2012 147 /caldera/projects/usgs/water/impd/skagone/r37.0_tile0
11:55:52 ET_MOSAIC DEBUG: justoneday 2012 148 /caldera/projects/usgs/water/impd/skagone/r37.0_tile0
11:57:41 ET_MOSAIC DEBUG: justoneday 2012 149 /caldera/projects/usgs/water/impd/skagone/r37.0_tile0
11:59:29 ET_MOSAIC DEBUG: justoneday 2012 150 /caldera/projects/usgs/water/impd/skagone/r37.0_tile0
12:01:14 ET_MOSAIC DEBUG: justoneday 2012 151 /caldera/projects/usgs/water/impd/skagone/r37.0_tile0
12:02:59 ET_MOSAIC DEBUG: justoneday 2012 152 /caldera/projects/usgs/water/impd/skagone/r37.0_tile0
12:04:45 ET_MOSAIC DEBUG: justoneday 2012 153 /caldera/projects/usgs/water/impd/skagone/r37.0_tile0
12:06:30 ET_MOSAIC DEBUG: justoneday 2012 154 /caldera/projects/usgs/water/impd/skagone/r37.0_tile0
12:08:32 ET_MOSAIC DEBUG: justoneday 2012 155 /caldera/projects/usgs/water/impd/skagone/r37.0_tile0
12:10:30 ET_MOSAIC DEBUG: justoneday 2012 156 /caldera/projects/usgs/water/impd/skagone/r37.0_tile0
12:12:26 ET_MOSAIC DEBUG: justoneday 2012 157 /caldera/projects/usgs/water/impd/skagone/r37.0_tile0
12:14:14 ET_MOSAIC DEBUG: justoneday 2012 158 /caldera/projects/usgs/water/impd/skagone/r37.0_tile0
12:16:07 ET_MOSAIC DEBUG: justoneday 2012 159 /caldera/projects/usgs/water/impd/skagone/r37.0_tile0
12:17:52 ET_MOSAIC DEBUG: justoneday 2012 160 /caldera/projects/usgs/water/impd/skagone/r37.0_tile0
12:19:37 ET_MOSAIC DEBUG: justoneday 2012 161 /caldera/projects/usgs/water/impd/skagone/r37.0_tile0
12:21:31 ET_MOSAIC DEBUG: justoneday 2012 162 /caldera/projects/usgs/water/impd/skagone/r37.0_tile0
12:23:24 ET_MOSAIC DEBUG: justoneday 2012 163 /caldera/projects/usgs/water/impd/skagone/r37.0_tile0
12:25:31 ET_MOSAIC DEBUG: justoneday 2012 164 /caldera/projects/usgs/water/impd/skagone/r37.0_tile0
12:27:48 ET_MOSAIC DEBUG: justoneday 2012 165 /caldera/projects/usgs/water/impd/skagone/r37.0_tile0
12:30:14 ET_MOSAIC DEBUG: justoneday 2012 166 /caldera/projects/usgs/water/impd/skagone/r37.0_tile0
12:32:00 ET_MOSAIC DEBUG: justoneday 2012 167 /caldera/projects/usgs/water/impd/skagone/r37.0_tile0
12:33:48 ET_MOSAIC DEBUG: justoneday 2012 168 /caldera/projects/usgs/water/impd/skagone/r37.0_tile0
12:35:42 ET_MOSAIC DEBUG: justoneday 2012 169 /caldera/projects/usgs/water/impd/skagone/r37.0_tile0
12:37:37 ET_MOSAIC DEBUG: justoneday 2012 170 /caldera/projects/usgs/water/impd/skagone/r37.0_tile0
12:39:41 ET_MOSAIC DEBUG: justoneday 2012 171 /caldera/projects/usgs/water/impd/skagone/r37.0_tile0
12:41:38 ET_MOSAIC DEBUG: justoneday 2012 172 /caldera/projects/usgs/water/impd/skagone/r37.0_tile0
12:43:37 ET_MOSAIC DEBUG: justoneday 2012 173 /caldera/projects/usgs/water/impd/skagone/r37.0_tile0
12:45:34 ET_MOSAIC DEBUG: justoneday 2012 174 /caldera/projects/usgs/water/impd/skagone/r37.0_tile0
12:47:31 ET_MOSAIC DEBUG: justoneday 2012 175 /caldera/projects/usgs/water/impd/skagone/r37.0_tile0
12:49:28 ET_MOSAIC DEBUG: justoneday 2012 176 /caldera/projects/usgs/water/impd/skagone/r37.0_tile0
12:51:24 ET_MOSAIC DEBUG: justoneday 2012 177 /caldera/projects/usgs/water/impd/skagone/r37.0_tile0
12:53:19 ET_MOSAIC DEBUG: justoneday 2012 178 /caldera/projects/usgs/water/impd/skagone/r37.0_tile0
12:55:16 ET_MOSAIC DEBUG: justoneday 2012 179 /caldera/projects/usgs/water/impd/skagone/r37.0_tile0
12:57:15 ET_MOSAIC DEBUG: justoneday 2012 180 /caldera/projects/usgs/water/impd/skagone/r37.0_tile0
12:59:13 ET_MOSAIC DEBUG: justoneday 2012 181 /caldera/projects/usgs/water/impd/skagone/r37.0_tile0
13:01:10 ET_MOSAIC DEBUG: justoneday 2012 182 /caldera/projects/usgs/water/impd/skagone/r37.0_tile0
13:03:11 ET_MOSAIC DEBUG: justoneday 2012 183 /caldera/projects/usgs/water/impd/skagone/r37.0_tile0
13:05:10 ET_MOSAIC DEBUG: justoneday 2012 184 /caldera/projects/usgs/water/impd/skagone/r37.0_tile0
13:07:08 ET_MOSAIC DEBUG: justoneday 2012 185 /caldera/projects/usgs/water/impd/skagone/r37.0_tile0
13:09:03 ET_MOSAIC DEBUG: justoneday 2012 186 /caldera/projects/usgs/water/impd/skagone/r37.0_tile0
13:10:59 ET_MOSAIC DEBUG: justoneday 2012 187 /caldera/projects/usgs/water/impd/skagone/r37.0_tile0
13:12:54 ET_MOSAIC DEBUG: justoneday 2012 188 /caldera/projects/usgs/water/impd/skagone/r37.0_tile0
13:14:51 ET_MOSAIC DEBUG: justoneday 2012 189 /caldera/projects/usgs/water/impd/skagone/r37.0_tile0
13:16:48 ET_MOSAIC DEBUG: justoneday 2012 190 /caldera/projects/usgs/water/impd/skagone/r37.0_tile0
13:18:44 ET_MOSAIC DEBUG: justoneday 2012 191 /caldera/projects/usgs/water/impd/skagone/r37.0_tile0
13:20:38 ET_MOSAIC DEBUG: justoneday 2012 192 /caldera/projects/usgs/water/impd/skagone/r37.0_tile0
13:22:36 ET_MOSAIC DEBUG: justoneday 2012 193 /caldera/projects/usgs/water/impd/skagone/r37.0_tile0
13:24:40 ET_MOSAIC DEBUG: justoneday 2012 194 /caldera/projects/usgs/water/impd/skagone/r37.0_tile0
13:26:36 ET_MOSAIC DEBUG: justoneday 2012 195 /caldera/projects/usgs/water/impd/skagone/r37.0_tile0
13:28:30 ET_MOSAIC DEBUG: justoneday 2012 196 /caldera/projects/usgs/water/impd/skagone/r37.0_tile0
13:30:27 ET_MOSAIC DEBUG: justoneday 2012 197 /caldera/projects/usgs/water/impd/skagone/r37.0_tile0
13:32:22 ET_MOSAIC DEBUG: justoneday 2012 198 /caldera/projects/usgs/water/impd/skagone/r37.0_tile0
13:34:17 ET_MOSAIC DEBUG: justoneday 2012 199 /caldera/projects/usgs/water/impd/skagone/r37.0_tile0
13:36:10 ET_MOSAIC DEBUG: justoneday 2012 200 /caldera/projects/usgs/water/impd/skagone/r37.0_tile0
13:37:58 ET_MOSAIC DEBUG: justoneday 2012 201 /caldera/projects/usgs/water/impd/skagone/r37.0_tile0
13:39:45 ET_MOSAIC DEBUG: justoneday 2012 202 /caldera/projects/usgs/water/impd/skagone/r37.0_tile0
13:41:33 ET_MOSAIC DEBUG: justoneday 2012 203 /caldera/projects/usgs/water/impd/skagone/r37.0_tile0
13:43:22 ET_MOSAIC DEBUG: justoneday 2012 204 /caldera/projects/usgs/water/impd/skagone/r37.0_tile0
13:45:13 ET_MOSAIC DEBUG: justoneday 2012 205 /caldera/projects/usgs/water/impd/skagone/r37.0_tile0
13:47:04 ET_MOSAIC DEBUG: justoneday 2012 206 /caldera/projects/usgs/water/impd/skagone/r37.0_tile0
13:48:56 ET_MOSAIC DEBUG: justoneday 2012 207 /caldera/projects/usgs/water/impd/skagone/r37.0_tile0
13:50:49 ET_MOSAIC DEBUG: justoneday 2012 208 /caldera/projects/usgs/water/impd/skagone/r37.0_tile0
13:52:42 ET_MOSAIC DEBUG: justoneday 2012 209 /caldera/projects/usgs/water/impd/skagone/r37.0_tile0
13:54:36 ET_MOSAIC DEBUG: justoneday 2012 210 /caldera/projects/usgs/water/impd/skagone/r37.0_tile0
13:56:35 ET_MOSAIC DEBUG: justoneday 2012 211 /caldera/projects/usgs/water/impd/skagone/r37.0_tile0
13:58:33 ET_MOSAIC DEBUG: justoneday 2012 212 /caldera/projects/usgs/water/impd/skagone/r37.0_tile0
14:00:27 ET_MOSAIC DEBUG: justoneday 2012 213 /caldera/projects/usgs/water/impd/skagone/r37.0_tile0
14:02:17 ET_MOSAIC DEBUG: justoneday 2012 214 /caldera/projects/usgs/water/impd/skagone/r37.0_tile0
14:04:08 ET_MOSAIC DEBUG: justoneday 2012 215 /caldera/projects/usgs/water/impd/skagone/r37.0_tile0
14:06:01 ET_MOSAIC DEBUG: justoneday 2012 216 /caldera/projects/usgs/water/impd/skagone/r37.0_tile0
14:07:54 ET_MOSAIC DEBUG: justoneday 2012 217 /caldera/projects/usgs/water/impd/skagone/r37.0_tile0
14:09:47 ET_MOSAIC DEBUG: justoneday 2012 218 /caldera/projects/usgs/water/impd/skagone/r37.0_tile0
14:11:39 ET_MOSAIC DEBUG: justoneday 2012 219 /caldera/projects/usgs/water/impd/skagone/r37.0_tile0
14:13:47 ET_MOSAIC DEBUG: justoneday 2012 220 /caldera/projects/usgs/water/impd/skagone/r37.0_tile0
14:15:52 ET_MOSAIC DEBUG: justoneday 2012 221 /caldera/projects/usgs/water/impd/skagone/r37.0_tile0
14:17:51 ET_MOSAIC DEBUG: justoneday 2012 222 /caldera/projects/usgs/water/impd/skagone/r37.0_tile0
14:19:52 ET_MOSAIC DEBUG: justoneday 2012 223 /caldera/projects/usgs/water/impd/skagone/r37.0_tile0
14:21:52 ET_MOSAIC DEBUG: justoneday 2012 224 /caldera/projects/usgs/water/impd/skagone/r37.0_tile0
14:23:59 ET_MOSAIC DEBUG: justoneday 2012 225 /caldera/projects/usgs/water/impd/skagone/r37.0_tile0
14:26:00 ET_MOSAIC DEBUG: justoneday 2012 226 /caldera/projects/usgs/water/impd/skagone/r37.0_tile0
14:28:03 ET_MOSAIC DEBUG: justoneday 2012 227 /caldera/projects/usgs/water/impd/skagone/r37.0_tile0
14:30:10 ET_MOSAIC DEBUG: justoneday 2012 228 /caldera/projects/usgs/water/impd/skagone/r37.0_tile0
14:32:19 ET_MOSAIC DEBUG: justoneday 2012 229 /caldera/projects/usgs/water/impd/skagone/r37.0_tile0
14:34:30 ET_MOSAIC DEBUG: justoneday 2012 230 /caldera/projects/usgs/water/impd/skagone/r37.0_tile0
14:36:41 ET_MOSAIC DEBUG: justoneday 2012 231 /caldera/projects/usgs/water/impd/skagone/r37.0_tile0
14:38:47 ET_MOSAIC DEBUG: justoneday 2012 232 /caldera/projects/usgs/water/impd/skagone/r37.0_tile0
14:40:53 ET_MOSAIC DEBUG: justoneday 2012 233 /caldera/projects/usgs/water/impd/skagone/r37.0_tile0
14:43:02 ET_MOSAIC DEBUG: justoneday 2012 234 /caldera/projects/usgs/water/impd/skagone/r37.0_tile0
14:45:35 ET_MOSAIC DEBUG: justoneday 2012 235 /caldera/projects/usgs/water/impd/skagone/r37.0_tile0
14:47:48 ET_MOSAIC DEBUG: justoneday 2012 236 /caldera/projects/usgs/water/impd/skagone/r37.0_tile0
14:49:48 ET_MOSAIC DEBUG: justoneday 2012 237 /caldera/projects/usgs/water/impd/skagone/r37.0_tile0
14:51:48 ET_MOSAIC DEBUG: justoneday 2012 238 /caldera/projects/usgs/water/impd/skagone/r37.0_tile0
14:53:55 ET_MOSAIC DEBUG: justoneday 2012 239 /caldera/projects/usgs/water/impd/skagone/r37.0_tile0
14:55:55 ET_MOSAIC DEBUG: justoneday 2012 240 /caldera/projects/usgs/water/impd/skagone/r37.0_tile0
14:57:55 ET_MOSAIC DEBUG: justoneday 2012 241 /caldera/projects/usgs/water/impd/skagone/r37.0_tile0
14:59:54 ET_MOSAIC DEBUG: justoneday 2012 242 /caldera/projects/usgs/water/impd/skagone/r37.0_tile0
15:01:52 ET_MOSAIC DEBUG: justoneday 2012 243 /caldera/projects/usgs/water/impd/skagone/r37.0_tile0
15:03:51 ET_MOSAIC DEBUG: justoneday 2012 244 /caldera/projects/usgs/water/impd/skagone/r37.0_tile0
15:05:50 ET_MOSAIC DEBUG: justoneday 2012 245 /caldera/projects/usgs/water/impd/skagone/r37.0_tile0
15:07:50 ET_MOSAIC DEBUG: justoneday 2012 246 /caldera/projects/usgs/water/impd/skagone/r37.0_tile0
15:09:58 ET_MOSAIC DEBUG: justoneday 2012 247 /caldera/projects/usgs/water/impd/skagone/r37.0_tile0
15:11:59 ET_MOSAIC DEBUG: justoneday 2012 248 /caldera/projects/usgs/water/impd/skagone/r37.0_tile0
15:13:56 ET_MOSAIC DEBUG: justoneday 2012 249 /caldera/projects/usgs/water/impd/skagone/r37.0_tile0
15:15:53 ET_MOSAIC DEBUG: justoneday 2012 250 /caldera/projects/usgs/water/impd/skagone/r37.0_tile0
15:17:50 ET_MOSAIC DEBUG: justoneday 2012 251 /caldera/projects/usgs/water/impd/skagone/r37.0_tile0
15:19:53 ET_MOSAIC DEBUG: justoneday 2012 252 /caldera/projects/usgs/water/impd/skagone/r37.0_tile0
15:21:55 ET_MOSAIC DEBUG: justoneday 2012 253 /caldera/projects/usgs/water/impd/skagone/r37.0_tile0
15:23:51 ET_MOSAIC DEBUG: justoneday 2012 254 /caldera/projects/usgs/water/impd/skagone/r37.0_tile0
15:25:48 ET_MOSAIC DEBUG: justoneday 2012 255 /caldera/projects/usgs/water/impd/skagone/r37.0_tile0
15:27:52 ET_MOSAIC DEBUG: justoneday 2012 256 /caldera/projects/usgs/water/impd/skagone/r37.0_tile0
15:29:53 ET_MOSAIC DEBUG: justoneday 2012 257 /caldera/projects/usgs/water/impd/skagone/r37.0_tile0
15:31:53 ET_MOSAIC DEBUG: justoneday 2012 258 /caldera/projects/usgs/water/impd/skagone/r37.0_tile0
15:34:36 ET_MOSAIC DEBUG: justoneday 2012 259 /caldera/projects/usgs/water/impd/skagone/r37.0_tile0
15:36:37 ET_MOSAIC DEBUG: justoneday 2012 260 /caldera/projects/usgs/water/impd/skagone/r37.0_tile0
15:38:32 ET_MOSAIC DEBUG: justoneday 2012 261 /caldera/projects/usgs/water/impd/skagone/r37.0_tile0
15:40:29 ET_MOSAIC DEBUG: justoneday 2012 262 /caldera/projects/usgs/water/impd/skagone/r37.0_tile0
15:42:28 ET_MOSAIC DEBUG: justoneday 2012 263 /caldera/projects/usgs/water/impd/skagone/r37.0_tile0
15:44:28 ET_MOSAIC DEBUG: justoneday 2012 264 /caldera/projects/usgs/water/impd/skagone/r37.0_tile0
15:46:29 ET_MOSAIC DEBUG: justoneday 2012 265 /caldera/projects/usgs/water/impd/skagone/r37.0_tile0
15:48:27 ET_MOSAIC DEBUG: justoneday 2012 266 /caldera/projects/usgs/water/impd/skagone/r37.0_tile0
15:50:22 ET_MOSAIC DEBUG: justoneday 2012 267 /caldera/projects/usgs/water/impd/skagone/r37.0_tile0
15:52:12 ET_MOSAIC DEBUG: justoneday 2012 268 /caldera/projects/usgs/water/impd/skagone/r37.0_tile0
15:54:01 ET_MOSAIC DEBUG: justoneday 2012 269 /caldera/projects/usgs/water/impd/skagone/r37.0_tile0
15:55:50 ET_MOSAIC DEBUG: justoneday 2012 270 /caldera/projects/usgs/water/impd/skagone/r37.0_tile0
15:57:39 ET_MOSAIC DEBUG: justoneday 2012 271 /caldera/projects/usgs/water/impd/skagone/r37.0_tile0
15:59:30 ET_MOSAIC DEBUG: justoneday 2012 272 /caldera/projects/usgs/water/impd/skagone/r37.0_tile0
16:01:20 ET_MOSAIC DEBUG: justoneday 2012 273 /caldera/projects/usgs/water/impd/skagone/r37.0_tile0
16:03:09 ET_MOSAIC DEBUG: justoneday 2012 274 /caldera/projects/usgs/water/impd/skagone/r37.0_tile0
16:05:03 ET_MOSAIC DEBUG: justoneday 2012 275 /caldera/projects/usgs/water/impd/skagone/r37.0_tile0
16:07:00 ET_MOSAIC DEBUG: justoneday 2012 276 /caldera/projects/usgs/water/impd/skagone/r37.0_tile0
16:08:50 ET_MOSAIC DEBUG: justoneday 2012 277 /caldera/projects/usgs/water/impd/skagone/r37.0_tile0
16:10:40 ET_MOSAIC DEBUG: justoneday 2012 278 /caldera/projects/usgs/water/impd/skagone/r37.0_tile0
16:12:32 ET_MOSAIC DEBUG: justoneday 2012 279 /caldera/projects/usgs/water/impd/skagone/r37.0_tile0
16:14:22 ET_MOSAIC DEBUG: justoneday 2012 280 /caldera/projects/usgs/water/impd/skagone/r37.0_tile0
16:16:12 ET_MOSAIC DEBUG: justoneday 2012 281 /caldera/projects/usgs/water/impd/skagone/r37.0_tile0
16:18:02 ET_MOSAIC DEBUG: justoneday 2012 282 /caldera/projects/usgs/water/impd/skagone/r37.0_tile0
16:20:10 ET_MOSAIC DEBUG: justoneday 2012 283 /caldera/projects/usgs/water/impd/skagone/r37.0_tile0
16:22:01 ET_MOSAIC DEBUG: justoneday 2012 284 /caldera/projects/usgs/water/impd/skagone/r37.0_tile0
16:23:51 ET_MOSAIC DEBUG: justoneday 2012 285 /caldera/projects/usgs/water/impd/skagone/r37.0_tile0
16:25:45 ET_MOSAIC DEBUG: justoneday 2012 286 /caldera/projects/usgs/water/impd/skagone/r37.0_tile0
16:28:43 ET_MOSAIC DEBUG: justoneday 2012 287 /caldera/projects/usgs/water/impd/skagone/r37.0_tile0
16:31:27 ET_MOSAIC DEBUG: justoneday 2012 288 /caldera/projects/usgs/water/impd/skagone/r37.0_tile0
16:33:59 ET_MOSAIC DEBUG: justoneday 2012 289 /caldera/projects/usgs/water/impd/skagone/r37.0_tile0
16:35:52 ET_MOSAIC DEBUG: justoneday 2012 290 /caldera/projects/usgs/water/impd/skagone/r37.0_tile0
16:37:52 ET_MOSAIC DEBUG: justoneday 2012 291 /caldera/projects/usgs/water/impd/skagone/r37.0_tile0
16:40:29 ET_MOSAIC DEBUG: justoneday 2012 292 /caldera/projects/usgs/water/impd/skagone/r37.0_tile0
16:42:48 ET_MOSAIC DEBUG: justoneday 2012 293 /caldera/projects/usgs/water/impd/skagone/r37.0_tile0
16:44:41 ET_MOSAIC DEBUG: justoneday 2012 294 /caldera/projects/usgs/water/impd/skagone/r37.0_tile0
16:46:35 ET_MOSAIC DEBUG: justoneday 2012 295 /caldera/projects/usgs/water/impd/skagone/r37.0_tile0
16:48:27 ET_MOSAIC DEBUG: justoneday 2012 296 /caldera/projects/usgs/water/impd/skagone/r37.0_tile0
16:50:27 ET_MOSAIC DEBUG: justoneday 2012 297 /caldera/projects/usgs/water/impd/skagone/r37.0_tile0
16:52:24 ET_MOSAIC DEBUG: justoneday 2012 298 /caldera/projects/usgs/water/impd/skagone/r37.0_tile0
16:54:19 ET_MOSAIC DEBUG: justoneday 2012 299 /caldera/projects/usgs/water/impd/skagone/r37.0_tile0
16:56:26 ET_MOSAIC DEBUG: justoneday 2012 300 /caldera/projects/usgs/water/impd/skagone/r37.0_tile0
16:58:40 ET_MOSAIC DEBUG: justoneday 2012 301 /caldera/projects/usgs/water/impd/skagone/r37.0_tile0
17:01:11 ET_MOSAIC DEBUG: justoneday 2012 302 /caldera/projects/usgs/water/impd/skagone/r37.0_tile0
17:03:25 ET_MOSAIC DEBUG: justoneday 2012 303 /caldera/projects/usgs/water/impd/skagone/r37.0_tile0
17:05:23 ET_MOSAIC DEBUG: justoneday 2012 304 /caldera/projects/usgs/water/impd/skagone/r37.0_tile0
17:07:17 ET_MOSAIC DEBUG: justoneday 2012 305 /caldera/projects/usgs/water/impd/skagone/r37.0_tile0
17:09:13 ET_MOSAIC DEBUG: justoneday 2012 306 /caldera/projects/usgs/water/impd/skagone/r37.0_tile0
17:11:08 ET_MOSAIC DEBUG: justoneday 2012 307 /caldera/projects/usgs/water/impd/skagone/r37.0_tile0
17:13:05 ET_MOSAIC DEBUG: justoneday 2012 308 /caldera/projects/usgs/water/impd/skagone/r37.0_tile0
17:15:01 ET_MOSAIC DEBUG: justoneday 2012 309 /caldera/projects/usgs/water/impd/skagone/r37.0_tile0
17:16:59 ET_MOSAIC DEBUG: justoneday 2012 310 /caldera/projects/usgs/water/impd/skagone/r37.0_tile0
17:18:55 ET_MOSAIC DEBUG: justoneday 2012 311 /caldera/projects/usgs/water/impd/skagone/r37.0_tile0
17:20:51 ET_MOSAIC DEBUG: justoneday 2012 312 /caldera/projects/usgs/water/impd/skagone/r37.0_tile0
17:22:48 ET_MOSAIC DEBUG: justoneday 2012 313 /caldera/projects/usgs/water/impd/skagone/r37.0_tile0
17:24:44 ET_MOSAIC DEBUG: justoneday 2012 314 /caldera/projects/usgs/water/impd/skagone/r37.0_tile0
17:26:40 ET_MOSAIC DEBUG: justoneday 2012 315 /caldera/projects/usgs/water/impd/skagone/r37.0_tile0
17:28:37 ET_MOSAIC DEBUG: justoneday 2012 316 /caldera/projects/usgs/water/impd/skagone/r37.0_tile0
17:30:35 ET_MOSAIC DEBUG: justoneday 2012 317 /caldera/projects/usgs/water/impd/skagone/r37.0_tile0
17:32:31 ET_MOSAIC DEBUG: justoneday 2012 318 /caldera/projects/usgs/water/impd/skagone/r37.0_tile0
17:34:28 ET_MOSAIC DEBUG: justoneday 2012 319 /caldera/projects/usgs/water/impd/skagone/r37.0_tile0
17:36:25 ET_MOSAIC DEBUG: justoneday 2012 320 /caldera/projects/usgs/water/impd/skagone/r37.0_tile0
17:38:21 ET_MOSAIC DEBUG: justoneday 2012 321 /caldera/projects/usgs/water/impd/skagone/r37.0_tile0
17:40:19 ET_MOSAIC DEBUG: justoneday 2012 322 /caldera/projects/usgs/water/impd/skagone/r37.0_tile0
17:42:18 ET_MOSAIC DEBUG: justoneday 2012 323 /caldera/projects/usgs/water/impd/skagone/r37.0_tile0
17:44:16 ET_MOSAIC DEBUG: justoneday 2012 324 /caldera/projects/usgs/water/impd/skagone/r37.0_tile0
17:46:15 ET_MOSAIC DEBUG: justoneday 2012 325 /caldera/projects/usgs/water/impd/skagone/r37.0_tile0
17:48:15 ET_MOSAIC DEBUG: justoneday 2012 326 /caldera/projects/usgs/water/impd/skagone/r37.0_tile0
17:50:12 ET_MOSAIC DEBUG: justoneday 2012 327 /caldera/projects/usgs/water/impd/skagone/r37.0_tile0
17:52:09 ET_MOSAIC DEBUG: justoneday 2012 328 /caldera/projects/usgs/water/impd/skagone/r37.0_tile0
17:54:09 ET_MOSAIC DEBUG: justoneday 2012 329 /caldera/projects/usgs/water/impd/skagone/r37.0_tile0
17:56:11 ET_MOSAIC DEBUG: justoneday 2012 330 /caldera/projects/usgs/water/impd/skagone/r37.0_tile0
17:58:16 ET_MOSAIC DEBUG: justoneday 2012 331 /caldera/projects/usgs/water/impd/skagone/r37.0_tile0
18:00:17 ET_MOSAIC DEBUG: justoneday 2012 332 /caldera/projects/usgs/water/impd/skagone/r37.0_tile0
18:02:17 ET_MOSAIC DEBUG: justoneday 2012 333 /caldera/projects/usgs/water/impd/skagone/r37.0_tile0
18:04:28 ET_MOSAIC DEBUG: justoneday 2012 334 /caldera/projects/usgs/water/impd/skagone/r37.0_tile0
18:07:16 ET_MOSAIC DEBUG: justoneday 2012 335 /caldera/projects/usgs/water/impd/skagone/r37.0_tile0
18:09:24 ET_MOSAIC DEBUG: justoneday 2012 336 /caldera/projects/usgs/water/impd/skagone/r37.0_tile0
18:11:25 ET_MOSAIC DEBUG: justoneday 2012 337 /caldera/projects/usgs/water/impd/skagone/r37.0_tile0
18:13:25 ET_MOSAIC DEBUG: justoneday 2012 338 /caldera/projects/usgs/water/impd/skagone/r37.0_tile0
18:15:27 ET_MOSAIC DEBUG: justoneday 2012 339 /caldera/projects/usgs/water/impd/skagone/r37.0_tile0
18:17:27 ET_MOSAIC DEBUG: justoneday 2012 340 /caldera/projects/usgs/water/impd/skagone/r37.0_tile0
18:19:28 ET_MOSAIC DEBUG: justoneday 2012 341 /caldera/projects/usgs/water/impd/skagone/r37.0_tile0
18:21:27 ET_MOSAIC DEBUG: justoneday 2012 342 /caldera/projects/usgs/water/impd/skagone/r37.0_tile0
18:23:24 ET_MOSAIC DEBUG: justoneday 2012 343 /caldera/projects/usgs/water/impd/skagone/r37.0_tile0
18:25:23 ET_MOSAIC DEBUG: justoneday 2012 344 /caldera/projects/usgs/water/impd/skagone/r37.0_tile0
18:27:20 ET_MOSAIC DEBUG: justoneday 2012 345 /caldera/projects/usgs/water/impd/skagone/r37.0_tile0
18:29:19 ET_MOSAIC DEBUG: justoneday 2012 346 /caldera/projects/usgs/water/impd/skagone/r37.0_tile0
18:31:16 ET_MOSAIC DEBUG: justoneday 2012 347 /caldera/projects/usgs/water/impd/skagone/r37.0_tile0
18:33:15 ET_MOSAIC DEBUG: justoneday 2012 348 /caldera/projects/usgs/water/impd/skagone/r37.0_tile0
18:35:13 ET_MOSAIC DEBUG: justoneday 2012 349 /caldera/projects/usgs/water/impd/skagone/r37.0_tile0
18:37:10 ET_MOSAIC DEBUG: justoneday 2012 350 /caldera/projects/usgs/water/impd/skagone/r37.0_tile0
18:39:07 ET_MOSAIC DEBUG: justoneday 2012 351 /caldera/projects/usgs/water/impd/skagone/r37.0_tile0
18:41:03 ET_MOSAIC DEBUG: justoneday 2012 352 /caldera/projects/usgs/water/impd/skagone/r37.0_tile0
18:43:00 ET_MOSAIC DEBUG: justoneday 2012 353 /caldera/projects/usgs/water/impd/skagone/r37.0_tile0
18:44:55 ET_MOSAIC DEBUG: justoneday 2012 354 /caldera/projects/usgs/water/impd/skagone/r37.0_tile0
18:46:51 ET_MOSAIC DEBUG: justoneday 2012 355 /caldera/projects/usgs/water/impd/skagone/r37.0_tile0
18:48:49 ET_MOSAIC DEBUG: justoneday 2012 356 /caldera/projects/usgs/water/impd/skagone/r37.0_tile0
18:50:47 ET_MOSAIC DEBUG: justoneday 2012 357 /caldera/projects/usgs/water/impd/skagone/r37.0_tile0
18:52:45 ET_MOSAIC DEBUG: justoneday 2012 358 /caldera/projects/usgs/water/impd/skagone/r37.0_tile0
18:54:50 ET_MOSAIC DEBUG: justoneday 2012 359 /caldera/projects/usgs/water/impd/skagone/r37.0_tile0
18:56:57 ET_MOSAIC DEBUG: justoneday 2012 360 /caldera/projects/usgs/water/impd/skagone/r37.0_tile0
18:59:08 ET_MOSAIC DEBUG: justoneday 2012 361 /caldera/projects/usgs/water/impd/skagone/r37.0_tile0
19:01:22 ET_MOSAIC DEBUG: justoneday 2012 362 /caldera/projects/usgs/water/impd/skagone/r37.0_tile0
19:03:34 ET_MOSAIC DEBUG: justoneday 2012 363 /caldera/projects/usgs/water/impd/skagone/r37.0_tile0
19:05:44 ET_MOSAIC DEBUG: justoneday 2012 364 /caldera/projects/usgs/water/impd/skagone/r37.0_tile0
19:07:54 ET_MOSAIC DEBUG: justoneday 2012 365 /caldera/projects/usgs/water/impd/skagone/r37.0_tile0
19:09:56 ET_MOSAIC DEBUG: justoneday 2012 366 /caldera/projects/usgs/water/impd/skagone/r37.0_tile0
