07:47:43 ET_MOSAIC DEBUG: this is how you call one of your functions
07:47:43 ET_MOSAIC DEBUG: hello from Conus_mosaic class
07:47:43 ET_MOSAIC DEBUG: Mosaicking ['etasw'] in /caldera/projects/usgs/water/impd/skagone and put it in /caldera/projects/usgs/water/impd/skagone/conus_mos_completed/2005 for 2005
07:47:43 ET_MOSAIC DEBUG: run_mosaic
07:47:43 ET_MOSAIC DEBUG: Mosaic this product: etasw
07:47:43 ET_MOSAIC DEBUG: /caldera/projects/usgs/water/impd/skagone/
07:47:43 ET_MOSAIC DEBUG: justoneday 2005 1 /caldera/projects/usgs/water/impd/skagone/r37.0_tile0
Warning 1: +init=epsg:XXXX syntax is deprecated. It might return a CRS with a non-EPSG compliant axis order.
07:49:18 ET_MOSAIC DEBUG: justoneday 2005 2 /caldera/projects/usgs/water/impd/skagone/r37.0_tile0
07:50:48 ET_MOSAIC DEBUG: justoneday 2005 3 /caldera/projects/usgs/water/impd/skagone/r37.0_tile0
07:52:30 ET_MOSAIC DEBUG: justoneday 2005 4 /caldera/projects/usgs/water/impd/skagone/r37.0_tile0
07:54:02 ET_MOSAIC DEBUG: justoneday 2005 5 /caldera/projects/usgs/water/impd/skagone/r37.0_tile0
07:55:44 ET_MOSAIC DEBUG: justoneday 2005 6 /caldera/projects/usgs/water/impd/skagone/r37.0_tile0
07:57:26 ET_MOSAIC DEBUG: justoneday 2005 7 /caldera/projects/usgs/water/impd/skagone/r37.0_tile0
07:59:07 ET_MOSAIC DEBUG: justoneday 2005 8 /caldera/projects/usgs/water/impd/skagone/r37.0_tile0
08:00:48 ET_MOSAIC DEBUG: justoneday 2005 9 /caldera/projects/usgs/water/impd/skagone/r37.0_tile0
08:02:29 ET_MOSAIC DEBUG: justoneday 2005 10 /caldera/projects/usgs/water/impd/skagone/r37.0_tile0
08:04:12 ET_MOSAIC DEBUG: justoneday 2005 11 /caldera/projects/usgs/water/impd/skagone/r37.0_tile0
08:05:40 ET_MOSAIC DEBUG: justoneday 2005 12 /caldera/projects/usgs/water/impd/skagone/r37.0_tile0
08:07:19 ET_MOSAIC DEBUG: justoneday 2005 13 /caldera/projects/usgs/water/impd/skagone/r37.0_tile0
08:08:58 ET_MOSAIC DEBUG: justoneday 2005 14 /caldera/projects/usgs/water/impd/skagone/r37.0_tile0
08:10:37 ET_MOSAIC DEBUG: justoneday 2005 15 /caldera/projects/usgs/water/impd/skagone/r37.0_tile0
08:12:16 ET_MOSAIC DEBUG: justoneday 2005 16 /caldera/projects/usgs/water/impd/skagone/r37.0_tile0
08:13:55 ET_MOSAIC DEBUG: justoneday 2005 17 /caldera/projects/usgs/water/impd/skagone/r37.0_tile0
08:15:22 ET_MOSAIC DEBUG: justoneday 2005 18 /caldera/projects/usgs/water/impd/skagone/r37.0_tile0
08:17:02 ET_MOSAIC DEBUG: justoneday 2005 19 /caldera/projects/usgs/water/impd/skagone/r37.0_tile0
08:18:36 ET_MOSAIC DEBUG: justoneday 2005 20 /caldera/projects/usgs/water/impd/skagone/r37.0_tile0
08:20:16 ET_MOSAIC DEBUG: justoneday 2005 21 /caldera/projects/usgs/water/impd/skagone/r37.0_tile0
08:21:47 ET_MOSAIC DEBUG: justoneday 2005 22 /caldera/projects/usgs/water/impd/skagone/r37.0_tile0
08:23:17 ET_MOSAIC DEBUG: justoneday 2005 23 /caldera/projects/usgs/water/impd/skagone/r37.0_tile0
08:24:44 ET_MOSAIC DEBUG: justoneday 2005 24 /caldera/projects/usgs/water/impd/skagone/r37.0_tile0
08:26:17 ET_MOSAIC DEBUG: justoneday 2005 25 /caldera/projects/usgs/water/impd/skagone/r37.0_tile0
08:27:45 ET_MOSAIC DEBUG: justoneday 2005 26 /caldera/projects/usgs/water/impd/skagone/r37.0_tile0
08:29:12 ET_MOSAIC DEBUG: justoneday 2005 27 /caldera/projects/usgs/water/impd/skagone/r37.0_tile0
08:30:42 ET_MOSAIC DEBUG: justoneday 2005 28 /caldera/projects/usgs/water/impd/skagone/r37.0_tile0
08:32:08 ET_MOSAIC DEBUG: justoneday 2005 29 /caldera/projects/usgs/water/impd/skagone/r37.0_tile0
08:33:35 ET_MOSAIC DEBUG: justoneday 2005 30 /caldera/projects/usgs/water/impd/skagone/r37.0_tile0
08:35:04 ET_MOSAIC DEBUG: justoneday 2005 31 /caldera/projects/usgs/water/impd/skagone/r37.0_tile0
08:36:33 ET_MOSAIC DEBUG: justoneday 2005 32 /caldera/projects/usgs/water/impd/skagone/r37.0_tile0
08:38:00 ET_MOSAIC DEBUG: justoneday 2005 33 /caldera/projects/usgs/water/impd/skagone/r37.0_tile0
08:39:26 ET_MOSAIC DEBUG: justoneday 2005 34 /caldera/projects/usgs/water/impd/skagone/r37.0_tile0
08:41:04 ET_MOSAIC DEBUG: justoneday 2005 35 /caldera/projects/usgs/water/impd/skagone/r37.0_tile0
08:42:31 ET_MOSAIC DEBUG: justoneday 2005 36 /caldera/projects/usgs/water/impd/skagone/r37.0_tile0
08:43:59 ET_MOSAIC DEBUG: justoneday 2005 37 /caldera/projects/usgs/water/impd/skagone/r37.0_tile0
08:45:27 ET_MOSAIC DEBUG: justoneday 2005 38 /caldera/projects/usgs/water/impd/skagone/r37.0_tile0
08:46:55 ET_MOSAIC DEBUG: justoneday 2005 39 /caldera/projects/usgs/water/impd/skagone/r37.0_tile0
08:48:22 ET_MOSAIC DEBUG: justoneday 2005 40 /caldera/projects/usgs/water/impd/skagone/r37.0_tile0
08:49:50 ET_MOSAIC DEBUG: justoneday 2005 41 /caldera/projects/usgs/water/impd/skagone/r37.0_tile0
08:51:16 ET_MOSAIC DEBUG: justoneday 2005 42 /caldera/projects/usgs/water/impd/skagone/r37.0_tile0
08:52:45 ET_MOSAIC DEBUG: justoneday 2005 43 /caldera/projects/usgs/water/impd/skagone/r37.0_tile0
08:54:19 ET_MOSAIC DEBUG: justoneday 2005 44 /caldera/projects/usgs/water/impd/skagone/r37.0_tile0
08:55:49 ET_MOSAIC DEBUG: justoneday 2005 45 /caldera/projects/usgs/water/impd/skagone/r37.0_tile0
08:57:32 ET_MOSAIC DEBUG: justoneday 2005 46 /caldera/projects/usgs/water/impd/skagone/r37.0_tile0
08:59:13 ET_MOSAIC DEBUG: justoneday 2005 47 /caldera/projects/usgs/water/impd/skagone/r37.0_tile0
09:00:43 ET_MOSAIC DEBUG: justoneday 2005 48 /caldera/projects/usgs/water/impd/skagone/r37.0_tile0
09:02:12 ET_MOSAIC DEBUG: justoneday 2005 49 /caldera/projects/usgs/water/impd/skagone/r37.0_tile0
09:03:53 ET_MOSAIC DEBUG: justoneday 2005 50 /caldera/projects/usgs/water/impd/skagone/r37.0_tile0
09:05:23 ET_MOSAIC DEBUG: justoneday 2005 51 /caldera/projects/usgs/water/impd/skagone/r37.0_tile0
09:07:03 ET_MOSAIC DEBUG: justoneday 2005 52 /caldera/projects/usgs/water/impd/skagone/r37.0_tile0
09:08:45 ET_MOSAIC DEBUG: justoneday 2005 53 /caldera/projects/usgs/water/impd/skagone/r37.0_tile0
09:10:15 ET_MOSAIC DEBUG: justoneday 2005 54 /caldera/projects/usgs/water/impd/skagone/r37.0_tile0
09:11:44 ET_MOSAIC DEBUG: justoneday 2005 55 /caldera/projects/usgs/water/impd/skagone/r37.0_tile0
09:13:13 ET_MOSAIC DEBUG: justoneday 2005 56 /caldera/projects/usgs/water/impd/skagone/r37.0_tile0
09:14:43 ET_MOSAIC DEBUG: justoneday 2005 57 /caldera/projects/usgs/water/impd/skagone/r37.0_tile0
09:16:23 ET_MOSAIC DEBUG: justoneday 2005 58 /caldera/projects/usgs/water/impd/skagone/r37.0_tile0
09:17:51 ET_MOSAIC DEBUG: justoneday 2005 59 /caldera/projects/usgs/water/impd/skagone/r37.0_tile0
09:19:20 ET_MOSAIC DEBUG: justoneday 2005 60 /caldera/projects/usgs/water/impd/skagone/r37.0_tile0
09:21:00 ET_MOSAIC DEBUG: justoneday 2005 61 /caldera/projects/usgs/water/impd/skagone/r37.0_tile0
09:22:28 ET_MOSAIC DEBUG: justoneday 2005 62 /caldera/projects/usgs/water/impd/skagone/r37.0_tile0
09:23:57 ET_MOSAIC DEBUG: justoneday 2005 63 /caldera/projects/usgs/water/impd/skagone/r37.0_tile0
09:25:26 ET_MOSAIC DEBUG: justoneday 2005 64 /caldera/projects/usgs/water/impd/skagone/r37.0_tile0
09:26:56 ET_MOSAIC DEBUG: justoneday 2005 65 /caldera/projects/usgs/water/impd/skagone/r37.0_tile0
09:28:35 ET_MOSAIC DEBUG: justoneday 2005 66 /caldera/projects/usgs/water/impd/skagone/r37.0_tile0
09:30:09 ET_MOSAIC DEBUG: justoneday 2005 67 /caldera/projects/usgs/water/impd/skagone/r37.0_tile0
09:31:52 ET_MOSAIC DEBUG: justoneday 2005 68 /caldera/projects/usgs/water/impd/skagone/r37.0_tile0
09:33:23 ET_MOSAIC DEBUG: justoneday 2005 69 /caldera/projects/usgs/water/impd/skagone/r37.0_tile0
09:34:56 ET_MOSAIC DEBUG: justoneday 2005 70 /caldera/projects/usgs/water/impd/skagone/r37.0_tile0
09:36:30 ET_MOSAIC DEBUG: justoneday 2005 71 /caldera/projects/usgs/water/impd/skagone/r37.0_tile0
09:38:15 ET_MOSAIC DEBUG: justoneday 2005 72 /caldera/projects/usgs/water/impd/skagone/r37.0_tile0
09:39:49 ET_MOSAIC DEBUG: justoneday 2005 73 /caldera/projects/usgs/water/impd/skagone/r37.0_tile0
09:41:22 ET_MOSAIC DEBUG: justoneday 2005 74 /caldera/projects/usgs/water/impd/skagone/r37.0_tile0
09:43:07 ET_MOSAIC DEBUG: justoneday 2005 75 /caldera/projects/usgs/water/impd/skagone/r37.0_tile0
09:44:39 ET_MOSAIC DEBUG: justoneday 2005 76 /caldera/projects/usgs/water/impd/skagone/r37.0_tile0
09:46:11 ET_MOSAIC DEBUG: justoneday 2005 77 /caldera/projects/usgs/water/impd/skagone/r37.0_tile0
09:47:42 ET_MOSAIC DEBUG: justoneday 2005 78 /caldera/projects/usgs/water/impd/skagone/r37.0_tile0
09:49:26 ET_MOSAIC DEBUG: justoneday 2005 79 /caldera/projects/usgs/water/impd/skagone/r37.0_tile0
09:51:10 ET_MOSAIC DEBUG: justoneday 2005 80 /caldera/projects/usgs/water/impd/skagone/r37.0_tile0
09:52:53 ET_MOSAIC DEBUG: justoneday 2005 81 /caldera/projects/usgs/water/impd/skagone/r37.0_tile0
09:54:37 ET_MOSAIC DEBUG: justoneday 2005 82 /caldera/projects/usgs/water/impd/skagone/r37.0_tile0
09:56:21 ET_MOSAIC DEBUG: justoneday 2005 83 /caldera/projects/usgs/water/impd/skagone/r37.0_tile0
09:58:06 ET_MOSAIC DEBUG: justoneday 2005 84 /caldera/projects/usgs/water/impd/skagone/r37.0_tile0
09:59:55 ET_MOSAIC DEBUG: justoneday 2005 85 /caldera/projects/usgs/water/impd/skagone/r37.0_tile0
10:01:40 ET_MOSAIC DEBUG: justoneday 2005 86 /caldera/projects/usgs/water/impd/skagone/r37.0_tile0
10:03:23 ET_MOSAIC DEBUG: justoneday 2005 87 /caldera/projects/usgs/water/impd/skagone/r37.0_tile0
10:04:58 ET_MOSAIC DEBUG: justoneday 2005 88 /caldera/projects/usgs/water/impd/skagone/r37.0_tile0
10:06:41 ET_MOSAIC DEBUG: justoneday 2005 89 /caldera/projects/usgs/water/impd/skagone/r37.0_tile0
10:08:25 ET_MOSAIC DEBUG: justoneday 2005 90 /caldera/projects/usgs/water/impd/skagone/r37.0_tile0
10:09:57 ET_MOSAIC DEBUG: justoneday 2005 91 /caldera/projects/usgs/water/impd/skagone/r37.0_tile0
10:11:39 ET_MOSAIC DEBUG: justoneday 2005 92 /caldera/projects/usgs/water/impd/skagone/r37.0_tile0
10:13:21 ET_MOSAIC DEBUG: justoneday 2005 93 /caldera/projects/usgs/water/impd/skagone/r37.0_tile0
10:14:59 ET_MOSAIC DEBUG: justoneday 2005 94 /caldera/projects/usgs/water/impd/skagone/r37.0_tile0
10:16:34 ET_MOSAIC DEBUG: justoneday 2005 95 /caldera/projects/usgs/water/impd/skagone/r37.0_tile0
10:18:06 ET_MOSAIC DEBUG: justoneday 2005 96 /caldera/projects/usgs/water/impd/skagone/r37.0_tile0
10:19:37 ET_MOSAIC DEBUG: justoneday 2005 97 /caldera/projects/usgs/water/impd/skagone/r37.0_tile0
10:21:09 ET_MOSAIC DEBUG: justoneday 2005 98 /caldera/projects/usgs/water/impd/skagone/r37.0_tile0
10:22:42 ET_MOSAIC DEBUG: justoneday 2005 99 /caldera/projects/usgs/water/impd/skagone/r37.0_tile0
10:24:16 ET_MOSAIC DEBUG: justoneday 2005 100 /caldera/projects/usgs/water/impd/skagone/r37.0_tile0
10:25:50 ET_MOSAIC DEBUG: justoneday 2005 101 /caldera/projects/usgs/water/impd/skagone/r37.0_tile0
10:27:23 ET_MOSAIC DEBUG: justoneday 2005 102 /caldera/projects/usgs/water/impd/skagone/r37.0_tile0
10:28:55 ET_MOSAIC DEBUG: justoneday 2005 103 /caldera/projects/usgs/water/impd/skagone/r37.0_tile0
10:30:26 ET_MOSAIC DEBUG: justoneday 2005 104 /caldera/projects/usgs/water/impd/skagone/r37.0_tile0
10:31:58 ET_MOSAIC DEBUG: justoneday 2005 105 /caldera/projects/usgs/water/impd/skagone/r37.0_tile0
10:33:30 ET_MOSAIC DEBUG: justoneday 2005 106 /caldera/projects/usgs/water/impd/skagone/r37.0_tile0
10:35:01 ET_MOSAIC DEBUG: justoneday 2005 107 /caldera/projects/usgs/water/impd/skagone/r37.0_tile0
10:36:32 ET_MOSAIC DEBUG: justoneday 2005 108 /caldera/projects/usgs/water/impd/skagone/r37.0_tile0
10:38:03 ET_MOSAIC DEBUG: justoneday 2005 109 /caldera/projects/usgs/water/impd/skagone/r37.0_tile0
10:39:42 ET_MOSAIC DEBUG: justoneday 2005 110 /caldera/projects/usgs/water/impd/skagone/r37.0_tile0
10:41:14 ET_MOSAIC DEBUG: justoneday 2005 111 /caldera/projects/usgs/water/impd/skagone/r37.0_tile0
10:42:47 ET_MOSAIC DEBUG: justoneday 2005 112 /caldera/projects/usgs/water/impd/skagone/r37.0_tile0
10:44:21 ET_MOSAIC DEBUG: justoneday 2005 113 /caldera/projects/usgs/water/impd/skagone/r37.0_tile0
10:45:54 ET_MOSAIC DEBUG: justoneday 2005 114 /caldera/projects/usgs/water/impd/skagone/r37.0_tile0
10:47:27 ET_MOSAIC DEBUG: justoneday 2005 115 /caldera/projects/usgs/water/impd/skagone/r37.0_tile0
10:49:00 ET_MOSAIC DEBUG: justoneday 2005 116 /caldera/projects/usgs/water/impd/skagone/r37.0_tile0
10:50:32 ET_MOSAIC DEBUG: justoneday 2005 117 /caldera/projects/usgs/water/impd/skagone/r37.0_tile0
10:52:04 ET_MOSAIC DEBUG: justoneday 2005 118 /caldera/projects/usgs/water/impd/skagone/r37.0_tile0
10:53:36 ET_MOSAIC DEBUG: justoneday 2005 119 /caldera/projects/usgs/water/impd/skagone/r37.0_tile0
10:55:18 ET_MOSAIC DEBUG: justoneday 2005 120 /caldera/projects/usgs/water/impd/skagone/r37.0_tile0
10:57:00 ET_MOSAIC DEBUG: justoneday 2005 121 /caldera/projects/usgs/water/impd/skagone/r37.0_tile0
10:58:31 ET_MOSAIC DEBUG: justoneday 2005 122 /caldera/projects/usgs/water/impd/skagone/r37.0_tile0
11:00:14 ET_MOSAIC DEBUG: justoneday 2005 123 /caldera/projects/usgs/water/impd/skagone/r37.0_tile0
11:01:43 ET_MOSAIC DEBUG: justoneday 2005 124 /caldera/projects/usgs/water/impd/skagone/r37.0_tile0
11:03:24 ET_MOSAIC DEBUG: justoneday 2005 125 /caldera/projects/usgs/water/impd/skagone/r37.0_tile0
11:05:07 ET_MOSAIC DEBUG: justoneday 2005 126 /caldera/projects/usgs/water/impd/skagone/r37.0_tile0
11:06:42 ET_MOSAIC DEBUG: justoneday 2005 127 /caldera/projects/usgs/water/impd/skagone/r37.0_tile0
11:08:17 ET_MOSAIC DEBUG: justoneday 2005 128 /caldera/projects/usgs/water/impd/skagone/r37.0_tile0
11:09:46 ET_MOSAIC DEBUG: justoneday 2005 129 /caldera/projects/usgs/water/impd/skagone/r37.0_tile0
11:11:16 ET_MOSAIC DEBUG: justoneday 2005 130 /caldera/projects/usgs/water/impd/skagone/r37.0_tile0
11:12:46 ET_MOSAIC DEBUG: justoneday 2005 131 /caldera/projects/usgs/water/impd/skagone/r37.0_tile0
11:14:15 ET_MOSAIC DEBUG: justoneday 2005 132 /caldera/projects/usgs/water/impd/skagone/r37.0_tile0
11:15:55 ET_MOSAIC DEBUG: justoneday 2005 133 /caldera/projects/usgs/water/impd/skagone/r37.0_tile0
11:17:36 ET_MOSAIC DEBUG: justoneday 2005 134 /caldera/projects/usgs/water/impd/skagone/r37.0_tile0
11:19:17 ET_MOSAIC DEBUG: justoneday 2005 135 /caldera/projects/usgs/water/impd/skagone/r37.0_tile0
11:20:55 ET_MOSAIC DEBUG: justoneday 2005 136 /caldera/projects/usgs/water/impd/skagone/r37.0_tile0
11:22:25 ET_MOSAIC DEBUG: justoneday 2005 137 /caldera/projects/usgs/water/impd/skagone/r37.0_tile0
11:24:03 ET_MOSAIC DEBUG: justoneday 2005 138 /caldera/projects/usgs/water/impd/skagone/r37.0_tile0
11:25:36 ET_MOSAIC DEBUG: justoneday 2005 139 /caldera/projects/usgs/water/impd/skagone/r37.0_tile0
11:27:08 ET_MOSAIC DEBUG: justoneday 2005 140 /caldera/projects/usgs/water/impd/skagone/r37.0_tile0
11:28:46 ET_MOSAIC DEBUG: justoneday 2005 141 /caldera/projects/usgs/water/impd/skagone/r37.0_tile0
11:30:17 ET_MOSAIC DEBUG: justoneday 2005 142 /caldera/projects/usgs/water/impd/skagone/r37.0_tile0
11:31:47 ET_MOSAIC DEBUG: justoneday 2005 143 /caldera/projects/usgs/water/impd/skagone/r37.0_tile0
11:33:17 ET_MOSAIC DEBUG: justoneday 2005 144 /caldera/projects/usgs/water/impd/skagone/r37.0_tile0
11:34:46 ET_MOSAIC DEBUG: justoneday 2005 145 /caldera/projects/usgs/water/impd/skagone/r37.0_tile0
11:36:14 ET_MOSAIC DEBUG: justoneday 2005 146 /caldera/projects/usgs/water/impd/skagone/r37.0_tile0
11:37:41 ET_MOSAIC DEBUG: justoneday 2005 147 /caldera/projects/usgs/water/impd/skagone/r37.0_tile0
11:39:10 ET_MOSAIC DEBUG: justoneday 2005 148 /caldera/projects/usgs/water/impd/skagone/r37.0_tile0
11:40:44 ET_MOSAIC DEBUG: justoneday 2005 149 /caldera/projects/usgs/water/impd/skagone/r37.0_tile0
11:42:13 ET_MOSAIC DEBUG: justoneday 2005 150 /caldera/projects/usgs/water/impd/skagone/r37.0_tile0
11:43:41 ET_MOSAIC DEBUG: justoneday 2005 151 /caldera/projects/usgs/water/impd/skagone/r37.0_tile0
11:45:10 ET_MOSAIC DEBUG: justoneday 2005 152 /caldera/projects/usgs/water/impd/skagone/r37.0_tile0
11:46:39 ET_MOSAIC DEBUG: justoneday 2005 153 /caldera/projects/usgs/water/impd/skagone/r37.0_tile0
11:48:07 ET_MOSAIC DEBUG: justoneday 2005 154 /caldera/projects/usgs/water/impd/skagone/r37.0_tile0
11:49:35 ET_MOSAIC DEBUG: justoneday 2005 155 /caldera/projects/usgs/water/impd/skagone/r37.0_tile0
11:51:04 ET_MOSAIC DEBUG: justoneday 2005 156 /caldera/projects/usgs/water/impd/skagone/r37.0_tile0
11:52:32 ET_MOSAIC DEBUG: justoneday 2005 157 /caldera/projects/usgs/water/impd/skagone/r37.0_tile0
11:54:00 ET_MOSAIC DEBUG: justoneday 2005 158 /caldera/projects/usgs/water/impd/skagone/r37.0_tile0
11:55:28 ET_MOSAIC DEBUG: justoneday 2005 159 /caldera/projects/usgs/water/impd/skagone/r37.0_tile0
11:56:57 ET_MOSAIC DEBUG: justoneday 2005 160 /caldera/projects/usgs/water/impd/skagone/r37.0_tile0
11:58:26 ET_MOSAIC DEBUG: justoneday 2005 161 /caldera/projects/usgs/water/impd/skagone/r37.0_tile0
11:59:56 ET_MOSAIC DEBUG: justoneday 2005 162 /caldera/projects/usgs/water/impd/skagone/r37.0_tile0
12:01:25 ET_MOSAIC DEBUG: justoneday 2005 163 /caldera/projects/usgs/water/impd/skagone/r37.0_tile0
12:02:54 ET_MOSAIC DEBUG: justoneday 2005 164 /caldera/projects/usgs/water/impd/skagone/r37.0_tile0
12:04:35 ET_MOSAIC DEBUG: justoneday 2005 165 /caldera/projects/usgs/water/impd/skagone/r37.0_tile0
12:06:04 ET_MOSAIC DEBUG: justoneday 2005 166 /caldera/projects/usgs/water/impd/skagone/r37.0_tile0
12:07:34 ET_MOSAIC DEBUG: justoneday 2005 167 /caldera/projects/usgs/water/impd/skagone/r37.0_tile0
12:09:15 ET_MOSAIC DEBUG: justoneday 2005 168 /caldera/projects/usgs/water/impd/skagone/r37.0_tile0
12:10:45 ET_MOSAIC DEBUG: justoneday 2005 169 /caldera/projects/usgs/water/impd/skagone/r37.0_tile0
12:12:16 ET_MOSAIC DEBUG: justoneday 2005 170 /caldera/projects/usgs/water/impd/skagone/r37.0_tile0
12:13:48 ET_MOSAIC DEBUG: justoneday 2005 171 /caldera/projects/usgs/water/impd/skagone/r37.0_tile0
12:15:19 ET_MOSAIC DEBUG: justoneday 2005 172 /caldera/projects/usgs/water/impd/skagone/r37.0_tile0
12:16:59 ET_MOSAIC DEBUG: justoneday 2005 173 /caldera/projects/usgs/water/impd/skagone/r37.0_tile0
12:18:31 ET_MOSAIC DEBUG: justoneday 2005 174 /caldera/projects/usgs/water/impd/skagone/r37.0_tile0
12:20:03 ET_MOSAIC DEBUG: justoneday 2005 175 /caldera/projects/usgs/water/impd/skagone/r37.0_tile0
12:21:34 ET_MOSAIC DEBUG: justoneday 2005 176 /caldera/projects/usgs/water/impd/skagone/r37.0_tile0
12:23:06 ET_MOSAIC DEBUG: justoneday 2005 177 /caldera/projects/usgs/water/impd/skagone/r37.0_tile0
12:24:37 ET_MOSAIC DEBUG: justoneday 2005 178 /caldera/projects/usgs/water/impd/skagone/r37.0_tile0
12:26:09 ET_MOSAIC DEBUG: justoneday 2005 179 /caldera/projects/usgs/water/impd/skagone/r37.0_tile0
12:27:40 ET_MOSAIC DEBUG: justoneday 2005 180 /caldera/projects/usgs/water/impd/skagone/r37.0_tile0
12:29:11 ET_MOSAIC DEBUG: justoneday 2005 181 /caldera/projects/usgs/water/impd/skagone/r37.0_tile0
12:30:43 ET_MOSAIC DEBUG: justoneday 2005 182 /caldera/projects/usgs/water/impd/skagone/r37.0_tile0
12:32:15 ET_MOSAIC DEBUG: justoneday 2005 183 /caldera/projects/usgs/water/impd/skagone/r37.0_tile0
12:33:46 ET_MOSAIC DEBUG: justoneday 2005 184 /caldera/projects/usgs/water/impd/skagone/r37.0_tile0
12:35:17 ET_MOSAIC DEBUG: justoneday 2005 185 /caldera/projects/usgs/water/impd/skagone/r37.0_tile0
12:36:48 ET_MOSAIC DEBUG: justoneday 2005 186 /caldera/projects/usgs/water/impd/skagone/r37.0_tile0
12:38:20 ET_MOSAIC DEBUG: justoneday 2005 187 /caldera/projects/usgs/water/impd/skagone/r37.0_tile0
12:39:51 ET_MOSAIC DEBUG: justoneday 2005 188 /caldera/projects/usgs/water/impd/skagone/r37.0_tile0
12:41:22 ET_MOSAIC DEBUG: justoneday 2005 189 /caldera/projects/usgs/water/impd/skagone/r37.0_tile0
12:42:53 ET_MOSAIC DEBUG: justoneday 2005 190 /caldera/projects/usgs/water/impd/skagone/r37.0_tile0
12:44:26 ET_MOSAIC DEBUG: justoneday 2005 191 /caldera/projects/usgs/water/impd/skagone/r37.0_tile0
12:45:57 ET_MOSAIC DEBUG: justoneday 2005 192 /caldera/projects/usgs/water/impd/skagone/r37.0_tile0
12:47:31 ET_MOSAIC DEBUG: justoneday 2005 193 /caldera/projects/usgs/water/impd/skagone/r37.0_tile0
12:49:10 ET_MOSAIC DEBUG: justoneday 2005 194 /caldera/projects/usgs/water/impd/skagone/r37.0_tile0
12:50:43 ET_MOSAIC DEBUG: justoneday 2005 195 /caldera/projects/usgs/water/impd/skagone/r37.0_tile0
12:52:14 ET_MOSAIC DEBUG: justoneday 2005 196 /caldera/projects/usgs/water/impd/skagone/r37.0_tile0
12:53:46 ET_MOSAIC DEBUG: justoneday 2005 197 /caldera/projects/usgs/water/impd/skagone/r37.0_tile0
12:55:17 ET_MOSAIC DEBUG: justoneday 2005 198 /caldera/projects/usgs/water/impd/skagone/r37.0_tile0
12:56:49 ET_MOSAIC DEBUG: justoneday 2005 199 /caldera/projects/usgs/water/impd/skagone/r37.0_tile0
12:58:19 ET_MOSAIC DEBUG: justoneday 2005 200 /caldera/projects/usgs/water/impd/skagone/r37.0_tile0
12:59:51 ET_MOSAIC DEBUG: justoneday 2005 201 /caldera/projects/usgs/water/impd/skagone/r37.0_tile0
13:01:22 ET_MOSAIC DEBUG: justoneday 2005 202 /caldera/projects/usgs/water/impd/skagone/r37.0_tile0
13:02:53 ET_MOSAIC DEBUG: justoneday 2005 203 /caldera/projects/usgs/water/impd/skagone/r37.0_tile0
13:04:24 ET_MOSAIC DEBUG: justoneday 2005 204 /caldera/projects/usgs/water/impd/skagone/r37.0_tile0
13:05:56 ET_MOSAIC DEBUG: justoneday 2005 205 /caldera/projects/usgs/water/impd/skagone/r37.0_tile0
13:07:27 ET_MOSAIC DEBUG: justoneday 2005 206 /caldera/projects/usgs/water/impd/skagone/r37.0_tile0
13:09:00 ET_MOSAIC DEBUG: justoneday 2005 207 /caldera/projects/usgs/water/impd/skagone/r37.0_tile0
13:10:30 ET_MOSAIC DEBUG: justoneday 2005 208 /caldera/projects/usgs/water/impd/skagone/r37.0_tile0
13:12:02 ET_MOSAIC DEBUG: justoneday 2005 209 /caldera/projects/usgs/water/impd/skagone/r37.0_tile0
13:13:34 ET_MOSAIC DEBUG: justoneday 2005 210 /caldera/projects/usgs/water/impd/skagone/r37.0_tile0
13:15:06 ET_MOSAIC DEBUG: justoneday 2005 211 /caldera/projects/usgs/water/impd/skagone/r37.0_tile0
13:16:38 ET_MOSAIC DEBUG: justoneday 2005 212 /caldera/projects/usgs/water/impd/skagone/r37.0_tile0
13:18:13 ET_MOSAIC DEBUG: justoneday 2005 213 /caldera/projects/usgs/water/impd/skagone/r37.0_tile0
13:19:50 ET_MOSAIC DEBUG: justoneday 2005 214 /caldera/projects/usgs/water/impd/skagone/r37.0_tile0
13:21:21 ET_MOSAIC DEBUG: justoneday 2005 215 /caldera/projects/usgs/water/impd/skagone/r37.0_tile0
13:22:52 ET_MOSAIC DEBUG: justoneday 2005 216 /caldera/projects/usgs/water/impd/skagone/r37.0_tile0
13:24:22 ET_MOSAIC DEBUG: justoneday 2005 217 /caldera/projects/usgs/water/impd/skagone/r37.0_tile0
13:25:54 ET_MOSAIC DEBUG: justoneday 2005 218 /caldera/projects/usgs/water/impd/skagone/r37.0_tile0
13:27:25 ET_MOSAIC DEBUG: justoneday 2005 219 /caldera/projects/usgs/water/impd/skagone/r37.0_tile0
13:29:03 ET_MOSAIC DEBUG: justoneday 2005 220 /caldera/projects/usgs/water/impd/skagone/r37.0_tile0
13:30:35 ET_MOSAIC DEBUG: justoneday 2005 221 /caldera/projects/usgs/water/impd/skagone/r37.0_tile0
13:32:06 ET_MOSAIC DEBUG: justoneday 2005 222 /caldera/projects/usgs/water/impd/skagone/r37.0_tile0
13:33:37 ET_MOSAIC DEBUG: justoneday 2005 223 /caldera/projects/usgs/water/impd/skagone/r37.0_tile0
13:35:09 ET_MOSAIC DEBUG: justoneday 2005 224 /caldera/projects/usgs/water/impd/skagone/r37.0_tile0
13:36:42 ET_MOSAIC DEBUG: justoneday 2005 225 /caldera/projects/usgs/water/impd/skagone/r37.0_tile0
13:38:13 ET_MOSAIC DEBUG: justoneday 2005 226 /caldera/projects/usgs/water/impd/skagone/r37.0_tile0
13:39:44 ET_MOSAIC DEBUG: justoneday 2005 227 /caldera/projects/usgs/water/impd/skagone/r37.0_tile0
13:41:26 ET_MOSAIC DEBUG: justoneday 2005 228 /caldera/projects/usgs/water/impd/skagone/r37.0_tile0
13:43:05 ET_MOSAIC DEBUG: justoneday 2005 229 /caldera/projects/usgs/water/impd/skagone/r37.0_tile0
13:44:36 ET_MOSAIC DEBUG: justoneday 2005 230 /caldera/projects/usgs/water/impd/skagone/r37.0_tile0
13:46:07 ET_MOSAIC DEBUG: justoneday 2005 231 /caldera/projects/usgs/water/impd/skagone/r37.0_tile0
13:47:38 ET_MOSAIC DEBUG: justoneday 2005 232 /caldera/projects/usgs/water/impd/skagone/r37.0_tile0
13:49:10 ET_MOSAIC DEBUG: justoneday 2005 233 /caldera/projects/usgs/water/impd/skagone/r37.0_tile0
13:50:42 ET_MOSAIC DEBUG: justoneday 2005 234 /caldera/projects/usgs/water/impd/skagone/r37.0_tile0
13:52:14 ET_MOSAIC DEBUG: justoneday 2005 235 /caldera/projects/usgs/water/impd/skagone/r37.0_tile0
13:53:45 ET_MOSAIC DEBUG: justoneday 2005 236 /caldera/projects/usgs/water/impd/skagone/r37.0_tile0
13:55:16 ET_MOSAIC DEBUG: justoneday 2005 237 /caldera/projects/usgs/water/impd/skagone/r37.0_tile0
13:56:48 ET_MOSAIC DEBUG: justoneday 2005 238 /caldera/projects/usgs/water/impd/skagone/r37.0_tile0
13:58:20 ET_MOSAIC DEBUG: justoneday 2005 239 /caldera/projects/usgs/water/impd/skagone/r37.0_tile0
13:59:52 ET_MOSAIC DEBUG: justoneday 2005 240 /caldera/projects/usgs/water/impd/skagone/r37.0_tile0
14:01:24 ET_MOSAIC DEBUG: justoneday 2005 241 /caldera/projects/usgs/water/impd/skagone/r37.0_tile0
14:02:56 ET_MOSAIC DEBUG: justoneday 2005 242 /caldera/projects/usgs/water/impd/skagone/r37.0_tile0
14:04:28 ET_MOSAIC DEBUG: justoneday 2005 243 /caldera/projects/usgs/water/impd/skagone/r37.0_tile0
14:06:00 ET_MOSAIC DEBUG: justoneday 2005 244 /caldera/projects/usgs/water/impd/skagone/r37.0_tile0
14:07:32 ET_MOSAIC DEBUG: justoneday 2005 245 /caldera/projects/usgs/water/impd/skagone/r37.0_tile0
14:09:07 ET_MOSAIC DEBUG: justoneday 2005 246 /caldera/projects/usgs/water/impd/skagone/r37.0_tile0
14:10:39 ET_MOSAIC DEBUG: justoneday 2005 247 /caldera/projects/usgs/water/impd/skagone/r37.0_tile0
14:12:11 ET_MOSAIC DEBUG: justoneday 2005 248 /caldera/projects/usgs/water/impd/skagone/r37.0_tile0
14:13:43 ET_MOSAIC DEBUG: justoneday 2005 249 /caldera/projects/usgs/water/impd/skagone/r37.0_tile0
14:15:15 ET_MOSAIC DEBUG: justoneday 2005 250 /caldera/projects/usgs/water/impd/skagone/r37.0_tile0
14:16:47 ET_MOSAIC DEBUG: justoneday 2005 251 /caldera/projects/usgs/water/impd/skagone/r37.0_tile0
14:18:18 ET_MOSAIC DEBUG: justoneday 2005 252 /caldera/projects/usgs/water/impd/skagone/r37.0_tile0
14:19:50 ET_MOSAIC DEBUG: justoneday 2005 253 /caldera/projects/usgs/water/impd/skagone/r37.0_tile0
14:21:22 ET_MOSAIC DEBUG: justoneday 2005 254 /caldera/projects/usgs/water/impd/skagone/r37.0_tile0
14:22:53 ET_MOSAIC DEBUG: justoneday 2005 255 /caldera/projects/usgs/water/impd/skagone/r37.0_tile0
14:24:25 ET_MOSAIC DEBUG: justoneday 2005 256 /caldera/projects/usgs/water/impd/skagone/r37.0_tile0
14:25:58 ET_MOSAIC DEBUG: justoneday 2005 257 /caldera/projects/usgs/water/impd/skagone/r37.0_tile0
14:27:29 ET_MOSAIC DEBUG: justoneday 2005 258 /caldera/projects/usgs/water/impd/skagone/r37.0_tile0
14:29:00 ET_MOSAIC DEBUG: justoneday 2005 259 /caldera/projects/usgs/water/impd/skagone/r37.0_tile0
14:30:32 ET_MOSAIC DEBUG: justoneday 2005 260 /caldera/projects/usgs/water/impd/skagone/r37.0_tile0
14:32:03 ET_MOSAIC DEBUG: justoneday 2005 261 /caldera/projects/usgs/water/impd/skagone/r37.0_tile0
14:33:46 ET_MOSAIC DEBUG: justoneday 2005 262 /caldera/projects/usgs/water/impd/skagone/r37.0_tile0
14:35:17 ET_MOSAIC DEBUG: justoneday 2005 263 /caldera/projects/usgs/water/impd/skagone/r37.0_tile0
14:36:48 ET_MOSAIC DEBUG: justoneday 2005 264 /caldera/projects/usgs/water/impd/skagone/r37.0_tile0
14:38:19 ET_MOSAIC DEBUG: justoneday 2005 265 /caldera/projects/usgs/water/impd/skagone/r37.0_tile0
14:39:50 ET_MOSAIC DEBUG: justoneday 2005 266 /caldera/projects/usgs/water/impd/skagone/r37.0_tile0
14:41:22 ET_MOSAIC DEBUG: justoneday 2005 267 /caldera/projects/usgs/water/impd/skagone/r37.0_tile0
14:42:53 ET_MOSAIC DEBUG: justoneday 2005 268 /caldera/projects/usgs/water/impd/skagone/r37.0_tile0
14:44:25 ET_MOSAIC DEBUG: justoneday 2005 269 /caldera/projects/usgs/water/impd/skagone/r37.0_tile0
14:45:56 ET_MOSAIC DEBUG: justoneday 2005 270 /caldera/projects/usgs/water/impd/skagone/r37.0_tile0
14:47:27 ET_MOSAIC DEBUG: justoneday 2005 271 /caldera/projects/usgs/water/impd/skagone/r37.0_tile0
14:48:59 ET_MOSAIC DEBUG: justoneday 2005 272 /caldera/projects/usgs/water/impd/skagone/r37.0_tile0
14:50:31 ET_MOSAIC DEBUG: justoneday 2005 273 /caldera/projects/usgs/water/impd/skagone/r37.0_tile0
14:52:04 ET_MOSAIC DEBUG: justoneday 2005 274 /caldera/projects/usgs/water/impd/skagone/r37.0_tile0
14:53:44 ET_MOSAIC DEBUG: justoneday 2005 275 /caldera/projects/usgs/water/impd/skagone/r37.0_tile0
14:55:17 ET_MOSAIC DEBUG: justoneday 2005 276 /caldera/projects/usgs/water/impd/skagone/r37.0_tile0
14:56:51 ET_MOSAIC DEBUG: justoneday 2005 277 /caldera/projects/usgs/water/impd/skagone/r37.0_tile0
14:58:25 ET_MOSAIC DEBUG: justoneday 2005 278 /caldera/projects/usgs/water/impd/skagone/r37.0_tile0
14:59:57 ET_MOSAIC DEBUG: justoneday 2005 279 /caldera/projects/usgs/water/impd/skagone/r37.0_tile0
15:01:30 ET_MOSAIC DEBUG: justoneday 2005 280 /caldera/projects/usgs/water/impd/skagone/r37.0_tile0
15:03:03 ET_MOSAIC DEBUG: justoneday 2005 281 /caldera/projects/usgs/water/impd/skagone/r37.0_tile0
15:04:34 ET_MOSAIC DEBUG: justoneday 2005 282 /caldera/projects/usgs/water/impd/skagone/r37.0_tile0
15:06:07 ET_MOSAIC DEBUG: justoneday 2005 283 /caldera/projects/usgs/water/impd/skagone/r37.0_tile0
15:07:39 ET_MOSAIC DEBUG: justoneday 2005 284 /caldera/projects/usgs/water/impd/skagone/r37.0_tile0
15:09:12 ET_MOSAIC DEBUG: justoneday 2005 285 /caldera/projects/usgs/water/impd/skagone/r37.0_tile0
15:10:44 ET_MOSAIC DEBUG: justoneday 2005 286 /caldera/projects/usgs/water/impd/skagone/r37.0_tile0
15:12:17 ET_MOSAIC DEBUG: justoneday 2005 287 /caldera/projects/usgs/water/impd/skagone/r37.0_tile0
15:13:49 ET_MOSAIC DEBUG: justoneday 2005 288 /caldera/projects/usgs/water/impd/skagone/r37.0_tile0
15:15:33 ET_MOSAIC DEBUG: justoneday 2005 289 /caldera/projects/usgs/water/impd/skagone/r37.0_tile0
15:17:05 ET_MOSAIC DEBUG: justoneday 2005 290 /caldera/projects/usgs/water/impd/skagone/r37.0_tile0
15:18:36 ET_MOSAIC DEBUG: justoneday 2005 291 /caldera/projects/usgs/water/impd/skagone/r37.0_tile0
15:20:08 ET_MOSAIC DEBUG: justoneday 2005 292 /caldera/projects/usgs/water/impd/skagone/r37.0_tile0
15:21:38 ET_MOSAIC DEBUG: justoneday 2005 293 /caldera/projects/usgs/water/impd/skagone/r37.0_tile0
15:23:09 ET_MOSAIC DEBUG: justoneday 2005 294 /caldera/projects/usgs/water/impd/skagone/r37.0_tile0
15:24:40 ET_MOSAIC DEBUG: justoneday 2005 295 /caldera/projects/usgs/water/impd/skagone/r37.0_tile0
15:26:23 ET_MOSAIC DEBUG: justoneday 2005 296 /caldera/projects/usgs/water/impd/skagone/r37.0_tile0
15:27:53 ET_MOSAIC DEBUG: justoneday 2005 297 /caldera/projects/usgs/water/impd/skagone/r37.0_tile0
15:29:25 ET_MOSAIC DEBUG: justoneday 2005 298 /caldera/projects/usgs/water/impd/skagone/r37.0_tile0
15:30:59 ET_MOSAIC DEBUG: justoneday 2005 299 /caldera/projects/usgs/water/impd/skagone/r37.0_tile0
15:32:29 ET_MOSAIC DEBUG: justoneday 2005 300 /caldera/projects/usgs/water/impd/skagone/r37.0_tile0
15:34:00 ET_MOSAIC DEBUG: justoneday 2005 301 /caldera/projects/usgs/water/impd/skagone/r37.0_tile0
15:35:32 ET_MOSAIC DEBUG: justoneday 2005 302 /caldera/projects/usgs/water/impd/skagone/r37.0_tile0
15:37:03 ET_MOSAIC DEBUG: justoneday 2005 303 /caldera/projects/usgs/water/impd/skagone/r37.0_tile0
15:38:35 ET_MOSAIC DEBUG: justoneday 2005 304 /caldera/projects/usgs/water/impd/skagone/r37.0_tile0
15:40:06 ET_MOSAIC DEBUG: justoneday 2005 305 /caldera/projects/usgs/water/impd/skagone/r37.0_tile0
15:41:49 ET_MOSAIC DEBUG: justoneday 2005 306 /caldera/projects/usgs/water/impd/skagone/r37.0_tile0
15:43:22 ET_MOSAIC DEBUG: justoneday 2005 307 /caldera/projects/usgs/water/impd/skagone/r37.0_tile0
15:44:55 ET_MOSAIC DEBUG: justoneday 2005 308 /caldera/projects/usgs/water/impd/skagone/r37.0_tile0
15:46:30 ET_MOSAIC DEBUG: justoneday 2005 309 /caldera/projects/usgs/water/impd/skagone/r37.0_tile0
15:48:03 ET_MOSAIC DEBUG: justoneday 2005 310 /caldera/projects/usgs/water/impd/skagone/r37.0_tile0
15:49:38 ET_MOSAIC DEBUG: justoneday 2005 311 /caldera/projects/usgs/water/impd/skagone/r37.0_tile0
15:51:12 ET_MOSAIC DEBUG: justoneday 2005 312 /caldera/projects/usgs/water/impd/skagone/r37.0_tile0
15:52:47 ET_MOSAIC DEBUG: justoneday 2005 313 /caldera/projects/usgs/water/impd/skagone/r37.0_tile0
15:54:20 ET_MOSAIC DEBUG: justoneday 2005 314 /caldera/projects/usgs/water/impd/skagone/r37.0_tile0
15:55:54 ET_MOSAIC DEBUG: justoneday 2005 315 /caldera/projects/usgs/water/impd/skagone/r37.0_tile0
15:57:28 ET_MOSAIC DEBUG: justoneday 2005 316 /caldera/projects/usgs/water/impd/skagone/r37.0_tile0
15:59:01 ET_MOSAIC DEBUG: justoneday 2005 317 /caldera/projects/usgs/water/impd/skagone/r37.0_tile0
16:00:34 ET_MOSAIC DEBUG: justoneday 2005 318 /caldera/projects/usgs/water/impd/skagone/r37.0_tile0
16:02:08 ET_MOSAIC DEBUG: justoneday 2005 319 /caldera/projects/usgs/water/impd/skagone/r37.0_tile0
16:03:41 ET_MOSAIC DEBUG: justoneday 2005 320 /caldera/projects/usgs/water/impd/skagone/r37.0_tile0
16:05:14 ET_MOSAIC DEBUG: justoneday 2005 321 /caldera/projects/usgs/water/impd/skagone/r37.0_tile0
16:06:48 ET_MOSAIC DEBUG: justoneday 2005 322 /caldera/projects/usgs/water/impd/skagone/r37.0_tile0
16:08:21 ET_MOSAIC DEBUG: justoneday 2005 323 /caldera/projects/usgs/water/impd/skagone/r37.0_tile0
16:09:54 ET_MOSAIC DEBUG: justoneday 2005 324 /caldera/projects/usgs/water/impd/skagone/r37.0_tile0
16:11:28 ET_MOSAIC DEBUG: justoneday 2005 325 /caldera/projects/usgs/water/impd/skagone/r37.0_tile0
16:13:01 ET_MOSAIC DEBUG: justoneday 2005 326 /caldera/projects/usgs/water/impd/skagone/r37.0_tile0
16:14:41 ET_MOSAIC DEBUG: justoneday 2005 327 /caldera/projects/usgs/water/impd/skagone/r37.0_tile0
16:16:22 ET_MOSAIC DEBUG: justoneday 2005 328 /caldera/projects/usgs/water/impd/skagone/r37.0_tile0
16:18:03 ET_MOSAIC DEBUG: justoneday 2005 329 /caldera/projects/usgs/water/impd/skagone/r37.0_tile0
16:19:44 ET_MOSAIC DEBUG: justoneday 2005 330 /caldera/projects/usgs/water/impd/skagone/r37.0_tile0
16:21:23 ET_MOSAIC DEBUG: justoneday 2005 331 /caldera/projects/usgs/water/impd/skagone/r37.0_tile0
16:23:03 ET_MOSAIC DEBUG: justoneday 2005 332 /caldera/projects/usgs/water/impd/skagone/r37.0_tile0
16:24:42 ET_MOSAIC DEBUG: justoneday 2005 333 /caldera/projects/usgs/water/impd/skagone/r37.0_tile0
16:26:25 ET_MOSAIC DEBUG: justoneday 2005 334 /caldera/projects/usgs/water/impd/skagone/r37.0_tile0
16:28:01 ET_MOSAIC DEBUG: justoneday 2005 335 /caldera/projects/usgs/water/impd/skagone/r37.0_tile0
16:29:37 ET_MOSAIC DEBUG: justoneday 2005 336 /caldera/projects/usgs/water/impd/skagone/r37.0_tile0
16:31:11 ET_MOSAIC DEBUG: justoneday 2005 337 /caldera/projects/usgs/water/impd/skagone/r37.0_tile0
16:32:44 ET_MOSAIC DEBUG: justoneday 2005 338 /caldera/projects/usgs/water/impd/skagone/r37.0_tile0
16:34:18 ET_MOSAIC DEBUG: justoneday 2005 339 /caldera/projects/usgs/water/impd/skagone/r37.0_tile0
16:35:52 ET_MOSAIC DEBUG: justoneday 2005 340 /caldera/projects/usgs/water/impd/skagone/r37.0_tile0
16:37:25 ET_MOSAIC DEBUG: justoneday 2005 341 /caldera/projects/usgs/water/impd/skagone/r37.0_tile0
16:39:00 ET_MOSAIC DEBUG: justoneday 2005 342 /caldera/projects/usgs/water/impd/skagone/r37.0_tile0
16:40:34 ET_MOSAIC DEBUG: justoneday 2005 343 /caldera/projects/usgs/water/impd/skagone/r37.0_tile0
16:42:07 ET_MOSAIC DEBUG: justoneday 2005 344 /caldera/projects/usgs/water/impd/skagone/r37.0_tile0
16:43:40 ET_MOSAIC DEBUG: justoneday 2005 345 /caldera/projects/usgs/water/impd/skagone/r37.0_tile0
16:45:12 ET_MOSAIC DEBUG: justoneday 2005 346 /caldera/projects/usgs/water/impd/skagone/r37.0_tile0
16:46:45 ET_MOSAIC DEBUG: justoneday 2005 347 /caldera/projects/usgs/water/impd/skagone/r37.0_tile0
16:48:18 ET_MOSAIC DEBUG: justoneday 2005 348 /caldera/projects/usgs/water/impd/skagone/r37.0_tile0
16:49:52 ET_MOSAIC DEBUG: justoneday 2005 349 /caldera/projects/usgs/water/impd/skagone/r37.0_tile0
16:51:27 ET_MOSAIC DEBUG: justoneday 2005 350 /caldera/projects/usgs/water/impd/skagone/r37.0_tile0
16:53:02 ET_MOSAIC DEBUG: justoneday 2005 351 /caldera/projects/usgs/water/impd/skagone/r37.0_tile0
16:54:34 ET_MOSAIC DEBUG: justoneday 2005 352 /caldera/projects/usgs/water/impd/skagone/r37.0_tile0
16:56:06 ET_MOSAIC DEBUG: justoneday 2005 353 /caldera/projects/usgs/water/impd/skagone/r37.0_tile0
16:57:38 ET_MOSAIC DEBUG: justoneday 2005 354 /caldera/projects/usgs/water/impd/skagone/r37.0_tile0
16:59:10 ET_MOSAIC DEBUG: justoneday 2005 355 /caldera/projects/usgs/water/impd/skagone/r37.0_tile0
17:00:43 ET_MOSAIC DEBUG: justoneday 2005 356 /caldera/projects/usgs/water/impd/skagone/r37.0_tile0
17:02:15 ET_MOSAIC DEBUG: justoneday 2005 357 /caldera/projects/usgs/water/impd/skagone/r37.0_tile0
17:03:48 ET_MOSAIC DEBUG: justoneday 2005 358 /caldera/projects/usgs/water/impd/skagone/r37.0_tile0
17:05:21 ET_MOSAIC DEBUG: justoneday 2005 359 /caldera/projects/usgs/water/impd/skagone/r37.0_tile0
17:06:54 ET_MOSAIC DEBUG: justoneday 2005 360 /caldera/projects/usgs/water/impd/skagone/r37.0_tile0
17:08:26 ET_MOSAIC DEBUG: justoneday 2005 361 /caldera/projects/usgs/water/impd/skagone/r37.0_tile0
17:09:58 ET_MOSAIC DEBUG: justoneday 2005 362 /caldera/projects/usgs/water/impd/skagone/r37.0_tile0
17:11:30 ET_MOSAIC DEBUG: justoneday 2005 363 /caldera/projects/usgs/water/impd/skagone/r37.0_tile0
17:13:02 ET_MOSAIC DEBUG: justoneday 2005 364 /caldera/projects/usgs/water/impd/skagone/r37.0_tile0
17:14:36 ET_MOSAIC DEBUG: justoneday 2005 365 /caldera/projects/usgs/water/impd/skagone/r37.0_tile0
17:16:07 ET_MOSAIC DEBUG: justoneday 2005 366 /caldera/projects/usgs/water/impd/skagone/r37.0_tile0
17:17:11 ET_MOSAIC DEBUG: this is how you call one of your functions
17:17:11 ET_MOSAIC DEBUG: hello from Conus_mosaic class
17:17:11 ET_MOSAIC DEBUG: Mosaicking ['etasw'] in /caldera/projects/usgs/water/impd/skagone and put it in /caldera/projects/usgs/water/impd/skagone/conus_mos_completed/2008 for 2008
17:17:11 ET_MOSAIC DEBUG: run_mosaic
17:17:11 ET_MOSAIC DEBUG: Mosaic this product: etasw
17:17:11 ET_MOSAIC DEBUG: /caldera/projects/usgs/water/impd/skagone/
17:17:11 ET_MOSAIC DEBUG: justoneday 2008 1 /caldera/projects/usgs/water/impd/skagone/r37.0_tile0
Warning 1: +init=epsg:XXXX syntax is deprecated. It might return a CRS with a non-EPSG compliant axis order.
17:18:48 ET_MOSAIC DEBUG: justoneday 2008 2 /caldera/projects/usgs/water/impd/skagone/r37.0_tile0
17:20:29 ET_MOSAIC DEBUG: justoneday 2008 3 /caldera/projects/usgs/water/impd/skagone/r37.0_tile0
17:22:14 ET_MOSAIC DEBUG: justoneday 2008 4 /caldera/projects/usgs/water/impd/skagone/r37.0_tile0
17:23:59 ET_MOSAIC DEBUG: justoneday 2008 5 /caldera/projects/usgs/water/impd/skagone/r37.0_tile0
17:25:43 ET_MOSAIC DEBUG: justoneday 2008 6 /caldera/projects/usgs/water/impd/skagone/r37.0_tile0
17:27:18 ET_MOSAIC DEBUG: justoneday 2008 7 /caldera/projects/usgs/water/impd/skagone/r37.0_tile0
17:29:03 ET_MOSAIC DEBUG: justoneday 2008 8 /caldera/projects/usgs/water/impd/skagone/r37.0_tile0
17:30:49 ET_MOSAIC DEBUG: justoneday 2008 9 /caldera/projects/usgs/water/impd/skagone/r37.0_tile0
17:32:28 ET_MOSAIC DEBUG: justoneday 2008 10 /caldera/projects/usgs/water/impd/skagone/r37.0_tile0
17:34:12 ET_MOSAIC DEBUG: justoneday 2008 11 /caldera/projects/usgs/water/impd/skagone/r37.0_tile0
17:35:57 ET_MOSAIC DEBUG: justoneday 2008 12 /caldera/projects/usgs/water/impd/skagone/r37.0_tile0
17:37:40 ET_MOSAIC DEBUG: justoneday 2008 13 /caldera/projects/usgs/water/impd/skagone/r37.0_tile0
17:39:13 ET_MOSAIC DEBUG: justoneday 2008 14 /caldera/projects/usgs/water/impd/skagone/r37.0_tile0
17:40:58 ET_MOSAIC DEBUG: justoneday 2008 15 /caldera/projects/usgs/water/impd/skagone/r37.0_tile0
17:42:44 ET_MOSAIC DEBUG: justoneday 2008 16 /caldera/projects/usgs/water/impd/skagone/r37.0_tile0
17:44:28 ET_MOSAIC DEBUG: justoneday 2008 17 /caldera/projects/usgs/water/impd/skagone/r37.0_tile0
17:46:12 ET_MOSAIC DEBUG: justoneday 2008 18 /caldera/projects/usgs/water/impd/skagone/r37.0_tile0
17:47:57 ET_MOSAIC DEBUG: justoneday 2008 19 /caldera/projects/usgs/water/impd/skagone/r37.0_tile0
17:49:39 ET_MOSAIC DEBUG: justoneday 2008 20 /caldera/projects/usgs/water/impd/skagone/r37.0_tile0
17:51:21 ET_MOSAIC DEBUG: justoneday 2008 21 /caldera/projects/usgs/water/impd/skagone/r37.0_tile0
17:53:05 ET_MOSAIC DEBUG: justoneday 2008 22 /caldera/projects/usgs/water/impd/skagone/r37.0_tile0
17:54:43 ET_MOSAIC DEBUG: justoneday 2008 23 /caldera/projects/usgs/water/impd/skagone/r37.0_tile0
17:56:21 ET_MOSAIC DEBUG: justoneday 2008 24 /caldera/projects/usgs/water/impd/skagone/r37.0_tile0
17:57:53 ET_MOSAIC DEBUG: justoneday 2008 25 /caldera/projects/usgs/water/impd/skagone/r37.0_tile0
17:59:25 ET_MOSAIC DEBUG: justoneday 2008 26 /caldera/projects/usgs/water/impd/skagone/r37.0_tile0
18:00:58 ET_MOSAIC DEBUG: justoneday 2008 27 /caldera/projects/usgs/water/impd/skagone/r37.0_tile0
18:02:29 ET_MOSAIC DEBUG: justoneday 2008 28 /caldera/projects/usgs/water/impd/skagone/r37.0_tile0
18:04:02 ET_MOSAIC DEBUG: justoneday 2008 29 /caldera/projects/usgs/water/impd/skagone/r37.0_tile0
18:05:34 ET_MOSAIC DEBUG: justoneday 2008 30 /caldera/projects/usgs/water/impd/skagone/r37.0_tile0
18:07:06 ET_MOSAIC DEBUG: justoneday 2008 31 /caldera/projects/usgs/water/impd/skagone/r37.0_tile0
18:08:37 ET_MOSAIC DEBUG: justoneday 2008 32 /caldera/projects/usgs/water/impd/skagone/r37.0_tile0
18:10:08 ET_MOSAIC DEBUG: justoneday 2008 33 /caldera/projects/usgs/water/impd/skagone/r37.0_tile0
18:11:39 ET_MOSAIC DEBUG: justoneday 2008 34 /caldera/projects/usgs/water/impd/skagone/r37.0_tile0
18:13:12 ET_MOSAIC DEBUG: justoneday 2008 35 /caldera/projects/usgs/water/impd/skagone/r37.0_tile0
18:14:43 ET_MOSAIC DEBUG: justoneday 2008 36 /caldera/projects/usgs/water/impd/skagone/r37.0_tile0
18:16:16 ET_MOSAIC DEBUG: justoneday 2008 37 /caldera/projects/usgs/water/impd/skagone/r37.0_tile0
18:17:48 ET_MOSAIC DEBUG: justoneday 2008 38 /caldera/projects/usgs/water/impd/skagone/r37.0_tile0
18:19:20 ET_MOSAIC DEBUG: justoneday 2008 39 /caldera/projects/usgs/water/impd/skagone/r37.0_tile0
18:20:54 ET_MOSAIC DEBUG: justoneday 2008 40 /caldera/projects/usgs/water/impd/skagone/r37.0_tile0
18:22:30 ET_MOSAIC DEBUG: justoneday 2008 41 /caldera/projects/usgs/water/impd/skagone/r37.0_tile0
18:24:02 ET_MOSAIC DEBUG: justoneday 2008 42 /caldera/projects/usgs/water/impd/skagone/r37.0_tile0
18:25:35 ET_MOSAIC DEBUG: justoneday 2008 43 /caldera/projects/usgs/water/impd/skagone/r37.0_tile0
18:27:08 ET_MOSAIC DEBUG: justoneday 2008 44 /caldera/projects/usgs/water/impd/skagone/r37.0_tile0
18:28:41 ET_MOSAIC DEBUG: justoneday 2008 45 /caldera/projects/usgs/water/impd/skagone/r37.0_tile0
18:30:12 ET_MOSAIC DEBUG: justoneday 2008 46 /caldera/projects/usgs/water/impd/skagone/r37.0_tile0
18:31:46 ET_MOSAIC DEBUG: justoneday 2008 47 /caldera/projects/usgs/water/impd/skagone/r37.0_tile0
18:33:18 ET_MOSAIC DEBUG: justoneday 2008 48 /caldera/projects/usgs/water/impd/skagone/r37.0_tile0
18:34:50 ET_MOSAIC DEBUG: justoneday 2008 49 /caldera/projects/usgs/water/impd/skagone/r37.0_tile0
18:36:22 ET_MOSAIC DEBUG: justoneday 2008 50 /caldera/projects/usgs/water/impd/skagone/r37.0_tile0
18:37:54 ET_MOSAIC DEBUG: justoneday 2008 51 /caldera/projects/usgs/water/impd/skagone/r37.0_tile0
18:39:38 ET_MOSAIC DEBUG: justoneday 2008 52 /caldera/projects/usgs/water/impd/skagone/r37.0_tile0
18:41:11 ET_MOSAIC DEBUG: justoneday 2008 53 /caldera/projects/usgs/water/impd/skagone/r37.0_tile0
18:42:43 ET_MOSAIC DEBUG: justoneday 2008 54 /caldera/projects/usgs/water/impd/skagone/r37.0_tile0
18:44:17 ET_MOSAIC DEBUG: justoneday 2008 55 /caldera/projects/usgs/water/impd/skagone/r37.0_tile0
18:46:01 ET_MOSAIC DEBUG: justoneday 2008 56 /caldera/projects/usgs/water/impd/skagone/r37.0_tile0
18:47:34 ET_MOSAIC DEBUG: justoneday 2008 57 /caldera/projects/usgs/water/impd/skagone/r37.0_tile0
18:49:06 ET_MOSAIC DEBUG: justoneday 2008 58 /caldera/projects/usgs/water/impd/skagone/r37.0_tile0
18:50:51 ET_MOSAIC DEBUG: justoneday 2008 59 /caldera/projects/usgs/water/impd/skagone/r37.0_tile0
18:52:23 ET_MOSAIC DEBUG: justoneday 2008 60 /caldera/projects/usgs/water/impd/skagone/r37.0_tile0
18:53:56 ET_MOSAIC DEBUG: justoneday 2008 61 /caldera/projects/usgs/water/impd/skagone/r37.0_tile0
18:55:42 ET_MOSAIC DEBUG: justoneday 2008 62 /caldera/projects/usgs/water/impd/skagone/r37.0_tile0
18:57:15 ET_MOSAIC DEBUG: justoneday 2008 63 /caldera/projects/usgs/water/impd/skagone/r37.0_tile0
18:58:48 ET_MOSAIC DEBUG: justoneday 2008 64 /caldera/projects/usgs/water/impd/skagone/r37.0_tile0
19:00:22 ET_MOSAIC DEBUG: justoneday 2008 65 /caldera/projects/usgs/water/impd/skagone/r37.0_tile0
19:01:55 ET_MOSAIC DEBUG: justoneday 2008 66 /caldera/projects/usgs/water/impd/skagone/r37.0_tile0
19:03:29 ET_MOSAIC DEBUG: justoneday 2008 67 /caldera/projects/usgs/water/impd/skagone/r37.0_tile0
19:05:02 ET_MOSAIC DEBUG: justoneday 2008 68 /caldera/projects/usgs/water/impd/skagone/r37.0_tile0
19:06:36 ET_MOSAIC DEBUG: justoneday 2008 69 /caldera/projects/usgs/water/impd/skagone/r37.0_tile0
19:08:09 ET_MOSAIC DEBUG: justoneday 2008 70 /caldera/projects/usgs/water/impd/skagone/r37.0_tile0
19:09:43 ET_MOSAIC DEBUG: justoneday 2008 71 /caldera/projects/usgs/water/impd/skagone/r37.0_tile0
19:11:16 ET_MOSAIC DEBUG: justoneday 2008 72 /caldera/projects/usgs/water/impd/skagone/r37.0_tile0
19:13:03 ET_MOSAIC DEBUG: justoneday 2008 73 /caldera/projects/usgs/water/impd/skagone/r37.0_tile0
19:14:37 ET_MOSAIC DEBUG: justoneday 2008 74 /caldera/projects/usgs/water/impd/skagone/r37.0_tile0
19:16:16 ET_MOSAIC DEBUG: justoneday 2008 75 /caldera/projects/usgs/water/impd/skagone/r37.0_tile0
19:17:53 ET_MOSAIC DEBUG: justoneday 2008 76 /caldera/projects/usgs/water/impd/skagone/r37.0_tile0
19:19:33 ET_MOSAIC DEBUG: justoneday 2008 77 /caldera/projects/usgs/water/impd/skagone/r37.0_tile0
19:21:22 ET_MOSAIC DEBUG: justoneday 2008 78 /caldera/projects/usgs/water/impd/skagone/r37.0_tile0
19:23:15 ET_MOSAIC DEBUG: justoneday 2008 79 /caldera/projects/usgs/water/impd/skagone/r37.0_tile0
19:25:06 ET_MOSAIC DEBUG: justoneday 2008 80 /caldera/projects/usgs/water/impd/skagone/r37.0_tile0
19:26:41 ET_MOSAIC DEBUG: justoneday 2008 81 /caldera/projects/usgs/water/impd/skagone/r37.0_tile0
19:28:22 ET_MOSAIC DEBUG: justoneday 2008 82 /caldera/projects/usgs/water/impd/skagone/r37.0_tile0
19:29:59 ET_MOSAIC DEBUG: justoneday 2008 83 /caldera/projects/usgs/water/impd/skagone/r37.0_tile0
19:31:39 ET_MOSAIC DEBUG: justoneday 2008 84 /caldera/projects/usgs/water/impd/skagone/r37.0_tile0
19:33:29 ET_MOSAIC DEBUG: justoneday 2008 85 /caldera/projects/usgs/water/impd/skagone/r37.0_tile0
19:35:23 ET_MOSAIC DEBUG: justoneday 2008 86 /caldera/projects/usgs/water/impd/skagone/r37.0_tile0
19:37:03 ET_MOSAIC DEBUG: justoneday 2008 87 /caldera/projects/usgs/water/impd/skagone/r37.0_tile0
19:38:54 ET_MOSAIC DEBUG: justoneday 2008 88 /caldera/projects/usgs/water/impd/skagone/r37.0_tile0
19:40:32 ET_MOSAIC DEBUG: justoneday 2008 89 /caldera/projects/usgs/water/impd/skagone/r37.0_tile0
19:42:07 ET_MOSAIC DEBUG: justoneday 2008 90 /caldera/projects/usgs/water/impd/skagone/r37.0_tile0
19:43:44 ET_MOSAIC DEBUG: justoneday 2008 91 /caldera/projects/usgs/water/impd/skagone/r37.0_tile0
19:45:20 ET_MOSAIC DEBUG: justoneday 2008 92 /caldera/projects/usgs/water/impd/skagone/r37.0_tile0
19:46:59 ET_MOSAIC DEBUG: justoneday 2008 93 /caldera/projects/usgs/water/impd/skagone/r37.0_tile0
19:48:34 ET_MOSAIC DEBUG: justoneday 2008 94 /caldera/projects/usgs/water/impd/skagone/r37.0_tile0
19:50:12 ET_MOSAIC DEBUG: justoneday 2008 95 /caldera/projects/usgs/water/impd/skagone/r37.0_tile0
19:51:49 ET_MOSAIC DEBUG: justoneday 2008 96 /caldera/projects/usgs/water/impd/skagone/r37.0_tile0
19:53:28 ET_MOSAIC DEBUG: justoneday 2008 97 /caldera/projects/usgs/water/impd/skagone/r37.0_tile0
19:55:05 ET_MOSAIC DEBUG: justoneday 2008 98 /caldera/projects/usgs/water/impd/skagone/r37.0_tile0
19:56:43 ET_MOSAIC DEBUG: justoneday 2008 99 /caldera/projects/usgs/water/impd/skagone/r37.0_tile0
19:58:19 ET_MOSAIC DEBUG: justoneday 2008 100 /caldera/projects/usgs/water/impd/skagone/r37.0_tile0
20:00:10 ET_MOSAIC DEBUG: justoneday 2008 101 /caldera/projects/usgs/water/impd/skagone/r37.0_tile0
20:01:47 ET_MOSAIC DEBUG: justoneday 2008 102 /caldera/projects/usgs/water/impd/skagone/r37.0_tile0
20:03:28 ET_MOSAIC DEBUG: justoneday 2008 103 /caldera/projects/usgs/water/impd/skagone/r37.0_tile0
20:05:05 ET_MOSAIC DEBUG: justoneday 2008 104 /caldera/projects/usgs/water/impd/skagone/r37.0_tile0
20:06:46 ET_MOSAIC DEBUG: justoneday 2008 105 /caldera/projects/usgs/water/impd/skagone/r37.0_tile0
20:08:24 ET_MOSAIC DEBUG: justoneday 2008 106 /caldera/projects/usgs/water/impd/skagone/r37.0_tile0
20:10:01 ET_MOSAIC DEBUG: justoneday 2008 107 /caldera/projects/usgs/water/impd/skagone/r37.0_tile0
20:11:39 ET_MOSAIC DEBUG: justoneday 2008 108 /caldera/projects/usgs/water/impd/skagone/r37.0_tile0
20:13:16 ET_MOSAIC DEBUG: justoneday 2008 109 /caldera/projects/usgs/water/impd/skagone/r37.0_tile0
20:15:06 ET_MOSAIC DEBUG: justoneday 2008 110 /caldera/projects/usgs/water/impd/skagone/r37.0_tile0
20:16:43 ET_MOSAIC DEBUG: justoneday 2008 111 /caldera/projects/usgs/water/impd/skagone/r37.0_tile0
20:18:20 ET_MOSAIC DEBUG: justoneday 2008 112 /caldera/projects/usgs/water/impd/skagone/r37.0_tile0
20:20:11 ET_MOSAIC DEBUG: justoneday 2008 113 /caldera/projects/usgs/water/impd/skagone/r37.0_tile0
20:21:47 ET_MOSAIC DEBUG: justoneday 2008 114 /caldera/projects/usgs/water/impd/skagone/r37.0_tile0
20:23:25 ET_MOSAIC DEBUG: justoneday 2008 115 /caldera/projects/usgs/water/impd/skagone/r37.0_tile0
20:25:13 ET_MOSAIC DEBUG: justoneday 2008 116 /caldera/projects/usgs/water/impd/skagone/r37.0_tile0
20:26:50 ET_MOSAIC DEBUG: justoneday 2008 117 /caldera/projects/usgs/water/impd/skagone/r37.0_tile0
20:28:28 ET_MOSAIC DEBUG: justoneday 2008 118 /caldera/projects/usgs/water/impd/skagone/r37.0_tile0
20:30:05 ET_MOSAIC DEBUG: justoneday 2008 119 /caldera/projects/usgs/water/impd/skagone/r37.0_tile0
20:31:46 ET_MOSAIC DEBUG: justoneday 2008 120 /caldera/projects/usgs/water/impd/skagone/r37.0_tile0
20:33:26 ET_MOSAIC DEBUG: justoneday 2008 121 /caldera/projects/usgs/water/impd/skagone/r37.0_tile0
20:35:09 ET_MOSAIC DEBUG: justoneday 2008 122 /caldera/projects/usgs/water/impd/skagone/r37.0_tile0
20:36:52 ET_MOSAIC DEBUG: justoneday 2008 123 /caldera/projects/usgs/water/impd/skagone/r37.0_tile0
20:38:40 ET_MOSAIC DEBUG: justoneday 2008 124 /caldera/projects/usgs/water/impd/skagone/r37.0_tile0
20:40:35 ET_MOSAIC DEBUG: justoneday 2008 125 /caldera/projects/usgs/water/impd/skagone/r37.0_tile0
20:42:12 ET_MOSAIC DEBUG: justoneday 2008 126 /caldera/projects/usgs/water/impd/skagone/r37.0_tile0
20:43:48 ET_MOSAIC DEBUG: justoneday 2008 127 /caldera/projects/usgs/water/impd/skagone/r37.0_tile0
20:45:39 ET_MOSAIC DEBUG: justoneday 2008 128 /caldera/projects/usgs/water/impd/skagone/r37.0_tile0
20:47:15 ET_MOSAIC DEBUG: justoneday 2008 129 /caldera/projects/usgs/water/impd/skagone/r37.0_tile0
20:48:51 ET_MOSAIC DEBUG: justoneday 2008 130 /caldera/projects/usgs/water/impd/skagone/r37.0_tile0
20:50:40 ET_MOSAIC DEBUG: justoneday 2008 131 /caldera/projects/usgs/water/impd/skagone/r37.0_tile0
20:52:16 ET_MOSAIC DEBUG: justoneday 2008 132 /caldera/projects/usgs/water/impd/skagone/r37.0_tile0
20:53:52 ET_MOSAIC DEBUG: justoneday 2008 133 /caldera/projects/usgs/water/impd/skagone/r37.0_tile0
20:55:39 ET_MOSAIC DEBUG: justoneday 2008 134 /caldera/projects/usgs/water/impd/skagone/r37.0_tile0
20:57:15 ET_MOSAIC DEBUG: justoneday 2008 135 /caldera/projects/usgs/water/impd/skagone/r37.0_tile0
20:58:51 ET_MOSAIC DEBUG: justoneday 2008 136 /caldera/projects/usgs/water/impd/skagone/r37.0_tile0
21:00:33 ET_MOSAIC DEBUG: justoneday 2008 137 /caldera/projects/usgs/water/impd/skagone/r37.0_tile0
21:02:15 ET_MOSAIC DEBUG: justoneday 2008 138 /caldera/projects/usgs/water/impd/skagone/r37.0_tile0
21:03:59 ET_MOSAIC DEBUG: justoneday 2008 139 /caldera/projects/usgs/water/impd/skagone/r37.0_tile0
21:05:40 ET_MOSAIC DEBUG: justoneday 2008 140 /caldera/projects/usgs/water/impd/skagone/r37.0_tile0
21:07:27 ET_MOSAIC DEBUG: justoneday 2008 141 /caldera/projects/usgs/water/impd/skagone/r37.0_tile0
21:09:09 ET_MOSAIC DEBUG: justoneday 2008 142 /caldera/projects/usgs/water/impd/skagone/r37.0_tile0
21:10:48 ET_MOSAIC DEBUG: justoneday 2008 143 /caldera/projects/usgs/water/impd/skagone/r37.0_tile0
21:12:26 ET_MOSAIC DEBUG: justoneday 2008 144 /caldera/projects/usgs/water/impd/skagone/r37.0_tile0
21:14:10 ET_MOSAIC DEBUG: justoneday 2008 145 /caldera/projects/usgs/water/impd/skagone/r37.0_tile0
21:15:46 ET_MOSAIC DEBUG: justoneday 2008 146 /caldera/projects/usgs/water/impd/skagone/r37.0_tile0
21:17:23 ET_MOSAIC DEBUG: justoneday 2008 147 /caldera/projects/usgs/water/impd/skagone/r37.0_tile0
21:18:59 ET_MOSAIC DEBUG: justoneday 2008 148 /caldera/projects/usgs/water/impd/skagone/r37.0_tile0
21:20:35 ET_MOSAIC DEBUG: justoneday 2008 149 /caldera/projects/usgs/water/impd/skagone/r37.0_tile0
21:22:11 ET_MOSAIC DEBUG: justoneday 2008 150 /caldera/projects/usgs/water/impd/skagone/r37.0_tile0
21:23:46 ET_MOSAIC DEBUG: justoneday 2008 151 /caldera/projects/usgs/water/impd/skagone/r37.0_tile0
21:25:24 ET_MOSAIC DEBUG: justoneday 2008 152 /caldera/projects/usgs/water/impd/skagone/r37.0_tile0
21:26:59 ET_MOSAIC DEBUG: justoneday 2008 153 /caldera/projects/usgs/water/impd/skagone/r37.0_tile0
21:28:35 ET_MOSAIC DEBUG: justoneday 2008 154 /caldera/projects/usgs/water/impd/skagone/r37.0_tile0
21:30:08 ET_MOSAIC DEBUG: justoneday 2008 155 /caldera/projects/usgs/water/impd/skagone/r37.0_tile0
21:31:41 ET_MOSAIC DEBUG: justoneday 2008 156 /caldera/projects/usgs/water/impd/skagone/r37.0_tile0
21:33:16 ET_MOSAIC DEBUG: justoneday 2008 157 /caldera/projects/usgs/water/impd/skagone/r37.0_tile0
21:34:48 ET_MOSAIC DEBUG: justoneday 2008 158 /caldera/projects/usgs/water/impd/skagone/r37.0_tile0
21:36:20 ET_MOSAIC DEBUG: justoneday 2008 159 /caldera/projects/usgs/water/impd/skagone/r37.0_tile0
21:37:52 ET_MOSAIC DEBUG: justoneday 2008 160 /caldera/projects/usgs/water/impd/skagone/r37.0_tile0
21:39:24 ET_MOSAIC DEBUG: justoneday 2008 161 /caldera/projects/usgs/water/impd/skagone/r37.0_tile0
21:40:56 ET_MOSAIC DEBUG: justoneday 2008 162 /caldera/projects/usgs/water/impd/skagone/r37.0_tile0
21:42:28 ET_MOSAIC DEBUG: justoneday 2008 163 /caldera/projects/usgs/water/impd/skagone/r37.0_tile0
21:44:00 ET_MOSAIC DEBUG: justoneday 2008 164 /caldera/projects/usgs/water/impd/skagone/r37.0_tile0
21:45:32 ET_MOSAIC DEBUG: justoneday 2008 165 /caldera/projects/usgs/water/impd/skagone/r37.0_tile0
21:47:04 ET_MOSAIC DEBUG: justoneday 2008 166 /caldera/projects/usgs/water/impd/skagone/r37.0_tile0
21:48:38 ET_MOSAIC DEBUG: justoneday 2008 167 /caldera/projects/usgs/water/impd/skagone/r37.0_tile0
21:50:09 ET_MOSAIC DEBUG: justoneday 2008 168 /caldera/projects/usgs/water/impd/skagone/r37.0_tile0
21:51:42 ET_MOSAIC DEBUG: justoneday 2008 169 /caldera/projects/usgs/water/impd/skagone/r37.0_tile0
21:53:14 ET_MOSAIC DEBUG: justoneday 2008 170 /caldera/projects/usgs/water/impd/skagone/r37.0_tile0
21:54:47 ET_MOSAIC DEBUG: justoneday 2008 171 /caldera/projects/usgs/water/impd/skagone/r37.0_tile0
21:56:19 ET_MOSAIC DEBUG: justoneday 2008 172 /caldera/projects/usgs/water/impd/skagone/r37.0_tile0
21:57:51 ET_MOSAIC DEBUG: justoneday 2008 173 /caldera/projects/usgs/water/impd/skagone/r37.0_tile0
21:59:23 ET_MOSAIC DEBUG: justoneday 2008 174 /caldera/projects/usgs/water/impd/skagone/r37.0_tile0
22:00:55 ET_MOSAIC DEBUG: justoneday 2008 175 /caldera/projects/usgs/water/impd/skagone/r37.0_tile0
22:02:27 ET_MOSAIC DEBUG: justoneday 2008 176 /caldera/projects/usgs/water/impd/skagone/r37.0_tile0
22:04:00 ET_MOSAIC DEBUG: justoneday 2008 177 /caldera/projects/usgs/water/impd/skagone/r37.0_tile0
22:05:32 ET_MOSAIC DEBUG: justoneday 2008 178 /caldera/projects/usgs/water/impd/skagone/r37.0_tile0
22:07:04 ET_MOSAIC DEBUG: justoneday 2008 179 /caldera/projects/usgs/water/impd/skagone/r37.0_tile0
22:08:38 ET_MOSAIC DEBUG: justoneday 2008 180 /caldera/projects/usgs/water/impd/skagone/r37.0_tile0
22:10:15 ET_MOSAIC DEBUG: justoneday 2008 181 /caldera/projects/usgs/water/impd/skagone/r37.0_tile0
22:11:56 ET_MOSAIC DEBUG: justoneday 2008 182 /caldera/projects/usgs/water/impd/skagone/r37.0_tile0
22:13:42 ET_MOSAIC DEBUG: justoneday 2008 183 /caldera/projects/usgs/water/impd/skagone/r37.0_tile0
22:15:24 ET_MOSAIC DEBUG: justoneday 2008 184 /caldera/projects/usgs/water/impd/skagone/r37.0_tile0
22:17:07 ET_MOSAIC DEBUG: justoneday 2008 185 /caldera/projects/usgs/water/impd/skagone/r37.0_tile0
22:18:53 ET_MOSAIC DEBUG: justoneday 2008 186 /caldera/projects/usgs/water/impd/skagone/r37.0_tile0
22:20:34 ET_MOSAIC DEBUG: justoneday 2008 187 /caldera/projects/usgs/water/impd/skagone/r37.0_tile0
22:22:14 ET_MOSAIC DEBUG: justoneday 2008 188 /caldera/projects/usgs/water/impd/skagone/r37.0_tile0
22:23:52 ET_MOSAIC DEBUG: justoneday 2008 189 /caldera/projects/usgs/water/impd/skagone/r37.0_tile0
22:25:31 ET_MOSAIC DEBUG: justoneday 2008 190 /caldera/projects/usgs/water/impd/skagone/r37.0_tile0
22:27:08 ET_MOSAIC DEBUG: justoneday 2008 191 /caldera/projects/usgs/water/impd/skagone/r37.0_tile0
22:28:49 ET_MOSAIC DEBUG: justoneday 2008 192 /caldera/projects/usgs/water/impd/skagone/r37.0_tile0
22:30:28 ET_MOSAIC DEBUG: justoneday 2008 193 /caldera/projects/usgs/water/impd/skagone/r37.0_tile0
22:32:11 ET_MOSAIC DEBUG: justoneday 2008 194 /caldera/projects/usgs/water/impd/skagone/r37.0_tile0
22:33:54 ET_MOSAIC DEBUG: justoneday 2008 195 /caldera/projects/usgs/water/impd/skagone/r37.0_tile0
22:35:41 ET_MOSAIC DEBUG: justoneday 2008 196 /caldera/projects/usgs/water/impd/skagone/r37.0_tile0
22:37:23 ET_MOSAIC DEBUG: justoneday 2008 197 /caldera/projects/usgs/water/impd/skagone/r37.0_tile0
22:39:02 ET_MOSAIC DEBUG: justoneday 2008 198 /caldera/projects/usgs/water/impd/skagone/r37.0_tile0
22:40:39 ET_MOSAIC DEBUG: justoneday 2008 199 /caldera/projects/usgs/water/impd/skagone/r37.0_tile0
22:42:18 ET_MOSAIC DEBUG: justoneday 2008 200 /caldera/projects/usgs/water/impd/skagone/r37.0_tile0
22:43:56 ET_MOSAIC DEBUG: justoneday 2008 201 /caldera/projects/usgs/water/impd/skagone/r37.0_tile0
22:45:36 ET_MOSAIC DEBUG: justoneday 2008 202 /caldera/projects/usgs/water/impd/skagone/r37.0_tile0
22:47:13 ET_MOSAIC DEBUG: justoneday 2008 203 /caldera/projects/usgs/water/impd/skagone/r37.0_tile0
22:48:53 ET_MOSAIC DEBUG: justoneday 2008 204 /caldera/projects/usgs/water/impd/skagone/r37.0_tile0
22:50:30 ET_MOSAIC DEBUG: justoneday 2008 205 /caldera/projects/usgs/water/impd/skagone/r37.0_tile0
22:52:09 ET_MOSAIC DEBUG: justoneday 2008 206 /caldera/projects/usgs/water/impd/skagone/r37.0_tile0
22:53:48 ET_MOSAIC DEBUG: justoneday 2008 207 /caldera/projects/usgs/water/impd/skagone/r37.0_tile0
22:55:27 ET_MOSAIC DEBUG: justoneday 2008 208 /caldera/projects/usgs/water/impd/skagone/r37.0_tile0
22:57:05 ET_MOSAIC DEBUG: justoneday 2008 209 /caldera/projects/usgs/water/impd/skagone/r37.0_tile0
22:58:44 ET_MOSAIC DEBUG: justoneday 2008 210 /caldera/projects/usgs/water/impd/skagone/r37.0_tile0
23:00:23 ET_MOSAIC DEBUG: justoneday 2008 211 /caldera/projects/usgs/water/impd/skagone/r37.0_tile0
23:02:02 ET_MOSAIC DEBUG: justoneday 2008 212 /caldera/projects/usgs/water/impd/skagone/r37.0_tile0
23:03:41 ET_MOSAIC DEBUG: justoneday 2008 213 /caldera/projects/usgs/water/impd/skagone/r37.0_tile0
23:05:20 ET_MOSAIC DEBUG: justoneday 2008 214 /caldera/projects/usgs/water/impd/skagone/r37.0_tile0
23:06:59 ET_MOSAIC DEBUG: justoneday 2008 215 /caldera/projects/usgs/water/impd/skagone/r37.0_tile0
23:08:37 ET_MOSAIC DEBUG: justoneday 2008 216 /caldera/projects/usgs/water/impd/skagone/r37.0_tile0
23:10:15 ET_MOSAIC DEBUG: justoneday 2008 217 /caldera/projects/usgs/water/impd/skagone/r37.0_tile0
23:11:53 ET_MOSAIC DEBUG: justoneday 2008 218 /caldera/projects/usgs/water/impd/skagone/r37.0_tile0
23:13:31 ET_MOSAIC DEBUG: justoneday 2008 219 /caldera/projects/usgs/water/impd/skagone/r37.0_tile0
23:15:08 ET_MOSAIC DEBUG: justoneday 2008 220 /caldera/projects/usgs/water/impd/skagone/r37.0_tile0
23:16:46 ET_MOSAIC DEBUG: justoneday 2008 221 /caldera/projects/usgs/water/impd/skagone/r37.0_tile0
23:18:29 ET_MOSAIC DEBUG: justoneday 2008 222 /caldera/projects/usgs/water/impd/skagone/r37.0_tile0
23:20:07 ET_MOSAIC DEBUG: justoneday 2008 223 /caldera/projects/usgs/water/impd/skagone/r37.0_tile0
23:21:43 ET_MOSAIC DEBUG: justoneday 2008 224 /caldera/projects/usgs/water/impd/skagone/r37.0_tile0
23:23:20 ET_MOSAIC DEBUG: justoneday 2008 225 /caldera/projects/usgs/water/impd/skagone/r37.0_tile0
23:24:58 ET_MOSAIC DEBUG: justoneday 2008 226 /caldera/projects/usgs/water/impd/skagone/r37.0_tile0
23:26:38 ET_MOSAIC DEBUG: justoneday 2008 227 /caldera/projects/usgs/water/impd/skagone/r37.0_tile0
23:28:17 ET_MOSAIC DEBUG: justoneday 2008 228 /caldera/projects/usgs/water/impd/skagone/r37.0_tile0
23:29:55 ET_MOSAIC DEBUG: justoneday 2008 229 /caldera/projects/usgs/water/impd/skagone/r37.0_tile0
23:31:34 ET_MOSAIC DEBUG: justoneday 2008 230 /caldera/projects/usgs/water/impd/skagone/r37.0_tile0
23:33:14 ET_MOSAIC DEBUG: justoneday 2008 231 /caldera/projects/usgs/water/impd/skagone/r37.0_tile0
23:34:55 ET_MOSAIC DEBUG: justoneday 2008 232 /caldera/projects/usgs/water/impd/skagone/r37.0_tile0
23:36:33 ET_MOSAIC DEBUG: justoneday 2008 233 /caldera/projects/usgs/water/impd/skagone/r37.0_tile0
23:38:09 ET_MOSAIC DEBUG: justoneday 2008 234 /caldera/projects/usgs/water/impd/skagone/r37.0_tile0
23:39:50 ET_MOSAIC DEBUG: justoneday 2008 235 /caldera/projects/usgs/water/impd/skagone/r37.0_tile0
23:41:30 ET_MOSAIC DEBUG: justoneday 2008 236 /caldera/projects/usgs/water/impd/skagone/r37.0_tile0
23:43:13 ET_MOSAIC DEBUG: justoneday 2008 237 /caldera/projects/usgs/water/impd/skagone/r37.0_tile0
23:44:53 ET_MOSAIC DEBUG: justoneday 2008 238 /caldera/projects/usgs/water/impd/skagone/r37.0_tile0
23:46:35 ET_MOSAIC DEBUG: justoneday 2008 239 /caldera/projects/usgs/water/impd/skagone/r37.0_tile0
23:48:15 ET_MOSAIC DEBUG: justoneday 2008 240 /caldera/projects/usgs/water/impd/skagone/r37.0_tile0
23:49:53 ET_MOSAIC DEBUG: justoneday 2008 241 /caldera/projects/usgs/water/impd/skagone/r37.0_tile0
23:51:31 ET_MOSAIC DEBUG: justoneday 2008 242 /caldera/projects/usgs/water/impd/skagone/r37.0_tile0
23:53:11 ET_MOSAIC DEBUG: justoneday 2008 243 /caldera/projects/usgs/water/impd/skagone/r37.0_tile0
23:54:51 ET_MOSAIC DEBUG: justoneday 2008 244 /caldera/projects/usgs/water/impd/skagone/r37.0_tile0
23:56:31 ET_MOSAIC DEBUG: justoneday 2008 245 /caldera/projects/usgs/water/impd/skagone/r37.0_tile0
23:58:10 ET_MOSAIC DEBUG: justoneday 2008 246 /caldera/projects/usgs/water/impd/skagone/r37.0_tile0
23:59:47 ET_MOSAIC DEBUG: justoneday 2008 247 /caldera/projects/usgs/water/impd/skagone/r37.0_tile0
00:01:24 ET_MOSAIC DEBUG: justoneday 2008 248 /caldera/projects/usgs/water/impd/skagone/r37.0_tile0
00:03:05 ET_MOSAIC DEBUG: justoneday 2008 249 /caldera/projects/usgs/water/impd/skagone/r37.0_tile0
00:04:47 ET_MOSAIC DEBUG: justoneday 2008 250 /caldera/projects/usgs/water/impd/skagone/r37.0_tile0
00:06:27 ET_MOSAIC DEBUG: justoneday 2008 251 /caldera/projects/usgs/water/impd/skagone/r37.0_tile0
00:08:05 ET_MOSAIC DEBUG: justoneday 2008 252 /caldera/projects/usgs/water/impd/skagone/r37.0_tile0
00:09:46 ET_MOSAIC DEBUG: justoneday 2008 253 /caldera/projects/usgs/water/impd/skagone/r37.0_tile0
00:11:28 ET_MOSAIC DEBUG: justoneday 2008 254 /caldera/projects/usgs/water/impd/skagone/r37.0_tile0
00:13:07 ET_MOSAIC DEBUG: justoneday 2008 255 /caldera/projects/usgs/water/impd/skagone/r37.0_tile0
00:14:47 ET_MOSAIC DEBUG: justoneday 2008 256 /caldera/projects/usgs/water/impd/skagone/r37.0_tile0
00:16:27 ET_MOSAIC DEBUG: justoneday 2008 257 /caldera/projects/usgs/water/impd/skagone/r37.0_tile0
00:18:08 ET_MOSAIC DEBUG: justoneday 2008 258 /caldera/projects/usgs/water/impd/skagone/r37.0_tile0
00:19:48 ET_MOSAIC DEBUG: justoneday 2008 259 /caldera/projects/usgs/water/impd/skagone/r37.0_tile0
00:21:27 ET_MOSAIC DEBUG: justoneday 2008 260 /caldera/projects/usgs/water/impd/skagone/r37.0_tile0
00:23:00 ET_MOSAIC DEBUG: justoneday 2008 261 /caldera/projects/usgs/water/impd/skagone/r37.0_tile0
00:24:34 ET_MOSAIC DEBUG: justoneday 2008 262 /caldera/projects/usgs/water/impd/skagone/r37.0_tile0
00:26:08 ET_MOSAIC DEBUG: justoneday 2008 263 /caldera/projects/usgs/water/impd/skagone/r37.0_tile0
00:27:40 ET_MOSAIC DEBUG: justoneday 2008 264 /caldera/projects/usgs/water/impd/skagone/r37.0_tile0
00:29:11 ET_MOSAIC DEBUG: justoneday 2008 265 /caldera/projects/usgs/water/impd/skagone/r37.0_tile0
00:30:43 ET_MOSAIC DEBUG: justoneday 2008 266 /caldera/projects/usgs/water/impd/skagone/r37.0_tile0
00:32:14 ET_MOSAIC DEBUG: justoneday 2008 267 /caldera/projects/usgs/water/impd/skagone/r37.0_tile0
00:33:46 ET_MOSAIC DEBUG: justoneday 2008 268 /caldera/projects/usgs/water/impd/skagone/r37.0_tile0
00:35:18 ET_MOSAIC DEBUG: justoneday 2008 269 /caldera/projects/usgs/water/impd/skagone/r37.0_tile0
00:36:50 ET_MOSAIC DEBUG: justoneday 2008 270 /caldera/projects/usgs/water/impd/skagone/r37.0_tile0
00:38:22 ET_MOSAIC DEBUG: justoneday 2008 271 /caldera/projects/usgs/water/impd/skagone/r37.0_tile0
00:39:54 ET_MOSAIC DEBUG: justoneday 2008 272 /caldera/projects/usgs/water/impd/skagone/r37.0_tile0
00:41:26 ET_MOSAIC DEBUG: justoneday 2008 273 /caldera/projects/usgs/water/impd/skagone/r37.0_tile0
00:42:58 ET_MOSAIC DEBUG: justoneday 2008 274 /caldera/projects/usgs/water/impd/skagone/r37.0_tile0
00:44:31 ET_MOSAIC DEBUG: justoneday 2008 275 /caldera/projects/usgs/water/impd/skagone/r37.0_tile0
00:46:03 ET_MOSAIC DEBUG: justoneday 2008 276 /caldera/projects/usgs/water/impd/skagone/r37.0_tile0
00:47:36 ET_MOSAIC DEBUG: justoneday 2008 277 /caldera/projects/usgs/water/impd/skagone/r37.0_tile0
00:49:09 ET_MOSAIC DEBUG: justoneday 2008 278 /caldera/projects/usgs/water/impd/skagone/r37.0_tile0
00:50:43 ET_MOSAIC DEBUG: justoneday 2008 279 /caldera/projects/usgs/water/impd/skagone/r37.0_tile0
00:52:17 ET_MOSAIC DEBUG: justoneday 2008 280 /caldera/projects/usgs/water/impd/skagone/r37.0_tile0
00:53:52 ET_MOSAIC DEBUG: justoneday 2008 281 /caldera/projects/usgs/water/impd/skagone/r37.0_tile0
00:55:27 ET_MOSAIC DEBUG: justoneday 2008 282 /caldera/projects/usgs/water/impd/skagone/r37.0_tile0
00:57:00 ET_MOSAIC DEBUG: justoneday 2008 283 /caldera/projects/usgs/water/impd/skagone/r37.0_tile0
00:58:34 ET_MOSAIC DEBUG: justoneday 2008 284 /caldera/projects/usgs/water/impd/skagone/r37.0_tile0
01:00:07 ET_MOSAIC DEBUG: justoneday 2008 285 /caldera/projects/usgs/water/impd/skagone/r37.0_tile0
01:01:43 ET_MOSAIC DEBUG: justoneday 2008 286 /caldera/projects/usgs/water/impd/skagone/r37.0_tile0
01:03:18 ET_MOSAIC DEBUG: justoneday 2008 287 /caldera/projects/usgs/water/impd/skagone/r37.0_tile0
01:04:52 ET_MOSAIC DEBUG: justoneday 2008 288 /caldera/projects/usgs/water/impd/skagone/r37.0_tile0
01:06:26 ET_MOSAIC DEBUG: justoneday 2008 289 /caldera/projects/usgs/water/impd/skagone/r37.0_tile0
01:08:01 ET_MOSAIC DEBUG: justoneday 2008 290 /caldera/projects/usgs/water/impd/skagone/r37.0_tile0
01:09:34 ET_MOSAIC DEBUG: justoneday 2008 291 /caldera/projects/usgs/water/impd/skagone/r37.0_tile0
01:11:07 ET_MOSAIC DEBUG: justoneday 2008 292 /caldera/projects/usgs/water/impd/skagone/r37.0_tile0
01:12:40 ET_MOSAIC DEBUG: justoneday 2008 293 /caldera/projects/usgs/water/impd/skagone/r37.0_tile0
01:14:12 ET_MOSAIC DEBUG: justoneday 2008 294 /caldera/projects/usgs/water/impd/skagone/r37.0_tile0
01:15:43 ET_MOSAIC DEBUG: justoneday 2008 295 /caldera/projects/usgs/water/impd/skagone/r37.0_tile0
01:17:16 ET_MOSAIC DEBUG: justoneday 2008 296 /caldera/projects/usgs/water/impd/skagone/r37.0_tile0
01:18:48 ET_MOSAIC DEBUG: justoneday 2008 297 /caldera/projects/usgs/water/impd/skagone/r37.0_tile0
01:20:21 ET_MOSAIC DEBUG: justoneday 2008 298 /caldera/projects/usgs/water/impd/skagone/r37.0_tile0
01:21:53 ET_MOSAIC DEBUG: justoneday 2008 299 /caldera/projects/usgs/water/impd/skagone/r37.0_tile0
01:23:26 ET_MOSAIC DEBUG: justoneday 2008 300 /caldera/projects/usgs/water/impd/skagone/r37.0_tile0
01:25:01 ET_MOSAIC DEBUG: justoneday 2008 301 /caldera/projects/usgs/water/impd/skagone/r37.0_tile0
01:26:35 ET_MOSAIC DEBUG: justoneday 2008 302 /caldera/projects/usgs/water/impd/skagone/r37.0_tile0
01:28:10 ET_MOSAIC DEBUG: justoneday 2008 303 /caldera/projects/usgs/water/impd/skagone/r37.0_tile0
01:29:42 ET_MOSAIC DEBUG: justoneday 2008 304 /caldera/projects/usgs/water/impd/skagone/r37.0_tile0
01:31:13 ET_MOSAIC DEBUG: justoneday 2008 305 /caldera/projects/usgs/water/impd/skagone/r37.0_tile0
01:32:45 ET_MOSAIC DEBUG: justoneday 2008 306 /caldera/projects/usgs/water/impd/skagone/r37.0_tile0
01:34:18 ET_MOSAIC DEBUG: justoneday 2008 307 /caldera/projects/usgs/water/impd/skagone/r37.0_tile0
01:35:51 ET_MOSAIC DEBUG: justoneday 2008 308 /caldera/projects/usgs/water/impd/skagone/r37.0_tile0
01:37:24 ET_MOSAIC DEBUG: justoneday 2008 309 /caldera/projects/usgs/water/impd/skagone/r37.0_tile0
01:38:56 ET_MOSAIC DEBUG: justoneday 2008 310 /caldera/projects/usgs/water/impd/skagone/r37.0_tile0
01:40:28 ET_MOSAIC DEBUG: justoneday 2008 311 /caldera/projects/usgs/water/impd/skagone/r37.0_tile0
01:42:00 ET_MOSAIC DEBUG: justoneday 2008 312 /caldera/projects/usgs/water/impd/skagone/r37.0_tile0
01:43:33 ET_MOSAIC DEBUG: justoneday 2008 313 /caldera/projects/usgs/water/impd/skagone/r37.0_tile0
01:45:04 ET_MOSAIC DEBUG: justoneday 2008 314 /caldera/projects/usgs/water/impd/skagone/r37.0_tile0
01:46:36 ET_MOSAIC DEBUG: justoneday 2008 315 /caldera/projects/usgs/water/impd/skagone/r37.0_tile0
01:48:07 ET_MOSAIC DEBUG: justoneday 2008 316 /caldera/projects/usgs/water/impd/skagone/r37.0_tile0
01:49:41 ET_MOSAIC DEBUG: justoneday 2008 317 /caldera/projects/usgs/water/impd/skagone/r37.0_tile0
01:51:15 ET_MOSAIC DEBUG: justoneday 2008 318 /caldera/projects/usgs/water/impd/skagone/r37.0_tile0
01:52:49 ET_MOSAIC DEBUG: justoneday 2008 319 /caldera/projects/usgs/water/impd/skagone/r37.0_tile0
01:54:22 ET_MOSAIC DEBUG: justoneday 2008 320 /caldera/projects/usgs/water/impd/skagone/r37.0_tile0
01:55:54 ET_MOSAIC DEBUG: justoneday 2008 321 /caldera/projects/usgs/water/impd/skagone/r37.0_tile0
01:57:25 ET_MOSAIC DEBUG: justoneday 2008 322 /caldera/projects/usgs/water/impd/skagone/r37.0_tile0
01:58:56 ET_MOSAIC DEBUG: justoneday 2008 323 /caldera/projects/usgs/water/impd/skagone/r37.0_tile0
02:00:27 ET_MOSAIC DEBUG: justoneday 2008 324 /caldera/projects/usgs/water/impd/skagone/r37.0_tile0
02:01:59 ET_MOSAIC DEBUG: justoneday 2008 325 /caldera/projects/usgs/water/impd/skagone/r37.0_tile0
02:03:32 ET_MOSAIC DEBUG: justoneday 2008 326 /caldera/projects/usgs/water/impd/skagone/r37.0_tile0
02:05:04 ET_MOSAIC DEBUG: justoneday 2008 327 /caldera/projects/usgs/water/impd/skagone/r37.0_tile0
02:06:37 ET_MOSAIC DEBUG: justoneday 2008 328 /caldera/projects/usgs/water/impd/skagone/r37.0_tile0
02:08:09 ET_MOSAIC DEBUG: justoneday 2008 329 /caldera/projects/usgs/water/impd/skagone/r37.0_tile0
02:09:42 ET_MOSAIC DEBUG: justoneday 2008 330 /caldera/projects/usgs/water/impd/skagone/r37.0_tile0
02:11:13 ET_MOSAIC DEBUG: justoneday 2008 331 /caldera/projects/usgs/water/impd/skagone/r37.0_tile0
02:12:44 ET_MOSAIC DEBUG: justoneday 2008 332 /caldera/projects/usgs/water/impd/skagone/r37.0_tile0
02:14:16 ET_MOSAIC DEBUG: justoneday 2008 333 /caldera/projects/usgs/water/impd/skagone/r37.0_tile0
02:15:47 ET_MOSAIC DEBUG: justoneday 2008 334 /caldera/projects/usgs/water/impd/skagone/r37.0_tile0
02:17:19 ET_MOSAIC DEBUG: justoneday 2008 335 /caldera/projects/usgs/water/impd/skagone/r37.0_tile0
02:18:50 ET_MOSAIC DEBUG: justoneday 2008 336 /caldera/projects/usgs/water/impd/skagone/r37.0_tile0
02:20:22 ET_MOSAIC DEBUG: justoneday 2008 337 /caldera/projects/usgs/water/impd/skagone/r37.0_tile0
02:21:53 ET_MOSAIC DEBUG: justoneday 2008 338 /caldera/projects/usgs/water/impd/skagone/r37.0_tile0
02:23:23 ET_MOSAIC DEBUG: justoneday 2008 339 /caldera/projects/usgs/water/impd/skagone/r37.0_tile0
02:24:54 ET_MOSAIC DEBUG: justoneday 2008 340 /caldera/projects/usgs/water/impd/skagone/r37.0_tile0
02:26:27 ET_MOSAIC DEBUG: justoneday 2008 341 /caldera/projects/usgs/water/impd/skagone/r37.0_tile0
02:28:01 ET_MOSAIC DEBUG: justoneday 2008 342 /caldera/projects/usgs/water/impd/skagone/r37.0_tile0
02:29:36 ET_MOSAIC DEBUG: justoneday 2008 343 /caldera/projects/usgs/water/impd/skagone/r37.0_tile0
02:31:09 ET_MOSAIC DEBUG: justoneday 2008 344 /caldera/projects/usgs/water/impd/skagone/r37.0_tile0
02:32:42 ET_MOSAIC DEBUG: justoneday 2008 345 /caldera/projects/usgs/water/impd/skagone/r37.0_tile0
02:34:20 ET_MOSAIC DEBUG: justoneday 2008 346 /caldera/projects/usgs/water/impd/skagone/r37.0_tile0
02:35:54 ET_MOSAIC DEBUG: justoneday 2008 347 /caldera/projects/usgs/water/impd/skagone/r37.0_tile0
02:37:29 ET_MOSAIC DEBUG: justoneday 2008 348 /caldera/projects/usgs/water/impd/skagone/r37.0_tile0
02:39:03 ET_MOSAIC DEBUG: justoneday 2008 349 /caldera/projects/usgs/water/impd/skagone/r37.0_tile0
02:40:35 ET_MOSAIC DEBUG: justoneday 2008 350 /caldera/projects/usgs/water/impd/skagone/r37.0_tile0
02:42:07 ET_MOSAIC DEBUG: justoneday 2008 351 /caldera/projects/usgs/water/impd/skagone/r37.0_tile0
02:43:41 ET_MOSAIC DEBUG: justoneday 2008 352 /caldera/projects/usgs/water/impd/skagone/r37.0_tile0
02:45:13 ET_MOSAIC DEBUG: justoneday 2008 353 /caldera/projects/usgs/water/impd/skagone/r37.0_tile0
02:46:43 ET_MOSAIC DEBUG: justoneday 2008 354 /caldera/projects/usgs/water/impd/skagone/r37.0_tile0
02:48:15 ET_MOSAIC DEBUG: justoneday 2008 355 /caldera/projects/usgs/water/impd/skagone/r37.0_tile0
02:49:49 ET_MOSAIC DEBUG: justoneday 2008 356 /caldera/projects/usgs/water/impd/skagone/r37.0_tile0
02:51:22 ET_MOSAIC DEBUG: justoneday 2008 357 /caldera/projects/usgs/water/impd/skagone/r37.0_tile0
02:52:56 ET_MOSAIC DEBUG: justoneday 2008 358 /caldera/projects/usgs/water/impd/skagone/r37.0_tile0
02:54:29 ET_MOSAIC DEBUG: justoneday 2008 359 /caldera/projects/usgs/water/impd/skagone/r37.0_tile0
02:56:03 ET_MOSAIC DEBUG: justoneday 2008 360 /caldera/projects/usgs/water/impd/skagone/r37.0_tile0
02:57:36 ET_MOSAIC DEBUG: justoneday 2008 361 /caldera/projects/usgs/water/impd/skagone/r37.0_tile0
02:59:08 ET_MOSAIC DEBUG: justoneday 2008 362 /caldera/projects/usgs/water/impd/skagone/r37.0_tile0
03:00:39 ET_MOSAIC DEBUG: justoneday 2008 363 /caldera/projects/usgs/water/impd/skagone/r37.0_tile0
03:02:10 ET_MOSAIC DEBUG: justoneday 2008 364 /caldera/projects/usgs/water/impd/skagone/r37.0_tile0
03:03:41 ET_MOSAIC DEBUG: justoneday 2008 365 /caldera/projects/usgs/water/impd/skagone/r37.0_tile0
03:05:13 ET_MOSAIC DEBUG: justoneday 2008 366 /caldera/projects/usgs/water/impd/skagone/r37.0_tile0
