13:59:35 ET_MOSAIC DEBUG: this is how you call one of your functions
13:59:35 ET_MOSAIC DEBUG: hello from Conus_mosaic class
13:59:35 ET_MOSAIC DEBUG: Mosaicking ['etasw'] in /caldera/projects/usgs/water/impd/skagone and put it in /caldera/projects/usgs/water/impd/skagone/conus_mos_completed/2014 for 2014
13:59:35 ET_MOSAIC DEBUG: run_mosaic
13:59:35 ET_MOSAIC DEBUG: Mosaic this product: etasw
13:59:35 ET_MOSAIC DEBUG: /caldera/projects/usgs/water/impd/skagone/
13:59:35 ET_MOSAIC DEBUG: justoneday 2014 1 /caldera/projects/usgs/water/impd/skagone/r37.0_tile0
Warning 1: +init=epsg:XXXX syntax is deprecated. It might return a CRS with a non-EPSG compliant axis order.
14:01:12 ET_MOSAIC DEBUG: justoneday 2014 2 /caldera/projects/usgs/water/impd/skagone/r37.0_tile0
14:02:53 ET_MOSAIC DEBUG: justoneday 2014 3 /caldera/projects/usgs/water/impd/skagone/r37.0_tile0
14:04:35 ET_MOSAIC DEBUG: justoneday 2014 4 /caldera/projects/usgs/water/impd/skagone/r37.0_tile0
14:06:18 ET_MOSAIC DEBUG: justoneday 2014 5 /caldera/projects/usgs/water/impd/skagone/r37.0_tile0
14:07:54 ET_MOSAIC DEBUG: justoneday 2014 6 /caldera/projects/usgs/water/impd/skagone/r37.0_tile0
14:09:37 ET_MOSAIC DEBUG: justoneday 2014 7 /caldera/projects/usgs/water/impd/skagone/r37.0_tile0
14:11:24 ET_MOSAIC DEBUG: justoneday 2014 8 /caldera/projects/usgs/water/impd/skagone/r37.0_tile0
14:13:11 ET_MOSAIC DEBUG: justoneday 2014 9 /caldera/projects/usgs/water/impd/skagone/r37.0_tile0
14:14:57 ET_MOSAIC DEBUG: justoneday 2014 10 /caldera/projects/usgs/water/impd/skagone/r37.0_tile0
14:16:44 ET_MOSAIC DEBUG: justoneday 2014 11 /caldera/projects/usgs/water/impd/skagone/r37.0_tile0
14:18:38 ET_MOSAIC DEBUG: justoneday 2014 12 /caldera/projects/usgs/water/impd/skagone/r37.0_tile0
14:20:25 ET_MOSAIC DEBUG: justoneday 2014 13 /caldera/projects/usgs/water/impd/skagone/r37.0_tile0
14:22:12 ET_MOSAIC DEBUG: justoneday 2014 14 /caldera/projects/usgs/water/impd/skagone/r37.0_tile0
14:23:57 ET_MOSAIC DEBUG: justoneday 2014 15 /caldera/projects/usgs/water/impd/skagone/r37.0_tile0
14:25:46 ET_MOSAIC DEBUG: justoneday 2014 16 /caldera/projects/usgs/water/impd/skagone/r37.0_tile0
14:27:38 ET_MOSAIC DEBUG: justoneday 2014 17 /caldera/projects/usgs/water/impd/skagone/r37.0_tile0
14:29:15 ET_MOSAIC DEBUG: justoneday 2014 18 /caldera/projects/usgs/water/impd/skagone/r37.0_tile0
14:31:03 ET_MOSAIC DEBUG: justoneday 2014 19 /caldera/projects/usgs/water/impd/skagone/r37.0_tile0
14:32:57 ET_MOSAIC DEBUG: justoneday 2014 20 /caldera/projects/usgs/water/impd/skagone/r37.0_tile0
14:34:51 ET_MOSAIC DEBUG: justoneday 2014 21 /caldera/projects/usgs/water/impd/skagone/r37.0_tile0
14:36:46 ET_MOSAIC DEBUG: justoneday 2014 22 /caldera/projects/usgs/water/impd/skagone/r37.0_tile0
14:38:35 ET_MOSAIC DEBUG: justoneday 2014 23 /caldera/projects/usgs/water/impd/skagone/r37.0_tile0
14:40:23 ET_MOSAIC DEBUG: justoneday 2014 24 /caldera/projects/usgs/water/impd/skagone/r37.0_tile0
14:42:11 ET_MOSAIC DEBUG: justoneday 2014 25 /caldera/projects/usgs/water/impd/skagone/r37.0_tile0
14:44:06 ET_MOSAIC DEBUG: justoneday 2014 26 /caldera/projects/usgs/water/impd/skagone/r37.0_tile0
14:45:50 ET_MOSAIC DEBUG: justoneday 2014 27 /caldera/projects/usgs/water/impd/skagone/r37.0_tile0
14:47:43 ET_MOSAIC DEBUG: justoneday 2014 28 /caldera/projects/usgs/water/impd/skagone/r37.0_tile0
14:49:33 ET_MOSAIC DEBUG: justoneday 2014 29 /caldera/projects/usgs/water/impd/skagone/r37.0_tile0
14:51:25 ET_MOSAIC DEBUG: justoneday 2014 30 /caldera/projects/usgs/water/impd/skagone/r37.0_tile0
14:53:15 ET_MOSAIC DEBUG: justoneday 2014 31 /caldera/projects/usgs/water/impd/skagone/r37.0_tile0
14:55:02 ET_MOSAIC DEBUG: justoneday 2014 32 /caldera/projects/usgs/water/impd/skagone/r37.0_tile0
14:56:59 ET_MOSAIC DEBUG: justoneday 2014 33 /caldera/projects/usgs/water/impd/skagone/r37.0_tile0
14:58:54 ET_MOSAIC DEBUG: justoneday 2014 34 /caldera/projects/usgs/water/impd/skagone/r37.0_tile0
15:00:49 ET_MOSAIC DEBUG: justoneday 2014 35 /caldera/projects/usgs/water/impd/skagone/r37.0_tile0
15:02:40 ET_MOSAIC DEBUG: justoneday 2014 36 /caldera/projects/usgs/water/impd/skagone/r37.0_tile0
15:04:34 ET_MOSAIC DEBUG: justoneday 2014 37 /caldera/projects/usgs/water/impd/skagone/r37.0_tile0
15:06:26 ET_MOSAIC DEBUG: justoneday 2014 38 /caldera/projects/usgs/water/impd/skagone/r37.0_tile0
15:08:18 ET_MOSAIC DEBUG: justoneday 2014 39 /caldera/projects/usgs/water/impd/skagone/r37.0_tile0
15:10:13 ET_MOSAIC DEBUG: justoneday 2014 40 /caldera/projects/usgs/water/impd/skagone/r37.0_tile0
15:12:04 ET_MOSAIC DEBUG: justoneday 2014 41 /caldera/projects/usgs/water/impd/skagone/r37.0_tile0
15:13:53 ET_MOSAIC DEBUG: justoneday 2014 42 /caldera/projects/usgs/water/impd/skagone/r37.0_tile0
15:15:46 ET_MOSAIC DEBUG: justoneday 2014 43 /caldera/projects/usgs/water/impd/skagone/r37.0_tile0
15:17:36 ET_MOSAIC DEBUG: justoneday 2014 44 /caldera/projects/usgs/water/impd/skagone/r37.0_tile0
15:19:25 ET_MOSAIC DEBUG: justoneday 2014 45 /caldera/projects/usgs/water/impd/skagone/r37.0_tile0
15:21:14 ET_MOSAIC DEBUG: justoneday 2014 46 /caldera/projects/usgs/water/impd/skagone/r37.0_tile0
15:23:03 ET_MOSAIC DEBUG: justoneday 2014 47 /caldera/projects/usgs/water/impd/skagone/r37.0_tile0
15:24:43 ET_MOSAIC DEBUG: justoneday 2014 48 /caldera/projects/usgs/water/impd/skagone/r37.0_tile0
15:26:42 ET_MOSAIC DEBUG: justoneday 2014 49 /caldera/projects/usgs/water/impd/skagone/r37.0_tile0
15:28:33 ET_MOSAIC DEBUG: justoneday 2014 50 /caldera/projects/usgs/water/impd/skagone/r37.0_tile0
15:30:22 ET_MOSAIC DEBUG: justoneday 2014 51 /caldera/projects/usgs/water/impd/skagone/r37.0_tile0
15:32:11 ET_MOSAIC DEBUG: justoneday 2014 52 /caldera/projects/usgs/water/impd/skagone/r37.0_tile0
15:34:00 ET_MOSAIC DEBUG: justoneday 2014 53 /caldera/projects/usgs/water/impd/skagone/r37.0_tile0
15:35:49 ET_MOSAIC DEBUG: justoneday 2014 54 /caldera/projects/usgs/water/impd/skagone/r37.0_tile0
15:37:42 ET_MOSAIC DEBUG: justoneday 2014 55 /caldera/projects/usgs/water/impd/skagone/r37.0_tile0
15:39:38 ET_MOSAIC DEBUG: justoneday 2014 56 /caldera/projects/usgs/water/impd/skagone/r37.0_tile0
15:41:33 ET_MOSAIC DEBUG: justoneday 2014 57 /caldera/projects/usgs/water/impd/skagone/r37.0_tile0
15:43:29 ET_MOSAIC DEBUG: justoneday 2014 58 /caldera/projects/usgs/water/impd/skagone/r37.0_tile0
15:45:25 ET_MOSAIC DEBUG: justoneday 2014 59 /caldera/projects/usgs/water/impd/skagone/r37.0_tile0
15:47:21 ET_MOSAIC DEBUG: justoneday 2014 60 /caldera/projects/usgs/water/impd/skagone/r37.0_tile0
15:49:19 ET_MOSAIC DEBUG: justoneday 2014 61 /caldera/projects/usgs/water/impd/skagone/r37.0_tile0
15:51:18 ET_MOSAIC DEBUG: justoneday 2014 62 /caldera/projects/usgs/water/impd/skagone/r37.0_tile0
15:53:15 ET_MOSAIC DEBUG: justoneday 2014 63 /caldera/projects/usgs/water/impd/skagone/r37.0_tile0
15:55:10 ET_MOSAIC DEBUG: justoneday 2014 64 /caldera/projects/usgs/water/impd/skagone/r37.0_tile0
15:57:02 ET_MOSAIC DEBUG: justoneday 2014 65 /caldera/projects/usgs/water/impd/skagone/r37.0_tile0
15:58:57 ET_MOSAIC DEBUG: justoneday 2014 66 /caldera/projects/usgs/water/impd/skagone/r37.0_tile0
16:00:41 ET_MOSAIC DEBUG: justoneday 2014 67 /caldera/projects/usgs/water/impd/skagone/r37.0_tile0
16:02:39 ET_MOSAIC DEBUG: justoneday 2014 68 /caldera/projects/usgs/water/impd/skagone/r37.0_tile0
16:04:40 ET_MOSAIC DEBUG: justoneday 2014 69 /caldera/projects/usgs/water/impd/skagone/r37.0_tile0
16:06:46 ET_MOSAIC DEBUG: justoneday 2014 70 /caldera/projects/usgs/water/impd/skagone/r37.0_tile0
16:08:46 ET_MOSAIC DEBUG: justoneday 2014 71 /caldera/projects/usgs/water/impd/skagone/r37.0_tile0
16:10:47 ET_MOSAIC DEBUG: justoneday 2014 72 /caldera/projects/usgs/water/impd/skagone/r37.0_tile0
16:12:41 ET_MOSAIC DEBUG: justoneday 2014 73 /caldera/projects/usgs/water/impd/skagone/r37.0_tile0
16:14:37 ET_MOSAIC DEBUG: justoneday 2014 74 /caldera/projects/usgs/water/impd/skagone/r37.0_tile0
16:16:33 ET_MOSAIC DEBUG: justoneday 2014 75 /caldera/projects/usgs/water/impd/skagone/r37.0_tile0
16:18:26 ET_MOSAIC DEBUG: justoneday 2014 76 /caldera/projects/usgs/water/impd/skagone/r37.0_tile0
16:20:18 ET_MOSAIC DEBUG: justoneday 2014 77 /caldera/projects/usgs/water/impd/skagone/r37.0_tile0
16:22:13 ET_MOSAIC DEBUG: justoneday 2014 78 /caldera/projects/usgs/water/impd/skagone/r37.0_tile0
16:24:11 ET_MOSAIC DEBUG: justoneday 2014 79 /caldera/projects/usgs/water/impd/skagone/r37.0_tile0
16:26:04 ET_MOSAIC DEBUG: justoneday 2014 80 /caldera/projects/usgs/water/impd/skagone/r37.0_tile0
16:28:02 ET_MOSAIC DEBUG: justoneday 2014 81 /caldera/projects/usgs/water/impd/skagone/r37.0_tile0
16:29:54 ET_MOSAIC DEBUG: justoneday 2014 82 /caldera/projects/usgs/water/impd/skagone/r37.0_tile0
16:31:47 ET_MOSAIC DEBUG: justoneday 2014 83 /caldera/projects/usgs/water/impd/skagone/r37.0_tile0
16:33:41 ET_MOSAIC DEBUG: justoneday 2014 84 /caldera/projects/usgs/water/impd/skagone/r37.0_tile0
16:35:43 ET_MOSAIC DEBUG: justoneday 2014 85 /caldera/projects/usgs/water/impd/skagone/r37.0_tile0
16:37:44 ET_MOSAIC DEBUG: justoneday 2014 86 /caldera/projects/usgs/water/impd/skagone/r37.0_tile0
16:39:44 ET_MOSAIC DEBUG: justoneday 2014 87 /caldera/projects/usgs/water/impd/skagone/r37.0_tile0
16:41:38 ET_MOSAIC DEBUG: justoneday 2014 88 /caldera/projects/usgs/water/impd/skagone/r37.0_tile0
16:43:33 ET_MOSAIC DEBUG: justoneday 2014 89 /caldera/projects/usgs/water/impd/skagone/r37.0_tile0
16:45:34 ET_MOSAIC DEBUG: justoneday 2014 90 /caldera/projects/usgs/water/impd/skagone/r37.0_tile0
16:47:31 ET_MOSAIC DEBUG: justoneday 2014 91 /caldera/projects/usgs/water/impd/skagone/r37.0_tile0
16:49:27 ET_MOSAIC DEBUG: justoneday 2014 92 /caldera/projects/usgs/water/impd/skagone/r37.0_tile0
16:51:23 ET_MOSAIC DEBUG: justoneday 2014 93 /caldera/projects/usgs/water/impd/skagone/r37.0_tile0
16:53:19 ET_MOSAIC DEBUG: justoneday 2014 94 /caldera/projects/usgs/water/impd/skagone/r37.0_tile0
16:55:16 ET_MOSAIC DEBUG: justoneday 2014 95 /caldera/projects/usgs/water/impd/skagone/r37.0_tile0
16:57:19 ET_MOSAIC DEBUG: justoneday 2014 96 /caldera/projects/usgs/water/impd/skagone/r37.0_tile0
16:59:18 ET_MOSAIC DEBUG: justoneday 2014 97 /caldera/projects/usgs/water/impd/skagone/r37.0_tile0
17:01:17 ET_MOSAIC DEBUG: justoneday 2014 98 /caldera/projects/usgs/water/impd/skagone/r37.0_tile0
17:03:24 ET_MOSAIC DEBUG: justoneday 2014 99 /caldera/projects/usgs/water/impd/skagone/r37.0_tile0
17:05:21 ET_MOSAIC DEBUG: justoneday 2014 100 /caldera/projects/usgs/water/impd/skagone/r37.0_tile0
17:07:18 ET_MOSAIC DEBUG: justoneday 2014 101 /caldera/projects/usgs/water/impd/skagone/r37.0_tile0
17:09:17 ET_MOSAIC DEBUG: justoneday 2014 102 /caldera/projects/usgs/water/impd/skagone/r37.0_tile0
17:11:18 ET_MOSAIC DEBUG: justoneday 2014 103 /caldera/projects/usgs/water/impd/skagone/r37.0_tile0
17:13:23 ET_MOSAIC DEBUG: justoneday 2014 104 /caldera/projects/usgs/water/impd/skagone/r37.0_tile0
17:15:20 ET_MOSAIC DEBUG: justoneday 2014 105 /caldera/projects/usgs/water/impd/skagone/r37.0_tile0
17:17:24 ET_MOSAIC DEBUG: justoneday 2014 106 /caldera/projects/usgs/water/impd/skagone/r37.0_tile0
17:19:22 ET_MOSAIC DEBUG: justoneday 2014 107 /caldera/projects/usgs/water/impd/skagone/r37.0_tile0
17:21:21 ET_MOSAIC DEBUG: justoneday 2014 108 /caldera/projects/usgs/water/impd/skagone/r37.0_tile0
17:23:22 ET_MOSAIC DEBUG: justoneday 2014 109 /caldera/projects/usgs/water/impd/skagone/r37.0_tile0
17:25:22 ET_MOSAIC DEBUG: justoneday 2014 110 /caldera/projects/usgs/water/impd/skagone/r37.0_tile0
17:27:25 ET_MOSAIC DEBUG: justoneday 2014 111 /caldera/projects/usgs/water/impd/skagone/r37.0_tile0
17:29:28 ET_MOSAIC DEBUG: justoneday 2014 112 /caldera/projects/usgs/water/impd/skagone/r37.0_tile0
17:31:30 ET_MOSAIC DEBUG: justoneday 2014 113 /caldera/projects/usgs/water/impd/skagone/r37.0_tile0
17:33:36 ET_MOSAIC DEBUG: justoneday 2014 114 /caldera/projects/usgs/water/impd/skagone/r37.0_tile0
17:35:38 ET_MOSAIC DEBUG: justoneday 2014 115 /caldera/projects/usgs/water/impd/skagone/r37.0_tile0
17:37:43 ET_MOSAIC DEBUG: justoneday 2014 116 /caldera/projects/usgs/water/impd/skagone/r37.0_tile0
17:39:44 ET_MOSAIC DEBUG: justoneday 2014 117 /caldera/projects/usgs/water/impd/skagone/r37.0_tile0
17:41:48 ET_MOSAIC DEBUG: justoneday 2014 118 /caldera/projects/usgs/water/impd/skagone/r37.0_tile0
17:43:48 ET_MOSAIC DEBUG: justoneday 2014 119 /caldera/projects/usgs/water/impd/skagone/r37.0_tile0
17:45:55 ET_MOSAIC DEBUG: justoneday 2014 120 /caldera/projects/usgs/water/impd/skagone/r37.0_tile0
17:47:56 ET_MOSAIC DEBUG: justoneday 2014 121 /caldera/projects/usgs/water/impd/skagone/r37.0_tile0
17:50:04 ET_MOSAIC DEBUG: justoneday 2014 122 /caldera/projects/usgs/water/impd/skagone/r37.0_tile0
17:52:03 ET_MOSAIC DEBUG: justoneday 2014 123 /caldera/projects/usgs/water/impd/skagone/r37.0_tile0
17:54:11 ET_MOSAIC DEBUG: justoneday 2014 124 /caldera/projects/usgs/water/impd/skagone/r37.0_tile0
17:56:21 ET_MOSAIC DEBUG: justoneday 2014 125 /caldera/projects/usgs/water/impd/skagone/r37.0_tile0
17:58:24 ET_MOSAIC DEBUG: justoneday 2014 126 /caldera/projects/usgs/water/impd/skagone/r37.0_tile0
18:00:25 ET_MOSAIC DEBUG: justoneday 2014 127 /caldera/projects/usgs/water/impd/skagone/r37.0_tile0
18:02:24 ET_MOSAIC DEBUG: justoneday 2014 128 /caldera/projects/usgs/water/impd/skagone/r37.0_tile0
18:04:27 ET_MOSAIC DEBUG: justoneday 2014 129 /caldera/projects/usgs/water/impd/skagone/r37.0_tile0
18:06:31 ET_MOSAIC DEBUG: justoneday 2014 130 /caldera/projects/usgs/water/impd/skagone/r37.0_tile0
18:08:34 ET_MOSAIC DEBUG: justoneday 2014 131 /caldera/projects/usgs/water/impd/skagone/r37.0_tile0
18:10:40 ET_MOSAIC DEBUG: justoneday 2014 132 /caldera/projects/usgs/water/impd/skagone/r37.0_tile0
18:12:42 ET_MOSAIC DEBUG: justoneday 2014 133 /caldera/projects/usgs/water/impd/skagone/r37.0_tile0
18:14:45 ET_MOSAIC DEBUG: justoneday 2014 134 /caldera/projects/usgs/water/impd/skagone/r37.0_tile0
18:16:56 ET_MOSAIC DEBUG: justoneday 2014 135 /caldera/projects/usgs/water/impd/skagone/r37.0_tile0
18:18:50 ET_MOSAIC DEBUG: justoneday 2014 136 /caldera/projects/usgs/water/impd/skagone/r37.0_tile0
18:20:55 ET_MOSAIC DEBUG: justoneday 2014 137 /caldera/projects/usgs/water/impd/skagone/r37.0_tile0
18:22:56 ET_MOSAIC DEBUG: justoneday 2014 138 /caldera/projects/usgs/water/impd/skagone/r37.0_tile0
18:25:08 ET_MOSAIC DEBUG: justoneday 2014 139 /caldera/projects/usgs/water/impd/skagone/r37.0_tile0
18:27:00 ET_MOSAIC DEBUG: justoneday 2014 140 /caldera/projects/usgs/water/impd/skagone/r37.0_tile0
18:28:51 ET_MOSAIC DEBUG: justoneday 2014 141 /caldera/projects/usgs/water/impd/skagone/r37.0_tile0
18:30:56 ET_MOSAIC DEBUG: justoneday 2014 142 /caldera/projects/usgs/water/impd/skagone/r37.0_tile0
18:32:44 ET_MOSAIC DEBUG: justoneday 2014 143 /caldera/projects/usgs/water/impd/skagone/r37.0_tile0
18:34:49 ET_MOSAIC DEBUG: justoneday 2014 144 /caldera/projects/usgs/water/impd/skagone/r37.0_tile0
18:36:56 ET_MOSAIC DEBUG: justoneday 2014 145 /caldera/projects/usgs/water/impd/skagone/r37.0_tile0
18:38:53 ET_MOSAIC DEBUG: justoneday 2014 146 /caldera/projects/usgs/water/impd/skagone/r37.0_tile0
18:40:59 ET_MOSAIC DEBUG: justoneday 2014 147 /caldera/projects/usgs/water/impd/skagone/r37.0_tile0
18:42:54 ET_MOSAIC DEBUG: justoneday 2014 148 /caldera/projects/usgs/water/impd/skagone/r37.0_tile0
18:45:00 ET_MOSAIC DEBUG: justoneday 2014 149 /caldera/projects/usgs/water/impd/skagone/r37.0_tile0
18:46:52 ET_MOSAIC DEBUG: justoneday 2014 150 /caldera/projects/usgs/water/impd/skagone/r37.0_tile0
18:48:59 ET_MOSAIC DEBUG: justoneday 2014 151 /caldera/projects/usgs/water/impd/skagone/r37.0_tile0
18:50:52 ET_MOSAIC DEBUG: justoneday 2014 152 /caldera/projects/usgs/water/impd/skagone/r37.0_tile0
18:52:43 ET_MOSAIC DEBUG: justoneday 2014 153 /caldera/projects/usgs/water/impd/skagone/r37.0_tile0
18:54:48 ET_MOSAIC DEBUG: justoneday 2014 154 /caldera/projects/usgs/water/impd/skagone/r37.0_tile0
18:56:53 ET_MOSAIC DEBUG: justoneday 2014 155 /caldera/projects/usgs/water/impd/skagone/r37.0_tile0
18:58:47 ET_MOSAIC DEBUG: justoneday 2014 156 /caldera/projects/usgs/water/impd/skagone/r37.0_tile0
19:00:54 ET_MOSAIC DEBUG: justoneday 2014 157 /caldera/projects/usgs/water/impd/skagone/r37.0_tile0
19:02:58 ET_MOSAIC DEBUG: justoneday 2014 158 /caldera/projects/usgs/water/impd/skagone/r37.0_tile0
19:04:55 ET_MOSAIC DEBUG: justoneday 2014 159 /caldera/projects/usgs/water/impd/skagone/r37.0_tile0
19:06:55 ET_MOSAIC DEBUG: justoneday 2014 160 /caldera/projects/usgs/water/impd/skagone/r37.0_tile0
19:09:03 ET_MOSAIC DEBUG: justoneday 2014 161 /caldera/projects/usgs/water/impd/skagone/r37.0_tile0
19:11:03 ET_MOSAIC DEBUG: justoneday 2014 162 /caldera/projects/usgs/water/impd/skagone/r37.0_tile0
19:13:11 ET_MOSAIC DEBUG: justoneday 2014 163 /caldera/projects/usgs/water/impd/skagone/r37.0_tile0
19:15:09 ET_MOSAIC DEBUG: justoneday 2014 164 /caldera/projects/usgs/water/impd/skagone/r37.0_tile0
19:17:04 ET_MOSAIC DEBUG: justoneday 2014 165 /caldera/projects/usgs/water/impd/skagone/r37.0_tile0
19:19:02 ET_MOSAIC DEBUG: justoneday 2014 166 /caldera/projects/usgs/water/impd/skagone/r37.0_tile0
19:21:00 ET_MOSAIC DEBUG: justoneday 2014 167 /caldera/projects/usgs/water/impd/skagone/r37.0_tile0
19:22:53 ET_MOSAIC DEBUG: justoneday 2014 168 /caldera/projects/usgs/water/impd/skagone/r37.0_tile0
19:24:46 ET_MOSAIC DEBUG: justoneday 2014 169 /caldera/projects/usgs/water/impd/skagone/r37.0_tile0
19:26:40 ET_MOSAIC DEBUG: justoneday 2014 170 /caldera/projects/usgs/water/impd/skagone/r37.0_tile0
19:28:34 ET_MOSAIC DEBUG: justoneday 2014 171 /caldera/projects/usgs/water/impd/skagone/r37.0_tile0
19:30:28 ET_MOSAIC DEBUG: justoneday 2014 172 /caldera/projects/usgs/water/impd/skagone/r37.0_tile0
19:32:22 ET_MOSAIC DEBUG: justoneday 2014 173 /caldera/projects/usgs/water/impd/skagone/r37.0_tile0
19:34:12 ET_MOSAIC DEBUG: justoneday 2014 174 /caldera/projects/usgs/water/impd/skagone/r37.0_tile0
19:36:04 ET_MOSAIC DEBUG: justoneday 2014 175 /caldera/projects/usgs/water/impd/skagone/r37.0_tile0
19:37:54 ET_MOSAIC DEBUG: justoneday 2014 176 /caldera/projects/usgs/water/impd/skagone/r37.0_tile0
19:39:45 ET_MOSAIC DEBUG: justoneday 2014 177 /caldera/projects/usgs/water/impd/skagone/r37.0_tile0
19:41:33 ET_MOSAIC DEBUG: justoneday 2014 178 /caldera/projects/usgs/water/impd/skagone/r37.0_tile0
19:43:23 ET_MOSAIC DEBUG: justoneday 2014 179 /caldera/projects/usgs/water/impd/skagone/r37.0_tile0
19:45:22 ET_MOSAIC DEBUG: justoneday 2014 180 /caldera/projects/usgs/water/impd/skagone/r37.0_tile0
19:47:16 ET_MOSAIC DEBUG: justoneday 2014 181 /caldera/projects/usgs/water/impd/skagone/r37.0_tile0
19:49:13 ET_MOSAIC DEBUG: justoneday 2014 182 /caldera/projects/usgs/water/impd/skagone/r37.0_tile0
19:51:12 ET_MOSAIC DEBUG: justoneday 2014 183 /caldera/projects/usgs/water/impd/skagone/r37.0_tile0
19:53:02 ET_MOSAIC DEBUG: justoneday 2014 184 /caldera/projects/usgs/water/impd/skagone/r37.0_tile0
19:55:03 ET_MOSAIC DEBUG: justoneday 2014 185 /caldera/projects/usgs/water/impd/skagone/r37.0_tile0
19:57:01 ET_MOSAIC DEBUG: justoneday 2014 186 /caldera/projects/usgs/water/impd/skagone/r37.0_tile0
19:58:55 ET_MOSAIC DEBUG: justoneday 2014 187 /caldera/projects/usgs/water/impd/skagone/r37.0_tile0
20:00:48 ET_MOSAIC DEBUG: justoneday 2014 188 /caldera/projects/usgs/water/impd/skagone/r37.0_tile0
20:02:43 ET_MOSAIC DEBUG: justoneday 2014 189 /caldera/projects/usgs/water/impd/skagone/r37.0_tile0
20:04:37 ET_MOSAIC DEBUG: justoneday 2014 190 /caldera/projects/usgs/water/impd/skagone/r37.0_tile0
20:06:35 ET_MOSAIC DEBUG: justoneday 2014 191 /caldera/projects/usgs/water/impd/skagone/r37.0_tile0
20:08:33 ET_MOSAIC DEBUG: justoneday 2014 192 /caldera/projects/usgs/water/impd/skagone/r37.0_tile0
20:10:29 ET_MOSAIC DEBUG: justoneday 2014 193 /caldera/projects/usgs/water/impd/skagone/r37.0_tile0
20:12:24 ET_MOSAIC DEBUG: justoneday 2014 194 /caldera/projects/usgs/water/impd/skagone/r37.0_tile0
20:14:16 ET_MOSAIC DEBUG: justoneday 2014 195 /caldera/projects/usgs/water/impd/skagone/r37.0_tile0
20:16:15 ET_MOSAIC DEBUG: justoneday 2014 196 /caldera/projects/usgs/water/impd/skagone/r37.0_tile0
20:18:16 ET_MOSAIC DEBUG: justoneday 2014 197 /caldera/projects/usgs/water/impd/skagone/r37.0_tile0
20:20:21 ET_MOSAIC DEBUG: justoneday 2014 198 /caldera/projects/usgs/water/impd/skagone/r37.0_tile0
20:22:23 ET_MOSAIC DEBUG: justoneday 2014 199 /caldera/projects/usgs/water/impd/skagone/r37.0_tile0
20:24:21 ET_MOSAIC DEBUG: justoneday 2014 200 /caldera/projects/usgs/water/impd/skagone/r37.0_tile0
20:26:19 ET_MOSAIC DEBUG: justoneday 2014 201 /caldera/projects/usgs/water/impd/skagone/r37.0_tile0
20:28:15 ET_MOSAIC DEBUG: justoneday 2014 202 /caldera/projects/usgs/water/impd/skagone/r37.0_tile0
20:30:09 ET_MOSAIC DEBUG: justoneday 2014 203 /caldera/projects/usgs/water/impd/skagone/r37.0_tile0
20:32:03 ET_MOSAIC DEBUG: justoneday 2014 204 /caldera/projects/usgs/water/impd/skagone/r37.0_tile0
20:33:55 ET_MOSAIC DEBUG: justoneday 2014 205 /caldera/projects/usgs/water/impd/skagone/r37.0_tile0
20:35:48 ET_MOSAIC DEBUG: justoneday 2014 206 /caldera/projects/usgs/water/impd/skagone/r37.0_tile0
20:37:56 ET_MOSAIC DEBUG: justoneday 2014 207 /caldera/projects/usgs/water/impd/skagone/r37.0_tile0
20:39:49 ET_MOSAIC DEBUG: justoneday 2014 208 /caldera/projects/usgs/water/impd/skagone/r37.0_tile0
20:41:44 ET_MOSAIC DEBUG: justoneday 2014 209 /caldera/projects/usgs/water/impd/skagone/r37.0_tile0
20:43:43 ET_MOSAIC DEBUG: justoneday 2014 210 /caldera/projects/usgs/water/impd/skagone/r37.0_tile0
20:45:37 ET_MOSAIC DEBUG: justoneday 2014 211 /caldera/projects/usgs/water/impd/skagone/r37.0_tile0
20:47:35 ET_MOSAIC DEBUG: justoneday 2014 212 /caldera/projects/usgs/water/impd/skagone/r37.0_tile0
20:49:37 ET_MOSAIC DEBUG: justoneday 2014 213 /caldera/projects/usgs/water/impd/skagone/r37.0_tile0
20:51:38 ET_MOSAIC DEBUG: justoneday 2014 214 /caldera/projects/usgs/water/impd/skagone/r37.0_tile0
20:53:28 ET_MOSAIC DEBUG: justoneday 2014 215 /caldera/projects/usgs/water/impd/skagone/r37.0_tile0
20:55:35 ET_MOSAIC DEBUG: justoneday 2014 216 /caldera/projects/usgs/water/impd/skagone/r37.0_tile0
20:57:44 ET_MOSAIC DEBUG: justoneday 2014 217 /caldera/projects/usgs/water/impd/skagone/r37.0_tile0
20:59:54 ET_MOSAIC DEBUG: justoneday 2014 218 /caldera/projects/usgs/water/impd/skagone/r37.0_tile0
21:01:55 ET_MOSAIC DEBUG: justoneday 2014 219 /caldera/projects/usgs/water/impd/skagone/r37.0_tile0
21:03:54 ET_MOSAIC DEBUG: justoneday 2014 220 /caldera/projects/usgs/water/impd/skagone/r37.0_tile0
21:05:51 ET_MOSAIC DEBUG: justoneday 2014 221 /caldera/projects/usgs/water/impd/skagone/r37.0_tile0
21:07:56 ET_MOSAIC DEBUG: justoneday 2014 222 /caldera/projects/usgs/water/impd/skagone/r37.0_tile0
21:09:54 ET_MOSAIC DEBUG: justoneday 2014 223 /caldera/projects/usgs/water/impd/skagone/r37.0_tile0
21:11:49 ET_MOSAIC DEBUG: justoneday 2014 224 /caldera/projects/usgs/water/impd/skagone/r37.0_tile0
21:13:48 ET_MOSAIC DEBUG: justoneday 2014 225 /caldera/projects/usgs/water/impd/skagone/r37.0_tile0
21:15:45 ET_MOSAIC DEBUG: justoneday 2014 226 /caldera/projects/usgs/water/impd/skagone/r37.0_tile0
21:17:42 ET_MOSAIC DEBUG: justoneday 2014 227 /caldera/projects/usgs/water/impd/skagone/r37.0_tile0
21:19:39 ET_MOSAIC DEBUG: justoneday 2014 228 /caldera/projects/usgs/water/impd/skagone/r37.0_tile0
21:21:36 ET_MOSAIC DEBUG: justoneday 2014 229 /caldera/projects/usgs/water/impd/skagone/r37.0_tile0
21:23:30 ET_MOSAIC DEBUG: justoneday 2014 230 /caldera/projects/usgs/water/impd/skagone/r37.0_tile0
21:25:29 ET_MOSAIC DEBUG: justoneday 2014 231 /caldera/projects/usgs/water/impd/skagone/r37.0_tile0
21:27:26 ET_MOSAIC DEBUG: justoneday 2014 232 /caldera/projects/usgs/water/impd/skagone/r37.0_tile0
21:29:22 ET_MOSAIC DEBUG: justoneday 2014 233 /caldera/projects/usgs/water/impd/skagone/r37.0_tile0
21:31:22 ET_MOSAIC DEBUG: justoneday 2014 234 /caldera/projects/usgs/water/impd/skagone/r37.0_tile0
21:33:23 ET_MOSAIC DEBUG: justoneday 2014 235 /caldera/projects/usgs/water/impd/skagone/r37.0_tile0
21:35:29 ET_MOSAIC DEBUG: justoneday 2014 236 /caldera/projects/usgs/water/impd/skagone/r37.0_tile0
21:37:30 ET_MOSAIC DEBUG: justoneday 2014 237 /caldera/projects/usgs/water/impd/skagone/r37.0_tile0
21:39:32 ET_MOSAIC DEBUG: justoneday 2014 238 /caldera/projects/usgs/water/impd/skagone/r37.0_tile0
21:41:33 ET_MOSAIC DEBUG: justoneday 2014 239 /caldera/projects/usgs/water/impd/skagone/r37.0_tile0
21:43:39 ET_MOSAIC DEBUG: justoneday 2014 240 /caldera/projects/usgs/water/impd/skagone/r37.0_tile0
21:45:41 ET_MOSAIC DEBUG: justoneday 2014 241 /caldera/projects/usgs/water/impd/skagone/r37.0_tile0
21:47:40 ET_MOSAIC DEBUG: justoneday 2014 242 /caldera/projects/usgs/water/impd/skagone/r37.0_tile0
21:49:42 ET_MOSAIC DEBUG: justoneday 2014 243 /caldera/projects/usgs/water/impd/skagone/r37.0_tile0
21:51:44 ET_MOSAIC DEBUG: justoneday 2014 244 /caldera/projects/usgs/water/impd/skagone/r37.0_tile0
21:53:53 ET_MOSAIC DEBUG: justoneday 2014 245 /caldera/projects/usgs/water/impd/skagone/r37.0_tile0
21:55:56 ET_MOSAIC DEBUG: justoneday 2014 246 /caldera/projects/usgs/water/impd/skagone/r37.0_tile0
21:58:00 ET_MOSAIC DEBUG: justoneday 2014 247 /caldera/projects/usgs/water/impd/skagone/r37.0_tile0
22:00:03 ET_MOSAIC DEBUG: justoneday 2014 248 /caldera/projects/usgs/water/impd/skagone/r37.0_tile0
22:02:02 ET_MOSAIC DEBUG: justoneday 2014 249 /caldera/projects/usgs/water/impd/skagone/r37.0_tile0
22:04:02 ET_MOSAIC DEBUG: justoneday 2014 250 /caldera/projects/usgs/water/impd/skagone/r37.0_tile0
22:06:00 ET_MOSAIC DEBUG: justoneday 2014 251 /caldera/projects/usgs/water/impd/skagone/r37.0_tile0
22:07:59 ET_MOSAIC DEBUG: justoneday 2014 252 /caldera/projects/usgs/water/impd/skagone/r37.0_tile0
22:10:03 ET_MOSAIC DEBUG: justoneday 2014 253 /caldera/projects/usgs/water/impd/skagone/r37.0_tile0
22:12:02 ET_MOSAIC DEBUG: justoneday 2014 254 /caldera/projects/usgs/water/impd/skagone/r37.0_tile0
22:13:53 ET_MOSAIC DEBUG: justoneday 2014 255 /caldera/projects/usgs/water/impd/skagone/r37.0_tile0
22:16:06 ET_MOSAIC DEBUG: justoneday 2014 256 /caldera/projects/usgs/water/impd/skagone/r37.0_tile0
22:18:05 ET_MOSAIC DEBUG: justoneday 2014 257 /caldera/projects/usgs/water/impd/skagone/r37.0_tile0
22:20:07 ET_MOSAIC DEBUG: justoneday 2014 258 /caldera/projects/usgs/water/impd/skagone/r37.0_tile0
22:22:14 ET_MOSAIC DEBUG: justoneday 2014 259 /caldera/projects/usgs/water/impd/skagone/r37.0_tile0
22:24:15 ET_MOSAIC DEBUG: justoneday 2014 260 /caldera/projects/usgs/water/impd/skagone/r37.0_tile0
22:26:21 ET_MOSAIC DEBUG: justoneday 2014 261 /caldera/projects/usgs/water/impd/skagone/r37.0_tile0
22:28:14 ET_MOSAIC DEBUG: justoneday 2014 262 /caldera/projects/usgs/water/impd/skagone/r37.0_tile0
22:30:25 ET_MOSAIC DEBUG: justoneday 2014 263 /caldera/projects/usgs/water/impd/skagone/r37.0_tile0
22:32:22 ET_MOSAIC DEBUG: justoneday 2014 264 /caldera/projects/usgs/water/impd/skagone/r37.0_tile0
22:34:31 ET_MOSAIC DEBUG: justoneday 2014 265 /caldera/projects/usgs/water/impd/skagone/r37.0_tile0
22:36:29 ET_MOSAIC DEBUG: justoneday 2014 266 /caldera/projects/usgs/water/impd/skagone/r37.0_tile0
22:38:35 ET_MOSAIC DEBUG: justoneday 2014 267 /caldera/projects/usgs/water/impd/skagone/r37.0_tile0
22:40:47 ET_MOSAIC DEBUG: justoneday 2014 268 /caldera/projects/usgs/water/impd/skagone/r37.0_tile0
22:42:50 ET_MOSAIC DEBUG: justoneday 2014 269 /caldera/projects/usgs/water/impd/skagone/r37.0_tile0
22:44:52 ET_MOSAIC DEBUG: justoneday 2014 270 /caldera/projects/usgs/water/impd/skagone/r37.0_tile0
22:46:55 ET_MOSAIC DEBUG: justoneday 2014 271 /caldera/projects/usgs/water/impd/skagone/r37.0_tile0
22:48:56 ET_MOSAIC DEBUG: justoneday 2014 272 /caldera/projects/usgs/water/impd/skagone/r37.0_tile0
22:50:59 ET_MOSAIC DEBUG: justoneday 2014 273 /caldera/projects/usgs/water/impd/skagone/r37.0_tile0
22:53:07 ET_MOSAIC DEBUG: justoneday 2014 274 /caldera/projects/usgs/water/impd/skagone/r37.0_tile0
22:55:16 ET_MOSAIC DEBUG: justoneday 2014 275 /caldera/projects/usgs/water/impd/skagone/r37.0_tile0
22:57:24 ET_MOSAIC DEBUG: justoneday 2014 276 /caldera/projects/usgs/water/impd/skagone/r37.0_tile0
22:59:37 ET_MOSAIC DEBUG: justoneday 2014 277 /caldera/projects/usgs/water/impd/skagone/r37.0_tile0
23:01:46 ET_MOSAIC DEBUG: justoneday 2014 278 /caldera/projects/usgs/water/impd/skagone/r37.0_tile0
23:03:51 ET_MOSAIC DEBUG: justoneday 2014 279 /caldera/projects/usgs/water/impd/skagone/r37.0_tile0
23:06:07 ET_MOSAIC DEBUG: justoneday 2014 280 /caldera/projects/usgs/water/impd/skagone/r37.0_tile0
23:08:12 ET_MOSAIC DEBUG: justoneday 2014 281 /caldera/projects/usgs/water/impd/skagone/r37.0_tile0
23:10:14 ET_MOSAIC DEBUG: justoneday 2014 282 /caldera/projects/usgs/water/impd/skagone/r37.0_tile0
23:12:17 ET_MOSAIC DEBUG: justoneday 2014 283 /caldera/projects/usgs/water/impd/skagone/r37.0_tile0
23:14:26 ET_MOSAIC DEBUG: justoneday 2014 284 /caldera/projects/usgs/water/impd/skagone/r37.0_tile0
23:16:30 ET_MOSAIC DEBUG: justoneday 2014 285 /caldera/projects/usgs/water/impd/skagone/r37.0_tile0
23:18:30 ET_MOSAIC DEBUG: justoneday 2014 286 /caldera/projects/usgs/water/impd/skagone/r37.0_tile0
23:20:41 ET_MOSAIC DEBUG: justoneday 2014 287 /caldera/projects/usgs/water/impd/skagone/r37.0_tile0
23:22:41 ET_MOSAIC DEBUG: justoneday 2014 288 /caldera/projects/usgs/water/impd/skagone/r37.0_tile0
23:24:52 ET_MOSAIC DEBUG: justoneday 2014 289 /caldera/projects/usgs/water/impd/skagone/r37.0_tile0
23:27:00 ET_MOSAIC DEBUG: justoneday 2014 290 /caldera/projects/usgs/water/impd/skagone/r37.0_tile0
23:29:06 ET_MOSAIC DEBUG: justoneday 2014 291 /caldera/projects/usgs/water/impd/skagone/r37.0_tile0
23:31:14 ET_MOSAIC DEBUG: justoneday 2014 292 /caldera/projects/usgs/water/impd/skagone/r37.0_tile0
23:33:21 ET_MOSAIC DEBUG: justoneday 2014 293 /caldera/projects/usgs/water/impd/skagone/r37.0_tile0
23:35:29 ET_MOSAIC DEBUG: justoneday 2014 294 /caldera/projects/usgs/water/impd/skagone/r37.0_tile0
23:37:33 ET_MOSAIC DEBUG: justoneday 2014 295 /caldera/projects/usgs/water/impd/skagone/r37.0_tile0
23:39:39 ET_MOSAIC DEBUG: justoneday 2014 296 /caldera/projects/usgs/water/impd/skagone/r37.0_tile0
23:41:50 ET_MOSAIC DEBUG: justoneday 2014 297 /caldera/projects/usgs/water/impd/skagone/r37.0_tile0
23:43:57 ET_MOSAIC DEBUG: justoneday 2014 298 /caldera/projects/usgs/water/impd/skagone/r37.0_tile0
23:46:09 ET_MOSAIC DEBUG: justoneday 2014 299 /caldera/projects/usgs/water/impd/skagone/r37.0_tile0
23:48:11 ET_MOSAIC DEBUG: justoneday 2014 300 /caldera/projects/usgs/water/impd/skagone/r37.0_tile0
23:50:24 ET_MOSAIC DEBUG: justoneday 2014 301 /caldera/projects/usgs/water/impd/skagone/r37.0_tile0
23:52:40 ET_MOSAIC DEBUG: justoneday 2014 302 /caldera/projects/usgs/water/impd/skagone/r37.0_tile0
23:54:48 ET_MOSAIC DEBUG: justoneday 2014 303 /caldera/projects/usgs/water/impd/skagone/r37.0_tile0
23:56:57 ET_MOSAIC DEBUG: justoneday 2014 304 /caldera/projects/usgs/water/impd/skagone/r37.0_tile0
23:58:49 ET_MOSAIC DEBUG: justoneday 2014 305 /caldera/projects/usgs/water/impd/skagone/r37.0_tile0
00:00:39 ET_MOSAIC DEBUG: justoneday 2014 306 /caldera/projects/usgs/water/impd/skagone/r37.0_tile0
00:02:30 ET_MOSAIC DEBUG: justoneday 2014 307 /caldera/projects/usgs/water/impd/skagone/r37.0_tile0
00:04:18 ET_MOSAIC DEBUG: justoneday 2014 308 /caldera/projects/usgs/water/impd/skagone/r37.0_tile0
00:06:10 ET_MOSAIC DEBUG: justoneday 2014 309 /caldera/projects/usgs/water/impd/skagone/r37.0_tile0
00:08:01 ET_MOSAIC DEBUG: justoneday 2014 310 /caldera/projects/usgs/water/impd/skagone/r37.0_tile0
00:09:57 ET_MOSAIC DEBUG: justoneday 2014 311 /caldera/projects/usgs/water/impd/skagone/r37.0_tile0
00:11:49 ET_MOSAIC DEBUG: justoneday 2014 312 /caldera/projects/usgs/water/impd/skagone/r37.0_tile0
00:13:45 ET_MOSAIC DEBUG: justoneday 2014 313 /caldera/projects/usgs/water/impd/skagone/r37.0_tile0
00:15:39 ET_MOSAIC DEBUG: justoneday 2014 314 /caldera/projects/usgs/water/impd/skagone/r37.0_tile0
00:17:31 ET_MOSAIC DEBUG: justoneday 2014 315 /caldera/projects/usgs/water/impd/skagone/r37.0_tile0
00:19:25 ET_MOSAIC DEBUG: justoneday 2014 316 /caldera/projects/usgs/water/impd/skagone/r37.0_tile0
00:21:16 ET_MOSAIC DEBUG: justoneday 2014 317 /caldera/projects/usgs/water/impd/skagone/r37.0_tile0
00:23:14 ET_MOSAIC DEBUG: justoneday 2014 318 /caldera/projects/usgs/water/impd/skagone/r37.0_tile0
00:25:08 ET_MOSAIC DEBUG: justoneday 2014 319 /caldera/projects/usgs/water/impd/skagone/r37.0_tile0
00:27:00 ET_MOSAIC DEBUG: justoneday 2014 320 /caldera/projects/usgs/water/impd/skagone/r37.0_tile0
00:28:55 ET_MOSAIC DEBUG: justoneday 2014 321 /caldera/projects/usgs/water/impd/skagone/r37.0_tile0
00:30:51 ET_MOSAIC DEBUG: justoneday 2014 322 /caldera/projects/usgs/water/impd/skagone/r37.0_tile0
00:32:46 ET_MOSAIC DEBUG: justoneday 2014 323 /caldera/projects/usgs/water/impd/skagone/r37.0_tile0
00:34:42 ET_MOSAIC DEBUG: justoneday 2014 324 /caldera/projects/usgs/water/impd/skagone/r37.0_tile0
00:36:39 ET_MOSAIC DEBUG: justoneday 2014 325 /caldera/projects/usgs/water/impd/skagone/r37.0_tile0
00:38:35 ET_MOSAIC DEBUG: justoneday 2014 326 /caldera/projects/usgs/water/impd/skagone/r37.0_tile0
00:40:30 ET_MOSAIC DEBUG: justoneday 2014 327 /caldera/projects/usgs/water/impd/skagone/r37.0_tile0
00:42:26 ET_MOSAIC DEBUG: justoneday 2014 328 /caldera/projects/usgs/water/impd/skagone/r37.0_tile0
00:44:26 ET_MOSAIC DEBUG: justoneday 2014 329 /caldera/projects/usgs/water/impd/skagone/r37.0_tile0
00:46:30 ET_MOSAIC DEBUG: justoneday 2014 330 /caldera/projects/usgs/water/impd/skagone/r37.0_tile0
00:48:39 ET_MOSAIC DEBUG: justoneday 2014 331 /caldera/projects/usgs/water/impd/skagone/r37.0_tile0
00:50:47 ET_MOSAIC DEBUG: justoneday 2014 332 /caldera/projects/usgs/water/impd/skagone/r37.0_tile0
00:53:00 ET_MOSAIC DEBUG: justoneday 2014 333 /caldera/projects/usgs/water/impd/skagone/r37.0_tile0
00:55:09 ET_MOSAIC DEBUG: justoneday 2014 334 /caldera/projects/usgs/water/impd/skagone/r37.0_tile0
00:57:15 ET_MOSAIC DEBUG: justoneday 2014 335 /caldera/projects/usgs/water/impd/skagone/r37.0_tile0
00:59:18 ET_MOSAIC DEBUG: justoneday 2014 336 /caldera/projects/usgs/water/impd/skagone/r37.0_tile0
01:01:31 ET_MOSAIC DEBUG: justoneday 2014 337 /caldera/projects/usgs/water/impd/skagone/r37.0_tile0
01:03:38 ET_MOSAIC DEBUG: justoneday 2014 338 /caldera/projects/usgs/water/impd/skagone/r37.0_tile0
01:05:44 ET_MOSAIC DEBUG: justoneday 2014 339 /caldera/projects/usgs/water/impd/skagone/r37.0_tile0
01:07:56 ET_MOSAIC DEBUG: justoneday 2014 340 /caldera/projects/usgs/water/impd/skagone/r37.0_tile0
01:09:57 ET_MOSAIC DEBUG: justoneday 2014 341 /caldera/projects/usgs/water/impd/skagone/r37.0_tile0
01:11:43 ET_MOSAIC DEBUG: justoneday 2014 342 /caldera/projects/usgs/water/impd/skagone/r37.0_tile0
01:13:27 ET_MOSAIC DEBUG: justoneday 2014 343 /caldera/projects/usgs/water/impd/skagone/r37.0_tile0
01:15:17 ET_MOSAIC DEBUG: justoneday 2014 344 /caldera/projects/usgs/water/impd/skagone/r37.0_tile0
01:17:07 ET_MOSAIC DEBUG: justoneday 2014 345 /caldera/projects/usgs/water/impd/skagone/r37.0_tile0
01:18:59 ET_MOSAIC DEBUG: justoneday 2014 346 /caldera/projects/usgs/water/impd/skagone/r37.0_tile0
01:20:51 ET_MOSAIC DEBUG: justoneday 2014 347 /caldera/projects/usgs/water/impd/skagone/r37.0_tile0
01:22:46 ET_MOSAIC DEBUG: justoneday 2014 348 /caldera/projects/usgs/water/impd/skagone/r37.0_tile0
01:24:33 ET_MOSAIC DEBUG: justoneday 2014 349 /caldera/projects/usgs/water/impd/skagone/r37.0_tile0
01:26:19 ET_MOSAIC DEBUG: justoneday 2014 350 /caldera/projects/usgs/water/impd/skagone/r37.0_tile0
01:28:05 ET_MOSAIC DEBUG: justoneday 2014 351 /caldera/projects/usgs/water/impd/skagone/r37.0_tile0
01:29:51 ET_MOSAIC DEBUG: justoneday 2014 352 /caldera/projects/usgs/water/impd/skagone/r37.0_tile0
01:31:34 ET_MOSAIC DEBUG: justoneday 2014 353 /caldera/projects/usgs/water/impd/skagone/r37.0_tile0
01:33:17 ET_MOSAIC DEBUG: justoneday 2014 354 /caldera/projects/usgs/water/impd/skagone/r37.0_tile0
01:35:02 ET_MOSAIC DEBUG: justoneday 2014 355 /caldera/projects/usgs/water/impd/skagone/r37.0_tile0
01:36:47 ET_MOSAIC DEBUG: justoneday 2014 356 /caldera/projects/usgs/water/impd/skagone/r37.0_tile0
01:38:32 ET_MOSAIC DEBUG: justoneday 2014 357 /caldera/projects/usgs/water/impd/skagone/r37.0_tile0
01:40:17 ET_MOSAIC DEBUG: justoneday 2014 358 /caldera/projects/usgs/water/impd/skagone/r37.0_tile0
01:42:01 ET_MOSAIC DEBUG: justoneday 2014 359 /caldera/projects/usgs/water/impd/skagone/r37.0_tile0
01:43:43 ET_MOSAIC DEBUG: justoneday 2014 360 /caldera/projects/usgs/water/impd/skagone/r37.0_tile0
01:45:26 ET_MOSAIC DEBUG: justoneday 2014 361 /caldera/projects/usgs/water/impd/skagone/r37.0_tile0
01:47:10 ET_MOSAIC DEBUG: justoneday 2014 362 /caldera/projects/usgs/water/impd/skagone/r37.0_tile0
01:48:52 ET_MOSAIC DEBUG: justoneday 2014 363 /caldera/projects/usgs/water/impd/skagone/r37.0_tile0
01:50:34 ET_MOSAIC DEBUG: justoneday 2014 364 /caldera/projects/usgs/water/impd/skagone/r37.0_tile0
01:52:15 ET_MOSAIC DEBUG: justoneday 2014 365 /caldera/projects/usgs/water/impd/skagone/r37.0_tile0
01:53:56 ET_MOSAIC DEBUG: justoneday 2014 366 /caldera/projects/usgs/water/impd/skagone/r37.0_tile0
