13:50:05 ET_MOSAIC DEBUG: this is how you call one of your functions
13:50:05 ET_MOSAIC DEBUG: hello from Conus_mosaic class
13:50:05 ET_MOSAIC DEBUG: Mosaicking ['etasw'] in /caldera/projects/usgs/water/impd/skagone and put it in /caldera/projects/usgs/water/impd/skagone/conus_mos_completed/2011 for 2011
13:50:05 ET_MOSAIC DEBUG: run_mosaic
13:50:05 ET_MOSAIC DEBUG: Mosaic this product: etasw
13:50:05 ET_MOSAIC DEBUG: /caldera/projects/usgs/water/impd/skagone/
13:50:05 ET_MOSAIC DEBUG: justoneday 2011 1 /caldera/projects/usgs/water/impd/skagone/r37.0_tile0
13:50:05 ET_MOSAIC DEBUG: justoneday 2011 2 /caldera/projects/usgs/water/impd/skagone/r37.0_tile0
13:50:05 ET_MOSAIC DEBUG: justoneday 2011 3 /caldera/projects/usgs/water/impd/skagone/r37.0_tile0
13:50:05 ET_MOSAIC DEBUG: justoneday 2011 4 /caldera/projects/usgs/water/impd/skagone/r37.0_tile0
13:50:05 ET_MOSAIC DEBUG: justoneday 2011 5 /caldera/projects/usgs/water/impd/skagone/r37.0_tile0
13:50:05 ET_MOSAIC DEBUG: justoneday 2011 6 /caldera/projects/usgs/water/impd/skagone/r37.0_tile0
13:50:05 ET_MOSAIC DEBUG: justoneday 2011 7 /caldera/projects/usgs/water/impd/skagone/r37.0_tile0
13:50:05 ET_MOSAIC DEBUG: justoneday 2011 8 /caldera/projects/usgs/water/impd/skagone/r37.0_tile0
13:50:05 ET_MOSAIC DEBUG: justoneday 2011 9 /caldera/projects/usgs/water/impd/skagone/r37.0_tile0
13:50:05 ET_MOSAIC DEBUG: justoneday 2011 10 /caldera/projects/usgs/water/impd/skagone/r37.0_tile0
13:50:05 ET_MOSAIC DEBUG: justoneday 2011 11 /caldera/projects/usgs/water/impd/skagone/r37.0_tile0
13:50:05 ET_MOSAIC DEBUG: justoneday 2011 12 /caldera/projects/usgs/water/impd/skagone/r37.0_tile0
13:50:05 ET_MOSAIC DEBUG: justoneday 2011 13 /caldera/projects/usgs/water/impd/skagone/r37.0_tile0
13:50:05 ET_MOSAIC DEBUG: justoneday 2011 14 /caldera/projects/usgs/water/impd/skagone/r37.0_tile0
13:50:05 ET_MOSAIC DEBUG: justoneday 2011 15 /caldera/projects/usgs/water/impd/skagone/r37.0_tile0
13:50:05 ET_MOSAIC DEBUG: justoneday 2011 16 /caldera/projects/usgs/water/impd/skagone/r37.0_tile0
13:50:05 ET_MOSAIC DEBUG: justoneday 2011 17 /caldera/projects/usgs/water/impd/skagone/r37.0_tile0
13:50:05 ET_MOSAIC DEBUG: justoneday 2011 18 /caldera/projects/usgs/water/impd/skagone/r37.0_tile0
13:50:05 ET_MOSAIC DEBUG: justoneday 2011 19 /caldera/projects/usgs/water/impd/skagone/r37.0_tile0
13:50:05 ET_MOSAIC DEBUG: justoneday 2011 20 /caldera/projects/usgs/water/impd/skagone/r37.0_tile0
13:50:05 ET_MOSAIC DEBUG: justoneday 2011 21 /caldera/projects/usgs/water/impd/skagone/r37.0_tile0
13:50:05 ET_MOSAIC DEBUG: justoneday 2011 22 /caldera/projects/usgs/water/impd/skagone/r37.0_tile0
13:50:05 ET_MOSAIC DEBUG: justoneday 2011 23 /caldera/projects/usgs/water/impd/skagone/r37.0_tile0
13:50:05 ET_MOSAIC DEBUG: justoneday 2011 24 /caldera/projects/usgs/water/impd/skagone/r37.0_tile0
13:50:05 ET_MOSAIC DEBUG: justoneday 2011 25 /caldera/projects/usgs/water/impd/skagone/r37.0_tile0
13:50:05 ET_MOSAIC DEBUG: justoneday 2011 26 /caldera/projects/usgs/water/impd/skagone/r37.0_tile0
13:50:05 ET_MOSAIC DEBUG: justoneday 2011 27 /caldera/projects/usgs/water/impd/skagone/r37.0_tile0
13:50:05 ET_MOSAIC DEBUG: justoneday 2011 28 /caldera/projects/usgs/water/impd/skagone/r37.0_tile0
13:50:05 ET_MOSAIC DEBUG: justoneday 2011 29 /caldera/projects/usgs/water/impd/skagone/r37.0_tile0
13:50:05 ET_MOSAIC DEBUG: justoneday 2011 30 /caldera/projects/usgs/water/impd/skagone/r37.0_tile0
13:50:05 ET_MOSAIC DEBUG: justoneday 2011 31 /caldera/projects/usgs/water/impd/skagone/r37.0_tile0
13:50:05 ET_MOSAIC DEBUG: justoneday 2011 32 /caldera/projects/usgs/water/impd/skagone/r37.0_tile0
13:50:05 ET_MOSAIC DEBUG: justoneday 2011 33 /caldera/projects/usgs/water/impd/skagone/r37.0_tile0
13:50:05 ET_MOSAIC DEBUG: justoneday 2011 34 /caldera/projects/usgs/water/impd/skagone/r37.0_tile0
13:50:05 ET_MOSAIC DEBUG: justoneday 2011 35 /caldera/projects/usgs/water/impd/skagone/r37.0_tile0
13:50:05 ET_MOSAIC DEBUG: justoneday 2011 36 /caldera/projects/usgs/water/impd/skagone/r37.0_tile0
13:50:05 ET_MOSAIC DEBUG: justoneday 2011 37 /caldera/projects/usgs/water/impd/skagone/r37.0_tile0
13:50:05 ET_MOSAIC DEBUG: justoneday 2011 38 /caldera/projects/usgs/water/impd/skagone/r37.0_tile0
13:50:05 ET_MOSAIC DEBUG: justoneday 2011 39 /caldera/projects/usgs/water/impd/skagone/r37.0_tile0
13:50:05 ET_MOSAIC DEBUG: justoneday 2011 40 /caldera/projects/usgs/water/impd/skagone/r37.0_tile0
13:50:05 ET_MOSAIC DEBUG: justoneday 2011 41 /caldera/projects/usgs/water/impd/skagone/r37.0_tile0
13:50:05 ET_MOSAIC DEBUG: justoneday 2011 42 /caldera/projects/usgs/water/impd/skagone/r37.0_tile0
13:50:05 ET_MOSAIC DEBUG: justoneday 2011 43 /caldera/projects/usgs/water/impd/skagone/r37.0_tile0
13:50:05 ET_MOSAIC DEBUG: justoneday 2011 44 /caldera/projects/usgs/water/impd/skagone/r37.0_tile0
13:50:05 ET_MOSAIC DEBUG: justoneday 2011 45 /caldera/projects/usgs/water/impd/skagone/r37.0_tile0
13:50:05 ET_MOSAIC DEBUG: justoneday 2011 46 /caldera/projects/usgs/water/impd/skagone/r37.0_tile0
13:50:05 ET_MOSAIC DEBUG: justoneday 2011 47 /caldera/projects/usgs/water/impd/skagone/r37.0_tile0
13:50:05 ET_MOSAIC DEBUG: justoneday 2011 48 /caldera/projects/usgs/water/impd/skagone/r37.0_tile0
13:50:05 ET_MOSAIC DEBUG: justoneday 2011 49 /caldera/projects/usgs/water/impd/skagone/r37.0_tile0
13:50:05 ET_MOSAIC DEBUG: justoneday 2011 50 /caldera/projects/usgs/water/impd/skagone/r37.0_tile0
13:50:05 ET_MOSAIC DEBUG: justoneday 2011 51 /caldera/projects/usgs/water/impd/skagone/r37.0_tile0
Warning 1: +init=epsg:XXXX syntax is deprecated. It might return a CRS with a non-EPSG compliant axis order.
13:51:41 ET_MOSAIC DEBUG: justoneday 2011 52 /caldera/projects/usgs/water/impd/skagone/r37.0_tile0
13:53:21 ET_MOSAIC DEBUG: justoneday 2011 53 /caldera/projects/usgs/water/impd/skagone/r37.0_tile0
13:55:05 ET_MOSAIC DEBUG: justoneday 2011 54 /caldera/projects/usgs/water/impd/skagone/r37.0_tile0
13:56:49 ET_MOSAIC DEBUG: justoneday 2011 55 /caldera/projects/usgs/water/impd/skagone/r37.0_tile0
13:58:33 ET_MOSAIC DEBUG: justoneday 2011 56 /caldera/projects/usgs/water/impd/skagone/r37.0_tile0
14:00:08 ET_MOSAIC DEBUG: justoneday 2011 57 /caldera/projects/usgs/water/impd/skagone/r37.0_tile0
14:01:55 ET_MOSAIC DEBUG: justoneday 2011 58 /caldera/projects/usgs/water/impd/skagone/r37.0_tile0
14:03:41 ET_MOSAIC DEBUG: justoneday 2011 59 /caldera/projects/usgs/water/impd/skagone/r37.0_tile0
14:05:28 ET_MOSAIC DEBUG: justoneday 2011 60 /caldera/projects/usgs/water/impd/skagone/r37.0_tile0
14:07:14 ET_MOSAIC DEBUG: justoneday 2011 61 /caldera/projects/usgs/water/impd/skagone/r37.0_tile0
14:09:00 ET_MOSAIC DEBUG: justoneday 2011 62 /caldera/projects/usgs/water/impd/skagone/r37.0_tile0
14:10:47 ET_MOSAIC DEBUG: justoneday 2011 63 /caldera/projects/usgs/water/impd/skagone/r37.0_tile0
14:12:36 ET_MOSAIC DEBUG: justoneday 2011 64 /caldera/projects/usgs/water/impd/skagone/r37.0_tile0
14:14:25 ET_MOSAIC DEBUG: justoneday 2011 65 /caldera/projects/usgs/water/impd/skagone/r37.0_tile0
14:16:17 ET_MOSAIC DEBUG: justoneday 2011 66 /caldera/projects/usgs/water/impd/skagone/r37.0_tile0
14:18:10 ET_MOSAIC DEBUG: justoneday 2011 67 /caldera/projects/usgs/water/impd/skagone/r37.0_tile0
14:20:01 ET_MOSAIC DEBUG: justoneday 2011 68 /caldera/projects/usgs/water/impd/skagone/r37.0_tile0
14:21:52 ET_MOSAIC DEBUG: justoneday 2011 69 /caldera/projects/usgs/water/impd/skagone/r37.0_tile0
14:23:45 ET_MOSAIC DEBUG: justoneday 2011 70 /caldera/projects/usgs/water/impd/skagone/r37.0_tile0
14:25:40 ET_MOSAIC DEBUG: justoneday 2011 71 /caldera/projects/usgs/water/impd/skagone/r37.0_tile0
14:27:40 ET_MOSAIC DEBUG: justoneday 2011 72 /caldera/projects/usgs/water/impd/skagone/r37.0_tile0
14:29:29 ET_MOSAIC DEBUG: justoneday 2011 73 /caldera/projects/usgs/water/impd/skagone/r37.0_tile0
14:31:18 ET_MOSAIC DEBUG: justoneday 2011 74 /caldera/projects/usgs/water/impd/skagone/r37.0_tile0
14:33:11 ET_MOSAIC DEBUG: justoneday 2011 75 /caldera/projects/usgs/water/impd/skagone/r37.0_tile0
14:35:01 ET_MOSAIC DEBUG: justoneday 2011 76 /caldera/projects/usgs/water/impd/skagone/r37.0_tile0
14:36:54 ET_MOSAIC DEBUG: justoneday 2011 77 /caldera/projects/usgs/water/impd/skagone/r37.0_tile0
14:38:44 ET_MOSAIC DEBUG: justoneday 2011 78 /caldera/projects/usgs/water/impd/skagone/r37.0_tile0
14:40:32 ET_MOSAIC DEBUG: justoneday 2011 79 /caldera/projects/usgs/water/impd/skagone/r37.0_tile0
14:42:22 ET_MOSAIC DEBUG: justoneday 2011 80 /caldera/projects/usgs/water/impd/skagone/r37.0_tile0
14:44:07 ET_MOSAIC DEBUG: justoneday 2011 81 /caldera/projects/usgs/water/impd/skagone/r37.0_tile0
14:45:59 ET_MOSAIC DEBUG: justoneday 2011 82 /caldera/projects/usgs/water/impd/skagone/r37.0_tile0
14:47:52 ET_MOSAIC DEBUG: justoneday 2011 83 /caldera/projects/usgs/water/impd/skagone/r37.0_tile0
14:49:43 ET_MOSAIC DEBUG: justoneday 2011 84 /caldera/projects/usgs/water/impd/skagone/r37.0_tile0
14:51:35 ET_MOSAIC DEBUG: justoneday 2011 85 /caldera/projects/usgs/water/impd/skagone/r37.0_tile0
14:53:28 ET_MOSAIC DEBUG: justoneday 2011 86 /caldera/projects/usgs/water/impd/skagone/r37.0_tile0
14:55:18 ET_MOSAIC DEBUG: justoneday 2011 87 /caldera/projects/usgs/water/impd/skagone/r37.0_tile0
14:57:11 ET_MOSAIC DEBUG: justoneday 2011 88 /caldera/projects/usgs/water/impd/skagone/r37.0_tile0
14:59:05 ET_MOSAIC DEBUG: justoneday 2011 89 /caldera/projects/usgs/water/impd/skagone/r37.0_tile0
15:00:58 ET_MOSAIC DEBUG: justoneday 2011 90 /caldera/projects/usgs/water/impd/skagone/r37.0_tile0
15:02:50 ET_MOSAIC DEBUG: justoneday 2011 91 /caldera/projects/usgs/water/impd/skagone/r37.0_tile0
15:04:34 ET_MOSAIC DEBUG: justoneday 2011 92 /caldera/projects/usgs/water/impd/skagone/r37.0_tile0
15:06:29 ET_MOSAIC DEBUG: justoneday 2011 93 /caldera/projects/usgs/water/impd/skagone/r37.0_tile0
15:08:23 ET_MOSAIC DEBUG: justoneday 2011 94 /caldera/projects/usgs/water/impd/skagone/r37.0_tile0
15:10:18 ET_MOSAIC DEBUG: justoneday 2011 95 /caldera/projects/usgs/water/impd/skagone/r37.0_tile0
15:11:59 ET_MOSAIC DEBUG: justoneday 2011 96 /caldera/projects/usgs/water/impd/skagone/r37.0_tile0
15:13:38 ET_MOSAIC DEBUG: justoneday 2011 97 /caldera/projects/usgs/water/impd/skagone/r37.0_tile0
15:15:18 ET_MOSAIC DEBUG: justoneday 2011 98 /caldera/projects/usgs/water/impd/skagone/r37.0_tile0
15:16:57 ET_MOSAIC DEBUG: justoneday 2011 99 /caldera/projects/usgs/water/impd/skagone/r37.0_tile0
15:18:39 ET_MOSAIC DEBUG: justoneday 2011 100 /caldera/projects/usgs/water/impd/skagone/r37.0_tile0
15:20:29 ET_MOSAIC DEBUG: justoneday 2011 101 /caldera/projects/usgs/water/impd/skagone/r37.0_tile0
15:22:22 ET_MOSAIC DEBUG: justoneday 2011 102 /caldera/projects/usgs/water/impd/skagone/r37.0_tile0
15:24:03 ET_MOSAIC DEBUG: justoneday 2011 103 /caldera/projects/usgs/water/impd/skagone/r37.0_tile0
15:25:50 ET_MOSAIC DEBUG: justoneday 2011 104 /caldera/projects/usgs/water/impd/skagone/r37.0_tile0
15:27:43 ET_MOSAIC DEBUG: justoneday 2011 105 /caldera/projects/usgs/water/impd/skagone/r37.0_tile0
15:29:21 ET_MOSAIC DEBUG: justoneday 2011 106 /caldera/projects/usgs/water/impd/skagone/r37.0_tile0
15:31:03 ET_MOSAIC DEBUG: justoneday 2011 107 /caldera/projects/usgs/water/impd/skagone/r37.0_tile0
15:32:53 ET_MOSAIC DEBUG: justoneday 2011 108 /caldera/projects/usgs/water/impd/skagone/r37.0_tile0
15:34:40 ET_MOSAIC DEBUG: justoneday 2011 109 /caldera/projects/usgs/water/impd/skagone/r37.0_tile0
15:36:29 ET_MOSAIC DEBUG: justoneday 2011 110 /caldera/projects/usgs/water/impd/skagone/r37.0_tile0
15:38:09 ET_MOSAIC DEBUG: justoneday 2011 111 /caldera/projects/usgs/water/impd/skagone/r37.0_tile0
15:39:54 ET_MOSAIC DEBUG: justoneday 2011 112 /caldera/projects/usgs/water/impd/skagone/r37.0_tile0
15:41:37 ET_MOSAIC DEBUG: justoneday 2011 113 /caldera/projects/usgs/water/impd/skagone/r37.0_tile0
15:43:22 ET_MOSAIC DEBUG: justoneday 2011 114 /caldera/projects/usgs/water/impd/skagone/r37.0_tile0
15:45:19 ET_MOSAIC DEBUG: justoneday 2011 115 /caldera/projects/usgs/water/impd/skagone/r37.0_tile0
15:47:00 ET_MOSAIC DEBUG: justoneday 2011 116 /caldera/projects/usgs/water/impd/skagone/r37.0_tile0
15:48:42 ET_MOSAIC DEBUG: justoneday 2011 117 /caldera/projects/usgs/water/impd/skagone/r37.0_tile0
15:50:40 ET_MOSAIC DEBUG: justoneday 2011 118 /caldera/projects/usgs/water/impd/skagone/r37.0_tile0
15:52:24 ET_MOSAIC DEBUG: justoneday 2011 119 /caldera/projects/usgs/water/impd/skagone/r37.0_tile0
15:54:06 ET_MOSAIC DEBUG: justoneday 2011 120 /caldera/projects/usgs/water/impd/skagone/r37.0_tile0
15:55:45 ET_MOSAIC DEBUG: justoneday 2011 121 /caldera/projects/usgs/water/impd/skagone/r37.0_tile0
15:57:27 ET_MOSAIC DEBUG: justoneday 2011 122 /caldera/projects/usgs/water/impd/skagone/r37.0_tile0
15:59:11 ET_MOSAIC DEBUG: justoneday 2011 123 /caldera/projects/usgs/water/impd/skagone/r37.0_tile0
16:00:56 ET_MOSAIC DEBUG: justoneday 2011 124 /caldera/projects/usgs/water/impd/skagone/r37.0_tile0
16:02:43 ET_MOSAIC DEBUG: justoneday 2011 125 /caldera/projects/usgs/water/impd/skagone/r37.0_tile0
16:04:30 ET_MOSAIC DEBUG: justoneday 2011 126 /caldera/projects/usgs/water/impd/skagone/r37.0_tile0
16:06:20 ET_MOSAIC DEBUG: justoneday 2011 127 /caldera/projects/usgs/water/impd/skagone/r37.0_tile0
16:08:18 ET_MOSAIC DEBUG: justoneday 2011 128 /caldera/projects/usgs/water/impd/skagone/r37.0_tile0
16:10:06 ET_MOSAIC DEBUG: justoneday 2011 129 /caldera/projects/usgs/water/impd/skagone/r37.0_tile0
16:11:48 ET_MOSAIC DEBUG: justoneday 2011 130 /caldera/projects/usgs/water/impd/skagone/r37.0_tile0
16:13:44 ET_MOSAIC DEBUG: justoneday 2011 131 /caldera/projects/usgs/water/impd/skagone/r37.0_tile0
16:15:29 ET_MOSAIC DEBUG: justoneday 2011 132 /caldera/projects/usgs/water/impd/skagone/r37.0_tile0
16:17:08 ET_MOSAIC DEBUG: justoneday 2011 133 /caldera/projects/usgs/water/impd/skagone/r37.0_tile0
16:18:50 ET_MOSAIC DEBUG: justoneday 2011 134 /caldera/projects/usgs/water/impd/skagone/r37.0_tile0
16:20:31 ET_MOSAIC DEBUG: justoneday 2011 135 /caldera/projects/usgs/water/impd/skagone/r37.0_tile0
16:22:17 ET_MOSAIC DEBUG: justoneday 2011 136 /caldera/projects/usgs/water/impd/skagone/r37.0_tile0
16:24:14 ET_MOSAIC DEBUG: justoneday 2011 137 /caldera/projects/usgs/water/impd/skagone/r37.0_tile0
16:25:55 ET_MOSAIC DEBUG: justoneday 2011 138 /caldera/projects/usgs/water/impd/skagone/r37.0_tile0
16:27:42 ET_MOSAIC DEBUG: justoneday 2011 139 /caldera/projects/usgs/water/impd/skagone/r37.0_tile0
16:29:21 ET_MOSAIC DEBUG: justoneday 2011 140 /caldera/projects/usgs/water/impd/skagone/r37.0_tile0
16:31:02 ET_MOSAIC DEBUG: justoneday 2011 141 /caldera/projects/usgs/water/impd/skagone/r37.0_tile0
16:32:48 ET_MOSAIC DEBUG: justoneday 2011 142 /caldera/projects/usgs/water/impd/skagone/r37.0_tile0
16:34:38 ET_MOSAIC DEBUG: justoneday 2011 143 /caldera/projects/usgs/water/impd/skagone/r37.0_tile0
16:36:23 ET_MOSAIC DEBUG: justoneday 2011 144 /caldera/projects/usgs/water/impd/skagone/r37.0_tile0
16:38:10 ET_MOSAIC DEBUG: justoneday 2011 145 /caldera/projects/usgs/water/impd/skagone/r37.0_tile0
16:40:04 ET_MOSAIC DEBUG: justoneday 2011 146 /caldera/projects/usgs/water/impd/skagone/r37.0_tile0
16:41:46 ET_MOSAIC DEBUG: justoneday 2011 147 /caldera/projects/usgs/water/impd/skagone/r37.0_tile0
16:43:29 ET_MOSAIC DEBUG: justoneday 2011 148 /caldera/projects/usgs/water/impd/skagone/r37.0_tile0
16:45:32 ET_MOSAIC DEBUG: justoneday 2011 149 /caldera/projects/usgs/water/impd/skagone/r37.0_tile0
16:47:20 ET_MOSAIC DEBUG: justoneday 2011 150 /caldera/projects/usgs/water/impd/skagone/r37.0_tile0
16:49:02 ET_MOSAIC DEBUG: justoneday 2011 151 /caldera/projects/usgs/water/impd/skagone/r37.0_tile0
16:50:44 ET_MOSAIC DEBUG: justoneday 2011 152 /caldera/projects/usgs/water/impd/skagone/r37.0_tile0
16:52:30 ET_MOSAIC DEBUG: justoneday 2011 153 /caldera/projects/usgs/water/impd/skagone/r37.0_tile0
16:54:17 ET_MOSAIC DEBUG: justoneday 2011 154 /caldera/projects/usgs/water/impd/skagone/r37.0_tile0
16:56:05 ET_MOSAIC DEBUG: justoneday 2011 155 /caldera/projects/usgs/water/impd/skagone/r37.0_tile0
16:58:00 ET_MOSAIC DEBUG: justoneday 2011 156 /caldera/projects/usgs/water/impd/skagone/r37.0_tile0
16:59:51 ET_MOSAIC DEBUG: justoneday 2011 157 /caldera/projects/usgs/water/impd/skagone/r37.0_tile0
17:01:54 ET_MOSAIC DEBUG: justoneday 2011 158 /caldera/projects/usgs/water/impd/skagone/r37.0_tile0
17:03:56 ET_MOSAIC DEBUG: justoneday 2011 159 /caldera/projects/usgs/water/impd/skagone/r37.0_tile0
17:05:48 ET_MOSAIC DEBUG: justoneday 2011 160 /caldera/projects/usgs/water/impd/skagone/r37.0_tile0
17:07:42 ET_MOSAIC DEBUG: justoneday 2011 161 /caldera/projects/usgs/water/impd/skagone/r37.0_tile0
17:09:31 ET_MOSAIC DEBUG: justoneday 2011 162 /caldera/projects/usgs/water/impd/skagone/r37.0_tile0
17:11:19 ET_MOSAIC DEBUG: justoneday 2011 163 /caldera/projects/usgs/water/impd/skagone/r37.0_tile0
17:13:23 ET_MOSAIC DEBUG: justoneday 2011 164 /caldera/projects/usgs/water/impd/skagone/r37.0_tile0
17:15:07 ET_MOSAIC DEBUG: justoneday 2011 165 /caldera/projects/usgs/water/impd/skagone/r37.0_tile0
17:16:54 ET_MOSAIC DEBUG: justoneday 2011 166 /caldera/projects/usgs/water/impd/skagone/r37.0_tile0
17:18:42 ET_MOSAIC DEBUG: justoneday 2011 167 /caldera/projects/usgs/water/impd/skagone/r37.0_tile0
17:20:38 ET_MOSAIC DEBUG: justoneday 2011 168 /caldera/projects/usgs/water/impd/skagone/r37.0_tile0
17:22:21 ET_MOSAIC DEBUG: justoneday 2011 169 /caldera/projects/usgs/water/impd/skagone/r37.0_tile0
17:24:09 ET_MOSAIC DEBUG: justoneday 2011 170 /caldera/projects/usgs/water/impd/skagone/r37.0_tile0
17:26:06 ET_MOSAIC DEBUG: justoneday 2011 171 /caldera/projects/usgs/water/impd/skagone/r37.0_tile0
17:27:59 ET_MOSAIC DEBUG: justoneday 2011 172 /caldera/projects/usgs/water/impd/skagone/r37.0_tile0
17:29:59 ET_MOSAIC DEBUG: justoneday 2011 173 /caldera/projects/usgs/water/impd/skagone/r37.0_tile0
17:31:44 ET_MOSAIC DEBUG: justoneday 2011 174 /caldera/projects/usgs/water/impd/skagone/r37.0_tile0
17:33:37 ET_MOSAIC DEBUG: justoneday 2011 175 /caldera/projects/usgs/water/impd/skagone/r37.0_tile0
17:35:30 ET_MOSAIC DEBUG: justoneday 2011 176 /caldera/projects/usgs/water/impd/skagone/r37.0_tile0
17:37:37 ET_MOSAIC DEBUG: justoneday 2011 177 /caldera/projects/usgs/water/impd/skagone/r37.0_tile0
17:39:32 ET_MOSAIC DEBUG: justoneday 2011 178 /caldera/projects/usgs/water/impd/skagone/r37.0_tile0
17:41:22 ET_MOSAIC DEBUG: justoneday 2011 179 /caldera/projects/usgs/water/impd/skagone/r37.0_tile0
17:43:07 ET_MOSAIC DEBUG: justoneday 2011 180 /caldera/projects/usgs/water/impd/skagone/r37.0_tile0
17:45:07 ET_MOSAIC DEBUG: justoneday 2011 181 /caldera/projects/usgs/water/impd/skagone/r37.0_tile0
17:46:58 ET_MOSAIC DEBUG: justoneday 2011 182 /caldera/projects/usgs/water/impd/skagone/r37.0_tile0
17:48:45 ET_MOSAIC DEBUG: justoneday 2011 183 /caldera/projects/usgs/water/impd/skagone/r37.0_tile0
17:50:37 ET_MOSAIC DEBUG: justoneday 2011 184 /caldera/projects/usgs/water/impd/skagone/r37.0_tile0
17:52:29 ET_MOSAIC DEBUG: justoneday 2011 185 /caldera/projects/usgs/water/impd/skagone/r37.0_tile0
17:54:21 ET_MOSAIC DEBUG: justoneday 2011 186 /caldera/projects/usgs/water/impd/skagone/r37.0_tile0
17:56:21 ET_MOSAIC DEBUG: justoneday 2011 187 /caldera/projects/usgs/water/impd/skagone/r37.0_tile0
17:58:15 ET_MOSAIC DEBUG: justoneday 2011 188 /caldera/projects/usgs/water/impd/skagone/r37.0_tile0
18:00:17 ET_MOSAIC DEBUG: justoneday 2011 189 /caldera/projects/usgs/water/impd/skagone/r37.0_tile0
18:02:03 ET_MOSAIC DEBUG: justoneday 2011 190 /caldera/projects/usgs/water/impd/skagone/r37.0_tile0
18:03:51 ET_MOSAIC DEBUG: justoneday 2011 191 /caldera/projects/usgs/water/impd/skagone/r37.0_tile0
18:05:52 ET_MOSAIC DEBUG: justoneday 2011 192 /caldera/projects/usgs/water/impd/skagone/r37.0_tile0
18:07:41 ET_MOSAIC DEBUG: justoneday 2011 193 /caldera/projects/usgs/water/impd/skagone/r37.0_tile0
18:09:31 ET_MOSAIC DEBUG: justoneday 2011 194 /caldera/projects/usgs/water/impd/skagone/r37.0_tile0
18:11:21 ET_MOSAIC DEBUG: justoneday 2011 195 /caldera/projects/usgs/water/impd/skagone/r37.0_tile0
18:13:17 ET_MOSAIC DEBUG: justoneday 2011 196 /caldera/projects/usgs/water/impd/skagone/r37.0_tile0
18:15:05 ET_MOSAIC DEBUG: justoneday 2011 197 /caldera/projects/usgs/water/impd/skagone/r37.0_tile0
18:17:00 ET_MOSAIC DEBUG: justoneday 2011 198 /caldera/projects/usgs/water/impd/skagone/r37.0_tile0
18:18:53 ET_MOSAIC DEBUG: justoneday 2011 199 /caldera/projects/usgs/water/impd/skagone/r37.0_tile0
18:20:48 ET_MOSAIC DEBUG: justoneday 2011 200 /caldera/projects/usgs/water/impd/skagone/r37.0_tile0
18:22:40 ET_MOSAIC DEBUG: justoneday 2011 201 /caldera/projects/usgs/water/impd/skagone/r37.0_tile0
18:24:31 ET_MOSAIC DEBUG: justoneday 2011 202 /caldera/projects/usgs/water/impd/skagone/r37.0_tile0
18:26:22 ET_MOSAIC DEBUG: justoneday 2011 203 /caldera/projects/usgs/water/impd/skagone/r37.0_tile0
18:28:12 ET_MOSAIC DEBUG: justoneday 2011 204 /caldera/projects/usgs/water/impd/skagone/r37.0_tile0
18:30:16 ET_MOSAIC DEBUG: justoneday 2011 205 /caldera/projects/usgs/water/impd/skagone/r37.0_tile0
18:32:05 ET_MOSAIC DEBUG: justoneday 2011 206 /caldera/projects/usgs/water/impd/skagone/r37.0_tile0
18:33:58 ET_MOSAIC DEBUG: justoneday 2011 207 /caldera/projects/usgs/water/impd/skagone/r37.0_tile0
18:35:50 ET_MOSAIC DEBUG: justoneday 2011 208 /caldera/projects/usgs/water/impd/skagone/r37.0_tile0
18:37:43 ET_MOSAIC DEBUG: justoneday 2011 209 /caldera/projects/usgs/water/impd/skagone/r37.0_tile0
18:39:38 ET_MOSAIC DEBUG: justoneday 2011 210 /caldera/projects/usgs/water/impd/skagone/r37.0_tile0
18:41:36 ET_MOSAIC DEBUG: justoneday 2011 211 /caldera/projects/usgs/water/impd/skagone/r37.0_tile0
18:43:33 ET_MOSAIC DEBUG: justoneday 2011 212 /caldera/projects/usgs/water/impd/skagone/r37.0_tile0
18:45:26 ET_MOSAIC DEBUG: justoneday 2011 213 /caldera/projects/usgs/water/impd/skagone/r37.0_tile0
18:47:20 ET_MOSAIC DEBUG: justoneday 2011 214 /caldera/projects/usgs/water/impd/skagone/r37.0_tile0
18:49:11 ET_MOSAIC DEBUG: justoneday 2011 215 /caldera/projects/usgs/water/impd/skagone/r37.0_tile0
18:51:03 ET_MOSAIC DEBUG: justoneday 2011 216 /caldera/projects/usgs/water/impd/skagone/r37.0_tile0
18:53:09 ET_MOSAIC DEBUG: justoneday 2011 217 /caldera/projects/usgs/water/impd/skagone/r37.0_tile0
18:54:58 ET_MOSAIC DEBUG: justoneday 2011 218 /caldera/projects/usgs/water/impd/skagone/r37.0_tile0
18:56:56 ET_MOSAIC DEBUG: justoneday 2011 219 /caldera/projects/usgs/water/impd/skagone/r37.0_tile0
18:59:00 ET_MOSAIC DEBUG: justoneday 2011 220 /caldera/projects/usgs/water/impd/skagone/r37.0_tile0
19:00:56 ET_MOSAIC DEBUG: justoneday 2011 221 /caldera/projects/usgs/water/impd/skagone/r37.0_tile0
19:02:54 ET_MOSAIC DEBUG: justoneday 2011 222 /caldera/projects/usgs/water/impd/skagone/r37.0_tile0
19:04:52 ET_MOSAIC DEBUG: justoneday 2011 223 /caldera/projects/usgs/water/impd/skagone/r37.0_tile0
19:06:57 ET_MOSAIC DEBUG: justoneday 2011 224 /caldera/projects/usgs/water/impd/skagone/r37.0_tile0
19:09:02 ET_MOSAIC DEBUG: justoneday 2011 225 /caldera/projects/usgs/water/impd/skagone/r37.0_tile0
19:10:59 ET_MOSAIC DEBUG: justoneday 2011 226 /caldera/projects/usgs/water/impd/skagone/r37.0_tile0
19:13:05 ET_MOSAIC DEBUG: justoneday 2011 227 /caldera/projects/usgs/water/impd/skagone/r37.0_tile0
19:15:03 ET_MOSAIC DEBUG: justoneday 2011 228 /caldera/projects/usgs/water/impd/skagone/r37.0_tile0
19:17:03 ET_MOSAIC DEBUG: justoneday 2011 229 /caldera/projects/usgs/water/impd/skagone/r37.0_tile0
19:19:09 ET_MOSAIC DEBUG: justoneday 2011 230 /caldera/projects/usgs/water/impd/skagone/r37.0_tile0
19:21:03 ET_MOSAIC DEBUG: justoneday 2011 231 /caldera/projects/usgs/water/impd/skagone/r37.0_tile0
19:23:00 ET_MOSAIC DEBUG: justoneday 2011 232 /caldera/projects/usgs/water/impd/skagone/r37.0_tile0
19:25:03 ET_MOSAIC DEBUG: justoneday 2011 233 /caldera/projects/usgs/water/impd/skagone/r37.0_tile0
19:27:06 ET_MOSAIC DEBUG: justoneday 2011 234 /caldera/projects/usgs/water/impd/skagone/r37.0_tile0
19:29:05 ET_MOSAIC DEBUG: justoneday 2011 235 /caldera/projects/usgs/water/impd/skagone/r37.0_tile0
19:30:59 ET_MOSAIC DEBUG: justoneday 2011 236 /caldera/projects/usgs/water/impd/skagone/r37.0_tile0
19:32:54 ET_MOSAIC DEBUG: justoneday 2011 237 /caldera/projects/usgs/water/impd/skagone/r37.0_tile0
19:34:50 ET_MOSAIC DEBUG: justoneday 2011 238 /caldera/projects/usgs/water/impd/skagone/r37.0_tile0
19:36:54 ET_MOSAIC DEBUG: justoneday 2011 239 /caldera/projects/usgs/water/impd/skagone/r37.0_tile0
19:38:49 ET_MOSAIC DEBUG: justoneday 2011 240 /caldera/projects/usgs/water/impd/skagone/r37.0_tile0
19:40:50 ET_MOSAIC DEBUG: justoneday 2011 241 /caldera/projects/usgs/water/impd/skagone/r37.0_tile0
19:42:44 ET_MOSAIC DEBUG: justoneday 2011 242 /caldera/projects/usgs/water/impd/skagone/r37.0_tile0
19:44:50 ET_MOSAIC DEBUG: justoneday 2011 243 /caldera/projects/usgs/water/impd/skagone/r37.0_tile0
19:46:42 ET_MOSAIC DEBUG: justoneday 2011 244 /caldera/projects/usgs/water/impd/skagone/r37.0_tile0
19:48:43 ET_MOSAIC DEBUG: justoneday 2011 245 /caldera/projects/usgs/water/impd/skagone/r37.0_tile0
19:50:34 ET_MOSAIC DEBUG: justoneday 2011 246 /caldera/projects/usgs/water/impd/skagone/r37.0_tile0
19:52:26 ET_MOSAIC DEBUG: justoneday 2011 247 /caldera/projects/usgs/water/impd/skagone/r37.0_tile0
19:54:35 ET_MOSAIC DEBUG: justoneday 2011 248 /caldera/projects/usgs/water/impd/skagone/r37.0_tile0
19:56:26 ET_MOSAIC DEBUG: justoneday 2011 249 /caldera/projects/usgs/water/impd/skagone/r37.0_tile0
19:58:21 ET_MOSAIC DEBUG: justoneday 2011 250 /caldera/projects/usgs/water/impd/skagone/r37.0_tile0
20:00:11 ET_MOSAIC DEBUG: justoneday 2011 251 /caldera/projects/usgs/water/impd/skagone/r37.0_tile0
20:02:04 ET_MOSAIC DEBUG: justoneday 2011 252 /caldera/projects/usgs/water/impd/skagone/r37.0_tile0
20:04:04 ET_MOSAIC DEBUG: justoneday 2011 253 /caldera/projects/usgs/water/impd/skagone/r37.0_tile0
20:06:08 ET_MOSAIC DEBUG: justoneday 2011 254 /caldera/projects/usgs/water/impd/skagone/r37.0_tile0
20:08:02 ET_MOSAIC DEBUG: justoneday 2011 255 /caldera/projects/usgs/water/impd/skagone/r37.0_tile0
20:09:55 ET_MOSAIC DEBUG: justoneday 2011 256 /caldera/projects/usgs/water/impd/skagone/r37.0_tile0
20:11:49 ET_MOSAIC DEBUG: justoneday 2011 257 /caldera/projects/usgs/water/impd/skagone/r37.0_tile0
20:14:01 ET_MOSAIC DEBUG: justoneday 2011 258 /caldera/projects/usgs/water/impd/skagone/r37.0_tile0
20:16:05 ET_MOSAIC DEBUG: justoneday 2011 259 /caldera/projects/usgs/water/impd/skagone/r37.0_tile0
20:18:05 ET_MOSAIC DEBUG: justoneday 2011 260 /caldera/projects/usgs/water/impd/skagone/r37.0_tile0
20:20:22 ET_MOSAIC DEBUG: justoneday 2011 261 /caldera/projects/usgs/water/impd/skagone/r37.0_tile0
20:22:23 ET_MOSAIC DEBUG: justoneday 2011 262 /caldera/projects/usgs/water/impd/skagone/r37.0_tile0
20:24:25 ET_MOSAIC DEBUG: justoneday 2011 263 /caldera/projects/usgs/water/impd/skagone/r37.0_tile0
20:26:26 ET_MOSAIC DEBUG: justoneday 2011 264 /caldera/projects/usgs/water/impd/skagone/r37.0_tile0
20:28:32 ET_MOSAIC DEBUG: justoneday 2011 265 /caldera/projects/usgs/water/impd/skagone/r37.0_tile0
20:30:40 ET_MOSAIC DEBUG: justoneday 2011 266 /caldera/projects/usgs/water/impd/skagone/r37.0_tile0
20:32:46 ET_MOSAIC DEBUG: justoneday 2011 267 /caldera/projects/usgs/water/impd/skagone/r37.0_tile0
20:34:38 ET_MOSAIC DEBUG: justoneday 2011 268 /caldera/projects/usgs/water/impd/skagone/r37.0_tile0
20:36:37 ET_MOSAIC DEBUG: justoneday 2011 269 /caldera/projects/usgs/water/impd/skagone/r37.0_tile0
20:38:37 ET_MOSAIC DEBUG: justoneday 2011 270 /caldera/projects/usgs/water/impd/skagone/r37.0_tile0
20:40:33 ET_MOSAIC DEBUG: justoneday 2011 271 /caldera/projects/usgs/water/impd/skagone/r37.0_tile0
20:42:26 ET_MOSAIC DEBUG: justoneday 2011 272 /caldera/projects/usgs/water/impd/skagone/r37.0_tile0
20:44:22 ET_MOSAIC DEBUG: justoneday 2011 273 /caldera/projects/usgs/water/impd/skagone/r37.0_tile0
20:46:34 ET_MOSAIC DEBUG: justoneday 2011 274 /caldera/projects/usgs/water/impd/skagone/r37.0_tile0
20:48:33 ET_MOSAIC DEBUG: justoneday 2011 275 /caldera/projects/usgs/water/impd/skagone/r37.0_tile0
20:50:30 ET_MOSAIC DEBUG: justoneday 2011 276 /caldera/projects/usgs/water/impd/skagone/r37.0_tile0
20:52:23 ET_MOSAIC DEBUG: justoneday 2011 277 /caldera/projects/usgs/water/impd/skagone/r37.0_tile0
20:54:33 ET_MOSAIC DEBUG: justoneday 2011 278 /caldera/projects/usgs/water/impd/skagone/r37.0_tile0
20:56:45 ET_MOSAIC DEBUG: justoneday 2011 279 /caldera/projects/usgs/water/impd/skagone/r37.0_tile0
20:58:43 ET_MOSAIC DEBUG: justoneday 2011 280 /caldera/projects/usgs/water/impd/skagone/r37.0_tile0
21:00:51 ET_MOSAIC DEBUG: justoneday 2011 281 /caldera/projects/usgs/water/impd/skagone/r37.0_tile0
21:02:54 ET_MOSAIC DEBUG: justoneday 2011 282 /caldera/projects/usgs/water/impd/skagone/r37.0_tile0
21:04:53 ET_MOSAIC DEBUG: justoneday 2011 283 /caldera/projects/usgs/water/impd/skagone/r37.0_tile0
21:06:58 ET_MOSAIC DEBUG: justoneday 2011 284 /caldera/projects/usgs/water/impd/skagone/r37.0_tile0
21:09:16 ET_MOSAIC DEBUG: justoneday 2011 285 /caldera/projects/usgs/water/impd/skagone/r37.0_tile0
21:11:15 ET_MOSAIC DEBUG: justoneday 2011 286 /caldera/projects/usgs/water/impd/skagone/r37.0_tile0
21:13:22 ET_MOSAIC DEBUG: justoneday 2011 287 /caldera/projects/usgs/water/impd/skagone/r37.0_tile0
21:15:17 ET_MOSAIC DEBUG: justoneday 2011 288 /caldera/projects/usgs/water/impd/skagone/r37.0_tile0
21:17:09 ET_MOSAIC DEBUG: justoneday 2011 289 /caldera/projects/usgs/water/impd/skagone/r37.0_tile0
21:19:08 ET_MOSAIC DEBUG: justoneday 2011 290 /caldera/projects/usgs/water/impd/skagone/r37.0_tile0
21:21:01 ET_MOSAIC DEBUG: justoneday 2011 291 /caldera/projects/usgs/water/impd/skagone/r37.0_tile0
21:22:59 ET_MOSAIC DEBUG: justoneday 2011 292 /caldera/projects/usgs/water/impd/skagone/r37.0_tile0
21:24:54 ET_MOSAIC DEBUG: justoneday 2011 293 /caldera/projects/usgs/water/impd/skagone/r37.0_tile0
21:26:50 ET_MOSAIC DEBUG: justoneday 2011 294 /caldera/projects/usgs/water/impd/skagone/r37.0_tile0
21:28:41 ET_MOSAIC DEBUG: justoneday 2011 295 /caldera/projects/usgs/water/impd/skagone/r37.0_tile0
21:30:52 ET_MOSAIC DEBUG: justoneday 2011 296 /caldera/projects/usgs/water/impd/skagone/r37.0_tile0
21:32:56 ET_MOSAIC DEBUG: justoneday 2011 297 /caldera/projects/usgs/water/impd/skagone/r37.0_tile0
21:34:57 ET_MOSAIC DEBUG: justoneday 2011 298 /caldera/projects/usgs/water/impd/skagone/r37.0_tile0
21:37:16 ET_MOSAIC DEBUG: justoneday 2011 299 /caldera/projects/usgs/water/impd/skagone/r37.0_tile0
21:39:14 ET_MOSAIC DEBUG: justoneday 2011 300 /caldera/projects/usgs/water/impd/skagone/r37.0_tile0
21:41:08 ET_MOSAIC DEBUG: justoneday 2011 301 /caldera/projects/usgs/water/impd/skagone/r37.0_tile0
21:43:06 ET_MOSAIC DEBUG: justoneday 2011 302 /caldera/projects/usgs/water/impd/skagone/r37.0_tile0
21:45:07 ET_MOSAIC DEBUG: justoneday 2011 303 /caldera/projects/usgs/water/impd/skagone/r37.0_tile0
21:47:27 ET_MOSAIC DEBUG: justoneday 2011 304 /caldera/projects/usgs/water/impd/skagone/r37.0_tile0
21:49:36 ET_MOSAIC DEBUG: justoneday 2011 305 /caldera/projects/usgs/water/impd/skagone/r37.0_tile0
21:51:41 ET_MOSAIC DEBUG: justoneday 2011 306 /caldera/projects/usgs/water/impd/skagone/r37.0_tile0
21:53:47 ET_MOSAIC DEBUG: justoneday 2011 307 /caldera/projects/usgs/water/impd/skagone/r37.0_tile0
21:55:53 ET_MOSAIC DEBUG: justoneday 2011 308 /caldera/projects/usgs/water/impd/skagone/r37.0_tile0
21:57:59 ET_MOSAIC DEBUG: justoneday 2011 309 /caldera/projects/usgs/water/impd/skagone/r37.0_tile0
22:00:10 ET_MOSAIC DEBUG: justoneday 2011 310 /caldera/projects/usgs/water/impd/skagone/r37.0_tile0
22:02:09 ET_MOSAIC DEBUG: justoneday 2011 311 /caldera/projects/usgs/water/impd/skagone/r37.0_tile0
22:04:17 ET_MOSAIC DEBUG: justoneday 2011 312 /caldera/projects/usgs/water/impd/skagone/r37.0_tile0
22:06:16 ET_MOSAIC DEBUG: justoneday 2011 313 /caldera/projects/usgs/water/impd/skagone/r37.0_tile0
22:08:35 ET_MOSAIC DEBUG: justoneday 2011 314 /caldera/projects/usgs/water/impd/skagone/r37.0_tile0
22:10:40 ET_MOSAIC DEBUG: justoneday 2011 315 /caldera/projects/usgs/water/impd/skagone/r37.0_tile0
22:12:38 ET_MOSAIC DEBUG: justoneday 2011 316 /caldera/projects/usgs/water/impd/skagone/r37.0_tile0
22:14:55 ET_MOSAIC DEBUG: justoneday 2011 317 /caldera/projects/usgs/water/impd/skagone/r37.0_tile0
22:16:50 ET_MOSAIC DEBUG: justoneday 2011 318 /caldera/projects/usgs/water/impd/skagone/r37.0_tile0
22:19:07 ET_MOSAIC DEBUG: justoneday 2011 319 /caldera/projects/usgs/water/impd/skagone/r37.0_tile0
22:21:07 ET_MOSAIC DEBUG: justoneday 2011 320 /caldera/projects/usgs/water/impd/skagone/r37.0_tile0
22:23:01 ET_MOSAIC DEBUG: justoneday 2011 321 /caldera/projects/usgs/water/impd/skagone/r37.0_tile0
22:24:57 ET_MOSAIC DEBUG: justoneday 2011 322 /caldera/projects/usgs/water/impd/skagone/r37.0_tile0
22:26:57 ET_MOSAIC DEBUG: justoneday 2011 323 /caldera/projects/usgs/water/impd/skagone/r37.0_tile0
22:29:04 ET_MOSAIC DEBUG: justoneday 2011 324 /caldera/projects/usgs/water/impd/skagone/r37.0_tile0
22:31:11 ET_MOSAIC DEBUG: justoneday 2011 325 /caldera/projects/usgs/water/impd/skagone/r37.0_tile0
22:33:24 ET_MOSAIC DEBUG: justoneday 2011 326 /caldera/projects/usgs/water/impd/skagone/r37.0_tile0
22:35:21 ET_MOSAIC DEBUG: justoneday 2011 327 /caldera/projects/usgs/water/impd/skagone/r37.0_tile0
22:37:32 ET_MOSAIC DEBUG: justoneday 2011 328 /caldera/projects/usgs/water/impd/skagone/r37.0_tile0
22:39:32 ET_MOSAIC DEBUG: justoneday 2011 329 /caldera/projects/usgs/water/impd/skagone/r37.0_tile0
22:41:28 ET_MOSAIC DEBUG: justoneday 2011 330 /caldera/projects/usgs/water/impd/skagone/r37.0_tile0
22:43:25 ET_MOSAIC DEBUG: justoneday 2011 331 /caldera/projects/usgs/water/impd/skagone/r37.0_tile0
22:45:34 ET_MOSAIC DEBUG: justoneday 2011 332 /caldera/projects/usgs/water/impd/skagone/r37.0_tile0
22:47:35 ET_MOSAIC DEBUG: justoneday 2011 333 /caldera/projects/usgs/water/impd/skagone/r37.0_tile0
22:49:37 ET_MOSAIC DEBUG: justoneday 2011 334 /caldera/projects/usgs/water/impd/skagone/r37.0_tile0
22:51:54 ET_MOSAIC DEBUG: justoneday 2011 335 /caldera/projects/usgs/water/impd/skagone/r37.0_tile0
22:53:58 ET_MOSAIC DEBUG: justoneday 2011 336 /caldera/projects/usgs/water/impd/skagone/r37.0_tile0
22:56:22 ET_MOSAIC DEBUG: justoneday 2011 337 /caldera/projects/usgs/water/impd/skagone/r37.0_tile0
22:58:31 ET_MOSAIC DEBUG: justoneday 2011 338 /caldera/projects/usgs/water/impd/skagone/r37.0_tile0
23:00:30 ET_MOSAIC DEBUG: justoneday 2011 339 /caldera/projects/usgs/water/impd/skagone/r37.0_tile0
23:02:32 ET_MOSAIC DEBUG: justoneday 2011 340 /caldera/projects/usgs/water/impd/skagone/r37.0_tile0
23:04:53 ET_MOSAIC DEBUG: justoneday 2011 341 /caldera/projects/usgs/water/impd/skagone/r37.0_tile0
23:06:56 ET_MOSAIC DEBUG: justoneday 2011 342 /caldera/projects/usgs/water/impd/skagone/r37.0_tile0
23:08:59 ET_MOSAIC DEBUG: justoneday 2011 343 /caldera/projects/usgs/water/impd/skagone/r37.0_tile0
23:11:01 ET_MOSAIC DEBUG: justoneday 2011 344 /caldera/projects/usgs/water/impd/skagone/r37.0_tile0
23:13:07 ET_MOSAIC DEBUG: justoneday 2011 345 /caldera/projects/usgs/water/impd/skagone/r37.0_tile0
23:15:07 ET_MOSAIC DEBUG: justoneday 2011 346 /caldera/projects/usgs/water/impd/skagone/r37.0_tile0
23:17:08 ET_MOSAIC DEBUG: justoneday 2011 347 /caldera/projects/usgs/water/impd/skagone/r37.0_tile0
23:19:15 ET_MOSAIC DEBUG: justoneday 2011 348 /caldera/projects/usgs/water/impd/skagone/r37.0_tile0
23:21:26 ET_MOSAIC DEBUG: justoneday 2011 349 /caldera/projects/usgs/water/impd/skagone/r37.0_tile0
23:23:35 ET_MOSAIC DEBUG: justoneday 2011 350 /caldera/projects/usgs/water/impd/skagone/r37.0_tile0
23:25:38 ET_MOSAIC DEBUG: justoneday 2011 351 /caldera/projects/usgs/water/impd/skagone/r37.0_tile0
23:27:40 ET_MOSAIC DEBUG: justoneday 2011 352 /caldera/projects/usgs/water/impd/skagone/r37.0_tile0
23:29:46 ET_MOSAIC DEBUG: justoneday 2011 353 /caldera/projects/usgs/water/impd/skagone/r37.0_tile0
23:31:50 ET_MOSAIC DEBUG: justoneday 2011 354 /caldera/projects/usgs/water/impd/skagone/r37.0_tile0
23:34:02 ET_MOSAIC DEBUG: justoneday 2011 355 /caldera/projects/usgs/water/impd/skagone/r37.0_tile0
23:36:04 ET_MOSAIC DEBUG: justoneday 2011 356 /caldera/projects/usgs/water/impd/skagone/r37.0_tile0
23:38:09 ET_MOSAIC DEBUG: justoneday 2011 357 /caldera/projects/usgs/water/impd/skagone/r37.0_tile0
23:40:16 ET_MOSAIC DEBUG: justoneday 2011 358 /caldera/projects/usgs/water/impd/skagone/r37.0_tile0
23:42:29 ET_MOSAIC DEBUG: justoneday 2011 359 /caldera/projects/usgs/water/impd/skagone/r37.0_tile0
23:44:50 ET_MOSAIC DEBUG: justoneday 2011 360 /caldera/projects/usgs/water/impd/skagone/r37.0_tile0
23:46:57 ET_MOSAIC DEBUG: justoneday 2011 361 /caldera/projects/usgs/water/impd/skagone/r37.0_tile0
23:49:09 ET_MOSAIC DEBUG: justoneday 2011 362 /caldera/projects/usgs/water/impd/skagone/r37.0_tile0
23:51:27 ET_MOSAIC DEBUG: justoneday 2011 363 /caldera/projects/usgs/water/impd/skagone/r37.0_tile0
23:53:30 ET_MOSAIC DEBUG: justoneday 2011 364 /caldera/projects/usgs/water/impd/skagone/r37.0_tile0
23:55:31 ET_MOSAIC DEBUG: justoneday 2011 365 /caldera/projects/usgs/water/impd/skagone/r37.0_tile0
23:57:40 ET_MOSAIC DEBUG: justoneday 2011 366 /caldera/projects/usgs/water/impd/skagone/r37.0_tile0
