13:54:05 ET_MOSAIC DEBUG: this is how you call one of your functions
13:54:05 ET_MOSAIC DEBUG: hello from Conus_mosaic class
13:54:05 ET_MOSAIC DEBUG: Mosaicking ['etasw'] in /caldera/projects/usgs/water/impd/skagone and put it in /caldera/projects/usgs/water/impd/skagone/conus_mos_completed/2009 for 2009
13:54:05 ET_MOSAIC DEBUG: run_mosaic
13:54:05 ET_MOSAIC DEBUG: Mosaic this product: etasw
13:54:05 ET_MOSAIC DEBUG: /caldera/projects/usgs/water/impd/skagone/
13:54:05 ET_MOSAIC DEBUG: justoneday 2009 1 /caldera/projects/usgs/water/impd/skagone/r37.0_tile0
Warning 1: +init=epsg:XXXX syntax is deprecated. It might return a CRS with a non-EPSG compliant axis order.
13:55:40 ET_MOSAIC DEBUG: justoneday 2009 2 /caldera/projects/usgs/water/impd/skagone/r37.0_tile0
13:55:40 ET_MOSAIC DEBUG: justoneday 2009 3 /caldera/projects/usgs/water/impd/skagone/r37.0_tile0
13:55:40 ET_MOSAIC DEBUG: justoneday 2009 4 /caldera/projects/usgs/water/impd/skagone/r37.0_tile0
13:55:40 ET_MOSAIC DEBUG: justoneday 2009 5 /caldera/projects/usgs/water/impd/skagone/r37.0_tile0
13:55:40 ET_MOSAIC DEBUG: justoneday 2009 6 /caldera/projects/usgs/water/impd/skagone/r37.0_tile0
13:55:40 ET_MOSAIC DEBUG: justoneday 2009 7 /caldera/projects/usgs/water/impd/skagone/r37.0_tile0
13:55:40 ET_MOSAIC DEBUG: justoneday 2009 8 /caldera/projects/usgs/water/impd/skagone/r37.0_tile0
13:55:40 ET_MOSAIC DEBUG: justoneday 2009 9 /caldera/projects/usgs/water/impd/skagone/r37.0_tile0
13:55:40 ET_MOSAIC DEBUG: justoneday 2009 10 /caldera/projects/usgs/water/impd/skagone/r37.0_tile0
13:55:40 ET_MOSAIC DEBUG: justoneday 2009 11 /caldera/projects/usgs/water/impd/skagone/r37.0_tile0
13:55:40 ET_MOSAIC DEBUG: justoneday 2009 12 /caldera/projects/usgs/water/impd/skagone/r37.0_tile0
13:55:40 ET_MOSAIC DEBUG: justoneday 2009 13 /caldera/projects/usgs/water/impd/skagone/r37.0_tile0
13:55:40 ET_MOSAIC DEBUG: justoneday 2009 14 /caldera/projects/usgs/water/impd/skagone/r37.0_tile0
13:55:40 ET_MOSAIC DEBUG: justoneday 2009 15 /caldera/projects/usgs/water/impd/skagone/r37.0_tile0
13:55:40 ET_MOSAIC DEBUG: justoneday 2009 16 /caldera/projects/usgs/water/impd/skagone/r37.0_tile0
13:55:40 ET_MOSAIC DEBUG: justoneday 2009 17 /caldera/projects/usgs/water/impd/skagone/r37.0_tile0
13:55:40 ET_MOSAIC DEBUG: justoneday 2009 18 /caldera/projects/usgs/water/impd/skagone/r37.0_tile0
13:55:40 ET_MOSAIC DEBUG: justoneday 2009 19 /caldera/projects/usgs/water/impd/skagone/r37.0_tile0
13:55:40 ET_MOSAIC DEBUG: justoneday 2009 20 /caldera/projects/usgs/water/impd/skagone/r37.0_tile0
13:57:19 ET_MOSAIC DEBUG: justoneday 2009 21 /caldera/projects/usgs/water/impd/skagone/r37.0_tile0
13:59:02 ET_MOSAIC DEBUG: justoneday 2009 22 /caldera/projects/usgs/water/impd/skagone/r37.0_tile0
14:00:47 ET_MOSAIC DEBUG: justoneday 2009 23 /caldera/projects/usgs/water/impd/skagone/r37.0_tile0
14:02:33 ET_MOSAIC DEBUG: justoneday 2009 24 /caldera/projects/usgs/water/impd/skagone/r37.0_tile0
14:04:19 ET_MOSAIC DEBUG: justoneday 2009 25 /caldera/projects/usgs/water/impd/skagone/r37.0_tile0
14:06:05 ET_MOSAIC DEBUG: justoneday 2009 26 /caldera/projects/usgs/water/impd/skagone/r37.0_tile0
14:07:51 ET_MOSAIC DEBUG: justoneday 2009 27 /caldera/projects/usgs/water/impd/skagone/r37.0_tile0
14:09:37 ET_MOSAIC DEBUG: justoneday 2009 28 /caldera/projects/usgs/water/impd/skagone/r37.0_tile0
14:11:25 ET_MOSAIC DEBUG: justoneday 2009 29 /caldera/projects/usgs/water/impd/skagone/r37.0_tile0
14:13:14 ET_MOSAIC DEBUG: justoneday 2009 30 /caldera/projects/usgs/water/impd/skagone/r37.0_tile0
14:15:02 ET_MOSAIC DEBUG: justoneday 2009 31 /caldera/projects/usgs/water/impd/skagone/r37.0_tile0
14:16:51 ET_MOSAIC DEBUG: justoneday 2009 32 /caldera/projects/usgs/water/impd/skagone/r37.0_tile0
14:18:45 ET_MOSAIC DEBUG: justoneday 2009 33 /caldera/projects/usgs/water/impd/skagone/r37.0_tile0
14:20:32 ET_MOSAIC DEBUG: justoneday 2009 34 /caldera/projects/usgs/water/impd/skagone/r37.0_tile0
14:22:20 ET_MOSAIC DEBUG: justoneday 2009 35 /caldera/projects/usgs/water/impd/skagone/r37.0_tile0
14:24:10 ET_MOSAIC DEBUG: justoneday 2009 36 /caldera/projects/usgs/water/impd/skagone/r37.0_tile0
14:26:04 ET_MOSAIC DEBUG: justoneday 2009 37 /caldera/projects/usgs/water/impd/skagone/r37.0_tile0
14:28:01 ET_MOSAIC DEBUG: justoneday 2009 38 /caldera/projects/usgs/water/impd/skagone/r37.0_tile0
14:29:52 ET_MOSAIC DEBUG: justoneday 2009 39 /caldera/projects/usgs/water/impd/skagone/r37.0_tile0
14:31:43 ET_MOSAIC DEBUG: justoneday 2009 40 /caldera/projects/usgs/water/impd/skagone/r37.0_tile0
14:33:28 ET_MOSAIC DEBUG: justoneday 2009 41 /caldera/projects/usgs/water/impd/skagone/r37.0_tile0
14:35:24 ET_MOSAIC DEBUG: justoneday 2009 42 /caldera/projects/usgs/water/impd/skagone/r37.0_tile0
14:37:21 ET_MOSAIC DEBUG: justoneday 2009 43 /caldera/projects/usgs/water/impd/skagone/r37.0_tile0
14:39:11 ET_MOSAIC DEBUG: justoneday 2009 44 /caldera/projects/usgs/water/impd/skagone/r37.0_tile0
14:41:00 ET_MOSAIC DEBUG: justoneday 2009 45 /caldera/projects/usgs/water/impd/skagone/r37.0_tile0
14:42:50 ET_MOSAIC DEBUG: justoneday 2009 46 /caldera/projects/usgs/water/impd/skagone/r37.0_tile0
14:44:45 ET_MOSAIC DEBUG: justoneday 2009 47 /caldera/projects/usgs/water/impd/skagone/r37.0_tile0
14:46:38 ET_MOSAIC DEBUG: justoneday 2009 48 /caldera/projects/usgs/water/impd/skagone/r37.0_tile0
14:48:36 ET_MOSAIC DEBUG: justoneday 2009 49 /caldera/projects/usgs/water/impd/skagone/r37.0_tile0
14:50:29 ET_MOSAIC DEBUG: justoneday 2009 50 /caldera/projects/usgs/water/impd/skagone/r37.0_tile0
14:52:27 ET_MOSAIC DEBUG: justoneday 2009 51 /caldera/projects/usgs/water/impd/skagone/r37.0_tile0
14:54:18 ET_MOSAIC DEBUG: justoneday 2009 52 /caldera/projects/usgs/water/impd/skagone/r37.0_tile0
14:55:59 ET_MOSAIC DEBUG: justoneday 2009 53 /caldera/projects/usgs/water/impd/skagone/r37.0_tile0
14:57:54 ET_MOSAIC DEBUG: justoneday 2009 54 /caldera/projects/usgs/water/impd/skagone/r37.0_tile0
14:59:50 ET_MOSAIC DEBUG: justoneday 2009 55 /caldera/projects/usgs/water/impd/skagone/r37.0_tile0
15:01:44 ET_MOSAIC DEBUG: justoneday 2009 56 /caldera/projects/usgs/water/impd/skagone/r37.0_tile0
15:03:37 ET_MOSAIC DEBUG: justoneday 2009 57 /caldera/projects/usgs/water/impd/skagone/r37.0_tile0
15:05:33 ET_MOSAIC DEBUG: justoneday 2009 58 /caldera/projects/usgs/water/impd/skagone/r37.0_tile0
15:07:22 ET_MOSAIC DEBUG: justoneday 2009 59 /caldera/projects/usgs/water/impd/skagone/r37.0_tile0
15:09:15 ET_MOSAIC DEBUG: justoneday 2009 60 /caldera/projects/usgs/water/impd/skagone/r37.0_tile0
15:11:04 ET_MOSAIC DEBUG: justoneday 2009 61 /caldera/projects/usgs/water/impd/skagone/r37.0_tile0
15:12:56 ET_MOSAIC DEBUG: justoneday 2009 62 /caldera/projects/usgs/water/impd/skagone/r37.0_tile0
15:14:48 ET_MOSAIC DEBUG: justoneday 2009 63 /caldera/projects/usgs/water/impd/skagone/r37.0_tile0
15:16:26 ET_MOSAIC DEBUG: justoneday 2009 64 /caldera/projects/usgs/water/impd/skagone/r37.0_tile0
15:18:19 ET_MOSAIC DEBUG: justoneday 2009 65 /caldera/projects/usgs/water/impd/skagone/r37.0_tile0
15:20:10 ET_MOSAIC DEBUG: justoneday 2009 66 /caldera/projects/usgs/water/impd/skagone/r37.0_tile0
15:22:01 ET_MOSAIC DEBUG: justoneday 2009 67 /caldera/projects/usgs/water/impd/skagone/r37.0_tile0
15:23:53 ET_MOSAIC DEBUG: justoneday 2009 68 /caldera/projects/usgs/water/impd/skagone/r37.0_tile0
15:25:53 ET_MOSAIC DEBUG: justoneday 2009 69 /caldera/projects/usgs/water/impd/skagone/r37.0_tile0
15:27:36 ET_MOSAIC DEBUG: justoneday 2009 70 /caldera/projects/usgs/water/impd/skagone/r37.0_tile0
15:29:30 ET_MOSAIC DEBUG: justoneday 2009 71 /caldera/projects/usgs/water/impd/skagone/r37.0_tile0
15:31:22 ET_MOSAIC DEBUG: justoneday 2009 72 /caldera/projects/usgs/water/impd/skagone/r37.0_tile0
15:33:13 ET_MOSAIC DEBUG: justoneday 2009 73 /caldera/projects/usgs/water/impd/skagone/r37.0_tile0
15:35:05 ET_MOSAIC DEBUG: justoneday 2009 74 /caldera/projects/usgs/water/impd/skagone/r37.0_tile0
15:37:01 ET_MOSAIC DEBUG: justoneday 2009 75 /caldera/projects/usgs/water/impd/skagone/r37.0_tile0
15:39:03 ET_MOSAIC DEBUG: justoneday 2009 76 /caldera/projects/usgs/water/impd/skagone/r37.0_tile0
15:40:57 ET_MOSAIC DEBUG: justoneday 2009 77 /caldera/projects/usgs/water/impd/skagone/r37.0_tile0
15:42:55 ET_MOSAIC DEBUG: justoneday 2009 78 /caldera/projects/usgs/water/impd/skagone/r37.0_tile0
15:44:54 ET_MOSAIC DEBUG: justoneday 2009 79 /caldera/projects/usgs/water/impd/skagone/r37.0_tile0
15:46:49 ET_MOSAIC DEBUG: justoneday 2009 80 /caldera/projects/usgs/water/impd/skagone/r37.0_tile0
15:48:46 ET_MOSAIC DEBUG: justoneday 2009 81 /caldera/projects/usgs/water/impd/skagone/r37.0_tile0
15:50:44 ET_MOSAIC DEBUG: justoneday 2009 82 /caldera/projects/usgs/water/impd/skagone/r37.0_tile0
15:52:36 ET_MOSAIC DEBUG: justoneday 2009 83 /caldera/projects/usgs/water/impd/skagone/r37.0_tile0
15:54:32 ET_MOSAIC DEBUG: justoneday 2009 84 /caldera/projects/usgs/water/impd/skagone/r37.0_tile0
15:56:25 ET_MOSAIC DEBUG: justoneday 2009 85 /caldera/projects/usgs/water/impd/skagone/r37.0_tile0
15:58:19 ET_MOSAIC DEBUG: justoneday 2009 86 /caldera/projects/usgs/water/impd/skagone/r37.0_tile0
16:00:17 ET_MOSAIC DEBUG: justoneday 2009 87 /caldera/projects/usgs/water/impd/skagone/r37.0_tile0
16:02:15 ET_MOSAIC DEBUG: justoneday 2009 88 /caldera/projects/usgs/water/impd/skagone/r37.0_tile0
16:04:14 ET_MOSAIC DEBUG: justoneday 2009 89 /caldera/projects/usgs/water/impd/skagone/r37.0_tile0
16:06:17 ET_MOSAIC DEBUG: justoneday 2009 90 /caldera/projects/usgs/water/impd/skagone/r37.0_tile0
16:08:16 ET_MOSAIC DEBUG: justoneday 2009 91 /caldera/projects/usgs/water/impd/skagone/r37.0_tile0
16:10:13 ET_MOSAIC DEBUG: justoneday 2009 92 /caldera/projects/usgs/water/impd/skagone/r37.0_tile0
16:12:06 ET_MOSAIC DEBUG: justoneday 2009 93 /caldera/projects/usgs/water/impd/skagone/r37.0_tile0
16:13:59 ET_MOSAIC DEBUG: justoneday 2009 94 /caldera/projects/usgs/water/impd/skagone/r37.0_tile0
16:15:56 ET_MOSAIC DEBUG: justoneday 2009 95 /caldera/projects/usgs/water/impd/skagone/r37.0_tile0
16:17:48 ET_MOSAIC DEBUG: justoneday 2009 96 /caldera/projects/usgs/water/impd/skagone/r37.0_tile0
16:19:26 ET_MOSAIC DEBUG: justoneday 2009 97 /caldera/projects/usgs/water/impd/skagone/r37.0_tile0
16:21:21 ET_MOSAIC DEBUG: justoneday 2009 98 /caldera/projects/usgs/water/impd/skagone/r37.0_tile0
16:23:14 ET_MOSAIC DEBUG: justoneday 2009 99 /caldera/projects/usgs/water/impd/skagone/r37.0_tile0
16:25:12 ET_MOSAIC DEBUG: justoneday 2009 100 /caldera/projects/usgs/water/impd/skagone/r37.0_tile0
16:27:08 ET_MOSAIC DEBUG: justoneday 2009 101 /caldera/projects/usgs/water/impd/skagone/r37.0_tile0
16:28:49 ET_MOSAIC DEBUG: justoneday 2009 102 /caldera/projects/usgs/water/impd/skagone/r37.0_tile0
16:30:42 ET_MOSAIC DEBUG: justoneday 2009 103 /caldera/projects/usgs/water/impd/skagone/r37.0_tile0
16:32:40 ET_MOSAIC DEBUG: justoneday 2009 104 /caldera/projects/usgs/water/impd/skagone/r37.0_tile0
16:34:40 ET_MOSAIC DEBUG: justoneday 2009 105 /caldera/projects/usgs/water/impd/skagone/r37.0_tile0
16:36:37 ET_MOSAIC DEBUG: justoneday 2009 106 /caldera/projects/usgs/water/impd/skagone/r37.0_tile0
16:38:30 ET_MOSAIC DEBUG: justoneday 2009 107 /caldera/projects/usgs/water/impd/skagone/r37.0_tile0
16:40:31 ET_MOSAIC DEBUG: justoneday 2009 108 /caldera/projects/usgs/water/impd/skagone/r37.0_tile0
16:42:26 ET_MOSAIC DEBUG: justoneday 2009 109 /caldera/projects/usgs/water/impd/skagone/r37.0_tile0
16:44:20 ET_MOSAIC DEBUG: justoneday 2009 110 /caldera/projects/usgs/water/impd/skagone/r37.0_tile0
16:46:16 ET_MOSAIC DEBUG: justoneday 2009 111 /caldera/projects/usgs/water/impd/skagone/r37.0_tile0
16:48:19 ET_MOSAIC DEBUG: justoneday 2009 112 /caldera/projects/usgs/water/impd/skagone/r37.0_tile0
16:50:13 ET_MOSAIC DEBUG: justoneday 2009 113 /caldera/projects/usgs/water/impd/skagone/r37.0_tile0
16:52:03 ET_MOSAIC DEBUG: justoneday 2009 114 /caldera/projects/usgs/water/impd/skagone/r37.0_tile0
16:53:56 ET_MOSAIC DEBUG: justoneday 2009 115 /caldera/projects/usgs/water/impd/skagone/r37.0_tile0
16:55:55 ET_MOSAIC DEBUG: justoneday 2009 116 /caldera/projects/usgs/water/impd/skagone/r37.0_tile0
16:57:53 ET_MOSAIC DEBUG: justoneday 2009 117 /caldera/projects/usgs/water/impd/skagone/r37.0_tile0
16:59:45 ET_MOSAIC DEBUG: justoneday 2009 118 /caldera/projects/usgs/water/impd/skagone/r37.0_tile0
17:01:31 ET_MOSAIC DEBUG: justoneday 2009 119 /caldera/projects/usgs/water/impd/skagone/r37.0_tile0
17:03:26 ET_MOSAIC DEBUG: justoneday 2009 120 /caldera/projects/usgs/water/impd/skagone/r37.0_tile0
17:05:11 ET_MOSAIC DEBUG: justoneday 2009 121 /caldera/projects/usgs/water/impd/skagone/r37.0_tile0
17:06:55 ET_MOSAIC DEBUG: justoneday 2009 122 /caldera/projects/usgs/water/impd/skagone/r37.0_tile0
17:08:52 ET_MOSAIC DEBUG: justoneday 2009 123 /caldera/projects/usgs/water/impd/skagone/r37.0_tile0
17:10:37 ET_MOSAIC DEBUG: justoneday 2009 124 /caldera/projects/usgs/water/impd/skagone/r37.0_tile0
17:12:20 ET_MOSAIC DEBUG: justoneday 2009 125 /caldera/projects/usgs/water/impd/skagone/r37.0_tile0
17:14:25 ET_MOSAIC DEBUG: justoneday 2009 126 /caldera/projects/usgs/water/impd/skagone/r37.0_tile0
17:16:07 ET_MOSAIC DEBUG: justoneday 2009 127 /caldera/projects/usgs/water/impd/skagone/r37.0_tile0
17:17:58 ET_MOSAIC DEBUG: justoneday 2009 128 /caldera/projects/usgs/water/impd/skagone/r37.0_tile0
17:19:45 ET_MOSAIC DEBUG: justoneday 2009 129 /caldera/projects/usgs/water/impd/skagone/r37.0_tile0
17:21:34 ET_MOSAIC DEBUG: justoneday 2009 130 /caldera/projects/usgs/water/impd/skagone/r37.0_tile0
17:23:22 ET_MOSAIC DEBUG: justoneday 2009 131 /caldera/projects/usgs/water/impd/skagone/r37.0_tile0
17:25:13 ET_MOSAIC DEBUG: justoneday 2009 132 /caldera/projects/usgs/water/impd/skagone/r37.0_tile0
17:27:01 ET_MOSAIC DEBUG: justoneday 2009 133 /caldera/projects/usgs/water/impd/skagone/r37.0_tile0
17:28:49 ET_MOSAIC DEBUG: justoneday 2009 134 /caldera/projects/usgs/water/impd/skagone/r37.0_tile0
17:30:34 ET_MOSAIC DEBUG: justoneday 2009 135 /caldera/projects/usgs/water/impd/skagone/r37.0_tile0
17:32:20 ET_MOSAIC DEBUG: justoneday 2009 136 /caldera/projects/usgs/water/impd/skagone/r37.0_tile0
17:34:20 ET_MOSAIC DEBUG: justoneday 2009 137 /caldera/projects/usgs/water/impd/skagone/r37.0_tile0
17:36:17 ET_MOSAIC DEBUG: justoneday 2009 138 /caldera/projects/usgs/water/impd/skagone/r37.0_tile0
17:38:22 ET_MOSAIC DEBUG: justoneday 2009 139 /caldera/projects/usgs/water/impd/skagone/r37.0_tile0
17:40:18 ET_MOSAIC DEBUG: justoneday 2009 140 /caldera/projects/usgs/water/impd/skagone/r37.0_tile0
17:42:10 ET_MOSAIC DEBUG: justoneday 2009 141 /caldera/projects/usgs/water/impd/skagone/r37.0_tile0
17:43:58 ET_MOSAIC DEBUG: justoneday 2009 142 /caldera/projects/usgs/water/impd/skagone/r37.0_tile0
17:45:54 ET_MOSAIC DEBUG: justoneday 2009 143 /caldera/projects/usgs/water/impd/skagone/r37.0_tile0
17:47:42 ET_MOSAIC DEBUG: justoneday 2009 144 /caldera/projects/usgs/water/impd/skagone/r37.0_tile0
17:49:31 ET_MOSAIC DEBUG: justoneday 2009 145 /caldera/projects/usgs/water/impd/skagone/r37.0_tile0
17:51:16 ET_MOSAIC DEBUG: justoneday 2009 146 /caldera/projects/usgs/water/impd/skagone/r37.0_tile0
17:53:04 ET_MOSAIC DEBUG: justoneday 2009 147 /caldera/projects/usgs/water/impd/skagone/r37.0_tile0
17:55:02 ET_MOSAIC DEBUG: justoneday 2009 148 /caldera/projects/usgs/water/impd/skagone/r37.0_tile0
17:57:06 ET_MOSAIC DEBUG: justoneday 2009 149 /caldera/projects/usgs/water/impd/skagone/r37.0_tile0
17:59:11 ET_MOSAIC DEBUG: justoneday 2009 150 /caldera/projects/usgs/water/impd/skagone/r37.0_tile0
18:00:58 ET_MOSAIC DEBUG: justoneday 2009 151 /caldera/projects/usgs/water/impd/skagone/r37.0_tile0
18:02:44 ET_MOSAIC DEBUG: justoneday 2009 152 /caldera/projects/usgs/water/impd/skagone/r37.0_tile0
18:04:35 ET_MOSAIC DEBUG: justoneday 2009 153 /caldera/projects/usgs/water/impd/skagone/r37.0_tile0
18:06:33 ET_MOSAIC DEBUG: justoneday 2009 154 /caldera/projects/usgs/water/impd/skagone/r37.0_tile0
18:08:25 ET_MOSAIC DEBUG: justoneday 2009 155 /caldera/projects/usgs/water/impd/skagone/r37.0_tile0
18:10:13 ET_MOSAIC DEBUG: justoneday 2009 156 /caldera/projects/usgs/water/impd/skagone/r37.0_tile0
18:12:02 ET_MOSAIC DEBUG: justoneday 2009 157 /caldera/projects/usgs/water/impd/skagone/r37.0_tile0
18:13:50 ET_MOSAIC DEBUG: justoneday 2009 158 /caldera/projects/usgs/water/impd/skagone/r37.0_tile0
18:15:40 ET_MOSAIC DEBUG: justoneday 2009 159 /caldera/projects/usgs/water/impd/skagone/r37.0_tile0
18:17:50 ET_MOSAIC DEBUG: justoneday 2009 160 /caldera/projects/usgs/water/impd/skagone/r37.0_tile0
18:19:44 ET_MOSAIC DEBUG: justoneday 2009 161 /caldera/projects/usgs/water/impd/skagone/r37.0_tile0
18:21:38 ET_MOSAIC DEBUG: justoneday 2009 162 /caldera/projects/usgs/water/impd/skagone/r37.0_tile0
18:23:34 ET_MOSAIC DEBUG: justoneday 2009 163 /caldera/projects/usgs/water/impd/skagone/r37.0_tile0
18:25:41 ET_MOSAIC DEBUG: justoneday 2009 164 /caldera/projects/usgs/water/impd/skagone/r37.0_tile0
18:27:33 ET_MOSAIC DEBUG: justoneday 2009 165 /caldera/projects/usgs/water/impd/skagone/r37.0_tile0
18:29:28 ET_MOSAIC DEBUG: justoneday 2009 166 /caldera/projects/usgs/water/impd/skagone/r37.0_tile0
18:31:25 ET_MOSAIC DEBUG: justoneday 2009 167 /caldera/projects/usgs/water/impd/skagone/r37.0_tile0
18:33:21 ET_MOSAIC DEBUG: justoneday 2009 168 /caldera/projects/usgs/water/impd/skagone/r37.0_tile0
18:35:17 ET_MOSAIC DEBUG: justoneday 2009 169 /caldera/projects/usgs/water/impd/skagone/r37.0_tile0
18:37:06 ET_MOSAIC DEBUG: justoneday 2009 170 /caldera/projects/usgs/water/impd/skagone/r37.0_tile0
18:38:59 ET_MOSAIC DEBUG: justoneday 2009 171 /caldera/projects/usgs/water/impd/skagone/r37.0_tile0
18:40:56 ET_MOSAIC DEBUG: justoneday 2009 172 /caldera/projects/usgs/water/impd/skagone/r37.0_tile0
18:42:52 ET_MOSAIC DEBUG: justoneday 2009 173 /caldera/projects/usgs/water/impd/skagone/r37.0_tile0
18:44:48 ET_MOSAIC DEBUG: justoneday 2009 174 /caldera/projects/usgs/water/impd/skagone/r37.0_tile0
18:46:38 ET_MOSAIC DEBUG: justoneday 2009 175 /caldera/projects/usgs/water/impd/skagone/r37.0_tile0
18:48:26 ET_MOSAIC DEBUG: justoneday 2009 176 /caldera/projects/usgs/water/impd/skagone/r37.0_tile0
18:50:16 ET_MOSAIC DEBUG: justoneday 2009 177 /caldera/projects/usgs/water/impd/skagone/r37.0_tile0
18:52:05 ET_MOSAIC DEBUG: justoneday 2009 178 /caldera/projects/usgs/water/impd/skagone/r37.0_tile0
18:53:50 ET_MOSAIC DEBUG: justoneday 2009 179 /caldera/projects/usgs/water/impd/skagone/r37.0_tile0
18:55:44 ET_MOSAIC DEBUG: justoneday 2009 180 /caldera/projects/usgs/water/impd/skagone/r37.0_tile0
18:57:47 ET_MOSAIC DEBUG: justoneday 2009 181 /caldera/projects/usgs/water/impd/skagone/r37.0_tile0
18:59:40 ET_MOSAIC DEBUG: justoneday 2009 182 /caldera/projects/usgs/water/impd/skagone/r37.0_tile0
19:01:33 ET_MOSAIC DEBUG: justoneday 2009 183 /caldera/projects/usgs/water/impd/skagone/r37.0_tile0
19:03:34 ET_MOSAIC DEBUG: justoneday 2009 184 /caldera/projects/usgs/water/impd/skagone/r37.0_tile0
19:05:33 ET_MOSAIC DEBUG: justoneday 2009 185 /caldera/projects/usgs/water/impd/skagone/r37.0_tile0
19:07:44 ET_MOSAIC DEBUG: justoneday 2009 186 /caldera/projects/usgs/water/impd/skagone/r37.0_tile0
19:09:55 ET_MOSAIC DEBUG: justoneday 2009 187 /caldera/projects/usgs/water/impd/skagone/r37.0_tile0
19:11:54 ET_MOSAIC DEBUG: justoneday 2009 188 /caldera/projects/usgs/water/impd/skagone/r37.0_tile0
19:14:03 ET_MOSAIC DEBUG: justoneday 2009 189 /caldera/projects/usgs/water/impd/skagone/r37.0_tile0
19:15:52 ET_MOSAIC DEBUG: justoneday 2009 190 /caldera/projects/usgs/water/impd/skagone/r37.0_tile0
19:17:51 ET_MOSAIC DEBUG: justoneday 2009 191 /caldera/projects/usgs/water/impd/skagone/r37.0_tile0
19:19:49 ET_MOSAIC DEBUG: justoneday 2009 192 /caldera/projects/usgs/water/impd/skagone/r37.0_tile0
19:21:47 ET_MOSAIC DEBUG: justoneday 2009 193 /caldera/projects/usgs/water/impd/skagone/r37.0_tile0
19:23:38 ET_MOSAIC DEBUG: justoneday 2009 194 /caldera/projects/usgs/water/impd/skagone/r37.0_tile0
19:25:31 ET_MOSAIC DEBUG: justoneday 2009 195 /caldera/projects/usgs/water/impd/skagone/r37.0_tile0
19:27:27 ET_MOSAIC DEBUG: justoneday 2009 196 /caldera/projects/usgs/water/impd/skagone/r37.0_tile0
19:29:21 ET_MOSAIC DEBUG: justoneday 2009 197 /caldera/projects/usgs/water/impd/skagone/r37.0_tile0
19:31:15 ET_MOSAIC DEBUG: justoneday 2009 198 /caldera/projects/usgs/water/impd/skagone/r37.0_tile0
19:33:08 ET_MOSAIC DEBUG: justoneday 2009 199 /caldera/projects/usgs/water/impd/skagone/r37.0_tile0
19:34:58 ET_MOSAIC DEBUG: justoneday 2009 200 /caldera/projects/usgs/water/impd/skagone/r37.0_tile0
19:36:49 ET_MOSAIC DEBUG: justoneday 2009 201 /caldera/projects/usgs/water/impd/skagone/r37.0_tile0
19:38:40 ET_MOSAIC DEBUG: justoneday 2009 202 /caldera/projects/usgs/water/impd/skagone/r37.0_tile0
19:40:28 ET_MOSAIC DEBUG: justoneday 2009 203 /caldera/projects/usgs/water/impd/skagone/r37.0_tile0
19:42:18 ET_MOSAIC DEBUG: justoneday 2009 204 /caldera/projects/usgs/water/impd/skagone/r37.0_tile0
19:44:04 ET_MOSAIC DEBUG: justoneday 2009 205 /caldera/projects/usgs/water/impd/skagone/r37.0_tile0
19:45:59 ET_MOSAIC DEBUG: justoneday 2009 206 /caldera/projects/usgs/water/impd/skagone/r37.0_tile0
19:47:51 ET_MOSAIC DEBUG: justoneday 2009 207 /caldera/projects/usgs/water/impd/skagone/r37.0_tile0
19:49:47 ET_MOSAIC DEBUG: justoneday 2009 208 /caldera/projects/usgs/water/impd/skagone/r37.0_tile0
19:51:41 ET_MOSAIC DEBUG: justoneday 2009 209 /caldera/projects/usgs/water/impd/skagone/r37.0_tile0
19:53:34 ET_MOSAIC DEBUG: justoneday 2009 210 /caldera/projects/usgs/water/impd/skagone/r37.0_tile0
19:55:37 ET_MOSAIC DEBUG: justoneday 2009 211 /caldera/projects/usgs/water/impd/skagone/r37.0_tile0
19:57:35 ET_MOSAIC DEBUG: justoneday 2009 212 /caldera/projects/usgs/water/impd/skagone/r37.0_tile0
19:59:32 ET_MOSAIC DEBUG: justoneday 2009 213 /caldera/projects/usgs/water/impd/skagone/r37.0_tile0
20:01:26 ET_MOSAIC DEBUG: justoneday 2009 214 /caldera/projects/usgs/water/impd/skagone/r37.0_tile0
20:03:18 ET_MOSAIC DEBUG: justoneday 2009 215 /caldera/projects/usgs/water/impd/skagone/r37.0_tile0
20:05:16 ET_MOSAIC DEBUG: justoneday 2009 216 /caldera/projects/usgs/water/impd/skagone/r37.0_tile0
20:07:15 ET_MOSAIC DEBUG: justoneday 2009 217 /caldera/projects/usgs/water/impd/skagone/r37.0_tile0
20:09:10 ET_MOSAIC DEBUG: justoneday 2009 218 /caldera/projects/usgs/water/impd/skagone/r37.0_tile0
20:11:03 ET_MOSAIC DEBUG: justoneday 2009 219 /caldera/projects/usgs/water/impd/skagone/r37.0_tile0
20:12:57 ET_MOSAIC DEBUG: justoneday 2009 220 /caldera/projects/usgs/water/impd/skagone/r37.0_tile0
20:15:00 ET_MOSAIC DEBUG: justoneday 2009 221 /caldera/projects/usgs/water/impd/skagone/r37.0_tile0
20:17:18 ET_MOSAIC DEBUG: justoneday 2009 222 /caldera/projects/usgs/water/impd/skagone/r37.0_tile0
20:19:19 ET_MOSAIC DEBUG: justoneday 2009 223 /caldera/projects/usgs/water/impd/skagone/r37.0_tile0
20:21:21 ET_MOSAIC DEBUG: justoneday 2009 224 /caldera/projects/usgs/water/impd/skagone/r37.0_tile0
20:23:25 ET_MOSAIC DEBUG: justoneday 2009 225 /caldera/projects/usgs/water/impd/skagone/r37.0_tile0
20:25:26 ET_MOSAIC DEBUG: justoneday 2009 226 /caldera/projects/usgs/water/impd/skagone/r37.0_tile0
20:27:27 ET_MOSAIC DEBUG: justoneday 2009 227 /caldera/projects/usgs/water/impd/skagone/r37.0_tile0
20:29:24 ET_MOSAIC DEBUG: justoneday 2009 228 /caldera/projects/usgs/water/impd/skagone/r37.0_tile0
20:31:16 ET_MOSAIC DEBUG: justoneday 2009 229 /caldera/projects/usgs/water/impd/skagone/r37.0_tile0
20:33:15 ET_MOSAIC DEBUG: justoneday 2009 230 /caldera/projects/usgs/water/impd/skagone/r37.0_tile0
20:35:09 ET_MOSAIC DEBUG: justoneday 2009 231 /caldera/projects/usgs/water/impd/skagone/r37.0_tile0
20:37:12 ET_MOSAIC DEBUG: justoneday 2009 232 /caldera/projects/usgs/water/impd/skagone/r37.0_tile0
20:39:13 ET_MOSAIC DEBUG: justoneday 2009 233 /caldera/projects/usgs/water/impd/skagone/r37.0_tile0
20:41:09 ET_MOSAIC DEBUG: justoneday 2009 234 /caldera/projects/usgs/water/impd/skagone/r37.0_tile0
20:43:03 ET_MOSAIC DEBUG: justoneday 2009 235 /caldera/projects/usgs/water/impd/skagone/r37.0_tile0
20:44:58 ET_MOSAIC DEBUG: justoneday 2009 236 /caldera/projects/usgs/water/impd/skagone/r37.0_tile0
20:46:55 ET_MOSAIC DEBUG: justoneday 2009 237 /caldera/projects/usgs/water/impd/skagone/r37.0_tile0
20:48:51 ET_MOSAIC DEBUG: justoneday 2009 238 /caldera/projects/usgs/water/impd/skagone/r37.0_tile0
20:50:47 ET_MOSAIC DEBUG: justoneday 2009 239 /caldera/projects/usgs/water/impd/skagone/r37.0_tile0
20:52:47 ET_MOSAIC DEBUG: justoneday 2009 240 /caldera/projects/usgs/water/impd/skagone/r37.0_tile0
20:54:45 ET_MOSAIC DEBUG: justoneday 2009 241 /caldera/projects/usgs/water/impd/skagone/r37.0_tile0
20:56:47 ET_MOSAIC DEBUG: justoneday 2009 242 /caldera/projects/usgs/water/impd/skagone/r37.0_tile0
20:58:46 ET_MOSAIC DEBUG: justoneday 2009 243 /caldera/projects/usgs/water/impd/skagone/r37.0_tile0
21:00:50 ET_MOSAIC DEBUG: justoneday 2009 244 /caldera/projects/usgs/water/impd/skagone/r37.0_tile0
21:02:50 ET_MOSAIC DEBUG: justoneday 2009 245 /caldera/projects/usgs/water/impd/skagone/r37.0_tile0
21:04:46 ET_MOSAIC DEBUG: justoneday 2009 246 /caldera/projects/usgs/water/impd/skagone/r37.0_tile0
21:06:48 ET_MOSAIC DEBUG: justoneday 2009 247 /caldera/projects/usgs/water/impd/skagone/r37.0_tile0
21:08:45 ET_MOSAIC DEBUG: justoneday 2009 248 /caldera/projects/usgs/water/impd/skagone/r37.0_tile0
21:10:39 ET_MOSAIC DEBUG: justoneday 2009 249 /caldera/projects/usgs/water/impd/skagone/r37.0_tile0
21:12:32 ET_MOSAIC DEBUG: justoneday 2009 250 /caldera/projects/usgs/water/impd/skagone/r37.0_tile0
21:14:26 ET_MOSAIC DEBUG: justoneday 2009 251 /caldera/projects/usgs/water/impd/skagone/r37.0_tile0
21:16:23 ET_MOSAIC DEBUG: justoneday 2009 252 /caldera/projects/usgs/water/impd/skagone/r37.0_tile0
21:18:19 ET_MOSAIC DEBUG: justoneday 2009 253 /caldera/projects/usgs/water/impd/skagone/r37.0_tile0
21:20:17 ET_MOSAIC DEBUG: justoneday 2009 254 /caldera/projects/usgs/water/impd/skagone/r37.0_tile0
21:22:10 ET_MOSAIC DEBUG: justoneday 2009 255 /caldera/projects/usgs/water/impd/skagone/r37.0_tile0
21:24:07 ET_MOSAIC DEBUG: justoneday 2009 256 /caldera/projects/usgs/water/impd/skagone/r37.0_tile0
21:26:06 ET_MOSAIC DEBUG: justoneday 2009 257 /caldera/projects/usgs/water/impd/skagone/r37.0_tile0
21:27:59 ET_MOSAIC DEBUG: justoneday 2009 258 /caldera/projects/usgs/water/impd/skagone/r37.0_tile0
21:29:56 ET_MOSAIC DEBUG: justoneday 2009 259 /caldera/projects/usgs/water/impd/skagone/r37.0_tile0
21:31:57 ET_MOSAIC DEBUG: justoneday 2009 260 /caldera/projects/usgs/water/impd/skagone/r37.0_tile0
21:34:04 ET_MOSAIC DEBUG: justoneday 2009 261 /caldera/projects/usgs/water/impd/skagone/r37.0_tile0
21:36:06 ET_MOSAIC DEBUG: justoneday 2009 262 /caldera/projects/usgs/water/impd/skagone/r37.0_tile0
21:38:25 ET_MOSAIC DEBUG: justoneday 2009 263 /caldera/projects/usgs/water/impd/skagone/r37.0_tile0
21:40:25 ET_MOSAIC DEBUG: justoneday 2009 264 /caldera/projects/usgs/water/impd/skagone/r37.0_tile0
21:42:20 ET_MOSAIC DEBUG: justoneday 2009 265 /caldera/projects/usgs/water/impd/skagone/r37.0_tile0
21:44:21 ET_MOSAIC DEBUG: justoneday 2009 266 /caldera/projects/usgs/water/impd/skagone/r37.0_tile0
21:46:18 ET_MOSAIC DEBUG: justoneday 2009 267 /caldera/projects/usgs/water/impd/skagone/r37.0_tile0
21:48:28 ET_MOSAIC DEBUG: justoneday 2009 268 /caldera/projects/usgs/water/impd/skagone/r37.0_tile0
21:50:34 ET_MOSAIC DEBUG: justoneday 2009 269 /caldera/projects/usgs/water/impd/skagone/r37.0_tile0
21:52:35 ET_MOSAIC DEBUG: justoneday 2009 270 /caldera/projects/usgs/water/impd/skagone/r37.0_tile0
21:54:37 ET_MOSAIC DEBUG: justoneday 2009 271 /caldera/projects/usgs/water/impd/skagone/r37.0_tile0
21:56:48 ET_MOSAIC DEBUG: justoneday 2009 272 /caldera/projects/usgs/water/impd/skagone/r37.0_tile0
21:58:48 ET_MOSAIC DEBUG: justoneday 2009 273 /caldera/projects/usgs/water/impd/skagone/r37.0_tile0
22:00:56 ET_MOSAIC DEBUG: justoneday 2009 274 /caldera/projects/usgs/water/impd/skagone/r37.0_tile0
22:02:59 ET_MOSAIC DEBUG: justoneday 2009 275 /caldera/projects/usgs/water/impd/skagone/r37.0_tile0
22:05:03 ET_MOSAIC DEBUG: justoneday 2009 276 /caldera/projects/usgs/water/impd/skagone/r37.0_tile0
22:07:16 ET_MOSAIC DEBUG: justoneday 2009 277 /caldera/projects/usgs/water/impd/skagone/r37.0_tile0
22:09:14 ET_MOSAIC DEBUG: justoneday 2009 278 /caldera/projects/usgs/water/impd/skagone/r37.0_tile0
22:11:15 ET_MOSAIC DEBUG: justoneday 2009 279 /caldera/projects/usgs/water/impd/skagone/r37.0_tile0
22:13:17 ET_MOSAIC DEBUG: justoneday 2009 280 /caldera/projects/usgs/water/impd/skagone/r37.0_tile0
22:15:32 ET_MOSAIC DEBUG: justoneday 2009 281 /caldera/projects/usgs/water/impd/skagone/r37.0_tile0
22:17:34 ET_MOSAIC DEBUG: justoneday 2009 282 /caldera/projects/usgs/water/impd/skagone/r37.0_tile0
22:19:40 ET_MOSAIC DEBUG: justoneday 2009 283 /caldera/projects/usgs/water/impd/skagone/r37.0_tile0
22:21:45 ET_MOSAIC DEBUG: justoneday 2009 284 /caldera/projects/usgs/water/impd/skagone/r37.0_tile0
22:23:43 ET_MOSAIC DEBUG: justoneday 2009 285 /caldera/projects/usgs/water/impd/skagone/r37.0_tile0
22:25:45 ET_MOSAIC DEBUG: justoneday 2009 286 /caldera/projects/usgs/water/impd/skagone/r37.0_tile0
22:27:47 ET_MOSAIC DEBUG: justoneday 2009 287 /caldera/projects/usgs/water/impd/skagone/r37.0_tile0
22:29:46 ET_MOSAIC DEBUG: justoneday 2009 288 /caldera/projects/usgs/water/impd/skagone/r37.0_tile0
22:31:45 ET_MOSAIC DEBUG: justoneday 2009 289 /caldera/projects/usgs/water/impd/skagone/r37.0_tile0
22:33:41 ET_MOSAIC DEBUG: justoneday 2009 290 /caldera/projects/usgs/water/impd/skagone/r37.0_tile0
22:35:43 ET_MOSAIC DEBUG: justoneday 2009 291 /caldera/projects/usgs/water/impd/skagone/r37.0_tile0
22:37:43 ET_MOSAIC DEBUG: justoneday 2009 292 /caldera/projects/usgs/water/impd/skagone/r37.0_tile0
22:40:02 ET_MOSAIC DEBUG: justoneday 2009 293 /caldera/projects/usgs/water/impd/skagone/r37.0_tile0
22:42:11 ET_MOSAIC DEBUG: justoneday 2009 294 /caldera/projects/usgs/water/impd/skagone/r37.0_tile0
22:44:16 ET_MOSAIC DEBUG: justoneday 2009 295 /caldera/projects/usgs/water/impd/skagone/r37.0_tile0
22:46:21 ET_MOSAIC DEBUG: justoneday 2009 296 /caldera/projects/usgs/water/impd/skagone/r37.0_tile0
22:48:38 ET_MOSAIC DEBUG: justoneday 2009 297 /caldera/projects/usgs/water/impd/skagone/r37.0_tile0
22:50:43 ET_MOSAIC DEBUG: justoneday 2009 298 /caldera/projects/usgs/water/impd/skagone/r37.0_tile0
22:52:43 ET_MOSAIC DEBUG: justoneday 2009 299 /caldera/projects/usgs/water/impd/skagone/r37.0_tile0
22:54:44 ET_MOSAIC DEBUG: justoneday 2009 300 /caldera/projects/usgs/water/impd/skagone/r37.0_tile0
22:56:50 ET_MOSAIC DEBUG: justoneday 2009 301 /caldera/projects/usgs/water/impd/skagone/r37.0_tile0
22:59:00 ET_MOSAIC DEBUG: justoneday 2009 302 /caldera/projects/usgs/water/impd/skagone/r37.0_tile0
23:01:12 ET_MOSAIC DEBUG: justoneday 2009 303 /caldera/projects/usgs/water/impd/skagone/r37.0_tile0
23:03:17 ET_MOSAIC DEBUG: justoneday 2009 304 /caldera/projects/usgs/water/impd/skagone/r37.0_tile0
23:05:26 ET_MOSAIC DEBUG: justoneday 2009 305 /caldera/projects/usgs/water/impd/skagone/r37.0_tile0
23:07:27 ET_MOSAIC DEBUG: justoneday 2009 306 /caldera/projects/usgs/water/impd/skagone/r37.0_tile0
23:09:33 ET_MOSAIC DEBUG: justoneday 2009 307 /caldera/projects/usgs/water/impd/skagone/r37.0_tile0
23:11:40 ET_MOSAIC DEBUG: justoneday 2009 308 /caldera/projects/usgs/water/impd/skagone/r37.0_tile0
23:13:44 ET_MOSAIC DEBUG: justoneday 2009 309 /caldera/projects/usgs/water/impd/skagone/r37.0_tile0
23:15:50 ET_MOSAIC DEBUG: justoneday 2009 310 /caldera/projects/usgs/water/impd/skagone/r37.0_tile0
23:17:55 ET_MOSAIC DEBUG: justoneday 2009 311 /caldera/projects/usgs/water/impd/skagone/r37.0_tile0
23:20:00 ET_MOSAIC DEBUG: justoneday 2009 312 /caldera/projects/usgs/water/impd/skagone/r37.0_tile0
23:22:00 ET_MOSAIC DEBUG: justoneday 2009 313 /caldera/projects/usgs/water/impd/skagone/r37.0_tile0
23:24:15 ET_MOSAIC DEBUG: justoneday 2009 314 /caldera/projects/usgs/water/impd/skagone/r37.0_tile0
23:26:26 ET_MOSAIC DEBUG: justoneday 2009 315 /caldera/projects/usgs/water/impd/skagone/r37.0_tile0
23:28:30 ET_MOSAIC DEBUG: justoneday 2009 316 /caldera/projects/usgs/water/impd/skagone/r37.0_tile0
23:30:36 ET_MOSAIC DEBUG: justoneday 2009 317 /caldera/projects/usgs/water/impd/skagone/r37.0_tile0
23:32:44 ET_MOSAIC DEBUG: justoneday 2009 318 /caldera/projects/usgs/water/impd/skagone/r37.0_tile0
23:34:50 ET_MOSAIC DEBUG: justoneday 2009 319 /caldera/projects/usgs/water/impd/skagone/r37.0_tile0
23:36:54 ET_MOSAIC DEBUG: justoneday 2009 320 /caldera/projects/usgs/water/impd/skagone/r37.0_tile0
23:38:59 ET_MOSAIC DEBUG: justoneday 2009 321 /caldera/projects/usgs/water/impd/skagone/r37.0_tile0
23:41:18 ET_MOSAIC DEBUG: justoneday 2009 322 /caldera/projects/usgs/water/impd/skagone/r37.0_tile0
23:43:16 ET_MOSAIC DEBUG: justoneday 2009 323 /caldera/projects/usgs/water/impd/skagone/r37.0_tile0
23:45:28 ET_MOSAIC DEBUG: justoneday 2009 324 /caldera/projects/usgs/water/impd/skagone/r37.0_tile0
23:47:34 ET_MOSAIC DEBUG: justoneday 2009 325 /caldera/projects/usgs/water/impd/skagone/r37.0_tile0
23:49:45 ET_MOSAIC DEBUG: justoneday 2009 326 /caldera/projects/usgs/water/impd/skagone/r37.0_tile0
23:52:03 ET_MOSAIC DEBUG: justoneday 2009 327 /caldera/projects/usgs/water/impd/skagone/r37.0_tile0
23:54:10 ET_MOSAIC DEBUG: justoneday 2009 328 /caldera/projects/usgs/water/impd/skagone/r37.0_tile0
23:56:17 ET_MOSAIC DEBUG: justoneday 2009 329 /caldera/projects/usgs/water/impd/skagone/r37.0_tile0
23:58:19 ET_MOSAIC DEBUG: justoneday 2009 330 /caldera/projects/usgs/water/impd/skagone/r37.0_tile0
00:00:08 ET_MOSAIC DEBUG: justoneday 2009 331 /caldera/projects/usgs/water/impd/skagone/r37.0_tile0
00:01:55 ET_MOSAIC DEBUG: justoneday 2009 332 /caldera/projects/usgs/water/impd/skagone/r37.0_tile0
00:03:46 ET_MOSAIC DEBUG: justoneday 2009 333 /caldera/projects/usgs/water/impd/skagone/r37.0_tile0
00:05:37 ET_MOSAIC DEBUG: justoneday 2009 334 /caldera/projects/usgs/water/impd/skagone/r37.0_tile0
00:07:29 ET_MOSAIC DEBUG: justoneday 2009 335 /caldera/projects/usgs/water/impd/skagone/r37.0_tile0
00:09:22 ET_MOSAIC DEBUG: justoneday 2009 336 /caldera/projects/usgs/water/impd/skagone/r37.0_tile0
00:11:13 ET_MOSAIC DEBUG: justoneday 2009 337 /caldera/projects/usgs/water/impd/skagone/r37.0_tile0
00:13:07 ET_MOSAIC DEBUG: justoneday 2009 338 /caldera/projects/usgs/water/impd/skagone/r37.0_tile0
00:15:00 ET_MOSAIC DEBUG: justoneday 2009 339 /caldera/projects/usgs/water/impd/skagone/r37.0_tile0
00:16:52 ET_MOSAIC DEBUG: justoneday 2009 340 /caldera/projects/usgs/water/impd/skagone/r37.0_tile0
00:18:45 ET_MOSAIC DEBUG: justoneday 2009 341 /caldera/projects/usgs/water/impd/skagone/r37.0_tile0
00:20:39 ET_MOSAIC DEBUG: justoneday 2009 342 /caldera/projects/usgs/water/impd/skagone/r37.0_tile0
00:22:35 ET_MOSAIC DEBUG: justoneday 2009 343 /caldera/projects/usgs/water/impd/skagone/r37.0_tile0
00:24:26 ET_MOSAIC DEBUG: justoneday 2009 344 /caldera/projects/usgs/water/impd/skagone/r37.0_tile0
00:26:20 ET_MOSAIC DEBUG: justoneday 2009 345 /caldera/projects/usgs/water/impd/skagone/r37.0_tile0
00:28:14 ET_MOSAIC DEBUG: justoneday 2009 346 /caldera/projects/usgs/water/impd/skagone/r37.0_tile0
00:30:10 ET_MOSAIC DEBUG: justoneday 2009 347 /caldera/projects/usgs/water/impd/skagone/r37.0_tile0
00:32:03 ET_MOSAIC DEBUG: justoneday 2009 348 /caldera/projects/usgs/water/impd/skagone/r37.0_tile0
00:34:02 ET_MOSAIC DEBUG: justoneday 2009 349 /caldera/projects/usgs/water/impd/skagone/r37.0_tile0
00:35:55 ET_MOSAIC DEBUG: justoneday 2009 350 /caldera/projects/usgs/water/impd/skagone/r37.0_tile0
00:37:48 ET_MOSAIC DEBUG: justoneday 2009 351 /caldera/projects/usgs/water/impd/skagone/r37.0_tile0
00:39:42 ET_MOSAIC DEBUG: justoneday 2009 352 /caldera/projects/usgs/water/impd/skagone/r37.0_tile0
00:41:40 ET_MOSAIC DEBUG: justoneday 2009 353 /caldera/projects/usgs/water/impd/skagone/r37.0_tile0
00:43:36 ET_MOSAIC DEBUG: justoneday 2009 354 /caldera/projects/usgs/water/impd/skagone/r37.0_tile0
00:45:37 ET_MOSAIC DEBUG: justoneday 2009 355 /caldera/projects/usgs/water/impd/skagone/r37.0_tile0
00:47:35 ET_MOSAIC DEBUG: justoneday 2009 356 /caldera/projects/usgs/water/impd/skagone/r37.0_tile0
00:49:44 ET_MOSAIC DEBUG: justoneday 2009 357 /caldera/projects/usgs/water/impd/skagone/r37.0_tile0
00:51:56 ET_MOSAIC DEBUG: justoneday 2009 358 /caldera/projects/usgs/water/impd/skagone/r37.0_tile0
00:54:07 ET_MOSAIC DEBUG: justoneday 2009 359 /caldera/projects/usgs/water/impd/skagone/r37.0_tile0
00:56:18 ET_MOSAIC DEBUG: justoneday 2009 360 /caldera/projects/usgs/water/impd/skagone/r37.0_tile0
00:58:25 ET_MOSAIC DEBUG: justoneday 2009 361 /caldera/projects/usgs/water/impd/skagone/r37.0_tile0
01:00:31 ET_MOSAIC DEBUG: justoneday 2009 362 /caldera/projects/usgs/water/impd/skagone/r37.0_tile0
01:02:40 ET_MOSAIC DEBUG: justoneday 2009 363 /caldera/projects/usgs/water/impd/skagone/r37.0_tile0
01:04:50 ET_MOSAIC DEBUG: justoneday 2009 364 /caldera/projects/usgs/water/impd/skagone/r37.0_tile0
01:06:59 ET_MOSAIC DEBUG: justoneday 2009 365 /caldera/projects/usgs/water/impd/skagone/r37.0_tile0
01:09:07 ET_MOSAIC DEBUG: justoneday 2009 366 /caldera/projects/usgs/water/impd/skagone/r37.0_tile0
