21:56:22 ET_MOSAIC DEBUG: this is how you call one of your functions
21:56:22 ET_MOSAIC DEBUG: hello from Conus_mosaic class
21:56:22 ET_MOSAIC DEBUG: Mosaicking ['etasw'] in /caldera/projects/usgs/water/impd/skagone and put it in /caldera/projects/usgs/water/impd/skagone/conus_mos_completed/2019 for 2019
21:56:22 ET_MOSAIC DEBUG: run_mosaic
21:56:22 ET_MOSAIC DEBUG: Mosaic this product: etasw
21:56:22 ET_MOSAIC DEBUG: /caldera/projects/usgs/water/impd/skagone/
21:56:22 ET_MOSAIC DEBUG: justoneday 2019 1 /caldera/projects/usgs/water/impd/skagone/r37.0_tile0
Warning 1: +init=epsg:XXXX syntax is deprecated. It might return a CRS with a non-EPSG compliant axis order.
21:58:53 ET_MOSAIC DEBUG: justoneday 2019 2 /caldera/projects/usgs/water/impd/skagone/r37.0_tile0
22:01:19 ET_MOSAIC DEBUG: justoneday 2019 3 /caldera/projects/usgs/water/impd/skagone/r37.0_tile0
22:03:46 ET_MOSAIC DEBUG: justoneday 2019 4 /caldera/projects/usgs/water/impd/skagone/r37.0_tile0
22:06:08 ET_MOSAIC DEBUG: justoneday 2019 5 /caldera/projects/usgs/water/impd/skagone/r37.0_tile0
22:08:36 ET_MOSAIC DEBUG: justoneday 2019 6 /caldera/projects/usgs/water/impd/skagone/r37.0_tile0
22:10:34 ET_MOSAIC DEBUG: justoneday 2019 7 /caldera/projects/usgs/water/impd/skagone/r37.0_tile0
22:12:29 ET_MOSAIC DEBUG: justoneday 2019 8 /caldera/projects/usgs/water/impd/skagone/r37.0_tile0
22:14:24 ET_MOSAIC DEBUG: justoneday 2019 9 /caldera/projects/usgs/water/impd/skagone/r37.0_tile0
22:16:16 ET_MOSAIC DEBUG: justoneday 2019 10 /caldera/projects/usgs/water/impd/skagone/r37.0_tile0
22:18:07 ET_MOSAIC DEBUG: justoneday 2019 11 /caldera/projects/usgs/water/impd/skagone/r37.0_tile0
22:20:00 ET_MOSAIC DEBUG: justoneday 2019 12 /caldera/projects/usgs/water/impd/skagone/r37.0_tile0
22:21:51 ET_MOSAIC DEBUG: justoneday 2019 13 /caldera/projects/usgs/water/impd/skagone/r37.0_tile0
22:23:51 ET_MOSAIC DEBUG: justoneday 2019 14 /caldera/projects/usgs/water/impd/skagone/r37.0_tile0
22:25:49 ET_MOSAIC DEBUG: justoneday 2019 15 /caldera/projects/usgs/water/impd/skagone/r37.0_tile0
22:27:54 ET_MOSAIC DEBUG: justoneday 2019 16 /caldera/projects/usgs/water/impd/skagone/r37.0_tile0
22:29:56 ET_MOSAIC DEBUG: justoneday 2019 17 /caldera/projects/usgs/water/impd/skagone/r37.0_tile0
22:32:11 ET_MOSAIC DEBUG: justoneday 2019 18 /caldera/projects/usgs/water/impd/skagone/r37.0_tile0
22:34:31 ET_MOSAIC DEBUG: justoneday 2019 19 /caldera/projects/usgs/water/impd/skagone/r37.0_tile0
22:36:38 ET_MOSAIC DEBUG: justoneday 2019 20 /caldera/projects/usgs/water/impd/skagone/r37.0_tile0
22:38:48 ET_MOSAIC DEBUG: justoneday 2019 21 /caldera/projects/usgs/water/impd/skagone/r37.0_tile0
22:40:32 ET_MOSAIC DEBUG: justoneday 2019 22 /caldera/projects/usgs/water/impd/skagone/r37.0_tile0
22:42:15 ET_MOSAIC DEBUG: justoneday 2019 23 /caldera/projects/usgs/water/impd/skagone/r37.0_tile0
22:43:59 ET_MOSAIC DEBUG: justoneday 2019 24 /caldera/projects/usgs/water/impd/skagone/r37.0_tile0
22:45:43 ET_MOSAIC DEBUG: justoneday 2019 25 /caldera/projects/usgs/water/impd/skagone/r37.0_tile0
22:47:26 ET_MOSAIC DEBUG: justoneday 2019 26 /caldera/projects/usgs/water/impd/skagone/r37.0_tile0
22:49:10 ET_MOSAIC DEBUG: justoneday 2019 27 /caldera/projects/usgs/water/impd/skagone/r37.0_tile0
22:50:53 ET_MOSAIC DEBUG: justoneday 2019 28 /caldera/projects/usgs/water/impd/skagone/r37.0_tile0
22:52:36 ET_MOSAIC DEBUG: justoneday 2019 29 /caldera/projects/usgs/water/impd/skagone/r37.0_tile0
22:54:20 ET_MOSAIC DEBUG: justoneday 2019 30 /caldera/projects/usgs/water/impd/skagone/r37.0_tile0
22:56:03 ET_MOSAIC DEBUG: justoneday 2019 31 /caldera/projects/usgs/water/impd/skagone/r37.0_tile0
22:57:46 ET_MOSAIC DEBUG: justoneday 2019 32 /caldera/projects/usgs/water/impd/skagone/r37.0_tile0
22:59:28 ET_MOSAIC DEBUG: justoneday 2019 33 /caldera/projects/usgs/water/impd/skagone/r37.0_tile0
23:01:11 ET_MOSAIC DEBUG: justoneday 2019 34 /caldera/projects/usgs/water/impd/skagone/r37.0_tile0
23:02:53 ET_MOSAIC DEBUG: justoneday 2019 35 /caldera/projects/usgs/water/impd/skagone/r37.0_tile0
23:04:37 ET_MOSAIC DEBUG: justoneday 2019 36 /caldera/projects/usgs/water/impd/skagone/r37.0_tile0
23:06:20 ET_MOSAIC DEBUG: justoneday 2019 37 /caldera/projects/usgs/water/impd/skagone/r37.0_tile0
23:08:03 ET_MOSAIC DEBUG: justoneday 2019 38 /caldera/projects/usgs/water/impd/skagone/r37.0_tile0
23:09:46 ET_MOSAIC DEBUG: justoneday 2019 39 /caldera/projects/usgs/water/impd/skagone/r37.0_tile0
23:11:33 ET_MOSAIC DEBUG: justoneday 2019 40 /caldera/projects/usgs/water/impd/skagone/r37.0_tile0
23:13:33 ET_MOSAIC DEBUG: justoneday 2019 41 /caldera/projects/usgs/water/impd/skagone/r37.0_tile0
23:15:43 ET_MOSAIC DEBUG: justoneday 2019 42 /caldera/projects/usgs/water/impd/skagone/r37.0_tile0
23:17:59 ET_MOSAIC DEBUG: justoneday 2019 43 /caldera/projects/usgs/water/impd/skagone/r37.0_tile0
23:20:18 ET_MOSAIC DEBUG: justoneday 2019 44 /caldera/projects/usgs/water/impd/skagone/r37.0_tile0
23:22:35 ET_MOSAIC DEBUG: justoneday 2019 45 /caldera/projects/usgs/water/impd/skagone/r37.0_tile0
23:25:01 ET_MOSAIC DEBUG: justoneday 2019 46 /caldera/projects/usgs/water/impd/skagone/r37.0_tile0
23:27:23 ET_MOSAIC DEBUG: justoneday 2019 47 /caldera/projects/usgs/water/impd/skagone/r37.0_tile0
23:29:49 ET_MOSAIC DEBUG: justoneday 2019 48 /caldera/projects/usgs/water/impd/skagone/r37.0_tile0
23:32:11 ET_MOSAIC DEBUG: justoneday 2019 49 /caldera/projects/usgs/water/impd/skagone/r37.0_tile0
23:34:40 ET_MOSAIC DEBUG: justoneday 2019 50 /caldera/projects/usgs/water/impd/skagone/r37.0_tile0
23:37:09 ET_MOSAIC DEBUG: justoneday 2019 51 /caldera/projects/usgs/water/impd/skagone/r37.0_tile0
23:39:43 ET_MOSAIC DEBUG: justoneday 2019 52 /caldera/projects/usgs/water/impd/skagone/r37.0_tile0
23:42:13 ET_MOSAIC DEBUG: justoneday 2019 53 /caldera/projects/usgs/water/impd/skagone/r37.0_tile0
23:44:48 ET_MOSAIC DEBUG: justoneday 2019 54 /caldera/projects/usgs/water/impd/skagone/r37.0_tile0
23:47:21 ET_MOSAIC DEBUG: justoneday 2019 55 /caldera/projects/usgs/water/impd/skagone/r37.0_tile0
23:49:52 ET_MOSAIC DEBUG: justoneday 2019 56 /caldera/projects/usgs/water/impd/skagone/r37.0_tile0
23:52:24 ET_MOSAIC DEBUG: justoneday 2019 57 /caldera/projects/usgs/water/impd/skagone/r37.0_tile0
23:54:53 ET_MOSAIC DEBUG: justoneday 2019 58 /caldera/projects/usgs/water/impd/skagone/r37.0_tile0
23:57:28 ET_MOSAIC DEBUG: justoneday 2019 59 /caldera/projects/usgs/water/impd/skagone/r37.0_tile0
00:00:01 ET_MOSAIC DEBUG: justoneday 2019 60 /caldera/projects/usgs/water/impd/skagone/r37.0_tile0
00:02:34 ET_MOSAIC DEBUG: justoneday 2019 61 /caldera/projects/usgs/water/impd/skagone/r37.0_tile0
00:05:15 ET_MOSAIC DEBUG: justoneday 2019 62 /caldera/projects/usgs/water/impd/skagone/r37.0_tile0
00:07:50 ET_MOSAIC DEBUG: justoneday 2019 63 /caldera/projects/usgs/water/impd/skagone/r37.0_tile0
00:10:21 ET_MOSAIC DEBUG: justoneday 2019 64 /caldera/projects/usgs/water/impd/skagone/r37.0_tile0
00:12:45 ET_MOSAIC DEBUG: justoneday 2019 65 /caldera/projects/usgs/water/impd/skagone/r37.0_tile0
00:15:04 ET_MOSAIC DEBUG: justoneday 2019 66 /caldera/projects/usgs/water/impd/skagone/r37.0_tile0
00:17:16 ET_MOSAIC DEBUG: justoneday 2019 67 /caldera/projects/usgs/water/impd/skagone/r37.0_tile0
00:19:36 ET_MOSAIC DEBUG: justoneday 2019 68 /caldera/projects/usgs/water/impd/skagone/r37.0_tile0
00:22:05 ET_MOSAIC DEBUG: justoneday 2019 69 /caldera/projects/usgs/water/impd/skagone/r37.0_tile0
00:24:27 ET_MOSAIC DEBUG: justoneday 2019 70 /caldera/projects/usgs/water/impd/skagone/r37.0_tile0
00:26:55 ET_MOSAIC DEBUG: justoneday 2019 71 /caldera/projects/usgs/water/impd/skagone/r37.0_tile0
00:29:15 ET_MOSAIC DEBUG: justoneday 2019 72 /caldera/projects/usgs/water/impd/skagone/r37.0_tile0
00:31:40 ET_MOSAIC DEBUG: justoneday 2019 73 /caldera/projects/usgs/water/impd/skagone/r37.0_tile0
00:34:13 ET_MOSAIC DEBUG: justoneday 2019 74 /caldera/projects/usgs/water/impd/skagone/r37.0_tile0
00:36:44 ET_MOSAIC DEBUG: justoneday 2019 75 /caldera/projects/usgs/water/impd/skagone/r37.0_tile0
00:39:18 ET_MOSAIC DEBUG: justoneday 2019 76 /caldera/projects/usgs/water/impd/skagone/r37.0_tile0
00:41:37 ET_MOSAIC DEBUG: justoneday 2019 77 /caldera/projects/usgs/water/impd/skagone/r37.0_tile0
00:44:07 ET_MOSAIC DEBUG: justoneday 2019 78 /caldera/projects/usgs/water/impd/skagone/r37.0_tile0
00:46:37 ET_MOSAIC DEBUG: justoneday 2019 79 /caldera/projects/usgs/water/impd/skagone/r37.0_tile0
00:49:16 ET_MOSAIC DEBUG: justoneday 2019 80 /caldera/projects/usgs/water/impd/skagone/r37.0_tile0
00:51:39 ET_MOSAIC DEBUG: justoneday 2019 81 /caldera/projects/usgs/water/impd/skagone/r37.0_tile0
00:54:01 ET_MOSAIC DEBUG: justoneday 2019 82 /caldera/projects/usgs/water/impd/skagone/r37.0_tile0
00:56:29 ET_MOSAIC DEBUG: justoneday 2019 83 /caldera/projects/usgs/water/impd/skagone/r37.0_tile0
00:59:06 ET_MOSAIC DEBUG: justoneday 2019 84 /caldera/projects/usgs/water/impd/skagone/r37.0_tile0
01:01:37 ET_MOSAIC DEBUG: justoneday 2019 85 /caldera/projects/usgs/water/impd/skagone/r37.0_tile0
01:04:05 ET_MOSAIC DEBUG: justoneday 2019 86 /caldera/projects/usgs/water/impd/skagone/r37.0_tile0
01:06:32 ET_MOSAIC DEBUG: justoneday 2019 87 /caldera/projects/usgs/water/impd/skagone/r37.0_tile0
01:09:00 ET_MOSAIC DEBUG: justoneday 2019 88 /caldera/projects/usgs/water/impd/skagone/r37.0_tile0
01:11:27 ET_MOSAIC DEBUG: justoneday 2019 89 /caldera/projects/usgs/water/impd/skagone/r37.0_tile0
01:13:58 ET_MOSAIC DEBUG: justoneday 2019 90 /caldera/projects/usgs/water/impd/skagone/r37.0_tile0
01:16:38 ET_MOSAIC DEBUG: justoneday 2019 91 /caldera/projects/usgs/water/impd/skagone/r37.0_tile0
01:18:56 ET_MOSAIC DEBUG: justoneday 2019 92 /caldera/projects/usgs/water/impd/skagone/r37.0_tile0
01:21:15 ET_MOSAIC DEBUG: justoneday 2019 93 /caldera/projects/usgs/water/impd/skagone/r37.0_tile0
01:23:39 ET_MOSAIC DEBUG: justoneday 2019 94 /caldera/projects/usgs/water/impd/skagone/r37.0_tile0
01:26:12 ET_MOSAIC DEBUG: justoneday 2019 95 /caldera/projects/usgs/water/impd/skagone/r37.0_tile0
01:28:43 ET_MOSAIC DEBUG: justoneday 2019 96 /caldera/projects/usgs/water/impd/skagone/r37.0_tile0
01:31:23 ET_MOSAIC DEBUG: justoneday 2019 97 /caldera/projects/usgs/water/impd/skagone/r37.0_tile0
01:33:40 ET_MOSAIC DEBUG: justoneday 2019 98 /caldera/projects/usgs/water/impd/skagone/r37.0_tile0
01:36:08 ET_MOSAIC DEBUG: justoneday 2019 99 /caldera/projects/usgs/water/impd/skagone/r37.0_tile0
01:38:31 ET_MOSAIC DEBUG: justoneday 2019 100 /caldera/projects/usgs/water/impd/skagone/r37.0_tile0
01:41:03 ET_MOSAIC DEBUG: justoneday 2019 101 /caldera/projects/usgs/water/impd/skagone/r37.0_tile0
01:43:41 ET_MOSAIC DEBUG: justoneday 2019 102 /caldera/projects/usgs/water/impd/skagone/r37.0_tile0
01:46:13 ET_MOSAIC DEBUG: justoneday 2019 103 /caldera/projects/usgs/water/impd/skagone/r37.0_tile0
01:48:37 ET_MOSAIC DEBUG: justoneday 2019 104 /caldera/projects/usgs/water/impd/skagone/r37.0_tile0
01:51:08 ET_MOSAIC DEBUG: justoneday 2019 105 /caldera/projects/usgs/water/impd/skagone/r37.0_tile0
01:53:43 ET_MOSAIC DEBUG: justoneday 2019 106 /caldera/projects/usgs/water/impd/skagone/r37.0_tile0
01:56:09 ET_MOSAIC DEBUG: justoneday 2019 107 /caldera/projects/usgs/water/impd/skagone/r37.0_tile0
01:58:36 ET_MOSAIC DEBUG: justoneday 2019 108 /caldera/projects/usgs/water/impd/skagone/r37.0_tile0
02:01:06 ET_MOSAIC DEBUG: justoneday 2019 109 /caldera/projects/usgs/water/impd/skagone/r37.0_tile0
02:03:35 ET_MOSAIC DEBUG: justoneday 2019 110 /caldera/projects/usgs/water/impd/skagone/r37.0_tile0
02:06:13 ET_MOSAIC DEBUG: justoneday 2019 111 /caldera/projects/usgs/water/impd/skagone/r37.0_tile0
02:09:18 ET_MOSAIC DEBUG: justoneday 2019 112 /caldera/projects/usgs/water/impd/skagone/r37.0_tile0
02:11:43 ET_MOSAIC DEBUG: justoneday 2019 113 /caldera/projects/usgs/water/impd/skagone/r37.0_tile0
02:14:13 ET_MOSAIC DEBUG: justoneday 2019 114 /caldera/projects/usgs/water/impd/skagone/r37.0_tile0
02:16:41 ET_MOSAIC DEBUG: justoneday 2019 115 /caldera/projects/usgs/water/impd/skagone/r37.0_tile0
02:19:01 ET_MOSAIC DEBUG: justoneday 2019 116 /caldera/projects/usgs/water/impd/skagone/r37.0_tile0
02:21:22 ET_MOSAIC DEBUG: justoneday 2019 117 /caldera/projects/usgs/water/impd/skagone/r37.0_tile0
02:23:44 ET_MOSAIC DEBUG: justoneday 2019 118 /caldera/projects/usgs/water/impd/skagone/r37.0_tile0
02:26:11 ET_MOSAIC DEBUG: justoneday 2019 119 /caldera/projects/usgs/water/impd/skagone/r37.0_tile0
02:28:35 ET_MOSAIC DEBUG: justoneday 2019 120 /caldera/projects/usgs/water/impd/skagone/r37.0_tile0
02:31:08 ET_MOSAIC DEBUG: justoneday 2019 121 /caldera/projects/usgs/water/impd/skagone/r37.0_tile0
02:33:37 ET_MOSAIC DEBUG: justoneday 2019 122 /caldera/projects/usgs/water/impd/skagone/r37.0_tile0
02:36:01 ET_MOSAIC DEBUG: justoneday 2019 123 /caldera/projects/usgs/water/impd/skagone/r37.0_tile0
02:38:27 ET_MOSAIC DEBUG: justoneday 2019 124 /caldera/projects/usgs/water/impd/skagone/r37.0_tile0
02:41:01 ET_MOSAIC DEBUG: justoneday 2019 125 /caldera/projects/usgs/water/impd/skagone/r37.0_tile0
02:43:47 ET_MOSAIC DEBUG: justoneday 2019 126 /caldera/projects/usgs/water/impd/skagone/r37.0_tile0
02:46:41 ET_MOSAIC DEBUG: justoneday 2019 127 /caldera/projects/usgs/water/impd/skagone/r37.0_tile0
02:49:13 ET_MOSAIC DEBUG: justoneday 2019 128 /caldera/projects/usgs/water/impd/skagone/r37.0_tile0
02:51:43 ET_MOSAIC DEBUG: justoneday 2019 129 /caldera/projects/usgs/water/impd/skagone/r37.0_tile0
02:54:07 ET_MOSAIC DEBUG: justoneday 2019 130 /caldera/projects/usgs/water/impd/skagone/r37.0_tile0
02:56:30 ET_MOSAIC DEBUG: justoneday 2019 131 /caldera/projects/usgs/water/impd/skagone/r37.0_tile0
02:58:59 ET_MOSAIC DEBUG: justoneday 2019 132 /caldera/projects/usgs/water/impd/skagone/r37.0_tile0
03:01:33 ET_MOSAIC DEBUG: justoneday 2019 133 /caldera/projects/usgs/water/impd/skagone/r37.0_tile0
03:04:05 ET_MOSAIC DEBUG: justoneday 2019 134 /caldera/projects/usgs/water/impd/skagone/r37.0_tile0
03:06:39 ET_MOSAIC DEBUG: justoneday 2019 135 /caldera/projects/usgs/water/impd/skagone/r37.0_tile0
03:09:13 ET_MOSAIC DEBUG: justoneday 2019 136 /caldera/projects/usgs/water/impd/skagone/r37.0_tile0
03:11:47 ET_MOSAIC DEBUG: justoneday 2019 137 /caldera/projects/usgs/water/impd/skagone/r37.0_tile0
03:14:16 ET_MOSAIC DEBUG: justoneday 2019 138 /caldera/projects/usgs/water/impd/skagone/r37.0_tile0
03:16:51 ET_MOSAIC DEBUG: justoneday 2019 139 /caldera/projects/usgs/water/impd/skagone/r37.0_tile0
03:19:27 ET_MOSAIC DEBUG: justoneday 2019 140 /caldera/projects/usgs/water/impd/skagone/r37.0_tile0
03:22:05 ET_MOSAIC DEBUG: justoneday 2019 141 /caldera/projects/usgs/water/impd/skagone/r37.0_tile0
03:24:30 ET_MOSAIC DEBUG: justoneday 2019 142 /caldera/projects/usgs/water/impd/skagone/r37.0_tile0
03:26:57 ET_MOSAIC DEBUG: justoneday 2019 143 /caldera/projects/usgs/water/impd/skagone/r37.0_tile0
03:29:28 ET_MOSAIC DEBUG: justoneday 2019 144 /caldera/projects/usgs/water/impd/skagone/r37.0_tile0
03:32:05 ET_MOSAIC DEBUG: justoneday 2019 145 /caldera/projects/usgs/water/impd/skagone/r37.0_tile0
03:34:44 ET_MOSAIC DEBUG: justoneday 2019 146 /caldera/projects/usgs/water/impd/skagone/r37.0_tile0
03:37:12 ET_MOSAIC DEBUG: justoneday 2019 147 /caldera/projects/usgs/water/impd/skagone/r37.0_tile0
03:39:41 ET_MOSAIC DEBUG: justoneday 2019 148 /caldera/projects/usgs/water/impd/skagone/r37.0_tile0
03:42:20 ET_MOSAIC DEBUG: justoneday 2019 149 /caldera/projects/usgs/water/impd/skagone/r37.0_tile0
03:45:01 ET_MOSAIC DEBUG: justoneday 2019 150 /caldera/projects/usgs/water/impd/skagone/r37.0_tile0
03:47:42 ET_MOSAIC DEBUG: justoneday 2019 151 /caldera/projects/usgs/water/impd/skagone/r37.0_tile0
03:50:21 ET_MOSAIC DEBUG: justoneday 2019 152 /caldera/projects/usgs/water/impd/skagone/r37.0_tile0
03:52:53 ET_MOSAIC DEBUG: justoneday 2019 153 /caldera/projects/usgs/water/impd/skagone/r37.0_tile0
03:55:27 ET_MOSAIC DEBUG: justoneday 2019 154 /caldera/projects/usgs/water/impd/skagone/r37.0_tile0
03:58:03 ET_MOSAIC DEBUG: justoneday 2019 155 /caldera/projects/usgs/water/impd/skagone/r37.0_tile0
04:00:29 ET_MOSAIC DEBUG: justoneday 2019 156 /caldera/projects/usgs/water/impd/skagone/r37.0_tile0
04:02:58 ET_MOSAIC DEBUG: justoneday 2019 157 /caldera/projects/usgs/water/impd/skagone/r37.0_tile0
04:05:32 ET_MOSAIC DEBUG: justoneday 2019 158 /caldera/projects/usgs/water/impd/skagone/r37.0_tile0
04:08:06 ET_MOSAIC DEBUG: justoneday 2019 159 /caldera/projects/usgs/water/impd/skagone/r37.0_tile0
04:10:43 ET_MOSAIC DEBUG: justoneday 2019 160 /caldera/projects/usgs/water/impd/skagone/r37.0_tile0
04:13:10 ET_MOSAIC DEBUG: justoneday 2019 161 /caldera/projects/usgs/water/impd/skagone/r37.0_tile0
04:15:35 ET_MOSAIC DEBUG: justoneday 2019 162 /caldera/projects/usgs/water/impd/skagone/r37.0_tile0
04:18:10 ET_MOSAIC DEBUG: justoneday 2019 163 /caldera/projects/usgs/water/impd/skagone/r37.0_tile0
04:20:44 ET_MOSAIC DEBUG: justoneday 2019 164 /caldera/projects/usgs/water/impd/skagone/r37.0_tile0
04:23:22 ET_MOSAIC DEBUG: justoneday 2019 165 /caldera/projects/usgs/water/impd/skagone/r37.0_tile0
04:25:47 ET_MOSAIC DEBUG: justoneday 2019 166 /caldera/projects/usgs/water/impd/skagone/r37.0_tile0
04:28:17 ET_MOSAIC DEBUG: justoneday 2019 167 /caldera/projects/usgs/water/impd/skagone/r37.0_tile0
04:30:52 ET_MOSAIC DEBUG: justoneday 2019 168 /caldera/projects/usgs/water/impd/skagone/r37.0_tile0
04:33:22 ET_MOSAIC DEBUG: justoneday 2019 169 /caldera/projects/usgs/water/impd/skagone/r37.0_tile0
04:35:55 ET_MOSAIC DEBUG: justoneday 2019 170 /caldera/projects/usgs/water/impd/skagone/r37.0_tile0
04:38:24 ET_MOSAIC DEBUG: justoneday 2019 171 /caldera/projects/usgs/water/impd/skagone/r37.0_tile0
04:40:59 ET_MOSAIC DEBUG: justoneday 2019 172 /caldera/projects/usgs/water/impd/skagone/r37.0_tile0
04:43:35 ET_MOSAIC DEBUG: justoneday 2019 173 /caldera/projects/usgs/water/impd/skagone/r37.0_tile0
04:46:15 ET_MOSAIC DEBUG: justoneday 2019 174 /caldera/projects/usgs/water/impd/skagone/r37.0_tile0
04:48:53 ET_MOSAIC DEBUG: justoneday 2019 175 /caldera/projects/usgs/water/impd/skagone/r37.0_tile0
04:51:29 ET_MOSAIC DEBUG: justoneday 2019 176 /caldera/projects/usgs/water/impd/skagone/r37.0_tile0
04:54:04 ET_MOSAIC DEBUG: justoneday 2019 177 /caldera/projects/usgs/water/impd/skagone/r37.0_tile0
04:56:42 ET_MOSAIC DEBUG: justoneday 2019 178 /caldera/projects/usgs/water/impd/skagone/r37.0_tile0
04:59:22 ET_MOSAIC DEBUG: justoneday 2019 179 /caldera/projects/usgs/water/impd/skagone/r37.0_tile0
05:01:59 ET_MOSAIC DEBUG: justoneday 2019 180 /caldera/projects/usgs/water/impd/skagone/r37.0_tile0
05:04:38 ET_MOSAIC DEBUG: justoneday 2019 181 /caldera/projects/usgs/water/impd/skagone/r37.0_tile0
05:07:17 ET_MOSAIC DEBUG: justoneday 2019 182 /caldera/projects/usgs/water/impd/skagone/r37.0_tile0
05:09:56 ET_MOSAIC DEBUG: justoneday 2019 183 /caldera/projects/usgs/water/impd/skagone/r37.0_tile0
05:12:31 ET_MOSAIC DEBUG: justoneday 2019 184 /caldera/projects/usgs/water/impd/skagone/r37.0_tile0
05:15:07 ET_MOSAIC DEBUG: justoneday 2019 185 /caldera/projects/usgs/water/impd/skagone/r37.0_tile0
05:17:44 ET_MOSAIC DEBUG: justoneday 2019 186 /caldera/projects/usgs/water/impd/skagone/r37.0_tile0
05:20:20 ET_MOSAIC DEBUG: justoneday 2019 187 /caldera/projects/usgs/water/impd/skagone/r37.0_tile0
05:22:53 ET_MOSAIC DEBUG: justoneday 2019 188 /caldera/projects/usgs/water/impd/skagone/r37.0_tile0
05:25:25 ET_MOSAIC DEBUG: justoneday 2019 189 /caldera/projects/usgs/water/impd/skagone/r37.0_tile0
05:27:54 ET_MOSAIC DEBUG: justoneday 2019 190 /caldera/projects/usgs/water/impd/skagone/r37.0_tile0
05:30:27 ET_MOSAIC DEBUG: justoneday 2019 191 /caldera/projects/usgs/water/impd/skagone/r37.0_tile0
05:32:56 ET_MOSAIC DEBUG: justoneday 2019 192 /caldera/projects/usgs/water/impd/skagone/r37.0_tile0
05:35:30 ET_MOSAIC DEBUG: justoneday 2019 193 /caldera/projects/usgs/water/impd/skagone/r37.0_tile0
05:37:56 ET_MOSAIC DEBUG: justoneday 2019 194 /caldera/projects/usgs/water/impd/skagone/r37.0_tile0
05:40:26 ET_MOSAIC DEBUG: justoneday 2019 195 /caldera/projects/usgs/water/impd/skagone/r37.0_tile0
05:42:58 ET_MOSAIC DEBUG: justoneday 2019 196 /caldera/projects/usgs/water/impd/skagone/r37.0_tile0
05:45:33 ET_MOSAIC DEBUG: justoneday 2019 197 /caldera/projects/usgs/water/impd/skagone/r37.0_tile0
05:47:59 ET_MOSAIC DEBUG: justoneday 2019 198 /caldera/projects/usgs/water/impd/skagone/r37.0_tile0
05:50:30 ET_MOSAIC DEBUG: justoneday 2019 199 /caldera/projects/usgs/water/impd/skagone/r37.0_tile0
05:52:56 ET_MOSAIC DEBUG: justoneday 2019 200 /caldera/projects/usgs/water/impd/skagone/r37.0_tile0
05:55:23 ET_MOSAIC DEBUG: justoneday 2019 201 /caldera/projects/usgs/water/impd/skagone/r37.0_tile0
05:57:56 ET_MOSAIC DEBUG: justoneday 2019 202 /caldera/projects/usgs/water/impd/skagone/r37.0_tile0
06:00:25 ET_MOSAIC DEBUG: justoneday 2019 203 /caldera/projects/usgs/water/impd/skagone/r37.0_tile0
06:02:56 ET_MOSAIC DEBUG: justoneday 2019 204 /caldera/projects/usgs/water/impd/skagone/r37.0_tile0
06:05:20 ET_MOSAIC DEBUG: justoneday 2019 205 /caldera/projects/usgs/water/impd/skagone/r37.0_tile0
06:07:46 ET_MOSAIC DEBUG: justoneday 2019 206 /caldera/projects/usgs/water/impd/skagone/r37.0_tile0
06:10:14 ET_MOSAIC DEBUG: justoneday 2019 207 /caldera/projects/usgs/water/impd/skagone/r37.0_tile0
06:12:37 ET_MOSAIC DEBUG: justoneday 2019 208 /caldera/projects/usgs/water/impd/skagone/r37.0_tile0
06:15:02 ET_MOSAIC DEBUG: justoneday 2019 209 /caldera/projects/usgs/water/impd/skagone/r37.0_tile0
06:17:30 ET_MOSAIC DEBUG: justoneday 2019 210 /caldera/projects/usgs/water/impd/skagone/r37.0_tile0
06:19:54 ET_MOSAIC DEBUG: justoneday 2019 211 /caldera/projects/usgs/water/impd/skagone/r37.0_tile0
06:22:18 ET_MOSAIC DEBUG: justoneday 2019 212 /caldera/projects/usgs/water/impd/skagone/r37.0_tile0
06:24:46 ET_MOSAIC DEBUG: justoneday 2019 213 /caldera/projects/usgs/water/impd/skagone/r37.0_tile0
06:27:19 ET_MOSAIC DEBUG: justoneday 2019 214 /caldera/projects/usgs/water/impd/skagone/r37.0_tile0
06:29:48 ET_MOSAIC DEBUG: justoneday 2019 215 /caldera/projects/usgs/water/impd/skagone/r37.0_tile0
06:32:15 ET_MOSAIC DEBUG: justoneday 2019 216 /caldera/projects/usgs/water/impd/skagone/r37.0_tile0
06:34:47 ET_MOSAIC DEBUG: justoneday 2019 217 /caldera/projects/usgs/water/impd/skagone/r37.0_tile0
06:37:19 ET_MOSAIC DEBUG: justoneday 2019 218 /caldera/projects/usgs/water/impd/skagone/r37.0_tile0
06:39:44 ET_MOSAIC DEBUG: justoneday 2019 219 /caldera/projects/usgs/water/impd/skagone/r37.0_tile0
06:42:10 ET_MOSAIC DEBUG: justoneday 2019 220 /caldera/projects/usgs/water/impd/skagone/r37.0_tile0
06:44:42 ET_MOSAIC DEBUG: justoneday 2019 221 /caldera/projects/usgs/water/impd/skagone/r37.0_tile0
06:47:14 ET_MOSAIC DEBUG: justoneday 2019 222 /caldera/projects/usgs/water/impd/skagone/r37.0_tile0
06:49:49 ET_MOSAIC DEBUG: justoneday 2019 223 /caldera/projects/usgs/water/impd/skagone/r37.0_tile0
06:52:13 ET_MOSAIC DEBUG: justoneday 2019 224 /caldera/projects/usgs/water/impd/skagone/r37.0_tile0
06:54:36 ET_MOSAIC DEBUG: justoneday 2019 225 /caldera/projects/usgs/water/impd/skagone/r37.0_tile0
06:57:00 ET_MOSAIC DEBUG: justoneday 2019 226 /caldera/projects/usgs/water/impd/skagone/r37.0_tile0
06:59:28 ET_MOSAIC DEBUG: justoneday 2019 227 /caldera/projects/usgs/water/impd/skagone/r37.0_tile0
07:02:01 ET_MOSAIC DEBUG: justoneday 2019 228 /caldera/projects/usgs/water/impd/skagone/r37.0_tile0
07:04:34 ET_MOSAIC DEBUG: justoneday 2019 229 /caldera/projects/usgs/water/impd/skagone/r37.0_tile0
07:07:09 ET_MOSAIC DEBUG: justoneday 2019 230 /caldera/projects/usgs/water/impd/skagone/r37.0_tile0
07:09:36 ET_MOSAIC DEBUG: justoneday 2019 231 /caldera/projects/usgs/water/impd/skagone/r37.0_tile0
07:12:10 ET_MOSAIC DEBUG: justoneday 2019 232 /caldera/projects/usgs/water/impd/skagone/r37.0_tile0
07:14:44 ET_MOSAIC DEBUG: justoneday 2019 233 /caldera/projects/usgs/water/impd/skagone/r37.0_tile0
07:17:22 ET_MOSAIC DEBUG: justoneday 2019 234 /caldera/projects/usgs/water/impd/skagone/r37.0_tile0
07:19:46 ET_MOSAIC DEBUG: justoneday 2019 235 /caldera/projects/usgs/water/impd/skagone/r37.0_tile0
07:22:10 ET_MOSAIC DEBUG: justoneday 2019 236 /caldera/projects/usgs/water/impd/skagone/r37.0_tile0
07:24:36 ET_MOSAIC DEBUG: justoneday 2019 237 /caldera/projects/usgs/water/impd/skagone/r37.0_tile0
07:27:07 ET_MOSAIC DEBUG: justoneday 2019 238 /caldera/projects/usgs/water/impd/skagone/r37.0_tile0
07:29:38 ET_MOSAIC DEBUG: justoneday 2019 239 /caldera/projects/usgs/water/impd/skagone/r37.0_tile0
07:32:10 ET_MOSAIC DEBUG: justoneday 2019 240 /caldera/projects/usgs/water/impd/skagone/r37.0_tile0
07:34:45 ET_MOSAIC DEBUG: justoneday 2019 241 /caldera/projects/usgs/water/impd/skagone/r37.0_tile0
07:37:18 ET_MOSAIC DEBUG: justoneday 2019 242 /caldera/projects/usgs/water/impd/skagone/r37.0_tile0
07:39:48 ET_MOSAIC DEBUG: justoneday 2019 243 /caldera/projects/usgs/water/impd/skagone/r37.0_tile0
07:42:22 ET_MOSAIC DEBUG: justoneday 2019 244 /caldera/projects/usgs/water/impd/skagone/r37.0_tile0
07:44:59 ET_MOSAIC DEBUG: justoneday 2019 245 /caldera/projects/usgs/water/impd/skagone/r37.0_tile0
07:47:37 ET_MOSAIC DEBUG: justoneday 2019 246 /caldera/projects/usgs/water/impd/skagone/r37.0_tile0
07:50:13 ET_MOSAIC DEBUG: justoneday 2019 247 /caldera/projects/usgs/water/impd/skagone/r37.0_tile0
07:52:43 ET_MOSAIC DEBUG: justoneday 2019 248 /caldera/projects/usgs/water/impd/skagone/r37.0_tile0
07:55:17 ET_MOSAIC DEBUG: justoneday 2019 249 /caldera/projects/usgs/water/impd/skagone/r37.0_tile0
07:57:52 ET_MOSAIC DEBUG: justoneday 2019 250 /caldera/projects/usgs/water/impd/skagone/r37.0_tile0
08:00:31 ET_MOSAIC DEBUG: justoneday 2019 251 /caldera/projects/usgs/water/impd/skagone/r37.0_tile0
08:03:02 ET_MOSAIC DEBUG: justoneday 2019 252 /caldera/projects/usgs/water/impd/skagone/r37.0_tile0
08:05:38 ET_MOSAIC DEBUG: justoneday 2019 253 /caldera/projects/usgs/water/impd/skagone/r37.0_tile0
08:08:13 ET_MOSAIC DEBUG: justoneday 2019 254 /caldera/projects/usgs/water/impd/skagone/r37.0_tile0
08:10:39 ET_MOSAIC DEBUG: justoneday 2019 255 /caldera/projects/usgs/water/impd/skagone/r37.0_tile0
08:13:11 ET_MOSAIC DEBUG: justoneday 2019 256 /caldera/projects/usgs/water/impd/skagone/r37.0_tile0
08:15:49 ET_MOSAIC DEBUG: justoneday 2019 257 /caldera/projects/usgs/water/impd/skagone/r37.0_tile0
08:18:28 ET_MOSAIC DEBUG: justoneday 2019 258 /caldera/projects/usgs/water/impd/skagone/r37.0_tile0
08:20:53 ET_MOSAIC DEBUG: justoneday 2019 259 /caldera/projects/usgs/water/impd/skagone/r37.0_tile0
08:23:24 ET_MOSAIC DEBUG: justoneday 2019 260 /caldera/projects/usgs/water/impd/skagone/r37.0_tile0
08:25:59 ET_MOSAIC DEBUG: justoneday 2019 261 /caldera/projects/usgs/water/impd/skagone/r37.0_tile0
08:28:35 ET_MOSAIC DEBUG: justoneday 2019 262 /caldera/projects/usgs/water/impd/skagone/r37.0_tile0
08:31:16 ET_MOSAIC DEBUG: justoneday 2019 263 /caldera/projects/usgs/water/impd/skagone/r37.0_tile0
08:33:55 ET_MOSAIC DEBUG: justoneday 2019 264 /caldera/projects/usgs/water/impd/skagone/r37.0_tile0
08:36:29 ET_MOSAIC DEBUG: justoneday 2019 265 /caldera/projects/usgs/water/impd/skagone/r37.0_tile0
08:39:03 ET_MOSAIC DEBUG: justoneday 2019 266 /caldera/projects/usgs/water/impd/skagone/r37.0_tile0
08:41:39 ET_MOSAIC DEBUG: justoneday 2019 267 /caldera/projects/usgs/water/impd/skagone/r37.0_tile0
08:44:09 ET_MOSAIC DEBUG: justoneday 2019 268 /caldera/projects/usgs/water/impd/skagone/r37.0_tile0
08:46:37 ET_MOSAIC DEBUG: justoneday 2019 269 /caldera/projects/usgs/water/impd/skagone/r37.0_tile0
08:49:09 ET_MOSAIC DEBUG: justoneday 2019 270 /caldera/projects/usgs/water/impd/skagone/r37.0_tile0
08:51:46 ET_MOSAIC DEBUG: justoneday 2019 271 /caldera/projects/usgs/water/impd/skagone/r37.0_tile0
08:54:26 ET_MOSAIC DEBUG: justoneday 2019 272 /caldera/projects/usgs/water/impd/skagone/r37.0_tile0
08:57:05 ET_MOSAIC DEBUG: justoneday 2019 273 /caldera/projects/usgs/water/impd/skagone/r37.0_tile0
08:59:34 ET_MOSAIC DEBUG: justoneday 2019 274 /caldera/projects/usgs/water/impd/skagone/r37.0_tile0
09:02:06 ET_MOSAIC DEBUG: justoneday 2019 275 /caldera/projects/usgs/water/impd/skagone/r37.0_tile0
09:04:46 ET_MOSAIC DEBUG: justoneday 2019 276 /caldera/projects/usgs/water/impd/skagone/r37.0_tile0
09:07:15 ET_MOSAIC DEBUG: justoneday 2019 277 /caldera/projects/usgs/water/impd/skagone/r37.0_tile0
09:09:48 ET_MOSAIC DEBUG: justoneday 2019 278 /caldera/projects/usgs/water/impd/skagone/r37.0_tile0
09:12:20 ET_MOSAIC DEBUG: justoneday 2019 279 /caldera/projects/usgs/water/impd/skagone/r37.0_tile0
09:14:48 ET_MOSAIC DEBUG: justoneday 2019 280 /caldera/projects/usgs/water/impd/skagone/r37.0_tile0
09:17:22 ET_MOSAIC DEBUG: justoneday 2019 281 /caldera/projects/usgs/water/impd/skagone/r37.0_tile0
09:19:52 ET_MOSAIC DEBUG: justoneday 2019 282 /caldera/projects/usgs/water/impd/skagone/r37.0_tile0
09:22:21 ET_MOSAIC DEBUG: justoneday 2019 283 /caldera/projects/usgs/water/impd/skagone/r37.0_tile0
09:24:53 ET_MOSAIC DEBUG: justoneday 2019 284 /caldera/projects/usgs/water/impd/skagone/r37.0_tile0
09:27:23 ET_MOSAIC DEBUG: justoneday 2019 285 /caldera/projects/usgs/water/impd/skagone/r37.0_tile0
09:29:57 ET_MOSAIC DEBUG: justoneday 2019 286 /caldera/projects/usgs/water/impd/skagone/r37.0_tile0
09:32:25 ET_MOSAIC DEBUG: justoneday 2019 287 /caldera/projects/usgs/water/impd/skagone/r37.0_tile0
09:34:54 ET_MOSAIC DEBUG: justoneday 2019 288 /caldera/projects/usgs/water/impd/skagone/r37.0_tile0
09:37:26 ET_MOSAIC DEBUG: justoneday 2019 289 /caldera/projects/usgs/water/impd/skagone/r37.0_tile0
09:39:52 ET_MOSAIC DEBUG: justoneday 2019 290 /caldera/projects/usgs/water/impd/skagone/r37.0_tile0
09:42:22 ET_MOSAIC DEBUG: justoneday 2019 291 /caldera/projects/usgs/water/impd/skagone/r37.0_tile0
09:44:52 ET_MOSAIC DEBUG: justoneday 2019 292 /caldera/projects/usgs/water/impd/skagone/r37.0_tile0
09:47:23 ET_MOSAIC DEBUG: justoneday 2019 293 /caldera/projects/usgs/water/impd/skagone/r37.0_tile0
09:49:57 ET_MOSAIC DEBUG: justoneday 2019 294 /caldera/projects/usgs/water/impd/skagone/r37.0_tile0
09:52:29 ET_MOSAIC DEBUG: justoneday 2019 295 /caldera/projects/usgs/water/impd/skagone/r37.0_tile0
09:54:53 ET_MOSAIC DEBUG: justoneday 2019 296 /caldera/projects/usgs/water/impd/skagone/r37.0_tile0
09:57:20 ET_MOSAIC DEBUG: justoneday 2019 297 /caldera/projects/usgs/water/impd/skagone/r37.0_tile0
09:59:51 ET_MOSAIC DEBUG: justoneday 2019 298 /caldera/projects/usgs/water/impd/skagone/r37.0_tile0
10:02:23 ET_MOSAIC DEBUG: justoneday 2019 299 /caldera/projects/usgs/water/impd/skagone/r37.0_tile0
10:04:52 ET_MOSAIC DEBUG: justoneday 2019 300 /caldera/projects/usgs/water/impd/skagone/r37.0_tile0
10:07:24 ET_MOSAIC DEBUG: justoneday 2019 301 /caldera/projects/usgs/water/impd/skagone/r37.0_tile0
10:09:56 ET_MOSAIC DEBUG: justoneday 2019 302 /caldera/projects/usgs/water/impd/skagone/r37.0_tile0
10:12:29 ET_MOSAIC DEBUG: justoneday 2019 303 /caldera/projects/usgs/water/impd/skagone/r37.0_tile0
10:15:09 ET_MOSAIC DEBUG: justoneday 2019 304 /caldera/projects/usgs/water/impd/skagone/r37.0_tile0
10:17:54 ET_MOSAIC DEBUG: justoneday 2019 305 /caldera/projects/usgs/water/impd/skagone/r37.0_tile0
10:20:36 ET_MOSAIC DEBUG: justoneday 2019 306 /caldera/projects/usgs/water/impd/skagone/r37.0_tile0
10:23:18 ET_MOSAIC DEBUG: justoneday 2019 307 /caldera/projects/usgs/water/impd/skagone/r37.0_tile0
10:26:00 ET_MOSAIC DEBUG: justoneday 2019 308 /caldera/projects/usgs/water/impd/skagone/r37.0_tile0
10:28:39 ET_MOSAIC DEBUG: justoneday 2019 309 /caldera/projects/usgs/water/impd/skagone/r37.0_tile0
10:31:18 ET_MOSAIC DEBUG: justoneday 2019 310 /caldera/projects/usgs/water/impd/skagone/r37.0_tile0
10:33:56 ET_MOSAIC DEBUG: justoneday 2019 311 /caldera/projects/usgs/water/impd/skagone/r37.0_tile0
10:36:42 ET_MOSAIC DEBUG: justoneday 2019 312 /caldera/projects/usgs/water/impd/skagone/r37.0_tile0
10:39:20 ET_MOSAIC DEBUG: justoneday 2019 313 /caldera/projects/usgs/water/impd/skagone/r37.0_tile0
10:42:01 ET_MOSAIC DEBUG: justoneday 2019 314 /caldera/projects/usgs/water/impd/skagone/r37.0_tile0
10:44:45 ET_MOSAIC DEBUG: justoneday 2019 315 /caldera/projects/usgs/water/impd/skagone/r37.0_tile0
10:47:27 ET_MOSAIC DEBUG: justoneday 2019 316 /caldera/projects/usgs/water/impd/skagone/r37.0_tile0
10:50:09 ET_MOSAIC DEBUG: justoneday 2019 317 /caldera/projects/usgs/water/impd/skagone/r37.0_tile0
10:52:50 ET_MOSAIC DEBUG: justoneday 2019 318 /caldera/projects/usgs/water/impd/skagone/r37.0_tile0
10:55:31 ET_MOSAIC DEBUG: justoneday 2019 319 /caldera/projects/usgs/water/impd/skagone/r37.0_tile0
10:58:08 ET_MOSAIC DEBUG: justoneday 2019 320 /caldera/projects/usgs/water/impd/skagone/r37.0_tile0
11:00:35 ET_MOSAIC DEBUG: justoneday 2019 321 /caldera/projects/usgs/water/impd/skagone/r37.0_tile0
11:03:06 ET_MOSAIC DEBUG: justoneday 2019 322 /caldera/projects/usgs/water/impd/skagone/r37.0_tile0
11:05:38 ET_MOSAIC DEBUG: justoneday 2019 323 /caldera/projects/usgs/water/impd/skagone/r37.0_tile0
11:08:08 ET_MOSAIC DEBUG: justoneday 2019 324 /caldera/projects/usgs/water/impd/skagone/r37.0_tile0
11:10:37 ET_MOSAIC DEBUG: justoneday 2019 325 /caldera/projects/usgs/water/impd/skagone/r37.0_tile0
11:13:03 ET_MOSAIC DEBUG: justoneday 2019 326 /caldera/projects/usgs/water/impd/skagone/r37.0_tile0
11:15:35 ET_MOSAIC DEBUG: justoneday 2019 327 /caldera/projects/usgs/water/impd/skagone/r37.0_tile0
11:18:05 ET_MOSAIC DEBUG: justoneday 2019 328 /caldera/projects/usgs/water/impd/skagone/r37.0_tile0
11:20:31 ET_MOSAIC DEBUG: justoneday 2019 329 /caldera/projects/usgs/water/impd/skagone/r37.0_tile0
11:23:02 ET_MOSAIC DEBUG: justoneday 2019 330 /caldera/projects/usgs/water/impd/skagone/r37.0_tile0
11:25:31 ET_MOSAIC DEBUG: justoneday 2019 331 /caldera/projects/usgs/water/impd/skagone/r37.0_tile0
11:28:01 ET_MOSAIC DEBUG: justoneday 2019 332 /caldera/projects/usgs/water/impd/skagone/r37.0_tile0
11:30:31 ET_MOSAIC DEBUG: justoneday 2019 333 /caldera/projects/usgs/water/impd/skagone/r37.0_tile0
11:33:02 ET_MOSAIC DEBUG: justoneday 2019 334 /caldera/projects/usgs/water/impd/skagone/r37.0_tile0
11:35:31 ET_MOSAIC DEBUG: justoneday 2019 335 /caldera/projects/usgs/water/impd/skagone/r37.0_tile0
11:38:00 ET_MOSAIC DEBUG: justoneday 2019 336 /caldera/projects/usgs/water/impd/skagone/r37.0_tile0
11:40:29 ET_MOSAIC DEBUG: justoneday 2019 337 /caldera/projects/usgs/water/impd/skagone/r37.0_tile0
11:43:01 ET_MOSAIC DEBUG: justoneday 2019 338 /caldera/projects/usgs/water/impd/skagone/r37.0_tile0
11:45:34 ET_MOSAIC DEBUG: justoneday 2019 339 /caldera/projects/usgs/water/impd/skagone/r37.0_tile0
11:48:01 ET_MOSAIC DEBUG: justoneday 2019 340 /caldera/projects/usgs/water/impd/skagone/r37.0_tile0
11:50:26 ET_MOSAIC DEBUG: justoneday 2019 341 /caldera/projects/usgs/water/impd/skagone/r37.0_tile0
11:52:53 ET_MOSAIC DEBUG: justoneday 2019 342 /caldera/projects/usgs/water/impd/skagone/r37.0_tile0
11:55:22 ET_MOSAIC DEBUG: justoneday 2019 343 /caldera/projects/usgs/water/impd/skagone/r37.0_tile0
11:57:53 ET_MOSAIC DEBUG: justoneday 2019 344 /caldera/projects/usgs/water/impd/skagone/r37.0_tile0
12:00:25 ET_MOSAIC DEBUG: justoneday 2019 345 /caldera/projects/usgs/water/impd/skagone/r37.0_tile0
12:03:01 ET_MOSAIC DEBUG: justoneday 2019 346 /caldera/projects/usgs/water/impd/skagone/r37.0_tile0
12:05:25 ET_MOSAIC DEBUG: justoneday 2019 347 /caldera/projects/usgs/water/impd/skagone/r37.0_tile0
12:07:55 ET_MOSAIC DEBUG: justoneday 2019 348 /caldera/projects/usgs/water/impd/skagone/r37.0_tile0
12:10:29 ET_MOSAIC DEBUG: justoneday 2019 349 /caldera/projects/usgs/water/impd/skagone/r37.0_tile0
12:13:03 ET_MOSAIC DEBUG: justoneday 2019 350 /caldera/projects/usgs/water/impd/skagone/r37.0_tile0
12:15:39 ET_MOSAIC DEBUG: justoneday 2019 351 /caldera/projects/usgs/water/impd/skagone/r37.0_tile0
12:18:13 ET_MOSAIC DEBUG: justoneday 2019 352 /caldera/projects/usgs/water/impd/skagone/r37.0_tile0
12:20:46 ET_MOSAIC DEBUG: justoneday 2019 353 /caldera/projects/usgs/water/impd/skagone/r37.0_tile0
12:23:17 ET_MOSAIC DEBUG: justoneday 2019 354 /caldera/projects/usgs/water/impd/skagone/r37.0_tile0
12:25:42 ET_MOSAIC DEBUG: justoneday 2019 355 /caldera/projects/usgs/water/impd/skagone/r37.0_tile0
12:28:12 ET_MOSAIC DEBUG: justoneday 2019 356 /caldera/projects/usgs/water/impd/skagone/r37.0_tile0
12:30:43 ET_MOSAIC DEBUG: justoneday 2019 357 /caldera/projects/usgs/water/impd/skagone/r37.0_tile0
12:33:07 ET_MOSAIC DEBUG: justoneday 2019 358 /caldera/projects/usgs/water/impd/skagone/r37.0_tile0
12:35:31 ET_MOSAIC DEBUG: justoneday 2019 359 /caldera/projects/usgs/water/impd/skagone/r37.0_tile0
12:37:59 ET_MOSAIC DEBUG: justoneday 2019 360 /caldera/projects/usgs/water/impd/skagone/r37.0_tile0
12:40:29 ET_MOSAIC DEBUG: justoneday 2019 361 /caldera/projects/usgs/water/impd/skagone/r37.0_tile0
12:43:03 ET_MOSAIC DEBUG: justoneday 2019 362 /caldera/projects/usgs/water/impd/skagone/r37.0_tile0
12:45:33 ET_MOSAIC DEBUG: justoneday 2019 363 /caldera/projects/usgs/water/impd/skagone/r37.0_tile0
12:48:00 ET_MOSAIC DEBUG: justoneday 2019 364 /caldera/projects/usgs/water/impd/skagone/r37.0_tile0
12:50:30 ET_MOSAIC DEBUG: justoneday 2019 365 /caldera/projects/usgs/water/impd/skagone/r37.0_tile0
12:52:59 ET_MOSAIC DEBUG: justoneday 2019 366 /caldera/projects/usgs/water/impd/skagone/r37.0_tile0
