07:31:52 ET_MOSAIC DEBUG: this is how you call one of your functions
07:31:52 ET_MOSAIC DEBUG: hello from Conus_mosaic class
07:31:52 ET_MOSAIC DEBUG: Mosaicking ['etasw'] in /caldera/projects/usgs/water/impd/skagone and put it in /caldera/projects/usgs/water/impd/skagone/conus_mos_completed/2004 for 2004
07:31:52 ET_MOSAIC DEBUG: run_mosaic
07:31:52 ET_MOSAIC DEBUG: Mosaic this product: etasw
07:31:52 ET_MOSAIC DEBUG: /caldera/projects/usgs/water/impd/skagone/
07:31:52 ET_MOSAIC DEBUG: justoneday 2004 1 /caldera/projects/usgs/water/impd/skagone/r37.0_tile0
07:31:52 ET_MOSAIC DEBUG: justoneday 2004 2 /caldera/projects/usgs/water/impd/skagone/r37.0_tile0
07:31:52 ET_MOSAIC DEBUG: justoneday 2004 3 /caldera/projects/usgs/water/impd/skagone/r37.0_tile0
07:31:52 ET_MOSAIC DEBUG: justoneday 2004 4 /caldera/projects/usgs/water/impd/skagone/r37.0_tile0
07:31:52 ET_MOSAIC DEBUG: justoneday 2004 5 /caldera/projects/usgs/water/impd/skagone/r37.0_tile0
07:31:52 ET_MOSAIC DEBUG: justoneday 2004 6 /caldera/projects/usgs/water/impd/skagone/r37.0_tile0
07:31:52 ET_MOSAIC DEBUG: justoneday 2004 7 /caldera/projects/usgs/water/impd/skagone/r37.0_tile0
07:31:52 ET_MOSAIC DEBUG: justoneday 2004 8 /caldera/projects/usgs/water/impd/skagone/r37.0_tile0
07:31:52 ET_MOSAIC DEBUG: justoneday 2004 9 /caldera/projects/usgs/water/impd/skagone/r37.0_tile0
07:31:52 ET_MOSAIC DEBUG: justoneday 2004 10 /caldera/projects/usgs/water/impd/skagone/r37.0_tile0
07:31:52 ET_MOSAIC DEBUG: justoneday 2004 11 /caldera/projects/usgs/water/impd/skagone/r37.0_tile0
07:31:52 ET_MOSAIC DEBUG: justoneday 2004 12 /caldera/projects/usgs/water/impd/skagone/r37.0_tile0
07:31:52 ET_MOSAIC DEBUG: justoneday 2004 13 /caldera/projects/usgs/water/impd/skagone/r37.0_tile0
07:31:52 ET_MOSAIC DEBUG: justoneday 2004 14 /caldera/projects/usgs/water/impd/skagone/r37.0_tile0
07:31:52 ET_MOSAIC DEBUG: justoneday 2004 15 /caldera/projects/usgs/water/impd/skagone/r37.0_tile0
07:31:52 ET_MOSAIC DEBUG: justoneday 2004 16 /caldera/projects/usgs/water/impd/skagone/r37.0_tile0
07:31:52 ET_MOSAIC DEBUG: justoneday 2004 17 /caldera/projects/usgs/water/impd/skagone/r37.0_tile0
07:31:52 ET_MOSAIC DEBUG: justoneday 2004 18 /caldera/projects/usgs/water/impd/skagone/r37.0_tile0
07:31:52 ET_MOSAIC DEBUG: justoneday 2004 19 /caldera/projects/usgs/water/impd/skagone/r37.0_tile0
07:31:52 ET_MOSAIC DEBUG: justoneday 2004 20 /caldera/projects/usgs/water/impd/skagone/r37.0_tile0
07:31:52 ET_MOSAIC DEBUG: justoneday 2004 21 /caldera/projects/usgs/water/impd/skagone/r37.0_tile0
07:31:52 ET_MOSAIC DEBUG: justoneday 2004 22 /caldera/projects/usgs/water/impd/skagone/r37.0_tile0
07:31:52 ET_MOSAIC DEBUG: justoneday 2004 23 /caldera/projects/usgs/water/impd/skagone/r37.0_tile0
07:31:52 ET_MOSAIC DEBUG: justoneday 2004 24 /caldera/projects/usgs/water/impd/skagone/r37.0_tile0
07:31:52 ET_MOSAIC DEBUG: justoneday 2004 25 /caldera/projects/usgs/water/impd/skagone/r37.0_tile0
07:31:52 ET_MOSAIC DEBUG: justoneday 2004 26 /caldera/projects/usgs/water/impd/skagone/r37.0_tile0
07:31:52 ET_MOSAIC DEBUG: justoneday 2004 27 /caldera/projects/usgs/water/impd/skagone/r37.0_tile0
07:31:52 ET_MOSAIC DEBUG: justoneday 2004 28 /caldera/projects/usgs/water/impd/skagone/r37.0_tile0
07:31:52 ET_MOSAIC DEBUG: justoneday 2004 29 /caldera/projects/usgs/water/impd/skagone/r37.0_tile0
07:31:52 ET_MOSAIC DEBUG: justoneday 2004 30 /caldera/projects/usgs/water/impd/skagone/r37.0_tile0
07:31:52 ET_MOSAIC DEBUG: justoneday 2004 31 /caldera/projects/usgs/water/impd/skagone/r37.0_tile0
07:31:52 ET_MOSAIC DEBUG: justoneday 2004 32 /caldera/projects/usgs/water/impd/skagone/r37.0_tile0
07:31:52 ET_MOSAIC DEBUG: justoneday 2004 33 /caldera/projects/usgs/water/impd/skagone/r37.0_tile0
07:31:52 ET_MOSAIC DEBUG: justoneday 2004 34 /caldera/projects/usgs/water/impd/skagone/r37.0_tile0
07:31:52 ET_MOSAIC DEBUG: justoneday 2004 35 /caldera/projects/usgs/water/impd/skagone/r37.0_tile0
07:31:52 ET_MOSAIC DEBUG: justoneday 2004 36 /caldera/projects/usgs/water/impd/skagone/r37.0_tile0
07:31:52 ET_MOSAIC DEBUG: justoneday 2004 37 /caldera/projects/usgs/water/impd/skagone/r37.0_tile0
07:31:52 ET_MOSAIC DEBUG: justoneday 2004 38 /caldera/projects/usgs/water/impd/skagone/r37.0_tile0
07:31:52 ET_MOSAIC DEBUG: justoneday 2004 39 /caldera/projects/usgs/water/impd/skagone/r37.0_tile0
07:31:52 ET_MOSAIC DEBUG: justoneday 2004 40 /caldera/projects/usgs/water/impd/skagone/r37.0_tile0
07:31:52 ET_MOSAIC DEBUG: justoneday 2004 41 /caldera/projects/usgs/water/impd/skagone/r37.0_tile0
07:31:52 ET_MOSAIC DEBUG: justoneday 2004 42 /caldera/projects/usgs/water/impd/skagone/r37.0_tile0
07:31:52 ET_MOSAIC DEBUG: justoneday 2004 43 /caldera/projects/usgs/water/impd/skagone/r37.0_tile0
07:31:52 ET_MOSAIC DEBUG: justoneday 2004 44 /caldera/projects/usgs/water/impd/skagone/r37.0_tile0
07:31:52 ET_MOSAIC DEBUG: justoneday 2004 45 /caldera/projects/usgs/water/impd/skagone/r37.0_tile0
07:31:52 ET_MOSAIC DEBUG: justoneday 2004 46 /caldera/projects/usgs/water/impd/skagone/r37.0_tile0
07:31:52 ET_MOSAIC DEBUG: justoneday 2004 47 /caldera/projects/usgs/water/impd/skagone/r37.0_tile0
07:31:52 ET_MOSAIC DEBUG: justoneday 2004 48 /caldera/projects/usgs/water/impd/skagone/r37.0_tile0
07:31:52 ET_MOSAIC DEBUG: justoneday 2004 49 /caldera/projects/usgs/water/impd/skagone/r37.0_tile0
07:31:52 ET_MOSAIC DEBUG: justoneday 2004 50 /caldera/projects/usgs/water/impd/skagone/r37.0_tile0
07:31:52 ET_MOSAIC DEBUG: justoneday 2004 51 /caldera/projects/usgs/water/impd/skagone/r37.0_tile0
07:31:52 ET_MOSAIC DEBUG: justoneday 2004 52 /caldera/projects/usgs/water/impd/skagone/r37.0_tile0
07:31:52 ET_MOSAIC DEBUG: justoneday 2004 53 /caldera/projects/usgs/water/impd/skagone/r37.0_tile0
07:31:52 ET_MOSAIC DEBUG: justoneday 2004 54 /caldera/projects/usgs/water/impd/skagone/r37.0_tile0
07:31:52 ET_MOSAIC DEBUG: justoneday 2004 55 /caldera/projects/usgs/water/impd/skagone/r37.0_tile0
07:31:52 ET_MOSAIC DEBUG: justoneday 2004 56 /caldera/projects/usgs/water/impd/skagone/r37.0_tile0
07:31:52 ET_MOSAIC DEBUG: justoneday 2004 57 /caldera/projects/usgs/water/impd/skagone/r37.0_tile0
07:31:52 ET_MOSAIC DEBUG: justoneday 2004 58 /caldera/projects/usgs/water/impd/skagone/r37.0_tile0
07:31:52 ET_MOSAIC DEBUG: justoneday 2004 59 /caldera/projects/usgs/water/impd/skagone/r37.0_tile0
07:31:52 ET_MOSAIC DEBUG: justoneday 2004 60 /caldera/projects/usgs/water/impd/skagone/r37.0_tile0
07:31:52 ET_MOSAIC DEBUG: justoneday 2004 61 /caldera/projects/usgs/water/impd/skagone/r37.0_tile0
07:31:52 ET_MOSAIC DEBUG: justoneday 2004 62 /caldera/projects/usgs/water/impd/skagone/r37.0_tile0
07:31:52 ET_MOSAIC DEBUG: justoneday 2004 63 /caldera/projects/usgs/water/impd/skagone/r37.0_tile0
07:31:52 ET_MOSAIC DEBUG: justoneday 2004 64 /caldera/projects/usgs/water/impd/skagone/r37.0_tile0
07:31:52 ET_MOSAIC DEBUG: justoneday 2004 65 /caldera/projects/usgs/water/impd/skagone/r37.0_tile0
07:31:52 ET_MOSAIC DEBUG: justoneday 2004 66 /caldera/projects/usgs/water/impd/skagone/r37.0_tile0
07:31:52 ET_MOSAIC DEBUG: justoneday 2004 67 /caldera/projects/usgs/water/impd/skagone/r37.0_tile0
07:31:52 ET_MOSAIC DEBUG: justoneday 2004 68 /caldera/projects/usgs/water/impd/skagone/r37.0_tile0
07:31:52 ET_MOSAIC DEBUG: justoneday 2004 69 /caldera/projects/usgs/water/impd/skagone/r37.0_tile0
07:31:52 ET_MOSAIC DEBUG: justoneday 2004 70 /caldera/projects/usgs/water/impd/skagone/r37.0_tile0
07:31:52 ET_MOSAIC DEBUG: justoneday 2004 71 /caldera/projects/usgs/water/impd/skagone/r37.0_tile0
07:31:52 ET_MOSAIC DEBUG: justoneday 2004 72 /caldera/projects/usgs/water/impd/skagone/r37.0_tile0
07:31:52 ET_MOSAIC DEBUG: justoneday 2004 73 /caldera/projects/usgs/water/impd/skagone/r37.0_tile0
07:31:52 ET_MOSAIC DEBUG: justoneday 2004 74 /caldera/projects/usgs/water/impd/skagone/r37.0_tile0
07:31:52 ET_MOSAIC DEBUG: justoneday 2004 75 /caldera/projects/usgs/water/impd/skagone/r37.0_tile0
07:31:52 ET_MOSAIC DEBUG: justoneday 2004 76 /caldera/projects/usgs/water/impd/skagone/r37.0_tile0
07:31:52 ET_MOSAIC DEBUG: justoneday 2004 77 /caldera/projects/usgs/water/impd/skagone/r37.0_tile0
07:31:52 ET_MOSAIC DEBUG: justoneday 2004 78 /caldera/projects/usgs/water/impd/skagone/r37.0_tile0
07:31:52 ET_MOSAIC DEBUG: justoneday 2004 79 /caldera/projects/usgs/water/impd/skagone/r37.0_tile0
07:31:52 ET_MOSAIC DEBUG: justoneday 2004 80 /caldera/projects/usgs/water/impd/skagone/r37.0_tile0
07:31:52 ET_MOSAIC DEBUG: justoneday 2004 81 /caldera/projects/usgs/water/impd/skagone/r37.0_tile0
07:31:52 ET_MOSAIC DEBUG: justoneday 2004 82 /caldera/projects/usgs/water/impd/skagone/r37.0_tile0
07:31:52 ET_MOSAIC DEBUG: justoneday 2004 83 /caldera/projects/usgs/water/impd/skagone/r37.0_tile0
07:31:52 ET_MOSAIC DEBUG: justoneday 2004 84 /caldera/projects/usgs/water/impd/skagone/r37.0_tile0
07:31:52 ET_MOSAIC DEBUG: justoneday 2004 85 /caldera/projects/usgs/water/impd/skagone/r37.0_tile0
07:31:52 ET_MOSAIC DEBUG: justoneday 2004 86 /caldera/projects/usgs/water/impd/skagone/r37.0_tile0
07:31:52 ET_MOSAIC DEBUG: justoneday 2004 87 /caldera/projects/usgs/water/impd/skagone/r37.0_tile0
07:31:52 ET_MOSAIC DEBUG: justoneday 2004 88 /caldera/projects/usgs/water/impd/skagone/r37.0_tile0
07:31:52 ET_MOSAIC DEBUG: justoneday 2004 89 /caldera/projects/usgs/water/impd/skagone/r37.0_tile0
07:31:52 ET_MOSAIC DEBUG: justoneday 2004 90 /caldera/projects/usgs/water/impd/skagone/r37.0_tile0
07:31:52 ET_MOSAIC DEBUG: justoneday 2004 91 /caldera/projects/usgs/water/impd/skagone/r37.0_tile0
07:31:52 ET_MOSAIC DEBUG: justoneday 2004 92 /caldera/projects/usgs/water/impd/skagone/r37.0_tile0
07:31:52 ET_MOSAIC DEBUG: justoneday 2004 93 /caldera/projects/usgs/water/impd/skagone/r37.0_tile0
07:31:52 ET_MOSAIC DEBUG: justoneday 2004 94 /caldera/projects/usgs/water/impd/skagone/r37.0_tile0
07:31:52 ET_MOSAIC DEBUG: justoneday 2004 95 /caldera/projects/usgs/water/impd/skagone/r37.0_tile0
07:31:52 ET_MOSAIC DEBUG: justoneday 2004 96 /caldera/projects/usgs/water/impd/skagone/r37.0_tile0
07:31:52 ET_MOSAIC DEBUG: justoneday 2004 97 /caldera/projects/usgs/water/impd/skagone/r37.0_tile0
07:31:52 ET_MOSAIC DEBUG: justoneday 2004 98 /caldera/projects/usgs/water/impd/skagone/r37.0_tile0
07:31:52 ET_MOSAIC DEBUG: justoneday 2004 99 /caldera/projects/usgs/water/impd/skagone/r37.0_tile0
07:31:52 ET_MOSAIC DEBUG: justoneday 2004 100 /caldera/projects/usgs/water/impd/skagone/r37.0_tile0
07:31:52 ET_MOSAIC DEBUG: justoneday 2004 101 /caldera/projects/usgs/water/impd/skagone/r37.0_tile0
07:31:52 ET_MOSAIC DEBUG: justoneday 2004 102 /caldera/projects/usgs/water/impd/skagone/r37.0_tile0
07:31:52 ET_MOSAIC DEBUG: justoneday 2004 103 /caldera/projects/usgs/water/impd/skagone/r37.0_tile0
07:31:52 ET_MOSAIC DEBUG: justoneday 2004 104 /caldera/projects/usgs/water/impd/skagone/r37.0_tile0
07:31:52 ET_MOSAIC DEBUG: justoneday 2004 105 /caldera/projects/usgs/water/impd/skagone/r37.0_tile0
07:31:52 ET_MOSAIC DEBUG: justoneday 2004 106 /caldera/projects/usgs/water/impd/skagone/r37.0_tile0
07:31:52 ET_MOSAIC DEBUG: justoneday 2004 107 /caldera/projects/usgs/water/impd/skagone/r37.0_tile0
07:31:52 ET_MOSAIC DEBUG: justoneday 2004 108 /caldera/projects/usgs/water/impd/skagone/r37.0_tile0
07:31:52 ET_MOSAIC DEBUG: justoneday 2004 109 /caldera/projects/usgs/water/impd/skagone/r37.0_tile0
07:31:52 ET_MOSAIC DEBUG: justoneday 2004 110 /caldera/projects/usgs/water/impd/skagone/r37.0_tile0
07:31:52 ET_MOSAIC DEBUG: justoneday 2004 111 /caldera/projects/usgs/water/impd/skagone/r37.0_tile0
07:31:52 ET_MOSAIC DEBUG: justoneday 2004 112 /caldera/projects/usgs/water/impd/skagone/r37.0_tile0
07:31:52 ET_MOSAIC DEBUG: justoneday 2004 113 /caldera/projects/usgs/water/impd/skagone/r37.0_tile0
07:31:52 ET_MOSAIC DEBUG: justoneday 2004 114 /caldera/projects/usgs/water/impd/skagone/r37.0_tile0
07:31:52 ET_MOSAIC DEBUG: justoneday 2004 115 /caldera/projects/usgs/water/impd/skagone/r37.0_tile0
07:31:52 ET_MOSAIC DEBUG: justoneday 2004 116 /caldera/projects/usgs/water/impd/skagone/r37.0_tile0
07:31:52 ET_MOSAIC DEBUG: justoneday 2004 117 /caldera/projects/usgs/water/impd/skagone/r37.0_tile0
07:31:52 ET_MOSAIC DEBUG: justoneday 2004 118 /caldera/projects/usgs/water/impd/skagone/r37.0_tile0
07:31:52 ET_MOSAIC DEBUG: justoneday 2004 119 /caldera/projects/usgs/water/impd/skagone/r37.0_tile0
07:31:52 ET_MOSAIC DEBUG: justoneday 2004 120 /caldera/projects/usgs/water/impd/skagone/r37.0_tile0
07:31:52 ET_MOSAIC DEBUG: justoneday 2004 121 /caldera/projects/usgs/water/impd/skagone/r37.0_tile0
07:31:52 ET_MOSAIC DEBUG: justoneday 2004 122 /caldera/projects/usgs/water/impd/skagone/r37.0_tile0
07:31:52 ET_MOSAIC DEBUG: justoneday 2004 123 /caldera/projects/usgs/water/impd/skagone/r37.0_tile0
07:31:52 ET_MOSAIC DEBUG: justoneday 2004 124 /caldera/projects/usgs/water/impd/skagone/r37.0_tile0
07:31:52 ET_MOSAIC DEBUG: justoneday 2004 125 /caldera/projects/usgs/water/impd/skagone/r37.0_tile0
07:31:52 ET_MOSAIC DEBUG: justoneday 2004 126 /caldera/projects/usgs/water/impd/skagone/r37.0_tile0
07:31:52 ET_MOSAIC DEBUG: justoneday 2004 127 /caldera/projects/usgs/water/impd/skagone/r37.0_tile0
07:31:52 ET_MOSAIC DEBUG: justoneday 2004 128 /caldera/projects/usgs/water/impd/skagone/r37.0_tile0
07:31:52 ET_MOSAIC DEBUG: justoneday 2004 129 /caldera/projects/usgs/water/impd/skagone/r37.0_tile0
07:31:52 ET_MOSAIC DEBUG: justoneday 2004 130 /caldera/projects/usgs/water/impd/skagone/r37.0_tile0
07:31:52 ET_MOSAIC DEBUG: justoneday 2004 131 /caldera/projects/usgs/water/impd/skagone/r37.0_tile0
07:31:52 ET_MOSAIC DEBUG: justoneday 2004 132 /caldera/projects/usgs/water/impd/skagone/r37.0_tile0
07:31:52 ET_MOSAIC DEBUG: justoneday 2004 133 /caldera/projects/usgs/water/impd/skagone/r37.0_tile0
07:31:52 ET_MOSAIC DEBUG: justoneday 2004 134 /caldera/projects/usgs/water/impd/skagone/r37.0_tile0
07:31:52 ET_MOSAIC DEBUG: justoneday 2004 135 /caldera/projects/usgs/water/impd/skagone/r37.0_tile0
07:31:52 ET_MOSAIC DEBUG: justoneday 2004 136 /caldera/projects/usgs/water/impd/skagone/r37.0_tile0
07:31:52 ET_MOSAIC DEBUG: justoneday 2004 137 /caldera/projects/usgs/water/impd/skagone/r37.0_tile0
07:31:52 ET_MOSAIC DEBUG: justoneday 2004 138 /caldera/projects/usgs/water/impd/skagone/r37.0_tile0
07:31:52 ET_MOSAIC DEBUG: justoneday 2004 139 /caldera/projects/usgs/water/impd/skagone/r37.0_tile0
07:31:52 ET_MOSAIC DEBUG: justoneday 2004 140 /caldera/projects/usgs/water/impd/skagone/r37.0_tile0
07:31:52 ET_MOSAIC DEBUG: justoneday 2004 141 /caldera/projects/usgs/water/impd/skagone/r37.0_tile0
07:31:52 ET_MOSAIC DEBUG: justoneday 2004 142 /caldera/projects/usgs/water/impd/skagone/r37.0_tile0
07:31:52 ET_MOSAIC DEBUG: justoneday 2004 143 /caldera/projects/usgs/water/impd/skagone/r37.0_tile0
07:31:52 ET_MOSAIC DEBUG: justoneday 2004 144 /caldera/projects/usgs/water/impd/skagone/r37.0_tile0
07:31:52 ET_MOSAIC DEBUG: justoneday 2004 145 /caldera/projects/usgs/water/impd/skagone/r37.0_tile0
07:31:52 ET_MOSAIC DEBUG: justoneday 2004 146 /caldera/projects/usgs/water/impd/skagone/r37.0_tile0
07:31:52 ET_MOSAIC DEBUG: justoneday 2004 147 /caldera/projects/usgs/water/impd/skagone/r37.0_tile0
07:31:52 ET_MOSAIC DEBUG: justoneday 2004 148 /caldera/projects/usgs/water/impd/skagone/r37.0_tile0
07:31:52 ET_MOSAIC DEBUG: justoneday 2004 149 /caldera/projects/usgs/water/impd/skagone/r37.0_tile0
07:31:52 ET_MOSAIC DEBUG: justoneday 2004 150 /caldera/projects/usgs/water/impd/skagone/r37.0_tile0
07:31:52 ET_MOSAIC DEBUG: justoneday 2004 151 /caldera/projects/usgs/water/impd/skagone/r37.0_tile0
07:31:52 ET_MOSAIC DEBUG: justoneday 2004 152 /caldera/projects/usgs/water/impd/skagone/r37.0_tile0
07:31:52 ET_MOSAIC DEBUG: justoneday 2004 153 /caldera/projects/usgs/water/impd/skagone/r37.0_tile0
07:31:52 ET_MOSAIC DEBUG: justoneday 2004 154 /caldera/projects/usgs/water/impd/skagone/r37.0_tile0
07:31:52 ET_MOSAIC DEBUG: justoneday 2004 155 /caldera/projects/usgs/water/impd/skagone/r37.0_tile0
07:31:52 ET_MOSAIC DEBUG: justoneday 2004 156 /caldera/projects/usgs/water/impd/skagone/r37.0_tile0
07:31:52 ET_MOSAIC DEBUG: justoneday 2004 157 /caldera/projects/usgs/water/impd/skagone/r37.0_tile0
07:31:52 ET_MOSAIC DEBUG: justoneday 2004 158 /caldera/projects/usgs/water/impd/skagone/r37.0_tile0
07:31:52 ET_MOSAIC DEBUG: justoneday 2004 159 /caldera/projects/usgs/water/impd/skagone/r37.0_tile0
07:31:52 ET_MOSAIC DEBUG: justoneday 2004 160 /caldera/projects/usgs/water/impd/skagone/r37.0_tile0
07:31:52 ET_MOSAIC DEBUG: justoneday 2004 161 /caldera/projects/usgs/water/impd/skagone/r37.0_tile0
07:31:52 ET_MOSAIC DEBUG: justoneday 2004 162 /caldera/projects/usgs/water/impd/skagone/r37.0_tile0
07:31:52 ET_MOSAIC DEBUG: justoneday 2004 163 /caldera/projects/usgs/water/impd/skagone/r37.0_tile0
Warning 1: +init=epsg:XXXX syntax is deprecated. It might return a CRS with a non-EPSG compliant axis order.
07:33:29 ET_MOSAIC DEBUG: justoneday 2004 164 /caldera/projects/usgs/water/impd/skagone/r37.0_tile0
07:33:29 ET_MOSAIC DEBUG: justoneday 2004 165 /caldera/projects/usgs/water/impd/skagone/r37.0_tile0
07:33:29 ET_MOSAIC DEBUG: justoneday 2004 166 /caldera/projects/usgs/water/impd/skagone/r37.0_tile0
07:33:29 ET_MOSAIC DEBUG: justoneday 2004 167 /caldera/projects/usgs/water/impd/skagone/r37.0_tile0
07:33:29 ET_MOSAIC DEBUG: justoneday 2004 168 /caldera/projects/usgs/water/impd/skagone/r37.0_tile0
07:33:29 ET_MOSAIC DEBUG: justoneday 2004 169 /caldera/projects/usgs/water/impd/skagone/r37.0_tile0
07:33:29 ET_MOSAIC DEBUG: justoneday 2004 170 /caldera/projects/usgs/water/impd/skagone/r37.0_tile0
07:33:29 ET_MOSAIC DEBUG: justoneday 2004 171 /caldera/projects/usgs/water/impd/skagone/r37.0_tile0
07:33:29 ET_MOSAIC DEBUG: justoneday 2004 172 /caldera/projects/usgs/water/impd/skagone/r37.0_tile0
07:33:29 ET_MOSAIC DEBUG: justoneday 2004 173 /caldera/projects/usgs/water/impd/skagone/r37.0_tile0
07:33:29 ET_MOSAIC DEBUG: justoneday 2004 174 /caldera/projects/usgs/water/impd/skagone/r37.0_tile0
07:33:29 ET_MOSAIC DEBUG: justoneday 2004 175 /caldera/projects/usgs/water/impd/skagone/r37.0_tile0
07:33:29 ET_MOSAIC DEBUG: justoneday 2004 176 /caldera/projects/usgs/water/impd/skagone/r37.0_tile0
07:33:29 ET_MOSAIC DEBUG: justoneday 2004 177 /caldera/projects/usgs/water/impd/skagone/r37.0_tile0
07:33:29 ET_MOSAIC DEBUG: justoneday 2004 178 /caldera/projects/usgs/water/impd/skagone/r37.0_tile0
07:33:29 ET_MOSAIC DEBUG: justoneday 2004 179 /caldera/projects/usgs/water/impd/skagone/r37.0_tile0
07:33:29 ET_MOSAIC DEBUG: justoneday 2004 180 /caldera/projects/usgs/water/impd/skagone/r37.0_tile0
07:33:29 ET_MOSAIC DEBUG: justoneday 2004 181 /caldera/projects/usgs/water/impd/skagone/r37.0_tile0
07:33:29 ET_MOSAIC DEBUG: justoneday 2004 182 /caldera/projects/usgs/water/impd/skagone/r37.0_tile0
07:33:29 ET_MOSAIC DEBUG: justoneday 2004 183 /caldera/projects/usgs/water/impd/skagone/r37.0_tile0
07:33:29 ET_MOSAIC DEBUG: justoneday 2004 184 /caldera/projects/usgs/water/impd/skagone/r37.0_tile0
07:33:29 ET_MOSAIC DEBUG: justoneday 2004 185 /caldera/projects/usgs/water/impd/skagone/r37.0_tile0
07:33:29 ET_MOSAIC DEBUG: justoneday 2004 186 /caldera/projects/usgs/water/impd/skagone/r37.0_tile0
07:33:29 ET_MOSAIC DEBUG: justoneday 2004 187 /caldera/projects/usgs/water/impd/skagone/r37.0_tile0
07:33:29 ET_MOSAIC DEBUG: justoneday 2004 188 /caldera/projects/usgs/water/impd/skagone/r37.0_tile0
07:33:29 ET_MOSAIC DEBUG: justoneday 2004 189 /caldera/projects/usgs/water/impd/skagone/r37.0_tile0
07:33:29 ET_MOSAIC DEBUG: justoneday 2004 190 /caldera/projects/usgs/water/impd/skagone/r37.0_tile0
07:33:29 ET_MOSAIC DEBUG: justoneday 2004 191 /caldera/projects/usgs/water/impd/skagone/r37.0_tile0
07:33:29 ET_MOSAIC DEBUG: justoneday 2004 192 /caldera/projects/usgs/water/impd/skagone/r37.0_tile0
07:33:29 ET_MOSAIC DEBUG: justoneday 2004 193 /caldera/projects/usgs/water/impd/skagone/r37.0_tile0
07:33:29 ET_MOSAIC DEBUG: justoneday 2004 194 /caldera/projects/usgs/water/impd/skagone/r37.0_tile0
07:33:29 ET_MOSAIC DEBUG: justoneday 2004 195 /caldera/projects/usgs/water/impd/skagone/r37.0_tile0
07:33:29 ET_MOSAIC DEBUG: justoneday 2004 196 /caldera/projects/usgs/water/impd/skagone/r37.0_tile0
07:33:29 ET_MOSAIC DEBUG: justoneday 2004 197 /caldera/projects/usgs/water/impd/skagone/r37.0_tile0
07:33:29 ET_MOSAIC DEBUG: justoneday 2004 198 /caldera/projects/usgs/water/impd/skagone/r37.0_tile0
07:33:29 ET_MOSAIC DEBUG: justoneday 2004 199 /caldera/projects/usgs/water/impd/skagone/r37.0_tile0
07:33:29 ET_MOSAIC DEBUG: justoneday 2004 200 /caldera/projects/usgs/water/impd/skagone/r37.0_tile0
07:33:29 ET_MOSAIC DEBUG: justoneday 2004 201 /caldera/projects/usgs/water/impd/skagone/r37.0_tile0
07:33:29 ET_MOSAIC DEBUG: justoneday 2004 202 /caldera/projects/usgs/water/impd/skagone/r37.0_tile0
07:33:29 ET_MOSAIC DEBUG: justoneday 2004 203 /caldera/projects/usgs/water/impd/skagone/r37.0_tile0
07:33:29 ET_MOSAIC DEBUG: justoneday 2004 204 /caldera/projects/usgs/water/impd/skagone/r37.0_tile0
07:33:29 ET_MOSAIC DEBUG: justoneday 2004 205 /caldera/projects/usgs/water/impd/skagone/r37.0_tile0
07:33:29 ET_MOSAIC DEBUG: justoneday 2004 206 /caldera/projects/usgs/water/impd/skagone/r37.0_tile0
07:33:29 ET_MOSAIC DEBUG: justoneday 2004 207 /caldera/projects/usgs/water/impd/skagone/r37.0_tile0
07:33:29 ET_MOSAIC DEBUG: justoneday 2004 208 /caldera/projects/usgs/water/impd/skagone/r37.0_tile0
07:33:29 ET_MOSAIC DEBUG: justoneday 2004 209 /caldera/projects/usgs/water/impd/skagone/r37.0_tile0
07:33:29 ET_MOSAIC DEBUG: justoneday 2004 210 /caldera/projects/usgs/water/impd/skagone/r37.0_tile0
07:33:29 ET_MOSAIC DEBUG: justoneday 2004 211 /caldera/projects/usgs/water/impd/skagone/r37.0_tile0
07:33:29 ET_MOSAIC DEBUG: justoneday 2004 212 /caldera/projects/usgs/water/impd/skagone/r37.0_tile0
07:33:29 ET_MOSAIC DEBUG: justoneday 2004 213 /caldera/projects/usgs/water/impd/skagone/r37.0_tile0
07:33:29 ET_MOSAIC DEBUG: justoneday 2004 214 /caldera/projects/usgs/water/impd/skagone/r37.0_tile0
07:33:29 ET_MOSAIC DEBUG: justoneday 2004 215 /caldera/projects/usgs/water/impd/skagone/r37.0_tile0
07:33:29 ET_MOSAIC DEBUG: justoneday 2004 216 /caldera/projects/usgs/water/impd/skagone/r37.0_tile0
07:33:29 ET_MOSAIC DEBUG: justoneday 2004 217 /caldera/projects/usgs/water/impd/skagone/r37.0_tile0
07:33:29 ET_MOSAIC DEBUG: justoneday 2004 218 /caldera/projects/usgs/water/impd/skagone/r37.0_tile0
07:33:29 ET_MOSAIC DEBUG: justoneday 2004 219 /caldera/projects/usgs/water/impd/skagone/r37.0_tile0
07:33:29 ET_MOSAIC DEBUG: justoneday 2004 220 /caldera/projects/usgs/water/impd/skagone/r37.0_tile0
07:33:29 ET_MOSAIC DEBUG: justoneday 2004 221 /caldera/projects/usgs/water/impd/skagone/r37.0_tile0
07:33:29 ET_MOSAIC DEBUG: justoneday 2004 222 /caldera/projects/usgs/water/impd/skagone/r37.0_tile0
07:33:29 ET_MOSAIC DEBUG: justoneday 2004 223 /caldera/projects/usgs/water/impd/skagone/r37.0_tile0
07:33:29 ET_MOSAIC DEBUG: justoneday 2004 224 /caldera/projects/usgs/water/impd/skagone/r37.0_tile0
07:33:29 ET_MOSAIC DEBUG: justoneday 2004 225 /caldera/projects/usgs/water/impd/skagone/r37.0_tile0
07:33:29 ET_MOSAIC DEBUG: justoneday 2004 226 /caldera/projects/usgs/water/impd/skagone/r37.0_tile0
07:33:29 ET_MOSAIC DEBUG: justoneday 2004 227 /caldera/projects/usgs/water/impd/skagone/r37.0_tile0
07:33:29 ET_MOSAIC DEBUG: justoneday 2004 228 /caldera/projects/usgs/water/impd/skagone/r37.0_tile0
07:33:29 ET_MOSAIC DEBUG: justoneday 2004 229 /caldera/projects/usgs/water/impd/skagone/r37.0_tile0
07:33:29 ET_MOSAIC DEBUG: justoneday 2004 230 /caldera/projects/usgs/water/impd/skagone/r37.0_tile0
07:33:29 ET_MOSAIC DEBUG: justoneday 2004 231 /caldera/projects/usgs/water/impd/skagone/r37.0_tile0
07:33:29 ET_MOSAIC DEBUG: justoneday 2004 232 /caldera/projects/usgs/water/impd/skagone/r37.0_tile0
07:33:29 ET_MOSAIC DEBUG: justoneday 2004 233 /caldera/projects/usgs/water/impd/skagone/r37.0_tile0
07:33:29 ET_MOSAIC DEBUG: justoneday 2004 234 /caldera/projects/usgs/water/impd/skagone/r37.0_tile0
07:33:29 ET_MOSAIC DEBUG: justoneday 2004 235 /caldera/projects/usgs/water/impd/skagone/r37.0_tile0
07:33:29 ET_MOSAIC DEBUG: justoneday 2004 236 /caldera/projects/usgs/water/impd/skagone/r37.0_tile0
07:33:29 ET_MOSAIC DEBUG: justoneday 2004 237 /caldera/projects/usgs/water/impd/skagone/r37.0_tile0
07:33:29 ET_MOSAIC DEBUG: justoneday 2004 238 /caldera/projects/usgs/water/impd/skagone/r37.0_tile0
07:33:29 ET_MOSAIC DEBUG: justoneday 2004 239 /caldera/projects/usgs/water/impd/skagone/r37.0_tile0
07:33:29 ET_MOSAIC DEBUG: justoneday 2004 240 /caldera/projects/usgs/water/impd/skagone/r37.0_tile0
07:33:29 ET_MOSAIC DEBUG: justoneday 2004 241 /caldera/projects/usgs/water/impd/skagone/r37.0_tile0
07:33:29 ET_MOSAIC DEBUG: justoneday 2004 242 /caldera/projects/usgs/water/impd/skagone/r37.0_tile0
07:33:29 ET_MOSAIC DEBUG: justoneday 2004 243 /caldera/projects/usgs/water/impd/skagone/r37.0_tile0
07:33:29 ET_MOSAIC DEBUG: justoneday 2004 244 /caldera/projects/usgs/water/impd/skagone/r37.0_tile0
07:33:29 ET_MOSAIC DEBUG: justoneday 2004 245 /caldera/projects/usgs/water/impd/skagone/r37.0_tile0
07:33:29 ET_MOSAIC DEBUG: justoneday 2004 246 /caldera/projects/usgs/water/impd/skagone/r37.0_tile0
07:33:29 ET_MOSAIC DEBUG: justoneday 2004 247 /caldera/projects/usgs/water/impd/skagone/r37.0_tile0
07:33:29 ET_MOSAIC DEBUG: justoneday 2004 248 /caldera/projects/usgs/water/impd/skagone/r37.0_tile0
07:33:29 ET_MOSAIC DEBUG: justoneday 2004 249 /caldera/projects/usgs/water/impd/skagone/r37.0_tile0
07:33:29 ET_MOSAIC DEBUG: justoneday 2004 250 /caldera/projects/usgs/water/impd/skagone/r37.0_tile0
07:33:29 ET_MOSAIC DEBUG: justoneday 2004 251 /caldera/projects/usgs/water/impd/skagone/r37.0_tile0
07:33:29 ET_MOSAIC DEBUG: justoneday 2004 252 /caldera/projects/usgs/water/impd/skagone/r37.0_tile0
07:33:29 ET_MOSAIC DEBUG: justoneday 2004 253 /caldera/projects/usgs/water/impd/skagone/r37.0_tile0
07:33:29 ET_MOSAIC DEBUG: justoneday 2004 254 /caldera/projects/usgs/water/impd/skagone/r37.0_tile0
07:33:29 ET_MOSAIC DEBUG: justoneday 2004 255 /caldera/projects/usgs/water/impd/skagone/r37.0_tile0
07:33:29 ET_MOSAIC DEBUG: justoneday 2004 256 /caldera/projects/usgs/water/impd/skagone/r37.0_tile0
07:33:29 ET_MOSAIC DEBUG: justoneday 2004 257 /caldera/projects/usgs/water/impd/skagone/r37.0_tile0
07:33:29 ET_MOSAIC DEBUG: justoneday 2004 258 /caldera/projects/usgs/water/impd/skagone/r37.0_tile0
07:33:29 ET_MOSAIC DEBUG: justoneday 2004 259 /caldera/projects/usgs/water/impd/skagone/r37.0_tile0
07:33:29 ET_MOSAIC DEBUG: justoneday 2004 260 /caldera/projects/usgs/water/impd/skagone/r37.0_tile0
07:33:29 ET_MOSAIC DEBUG: justoneday 2004 261 /caldera/projects/usgs/water/impd/skagone/r37.0_tile0
07:33:29 ET_MOSAIC DEBUG: justoneday 2004 262 /caldera/projects/usgs/water/impd/skagone/r37.0_tile0
07:33:29 ET_MOSAIC DEBUG: justoneday 2004 263 /caldera/projects/usgs/water/impd/skagone/r37.0_tile0
07:33:29 ET_MOSAIC DEBUG: justoneday 2004 264 /caldera/projects/usgs/water/impd/skagone/r37.0_tile0
07:33:29 ET_MOSAIC DEBUG: justoneday 2004 265 /caldera/projects/usgs/water/impd/skagone/r37.0_tile0
07:33:29 ET_MOSAIC DEBUG: justoneday 2004 266 /caldera/projects/usgs/water/impd/skagone/r37.0_tile0
07:33:29 ET_MOSAIC DEBUG: justoneday 2004 267 /caldera/projects/usgs/water/impd/skagone/r37.0_tile0
07:33:29 ET_MOSAIC DEBUG: justoneday 2004 268 /caldera/projects/usgs/water/impd/skagone/r37.0_tile0
07:33:29 ET_MOSAIC DEBUG: justoneday 2004 269 /caldera/projects/usgs/water/impd/skagone/r37.0_tile0
07:33:29 ET_MOSAIC DEBUG: justoneday 2004 270 /caldera/projects/usgs/water/impd/skagone/r37.0_tile0
07:33:29 ET_MOSAIC DEBUG: justoneday 2004 271 /caldera/projects/usgs/water/impd/skagone/r37.0_tile0
07:33:29 ET_MOSAIC DEBUG: justoneday 2004 272 /caldera/projects/usgs/water/impd/skagone/r37.0_tile0
07:33:29 ET_MOSAIC DEBUG: justoneday 2004 273 /caldera/projects/usgs/water/impd/skagone/r37.0_tile0
07:33:29 ET_MOSAIC DEBUG: justoneday 2004 274 /caldera/projects/usgs/water/impd/skagone/r37.0_tile0
07:33:29 ET_MOSAIC DEBUG: justoneday 2004 275 /caldera/projects/usgs/water/impd/skagone/r37.0_tile0
07:33:29 ET_MOSAIC DEBUG: justoneday 2004 276 /caldera/projects/usgs/water/impd/skagone/r37.0_tile0
07:33:29 ET_MOSAIC DEBUG: justoneday 2004 277 /caldera/projects/usgs/water/impd/skagone/r37.0_tile0
07:33:29 ET_MOSAIC DEBUG: justoneday 2004 278 /caldera/projects/usgs/water/impd/skagone/r37.0_tile0
07:33:29 ET_MOSAIC DEBUG: justoneday 2004 279 /caldera/projects/usgs/water/impd/skagone/r37.0_tile0
07:33:29 ET_MOSAIC DEBUG: justoneday 2004 280 /caldera/projects/usgs/water/impd/skagone/r37.0_tile0
07:33:29 ET_MOSAIC DEBUG: justoneday 2004 281 /caldera/projects/usgs/water/impd/skagone/r37.0_tile0
07:33:29 ET_MOSAIC DEBUG: justoneday 2004 282 /caldera/projects/usgs/water/impd/skagone/r37.0_tile0
07:33:29 ET_MOSAIC DEBUG: justoneday 2004 283 /caldera/projects/usgs/water/impd/skagone/r37.0_tile0
07:33:29 ET_MOSAIC DEBUG: justoneday 2004 284 /caldera/projects/usgs/water/impd/skagone/r37.0_tile0
07:33:29 ET_MOSAIC DEBUG: justoneday 2004 285 /caldera/projects/usgs/water/impd/skagone/r37.0_tile0
07:33:29 ET_MOSAIC DEBUG: justoneday 2004 286 /caldera/projects/usgs/water/impd/skagone/r37.0_tile0
07:33:29 ET_MOSAIC DEBUG: justoneday 2004 287 /caldera/projects/usgs/water/impd/skagone/r37.0_tile0
07:33:29 ET_MOSAIC DEBUG: justoneday 2004 288 /caldera/projects/usgs/water/impd/skagone/r37.0_tile0
07:33:29 ET_MOSAIC DEBUG: justoneday 2004 289 /caldera/projects/usgs/water/impd/skagone/r37.0_tile0
07:33:29 ET_MOSAIC DEBUG: justoneday 2004 290 /caldera/projects/usgs/water/impd/skagone/r37.0_tile0
07:33:29 ET_MOSAIC DEBUG: justoneday 2004 291 /caldera/projects/usgs/water/impd/skagone/r37.0_tile0
07:33:29 ET_MOSAIC DEBUG: justoneday 2004 292 /caldera/projects/usgs/water/impd/skagone/r37.0_tile0
07:33:29 ET_MOSAIC DEBUG: justoneday 2004 293 /caldera/projects/usgs/water/impd/skagone/r37.0_tile0
07:33:29 ET_MOSAIC DEBUG: justoneday 2004 294 /caldera/projects/usgs/water/impd/skagone/r37.0_tile0
07:33:29 ET_MOSAIC DEBUG: justoneday 2004 295 /caldera/projects/usgs/water/impd/skagone/r37.0_tile0
07:33:29 ET_MOSAIC DEBUG: justoneday 2004 296 /caldera/projects/usgs/water/impd/skagone/r37.0_tile0
07:33:29 ET_MOSAIC DEBUG: justoneday 2004 297 /caldera/projects/usgs/water/impd/skagone/r37.0_tile0
07:33:29 ET_MOSAIC DEBUG: justoneday 2004 298 /caldera/projects/usgs/water/impd/skagone/r37.0_tile0
07:33:29 ET_MOSAIC DEBUG: justoneday 2004 299 /caldera/projects/usgs/water/impd/skagone/r37.0_tile0
07:33:29 ET_MOSAIC DEBUG: justoneday 2004 300 /caldera/projects/usgs/water/impd/skagone/r37.0_tile0
07:33:29 ET_MOSAIC DEBUG: justoneday 2004 301 /caldera/projects/usgs/water/impd/skagone/r37.0_tile0
07:33:29 ET_MOSAIC DEBUG: justoneday 2004 302 /caldera/projects/usgs/water/impd/skagone/r37.0_tile0
07:33:29 ET_MOSAIC DEBUG: justoneday 2004 303 /caldera/projects/usgs/water/impd/skagone/r37.0_tile0
07:33:29 ET_MOSAIC DEBUG: justoneday 2004 304 /caldera/projects/usgs/water/impd/skagone/r37.0_tile0
07:33:29 ET_MOSAIC DEBUG: justoneday 2004 305 /caldera/projects/usgs/water/impd/skagone/r37.0_tile0
07:33:29 ET_MOSAIC DEBUG: justoneday 2004 306 /caldera/projects/usgs/water/impd/skagone/r37.0_tile0
07:33:29 ET_MOSAIC DEBUG: justoneday 2004 307 /caldera/projects/usgs/water/impd/skagone/r37.0_tile0
07:33:29 ET_MOSAIC DEBUG: justoneday 2004 308 /caldera/projects/usgs/water/impd/skagone/r37.0_tile0
07:33:29 ET_MOSAIC DEBUG: justoneday 2004 309 /caldera/projects/usgs/water/impd/skagone/r37.0_tile0
07:33:29 ET_MOSAIC DEBUG: justoneday 2004 310 /caldera/projects/usgs/water/impd/skagone/r37.0_tile0
07:33:29 ET_MOSAIC DEBUG: justoneday 2004 311 /caldera/projects/usgs/water/impd/skagone/r37.0_tile0
07:33:29 ET_MOSAIC DEBUG: justoneday 2004 312 /caldera/projects/usgs/water/impd/skagone/r37.0_tile0
07:33:29 ET_MOSAIC DEBUG: justoneday 2004 313 /caldera/projects/usgs/water/impd/skagone/r37.0_tile0
07:33:29 ET_MOSAIC DEBUG: justoneday 2004 314 /caldera/projects/usgs/water/impd/skagone/r37.0_tile0
07:33:29 ET_MOSAIC DEBUG: justoneday 2004 315 /caldera/projects/usgs/water/impd/skagone/r37.0_tile0
07:33:29 ET_MOSAIC DEBUG: justoneday 2004 316 /caldera/projects/usgs/water/impd/skagone/r37.0_tile0
07:33:29 ET_MOSAIC DEBUG: justoneday 2004 317 /caldera/projects/usgs/water/impd/skagone/r37.0_tile0
07:33:29 ET_MOSAIC DEBUG: justoneday 2004 318 /caldera/projects/usgs/water/impd/skagone/r37.0_tile0
07:33:29 ET_MOSAIC DEBUG: justoneday 2004 319 /caldera/projects/usgs/water/impd/skagone/r37.0_tile0
07:33:29 ET_MOSAIC DEBUG: justoneday 2004 320 /caldera/projects/usgs/water/impd/skagone/r37.0_tile0
07:33:29 ET_MOSAIC DEBUG: justoneday 2004 321 /caldera/projects/usgs/water/impd/skagone/r37.0_tile0
07:33:29 ET_MOSAIC DEBUG: justoneday 2004 322 /caldera/projects/usgs/water/impd/skagone/r37.0_tile0
07:33:29 ET_MOSAIC DEBUG: justoneday 2004 323 /caldera/projects/usgs/water/impd/skagone/r37.0_tile0
07:33:29 ET_MOSAIC DEBUG: justoneday 2004 324 /caldera/projects/usgs/water/impd/skagone/r37.0_tile0
07:33:29 ET_MOSAIC DEBUG: justoneday 2004 325 /caldera/projects/usgs/water/impd/skagone/r37.0_tile0
07:33:29 ET_MOSAIC DEBUG: justoneday 2004 326 /caldera/projects/usgs/water/impd/skagone/r37.0_tile0
07:33:29 ET_MOSAIC DEBUG: justoneday 2004 327 /caldera/projects/usgs/water/impd/skagone/r37.0_tile0
07:33:29 ET_MOSAIC DEBUG: justoneday 2004 328 /caldera/projects/usgs/water/impd/skagone/r37.0_tile0
07:33:29 ET_MOSAIC DEBUG: justoneday 2004 329 /caldera/projects/usgs/water/impd/skagone/r37.0_tile0
07:33:29 ET_MOSAIC DEBUG: justoneday 2004 330 /caldera/projects/usgs/water/impd/skagone/r37.0_tile0
07:33:29 ET_MOSAIC DEBUG: justoneday 2004 331 /caldera/projects/usgs/water/impd/skagone/r37.0_tile0
07:33:29 ET_MOSAIC DEBUG: justoneday 2004 332 /caldera/projects/usgs/water/impd/skagone/r37.0_tile0
07:33:29 ET_MOSAIC DEBUG: justoneday 2004 333 /caldera/projects/usgs/water/impd/skagone/r37.0_tile0
07:33:29 ET_MOSAIC DEBUG: justoneday 2004 334 /caldera/projects/usgs/water/impd/skagone/r37.0_tile0
07:33:29 ET_MOSAIC DEBUG: justoneday 2004 335 /caldera/projects/usgs/water/impd/skagone/r37.0_tile0
07:33:29 ET_MOSAIC DEBUG: justoneday 2004 336 /caldera/projects/usgs/water/impd/skagone/r37.0_tile0
07:33:29 ET_MOSAIC DEBUG: justoneday 2004 337 /caldera/projects/usgs/water/impd/skagone/r37.0_tile0
07:33:29 ET_MOSAIC DEBUG: justoneday 2004 338 /caldera/projects/usgs/water/impd/skagone/r37.0_tile0
07:33:29 ET_MOSAIC DEBUG: justoneday 2004 339 /caldera/projects/usgs/water/impd/skagone/r37.0_tile0
07:33:29 ET_MOSAIC DEBUG: justoneday 2004 340 /caldera/projects/usgs/water/impd/skagone/r37.0_tile0
07:33:29 ET_MOSAIC DEBUG: justoneday 2004 341 /caldera/projects/usgs/water/impd/skagone/r37.0_tile0
07:33:29 ET_MOSAIC DEBUG: justoneday 2004 342 /caldera/projects/usgs/water/impd/skagone/r37.0_tile0
07:33:29 ET_MOSAIC DEBUG: justoneday 2004 343 /caldera/projects/usgs/water/impd/skagone/r37.0_tile0
07:33:29 ET_MOSAIC DEBUG: justoneday 2004 344 /caldera/projects/usgs/water/impd/skagone/r37.0_tile0
07:33:29 ET_MOSAIC DEBUG: justoneday 2004 345 /caldera/projects/usgs/water/impd/skagone/r37.0_tile0
07:33:29 ET_MOSAIC DEBUG: justoneday 2004 346 /caldera/projects/usgs/water/impd/skagone/r37.0_tile0
07:33:29 ET_MOSAIC DEBUG: justoneday 2004 347 /caldera/projects/usgs/water/impd/skagone/r37.0_tile0
07:33:29 ET_MOSAIC DEBUG: justoneday 2004 348 /caldera/projects/usgs/water/impd/skagone/r37.0_tile0
07:33:29 ET_MOSAIC DEBUG: justoneday 2004 349 /caldera/projects/usgs/water/impd/skagone/r37.0_tile0
07:33:29 ET_MOSAIC DEBUG: justoneday 2004 350 /caldera/projects/usgs/water/impd/skagone/r37.0_tile0
07:33:29 ET_MOSAIC DEBUG: justoneday 2004 351 /caldera/projects/usgs/water/impd/skagone/r37.0_tile0
07:33:29 ET_MOSAIC DEBUG: justoneday 2004 352 /caldera/projects/usgs/water/impd/skagone/r37.0_tile0
07:33:29 ET_MOSAIC DEBUG: justoneday 2004 353 /caldera/projects/usgs/water/impd/skagone/r37.0_tile0
07:33:29 ET_MOSAIC DEBUG: justoneday 2004 354 /caldera/projects/usgs/water/impd/skagone/r37.0_tile0
07:33:29 ET_MOSAIC DEBUG: justoneday 2004 355 /caldera/projects/usgs/water/impd/skagone/r37.0_tile0
07:33:29 ET_MOSAIC DEBUG: justoneday 2004 356 /caldera/projects/usgs/water/impd/skagone/r37.0_tile0
07:33:29 ET_MOSAIC DEBUG: justoneday 2004 357 /caldera/projects/usgs/water/impd/skagone/r37.0_tile0
07:33:29 ET_MOSAIC DEBUG: justoneday 2004 358 /caldera/projects/usgs/water/impd/skagone/r37.0_tile0
07:33:29 ET_MOSAIC DEBUG: justoneday 2004 359 /caldera/projects/usgs/water/impd/skagone/r37.0_tile0
07:33:29 ET_MOSAIC DEBUG: justoneday 2004 360 /caldera/projects/usgs/water/impd/skagone/r37.0_tile0
07:33:29 ET_MOSAIC DEBUG: justoneday 2004 361 /caldera/projects/usgs/water/impd/skagone/r37.0_tile0
07:33:29 ET_MOSAIC DEBUG: justoneday 2004 362 /caldera/projects/usgs/water/impd/skagone/r37.0_tile0
07:33:29 ET_MOSAIC DEBUG: justoneday 2004 363 /caldera/projects/usgs/water/impd/skagone/r37.0_tile0
07:33:29 ET_MOSAIC DEBUG: justoneday 2004 364 /caldera/projects/usgs/water/impd/skagone/r37.0_tile0
07:33:29 ET_MOSAIC DEBUG: justoneday 2004 365 /caldera/projects/usgs/water/impd/skagone/r37.0_tile0
07:33:29 ET_MOSAIC DEBUG: justoneday 2004 366 /caldera/projects/usgs/water/impd/skagone/r37.0_tile0
