07:40:26 ET_MOSAIC DEBUG: this is how you call one of your functions
07:40:26 ET_MOSAIC DEBUG: hello from Conus_mosaic class
07:40:26 ET_MOSAIC DEBUG: Mosaicking ['etasw'] in /caldera/projects/usgs/water/impd/skagone and put it in /caldera/projects/usgs/water/impd/skagone/conus_mos_completed/2015 for 2015
07:40:26 ET_MOSAIC DEBUG: run_mosaic
07:40:26 ET_MOSAIC DEBUG: Mosaic this product: etasw
07:40:26 ET_MOSAIC DEBUG: /caldera/projects/usgs/water/impd/skagone/
07:40:26 ET_MOSAIC DEBUG: justoneday 2015 1 /caldera/projects/usgs/water/impd/skagone/r37.0_tile0
Warning 1: +init=epsg:XXXX syntax is deprecated. It might return a CRS with a non-EPSG compliant axis order.
07:42:19 ET_MOSAIC DEBUG: justoneday 2015 2 /caldera/projects/usgs/water/impd/skagone/r37.0_tile0
07:44:17 ET_MOSAIC DEBUG: justoneday 2015 3 /caldera/projects/usgs/water/impd/skagone/r37.0_tile0
07:46:27 ET_MOSAIC DEBUG: justoneday 2015 4 /caldera/projects/usgs/water/impd/skagone/r37.0_tile0
07:48:31 ET_MOSAIC DEBUG: justoneday 2015 5 /caldera/projects/usgs/water/impd/skagone/r37.0_tile0
07:50:33 ET_MOSAIC DEBUG: justoneday 2015 6 /caldera/projects/usgs/water/impd/skagone/r37.0_tile0
07:52:41 ET_MOSAIC DEBUG: justoneday 2015 7 /caldera/projects/usgs/water/impd/skagone/r37.0_tile0
07:54:49 ET_MOSAIC DEBUG: justoneday 2015 8 /caldera/projects/usgs/water/impd/skagone/r37.0_tile0
07:57:00 ET_MOSAIC DEBUG: justoneday 2015 9 /caldera/projects/usgs/water/impd/skagone/r37.0_tile0
07:59:19 ET_MOSAIC DEBUG: justoneday 2015 10 /caldera/projects/usgs/water/impd/skagone/r37.0_tile0
08:01:31 ET_MOSAIC DEBUG: justoneday 2015 11 /caldera/projects/usgs/water/impd/skagone/r37.0_tile0
08:03:36 ET_MOSAIC DEBUG: justoneday 2015 12 /caldera/projects/usgs/water/impd/skagone/r37.0_tile0
08:05:44 ET_MOSAIC DEBUG: justoneday 2015 13 /caldera/projects/usgs/water/impd/skagone/r37.0_tile0
08:07:58 ET_MOSAIC DEBUG: justoneday 2015 14 /caldera/projects/usgs/water/impd/skagone/r37.0_tile0
08:10:08 ET_MOSAIC DEBUG: justoneday 2015 15 /caldera/projects/usgs/water/impd/skagone/r37.0_tile0
08:12:20 ET_MOSAIC DEBUG: justoneday 2015 16 /caldera/projects/usgs/water/impd/skagone/r37.0_tile0
08:14:29 ET_MOSAIC DEBUG: justoneday 2015 17 /caldera/projects/usgs/water/impd/skagone/r37.0_tile0
08:16:37 ET_MOSAIC DEBUG: justoneday 2015 18 /caldera/projects/usgs/water/impd/skagone/r37.0_tile0
08:18:50 ET_MOSAIC DEBUG: justoneday 2015 19 /caldera/projects/usgs/water/impd/skagone/r37.0_tile0
08:21:05 ET_MOSAIC DEBUG: justoneday 2015 20 /caldera/projects/usgs/water/impd/skagone/r37.0_tile0
08:23:13 ET_MOSAIC DEBUG: justoneday 2015 21 /caldera/projects/usgs/water/impd/skagone/r37.0_tile0
08:25:20 ET_MOSAIC DEBUG: justoneday 2015 22 /caldera/projects/usgs/water/impd/skagone/r37.0_tile0
08:27:21 ET_MOSAIC DEBUG: justoneday 2015 23 /caldera/projects/usgs/water/impd/skagone/r37.0_tile0
08:29:24 ET_MOSAIC DEBUG: justoneday 2015 24 /caldera/projects/usgs/water/impd/skagone/r37.0_tile0
08:31:25 ET_MOSAIC DEBUG: justoneday 2015 25 /caldera/projects/usgs/water/impd/skagone/r37.0_tile0
08:33:15 ET_MOSAIC DEBUG: justoneday 2015 26 /caldera/projects/usgs/water/impd/skagone/r37.0_tile0
08:35:29 ET_MOSAIC DEBUG: justoneday 2015 27 /caldera/projects/usgs/water/impd/skagone/r37.0_tile0
08:38:01 ET_MOSAIC DEBUG: justoneday 2015 28 /caldera/projects/usgs/water/impd/skagone/r37.0_tile0
08:40:22 ET_MOSAIC DEBUG: justoneday 2015 29 /caldera/projects/usgs/water/impd/skagone/r37.0_tile0
08:42:31 ET_MOSAIC DEBUG: justoneday 2015 30 /caldera/projects/usgs/water/impd/skagone/r37.0_tile0
08:44:38 ET_MOSAIC DEBUG: justoneday 2015 31 /caldera/projects/usgs/water/impd/skagone/r37.0_tile0
08:46:35 ET_MOSAIC DEBUG: justoneday 2015 32 /caldera/projects/usgs/water/impd/skagone/r37.0_tile0
08:48:34 ET_MOSAIC DEBUG: justoneday 2015 33 /caldera/projects/usgs/water/impd/skagone/r37.0_tile0
08:50:26 ET_MOSAIC DEBUG: justoneday 2015 34 /caldera/projects/usgs/water/impd/skagone/r37.0_tile0
08:52:30 ET_MOSAIC DEBUG: justoneday 2015 35 /caldera/projects/usgs/water/impd/skagone/r37.0_tile0
08:54:37 ET_MOSAIC DEBUG: justoneday 2015 36 /caldera/projects/usgs/water/impd/skagone/r37.0_tile0
08:56:36 ET_MOSAIC DEBUG: justoneday 2015 37 /caldera/projects/usgs/water/impd/skagone/r37.0_tile0
08:58:40 ET_MOSAIC DEBUG: justoneday 2015 38 /caldera/projects/usgs/water/impd/skagone/r37.0_tile0
09:00:44 ET_MOSAIC DEBUG: justoneday 2015 39 /caldera/projects/usgs/water/impd/skagone/r37.0_tile0
09:02:45 ET_MOSAIC DEBUG: justoneday 2015 40 /caldera/projects/usgs/water/impd/skagone/r37.0_tile0
09:04:48 ET_MOSAIC DEBUG: justoneday 2015 41 /caldera/projects/usgs/water/impd/skagone/r37.0_tile0
09:06:54 ET_MOSAIC DEBUG: justoneday 2015 42 /caldera/projects/usgs/water/impd/skagone/r37.0_tile0
09:08:54 ET_MOSAIC DEBUG: justoneday 2015 43 /caldera/projects/usgs/water/impd/skagone/r37.0_tile0
09:11:06 ET_MOSAIC DEBUG: justoneday 2015 44 /caldera/projects/usgs/water/impd/skagone/r37.0_tile0
09:13:23 ET_MOSAIC DEBUG: justoneday 2015 45 /caldera/projects/usgs/water/impd/skagone/r37.0_tile0
09:15:44 ET_MOSAIC DEBUG: justoneday 2015 46 /caldera/projects/usgs/water/impd/skagone/r37.0_tile0
09:18:01 ET_MOSAIC DEBUG: justoneday 2015 47 /caldera/projects/usgs/water/impd/skagone/r37.0_tile0
09:20:07 ET_MOSAIC DEBUG: justoneday 2015 48 /caldera/projects/usgs/water/impd/skagone/r37.0_tile0
09:21:59 ET_MOSAIC DEBUG: justoneday 2015 49 /caldera/projects/usgs/water/impd/skagone/r37.0_tile0
09:24:00 ET_MOSAIC DEBUG: justoneday 2015 50 /caldera/projects/usgs/water/impd/skagone/r37.0_tile0
09:25:53 ET_MOSAIC DEBUG: justoneday 2015 51 /caldera/projects/usgs/water/impd/skagone/r37.0_tile0
09:28:12 ET_MOSAIC DEBUG: justoneday 2015 52 /caldera/projects/usgs/water/impd/skagone/r37.0_tile0
09:30:19 ET_MOSAIC DEBUG: justoneday 2015 53 /caldera/projects/usgs/water/impd/skagone/r37.0_tile0
09:32:23 ET_MOSAIC DEBUG: justoneday 2015 54 /caldera/projects/usgs/water/impd/skagone/r37.0_tile0
09:34:23 ET_MOSAIC DEBUG: justoneday 2015 55 /caldera/projects/usgs/water/impd/skagone/r37.0_tile0
09:36:38 ET_MOSAIC DEBUG: justoneday 2015 56 /caldera/projects/usgs/water/impd/skagone/r37.0_tile0
09:39:12 ET_MOSAIC DEBUG: justoneday 2015 57 /caldera/projects/usgs/water/impd/skagone/r37.0_tile0
09:41:14 ET_MOSAIC DEBUG: justoneday 2015 58 /caldera/projects/usgs/water/impd/skagone/r37.0_tile0
09:43:17 ET_MOSAIC DEBUG: justoneday 2015 59 /caldera/projects/usgs/water/impd/skagone/r37.0_tile0
09:45:16 ET_MOSAIC DEBUG: justoneday 2015 60 /caldera/projects/usgs/water/impd/skagone/r37.0_tile0
09:47:26 ET_MOSAIC DEBUG: justoneday 2015 61 /caldera/projects/usgs/water/impd/skagone/r37.0_tile0
09:49:39 ET_MOSAIC DEBUG: justoneday 2015 62 /caldera/projects/usgs/water/impd/skagone/r37.0_tile0
09:52:02 ET_MOSAIC DEBUG: justoneday 2015 63 /caldera/projects/usgs/water/impd/skagone/r37.0_tile0
09:54:08 ET_MOSAIC DEBUG: justoneday 2015 64 /caldera/projects/usgs/water/impd/skagone/r37.0_tile0
09:56:11 ET_MOSAIC DEBUG: justoneday 2015 65 /caldera/projects/usgs/water/impd/skagone/r37.0_tile0
09:58:17 ET_MOSAIC DEBUG: justoneday 2015 66 /caldera/projects/usgs/water/impd/skagone/r37.0_tile0
10:00:23 ET_MOSAIC DEBUG: justoneday 2015 67 /caldera/projects/usgs/water/impd/skagone/r37.0_tile0
10:02:46 ET_MOSAIC DEBUG: justoneday 2015 68 /caldera/projects/usgs/water/impd/skagone/r37.0_tile0
10:05:05 ET_MOSAIC DEBUG: justoneday 2015 69 /caldera/projects/usgs/water/impd/skagone/r37.0_tile0
10:07:22 ET_MOSAIC DEBUG: justoneday 2015 70 /caldera/projects/usgs/water/impd/skagone/r37.0_tile0
10:09:37 ET_MOSAIC DEBUG: justoneday 2015 71 /caldera/projects/usgs/water/impd/skagone/r37.0_tile0
10:11:51 ET_MOSAIC DEBUG: justoneday 2015 72 /caldera/projects/usgs/water/impd/skagone/r37.0_tile0
10:14:07 ET_MOSAIC DEBUG: justoneday 2015 73 /caldera/projects/usgs/water/impd/skagone/r37.0_tile0
10:16:23 ET_MOSAIC DEBUG: justoneday 2015 74 /caldera/projects/usgs/water/impd/skagone/r37.0_tile0
10:18:39 ET_MOSAIC DEBUG: justoneday 2015 75 /caldera/projects/usgs/water/impd/skagone/r37.0_tile0
10:20:52 ET_MOSAIC DEBUG: justoneday 2015 76 /caldera/projects/usgs/water/impd/skagone/r37.0_tile0
10:23:14 ET_MOSAIC DEBUG: justoneday 2015 77 /caldera/projects/usgs/water/impd/skagone/r37.0_tile0
10:25:31 ET_MOSAIC DEBUG: justoneday 2015 78 /caldera/projects/usgs/water/impd/skagone/r37.0_tile0
10:27:49 ET_MOSAIC DEBUG: justoneday 2015 79 /caldera/projects/usgs/water/impd/skagone/r37.0_tile0
10:30:07 ET_MOSAIC DEBUG: justoneday 2015 80 /caldera/projects/usgs/water/impd/skagone/r37.0_tile0
10:32:25 ET_MOSAIC DEBUG: justoneday 2015 81 /caldera/projects/usgs/water/impd/skagone/r37.0_tile0
10:34:32 ET_MOSAIC DEBUG: justoneday 2015 82 /caldera/projects/usgs/water/impd/skagone/r37.0_tile0
10:36:42 ET_MOSAIC DEBUG: justoneday 2015 83 /caldera/projects/usgs/water/impd/skagone/r37.0_tile0
10:38:47 ET_MOSAIC DEBUG: justoneday 2015 84 /caldera/projects/usgs/water/impd/skagone/r37.0_tile0
10:41:00 ET_MOSAIC DEBUG: justoneday 2015 85 /caldera/projects/usgs/water/impd/skagone/r37.0_tile0
10:43:12 ET_MOSAIC DEBUG: justoneday 2015 86 /caldera/projects/usgs/water/impd/skagone/r37.0_tile0
10:45:43 ET_MOSAIC DEBUG: justoneday 2015 87 /caldera/projects/usgs/water/impd/skagone/r37.0_tile0
10:47:58 ET_MOSAIC DEBUG: justoneday 2015 88 /caldera/projects/usgs/water/impd/skagone/r37.0_tile0
10:50:24 ET_MOSAIC DEBUG: justoneday 2015 89 /caldera/projects/usgs/water/impd/skagone/r37.0_tile0
10:52:44 ET_MOSAIC DEBUG: justoneday 2015 90 /caldera/projects/usgs/water/impd/skagone/r37.0_tile0
10:54:58 ET_MOSAIC DEBUG: justoneday 2015 91 /caldera/projects/usgs/water/impd/skagone/r37.0_tile0
10:57:21 ET_MOSAIC DEBUG: justoneday 2015 92 /caldera/projects/usgs/water/impd/skagone/r37.0_tile0
10:59:40 ET_MOSAIC DEBUG: justoneday 2015 93 /caldera/projects/usgs/water/impd/skagone/r37.0_tile0
11:02:03 ET_MOSAIC DEBUG: justoneday 2015 94 /caldera/projects/usgs/water/impd/skagone/r37.0_tile0
11:04:18 ET_MOSAIC DEBUG: justoneday 2015 95 /caldera/projects/usgs/water/impd/skagone/r37.0_tile0
11:06:37 ET_MOSAIC DEBUG: justoneday 2015 96 /caldera/projects/usgs/water/impd/skagone/r37.0_tile0
11:08:55 ET_MOSAIC DEBUG: justoneday 2015 97 /caldera/projects/usgs/water/impd/skagone/r37.0_tile0
11:11:15 ET_MOSAIC DEBUG: justoneday 2015 98 /caldera/projects/usgs/water/impd/skagone/r37.0_tile0
11:13:35 ET_MOSAIC DEBUG: justoneday 2015 99 /caldera/projects/usgs/water/impd/skagone/r37.0_tile0
11:15:49 ET_MOSAIC DEBUG: justoneday 2015 100 /caldera/projects/usgs/water/impd/skagone/r37.0_tile0
11:18:05 ET_MOSAIC DEBUG: justoneday 2015 101 /caldera/projects/usgs/water/impd/skagone/r37.0_tile0
11:20:23 ET_MOSAIC DEBUG: justoneday 2015 102 /caldera/projects/usgs/water/impd/skagone/r37.0_tile0
11:22:45 ET_MOSAIC DEBUG: justoneday 2015 103 /caldera/projects/usgs/water/impd/skagone/r37.0_tile0
11:25:02 ET_MOSAIC DEBUG: justoneday 2015 104 /caldera/projects/usgs/water/impd/skagone/r37.0_tile0
11:27:20 ET_MOSAIC DEBUG: justoneday 2015 105 /caldera/projects/usgs/water/impd/skagone/r37.0_tile0
11:29:40 ET_MOSAIC DEBUG: justoneday 2015 106 /caldera/projects/usgs/water/impd/skagone/r37.0_tile0
11:31:50 ET_MOSAIC DEBUG: justoneday 2015 107 /caldera/projects/usgs/water/impd/skagone/r37.0_tile0
11:34:11 ET_MOSAIC DEBUG: justoneday 2015 108 /caldera/projects/usgs/water/impd/skagone/r37.0_tile0
11:36:30 ET_MOSAIC DEBUG: justoneday 2015 109 /caldera/projects/usgs/water/impd/skagone/r37.0_tile0
11:38:50 ET_MOSAIC DEBUG: justoneday 2015 110 /caldera/projects/usgs/water/impd/skagone/r37.0_tile0
11:41:19 ET_MOSAIC DEBUG: justoneday 2015 111 /caldera/projects/usgs/water/impd/skagone/r37.0_tile0
11:43:37 ET_MOSAIC DEBUG: justoneday 2015 112 /caldera/projects/usgs/water/impd/skagone/r37.0_tile0
11:45:33 ET_MOSAIC DEBUG: justoneday 2015 113 /caldera/projects/usgs/water/impd/skagone/r37.0_tile0
11:47:40 ET_MOSAIC DEBUG: justoneday 2015 114 /caldera/projects/usgs/water/impd/skagone/r37.0_tile0
11:49:48 ET_MOSAIC DEBUG: justoneday 2015 115 /caldera/projects/usgs/water/impd/skagone/r37.0_tile0
11:51:52 ET_MOSAIC DEBUG: justoneday 2015 116 /caldera/projects/usgs/water/impd/skagone/r37.0_tile0
11:54:07 ET_MOSAIC DEBUG: justoneday 2015 117 /caldera/projects/usgs/water/impd/skagone/r37.0_tile0
11:56:15 ET_MOSAIC DEBUG: justoneday 2015 118 /caldera/projects/usgs/water/impd/skagone/r37.0_tile0
11:58:20 ET_MOSAIC DEBUG: justoneday 2015 119 /caldera/projects/usgs/water/impd/skagone/r37.0_tile0
12:00:40 ET_MOSAIC DEBUG: justoneday 2015 120 /caldera/projects/usgs/water/impd/skagone/r37.0_tile0
12:03:03 ET_MOSAIC DEBUG: justoneday 2015 121 /caldera/projects/usgs/water/impd/skagone/r37.0_tile0
12:05:21 ET_MOSAIC DEBUG: justoneday 2015 122 /caldera/projects/usgs/water/impd/skagone/r37.0_tile0
12:07:53 ET_MOSAIC DEBUG: justoneday 2015 123 /caldera/projects/usgs/water/impd/skagone/r37.0_tile0
12:10:12 ET_MOSAIC DEBUG: justoneday 2015 124 /caldera/projects/usgs/water/impd/skagone/r37.0_tile0
12:12:30 ET_MOSAIC DEBUG: justoneday 2015 125 /caldera/projects/usgs/water/impd/skagone/r37.0_tile0
12:14:48 ET_MOSAIC DEBUG: justoneday 2015 126 /caldera/projects/usgs/water/impd/skagone/r37.0_tile0
12:17:03 ET_MOSAIC DEBUG: justoneday 2015 127 /caldera/projects/usgs/water/impd/skagone/r37.0_tile0
12:19:17 ET_MOSAIC DEBUG: justoneday 2015 128 /caldera/projects/usgs/water/impd/skagone/r37.0_tile0
12:21:29 ET_MOSAIC DEBUG: justoneday 2015 129 /caldera/projects/usgs/water/impd/skagone/r37.0_tile0
12:23:44 ET_MOSAIC DEBUG: justoneday 2015 130 /caldera/projects/usgs/water/impd/skagone/r37.0_tile0
12:26:01 ET_MOSAIC DEBUG: justoneday 2015 131 /caldera/projects/usgs/water/impd/skagone/r37.0_tile0
12:28:16 ET_MOSAIC DEBUG: justoneday 2015 132 /caldera/projects/usgs/water/impd/skagone/r37.0_tile0
12:30:32 ET_MOSAIC DEBUG: justoneday 2015 133 /caldera/projects/usgs/water/impd/skagone/r37.0_tile0
12:33:00 ET_MOSAIC DEBUG: justoneday 2015 134 /caldera/projects/usgs/water/impd/skagone/r37.0_tile0
12:35:18 ET_MOSAIC DEBUG: justoneday 2015 135 /caldera/projects/usgs/water/impd/skagone/r37.0_tile0
12:37:36 ET_MOSAIC DEBUG: justoneday 2015 136 /caldera/projects/usgs/water/impd/skagone/r37.0_tile0
12:39:55 ET_MOSAIC DEBUG: justoneday 2015 137 /caldera/projects/usgs/water/impd/skagone/r37.0_tile0
12:41:58 ET_MOSAIC DEBUG: justoneday 2015 138 /caldera/projects/usgs/water/impd/skagone/r37.0_tile0
12:44:16 ET_MOSAIC DEBUG: justoneday 2015 139 /caldera/projects/usgs/water/impd/skagone/r37.0_tile0
12:46:30 ET_MOSAIC DEBUG: justoneday 2015 140 /caldera/projects/usgs/water/impd/skagone/r37.0_tile0
12:48:42 ET_MOSAIC DEBUG: justoneday 2015 141 /caldera/projects/usgs/water/impd/skagone/r37.0_tile0
12:50:43 ET_MOSAIC DEBUG: justoneday 2015 142 /caldera/projects/usgs/water/impd/skagone/r37.0_tile0
12:52:38 ET_MOSAIC DEBUG: justoneday 2015 143 /caldera/projects/usgs/water/impd/skagone/r37.0_tile0
12:54:45 ET_MOSAIC DEBUG: justoneday 2015 144 /caldera/projects/usgs/water/impd/skagone/r37.0_tile0
12:56:41 ET_MOSAIC DEBUG: justoneday 2015 145 /caldera/projects/usgs/water/impd/skagone/r37.0_tile0
12:58:48 ET_MOSAIC DEBUG: justoneday 2015 146 /caldera/projects/usgs/water/impd/skagone/r37.0_tile0
13:00:50 ET_MOSAIC DEBUG: justoneday 2015 147 /caldera/projects/usgs/water/impd/skagone/r37.0_tile0
13:02:56 ET_MOSAIC DEBUG: justoneday 2015 148 /caldera/projects/usgs/water/impd/skagone/r37.0_tile0
13:05:04 ET_MOSAIC DEBUG: justoneday 2015 149 /caldera/projects/usgs/water/impd/skagone/r37.0_tile0
13:07:12 ET_MOSAIC DEBUG: justoneday 2015 150 /caldera/projects/usgs/water/impd/skagone/r37.0_tile0
13:09:17 ET_MOSAIC DEBUG: justoneday 2015 151 /caldera/projects/usgs/water/impd/skagone/r37.0_tile0
13:11:26 ET_MOSAIC DEBUG: justoneday 2015 152 /caldera/projects/usgs/water/impd/skagone/r37.0_tile0
13:13:40 ET_MOSAIC DEBUG: justoneday 2015 153 /caldera/projects/usgs/water/impd/skagone/r37.0_tile0
13:15:59 ET_MOSAIC DEBUG: justoneday 2015 154 /caldera/projects/usgs/water/impd/skagone/r37.0_tile0
13:18:15 ET_MOSAIC DEBUG: justoneday 2015 155 /caldera/projects/usgs/water/impd/skagone/r37.0_tile0
13:20:34 ET_MOSAIC DEBUG: justoneday 2015 156 /caldera/projects/usgs/water/impd/skagone/r37.0_tile0
13:22:57 ET_MOSAIC DEBUG: justoneday 2015 157 /caldera/projects/usgs/water/impd/skagone/r37.0_tile0
13:25:23 ET_MOSAIC DEBUG: justoneday 2015 158 /caldera/projects/usgs/water/impd/skagone/r37.0_tile0
13:27:49 ET_MOSAIC DEBUG: justoneday 2015 159 /caldera/projects/usgs/water/impd/skagone/r37.0_tile0
13:30:02 ET_MOSAIC DEBUG: justoneday 2015 160 /caldera/projects/usgs/water/impd/skagone/r37.0_tile0
13:32:28 ET_MOSAIC DEBUG: justoneday 2015 161 /caldera/projects/usgs/water/impd/skagone/r37.0_tile0
13:34:53 ET_MOSAIC DEBUG: justoneday 2015 162 /caldera/projects/usgs/water/impd/skagone/r37.0_tile0
13:36:57 ET_MOSAIC DEBUG: justoneday 2015 163 /caldera/projects/usgs/water/impd/skagone/r37.0_tile0
13:38:59 ET_MOSAIC DEBUG: justoneday 2015 164 /caldera/projects/usgs/water/impd/skagone/r37.0_tile0
13:40:55 ET_MOSAIC DEBUG: justoneday 2015 165 /caldera/projects/usgs/water/impd/skagone/r37.0_tile0
13:42:56 ET_MOSAIC DEBUG: justoneday 2015 166 /caldera/projects/usgs/water/impd/skagone/r37.0_tile0
13:45:00 ET_MOSAIC DEBUG: justoneday 2015 167 /caldera/projects/usgs/water/impd/skagone/r37.0_tile0
13:46:58 ET_MOSAIC DEBUG: justoneday 2015 168 /caldera/projects/usgs/water/impd/skagone/r37.0_tile0
13:49:01 ET_MOSAIC DEBUG: justoneday 2015 169 /caldera/projects/usgs/water/impd/skagone/r37.0_tile0
13:50:52 ET_MOSAIC DEBUG: justoneday 2015 170 /caldera/projects/usgs/water/impd/skagone/r37.0_tile0
13:52:58 ET_MOSAIC DEBUG: justoneday 2015 171 /caldera/projects/usgs/water/impd/skagone/r37.0_tile0
13:55:01 ET_MOSAIC DEBUG: justoneday 2015 172 /caldera/projects/usgs/water/impd/skagone/r37.0_tile0
13:57:08 ET_MOSAIC DEBUG: justoneday 2015 173 /caldera/projects/usgs/water/impd/skagone/r37.0_tile0
13:59:05 ET_MOSAIC DEBUG: justoneday 2015 174 /caldera/projects/usgs/water/impd/skagone/r37.0_tile0
14:01:07 ET_MOSAIC DEBUG: justoneday 2015 175 /caldera/projects/usgs/water/impd/skagone/r37.0_tile0
14:03:13 ET_MOSAIC DEBUG: justoneday 2015 176 /caldera/projects/usgs/water/impd/skagone/r37.0_tile0
14:05:15 ET_MOSAIC DEBUG: justoneday 2015 177 /caldera/projects/usgs/water/impd/skagone/r37.0_tile0
14:07:18 ET_MOSAIC DEBUG: justoneday 2015 178 /caldera/projects/usgs/water/impd/skagone/r37.0_tile0
14:09:26 ET_MOSAIC DEBUG: justoneday 2015 179 /caldera/projects/usgs/water/impd/skagone/r37.0_tile0
14:11:36 ET_MOSAIC DEBUG: justoneday 2015 180 /caldera/projects/usgs/water/impd/skagone/r37.0_tile0
14:13:45 ET_MOSAIC DEBUG: justoneday 2015 181 /caldera/projects/usgs/water/impd/skagone/r37.0_tile0
14:15:55 ET_MOSAIC DEBUG: justoneday 2015 182 /caldera/projects/usgs/water/impd/skagone/r37.0_tile0
14:18:07 ET_MOSAIC DEBUG: justoneday 2015 183 /caldera/projects/usgs/water/impd/skagone/r37.0_tile0
14:20:21 ET_MOSAIC DEBUG: justoneday 2015 184 /caldera/projects/usgs/water/impd/skagone/r37.0_tile0
14:22:35 ET_MOSAIC DEBUG: justoneday 2015 185 /caldera/projects/usgs/water/impd/skagone/r37.0_tile0
14:24:51 ET_MOSAIC DEBUG: justoneday 2015 186 /caldera/projects/usgs/water/impd/skagone/r37.0_tile0
14:27:10 ET_MOSAIC DEBUG: justoneday 2015 187 /caldera/projects/usgs/water/impd/skagone/r37.0_tile0
14:29:28 ET_MOSAIC DEBUG: justoneday 2015 188 /caldera/projects/usgs/water/impd/skagone/r37.0_tile0
14:32:00 ET_MOSAIC DEBUG: justoneday 2015 189 /caldera/projects/usgs/water/impd/skagone/r37.0_tile0
14:34:29 ET_MOSAIC DEBUG: justoneday 2015 190 /caldera/projects/usgs/water/impd/skagone/r37.0_tile0
14:37:06 ET_MOSAIC DEBUG: justoneday 2015 191 /caldera/projects/usgs/water/impd/skagone/r37.0_tile0
14:39:27 ET_MOSAIC DEBUG: justoneday 2015 192 /caldera/projects/usgs/water/impd/skagone/r37.0_tile0
14:42:03 ET_MOSAIC DEBUG: justoneday 2015 193 /caldera/projects/usgs/water/impd/skagone/r37.0_tile0
14:44:26 ET_MOSAIC DEBUG: justoneday 2015 194 /caldera/projects/usgs/water/impd/skagone/r37.0_tile0
14:46:54 ET_MOSAIC DEBUG: justoneday 2015 195 /caldera/projects/usgs/water/impd/skagone/r37.0_tile0
14:49:21 ET_MOSAIC DEBUG: justoneday 2015 196 /caldera/projects/usgs/water/impd/skagone/r37.0_tile0
14:51:47 ET_MOSAIC DEBUG: justoneday 2015 197 /caldera/projects/usgs/water/impd/skagone/r37.0_tile0
14:54:18 ET_MOSAIC DEBUG: justoneday 2015 198 /caldera/projects/usgs/water/impd/skagone/r37.0_tile0
14:56:51 ET_MOSAIC DEBUG: justoneday 2015 199 /caldera/projects/usgs/water/impd/skagone/r37.0_tile0
14:59:21 ET_MOSAIC DEBUG: justoneday 2015 200 /caldera/projects/usgs/water/impd/skagone/r37.0_tile0
15:01:54 ET_MOSAIC DEBUG: justoneday 2015 201 /caldera/projects/usgs/water/impd/skagone/r37.0_tile0
15:04:31 ET_MOSAIC DEBUG: justoneday 2015 202 /caldera/projects/usgs/water/impd/skagone/r37.0_tile0
15:07:04 ET_MOSAIC DEBUG: justoneday 2015 203 /caldera/projects/usgs/water/impd/skagone/r37.0_tile0
15:09:34 ET_MOSAIC DEBUG: justoneday 2015 204 /caldera/projects/usgs/water/impd/skagone/r37.0_tile0
15:12:05 ET_MOSAIC DEBUG: justoneday 2015 205 /caldera/projects/usgs/water/impd/skagone/r37.0_tile0
15:14:40 ET_MOSAIC DEBUG: justoneday 2015 206 /caldera/projects/usgs/water/impd/skagone/r37.0_tile0
15:17:04 ET_MOSAIC DEBUG: justoneday 2015 207 /caldera/projects/usgs/water/impd/skagone/r37.0_tile0
15:19:40 ET_MOSAIC DEBUG: justoneday 2015 208 /caldera/projects/usgs/water/impd/skagone/r37.0_tile0
15:22:15 ET_MOSAIC DEBUG: justoneday 2015 209 /caldera/projects/usgs/water/impd/skagone/r37.0_tile0
15:24:49 ET_MOSAIC DEBUG: justoneday 2015 210 /caldera/projects/usgs/water/impd/skagone/r37.0_tile0
15:27:22 ET_MOSAIC DEBUG: justoneday 2015 211 /caldera/projects/usgs/water/impd/skagone/r37.0_tile0
15:30:00 ET_MOSAIC DEBUG: justoneday 2015 212 /caldera/projects/usgs/water/impd/skagone/r37.0_tile0
15:32:31 ET_MOSAIC DEBUG: justoneday 2015 213 /caldera/projects/usgs/water/impd/skagone/r37.0_tile0
15:35:02 ET_MOSAIC DEBUG: justoneday 2015 214 /caldera/projects/usgs/water/impd/skagone/r37.0_tile0
15:37:33 ET_MOSAIC DEBUG: justoneday 2015 215 /caldera/projects/usgs/water/impd/skagone/r37.0_tile0
15:39:55 ET_MOSAIC DEBUG: justoneday 2015 216 /caldera/projects/usgs/water/impd/skagone/r37.0_tile0
15:42:22 ET_MOSAIC DEBUG: justoneday 2015 217 /caldera/projects/usgs/water/impd/skagone/r37.0_tile0
15:44:55 ET_MOSAIC DEBUG: justoneday 2015 218 /caldera/projects/usgs/water/impd/skagone/r37.0_tile0
15:47:23 ET_MOSAIC DEBUG: justoneday 2015 219 /caldera/projects/usgs/water/impd/skagone/r37.0_tile0
15:49:55 ET_MOSAIC DEBUG: justoneday 2015 220 /caldera/projects/usgs/water/impd/skagone/r37.0_tile0
15:52:17 ET_MOSAIC DEBUG: justoneday 2015 221 /caldera/projects/usgs/water/impd/skagone/r37.0_tile0
15:54:39 ET_MOSAIC DEBUG: justoneday 2015 222 /caldera/projects/usgs/water/impd/skagone/r37.0_tile0
15:57:12 ET_MOSAIC DEBUG: justoneday 2015 223 /caldera/projects/usgs/water/impd/skagone/r37.0_tile0
15:59:41 ET_MOSAIC DEBUG: justoneday 2015 224 /caldera/projects/usgs/water/impd/skagone/r37.0_tile0
16:02:08 ET_MOSAIC DEBUG: justoneday 2015 225 /caldera/projects/usgs/water/impd/skagone/r37.0_tile0
16:04:41 ET_MOSAIC DEBUG: justoneday 2015 226 /caldera/projects/usgs/water/impd/skagone/r37.0_tile0
16:07:17 ET_MOSAIC DEBUG: justoneday 2015 227 /caldera/projects/usgs/water/impd/skagone/r37.0_tile0
16:09:48 ET_MOSAIC DEBUG: justoneday 2015 228 /caldera/projects/usgs/water/impd/skagone/r37.0_tile0
16:12:10 ET_MOSAIC DEBUG: justoneday 2015 229 /caldera/projects/usgs/water/impd/skagone/r37.0_tile0
16:14:30 ET_MOSAIC DEBUG: justoneday 2015 230 /caldera/projects/usgs/water/impd/skagone/r37.0_tile0
16:16:43 ET_MOSAIC DEBUG: justoneday 2015 231 /caldera/projects/usgs/water/impd/skagone/r37.0_tile0
16:19:03 ET_MOSAIC DEBUG: justoneday 2015 232 /caldera/projects/usgs/water/impd/skagone/r37.0_tile0
16:21:22 ET_MOSAIC DEBUG: justoneday 2015 233 /caldera/projects/usgs/water/impd/skagone/r37.0_tile0
16:23:38 ET_MOSAIC DEBUG: justoneday 2015 234 /caldera/projects/usgs/water/impd/skagone/r37.0_tile0
16:25:55 ET_MOSAIC DEBUG: justoneday 2015 235 /caldera/projects/usgs/water/impd/skagone/r37.0_tile0
16:28:18 ET_MOSAIC DEBUG: justoneday 2015 236 /caldera/projects/usgs/water/impd/skagone/r37.0_tile0
16:30:40 ET_MOSAIC DEBUG: justoneday 2015 237 /caldera/projects/usgs/water/impd/skagone/r37.0_tile0
16:33:04 ET_MOSAIC DEBUG: justoneday 2015 238 /caldera/projects/usgs/water/impd/skagone/r37.0_tile0
16:35:28 ET_MOSAIC DEBUG: justoneday 2015 239 /caldera/projects/usgs/water/impd/skagone/r37.0_tile0
16:37:55 ET_MOSAIC DEBUG: justoneday 2015 240 /caldera/projects/usgs/water/impd/skagone/r37.0_tile0
16:40:32 ET_MOSAIC DEBUG: justoneday 2015 241 /caldera/projects/usgs/water/impd/skagone/r37.0_tile0
16:43:06 ET_MOSAIC DEBUG: justoneday 2015 242 /caldera/projects/usgs/water/impd/skagone/r37.0_tile0
16:45:42 ET_MOSAIC DEBUG: justoneday 2015 243 /caldera/projects/usgs/water/impd/skagone/r37.0_tile0
16:48:17 ET_MOSAIC DEBUG: justoneday 2015 244 /caldera/projects/usgs/water/impd/skagone/r37.0_tile0
16:50:50 ET_MOSAIC DEBUG: justoneday 2015 245 /caldera/projects/usgs/water/impd/skagone/r37.0_tile0
16:53:24 ET_MOSAIC DEBUG: justoneday 2015 246 /caldera/projects/usgs/water/impd/skagone/r37.0_tile0
16:55:55 ET_MOSAIC DEBUG: justoneday 2015 247 /caldera/projects/usgs/water/impd/skagone/r37.0_tile0
16:58:30 ET_MOSAIC DEBUG: justoneday 2015 248 /caldera/projects/usgs/water/impd/skagone/r37.0_tile0
17:00:47 ET_MOSAIC DEBUG: justoneday 2015 249 /caldera/projects/usgs/water/impd/skagone/r37.0_tile0
17:03:17 ET_MOSAIC DEBUG: justoneday 2015 250 /caldera/projects/usgs/water/impd/skagone/r37.0_tile0
17:05:50 ET_MOSAIC DEBUG: justoneday 2015 251 /caldera/projects/usgs/water/impd/skagone/r37.0_tile0
17:08:29 ET_MOSAIC DEBUG: justoneday 2015 252 /caldera/projects/usgs/water/impd/skagone/r37.0_tile0
17:11:06 ET_MOSAIC DEBUG: justoneday 2015 253 /caldera/projects/usgs/water/impd/skagone/r37.0_tile0
17:13:37 ET_MOSAIC DEBUG: justoneday 2015 254 /caldera/projects/usgs/water/impd/skagone/r37.0_tile0
17:16:12 ET_MOSAIC DEBUG: justoneday 2015 255 /caldera/projects/usgs/water/impd/skagone/r37.0_tile0
17:18:35 ET_MOSAIC DEBUG: justoneday 2015 256 /caldera/projects/usgs/water/impd/skagone/r37.0_tile0
17:20:55 ET_MOSAIC DEBUG: justoneday 2015 257 /caldera/projects/usgs/water/impd/skagone/r37.0_tile0
17:23:14 ET_MOSAIC DEBUG: justoneday 2015 258 /caldera/projects/usgs/water/impd/skagone/r37.0_tile0
17:25:34 ET_MOSAIC DEBUG: justoneday 2015 259 /caldera/projects/usgs/water/impd/skagone/r37.0_tile0
17:27:50 ET_MOSAIC DEBUG: justoneday 2015 260 /caldera/projects/usgs/water/impd/skagone/r37.0_tile0
17:30:10 ET_MOSAIC DEBUG: justoneday 2015 261 /caldera/projects/usgs/water/impd/skagone/r37.0_tile0
17:32:30 ET_MOSAIC DEBUG: justoneday 2015 262 /caldera/projects/usgs/water/impd/skagone/r37.0_tile0
17:34:54 ET_MOSAIC DEBUG: justoneday 2015 263 /caldera/projects/usgs/water/impd/skagone/r37.0_tile0
17:37:13 ET_MOSAIC DEBUG: justoneday 2015 264 /caldera/projects/usgs/water/impd/skagone/r37.0_tile0
17:39:30 ET_MOSAIC DEBUG: justoneday 2015 265 /caldera/projects/usgs/water/impd/skagone/r37.0_tile0
17:41:47 ET_MOSAIC DEBUG: justoneday 2015 266 /caldera/projects/usgs/water/impd/skagone/r37.0_tile0
17:44:05 ET_MOSAIC DEBUG: justoneday 2015 267 /caldera/projects/usgs/water/impd/skagone/r37.0_tile0
17:46:24 ET_MOSAIC DEBUG: justoneday 2015 268 /caldera/projects/usgs/water/impd/skagone/r37.0_tile0
17:48:42 ET_MOSAIC DEBUG: justoneday 2015 269 /caldera/projects/usgs/water/impd/skagone/r37.0_tile0
17:51:06 ET_MOSAIC DEBUG: justoneday 2015 270 /caldera/projects/usgs/water/impd/skagone/r37.0_tile0
17:53:36 ET_MOSAIC DEBUG: justoneday 2015 271 /caldera/projects/usgs/water/impd/skagone/r37.0_tile0
17:56:08 ET_MOSAIC DEBUG: justoneday 2015 272 /caldera/projects/usgs/water/impd/skagone/r37.0_tile0
17:58:40 ET_MOSAIC DEBUG: justoneday 2015 273 /caldera/projects/usgs/water/impd/skagone/r37.0_tile0
18:01:11 ET_MOSAIC DEBUG: justoneday 2015 274 /caldera/projects/usgs/water/impd/skagone/r37.0_tile0
18:03:44 ET_MOSAIC DEBUG: justoneday 2015 275 /caldera/projects/usgs/water/impd/skagone/r37.0_tile0
18:06:20 ET_MOSAIC DEBUG: justoneday 2015 276 /caldera/projects/usgs/water/impd/skagone/r37.0_tile0
18:08:59 ET_MOSAIC DEBUG: justoneday 2015 277 /caldera/projects/usgs/water/impd/skagone/r37.0_tile0
18:11:39 ET_MOSAIC DEBUG: justoneday 2015 278 /caldera/projects/usgs/water/impd/skagone/r37.0_tile0
18:14:19 ET_MOSAIC DEBUG: justoneday 2015 279 /caldera/projects/usgs/water/impd/skagone/r37.0_tile0
18:16:59 ET_MOSAIC DEBUG: justoneday 2015 280 /caldera/projects/usgs/water/impd/skagone/r37.0_tile0
18:19:43 ET_MOSAIC DEBUG: justoneday 2015 281 /caldera/projects/usgs/water/impd/skagone/r37.0_tile0
18:22:21 ET_MOSAIC DEBUG: justoneday 2015 282 /caldera/projects/usgs/water/impd/skagone/r37.0_tile0
18:25:00 ET_MOSAIC DEBUG: justoneday 2015 283 /caldera/projects/usgs/water/impd/skagone/r37.0_tile0
18:27:35 ET_MOSAIC DEBUG: justoneday 2015 284 /caldera/projects/usgs/water/impd/skagone/r37.0_tile0
18:30:12 ET_MOSAIC DEBUG: justoneday 2015 285 /caldera/projects/usgs/water/impd/skagone/r37.0_tile0
18:32:52 ET_MOSAIC DEBUG: justoneday 2015 286 /caldera/projects/usgs/water/impd/skagone/r37.0_tile0
18:35:26 ET_MOSAIC DEBUG: justoneday 2015 287 /caldera/projects/usgs/water/impd/skagone/r37.0_tile0
18:38:08 ET_MOSAIC DEBUG: justoneday 2015 288 /caldera/projects/usgs/water/impd/skagone/r37.0_tile0
18:40:48 ET_MOSAIC DEBUG: justoneday 2015 289 /caldera/projects/usgs/water/impd/skagone/r37.0_tile0
18:43:28 ET_MOSAIC DEBUG: justoneday 2015 290 /caldera/projects/usgs/water/impd/skagone/r37.0_tile0
18:46:08 ET_MOSAIC DEBUG: justoneday 2015 291 /caldera/projects/usgs/water/impd/skagone/r37.0_tile0
18:48:48 ET_MOSAIC DEBUG: justoneday 2015 292 /caldera/projects/usgs/water/impd/skagone/r37.0_tile0
18:51:27 ET_MOSAIC DEBUG: justoneday 2015 293 /caldera/projects/usgs/water/impd/skagone/r37.0_tile0
18:54:07 ET_MOSAIC DEBUG: justoneday 2015 294 /caldera/projects/usgs/water/impd/skagone/r37.0_tile0
18:56:29 ET_MOSAIC DEBUG: justoneday 2015 295 /caldera/projects/usgs/water/impd/skagone/r37.0_tile0
18:58:58 ET_MOSAIC DEBUG: justoneday 2015 296 /caldera/projects/usgs/water/impd/skagone/r37.0_tile0
19:01:25 ET_MOSAIC DEBUG: justoneday 2015 297 /caldera/projects/usgs/water/impd/skagone/r37.0_tile0
19:03:53 ET_MOSAIC DEBUG: justoneday 2015 298 /caldera/projects/usgs/water/impd/skagone/r37.0_tile0
19:06:20 ET_MOSAIC DEBUG: justoneday 2015 299 /caldera/projects/usgs/water/impd/skagone/r37.0_tile0
19:08:54 ET_MOSAIC DEBUG: justoneday 2015 300 /caldera/projects/usgs/water/impd/skagone/r37.0_tile0
19:11:27 ET_MOSAIC DEBUG: justoneday 2015 301 /caldera/projects/usgs/water/impd/skagone/r37.0_tile0
19:14:09 ET_MOSAIC DEBUG: justoneday 2015 302 /caldera/projects/usgs/water/impd/skagone/r37.0_tile0
19:16:49 ET_MOSAIC DEBUG: justoneday 2015 303 /caldera/projects/usgs/water/impd/skagone/r37.0_tile0
19:19:17 ET_MOSAIC DEBUG: justoneday 2015 304 /caldera/projects/usgs/water/impd/skagone/r37.0_tile0
19:21:51 ET_MOSAIC DEBUG: justoneday 2015 305 /caldera/projects/usgs/water/impd/skagone/r37.0_tile0
19:24:17 ET_MOSAIC DEBUG: justoneday 2015 306 /caldera/projects/usgs/water/impd/skagone/r37.0_tile0
19:26:46 ET_MOSAIC DEBUG: justoneday 2015 307 /caldera/projects/usgs/water/impd/skagone/r37.0_tile0
19:29:18 ET_MOSAIC DEBUG: justoneday 2015 308 /caldera/projects/usgs/water/impd/skagone/r37.0_tile0
19:31:48 ET_MOSAIC DEBUG: justoneday 2015 309 /caldera/projects/usgs/water/impd/skagone/r37.0_tile0
19:34:25 ET_MOSAIC DEBUG: justoneday 2015 310 /caldera/projects/usgs/water/impd/skagone/r37.0_tile0
19:37:01 ET_MOSAIC DEBUG: justoneday 2015 311 /caldera/projects/usgs/water/impd/skagone/r37.0_tile0
19:39:35 ET_MOSAIC DEBUG: justoneday 2015 312 /caldera/projects/usgs/water/impd/skagone/r37.0_tile0
19:42:04 ET_MOSAIC DEBUG: justoneday 2015 313 /caldera/projects/usgs/water/impd/skagone/r37.0_tile0
19:44:33 ET_MOSAIC DEBUG: justoneday 2015 314 /caldera/projects/usgs/water/impd/skagone/r37.0_tile0
19:47:02 ET_MOSAIC DEBUG: justoneday 2015 315 /caldera/projects/usgs/water/impd/skagone/r37.0_tile0
19:49:39 ET_MOSAIC DEBUG: justoneday 2015 316 /caldera/projects/usgs/water/impd/skagone/r37.0_tile0
19:52:15 ET_MOSAIC DEBUG: justoneday 2015 317 /caldera/projects/usgs/water/impd/skagone/r37.0_tile0
19:54:55 ET_MOSAIC DEBUG: justoneday 2015 318 /caldera/projects/usgs/water/impd/skagone/r37.0_tile0
19:57:35 ET_MOSAIC DEBUG: justoneday 2015 319 /caldera/projects/usgs/water/impd/skagone/r37.0_tile0
20:00:08 ET_MOSAIC DEBUG: justoneday 2015 320 /caldera/projects/usgs/water/impd/skagone/r37.0_tile0
20:02:47 ET_MOSAIC DEBUG: justoneday 2015 321 /caldera/projects/usgs/water/impd/skagone/r37.0_tile0
20:05:27 ET_MOSAIC DEBUG: justoneday 2015 322 /caldera/projects/usgs/water/impd/skagone/r37.0_tile0
20:08:04 ET_MOSAIC DEBUG: justoneday 2015 323 /caldera/projects/usgs/water/impd/skagone/r37.0_tile0
20:10:46 ET_MOSAIC DEBUG: justoneday 2015 324 /caldera/projects/usgs/water/impd/skagone/r37.0_tile0
20:13:25 ET_MOSAIC DEBUG: justoneday 2015 325 /caldera/projects/usgs/water/impd/skagone/r37.0_tile0
20:16:05 ET_MOSAIC DEBUG: justoneday 2015 326 /caldera/projects/usgs/water/impd/skagone/r37.0_tile0
20:18:34 ET_MOSAIC DEBUG: justoneday 2015 327 /caldera/projects/usgs/water/impd/skagone/r37.0_tile0
20:20:58 ET_MOSAIC DEBUG: justoneday 2015 328 /caldera/projects/usgs/water/impd/skagone/r37.0_tile0
20:23:19 ET_MOSAIC DEBUG: justoneday 2015 329 /caldera/projects/usgs/water/impd/skagone/r37.0_tile0
20:25:41 ET_MOSAIC DEBUG: justoneday 2015 330 /caldera/projects/usgs/water/impd/skagone/r37.0_tile0
20:28:02 ET_MOSAIC DEBUG: justoneday 2015 331 /caldera/projects/usgs/water/impd/skagone/r37.0_tile0
20:30:23 ET_MOSAIC DEBUG: justoneday 2015 332 /caldera/projects/usgs/water/impd/skagone/r37.0_tile0
20:32:46 ET_MOSAIC DEBUG: justoneday 2015 333 /caldera/projects/usgs/water/impd/skagone/r37.0_tile0
20:35:08 ET_MOSAIC DEBUG: justoneday 2015 334 /caldera/projects/usgs/water/impd/skagone/r37.0_tile0
20:37:34 ET_MOSAIC DEBUG: justoneday 2015 335 /caldera/projects/usgs/water/impd/skagone/r37.0_tile0
20:40:02 ET_MOSAIC DEBUG: justoneday 2015 336 /caldera/projects/usgs/water/impd/skagone/r37.0_tile0
20:42:31 ET_MOSAIC DEBUG: justoneday 2015 337 /caldera/projects/usgs/water/impd/skagone/r37.0_tile0
20:45:06 ET_MOSAIC DEBUG: justoneday 2015 338 /caldera/projects/usgs/water/impd/skagone/r37.0_tile0
20:47:42 ET_MOSAIC DEBUG: justoneday 2015 339 /caldera/projects/usgs/water/impd/skagone/r37.0_tile0
20:50:14 ET_MOSAIC DEBUG: justoneday 2015 340 /caldera/projects/usgs/water/impd/skagone/r37.0_tile0
20:52:38 ET_MOSAIC DEBUG: justoneday 2015 341 /caldera/projects/usgs/water/impd/skagone/r37.0_tile0
20:55:01 ET_MOSAIC DEBUG: justoneday 2015 342 /caldera/projects/usgs/water/impd/skagone/r37.0_tile0
20:57:21 ET_MOSAIC DEBUG: justoneday 2015 343 /caldera/projects/usgs/water/impd/skagone/r37.0_tile0
20:59:53 ET_MOSAIC DEBUG: justoneday 2015 344 /caldera/projects/usgs/water/impd/skagone/r37.0_tile0
21:02:26 ET_MOSAIC DEBUG: justoneday 2015 345 /caldera/projects/usgs/water/impd/skagone/r37.0_tile0
21:05:09 ET_MOSAIC DEBUG: justoneday 2015 346 /caldera/projects/usgs/water/impd/skagone/r37.0_tile0
21:07:32 ET_MOSAIC DEBUG: justoneday 2015 347 /caldera/projects/usgs/water/impd/skagone/r37.0_tile0
21:09:52 ET_MOSAIC DEBUG: justoneday 2015 348 /caldera/projects/usgs/water/impd/skagone/r37.0_tile0
21:12:12 ET_MOSAIC DEBUG: justoneday 2015 349 /caldera/projects/usgs/water/impd/skagone/r37.0_tile0
21:14:32 ET_MOSAIC DEBUG: justoneday 2015 350 /caldera/projects/usgs/water/impd/skagone/r37.0_tile0
21:16:53 ET_MOSAIC DEBUG: justoneday 2015 351 /caldera/projects/usgs/water/impd/skagone/r37.0_tile0
21:19:11 ET_MOSAIC DEBUG: justoneday 2015 352 /caldera/projects/usgs/water/impd/skagone/r37.0_tile0
21:21:29 ET_MOSAIC DEBUG: justoneday 2015 353 /caldera/projects/usgs/water/impd/skagone/r37.0_tile0
21:23:47 ET_MOSAIC DEBUG: justoneday 2015 354 /caldera/projects/usgs/water/impd/skagone/r37.0_tile0
21:26:06 ET_MOSAIC DEBUG: justoneday 2015 355 /caldera/projects/usgs/water/impd/skagone/r37.0_tile0
21:28:24 ET_MOSAIC DEBUG: justoneday 2015 356 /caldera/projects/usgs/water/impd/skagone/r37.0_tile0
21:30:43 ET_MOSAIC DEBUG: justoneday 2015 357 /caldera/projects/usgs/water/impd/skagone/r37.0_tile0
21:33:02 ET_MOSAIC DEBUG: justoneday 2015 358 /caldera/projects/usgs/water/impd/skagone/r37.0_tile0
21:35:24 ET_MOSAIC DEBUG: justoneday 2015 359 /caldera/projects/usgs/water/impd/skagone/r37.0_tile0
21:37:47 ET_MOSAIC DEBUG: justoneday 2015 360 /caldera/projects/usgs/water/impd/skagone/r37.0_tile0
21:40:12 ET_MOSAIC DEBUG: justoneday 2015 361 /caldera/projects/usgs/water/impd/skagone/r37.0_tile0
21:42:45 ET_MOSAIC DEBUG: justoneday 2015 362 /caldera/projects/usgs/water/impd/skagone/r37.0_tile0
21:45:17 ET_MOSAIC DEBUG: justoneday 2015 363 /caldera/projects/usgs/water/impd/skagone/r37.0_tile0
21:47:49 ET_MOSAIC DEBUG: justoneday 2015 364 /caldera/projects/usgs/water/impd/skagone/r37.0_tile0
21:50:23 ET_MOSAIC DEBUG: justoneday 2015 365 /caldera/projects/usgs/water/impd/skagone/r37.0_tile0
21:52:59 ET_MOSAIC DEBUG: justoneday 2015 366 /caldera/projects/usgs/water/impd/skagone/r37.0_tile0
