07:42:47 ET_MOSAIC DEBUG: this is how you call one of your functions
07:42:47 ET_MOSAIC DEBUG: hello from Conus_mosaic class
07:42:47 ET_MOSAIC DEBUG: Mosaicking ['etasw'] in /caldera/projects/usgs/water/impd/skagone and put it in /caldera/projects/usgs/water/impd/skagone/conus_mos_completed/2016 for 2016
07:42:47 ET_MOSAIC DEBUG: run_mosaic
07:42:47 ET_MOSAIC DEBUG: Mosaic this product: etasw
07:42:47 ET_MOSAIC DEBUG: /caldera/projects/usgs/water/impd/skagone/
07:42:47 ET_MOSAIC DEBUG: justoneday 2016 1 /caldera/projects/usgs/water/impd/skagone/r37.0_tile0
Warning 1: +init=epsg:XXXX syntax is deprecated. It might return a CRS with a non-EPSG compliant axis order.
07:45:02 ET_MOSAIC DEBUG: justoneday 2016 2 /caldera/projects/usgs/water/impd/skagone/r37.0_tile0
07:47:06 ET_MOSAIC DEBUG: justoneday 2016 3 /caldera/projects/usgs/water/impd/skagone/r37.0_tile0
07:49:11 ET_MOSAIC DEBUG: justoneday 2016 4 /caldera/projects/usgs/water/impd/skagone/r37.0_tile0
07:51:13 ET_MOSAIC DEBUG: justoneday 2016 5 /caldera/projects/usgs/water/impd/skagone/r37.0_tile0
07:53:23 ET_MOSAIC DEBUG: justoneday 2016 6 /caldera/projects/usgs/water/impd/skagone/r37.0_tile0
07:55:31 ET_MOSAIC DEBUG: justoneday 2016 7 /caldera/projects/usgs/water/impd/skagone/r37.0_tile0
07:57:41 ET_MOSAIC DEBUG: justoneday 2016 8 /caldera/projects/usgs/water/impd/skagone/r37.0_tile0
08:00:05 ET_MOSAIC DEBUG: justoneday 2016 9 /caldera/projects/usgs/water/impd/skagone/r37.0_tile0
08:02:15 ET_MOSAIC DEBUG: justoneday 2016 10 /caldera/projects/usgs/water/impd/skagone/r37.0_tile0
08:04:23 ET_MOSAIC DEBUG: justoneday 2016 11 /caldera/projects/usgs/water/impd/skagone/r37.0_tile0
08:06:29 ET_MOSAIC DEBUG: justoneday 2016 12 /caldera/projects/usgs/water/impd/skagone/r37.0_tile0
08:08:47 ET_MOSAIC DEBUG: justoneday 2016 13 /caldera/projects/usgs/water/impd/skagone/r37.0_tile0
08:10:57 ET_MOSAIC DEBUG: justoneday 2016 14 /caldera/projects/usgs/water/impd/skagone/r37.0_tile0
08:13:13 ET_MOSAIC DEBUG: justoneday 2016 15 /caldera/projects/usgs/water/impd/skagone/r37.0_tile0
08:15:27 ET_MOSAIC DEBUG: justoneday 2016 16 /caldera/projects/usgs/water/impd/skagone/r37.0_tile0
08:17:29 ET_MOSAIC DEBUG: justoneday 2016 17 /caldera/projects/usgs/water/impd/skagone/r37.0_tile0
08:19:46 ET_MOSAIC DEBUG: justoneday 2016 18 /caldera/projects/usgs/water/impd/skagone/r37.0_tile0
08:22:04 ET_MOSAIC DEBUG: justoneday 2016 19 /caldera/projects/usgs/water/impd/skagone/r37.0_tile0
08:24:12 ET_MOSAIC DEBUG: justoneday 2016 20 /caldera/projects/usgs/water/impd/skagone/r37.0_tile0
08:26:20 ET_MOSAIC DEBUG: justoneday 2016 21 /caldera/projects/usgs/water/impd/skagone/r37.0_tile0
08:28:19 ET_MOSAIC DEBUG: justoneday 2016 22 /caldera/projects/usgs/water/impd/skagone/r37.0_tile0
08:30:18 ET_MOSAIC DEBUG: justoneday 2016 23 /caldera/projects/usgs/water/impd/skagone/r37.0_tile0
08:32:19 ET_MOSAIC DEBUG: justoneday 2016 24 /caldera/projects/usgs/water/impd/skagone/r37.0_tile0
08:34:29 ET_MOSAIC DEBUG: justoneday 2016 25 /caldera/projects/usgs/water/impd/skagone/r37.0_tile0
08:36:51 ET_MOSAIC DEBUG: justoneday 2016 26 /caldera/projects/usgs/water/impd/skagone/r37.0_tile0
08:39:27 ET_MOSAIC DEBUG: justoneday 2016 27 /caldera/projects/usgs/water/impd/skagone/r37.0_tile0
08:41:38 ET_MOSAIC DEBUG: justoneday 2016 28 /caldera/projects/usgs/water/impd/skagone/r37.0_tile0
08:43:46 ET_MOSAIC DEBUG: justoneday 2016 29 /caldera/projects/usgs/water/impd/skagone/r37.0_tile0
08:45:48 ET_MOSAIC DEBUG: justoneday 2016 30 /caldera/projects/usgs/water/impd/skagone/r37.0_tile0
08:47:48 ET_MOSAIC DEBUG: justoneday 2016 31 /caldera/projects/usgs/water/impd/skagone/r37.0_tile0
08:49:52 ET_MOSAIC DEBUG: justoneday 2016 32 /caldera/projects/usgs/water/impd/skagone/r37.0_tile0
08:51:52 ET_MOSAIC DEBUG: justoneday 2016 33 /caldera/projects/usgs/water/impd/skagone/r37.0_tile0
08:54:01 ET_MOSAIC DEBUG: justoneday 2016 34 /caldera/projects/usgs/water/impd/skagone/r37.0_tile0
08:56:03 ET_MOSAIC DEBUG: justoneday 2016 35 /caldera/projects/usgs/water/impd/skagone/r37.0_tile0
08:58:05 ET_MOSAIC DEBUG: justoneday 2016 36 /caldera/projects/usgs/water/impd/skagone/r37.0_tile0
09:00:06 ET_MOSAIC DEBUG: justoneday 2016 37 /caldera/projects/usgs/water/impd/skagone/r37.0_tile0
09:02:08 ET_MOSAIC DEBUG: justoneday 2016 38 /caldera/projects/usgs/water/impd/skagone/r37.0_tile0
09:04:12 ET_MOSAIC DEBUG: justoneday 2016 39 /caldera/projects/usgs/water/impd/skagone/r37.0_tile0
09:06:16 ET_MOSAIC DEBUG: justoneday 2016 40 /caldera/projects/usgs/water/impd/skagone/r37.0_tile0
09:08:20 ET_MOSAIC DEBUG: justoneday 2016 41 /caldera/projects/usgs/water/impd/skagone/r37.0_tile0
09:10:33 ET_MOSAIC DEBUG: justoneday 2016 42 /caldera/projects/usgs/water/impd/skagone/r37.0_tile0
09:12:49 ET_MOSAIC DEBUG: justoneday 2016 43 /caldera/projects/usgs/water/impd/skagone/r37.0_tile0
09:15:08 ET_MOSAIC DEBUG: justoneday 2016 44 /caldera/projects/usgs/water/impd/skagone/r37.0_tile0
09:17:19 ET_MOSAIC DEBUG: justoneday 2016 45 /caldera/projects/usgs/water/impd/skagone/r37.0_tile0
09:19:38 ET_MOSAIC DEBUG: justoneday 2016 46 /caldera/projects/usgs/water/impd/skagone/r37.0_tile0
09:21:39 ET_MOSAIC DEBUG: justoneday 2016 47 /caldera/projects/usgs/water/impd/skagone/r37.0_tile0
09:23:39 ET_MOSAIC DEBUG: justoneday 2016 48 /caldera/projects/usgs/water/impd/skagone/r37.0_tile0
09:25:42 ET_MOSAIC DEBUG: justoneday 2016 49 /caldera/projects/usgs/water/impd/skagone/r37.0_tile0
09:27:59 ET_MOSAIC DEBUG: justoneday 2016 50 /caldera/projects/usgs/water/impd/skagone/r37.0_tile0
09:30:02 ET_MOSAIC DEBUG: justoneday 2016 51 /caldera/projects/usgs/water/impd/skagone/r37.0_tile0
09:32:07 ET_MOSAIC DEBUG: justoneday 2016 52 /caldera/projects/usgs/water/impd/skagone/r37.0_tile0
09:34:12 ET_MOSAIC DEBUG: justoneday 2016 53 /caldera/projects/usgs/water/impd/skagone/r37.0_tile0
09:36:10 ET_MOSAIC DEBUG: justoneday 2016 54 /caldera/projects/usgs/water/impd/skagone/r37.0_tile0
09:38:37 ET_MOSAIC DEBUG: justoneday 2016 55 /caldera/projects/usgs/water/impd/skagone/r37.0_tile0
09:40:33 ET_MOSAIC DEBUG: justoneday 2016 56 /caldera/projects/usgs/water/impd/skagone/r37.0_tile0
09:42:38 ET_MOSAIC DEBUG: justoneday 2016 57 /caldera/projects/usgs/water/impd/skagone/r37.0_tile0
09:44:43 ET_MOSAIC DEBUG: justoneday 2016 58 /caldera/projects/usgs/water/impd/skagone/r37.0_tile0
09:46:51 ET_MOSAIC DEBUG: justoneday 2016 59 /caldera/projects/usgs/water/impd/skagone/r37.0_tile0
09:49:03 ET_MOSAIC DEBUG: justoneday 2016 60 /caldera/projects/usgs/water/impd/skagone/r37.0_tile0
09:51:25 ET_MOSAIC DEBUG: justoneday 2016 61 /caldera/projects/usgs/water/impd/skagone/r37.0_tile0
09:53:24 ET_MOSAIC DEBUG: justoneday 2016 62 /caldera/projects/usgs/water/impd/skagone/r37.0_tile0
09:55:33 ET_MOSAIC DEBUG: justoneday 2016 63 /caldera/projects/usgs/water/impd/skagone/r37.0_tile0
09:57:42 ET_MOSAIC DEBUG: justoneday 2016 64 /caldera/projects/usgs/water/impd/skagone/r37.0_tile0
09:59:48 ET_MOSAIC DEBUG: justoneday 2016 65 /caldera/projects/usgs/water/impd/skagone/r37.0_tile0
10:02:07 ET_MOSAIC DEBUG: justoneday 2016 66 /caldera/projects/usgs/water/impd/skagone/r37.0_tile0
10:04:27 ET_MOSAIC DEBUG: justoneday 2016 67 /caldera/projects/usgs/water/impd/skagone/r37.0_tile0
10:06:40 ET_MOSAIC DEBUG: justoneday 2016 68 /caldera/projects/usgs/water/impd/skagone/r37.0_tile0
10:08:54 ET_MOSAIC DEBUG: justoneday 2016 69 /caldera/projects/usgs/water/impd/skagone/r37.0_tile0
10:11:09 ET_MOSAIC DEBUG: justoneday 2016 70 /caldera/projects/usgs/water/impd/skagone/r37.0_tile0
10:13:22 ET_MOSAIC DEBUG: justoneday 2016 71 /caldera/projects/usgs/water/impd/skagone/r37.0_tile0
10:15:39 ET_MOSAIC DEBUG: justoneday 2016 72 /caldera/projects/usgs/water/impd/skagone/r37.0_tile0
10:17:54 ET_MOSAIC DEBUG: justoneday 2016 73 /caldera/projects/usgs/water/impd/skagone/r37.0_tile0
10:20:15 ET_MOSAIC DEBUG: justoneday 2016 74 /caldera/projects/usgs/water/impd/skagone/r37.0_tile0
10:22:37 ET_MOSAIC DEBUG: justoneday 2016 75 /caldera/projects/usgs/water/impd/skagone/r37.0_tile0
10:24:54 ET_MOSAIC DEBUG: justoneday 2016 76 /caldera/projects/usgs/water/impd/skagone/r37.0_tile0
10:27:13 ET_MOSAIC DEBUG: justoneday 2016 77 /caldera/projects/usgs/water/impd/skagone/r37.0_tile0
10:29:31 ET_MOSAIC DEBUG: justoneday 2016 78 /caldera/projects/usgs/water/impd/skagone/r37.0_tile0
10:31:51 ET_MOSAIC DEBUG: justoneday 2016 79 /caldera/projects/usgs/water/impd/skagone/r37.0_tile0
10:34:11 ET_MOSAIC DEBUG: justoneday 2016 80 /caldera/projects/usgs/water/impd/skagone/r37.0_tile0
10:36:05 ET_MOSAIC DEBUG: justoneday 2016 81 /caldera/projects/usgs/water/impd/skagone/r37.0_tile0
10:38:15 ET_MOSAIC DEBUG: justoneday 2016 82 /caldera/projects/usgs/water/impd/skagone/r37.0_tile0
10:40:24 ET_MOSAIC DEBUG: justoneday 2016 83 /caldera/projects/usgs/water/impd/skagone/r37.0_tile0
10:42:38 ET_MOSAIC DEBUG: justoneday 2016 84 /caldera/projects/usgs/water/impd/skagone/r37.0_tile0
10:45:11 ET_MOSAIC DEBUG: justoneday 2016 85 /caldera/projects/usgs/water/impd/skagone/r37.0_tile0
10:47:22 ET_MOSAIC DEBUG: justoneday 2016 86 /caldera/projects/usgs/water/impd/skagone/r37.0_tile0
10:49:50 ET_MOSAIC DEBUG: justoneday 2016 87 /caldera/projects/usgs/water/impd/skagone/r37.0_tile0
10:52:19 ET_MOSAIC DEBUG: justoneday 2016 88 /caldera/projects/usgs/water/impd/skagone/r37.0_tile0
10:54:38 ET_MOSAIC DEBUG: justoneday 2016 89 /caldera/projects/usgs/water/impd/skagone/r37.0_tile0
10:56:58 ET_MOSAIC DEBUG: justoneday 2016 90 /caldera/projects/usgs/water/impd/skagone/r37.0_tile0
10:59:15 ET_MOSAIC DEBUG: justoneday 2016 91 /caldera/projects/usgs/water/impd/skagone/r37.0_tile0
11:01:35 ET_MOSAIC DEBUG: justoneday 2016 92 /caldera/projects/usgs/water/impd/skagone/r37.0_tile0
11:03:49 ET_MOSAIC DEBUG: justoneday 2016 93 /caldera/projects/usgs/water/impd/skagone/r37.0_tile0
11:06:06 ET_MOSAIC DEBUG: justoneday 2016 94 /caldera/projects/usgs/water/impd/skagone/r37.0_tile0
11:08:25 ET_MOSAIC DEBUG: justoneday 2016 95 /caldera/projects/usgs/water/impd/skagone/r37.0_tile0
11:10:47 ET_MOSAIC DEBUG: justoneday 2016 96 /caldera/projects/usgs/water/impd/skagone/r37.0_tile0
11:13:03 ET_MOSAIC DEBUG: justoneday 2016 97 /caldera/projects/usgs/water/impd/skagone/r37.0_tile0
11:15:19 ET_MOSAIC DEBUG: justoneday 2016 98 /caldera/projects/usgs/water/impd/skagone/r37.0_tile0
11:17:36 ET_MOSAIC DEBUG: justoneday 2016 99 /caldera/projects/usgs/water/impd/skagone/r37.0_tile0
11:19:58 ET_MOSAIC DEBUG: justoneday 2016 100 /caldera/projects/usgs/water/impd/skagone/r37.0_tile0
11:22:24 ET_MOSAIC DEBUG: justoneday 2016 101 /caldera/projects/usgs/water/impd/skagone/r37.0_tile0
11:24:46 ET_MOSAIC DEBUG: justoneday 2016 102 /caldera/projects/usgs/water/impd/skagone/r37.0_tile0
11:27:04 ET_MOSAIC DEBUG: justoneday 2016 103 /caldera/projects/usgs/water/impd/skagone/r37.0_tile0
11:29:23 ET_MOSAIC DEBUG: justoneday 2016 104 /caldera/projects/usgs/water/impd/skagone/r37.0_tile0
11:31:42 ET_MOSAIC DEBUG: justoneday 2016 105 /caldera/projects/usgs/water/impd/skagone/r37.0_tile0
11:34:01 ET_MOSAIC DEBUG: justoneday 2016 106 /caldera/projects/usgs/water/impd/skagone/r37.0_tile0
11:36:22 ET_MOSAIC DEBUG: justoneday 2016 107 /caldera/projects/usgs/water/impd/skagone/r37.0_tile0
11:38:50 ET_MOSAIC DEBUG: justoneday 2016 108 /caldera/projects/usgs/water/impd/skagone/r37.0_tile0
11:41:19 ET_MOSAIC DEBUG: justoneday 2016 109 /caldera/projects/usgs/water/impd/skagone/r37.0_tile0
11:43:37 ET_MOSAIC DEBUG: justoneday 2016 110 /caldera/projects/usgs/water/impd/skagone/r37.0_tile0
11:45:47 ET_MOSAIC DEBUG: justoneday 2016 111 /caldera/projects/usgs/water/impd/skagone/r37.0_tile0
11:47:55 ET_MOSAIC DEBUG: justoneday 2016 112 /caldera/projects/usgs/water/impd/skagone/r37.0_tile0
11:50:04 ET_MOSAIC DEBUG: justoneday 2016 113 /caldera/projects/usgs/water/impd/skagone/r37.0_tile0
11:52:27 ET_MOSAIC DEBUG: justoneday 2016 114 /caldera/projects/usgs/water/impd/skagone/r37.0_tile0
11:54:46 ET_MOSAIC DEBUG: justoneday 2016 115 /caldera/projects/usgs/water/impd/skagone/r37.0_tile0
11:56:56 ET_MOSAIC DEBUG: justoneday 2016 116 /caldera/projects/usgs/water/impd/skagone/r37.0_tile0
11:59:10 ET_MOSAIC DEBUG: justoneday 2016 117 /caldera/projects/usgs/water/impd/skagone/r37.0_tile0
12:01:32 ET_MOSAIC DEBUG: justoneday 2016 118 /caldera/projects/usgs/water/impd/skagone/r37.0_tile0
12:03:47 ET_MOSAIC DEBUG: justoneday 2016 119 /caldera/projects/usgs/water/impd/skagone/r37.0_tile0
12:06:10 ET_MOSAIC DEBUG: justoneday 2016 120 /caldera/projects/usgs/water/impd/skagone/r37.0_tile0
12:08:34 ET_MOSAIC DEBUG: justoneday 2016 121 /caldera/projects/usgs/water/impd/skagone/r37.0_tile0
12:11:01 ET_MOSAIC DEBUG: justoneday 2016 122 /caldera/projects/usgs/water/impd/skagone/r37.0_tile0
12:13:19 ET_MOSAIC DEBUG: justoneday 2016 123 /caldera/projects/usgs/water/impd/skagone/r37.0_tile0
12:15:41 ET_MOSAIC DEBUG: justoneday 2016 124 /caldera/projects/usgs/water/impd/skagone/r37.0_tile0
12:18:00 ET_MOSAIC DEBUG: justoneday 2016 125 /caldera/projects/usgs/water/impd/skagone/r37.0_tile0
12:20:19 ET_MOSAIC DEBUG: justoneday 2016 126 /caldera/projects/usgs/water/impd/skagone/r37.0_tile0
12:22:38 ET_MOSAIC DEBUG: justoneday 2016 127 /caldera/projects/usgs/water/impd/skagone/r37.0_tile0
12:24:55 ET_MOSAIC DEBUG: justoneday 2016 128 /caldera/projects/usgs/water/impd/skagone/r37.0_tile0
12:27:15 ET_MOSAIC DEBUG: justoneday 2016 129 /caldera/projects/usgs/water/impd/skagone/r37.0_tile0
12:29:38 ET_MOSAIC DEBUG: justoneday 2016 130 /caldera/projects/usgs/water/impd/skagone/r37.0_tile0
12:32:05 ET_MOSAIC DEBUG: justoneday 2016 131 /caldera/projects/usgs/water/impd/skagone/r37.0_tile0
12:34:19 ET_MOSAIC DEBUG: justoneday 2016 132 /caldera/projects/usgs/water/impd/skagone/r37.0_tile0
12:36:37 ET_MOSAIC DEBUG: justoneday 2016 133 /caldera/projects/usgs/water/impd/skagone/r37.0_tile0
12:38:50 ET_MOSAIC DEBUG: justoneday 2016 134 /caldera/projects/usgs/water/impd/skagone/r37.0_tile0
12:41:08 ET_MOSAIC DEBUG: justoneday 2016 135 /caldera/projects/usgs/water/impd/skagone/r37.0_tile0
12:43:23 ET_MOSAIC DEBUG: justoneday 2016 136 /caldera/projects/usgs/water/impd/skagone/r37.0_tile0
12:45:30 ET_MOSAIC DEBUG: justoneday 2016 137 /caldera/projects/usgs/water/impd/skagone/r37.0_tile0
12:47:49 ET_MOSAIC DEBUG: justoneday 2016 138 /caldera/projects/usgs/water/impd/skagone/r37.0_tile0
12:49:57 ET_MOSAIC DEBUG: justoneday 2016 139 /caldera/projects/usgs/water/impd/skagone/r37.0_tile0
12:52:00 ET_MOSAIC DEBUG: justoneday 2016 140 /caldera/projects/usgs/water/impd/skagone/r37.0_tile0
12:54:07 ET_MOSAIC DEBUG: justoneday 2016 141 /caldera/projects/usgs/water/impd/skagone/r37.0_tile0
12:56:10 ET_MOSAIC DEBUG: justoneday 2016 142 /caldera/projects/usgs/water/impd/skagone/r37.0_tile0
12:58:14 ET_MOSAIC DEBUG: justoneday 2016 143 /caldera/projects/usgs/water/impd/skagone/r37.0_tile0
13:00:25 ET_MOSAIC DEBUG: justoneday 2016 144 /caldera/projects/usgs/water/impd/skagone/r37.0_tile0
13:02:29 ET_MOSAIC DEBUG: justoneday 2016 145 /caldera/projects/usgs/water/impd/skagone/r37.0_tile0
13:04:32 ET_MOSAIC DEBUG: justoneday 2016 146 /caldera/projects/usgs/water/impd/skagone/r37.0_tile0
13:06:40 ET_MOSAIC DEBUG: justoneday 2016 147 /caldera/projects/usgs/water/impd/skagone/r37.0_tile0
13:08:47 ET_MOSAIC DEBUG: justoneday 2016 148 /caldera/projects/usgs/water/impd/skagone/r37.0_tile0
13:10:56 ET_MOSAIC DEBUG: justoneday 2016 149 /caldera/projects/usgs/water/impd/skagone/r37.0_tile0
13:13:08 ET_MOSAIC DEBUG: justoneday 2016 150 /caldera/projects/usgs/water/impd/skagone/r37.0_tile0
13:15:23 ET_MOSAIC DEBUG: justoneday 2016 151 /caldera/projects/usgs/water/impd/skagone/r37.0_tile0
13:17:30 ET_MOSAIC DEBUG: justoneday 2016 152 /caldera/projects/usgs/water/impd/skagone/r37.0_tile0
13:19:48 ET_MOSAIC DEBUG: justoneday 2016 153 /caldera/projects/usgs/water/impd/skagone/r37.0_tile0
13:21:59 ET_MOSAIC DEBUG: justoneday 2016 154 /caldera/projects/usgs/water/impd/skagone/r37.0_tile0
13:24:20 ET_MOSAIC DEBUG: justoneday 2016 155 /caldera/projects/usgs/water/impd/skagone/r37.0_tile0
13:26:40 ET_MOSAIC DEBUG: justoneday 2016 156 /caldera/projects/usgs/water/impd/skagone/r37.0_tile0
13:29:03 ET_MOSAIC DEBUG: justoneday 2016 157 /caldera/projects/usgs/water/impd/skagone/r37.0_tile0
13:31:29 ET_MOSAIC DEBUG: justoneday 2016 158 /caldera/projects/usgs/water/impd/skagone/r37.0_tile0
13:34:05 ET_MOSAIC DEBUG: justoneday 2016 159 /caldera/projects/usgs/water/impd/skagone/r37.0_tile0
13:36:16 ET_MOSAIC DEBUG: justoneday 2016 160 /caldera/projects/usgs/water/impd/skagone/r37.0_tile0
13:38:19 ET_MOSAIC DEBUG: justoneday 2016 161 /caldera/projects/usgs/water/impd/skagone/r37.0_tile0
13:40:21 ET_MOSAIC DEBUG: justoneday 2016 162 /caldera/projects/usgs/water/impd/skagone/r37.0_tile0
13:42:23 ET_MOSAIC DEBUG: justoneday 2016 163 /caldera/projects/usgs/water/impd/skagone/r37.0_tile0
13:44:26 ET_MOSAIC DEBUG: justoneday 2016 164 /caldera/projects/usgs/water/impd/skagone/r37.0_tile0
13:46:26 ET_MOSAIC DEBUG: justoneday 2016 165 /caldera/projects/usgs/water/impd/skagone/r37.0_tile0
13:48:28 ET_MOSAIC DEBUG: justoneday 2016 166 /caldera/projects/usgs/water/impd/skagone/r37.0_tile0
13:50:30 ET_MOSAIC DEBUG: justoneday 2016 167 /caldera/projects/usgs/water/impd/skagone/r37.0_tile0
13:52:31 ET_MOSAIC DEBUG: justoneday 2016 168 /caldera/projects/usgs/water/impd/skagone/r37.0_tile0
13:54:33 ET_MOSAIC DEBUG: justoneday 2016 169 /caldera/projects/usgs/water/impd/skagone/r37.0_tile0
13:56:34 ET_MOSAIC DEBUG: justoneday 2016 170 /caldera/projects/usgs/water/impd/skagone/r37.0_tile0
13:58:27 ET_MOSAIC DEBUG: justoneday 2016 171 /caldera/projects/usgs/water/impd/skagone/r37.0_tile0
14:00:30 ET_MOSAIC DEBUG: justoneday 2016 172 /caldera/projects/usgs/water/impd/skagone/r37.0_tile0
14:02:35 ET_MOSAIC DEBUG: justoneday 2016 173 /caldera/projects/usgs/water/impd/skagone/r37.0_tile0
14:04:38 ET_MOSAIC DEBUG: justoneday 2016 174 /caldera/projects/usgs/water/impd/skagone/r37.0_tile0
14:06:45 ET_MOSAIC DEBUG: justoneday 2016 175 /caldera/projects/usgs/water/impd/skagone/r37.0_tile0
14:08:53 ET_MOSAIC DEBUG: justoneday 2016 176 /caldera/projects/usgs/water/impd/skagone/r37.0_tile0
14:11:02 ET_MOSAIC DEBUG: justoneday 2016 177 /caldera/projects/usgs/water/impd/skagone/r37.0_tile0
14:13:11 ET_MOSAIC DEBUG: justoneday 2016 178 /caldera/projects/usgs/water/impd/skagone/r37.0_tile0
14:15:21 ET_MOSAIC DEBUG: justoneday 2016 179 /caldera/projects/usgs/water/impd/skagone/r37.0_tile0
14:17:32 ET_MOSAIC DEBUG: justoneday 2016 180 /caldera/projects/usgs/water/impd/skagone/r37.0_tile0
14:19:44 ET_MOSAIC DEBUG: justoneday 2016 181 /caldera/projects/usgs/water/impd/skagone/r37.0_tile0
14:21:57 ET_MOSAIC DEBUG: justoneday 2016 182 /caldera/projects/usgs/water/impd/skagone/r37.0_tile0
14:24:12 ET_MOSAIC DEBUG: justoneday 2016 183 /caldera/projects/usgs/water/impd/skagone/r37.0_tile0
14:26:26 ET_MOSAIC DEBUG: justoneday 2016 184 /caldera/projects/usgs/water/impd/skagone/r37.0_tile0
14:28:45 ET_MOSAIC DEBUG: justoneday 2016 185 /caldera/projects/usgs/water/impd/skagone/r37.0_tile0
14:30:56 ET_MOSAIC DEBUG: justoneday 2016 186 /caldera/projects/usgs/water/impd/skagone/r37.0_tile0
14:33:27 ET_MOSAIC DEBUG: justoneday 2016 187 /caldera/projects/usgs/water/impd/skagone/r37.0_tile0
14:35:54 ET_MOSAIC DEBUG: justoneday 2016 188 /caldera/projects/usgs/water/impd/skagone/r37.0_tile0
14:38:25 ET_MOSAIC DEBUG: justoneday 2016 189 /caldera/projects/usgs/water/impd/skagone/r37.0_tile0
14:40:52 ET_MOSAIC DEBUG: justoneday 2016 190 /caldera/projects/usgs/water/impd/skagone/r37.0_tile0
14:43:23 ET_MOSAIC DEBUG: justoneday 2016 191 /caldera/projects/usgs/water/impd/skagone/r37.0_tile0
14:45:53 ET_MOSAIC DEBUG: justoneday 2016 192 /caldera/projects/usgs/water/impd/skagone/r37.0_tile0
14:48:09 ET_MOSAIC DEBUG: justoneday 2016 193 /caldera/projects/usgs/water/impd/skagone/r37.0_tile0
14:50:38 ET_MOSAIC DEBUG: justoneday 2016 194 /caldera/projects/usgs/water/impd/skagone/r37.0_tile0
14:53:04 ET_MOSAIC DEBUG: justoneday 2016 195 /caldera/projects/usgs/water/impd/skagone/r37.0_tile0
14:55:34 ET_MOSAIC DEBUG: justoneday 2016 196 /caldera/projects/usgs/water/impd/skagone/r37.0_tile0
14:58:10 ET_MOSAIC DEBUG: justoneday 2016 197 /caldera/projects/usgs/water/impd/skagone/r37.0_tile0
15:00:44 ET_MOSAIC DEBUG: justoneday 2016 198 /caldera/projects/usgs/water/impd/skagone/r37.0_tile0
15:03:13 ET_MOSAIC DEBUG: justoneday 2016 199 /caldera/projects/usgs/water/impd/skagone/r37.0_tile0
15:05:47 ET_MOSAIC DEBUG: justoneday 2016 200 /caldera/projects/usgs/water/impd/skagone/r37.0_tile0
15:08:20 ET_MOSAIC DEBUG: justoneday 2016 201 /caldera/projects/usgs/water/impd/skagone/r37.0_tile0
15:10:54 ET_MOSAIC DEBUG: justoneday 2016 202 /caldera/projects/usgs/water/impd/skagone/r37.0_tile0
15:13:28 ET_MOSAIC DEBUG: justoneday 2016 203 /caldera/projects/usgs/water/impd/skagone/r37.0_tile0
15:15:58 ET_MOSAIC DEBUG: justoneday 2016 204 /caldera/projects/usgs/water/impd/skagone/r37.0_tile0
15:18:30 ET_MOSAIC DEBUG: justoneday 2016 205 /caldera/projects/usgs/water/impd/skagone/r37.0_tile0
15:20:58 ET_MOSAIC DEBUG: justoneday 2016 206 /caldera/projects/usgs/water/impd/skagone/r37.0_tile0
15:23:33 ET_MOSAIC DEBUG: justoneday 2016 207 /caldera/projects/usgs/water/impd/skagone/r37.0_tile0
15:26:08 ET_MOSAIC DEBUG: justoneday 2016 208 /caldera/projects/usgs/water/impd/skagone/r37.0_tile0
15:28:44 ET_MOSAIC DEBUG: justoneday 2016 209 /caldera/projects/usgs/water/impd/skagone/r37.0_tile0
15:31:15 ET_MOSAIC DEBUG: justoneday 2016 210 /caldera/projects/usgs/water/impd/skagone/r37.0_tile0
15:33:48 ET_MOSAIC DEBUG: justoneday 2016 211 /caldera/projects/usgs/water/impd/skagone/r37.0_tile0
15:36:21 ET_MOSAIC DEBUG: justoneday 2016 212 /caldera/projects/usgs/water/impd/skagone/r37.0_tile0
15:38:48 ET_MOSAIC DEBUG: justoneday 2016 213 /caldera/projects/usgs/water/impd/skagone/r37.0_tile0
15:41:14 ET_MOSAIC DEBUG: justoneday 2016 214 /caldera/projects/usgs/water/impd/skagone/r37.0_tile0
15:43:40 ET_MOSAIC DEBUG: justoneday 2016 215 /caldera/projects/usgs/water/impd/skagone/r37.0_tile0
15:46:11 ET_MOSAIC DEBUG: justoneday 2016 216 /caldera/projects/usgs/water/impd/skagone/r37.0_tile0
15:48:39 ET_MOSAIC DEBUG: justoneday 2016 217 /caldera/projects/usgs/water/impd/skagone/r37.0_tile0
15:51:11 ET_MOSAIC DEBUG: justoneday 2016 218 /caldera/projects/usgs/water/impd/skagone/r37.0_tile0
15:53:39 ET_MOSAIC DEBUG: justoneday 2016 219 /caldera/projects/usgs/water/impd/skagone/r37.0_tile0
15:56:08 ET_MOSAIC DEBUG: justoneday 2016 220 /caldera/projects/usgs/water/impd/skagone/r37.0_tile0
15:58:37 ET_MOSAIC DEBUG: justoneday 2016 221 /caldera/projects/usgs/water/impd/skagone/r37.0_tile0
16:01:06 ET_MOSAIC DEBUG: justoneday 2016 222 /caldera/projects/usgs/water/impd/skagone/r37.0_tile0
16:03:37 ET_MOSAIC DEBUG: justoneday 2016 223 /caldera/projects/usgs/water/impd/skagone/r37.0_tile0
16:06:09 ET_MOSAIC DEBUG: justoneday 2016 224 /caldera/projects/usgs/water/impd/skagone/r37.0_tile0
16:08:39 ET_MOSAIC DEBUG: justoneday 2016 225 /caldera/projects/usgs/water/impd/skagone/r37.0_tile0
16:11:02 ET_MOSAIC DEBUG: justoneday 2016 226 /caldera/projects/usgs/water/impd/skagone/r37.0_tile0
16:13:24 ET_MOSAIC DEBUG: justoneday 2016 227 /caldera/projects/usgs/water/impd/skagone/r37.0_tile0
16:15:41 ET_MOSAIC DEBUG: justoneday 2016 228 /caldera/projects/usgs/water/impd/skagone/r37.0_tile0
16:18:00 ET_MOSAIC DEBUG: justoneday 2016 229 /caldera/projects/usgs/water/impd/skagone/r37.0_tile0
16:20:19 ET_MOSAIC DEBUG: justoneday 2016 230 /caldera/projects/usgs/water/impd/skagone/r37.0_tile0
16:22:36 ET_MOSAIC DEBUG: justoneday 2016 231 /caldera/projects/usgs/water/impd/skagone/r37.0_tile0
16:24:58 ET_MOSAIC DEBUG: justoneday 2016 232 /caldera/projects/usgs/water/impd/skagone/r37.0_tile0
16:27:25 ET_MOSAIC DEBUG: justoneday 2016 233 /caldera/projects/usgs/water/impd/skagone/r37.0_tile0
16:29:41 ET_MOSAIC DEBUG: justoneday 2016 234 /caldera/projects/usgs/water/impd/skagone/r37.0_tile0
16:32:03 ET_MOSAIC DEBUG: justoneday 2016 235 /caldera/projects/usgs/water/impd/skagone/r37.0_tile0
16:34:29 ET_MOSAIC DEBUG: justoneday 2016 236 /caldera/projects/usgs/water/impd/skagone/r37.0_tile0
16:36:54 ET_MOSAIC DEBUG: justoneday 2016 237 /caldera/projects/usgs/water/impd/skagone/r37.0_tile0
16:39:21 ET_MOSAIC DEBUG: justoneday 2016 238 /caldera/projects/usgs/water/impd/skagone/r37.0_tile0
16:41:50 ET_MOSAIC DEBUG: justoneday 2016 239 /caldera/projects/usgs/water/impd/skagone/r37.0_tile0
16:44:26 ET_MOSAIC DEBUG: justoneday 2016 240 /caldera/projects/usgs/water/impd/skagone/r37.0_tile0
16:47:01 ET_MOSAIC DEBUG: justoneday 2016 241 /caldera/projects/usgs/water/impd/skagone/r37.0_tile0
16:49:34 ET_MOSAIC DEBUG: justoneday 2016 242 /caldera/projects/usgs/water/impd/skagone/r37.0_tile0
16:52:11 ET_MOSAIC DEBUG: justoneday 2016 243 /caldera/projects/usgs/water/impd/skagone/r37.0_tile0
16:54:42 ET_MOSAIC DEBUG: justoneday 2016 244 /caldera/projects/usgs/water/impd/skagone/r37.0_tile0
16:57:13 ET_MOSAIC DEBUG: justoneday 2016 245 /caldera/projects/usgs/water/impd/skagone/r37.0_tile0
16:59:43 ET_MOSAIC DEBUG: justoneday 2016 246 /caldera/projects/usgs/water/impd/skagone/r37.0_tile0
17:02:08 ET_MOSAIC DEBUG: justoneday 2016 247 /caldera/projects/usgs/water/impd/skagone/r37.0_tile0
17:04:35 ET_MOSAIC DEBUG: justoneday 2016 248 /caldera/projects/usgs/water/impd/skagone/r37.0_tile0
17:07:11 ET_MOSAIC DEBUG: justoneday 2016 249 /caldera/projects/usgs/water/impd/skagone/r37.0_tile0
17:09:50 ET_MOSAIC DEBUG: justoneday 2016 250 /caldera/projects/usgs/water/impd/skagone/r37.0_tile0
17:12:28 ET_MOSAIC DEBUG: justoneday 2016 251 /caldera/projects/usgs/water/impd/skagone/r37.0_tile0
17:14:52 ET_MOSAIC DEBUG: justoneday 2016 252 /caldera/projects/usgs/water/impd/skagone/r37.0_tile0
17:17:27 ET_MOSAIC DEBUG: justoneday 2016 253 /caldera/projects/usgs/water/impd/skagone/r37.0_tile0
17:19:46 ET_MOSAIC DEBUG: justoneday 2016 254 /caldera/projects/usgs/water/impd/skagone/r37.0_tile0
17:22:06 ET_MOSAIC DEBUG: justoneday 2016 255 /caldera/projects/usgs/water/impd/skagone/r37.0_tile0
17:24:27 ET_MOSAIC DEBUG: justoneday 2016 256 /caldera/projects/usgs/water/impd/skagone/r37.0_tile0
17:26:50 ET_MOSAIC DEBUG: justoneday 2016 257 /caldera/projects/usgs/water/impd/skagone/r37.0_tile0
17:29:09 ET_MOSAIC DEBUG: justoneday 2016 258 /caldera/projects/usgs/water/impd/skagone/r37.0_tile0
17:31:32 ET_MOSAIC DEBUG: justoneday 2016 259 /caldera/projects/usgs/water/impd/skagone/r37.0_tile0
17:33:57 ET_MOSAIC DEBUG: justoneday 2016 260 /caldera/projects/usgs/water/impd/skagone/r37.0_tile0
17:36:19 ET_MOSAIC DEBUG: justoneday 2016 261 /caldera/projects/usgs/water/impd/skagone/r37.0_tile0
17:38:39 ET_MOSAIC DEBUG: justoneday 2016 262 /caldera/projects/usgs/water/impd/skagone/r37.0_tile0
17:41:00 ET_MOSAIC DEBUG: justoneday 2016 263 /caldera/projects/usgs/water/impd/skagone/r37.0_tile0
17:43:22 ET_MOSAIC DEBUG: justoneday 2016 264 /caldera/projects/usgs/water/impd/skagone/r37.0_tile0
17:45:38 ET_MOSAIC DEBUG: justoneday 2016 265 /caldera/projects/usgs/water/impd/skagone/r37.0_tile0
17:48:00 ET_MOSAIC DEBUG: justoneday 2016 266 /caldera/projects/usgs/water/impd/skagone/r37.0_tile0
17:50:25 ET_MOSAIC DEBUG: justoneday 2016 267 /caldera/projects/usgs/water/impd/skagone/r37.0_tile0
17:52:53 ET_MOSAIC DEBUG: justoneday 2016 268 /caldera/projects/usgs/water/impd/skagone/r37.0_tile0
17:55:20 ET_MOSAIC DEBUG: justoneday 2016 269 /caldera/projects/usgs/water/impd/skagone/r37.0_tile0
17:57:50 ET_MOSAIC DEBUG: justoneday 2016 270 /caldera/projects/usgs/water/impd/skagone/r37.0_tile0
18:00:17 ET_MOSAIC DEBUG: justoneday 2016 271 /caldera/projects/usgs/water/impd/skagone/r37.0_tile0
18:02:49 ET_MOSAIC DEBUG: justoneday 2016 272 /caldera/projects/usgs/water/impd/skagone/r37.0_tile0
18:05:19 ET_MOSAIC DEBUG: justoneday 2016 273 /caldera/projects/usgs/water/impd/skagone/r37.0_tile0
18:07:56 ET_MOSAIC DEBUG: justoneday 2016 274 /caldera/projects/usgs/water/impd/skagone/r37.0_tile0
18:10:31 ET_MOSAIC DEBUG: justoneday 2016 275 /caldera/projects/usgs/water/impd/skagone/r37.0_tile0
18:13:11 ET_MOSAIC DEBUG: justoneday 2016 276 /caldera/projects/usgs/water/impd/skagone/r37.0_tile0
18:15:50 ET_MOSAIC DEBUG: justoneday 2016 277 /caldera/projects/usgs/water/impd/skagone/r37.0_tile0
18:18:29 ET_MOSAIC DEBUG: justoneday 2016 278 /caldera/projects/usgs/water/impd/skagone/r37.0_tile0
18:21:07 ET_MOSAIC DEBUG: justoneday 2016 279 /caldera/projects/usgs/water/impd/skagone/r37.0_tile0
18:23:42 ET_MOSAIC DEBUG: justoneday 2016 280 /caldera/projects/usgs/water/impd/skagone/r37.0_tile0
18:26:20 ET_MOSAIC DEBUG: justoneday 2016 281 /caldera/projects/usgs/water/impd/skagone/r37.0_tile0
18:28:55 ET_MOSAIC DEBUG: justoneday 2016 282 /caldera/projects/usgs/water/impd/skagone/r37.0_tile0
18:31:33 ET_MOSAIC DEBUG: justoneday 2016 283 /caldera/projects/usgs/water/impd/skagone/r37.0_tile0
18:34:12 ET_MOSAIC DEBUG: justoneday 2016 284 /caldera/projects/usgs/water/impd/skagone/r37.0_tile0
18:36:54 ET_MOSAIC DEBUG: justoneday 2016 285 /caldera/projects/usgs/water/impd/skagone/r37.0_tile0
18:39:33 ET_MOSAIC DEBUG: justoneday 2016 286 /caldera/projects/usgs/water/impd/skagone/r37.0_tile0
18:42:14 ET_MOSAIC DEBUG: justoneday 2016 287 /caldera/projects/usgs/water/impd/skagone/r37.0_tile0
18:44:53 ET_MOSAIC DEBUG: justoneday 2016 288 /caldera/projects/usgs/water/impd/skagone/r37.0_tile0
18:47:29 ET_MOSAIC DEBUG: justoneday 2016 289 /caldera/projects/usgs/water/impd/skagone/r37.0_tile0
18:50:10 ET_MOSAIC DEBUG: justoneday 2016 290 /caldera/projects/usgs/water/impd/skagone/r37.0_tile0
18:52:49 ET_MOSAIC DEBUG: justoneday 2016 291 /caldera/projects/usgs/water/impd/skagone/r37.0_tile0
18:55:27 ET_MOSAIC DEBUG: justoneday 2016 292 /caldera/projects/usgs/water/impd/skagone/r37.0_tile0
18:57:59 ET_MOSAIC DEBUG: justoneday 2016 293 /caldera/projects/usgs/water/impd/skagone/r37.0_tile0
19:00:28 ET_MOSAIC DEBUG: justoneday 2016 294 /caldera/projects/usgs/water/impd/skagone/r37.0_tile0
19:02:56 ET_MOSAIC DEBUG: justoneday 2016 295 /caldera/projects/usgs/water/impd/skagone/r37.0_tile0
19:05:25 ET_MOSAIC DEBUG: justoneday 2016 296 /caldera/projects/usgs/water/impd/skagone/r37.0_tile0
19:07:55 ET_MOSAIC DEBUG: justoneday 2016 297 /caldera/projects/usgs/water/impd/skagone/r37.0_tile0
19:10:25 ET_MOSAIC DEBUG: justoneday 2016 298 /caldera/projects/usgs/water/impd/skagone/r37.0_tile0
19:12:56 ET_MOSAIC DEBUG: justoneday 2016 299 /caldera/projects/usgs/water/impd/skagone/r37.0_tile0
19:15:34 ET_MOSAIC DEBUG: justoneday 2016 300 /caldera/projects/usgs/water/impd/skagone/r37.0_tile0
19:18:11 ET_MOSAIC DEBUG: justoneday 2016 301 /caldera/projects/usgs/water/impd/skagone/r37.0_tile0
19:20:44 ET_MOSAIC DEBUG: justoneday 2016 302 /caldera/projects/usgs/water/impd/skagone/r37.0_tile0
19:23:13 ET_MOSAIC DEBUG: justoneday 2016 303 /caldera/projects/usgs/water/impd/skagone/r37.0_tile0
19:25:42 ET_MOSAIC DEBUG: justoneday 2016 304 /caldera/projects/usgs/water/impd/skagone/r37.0_tile0
19:28:11 ET_MOSAIC DEBUG: justoneday 2016 305 /caldera/projects/usgs/water/impd/skagone/r37.0_tile0
19:30:43 ET_MOSAIC DEBUG: justoneday 2016 306 /caldera/projects/usgs/water/impd/skagone/r37.0_tile0
19:33:15 ET_MOSAIC DEBUG: justoneday 2016 307 /caldera/projects/usgs/water/impd/skagone/r37.0_tile0
19:35:46 ET_MOSAIC DEBUG: justoneday 2016 308 /caldera/projects/usgs/water/impd/skagone/r37.0_tile0
19:38:22 ET_MOSAIC DEBUG: justoneday 2016 309 /caldera/projects/usgs/water/impd/skagone/r37.0_tile0
19:40:47 ET_MOSAIC DEBUG: justoneday 2016 310 /caldera/projects/usgs/water/impd/skagone/r37.0_tile0
19:43:16 ET_MOSAIC DEBUG: justoneday 2016 311 /caldera/projects/usgs/water/impd/skagone/r37.0_tile0
19:45:47 ET_MOSAIC DEBUG: justoneday 2016 312 /caldera/projects/usgs/water/impd/skagone/r37.0_tile0
19:48:22 ET_MOSAIC DEBUG: justoneday 2016 313 /caldera/projects/usgs/water/impd/skagone/r37.0_tile0
19:50:59 ET_MOSAIC DEBUG: justoneday 2016 314 /caldera/projects/usgs/water/impd/skagone/r37.0_tile0
19:53:36 ET_MOSAIC DEBUG: justoneday 2016 315 /caldera/projects/usgs/water/impd/skagone/r37.0_tile0
19:56:16 ET_MOSAIC DEBUG: justoneday 2016 316 /caldera/projects/usgs/water/impd/skagone/r37.0_tile0
19:58:53 ET_MOSAIC DEBUG: justoneday 2016 317 /caldera/projects/usgs/water/impd/skagone/r37.0_tile0
20:01:34 ET_MOSAIC DEBUG: justoneday 2016 318 /caldera/projects/usgs/water/impd/skagone/r37.0_tile0
20:04:11 ET_MOSAIC DEBUG: justoneday 2016 319 /caldera/projects/usgs/water/impd/skagone/r37.0_tile0
20:06:50 ET_MOSAIC DEBUG: justoneday 2016 320 /caldera/projects/usgs/water/impd/skagone/r37.0_tile0
20:09:29 ET_MOSAIC DEBUG: justoneday 2016 321 /caldera/projects/usgs/water/impd/skagone/r37.0_tile0
20:12:09 ET_MOSAIC DEBUG: justoneday 2016 322 /caldera/projects/usgs/water/impd/skagone/r37.0_tile0
20:14:50 ET_MOSAIC DEBUG: justoneday 2016 323 /caldera/projects/usgs/water/impd/skagone/r37.0_tile0
20:17:24 ET_MOSAIC DEBUG: justoneday 2016 324 /caldera/projects/usgs/water/impd/skagone/r37.0_tile0
20:19:51 ET_MOSAIC DEBUG: justoneday 2016 325 /caldera/projects/usgs/water/impd/skagone/r37.0_tile0
20:22:13 ET_MOSAIC DEBUG: justoneday 2016 326 /caldera/projects/usgs/water/impd/skagone/r37.0_tile0
20:24:36 ET_MOSAIC DEBUG: justoneday 2016 327 /caldera/projects/usgs/water/impd/skagone/r37.0_tile0
20:26:58 ET_MOSAIC DEBUG: justoneday 2016 328 /caldera/projects/usgs/water/impd/skagone/r37.0_tile0
20:29:19 ET_MOSAIC DEBUG: justoneday 2016 329 /caldera/projects/usgs/water/impd/skagone/r37.0_tile0
20:31:44 ET_MOSAIC DEBUG: justoneday 2016 330 /caldera/projects/usgs/water/impd/skagone/r37.0_tile0
20:34:07 ET_MOSAIC DEBUG: justoneday 2016 331 /caldera/projects/usgs/water/impd/skagone/r37.0_tile0
20:36:32 ET_MOSAIC DEBUG: justoneday 2016 332 /caldera/projects/usgs/water/impd/skagone/r37.0_tile0
20:38:59 ET_MOSAIC DEBUG: justoneday 2016 333 /caldera/projects/usgs/water/impd/skagone/r37.0_tile0
20:41:30 ET_MOSAIC DEBUG: justoneday 2016 334 /caldera/projects/usgs/water/impd/skagone/r37.0_tile0
20:44:00 ET_MOSAIC DEBUG: justoneday 2016 335 /caldera/projects/usgs/water/impd/skagone/r37.0_tile0
20:46:31 ET_MOSAIC DEBUG: justoneday 2016 336 /caldera/projects/usgs/water/impd/skagone/r37.0_tile0
20:49:08 ET_MOSAIC DEBUG: justoneday 2016 337 /caldera/projects/usgs/water/impd/skagone/r37.0_tile0
20:51:33 ET_MOSAIC DEBUG: justoneday 2016 338 /caldera/projects/usgs/water/impd/skagone/r37.0_tile0
20:54:03 ET_MOSAIC DEBUG: justoneday 2016 339 /caldera/projects/usgs/water/impd/skagone/r37.0_tile0
20:56:30 ET_MOSAIC DEBUG: justoneday 2016 340 /caldera/projects/usgs/water/impd/skagone/r37.0_tile0
20:58:59 ET_MOSAIC DEBUG: justoneday 2016 341 /caldera/projects/usgs/water/impd/skagone/r37.0_tile0
21:01:29 ET_MOSAIC DEBUG: justoneday 2016 342 /caldera/projects/usgs/water/impd/skagone/r37.0_tile0
21:04:14 ET_MOSAIC DEBUG: justoneday 2016 343 /caldera/projects/usgs/water/impd/skagone/r37.0_tile0
21:06:38 ET_MOSAIC DEBUG: justoneday 2016 344 /caldera/projects/usgs/water/impd/skagone/r37.0_tile0
21:09:05 ET_MOSAIC DEBUG: justoneday 2016 345 /caldera/projects/usgs/water/impd/skagone/r37.0_tile0
21:11:30 ET_MOSAIC DEBUG: justoneday 2016 346 /caldera/projects/usgs/water/impd/skagone/r37.0_tile0
21:13:54 ET_MOSAIC DEBUG: justoneday 2016 347 /caldera/projects/usgs/water/impd/skagone/r37.0_tile0
21:16:18 ET_MOSAIC DEBUG: justoneday 2016 348 /caldera/projects/usgs/water/impd/skagone/r37.0_tile0
21:18:40 ET_MOSAIC DEBUG: justoneday 2016 349 /caldera/projects/usgs/water/impd/skagone/r37.0_tile0
21:21:00 ET_MOSAIC DEBUG: justoneday 2016 350 /caldera/projects/usgs/water/impd/skagone/r37.0_tile0
21:23:20 ET_MOSAIC DEBUG: justoneday 2016 351 /caldera/projects/usgs/water/impd/skagone/r37.0_tile0
21:25:40 ET_MOSAIC DEBUG: justoneday 2016 352 /caldera/projects/usgs/water/impd/skagone/r37.0_tile0
21:28:01 ET_MOSAIC DEBUG: justoneday 2016 353 /caldera/projects/usgs/water/impd/skagone/r37.0_tile0
21:30:18 ET_MOSAIC DEBUG: justoneday 2016 354 /caldera/projects/usgs/water/impd/skagone/r37.0_tile0
21:32:37 ET_MOSAIC DEBUG: justoneday 2016 355 /caldera/projects/usgs/water/impd/skagone/r37.0_tile0
21:35:01 ET_MOSAIC DEBUG: justoneday 2016 356 /caldera/projects/usgs/water/impd/skagone/r37.0_tile0
21:37:27 ET_MOSAIC DEBUG: justoneday 2016 357 /caldera/projects/usgs/water/impd/skagone/r37.0_tile0
21:39:55 ET_MOSAIC DEBUG: justoneday 2016 358 /caldera/projects/usgs/water/impd/skagone/r37.0_tile0
21:42:30 ET_MOSAIC DEBUG: justoneday 2016 359 /caldera/projects/usgs/water/impd/skagone/r37.0_tile0
21:45:04 ET_MOSAIC DEBUG: justoneday 2016 360 /caldera/projects/usgs/water/impd/skagone/r37.0_tile0
21:47:41 ET_MOSAIC DEBUG: justoneday 2016 361 /caldera/projects/usgs/water/impd/skagone/r37.0_tile0
21:50:16 ET_MOSAIC DEBUG: justoneday 2016 362 /caldera/projects/usgs/water/impd/skagone/r37.0_tile0
21:52:53 ET_MOSAIC DEBUG: justoneday 2016 363 /caldera/projects/usgs/water/impd/skagone/r37.0_tile0
21:55:18 ET_MOSAIC DEBUG: justoneday 2016 364 /caldera/projects/usgs/water/impd/skagone/r37.0_tile0
21:57:39 ET_MOSAIC DEBUG: justoneday 2016 365 /caldera/projects/usgs/water/impd/skagone/r37.0_tile0
21:59:58 ET_MOSAIC DEBUG: justoneday 2016 366 /caldera/projects/usgs/water/impd/skagone/r37.0_tile0
