21:56:22 ET_MOSAIC DEBUG: this is how you call one of your functions
21:56:22 ET_MOSAIC DEBUG: hello from Conus_mosaic class
21:56:22 ET_MOSAIC DEBUG: Mosaicking ['etasw'] in /caldera/projects/usgs/water/impd/skagone and put it in /caldera/projects/usgs/water/impd/skagone/conus_mos_completed/2017 for 2017
21:56:22 ET_MOSAIC DEBUG: run_mosaic
21:56:22 ET_MOSAIC DEBUG: Mosaic this product: etasw
21:56:22 ET_MOSAIC DEBUG: /caldera/projects/usgs/water/impd/skagone/
21:56:22 ET_MOSAIC DEBUG: justoneday 2017 1 /caldera/projects/usgs/water/impd/skagone/r37.0_tile0
Warning 1: +init=epsg:XXXX syntax is deprecated. It might return a CRS with a non-EPSG compliant axis order.
21:58:54 ET_MOSAIC DEBUG: justoneday 2017 2 /caldera/projects/usgs/water/impd/skagone/r37.0_tile0
22:01:18 ET_MOSAIC DEBUG: justoneday 2017 3 /caldera/projects/usgs/water/impd/skagone/r37.0_tile0
22:03:43 ET_MOSAIC DEBUG: justoneday 2017 4 /caldera/projects/usgs/water/impd/skagone/r37.0_tile0
22:06:05 ET_MOSAIC DEBUG: justoneday 2017 5 /caldera/projects/usgs/water/impd/skagone/r37.0_tile0
22:08:28 ET_MOSAIC DEBUG: justoneday 2017 6 /caldera/projects/usgs/water/impd/skagone/r37.0_tile0
22:10:23 ET_MOSAIC DEBUG: justoneday 2017 7 /caldera/projects/usgs/water/impd/skagone/r37.0_tile0
22:12:18 ET_MOSAIC DEBUG: justoneday 2017 8 /caldera/projects/usgs/water/impd/skagone/r37.0_tile0
22:14:11 ET_MOSAIC DEBUG: justoneday 2017 9 /caldera/projects/usgs/water/impd/skagone/r37.0_tile0
22:16:05 ET_MOSAIC DEBUG: justoneday 2017 10 /caldera/projects/usgs/water/impd/skagone/r37.0_tile0
22:17:58 ET_MOSAIC DEBUG: justoneday 2017 11 /caldera/projects/usgs/water/impd/skagone/r37.0_tile0
22:19:49 ET_MOSAIC DEBUG: justoneday 2017 12 /caldera/projects/usgs/water/impd/skagone/r37.0_tile0
22:21:40 ET_MOSAIC DEBUG: justoneday 2017 13 /caldera/projects/usgs/water/impd/skagone/r37.0_tile0
22:23:41 ET_MOSAIC DEBUG: justoneday 2017 14 /caldera/projects/usgs/water/impd/skagone/r37.0_tile0
22:25:42 ET_MOSAIC DEBUG: justoneday 2017 15 /caldera/projects/usgs/water/impd/skagone/r37.0_tile0
22:27:45 ET_MOSAIC DEBUG: justoneday 2017 16 /caldera/projects/usgs/water/impd/skagone/r37.0_tile0
22:29:51 ET_MOSAIC DEBUG: justoneday 2017 17 /caldera/projects/usgs/water/impd/skagone/r37.0_tile0
22:32:05 ET_MOSAIC DEBUG: justoneday 2017 18 /caldera/projects/usgs/water/impd/skagone/r37.0_tile0
22:34:23 ET_MOSAIC DEBUG: justoneday 2017 19 /caldera/projects/usgs/water/impd/skagone/r37.0_tile0
22:36:29 ET_MOSAIC DEBUG: justoneday 2017 20 /caldera/projects/usgs/water/impd/skagone/r37.0_tile0
22:38:40 ET_MOSAIC DEBUG: justoneday 2017 21 /caldera/projects/usgs/water/impd/skagone/r37.0_tile0
22:40:11 ET_MOSAIC DEBUG: justoneday 2017 22 /caldera/projects/usgs/water/impd/skagone/r37.0_tile0
22:41:53 ET_MOSAIC DEBUG: justoneday 2017 23 /caldera/projects/usgs/water/impd/skagone/r37.0_tile0
22:43:35 ET_MOSAIC DEBUG: justoneday 2017 24 /caldera/projects/usgs/water/impd/skagone/r37.0_tile0
22:45:17 ET_MOSAIC DEBUG: justoneday 2017 25 /caldera/projects/usgs/water/impd/skagone/r37.0_tile0
22:46:58 ET_MOSAIC DEBUG: justoneday 2017 26 /caldera/projects/usgs/water/impd/skagone/r37.0_tile0
22:48:39 ET_MOSAIC DEBUG: justoneday 2017 27 /caldera/projects/usgs/water/impd/skagone/r37.0_tile0
22:50:22 ET_MOSAIC DEBUG: justoneday 2017 28 /caldera/projects/usgs/water/impd/skagone/r37.0_tile0
22:52:02 ET_MOSAIC DEBUG: justoneday 2017 29 /caldera/projects/usgs/water/impd/skagone/r37.0_tile0
22:53:44 ET_MOSAIC DEBUG: justoneday 2017 30 /caldera/projects/usgs/water/impd/skagone/r37.0_tile0
22:55:26 ET_MOSAIC DEBUG: justoneday 2017 31 /caldera/projects/usgs/water/impd/skagone/r37.0_tile0
22:57:09 ET_MOSAIC DEBUG: justoneday 2017 32 /caldera/projects/usgs/water/impd/skagone/r37.0_tile0
22:58:52 ET_MOSAIC DEBUG: justoneday 2017 33 /caldera/projects/usgs/water/impd/skagone/r37.0_tile0
23:00:34 ET_MOSAIC DEBUG: justoneday 2017 34 /caldera/projects/usgs/water/impd/skagone/r37.0_tile0
23:02:18 ET_MOSAIC DEBUG: justoneday 2017 35 /caldera/projects/usgs/water/impd/skagone/r37.0_tile0
23:04:02 ET_MOSAIC DEBUG: justoneday 2017 36 /caldera/projects/usgs/water/impd/skagone/r37.0_tile0
23:05:33 ET_MOSAIC DEBUG: justoneday 2017 37 /caldera/projects/usgs/water/impd/skagone/r37.0_tile0
23:07:17 ET_MOSAIC DEBUG: justoneday 2017 38 /caldera/projects/usgs/water/impd/skagone/r37.0_tile0
23:08:59 ET_MOSAIC DEBUG: justoneday 2017 39 /caldera/projects/usgs/water/impd/skagone/r37.0_tile0
23:10:46 ET_MOSAIC DEBUG: justoneday 2017 40 /caldera/projects/usgs/water/impd/skagone/r37.0_tile0
23:12:43 ET_MOSAIC DEBUG: justoneday 2017 41 /caldera/projects/usgs/water/impd/skagone/r37.0_tile0
23:14:43 ET_MOSAIC DEBUG: justoneday 2017 42 /caldera/projects/usgs/water/impd/skagone/r37.0_tile0
23:16:52 ET_MOSAIC DEBUG: justoneday 2017 43 /caldera/projects/usgs/water/impd/skagone/r37.0_tile0
23:19:09 ET_MOSAIC DEBUG: justoneday 2017 44 /caldera/projects/usgs/water/impd/skagone/r37.0_tile0
23:21:24 ET_MOSAIC DEBUG: justoneday 2017 45 /caldera/projects/usgs/water/impd/skagone/r37.0_tile0
23:23:41 ET_MOSAIC DEBUG: justoneday 2017 46 /caldera/projects/usgs/water/impd/skagone/r37.0_tile0
23:26:08 ET_MOSAIC DEBUG: justoneday 2017 47 /caldera/projects/usgs/water/impd/skagone/r37.0_tile0
23:28:36 ET_MOSAIC DEBUG: justoneday 2017 48 /caldera/projects/usgs/water/impd/skagone/r37.0_tile0
23:31:01 ET_MOSAIC DEBUG: justoneday 2017 49 /caldera/projects/usgs/water/impd/skagone/r37.0_tile0
23:33:24 ET_MOSAIC DEBUG: justoneday 2017 50 /caldera/projects/usgs/water/impd/skagone/r37.0_tile0
23:35:55 ET_MOSAIC DEBUG: justoneday 2017 51 /caldera/projects/usgs/water/impd/skagone/r37.0_tile0
23:38:24 ET_MOSAIC DEBUG: justoneday 2017 52 /caldera/projects/usgs/water/impd/skagone/r37.0_tile0
23:40:57 ET_MOSAIC DEBUG: justoneday 2017 53 /caldera/projects/usgs/water/impd/skagone/r37.0_tile0
23:43:30 ET_MOSAIC DEBUG: justoneday 2017 54 /caldera/projects/usgs/water/impd/skagone/r37.0_tile0
23:45:52 ET_MOSAIC DEBUG: justoneday 2017 55 /caldera/projects/usgs/water/impd/skagone/r37.0_tile0
23:48:32 ET_MOSAIC DEBUG: justoneday 2017 56 /caldera/projects/usgs/water/impd/skagone/r37.0_tile0
23:51:03 ET_MOSAIC DEBUG: justoneday 2017 57 /caldera/projects/usgs/water/impd/skagone/r37.0_tile0
23:53:35 ET_MOSAIC DEBUG: justoneday 2017 58 /caldera/projects/usgs/water/impd/skagone/r37.0_tile0
23:56:12 ET_MOSAIC DEBUG: justoneday 2017 59 /caldera/projects/usgs/water/impd/skagone/r37.0_tile0
23:58:45 ET_MOSAIC DEBUG: justoneday 2017 60 /caldera/projects/usgs/water/impd/skagone/r37.0_tile0
00:01:17 ET_MOSAIC DEBUG: justoneday 2017 61 /caldera/projects/usgs/water/impd/skagone/r37.0_tile0
00:03:53 ET_MOSAIC DEBUG: justoneday 2017 62 /caldera/projects/usgs/water/impd/skagone/r37.0_tile0
00:06:31 ET_MOSAIC DEBUG: justoneday 2017 63 /caldera/projects/usgs/water/impd/skagone/r37.0_tile0
00:09:05 ET_MOSAIC DEBUG: justoneday 2017 64 /caldera/projects/usgs/water/impd/skagone/r37.0_tile0
00:11:18 ET_MOSAIC DEBUG: justoneday 2017 65 /caldera/projects/usgs/water/impd/skagone/r37.0_tile0
00:13:47 ET_MOSAIC DEBUG: justoneday 2017 66 /caldera/projects/usgs/water/impd/skagone/r37.0_tile0
00:16:09 ET_MOSAIC DEBUG: justoneday 2017 67 /caldera/projects/usgs/water/impd/skagone/r37.0_tile0
00:18:22 ET_MOSAIC DEBUG: justoneday 2017 68 /caldera/projects/usgs/water/impd/skagone/r37.0_tile0
00:20:48 ET_MOSAIC DEBUG: justoneday 2017 69 /caldera/projects/usgs/water/impd/skagone/r37.0_tile0
00:23:10 ET_MOSAIC DEBUG: justoneday 2017 70 /caldera/projects/usgs/water/impd/skagone/r37.0_tile0
00:25:41 ET_MOSAIC DEBUG: justoneday 2017 71 /caldera/projects/usgs/water/impd/skagone/r37.0_tile0
00:28:01 ET_MOSAIC DEBUG: justoneday 2017 72 /caldera/projects/usgs/water/impd/skagone/r37.0_tile0
00:30:27 ET_MOSAIC DEBUG: justoneday 2017 73 /caldera/projects/usgs/water/impd/skagone/r37.0_tile0
00:32:54 ET_MOSAIC DEBUG: justoneday 2017 74 /caldera/projects/usgs/water/impd/skagone/r37.0_tile0
00:35:28 ET_MOSAIC DEBUG: justoneday 2017 75 /caldera/projects/usgs/water/impd/skagone/r37.0_tile0
00:38:07 ET_MOSAIC DEBUG: justoneday 2017 76 /caldera/projects/usgs/water/impd/skagone/r37.0_tile0
00:40:31 ET_MOSAIC DEBUG: justoneday 2017 77 /caldera/projects/usgs/water/impd/skagone/r37.0_tile0
00:42:53 ET_MOSAIC DEBUG: justoneday 2017 78 /caldera/projects/usgs/water/impd/skagone/r37.0_tile0
00:45:21 ET_MOSAIC DEBUG: justoneday 2017 79 /caldera/projects/usgs/water/impd/skagone/r37.0_tile0
00:47:54 ET_MOSAIC DEBUG: justoneday 2017 80 /caldera/projects/usgs/water/impd/skagone/r37.0_tile0
00:50:21 ET_MOSAIC DEBUG: justoneday 2017 81 /caldera/projects/usgs/water/impd/skagone/r37.0_tile0
00:52:45 ET_MOSAIC DEBUG: justoneday 2017 82 /caldera/projects/usgs/water/impd/skagone/r37.0_tile0
00:55:14 ET_MOSAIC DEBUG: justoneday 2017 83 /caldera/projects/usgs/water/impd/skagone/r37.0_tile0
00:57:44 ET_MOSAIC DEBUG: justoneday 2017 84 /caldera/projects/usgs/water/impd/skagone/r37.0_tile0
01:00:11 ET_MOSAIC DEBUG: justoneday 2017 85 /caldera/projects/usgs/water/impd/skagone/r37.0_tile0
01:02:50 ET_MOSAIC DEBUG: justoneday 2017 86 /caldera/projects/usgs/water/impd/skagone/r37.0_tile0
01:05:17 ET_MOSAIC DEBUG: justoneday 2017 87 /caldera/projects/usgs/water/impd/skagone/r37.0_tile0
01:07:46 ET_MOSAIC DEBUG: justoneday 2017 88 /caldera/projects/usgs/water/impd/skagone/r37.0_tile0
01:10:10 ET_MOSAIC DEBUG: justoneday 2017 89 /caldera/projects/usgs/water/impd/skagone/r37.0_tile0
01:12:39 ET_MOSAIC DEBUG: justoneday 2017 90 /caldera/projects/usgs/water/impd/skagone/r37.0_tile0
01:15:15 ET_MOSAIC DEBUG: justoneday 2017 91 /caldera/projects/usgs/water/impd/skagone/r37.0_tile0
01:17:48 ET_MOSAIC DEBUG: justoneday 2017 92 /caldera/projects/usgs/water/impd/skagone/r37.0_tile0
01:20:06 ET_MOSAIC DEBUG: justoneday 2017 93 /caldera/projects/usgs/water/impd/skagone/r37.0_tile0
01:22:30 ET_MOSAIC DEBUG: justoneday 2017 94 /caldera/projects/usgs/water/impd/skagone/r37.0_tile0
01:24:56 ET_MOSAIC DEBUG: justoneday 2017 95 /caldera/projects/usgs/water/impd/skagone/r37.0_tile0
01:27:27 ET_MOSAIC DEBUG: justoneday 2017 96 /caldera/projects/usgs/water/impd/skagone/r37.0_tile0
01:30:09 ET_MOSAIC DEBUG: justoneday 2017 97 /caldera/projects/usgs/water/impd/skagone/r37.0_tile0
01:32:36 ET_MOSAIC DEBUG: justoneday 2017 98 /caldera/projects/usgs/water/impd/skagone/r37.0_tile0
01:34:52 ET_MOSAIC DEBUG: justoneday 2017 99 /caldera/projects/usgs/water/impd/skagone/r37.0_tile0
01:37:14 ET_MOSAIC DEBUG: justoneday 2017 100 /caldera/projects/usgs/water/impd/skagone/r37.0_tile0
01:39:47 ET_MOSAIC DEBUG: justoneday 2017 101 /caldera/projects/usgs/water/impd/skagone/r37.0_tile0
01:42:23 ET_MOSAIC DEBUG: justoneday 2017 102 /caldera/projects/usgs/water/impd/skagone/r37.0_tile0
01:45:03 ET_MOSAIC DEBUG: justoneday 2017 103 /caldera/projects/usgs/water/impd/skagone/r37.0_tile0
01:47:25 ET_MOSAIC DEBUG: justoneday 2017 104 /caldera/projects/usgs/water/impd/skagone/r37.0_tile0
01:49:53 ET_MOSAIC DEBUG: justoneday 2017 105 /caldera/projects/usgs/water/impd/skagone/r37.0_tile0
01:52:17 ET_MOSAIC DEBUG: justoneday 2017 106 /caldera/projects/usgs/water/impd/skagone/r37.0_tile0
01:54:49 ET_MOSAIC DEBUG: justoneday 2017 107 /caldera/projects/usgs/water/impd/skagone/r37.0_tile0
01:57:13 ET_MOSAIC DEBUG: justoneday 2017 108 /caldera/projects/usgs/water/impd/skagone/r37.0_tile0
01:59:42 ET_MOSAIC DEBUG: justoneday 2017 109 /caldera/projects/usgs/water/impd/skagone/r37.0_tile0
02:02:18 ET_MOSAIC DEBUG: justoneday 2017 110 /caldera/projects/usgs/water/impd/skagone/r37.0_tile0
02:04:52 ET_MOSAIC DEBUG: justoneday 2017 111 /caldera/projects/usgs/water/impd/skagone/r37.0_tile0
02:07:24 ET_MOSAIC DEBUG: justoneday 2017 112 /caldera/projects/usgs/water/impd/skagone/r37.0_tile0
02:09:52 ET_MOSAIC DEBUG: justoneday 2017 113 /caldera/projects/usgs/water/impd/skagone/r37.0_tile0
02:12:19 ET_MOSAIC DEBUG: justoneday 2017 114 /caldera/projects/usgs/water/impd/skagone/r37.0_tile0
02:14:50 ET_MOSAIC DEBUG: justoneday 2017 115 /caldera/projects/usgs/water/impd/skagone/r37.0_tile0
02:17:22 ET_MOSAIC DEBUG: justoneday 2017 116 /caldera/projects/usgs/water/impd/skagone/r37.0_tile0
02:19:41 ET_MOSAIC DEBUG: justoneday 2017 117 /caldera/projects/usgs/water/impd/skagone/r37.0_tile0
02:22:07 ET_MOSAIC DEBUG: justoneday 2017 118 /caldera/projects/usgs/water/impd/skagone/r37.0_tile0
02:24:32 ET_MOSAIC DEBUG: justoneday 2017 119 /caldera/projects/usgs/water/impd/skagone/r37.0_tile0
02:27:03 ET_MOSAIC DEBUG: justoneday 2017 120 /caldera/projects/usgs/water/impd/skagone/r37.0_tile0
02:29:37 ET_MOSAIC DEBUG: justoneday 2017 121 /caldera/projects/usgs/water/impd/skagone/r37.0_tile0
02:32:11 ET_MOSAIC DEBUG: justoneday 2017 122 /caldera/projects/usgs/water/impd/skagone/r37.0_tile0
02:34:40 ET_MOSAIC DEBUG: justoneday 2017 123 /caldera/projects/usgs/water/impd/skagone/r37.0_tile0
02:37:09 ET_MOSAIC DEBUG: justoneday 2017 124 /caldera/projects/usgs/water/impd/skagone/r37.0_tile0
02:39:44 ET_MOSAIC DEBUG: justoneday 2017 125 /caldera/projects/usgs/water/impd/skagone/r37.0_tile0
02:42:19 ET_MOSAIC DEBUG: justoneday 2017 126 /caldera/projects/usgs/water/impd/skagone/r37.0_tile0
02:44:58 ET_MOSAIC DEBUG: justoneday 2017 127 /caldera/projects/usgs/water/impd/skagone/r37.0_tile0
02:47:31 ET_MOSAIC DEBUG: justoneday 2017 128 /caldera/projects/usgs/water/impd/skagone/r37.0_tile0
02:50:07 ET_MOSAIC DEBUG: justoneday 2017 129 /caldera/projects/usgs/water/impd/skagone/r37.0_tile0
02:52:43 ET_MOSAIC DEBUG: justoneday 2017 130 /caldera/projects/usgs/water/impd/skagone/r37.0_tile0
02:55:06 ET_MOSAIC DEBUG: justoneday 2017 131 /caldera/projects/usgs/water/impd/skagone/r37.0_tile0
02:57:32 ET_MOSAIC DEBUG: justoneday 2017 132 /caldera/projects/usgs/water/impd/skagone/r37.0_tile0
03:00:06 ET_MOSAIC DEBUG: justoneday 2017 133 /caldera/projects/usgs/water/impd/skagone/r37.0_tile0
03:02:40 ET_MOSAIC DEBUG: justoneday 2017 134 /caldera/projects/usgs/water/impd/skagone/r37.0_tile0
03:05:16 ET_MOSAIC DEBUG: justoneday 2017 135 /caldera/projects/usgs/water/impd/skagone/r37.0_tile0
03:07:46 ET_MOSAIC DEBUG: justoneday 2017 136 /caldera/projects/usgs/water/impd/skagone/r37.0_tile0
03:10:22 ET_MOSAIC DEBUG: justoneday 2017 137 /caldera/projects/usgs/water/impd/skagone/r37.0_tile0
03:12:57 ET_MOSAIC DEBUG: justoneday 2017 138 /caldera/projects/usgs/water/impd/skagone/r37.0_tile0
03:15:34 ET_MOSAIC DEBUG: justoneday 2017 139 /caldera/projects/usgs/water/impd/skagone/r37.0_tile0
03:18:07 ET_MOSAIC DEBUG: justoneday 2017 140 /caldera/projects/usgs/water/impd/skagone/r37.0_tile0
03:20:47 ET_MOSAIC DEBUG: justoneday 2017 141 /caldera/projects/usgs/water/impd/skagone/r37.0_tile0
03:23:23 ET_MOSAIC DEBUG: justoneday 2017 142 /caldera/projects/usgs/water/impd/skagone/r37.0_tile0
03:25:50 ET_MOSAIC DEBUG: justoneday 2017 143 /caldera/projects/usgs/water/impd/skagone/r37.0_tile0
03:28:21 ET_MOSAIC DEBUG: justoneday 2017 144 /caldera/projects/usgs/water/impd/skagone/r37.0_tile0
03:30:53 ET_MOSAIC DEBUG: justoneday 2017 145 /caldera/projects/usgs/water/impd/skagone/r37.0_tile0
03:33:31 ET_MOSAIC DEBUG: justoneday 2017 146 /caldera/projects/usgs/water/impd/skagone/r37.0_tile0
03:36:03 ET_MOSAIC DEBUG: justoneday 2017 147 /caldera/projects/usgs/water/impd/skagone/r37.0_tile0
03:38:33 ET_MOSAIC DEBUG: justoneday 2017 148 /caldera/projects/usgs/water/impd/skagone/r37.0_tile0
03:41:05 ET_MOSAIC DEBUG: justoneday 2017 149 /caldera/projects/usgs/water/impd/skagone/r37.0_tile0
03:43:44 ET_MOSAIC DEBUG: justoneday 2017 150 /caldera/projects/usgs/water/impd/skagone/r37.0_tile0
03:46:24 ET_MOSAIC DEBUG: justoneday 2017 151 /caldera/projects/usgs/water/impd/skagone/r37.0_tile0
03:49:03 ET_MOSAIC DEBUG: justoneday 2017 152 /caldera/projects/usgs/water/impd/skagone/r37.0_tile0
03:51:34 ET_MOSAIC DEBUG: justoneday 2017 153 /caldera/projects/usgs/water/impd/skagone/r37.0_tile0
03:54:03 ET_MOSAIC DEBUG: justoneday 2017 154 /caldera/projects/usgs/water/impd/skagone/r37.0_tile0
03:56:43 ET_MOSAIC DEBUG: justoneday 2017 155 /caldera/projects/usgs/water/impd/skagone/r37.0_tile0
03:59:16 ET_MOSAIC DEBUG: justoneday 2017 156 /caldera/projects/usgs/water/impd/skagone/r37.0_tile0
04:01:38 ET_MOSAIC DEBUG: justoneday 2017 157 /caldera/projects/usgs/water/impd/skagone/r37.0_tile0
04:04:07 ET_MOSAIC DEBUG: justoneday 2017 158 /caldera/projects/usgs/water/impd/skagone/r37.0_tile0
04:06:40 ET_MOSAIC DEBUG: justoneday 2017 159 /caldera/projects/usgs/water/impd/skagone/r37.0_tile0
04:09:20 ET_MOSAIC DEBUG: justoneday 2017 160 /caldera/projects/usgs/water/impd/skagone/r37.0_tile0
04:11:52 ET_MOSAIC DEBUG: justoneday 2017 161 /caldera/projects/usgs/water/impd/skagone/r37.0_tile0
04:14:18 ET_MOSAIC DEBUG: justoneday 2017 162 /caldera/projects/usgs/water/impd/skagone/r37.0_tile0
04:16:49 ET_MOSAIC DEBUG: justoneday 2017 163 /caldera/projects/usgs/water/impd/skagone/r37.0_tile0
04:19:23 ET_MOSAIC DEBUG: justoneday 2017 164 /caldera/projects/usgs/water/impd/skagone/r37.0_tile0
04:22:02 ET_MOSAIC DEBUG: justoneday 2017 165 /caldera/projects/usgs/water/impd/skagone/r37.0_tile0
04:24:34 ET_MOSAIC DEBUG: justoneday 2017 166 /caldera/projects/usgs/water/impd/skagone/r37.0_tile0
04:26:59 ET_MOSAIC DEBUG: justoneday 2017 167 /caldera/projects/usgs/water/impd/skagone/r37.0_tile0
04:29:28 ET_MOSAIC DEBUG: justoneday 2017 168 /caldera/projects/usgs/water/impd/skagone/r37.0_tile0
04:32:05 ET_MOSAIC DEBUG: justoneday 2017 169 /caldera/projects/usgs/water/impd/skagone/r37.0_tile0
04:34:33 ET_MOSAIC DEBUG: justoneday 2017 170 /caldera/projects/usgs/water/impd/skagone/r37.0_tile0
04:37:01 ET_MOSAIC DEBUG: justoneday 2017 171 /caldera/projects/usgs/water/impd/skagone/r37.0_tile0
04:39:32 ET_MOSAIC DEBUG: justoneday 2017 172 /caldera/projects/usgs/water/impd/skagone/r37.0_tile0
04:42:09 ET_MOSAIC DEBUG: justoneday 2017 173 /caldera/projects/usgs/water/impd/skagone/r37.0_tile0
04:44:46 ET_MOSAIC DEBUG: justoneday 2017 174 /caldera/projects/usgs/water/impd/skagone/r37.0_tile0
04:47:28 ET_MOSAIC DEBUG: justoneday 2017 175 /caldera/projects/usgs/water/impd/skagone/r37.0_tile0
04:50:07 ET_MOSAIC DEBUG: justoneday 2017 176 /caldera/projects/usgs/water/impd/skagone/r37.0_tile0
04:52:44 ET_MOSAIC DEBUG: justoneday 2017 177 /caldera/projects/usgs/water/impd/skagone/r37.0_tile0
04:55:23 ET_MOSAIC DEBUG: justoneday 2017 178 /caldera/projects/usgs/water/impd/skagone/r37.0_tile0
04:58:01 ET_MOSAIC DEBUG: justoneday 2017 179 /caldera/projects/usgs/water/impd/skagone/r37.0_tile0
05:00:40 ET_MOSAIC DEBUG: justoneday 2017 180 /caldera/projects/usgs/water/impd/skagone/r37.0_tile0
05:03:17 ET_MOSAIC DEBUG: justoneday 2017 181 /caldera/projects/usgs/water/impd/skagone/r37.0_tile0
05:05:58 ET_MOSAIC DEBUG: justoneday 2017 182 /caldera/projects/usgs/water/impd/skagone/r37.0_tile0
05:08:35 ET_MOSAIC DEBUG: justoneday 2017 183 /caldera/projects/usgs/water/impd/skagone/r37.0_tile0
05:11:10 ET_MOSAIC DEBUG: justoneday 2017 184 /caldera/projects/usgs/water/impd/skagone/r37.0_tile0
05:13:46 ET_MOSAIC DEBUG: justoneday 2017 185 /caldera/projects/usgs/water/impd/skagone/r37.0_tile0
05:16:20 ET_MOSAIC DEBUG: justoneday 2017 186 /caldera/projects/usgs/water/impd/skagone/r37.0_tile0
05:18:57 ET_MOSAIC DEBUG: justoneday 2017 187 /caldera/projects/usgs/water/impd/skagone/r37.0_tile0
05:21:29 ET_MOSAIC DEBUG: justoneday 2017 188 /caldera/projects/usgs/water/impd/skagone/r37.0_tile0
05:23:54 ET_MOSAIC DEBUG: justoneday 2017 189 /caldera/projects/usgs/water/impd/skagone/r37.0_tile0
05:26:25 ET_MOSAIC DEBUG: justoneday 2017 190 /caldera/projects/usgs/water/impd/skagone/r37.0_tile0
05:28:59 ET_MOSAIC DEBUG: justoneday 2017 191 /caldera/projects/usgs/water/impd/skagone/r37.0_tile0
05:31:34 ET_MOSAIC DEBUG: justoneday 2017 192 /caldera/projects/usgs/water/impd/skagone/r37.0_tile0
05:34:02 ET_MOSAIC DEBUG: justoneday 2017 193 /caldera/projects/usgs/water/impd/skagone/r37.0_tile0
05:36:35 ET_MOSAIC DEBUG: justoneday 2017 194 /caldera/projects/usgs/water/impd/skagone/r37.0_tile0
05:39:01 ET_MOSAIC DEBUG: justoneday 2017 195 /caldera/projects/usgs/water/impd/skagone/r37.0_tile0
05:41:31 ET_MOSAIC DEBUG: justoneday 2017 196 /caldera/projects/usgs/water/impd/skagone/r37.0_tile0
05:44:05 ET_MOSAIC DEBUG: justoneday 2017 197 /caldera/projects/usgs/water/impd/skagone/r37.0_tile0
05:46:41 ET_MOSAIC DEBUG: justoneday 2017 198 /caldera/projects/usgs/water/impd/skagone/r37.0_tile0
05:49:10 ET_MOSAIC DEBUG: justoneday 2017 199 /caldera/projects/usgs/water/impd/skagone/r37.0_tile0
05:51:36 ET_MOSAIC DEBUG: justoneday 2017 200 /caldera/projects/usgs/water/impd/skagone/r37.0_tile0
05:54:00 ET_MOSAIC DEBUG: justoneday 2017 201 /caldera/projects/usgs/water/impd/skagone/r37.0_tile0
05:56:32 ET_MOSAIC DEBUG: justoneday 2017 202 /caldera/projects/usgs/water/impd/skagone/r37.0_tile0
05:59:05 ET_MOSAIC DEBUG: justoneday 2017 203 /caldera/projects/usgs/water/impd/skagone/r37.0_tile0
06:01:27 ET_MOSAIC DEBUG: justoneday 2017 204 /caldera/projects/usgs/water/impd/skagone/r37.0_tile0
06:03:57 ET_MOSAIC DEBUG: justoneday 2017 205 /caldera/projects/usgs/water/impd/skagone/r37.0_tile0
06:06:21 ET_MOSAIC DEBUG: justoneday 2017 206 /caldera/projects/usgs/water/impd/skagone/r37.0_tile0
06:08:44 ET_MOSAIC DEBUG: justoneday 2017 207 /caldera/projects/usgs/water/impd/skagone/r37.0_tile0
06:11:12 ET_MOSAIC DEBUG: justoneday 2017 208 /caldera/projects/usgs/water/impd/skagone/r37.0_tile0
06:13:36 ET_MOSAIC DEBUG: justoneday 2017 209 /caldera/projects/usgs/water/impd/skagone/r37.0_tile0
06:16:01 ET_MOSAIC DEBUG: justoneday 2017 210 /caldera/projects/usgs/water/impd/skagone/r37.0_tile0
06:18:32 ET_MOSAIC DEBUG: justoneday 2017 211 /caldera/projects/usgs/water/impd/skagone/r37.0_tile0
06:20:56 ET_MOSAIC DEBUG: justoneday 2017 212 /caldera/projects/usgs/water/impd/skagone/r37.0_tile0
06:23:22 ET_MOSAIC DEBUG: justoneday 2017 213 /caldera/projects/usgs/water/impd/skagone/r37.0_tile0
06:25:52 ET_MOSAIC DEBUG: justoneday 2017 214 /caldera/projects/usgs/water/impd/skagone/r37.0_tile0
06:28:27 ET_MOSAIC DEBUG: justoneday 2017 215 /caldera/projects/usgs/water/impd/skagone/r37.0_tile0
06:30:52 ET_MOSAIC DEBUG: justoneday 2017 216 /caldera/projects/usgs/water/impd/skagone/r37.0_tile0
06:33:18 ET_MOSAIC DEBUG: justoneday 2017 217 /caldera/projects/usgs/water/impd/skagone/r37.0_tile0
06:35:52 ET_MOSAIC DEBUG: justoneday 2017 218 /caldera/projects/usgs/water/impd/skagone/r37.0_tile0
06:38:24 ET_MOSAIC DEBUG: justoneday 2017 219 /caldera/projects/usgs/water/impd/skagone/r37.0_tile0
06:40:48 ET_MOSAIC DEBUG: justoneday 2017 220 /caldera/projects/usgs/water/impd/skagone/r37.0_tile0
06:43:15 ET_MOSAIC DEBUG: justoneday 2017 221 /caldera/projects/usgs/water/impd/skagone/r37.0_tile0
06:45:47 ET_MOSAIC DEBUG: justoneday 2017 222 /caldera/projects/usgs/water/impd/skagone/r37.0_tile0
06:48:21 ET_MOSAIC DEBUG: justoneday 2017 223 /caldera/projects/usgs/water/impd/skagone/r37.0_tile0
06:50:57 ET_MOSAIC DEBUG: justoneday 2017 224 /caldera/projects/usgs/water/impd/skagone/r37.0_tile0
06:53:20 ET_MOSAIC DEBUG: justoneday 2017 225 /caldera/projects/usgs/water/impd/skagone/r37.0_tile0
06:55:42 ET_MOSAIC DEBUG: justoneday 2017 226 /caldera/projects/usgs/water/impd/skagone/r37.0_tile0
06:58:05 ET_MOSAIC DEBUG: justoneday 2017 227 /caldera/projects/usgs/water/impd/skagone/r37.0_tile0
07:00:34 ET_MOSAIC DEBUG: justoneday 2017 228 /caldera/projects/usgs/water/impd/skagone/r37.0_tile0
07:03:06 ET_MOSAIC DEBUG: justoneday 2017 229 /caldera/projects/usgs/water/impd/skagone/r37.0_tile0
07:05:47 ET_MOSAIC DEBUG: justoneday 2017 230 /caldera/projects/usgs/water/impd/skagone/r37.0_tile0
07:08:18 ET_MOSAIC DEBUG: justoneday 2017 231 /caldera/projects/usgs/water/impd/skagone/r37.0_tile0
07:10:46 ET_MOSAIC DEBUG: justoneday 2017 232 /caldera/projects/usgs/water/impd/skagone/r37.0_tile0
07:13:23 ET_MOSAIC DEBUG: justoneday 2017 233 /caldera/projects/usgs/water/impd/skagone/r37.0_tile0
07:15:57 ET_MOSAIC DEBUG: justoneday 2017 234 /caldera/projects/usgs/water/impd/skagone/r37.0_tile0
07:18:32 ET_MOSAIC DEBUG: justoneday 2017 235 /caldera/projects/usgs/water/impd/skagone/r37.0_tile0
07:20:55 ET_MOSAIC DEBUG: justoneday 2017 236 /caldera/projects/usgs/water/impd/skagone/r37.0_tile0
07:23:18 ET_MOSAIC DEBUG: justoneday 2017 237 /caldera/projects/usgs/water/impd/skagone/r37.0_tile0
07:25:42 ET_MOSAIC DEBUG: justoneday 2017 238 /caldera/projects/usgs/water/impd/skagone/r37.0_tile0
07:28:12 ET_MOSAIC DEBUG: justoneday 2017 239 /caldera/projects/usgs/water/impd/skagone/r37.0_tile0
07:30:44 ET_MOSAIC DEBUG: justoneday 2017 240 /caldera/projects/usgs/water/impd/skagone/r37.0_tile0
07:33:21 ET_MOSAIC DEBUG: justoneday 2017 241 /caldera/projects/usgs/water/impd/skagone/r37.0_tile0
07:36:00 ET_MOSAIC DEBUG: justoneday 2017 242 /caldera/projects/usgs/water/impd/skagone/r37.0_tile0
07:38:27 ET_MOSAIC DEBUG: justoneday 2017 243 /caldera/projects/usgs/water/impd/skagone/r37.0_tile0
07:40:56 ET_MOSAIC DEBUG: justoneday 2017 244 /caldera/projects/usgs/water/impd/skagone/r37.0_tile0
07:43:34 ET_MOSAIC DEBUG: justoneday 2017 245 /caldera/projects/usgs/water/impd/skagone/r37.0_tile0
07:46:16 ET_MOSAIC DEBUG: justoneday 2017 246 /caldera/projects/usgs/water/impd/skagone/r37.0_tile0
07:48:55 ET_MOSAIC DEBUG: justoneday 2017 247 /caldera/projects/usgs/water/impd/skagone/r37.0_tile0
07:51:20 ET_MOSAIC DEBUG: justoneday 2017 248 /caldera/projects/usgs/water/impd/skagone/r37.0_tile0
07:53:52 ET_MOSAIC DEBUG: justoneday 2017 249 /caldera/projects/usgs/water/impd/skagone/r37.0_tile0
07:56:26 ET_MOSAIC DEBUG: justoneday 2017 250 /caldera/projects/usgs/water/impd/skagone/r37.0_tile0
07:59:05 ET_MOSAIC DEBUG: justoneday 2017 251 /caldera/projects/usgs/water/impd/skagone/r37.0_tile0
08:01:41 ET_MOSAIC DEBUG: justoneday 2017 252 /caldera/projects/usgs/water/impd/skagone/r37.0_tile0
08:04:13 ET_MOSAIC DEBUG: justoneday 2017 253 /caldera/projects/usgs/water/impd/skagone/r37.0_tile0
08:06:54 ET_MOSAIC DEBUG: justoneday 2017 254 /caldera/projects/usgs/water/impd/skagone/r37.0_tile0
08:09:28 ET_MOSAIC DEBUG: justoneday 2017 255 /caldera/projects/usgs/water/impd/skagone/r37.0_tile0
08:11:55 ET_MOSAIC DEBUG: justoneday 2017 256 /caldera/projects/usgs/water/impd/skagone/r37.0_tile0
08:14:28 ET_MOSAIC DEBUG: justoneday 2017 257 /caldera/projects/usgs/water/impd/skagone/r37.0_tile0
08:17:09 ET_MOSAIC DEBUG: justoneday 2017 258 /caldera/projects/usgs/water/impd/skagone/r37.0_tile0
08:19:41 ET_MOSAIC DEBUG: justoneday 2017 259 /caldera/projects/usgs/water/impd/skagone/r37.0_tile0
08:22:06 ET_MOSAIC DEBUG: justoneday 2017 260 /caldera/projects/usgs/water/impd/skagone/r37.0_tile0
08:24:38 ET_MOSAIC DEBUG: justoneday 2017 261 /caldera/projects/usgs/water/impd/skagone/r37.0_tile0
08:27:15 ET_MOSAIC DEBUG: justoneday 2017 262 /caldera/projects/usgs/water/impd/skagone/r37.0_tile0
08:29:55 ET_MOSAIC DEBUG: justoneday 2017 263 /caldera/projects/usgs/water/impd/skagone/r37.0_tile0
08:32:32 ET_MOSAIC DEBUG: justoneday 2017 264 /caldera/projects/usgs/water/impd/skagone/r37.0_tile0
08:35:06 ET_MOSAIC DEBUG: justoneday 2017 265 /caldera/projects/usgs/water/impd/skagone/r37.0_tile0
08:37:41 ET_MOSAIC DEBUG: justoneday 2017 266 /caldera/projects/usgs/water/impd/skagone/r37.0_tile0
08:40:20 ET_MOSAIC DEBUG: justoneday 2017 267 /caldera/projects/usgs/water/impd/skagone/r37.0_tile0
08:42:57 ET_MOSAIC DEBUG: justoneday 2017 268 /caldera/projects/usgs/water/impd/skagone/r37.0_tile0
08:45:22 ET_MOSAIC DEBUG: justoneday 2017 269 /caldera/projects/usgs/water/impd/skagone/r37.0_tile0
08:47:52 ET_MOSAIC DEBUG: justoneday 2017 270 /caldera/projects/usgs/water/impd/skagone/r37.0_tile0
08:50:28 ET_MOSAIC DEBUG: justoneday 2017 271 /caldera/projects/usgs/water/impd/skagone/r37.0_tile0
08:53:05 ET_MOSAIC DEBUG: justoneday 2017 272 /caldera/projects/usgs/water/impd/skagone/r37.0_tile0
08:55:46 ET_MOSAIC DEBUG: justoneday 2017 273 /caldera/projects/usgs/water/impd/skagone/r37.0_tile0
08:58:24 ET_MOSAIC DEBUG: justoneday 2017 274 /caldera/projects/usgs/water/impd/skagone/r37.0_tile0
09:00:54 ET_MOSAIC DEBUG: justoneday 2017 275 /caldera/projects/usgs/water/impd/skagone/r37.0_tile0
09:03:28 ET_MOSAIC DEBUG: justoneday 2017 276 /caldera/projects/usgs/water/impd/skagone/r37.0_tile0
09:06:00 ET_MOSAIC DEBUG: justoneday 2017 277 /caldera/projects/usgs/water/impd/skagone/r37.0_tile0
09:08:29 ET_MOSAIC DEBUG: justoneday 2017 278 /caldera/projects/usgs/water/impd/skagone/r37.0_tile0
09:11:04 ET_MOSAIC DEBUG: justoneday 2017 279 /caldera/projects/usgs/water/impd/skagone/r37.0_tile0
09:13:28 ET_MOSAIC DEBUG: justoneday 2017 280 /caldera/projects/usgs/water/impd/skagone/r37.0_tile0
09:15:55 ET_MOSAIC DEBUG: justoneday 2017 281 /caldera/projects/usgs/water/impd/skagone/r37.0_tile0
09:18:31 ET_MOSAIC DEBUG: justoneday 2017 282 /caldera/projects/usgs/water/impd/skagone/r37.0_tile0
09:20:57 ET_MOSAIC DEBUG: justoneday 2017 283 /caldera/projects/usgs/water/impd/skagone/r37.0_tile0
09:23:23 ET_MOSAIC DEBUG: justoneday 2017 284 /caldera/projects/usgs/water/impd/skagone/r37.0_tile0
09:25:52 ET_MOSAIC DEBUG: justoneday 2017 285 /caldera/projects/usgs/water/impd/skagone/r37.0_tile0
09:28:20 ET_MOSAIC DEBUG: justoneday 2017 286 /caldera/projects/usgs/water/impd/skagone/r37.0_tile0
09:30:53 ET_MOSAIC DEBUG: justoneday 2017 287 /caldera/projects/usgs/water/impd/skagone/r37.0_tile0
09:33:20 ET_MOSAIC DEBUG: justoneday 2017 288 /caldera/projects/usgs/water/impd/skagone/r37.0_tile0
09:35:50 ET_MOSAIC DEBUG: justoneday 2017 289 /caldera/projects/usgs/water/impd/skagone/r37.0_tile0
09:38:22 ET_MOSAIC DEBUG: justoneday 2017 290 /caldera/projects/usgs/water/impd/skagone/r37.0_tile0
09:40:50 ET_MOSAIC DEBUG: justoneday 2017 291 /caldera/projects/usgs/water/impd/skagone/r37.0_tile0
09:43:18 ET_MOSAIC DEBUG: justoneday 2017 292 /caldera/projects/usgs/water/impd/skagone/r37.0_tile0
09:45:47 ET_MOSAIC DEBUG: justoneday 2017 293 /caldera/projects/usgs/water/impd/skagone/r37.0_tile0
09:48:17 ET_MOSAIC DEBUG: justoneday 2017 294 /caldera/projects/usgs/water/impd/skagone/r37.0_tile0
09:50:53 ET_MOSAIC DEBUG: justoneday 2017 295 /caldera/projects/usgs/water/impd/skagone/r37.0_tile0
09:53:26 ET_MOSAIC DEBUG: justoneday 2017 296 /caldera/projects/usgs/water/impd/skagone/r37.0_tile0
09:55:49 ET_MOSAIC DEBUG: justoneday 2017 297 /caldera/projects/usgs/water/impd/skagone/r37.0_tile0
09:58:16 ET_MOSAIC DEBUG: justoneday 2017 298 /caldera/projects/usgs/water/impd/skagone/r37.0_tile0
10:00:46 ET_MOSAIC DEBUG: justoneday 2017 299 /caldera/projects/usgs/water/impd/skagone/r37.0_tile0
10:03:20 ET_MOSAIC DEBUG: justoneday 2017 300 /caldera/projects/usgs/water/impd/skagone/r37.0_tile0
10:05:54 ET_MOSAIC DEBUG: justoneday 2017 301 /caldera/projects/usgs/water/impd/skagone/r37.0_tile0
10:08:27 ET_MOSAIC DEBUG: justoneday 2017 302 /caldera/projects/usgs/water/impd/skagone/r37.0_tile0
10:11:02 ET_MOSAIC DEBUG: justoneday 2017 303 /caldera/projects/usgs/water/impd/skagone/r37.0_tile0
10:13:43 ET_MOSAIC DEBUG: justoneday 2017 304 /caldera/projects/usgs/water/impd/skagone/r37.0_tile0
10:16:24 ET_MOSAIC DEBUG: justoneday 2017 305 /caldera/projects/usgs/water/impd/skagone/r37.0_tile0
10:19:12 ET_MOSAIC DEBUG: justoneday 2017 306 /caldera/projects/usgs/water/impd/skagone/r37.0_tile0
10:21:56 ET_MOSAIC DEBUG: justoneday 2017 307 /caldera/projects/usgs/water/impd/skagone/r37.0_tile0
10:24:38 ET_MOSAIC DEBUG: justoneday 2017 308 /caldera/projects/usgs/water/impd/skagone/r37.0_tile0
10:27:21 ET_MOSAIC DEBUG: justoneday 2017 309 /caldera/projects/usgs/water/impd/skagone/r37.0_tile0
10:29:57 ET_MOSAIC DEBUG: justoneday 2017 310 /caldera/projects/usgs/water/impd/skagone/r37.0_tile0
10:32:36 ET_MOSAIC DEBUG: justoneday 2017 311 /caldera/projects/usgs/water/impd/skagone/r37.0_tile0
10:35:15 ET_MOSAIC DEBUG: justoneday 2017 312 /caldera/projects/usgs/water/impd/skagone/r37.0_tile0
10:37:59 ET_MOSAIC DEBUG: justoneday 2017 313 /caldera/projects/usgs/water/impd/skagone/r37.0_tile0
10:40:39 ET_MOSAIC DEBUG: justoneday 2017 314 /caldera/projects/usgs/water/impd/skagone/r37.0_tile0
10:43:20 ET_MOSAIC DEBUG: justoneday 2017 315 /caldera/projects/usgs/water/impd/skagone/r37.0_tile0
10:46:05 ET_MOSAIC DEBUG: justoneday 2017 316 /caldera/projects/usgs/water/impd/skagone/r37.0_tile0
10:48:47 ET_MOSAIC DEBUG: justoneday 2017 317 /caldera/projects/usgs/water/impd/skagone/r37.0_tile0
10:51:29 ET_MOSAIC DEBUG: justoneday 2017 318 /caldera/projects/usgs/water/impd/skagone/r37.0_tile0
10:54:09 ET_MOSAIC DEBUG: justoneday 2017 319 /caldera/projects/usgs/water/impd/skagone/r37.0_tile0
10:56:48 ET_MOSAIC DEBUG: justoneday 2017 320 /caldera/projects/usgs/water/impd/skagone/r37.0_tile0
10:59:12 ET_MOSAIC DEBUG: justoneday 2017 321 /caldera/projects/usgs/water/impd/skagone/r37.0_tile0
11:01:40 ET_MOSAIC DEBUG: justoneday 2017 322 /caldera/projects/usgs/water/impd/skagone/r37.0_tile0
11:04:12 ET_MOSAIC DEBUG: justoneday 2017 323 /caldera/projects/usgs/water/impd/skagone/r37.0_tile0
11:06:38 ET_MOSAIC DEBUG: justoneday 2017 324 /caldera/projects/usgs/water/impd/skagone/r37.0_tile0
11:09:05 ET_MOSAIC DEBUG: justoneday 2017 325 /caldera/projects/usgs/water/impd/skagone/r37.0_tile0
11:11:34 ET_MOSAIC DEBUG: justoneday 2017 326 /caldera/projects/usgs/water/impd/skagone/r37.0_tile0
11:13:59 ET_MOSAIC DEBUG: justoneday 2017 327 /caldera/projects/usgs/water/impd/skagone/r37.0_tile0
11:16:29 ET_MOSAIC DEBUG: justoneday 2017 328 /caldera/projects/usgs/water/impd/skagone/r37.0_tile0
11:19:01 ET_MOSAIC DEBUG: justoneday 2017 329 /caldera/projects/usgs/water/impd/skagone/r37.0_tile0
11:21:26 ET_MOSAIC DEBUG: justoneday 2017 330 /caldera/projects/usgs/water/impd/skagone/r37.0_tile0
11:23:57 ET_MOSAIC DEBUG: justoneday 2017 331 /caldera/projects/usgs/water/impd/skagone/r37.0_tile0
11:26:27 ET_MOSAIC DEBUG: justoneday 2017 332 /caldera/projects/usgs/water/impd/skagone/r37.0_tile0
11:28:57 ET_MOSAIC DEBUG: justoneday 2017 333 /caldera/projects/usgs/water/impd/skagone/r37.0_tile0
11:31:29 ET_MOSAIC DEBUG: justoneday 2017 334 /caldera/projects/usgs/water/impd/skagone/r37.0_tile0
11:34:02 ET_MOSAIC DEBUG: justoneday 2017 335 /caldera/projects/usgs/water/impd/skagone/r37.0_tile0
11:36:27 ET_MOSAIC DEBUG: justoneday 2017 336 /caldera/projects/usgs/water/impd/skagone/r37.0_tile0
11:38:55 ET_MOSAIC DEBUG: justoneday 2017 337 /caldera/projects/usgs/water/impd/skagone/r37.0_tile0
11:41:25 ET_MOSAIC DEBUG: justoneday 2017 338 /caldera/projects/usgs/water/impd/skagone/r37.0_tile0
11:43:59 ET_MOSAIC DEBUG: justoneday 2017 339 /caldera/projects/usgs/water/impd/skagone/r37.0_tile0
11:46:36 ET_MOSAIC DEBUG: justoneday 2017 340 /caldera/projects/usgs/water/impd/skagone/r37.0_tile0
11:48:59 ET_MOSAIC DEBUG: justoneday 2017 341 /caldera/projects/usgs/water/impd/skagone/r37.0_tile0
11:51:22 ET_MOSAIC DEBUG: justoneday 2017 342 /caldera/projects/usgs/water/impd/skagone/r37.0_tile0
11:53:51 ET_MOSAIC DEBUG: justoneday 2017 343 /caldera/projects/usgs/water/impd/skagone/r37.0_tile0
11:56:24 ET_MOSAIC DEBUG: justoneday 2017 344 /caldera/projects/usgs/water/impd/skagone/r37.0_tile0
11:58:59 ET_MOSAIC DEBUG: justoneday 2017 345 /caldera/projects/usgs/water/impd/skagone/r37.0_tile0
12:01:38 ET_MOSAIC DEBUG: justoneday 2017 346 /caldera/projects/usgs/water/impd/skagone/r37.0_tile0
12:04:13 ET_MOSAIC DEBUG: justoneday 2017 347 /caldera/projects/usgs/water/impd/skagone/r37.0_tile0
12:06:39 ET_MOSAIC DEBUG: justoneday 2017 348 /caldera/projects/usgs/water/impd/skagone/r37.0_tile0
12:09:10 ET_MOSAIC DEBUG: justoneday 2017 349 /caldera/projects/usgs/water/impd/skagone/r37.0_tile0
12:11:45 ET_MOSAIC DEBUG: justoneday 2017 350 /caldera/projects/usgs/water/impd/skagone/r37.0_tile0
12:14:23 ET_MOSAIC DEBUG: justoneday 2017 351 /caldera/projects/usgs/water/impd/skagone/r37.0_tile0
12:16:55 ET_MOSAIC DEBUG: justoneday 2017 352 /caldera/projects/usgs/water/impd/skagone/r37.0_tile0
12:19:28 ET_MOSAIC DEBUG: justoneday 2017 353 /caldera/projects/usgs/water/impd/skagone/r37.0_tile0
12:21:51 ET_MOSAIC DEBUG: justoneday 2017 354 /caldera/projects/usgs/water/impd/skagone/r37.0_tile0
12:24:20 ET_MOSAIC DEBUG: justoneday 2017 355 /caldera/projects/usgs/water/impd/skagone/r37.0_tile0
12:26:46 ET_MOSAIC DEBUG: justoneday 2017 356 /caldera/projects/usgs/water/impd/skagone/r37.0_tile0
12:29:15 ET_MOSAIC DEBUG: justoneday 2017 357 /caldera/projects/usgs/water/impd/skagone/r37.0_tile0
12:31:43 ET_MOSAIC DEBUG: justoneday 2017 358 /caldera/projects/usgs/water/impd/skagone/r37.0_tile0
12:34:06 ET_MOSAIC DEBUG: justoneday 2017 359 /caldera/projects/usgs/water/impd/skagone/r37.0_tile0
12:36:29 ET_MOSAIC DEBUG: justoneday 2017 360 /caldera/projects/usgs/water/impd/skagone/r37.0_tile0
12:38:59 ET_MOSAIC DEBUG: justoneday 2017 361 /caldera/projects/usgs/water/impd/skagone/r37.0_tile0
12:41:34 ET_MOSAIC DEBUG: justoneday 2017 362 /caldera/projects/usgs/water/impd/skagone/r37.0_tile0
12:44:11 ET_MOSAIC DEBUG: justoneday 2017 363 /caldera/projects/usgs/water/impd/skagone/r37.0_tile0
12:46:36 ET_MOSAIC DEBUG: justoneday 2017 364 /caldera/projects/usgs/water/impd/skagone/r37.0_tile0
12:49:09 ET_MOSAIC DEBUG: justoneday 2017 365 /caldera/projects/usgs/water/impd/skagone/r37.0_tile0
12:51:45 ET_MOSAIC DEBUG: justoneday 2017 366 /caldera/projects/usgs/water/impd/skagone/r37.0_tile0
