07:59:15 ET_MOSAIC DEBUG: this is how you call one of your functions
07:59:15 ET_MOSAIC DEBUG: hello from Conus_mosaic class
07:59:15 ET_MOSAIC DEBUG: Mosaicking ['etasw'] in /caldera/projects/usgs/water/impd/skagone and put it in /caldera/projects/usgs/water/impd/skagone/conus_mos_completed/2018 for 2018
07:59:15 ET_MOSAIC DEBUG: run_mosaic
07:59:15 ET_MOSAIC DEBUG: Mosaic this product: etasw
07:59:15 ET_MOSAIC DEBUG: /caldera/projects/usgs/water/impd/skagone/
07:59:15 ET_MOSAIC DEBUG: justoneday 2018 1 /caldera/projects/usgs/water/impd/skagone/r37.0_tile0
Warning 1: +init=epsg:XXXX syntax is deprecated. It might return a CRS with a non-EPSG compliant axis order.
08:00:51 ET_MOSAIC DEBUG: justoneday 2018 2 /caldera/projects/usgs/water/impd/skagone/r37.0_tile0
08:02:27 ET_MOSAIC DEBUG: justoneday 2018 3 /caldera/projects/usgs/water/impd/skagone/r37.0_tile0
08:04:09 ET_MOSAIC DEBUG: justoneday 2018 4 /caldera/projects/usgs/water/impd/skagone/r37.0_tile0
08:05:52 ET_MOSAIC DEBUG: justoneday 2018 5 /caldera/projects/usgs/water/impd/skagone/r37.0_tile0
08:07:36 ET_MOSAIC DEBUG: justoneday 2018 6 /caldera/projects/usgs/water/impd/skagone/r37.0_tile0
08:09:24 ET_MOSAIC DEBUG: justoneday 2018 7 /caldera/projects/usgs/water/impd/skagone/r37.0_tile0
08:11:14 ET_MOSAIC DEBUG: justoneday 2018 8 /caldera/projects/usgs/water/impd/skagone/r37.0_tile0
08:13:14 ET_MOSAIC DEBUG: justoneday 2018 9 /caldera/projects/usgs/water/impd/skagone/r37.0_tile0
08:15:03 ET_MOSAIC DEBUG: justoneday 2018 10 /caldera/projects/usgs/water/impd/skagone/r37.0_tile0
08:17:01 ET_MOSAIC DEBUG: justoneday 2018 11 /caldera/projects/usgs/water/impd/skagone/r37.0_tile0
08:19:28 ET_MOSAIC DEBUG: justoneday 2018 12 /caldera/projects/usgs/water/impd/skagone/r37.0_tile0
08:21:59 ET_MOSAIC DEBUG: justoneday 2018 13 /caldera/projects/usgs/water/impd/skagone/r37.0_tile0
08:24:15 ET_MOSAIC DEBUG: justoneday 2018 14 /caldera/projects/usgs/water/impd/skagone/r37.0_tile0
08:26:54 ET_MOSAIC DEBUG: justoneday 2018 15 /caldera/projects/usgs/water/impd/skagone/r37.0_tile0
08:28:53 ET_MOSAIC DEBUG: justoneday 2018 16 /caldera/projects/usgs/water/impd/skagone/r37.0_tile0
08:31:07 ET_MOSAIC DEBUG: justoneday 2018 17 /caldera/projects/usgs/water/impd/skagone/r37.0_tile0
08:33:15 ET_MOSAIC DEBUG: justoneday 2018 18 /caldera/projects/usgs/water/impd/skagone/r37.0_tile0
08:35:31 ET_MOSAIC DEBUG: justoneday 2018 19 /caldera/projects/usgs/water/impd/skagone/r37.0_tile0
08:37:56 ET_MOSAIC DEBUG: justoneday 2018 20 /caldera/projects/usgs/water/impd/skagone/r37.0_tile0
08:41:15 ET_MOSAIC DEBUG: justoneday 2018 21 /caldera/projects/usgs/water/impd/skagone/r37.0_tile0
08:43:19 ET_MOSAIC DEBUG: justoneday 2018 22 /caldera/projects/usgs/water/impd/skagone/r37.0_tile0
08:45:28 ET_MOSAIC DEBUG: justoneday 2018 23 /caldera/projects/usgs/water/impd/skagone/r37.0_tile0
08:47:26 ET_MOSAIC DEBUG: justoneday 2018 24 /caldera/projects/usgs/water/impd/skagone/r37.0_tile0
08:49:24 ET_MOSAIC DEBUG: justoneday 2018 25 /caldera/projects/usgs/water/impd/skagone/r37.0_tile0
08:51:25 ET_MOSAIC DEBUG: justoneday 2018 26 /caldera/projects/usgs/water/impd/skagone/r37.0_tile0
08:53:21 ET_MOSAIC DEBUG: justoneday 2018 27 /caldera/projects/usgs/water/impd/skagone/r37.0_tile0
08:55:25 ET_MOSAIC DEBUG: justoneday 2018 28 /caldera/projects/usgs/water/impd/skagone/r37.0_tile0
08:57:35 ET_MOSAIC DEBUG: justoneday 2018 29 /caldera/projects/usgs/water/impd/skagone/r37.0_tile0
08:59:35 ET_MOSAIC DEBUG: justoneday 2018 30 /caldera/projects/usgs/water/impd/skagone/r37.0_tile0
09:01:38 ET_MOSAIC DEBUG: justoneday 2018 31 /caldera/projects/usgs/water/impd/skagone/r37.0_tile0
09:03:38 ET_MOSAIC DEBUG: justoneday 2018 32 /caldera/projects/usgs/water/impd/skagone/r37.0_tile0
09:05:46 ET_MOSAIC DEBUG: justoneday 2018 33 /caldera/projects/usgs/water/impd/skagone/r37.0_tile0
09:07:42 ET_MOSAIC DEBUG: justoneday 2018 34 /caldera/projects/usgs/water/impd/skagone/r37.0_tile0
09:09:44 ET_MOSAIC DEBUG: justoneday 2018 35 /caldera/projects/usgs/water/impd/skagone/r37.0_tile0
09:11:41 ET_MOSAIC DEBUG: justoneday 2018 36 /caldera/projects/usgs/water/impd/skagone/r37.0_tile0
09:13:43 ET_MOSAIC DEBUG: justoneday 2018 37 /caldera/projects/usgs/water/impd/skagone/r37.0_tile0
09:15:45 ET_MOSAIC DEBUG: justoneday 2018 38 /caldera/projects/usgs/water/impd/skagone/r37.0_tile0
09:17:58 ET_MOSAIC DEBUG: justoneday 2018 39 /caldera/projects/usgs/water/impd/skagone/r37.0_tile0
09:20:10 ET_MOSAIC DEBUG: justoneday 2018 40 /caldera/projects/usgs/water/impd/skagone/r37.0_tile0
09:22:05 ET_MOSAIC DEBUG: justoneday 2018 41 /caldera/projects/usgs/water/impd/skagone/r37.0_tile0
09:24:06 ET_MOSAIC DEBUG: justoneday 2018 42 /caldera/projects/usgs/water/impd/skagone/r37.0_tile0
09:26:09 ET_MOSAIC DEBUG: justoneday 2018 43 /caldera/projects/usgs/water/impd/skagone/r37.0_tile0
09:28:20 ET_MOSAIC DEBUG: justoneday 2018 44 /caldera/projects/usgs/water/impd/skagone/r37.0_tile0
09:30:33 ET_MOSAIC DEBUG: justoneday 2018 45 /caldera/projects/usgs/water/impd/skagone/r37.0_tile0
09:32:38 ET_MOSAIC DEBUG: justoneday 2018 46 /caldera/projects/usgs/water/impd/skagone/r37.0_tile0
09:34:58 ET_MOSAIC DEBUG: justoneday 2018 47 /caldera/projects/usgs/water/impd/skagone/r37.0_tile0
09:37:02 ET_MOSAIC DEBUG: justoneday 2018 48 /caldera/projects/usgs/water/impd/skagone/r37.0_tile0
09:39:11 ET_MOSAIC DEBUG: justoneday 2018 49 /caldera/projects/usgs/water/impd/skagone/r37.0_tile0
09:41:14 ET_MOSAIC DEBUG: justoneday 2018 50 /caldera/projects/usgs/water/impd/skagone/r37.0_tile0
09:43:19 ET_MOSAIC DEBUG: justoneday 2018 51 /caldera/projects/usgs/water/impd/skagone/r37.0_tile0
09:45:27 ET_MOSAIC DEBUG: justoneday 2018 52 /caldera/projects/usgs/water/impd/skagone/r37.0_tile0
09:47:33 ET_MOSAIC DEBUG: justoneday 2018 53 /caldera/projects/usgs/water/impd/skagone/r37.0_tile0
09:49:33 ET_MOSAIC DEBUG: justoneday 2018 54 /caldera/projects/usgs/water/impd/skagone/r37.0_tile0
09:51:32 ET_MOSAIC DEBUG: justoneday 2018 55 /caldera/projects/usgs/water/impd/skagone/r37.0_tile0
09:53:27 ET_MOSAIC DEBUG: justoneday 2018 56 /caldera/projects/usgs/water/impd/skagone/r37.0_tile0
09:55:37 ET_MOSAIC DEBUG: justoneday 2018 57 /caldera/projects/usgs/water/impd/skagone/r37.0_tile0
09:57:54 ET_MOSAIC DEBUG: justoneday 2018 58 /caldera/projects/usgs/water/impd/skagone/r37.0_tile0
10:00:06 ET_MOSAIC DEBUG: justoneday 2018 59 /caldera/projects/usgs/water/impd/skagone/r37.0_tile0
10:02:27 ET_MOSAIC DEBUG: justoneday 2018 60 /caldera/projects/usgs/water/impd/skagone/r37.0_tile0
10:04:36 ET_MOSAIC DEBUG: justoneday 2018 61 /caldera/projects/usgs/water/impd/skagone/r37.0_tile0
10:07:13 ET_MOSAIC DEBUG: justoneday 2018 62 /caldera/projects/usgs/water/impd/skagone/r37.0_tile0
10:09:23 ET_MOSAIC DEBUG: justoneday 2018 63 /caldera/projects/usgs/water/impd/skagone/r37.0_tile0
10:11:22 ET_MOSAIC DEBUG: justoneday 2018 64 /caldera/projects/usgs/water/impd/skagone/r37.0_tile0
10:13:25 ET_MOSAIC DEBUG: justoneday 2018 65 /caldera/projects/usgs/water/impd/skagone/r37.0_tile0
10:15:29 ET_MOSAIC DEBUG: justoneday 2018 66 /caldera/projects/usgs/water/impd/skagone/r37.0_tile0
10:17:37 ET_MOSAIC DEBUG: justoneday 2018 67 /caldera/projects/usgs/water/impd/skagone/r37.0_tile0
10:19:47 ET_MOSAIC DEBUG: justoneday 2018 68 /caldera/projects/usgs/water/impd/skagone/r37.0_tile0
10:22:10 ET_MOSAIC DEBUG: justoneday 2018 69 /caldera/projects/usgs/water/impd/skagone/r37.0_tile0
10:24:20 ET_MOSAIC DEBUG: justoneday 2018 70 /caldera/projects/usgs/water/impd/skagone/r37.0_tile0
10:26:36 ET_MOSAIC DEBUG: justoneday 2018 71 /caldera/projects/usgs/water/impd/skagone/r37.0_tile0
10:28:52 ET_MOSAIC DEBUG: justoneday 2018 72 /caldera/projects/usgs/water/impd/skagone/r37.0_tile0
10:30:59 ET_MOSAIC DEBUG: justoneday 2018 73 /caldera/projects/usgs/water/impd/skagone/r37.0_tile0
10:33:14 ET_MOSAIC DEBUG: justoneday 2018 74 /caldera/projects/usgs/water/impd/skagone/r37.0_tile0
10:35:30 ET_MOSAIC DEBUG: justoneday 2018 75 /caldera/projects/usgs/water/impd/skagone/r37.0_tile0
10:37:55 ET_MOSAIC DEBUG: justoneday 2018 76 /caldera/projects/usgs/water/impd/skagone/r37.0_tile0
10:40:28 ET_MOSAIC DEBUG: justoneday 2018 77 /caldera/projects/usgs/water/impd/skagone/r37.0_tile0
10:42:45 ET_MOSAIC DEBUG: justoneday 2018 78 /caldera/projects/usgs/water/impd/skagone/r37.0_tile0
10:44:35 ET_MOSAIC DEBUG: justoneday 2018 79 /caldera/projects/usgs/water/impd/skagone/r37.0_tile0
10:46:19 ET_MOSAIC DEBUG: justoneday 2018 80 /caldera/projects/usgs/water/impd/skagone/r37.0_tile0
10:48:03 ET_MOSAIC DEBUG: justoneday 2018 81 /caldera/projects/usgs/water/impd/skagone/r37.0_tile0
10:49:43 ET_MOSAIC DEBUG: justoneday 2018 82 /caldera/projects/usgs/water/impd/skagone/r37.0_tile0
10:51:28 ET_MOSAIC DEBUG: justoneday 2018 83 /caldera/projects/usgs/water/impd/skagone/r37.0_tile0
10:53:07 ET_MOSAIC DEBUG: justoneday 2018 84 /caldera/projects/usgs/water/impd/skagone/r37.0_tile0
10:54:40 ET_MOSAIC DEBUG: justoneday 2018 85 /caldera/projects/usgs/water/impd/skagone/r37.0_tile0
10:56:14 ET_MOSAIC DEBUG: justoneday 2018 86 /caldera/projects/usgs/water/impd/skagone/r37.0_tile0
10:57:54 ET_MOSAIC DEBUG: justoneday 2018 87 /caldera/projects/usgs/water/impd/skagone/r37.0_tile0
10:59:40 ET_MOSAIC DEBUG: justoneday 2018 88 /caldera/projects/usgs/water/impd/skagone/r37.0_tile0
11:01:21 ET_MOSAIC DEBUG: justoneday 2018 89 /caldera/projects/usgs/water/impd/skagone/r37.0_tile0
11:03:07 ET_MOSAIC DEBUG: justoneday 2018 90 /caldera/projects/usgs/water/impd/skagone/r37.0_tile0
11:04:54 ET_MOSAIC DEBUG: justoneday 2018 91 /caldera/projects/usgs/water/impd/skagone/r37.0_tile0
11:06:36 ET_MOSAIC DEBUG: justoneday 2018 92 /caldera/projects/usgs/water/impd/skagone/r37.0_tile0
11:08:26 ET_MOSAIC DEBUG: justoneday 2018 93 /caldera/projects/usgs/water/impd/skagone/r37.0_tile0
11:10:13 ET_MOSAIC DEBUG: justoneday 2018 94 /caldera/projects/usgs/water/impd/skagone/r37.0_tile0
11:12:05 ET_MOSAIC DEBUG: justoneday 2018 95 /caldera/projects/usgs/water/impd/skagone/r37.0_tile0
11:14:15 ET_MOSAIC DEBUG: justoneday 2018 96 /caldera/projects/usgs/water/impd/skagone/r37.0_tile0
11:16:20 ET_MOSAIC DEBUG: justoneday 2018 97 /caldera/projects/usgs/water/impd/skagone/r37.0_tile0
11:18:20 ET_MOSAIC DEBUG: justoneday 2018 98 /caldera/projects/usgs/water/impd/skagone/r37.0_tile0
11:20:15 ET_MOSAIC DEBUG: justoneday 2018 99 /caldera/projects/usgs/water/impd/skagone/r37.0_tile0
11:22:23 ET_MOSAIC DEBUG: justoneday 2018 100 /caldera/projects/usgs/water/impd/skagone/r37.0_tile0
11:24:38 ET_MOSAIC DEBUG: justoneday 2018 101 /caldera/projects/usgs/water/impd/skagone/r37.0_tile0
11:26:58 ET_MOSAIC DEBUG: justoneday 2018 102 /caldera/projects/usgs/water/impd/skagone/r37.0_tile0
11:28:55 ET_MOSAIC DEBUG: justoneday 2018 103 /caldera/projects/usgs/water/impd/skagone/r37.0_tile0
11:31:32 ET_MOSAIC DEBUG: justoneday 2018 104 /caldera/projects/usgs/water/impd/skagone/r37.0_tile0
11:33:20 ET_MOSAIC DEBUG: justoneday 2018 105 /caldera/projects/usgs/water/impd/skagone/r37.0_tile0
11:35:18 ET_MOSAIC DEBUG: justoneday 2018 106 /caldera/projects/usgs/water/impd/skagone/r37.0_tile0
11:37:13 ET_MOSAIC DEBUG: justoneday 2018 107 /caldera/projects/usgs/water/impd/skagone/r37.0_tile0
11:39:20 ET_MOSAIC DEBUG: justoneday 2018 108 /caldera/projects/usgs/water/impd/skagone/r37.0_tile0
11:41:16 ET_MOSAIC DEBUG: justoneday 2018 109 /caldera/projects/usgs/water/impd/skagone/r37.0_tile0
11:43:20 ET_MOSAIC DEBUG: justoneday 2018 110 /caldera/projects/usgs/water/impd/skagone/r37.0_tile0
11:45:23 ET_MOSAIC DEBUG: justoneday 2018 111 /caldera/projects/usgs/water/impd/skagone/r37.0_tile0
11:47:56 ET_MOSAIC DEBUG: justoneday 2018 112 /caldera/projects/usgs/water/impd/skagone/r37.0_tile0
11:49:54 ET_MOSAIC DEBUG: justoneday 2018 113 /caldera/projects/usgs/water/impd/skagone/r37.0_tile0
11:51:59 ET_MOSAIC DEBUG: justoneday 2018 114 /caldera/projects/usgs/water/impd/skagone/r37.0_tile0
11:53:51 ET_MOSAIC DEBUG: justoneday 2018 115 /caldera/projects/usgs/water/impd/skagone/r37.0_tile0
11:55:45 ET_MOSAIC DEBUG: justoneday 2018 116 /caldera/projects/usgs/water/impd/skagone/r37.0_tile0
11:57:38 ET_MOSAIC DEBUG: justoneday 2018 117 /caldera/projects/usgs/water/impd/skagone/r37.0_tile0
11:59:33 ET_MOSAIC DEBUG: justoneday 2018 118 /caldera/projects/usgs/water/impd/skagone/r37.0_tile0
12:01:35 ET_MOSAIC DEBUG: justoneday 2018 119 /caldera/projects/usgs/water/impd/skagone/r37.0_tile0
12:03:31 ET_MOSAIC DEBUG: justoneday 2018 120 /caldera/projects/usgs/water/impd/skagone/r37.0_tile0
12:05:22 ET_MOSAIC DEBUG: justoneday 2018 121 /caldera/projects/usgs/water/impd/skagone/r37.0_tile0
12:07:18 ET_MOSAIC DEBUG: justoneday 2018 122 /caldera/projects/usgs/water/impd/skagone/r37.0_tile0
12:09:25 ET_MOSAIC DEBUG: justoneday 2018 123 /caldera/projects/usgs/water/impd/skagone/r37.0_tile0
12:11:21 ET_MOSAIC DEBUG: justoneday 2018 124 /caldera/projects/usgs/water/impd/skagone/r37.0_tile0
12:13:10 ET_MOSAIC DEBUG: justoneday 2018 125 /caldera/projects/usgs/water/impd/skagone/r37.0_tile0
12:15:05 ET_MOSAIC DEBUG: justoneday 2018 126 /caldera/projects/usgs/water/impd/skagone/r37.0_tile0
12:16:59 ET_MOSAIC DEBUG: justoneday 2018 127 /caldera/projects/usgs/water/impd/skagone/r37.0_tile0
12:18:47 ET_MOSAIC DEBUG: justoneday 2018 128 /caldera/projects/usgs/water/impd/skagone/r37.0_tile0
12:20:41 ET_MOSAIC DEBUG: justoneday 2018 129 /caldera/projects/usgs/water/impd/skagone/r37.0_tile0
12:22:43 ET_MOSAIC DEBUG: justoneday 2018 130 /caldera/projects/usgs/water/impd/skagone/r37.0_tile0
12:24:43 ET_MOSAIC DEBUG: justoneday 2018 131 /caldera/projects/usgs/water/impd/skagone/r37.0_tile0
12:26:29 ET_MOSAIC DEBUG: justoneday 2018 132 /caldera/projects/usgs/water/impd/skagone/r37.0_tile0
12:28:27 ET_MOSAIC DEBUG: justoneday 2018 133 /caldera/projects/usgs/water/impd/skagone/r37.0_tile0
12:30:31 ET_MOSAIC DEBUG: justoneday 2018 134 /caldera/projects/usgs/water/impd/skagone/r37.0_tile0
12:32:27 ET_MOSAIC DEBUG: justoneday 2018 135 /caldera/projects/usgs/water/impd/skagone/r37.0_tile0
12:34:33 ET_MOSAIC DEBUG: justoneday 2018 136 /caldera/projects/usgs/water/impd/skagone/r37.0_tile0
12:36:31 ET_MOSAIC DEBUG: justoneday 2018 137 /caldera/projects/usgs/water/impd/skagone/r37.0_tile0
12:38:35 ET_MOSAIC DEBUG: justoneday 2018 138 /caldera/projects/usgs/water/impd/skagone/r37.0_tile0
12:40:30 ET_MOSAIC DEBUG: justoneday 2018 139 /caldera/projects/usgs/water/impd/skagone/r37.0_tile0
12:42:42 ET_MOSAIC DEBUG: justoneday 2018 140 /caldera/projects/usgs/water/impd/skagone/r37.0_tile0
12:44:46 ET_MOSAIC DEBUG: justoneday 2018 141 /caldera/projects/usgs/water/impd/skagone/r37.0_tile0
12:46:47 ET_MOSAIC DEBUG: justoneday 2018 142 /caldera/projects/usgs/water/impd/skagone/r37.0_tile0
12:48:50 ET_MOSAIC DEBUG: justoneday 2018 143 /caldera/projects/usgs/water/impd/skagone/r37.0_tile0
12:50:49 ET_MOSAIC DEBUG: justoneday 2018 144 /caldera/projects/usgs/water/impd/skagone/r37.0_tile0
12:52:54 ET_MOSAIC DEBUG: justoneday 2018 145 /caldera/projects/usgs/water/impd/skagone/r37.0_tile0
12:54:48 ET_MOSAIC DEBUG: justoneday 2018 146 /caldera/projects/usgs/water/impd/skagone/r37.0_tile0
12:56:47 ET_MOSAIC DEBUG: justoneday 2018 147 /caldera/projects/usgs/water/impd/skagone/r37.0_tile0
12:58:39 ET_MOSAIC DEBUG: justoneday 2018 148 /caldera/projects/usgs/water/impd/skagone/r37.0_tile0
13:00:33 ET_MOSAIC DEBUG: justoneday 2018 149 /caldera/projects/usgs/water/impd/skagone/r37.0_tile0
13:02:34 ET_MOSAIC DEBUG: justoneday 2018 150 /caldera/projects/usgs/water/impd/skagone/r37.0_tile0
13:04:41 ET_MOSAIC DEBUG: justoneday 2018 151 /caldera/projects/usgs/water/impd/skagone/r37.0_tile0
13:06:42 ET_MOSAIC DEBUG: justoneday 2018 152 /caldera/projects/usgs/water/impd/skagone/r37.0_tile0
13:08:39 ET_MOSAIC DEBUG: justoneday 2018 153 /caldera/projects/usgs/water/impd/skagone/r37.0_tile0
13:10:37 ET_MOSAIC DEBUG: justoneday 2018 154 /caldera/projects/usgs/water/impd/skagone/r37.0_tile0
13:12:49 ET_MOSAIC DEBUG: justoneday 2018 155 /caldera/projects/usgs/water/impd/skagone/r37.0_tile0
13:14:48 ET_MOSAIC DEBUG: justoneday 2018 156 /caldera/projects/usgs/water/impd/skagone/r37.0_tile0
13:17:00 ET_MOSAIC DEBUG: justoneday 2018 157 /caldera/projects/usgs/water/impd/skagone/r37.0_tile0
13:19:05 ET_MOSAIC DEBUG: justoneday 2018 158 /caldera/projects/usgs/water/impd/skagone/r37.0_tile0
13:21:02 ET_MOSAIC DEBUG: justoneday 2018 159 /caldera/projects/usgs/water/impd/skagone/r37.0_tile0
13:23:18 ET_MOSAIC DEBUG: justoneday 2018 160 /caldera/projects/usgs/water/impd/skagone/r37.0_tile0
13:25:17 ET_MOSAIC DEBUG: justoneday 2018 161 /caldera/projects/usgs/water/impd/skagone/r37.0_tile0
13:27:18 ET_MOSAIC DEBUG: justoneday 2018 162 /caldera/projects/usgs/water/impd/skagone/r37.0_tile0
13:29:15 ET_MOSAIC DEBUG: justoneday 2018 163 /caldera/projects/usgs/water/impd/skagone/r37.0_tile0
13:31:18 ET_MOSAIC DEBUG: justoneday 2018 164 /caldera/projects/usgs/water/impd/skagone/r37.0_tile0
13:33:23 ET_MOSAIC DEBUG: justoneday 2018 165 /caldera/projects/usgs/water/impd/skagone/r37.0_tile0
13:35:34 ET_MOSAIC DEBUG: justoneday 2018 166 /caldera/projects/usgs/water/impd/skagone/r37.0_tile0
13:37:32 ET_MOSAIC DEBUG: justoneday 2018 167 /caldera/projects/usgs/water/impd/skagone/r37.0_tile0
13:39:35 ET_MOSAIC DEBUG: justoneday 2018 168 /caldera/projects/usgs/water/impd/skagone/r37.0_tile0
13:41:36 ET_MOSAIC DEBUG: justoneday 2018 169 /caldera/projects/usgs/water/impd/skagone/r37.0_tile0
13:43:28 ET_MOSAIC DEBUG: justoneday 2018 170 /caldera/projects/usgs/water/impd/skagone/r37.0_tile0
13:45:11 ET_MOSAIC DEBUG: justoneday 2018 171 /caldera/projects/usgs/water/impd/skagone/r37.0_tile0
13:46:54 ET_MOSAIC DEBUG: justoneday 2018 172 /caldera/projects/usgs/water/impd/skagone/r37.0_tile0
13:48:32 ET_MOSAIC DEBUG: justoneday 2018 173 /caldera/projects/usgs/water/impd/skagone/r37.0_tile0
13:50:16 ET_MOSAIC DEBUG: justoneday 2018 174 /caldera/projects/usgs/water/impd/skagone/r37.0_tile0
13:51:52 ET_MOSAIC DEBUG: justoneday 2018 175 /caldera/projects/usgs/water/impd/skagone/r37.0_tile0
13:53:35 ET_MOSAIC DEBUG: justoneday 2018 176 /caldera/projects/usgs/water/impd/skagone/r37.0_tile0
13:55:21 ET_MOSAIC DEBUG: justoneday 2018 177 /caldera/projects/usgs/water/impd/skagone/r37.0_tile0
13:57:04 ET_MOSAIC DEBUG: justoneday 2018 178 /caldera/projects/usgs/water/impd/skagone/r37.0_tile0
13:58:47 ET_MOSAIC DEBUG: justoneday 2018 179 /caldera/projects/usgs/water/impd/skagone/r37.0_tile0
14:00:24 ET_MOSAIC DEBUG: justoneday 2018 180 /caldera/projects/usgs/water/impd/skagone/r37.0_tile0
14:02:07 ET_MOSAIC DEBUG: justoneday 2018 181 /caldera/projects/usgs/water/impd/skagone/r37.0_tile0
14:03:43 ET_MOSAIC DEBUG: justoneday 2018 182 /caldera/projects/usgs/water/impd/skagone/r37.0_tile0
14:05:37 ET_MOSAIC DEBUG: justoneday 2018 183 /caldera/projects/usgs/water/impd/skagone/r37.0_tile0
14:07:22 ET_MOSAIC DEBUG: justoneday 2018 184 /caldera/projects/usgs/water/impd/skagone/r37.0_tile0
14:09:19 ET_MOSAIC DEBUG: justoneday 2018 185 /caldera/projects/usgs/water/impd/skagone/r37.0_tile0
14:11:20 ET_MOSAIC DEBUG: justoneday 2018 186 /caldera/projects/usgs/water/impd/skagone/r37.0_tile0
14:13:25 ET_MOSAIC DEBUG: justoneday 2018 187 /caldera/projects/usgs/water/impd/skagone/r37.0_tile0
14:15:48 ET_MOSAIC DEBUG: justoneday 2018 188 /caldera/projects/usgs/water/impd/skagone/r37.0_tile0
14:17:52 ET_MOSAIC DEBUG: justoneday 2018 189 /caldera/projects/usgs/water/impd/skagone/r37.0_tile0
14:20:13 ET_MOSAIC DEBUG: justoneday 2018 190 /caldera/projects/usgs/water/impd/skagone/r37.0_tile0
14:22:51 ET_MOSAIC DEBUG: justoneday 2018 191 /caldera/projects/usgs/water/impd/skagone/r37.0_tile0
14:24:56 ET_MOSAIC DEBUG: justoneday 2018 192 /caldera/projects/usgs/water/impd/skagone/r37.0_tile0
14:26:56 ET_MOSAIC DEBUG: justoneday 2018 193 /caldera/projects/usgs/water/impd/skagone/r37.0_tile0
14:28:39 ET_MOSAIC DEBUG: justoneday 2018 194 /caldera/projects/usgs/water/impd/skagone/r37.0_tile0
14:30:21 ET_MOSAIC DEBUG: justoneday 2018 195 /caldera/projects/usgs/water/impd/skagone/r37.0_tile0
14:32:03 ET_MOSAIC DEBUG: justoneday 2018 196 /caldera/projects/usgs/water/impd/skagone/r37.0_tile0
14:33:45 ET_MOSAIC DEBUG: justoneday 2018 197 /caldera/projects/usgs/water/impd/skagone/r37.0_tile0
14:35:28 ET_MOSAIC DEBUG: justoneday 2018 198 /caldera/projects/usgs/water/impd/skagone/r37.0_tile0
14:37:09 ET_MOSAIC DEBUG: justoneday 2018 199 /caldera/projects/usgs/water/impd/skagone/r37.0_tile0
14:38:46 ET_MOSAIC DEBUG: justoneday 2018 200 /caldera/projects/usgs/water/impd/skagone/r37.0_tile0
14:40:28 ET_MOSAIC DEBUG: justoneday 2018 201 /caldera/projects/usgs/water/impd/skagone/r37.0_tile0
14:42:04 ET_MOSAIC DEBUG: justoneday 2018 202 /caldera/projects/usgs/water/impd/skagone/r37.0_tile0
14:43:46 ET_MOSAIC DEBUG: justoneday 2018 203 /caldera/projects/usgs/water/impd/skagone/r37.0_tile0
14:45:19 ET_MOSAIC DEBUG: justoneday 2018 204 /caldera/projects/usgs/water/impd/skagone/r37.0_tile0
14:47:01 ET_MOSAIC DEBUG: justoneday 2018 205 /caldera/projects/usgs/water/impd/skagone/r37.0_tile0
14:48:32 ET_MOSAIC DEBUG: justoneday 2018 206 /caldera/projects/usgs/water/impd/skagone/r37.0_tile0
14:50:13 ET_MOSAIC DEBUG: justoneday 2018 207 /caldera/projects/usgs/water/impd/skagone/r37.0_tile0
14:51:44 ET_MOSAIC DEBUG: justoneday 2018 208 /caldera/projects/usgs/water/impd/skagone/r37.0_tile0
14:53:26 ET_MOSAIC DEBUG: justoneday 2018 209 /caldera/projects/usgs/water/impd/skagone/r37.0_tile0
14:55:07 ET_MOSAIC DEBUG: justoneday 2018 210 /caldera/projects/usgs/water/impd/skagone/r37.0_tile0
14:56:49 ET_MOSAIC DEBUG: justoneday 2018 211 /caldera/projects/usgs/water/impd/skagone/r37.0_tile0
14:58:30 ET_MOSAIC DEBUG: justoneday 2018 212 /caldera/projects/usgs/water/impd/skagone/r37.0_tile0
15:00:07 ET_MOSAIC DEBUG: justoneday 2018 213 /caldera/projects/usgs/water/impd/skagone/r37.0_tile0
15:01:49 ET_MOSAIC DEBUG: justoneday 2018 214 /caldera/projects/usgs/water/impd/skagone/r37.0_tile0
15:03:31 ET_MOSAIC DEBUG: justoneday 2018 215 /caldera/projects/usgs/water/impd/skagone/r37.0_tile0
15:05:12 ET_MOSAIC DEBUG: justoneday 2018 216 /caldera/projects/usgs/water/impd/skagone/r37.0_tile0
15:06:50 ET_MOSAIC DEBUG: justoneday 2018 217 /caldera/projects/usgs/water/impd/skagone/r37.0_tile0
15:08:21 ET_MOSAIC DEBUG: justoneday 2018 218 /caldera/projects/usgs/water/impd/skagone/r37.0_tile0
15:09:51 ET_MOSAIC DEBUG: justoneday 2018 219 /caldera/projects/usgs/water/impd/skagone/r37.0_tile0
15:11:21 ET_MOSAIC DEBUG: justoneday 2018 220 /caldera/projects/usgs/water/impd/skagone/r37.0_tile0
15:12:50 ET_MOSAIC DEBUG: justoneday 2018 221 /caldera/projects/usgs/water/impd/skagone/r37.0_tile0
15:14:21 ET_MOSAIC DEBUG: justoneday 2018 222 /caldera/projects/usgs/water/impd/skagone/r37.0_tile0
15:15:52 ET_MOSAIC DEBUG: justoneday 2018 223 /caldera/projects/usgs/water/impd/skagone/r37.0_tile0
15:17:23 ET_MOSAIC DEBUG: justoneday 2018 224 /caldera/projects/usgs/water/impd/skagone/r37.0_tile0
15:18:55 ET_MOSAIC DEBUG: justoneday 2018 225 /caldera/projects/usgs/water/impd/skagone/r37.0_tile0
15:20:27 ET_MOSAIC DEBUG: justoneday 2018 226 /caldera/projects/usgs/water/impd/skagone/r37.0_tile0
15:21:58 ET_MOSAIC DEBUG: justoneday 2018 227 /caldera/projects/usgs/water/impd/skagone/r37.0_tile0
15:23:28 ET_MOSAIC DEBUG: justoneday 2018 228 /caldera/projects/usgs/water/impd/skagone/r37.0_tile0
15:25:00 ET_MOSAIC DEBUG: justoneday 2018 229 /caldera/projects/usgs/water/impd/skagone/r37.0_tile0
15:26:30 ET_MOSAIC DEBUG: justoneday 2018 230 /caldera/projects/usgs/water/impd/skagone/r37.0_tile0
15:28:01 ET_MOSAIC DEBUG: justoneday 2018 231 /caldera/projects/usgs/water/impd/skagone/r37.0_tile0
15:29:45 ET_MOSAIC DEBUG: justoneday 2018 232 /caldera/projects/usgs/water/impd/skagone/r37.0_tile0
15:31:30 ET_MOSAIC DEBUG: justoneday 2018 233 /caldera/projects/usgs/water/impd/skagone/r37.0_tile0
15:33:06 ET_MOSAIC DEBUG: justoneday 2018 234 /caldera/projects/usgs/water/impd/skagone/r37.0_tile0
15:34:40 ET_MOSAIC DEBUG: justoneday 2018 235 /caldera/projects/usgs/water/impd/skagone/r37.0_tile0
15:36:15 ET_MOSAIC DEBUG: justoneday 2018 236 /caldera/projects/usgs/water/impd/skagone/r37.0_tile0
15:37:49 ET_MOSAIC DEBUG: justoneday 2018 237 /caldera/projects/usgs/water/impd/skagone/r37.0_tile0
15:39:23 ET_MOSAIC DEBUG: justoneday 2018 238 /caldera/projects/usgs/water/impd/skagone/r37.0_tile0
15:40:57 ET_MOSAIC DEBUG: justoneday 2018 239 /caldera/projects/usgs/water/impd/skagone/r37.0_tile0
15:42:32 ET_MOSAIC DEBUG: justoneday 2018 240 /caldera/projects/usgs/water/impd/skagone/r37.0_tile0
15:44:05 ET_MOSAIC DEBUG: justoneday 2018 241 /caldera/projects/usgs/water/impd/skagone/r37.0_tile0
15:45:39 ET_MOSAIC DEBUG: justoneday 2018 242 /caldera/projects/usgs/water/impd/skagone/r37.0_tile0
15:47:12 ET_MOSAIC DEBUG: justoneday 2018 243 /caldera/projects/usgs/water/impd/skagone/r37.0_tile0
15:48:44 ET_MOSAIC DEBUG: justoneday 2018 244 /caldera/projects/usgs/water/impd/skagone/r37.0_tile0
15:50:16 ET_MOSAIC DEBUG: justoneday 2018 245 /caldera/projects/usgs/water/impd/skagone/r37.0_tile0
15:51:49 ET_MOSAIC DEBUG: justoneday 2018 246 /caldera/projects/usgs/water/impd/skagone/r37.0_tile0
15:53:22 ET_MOSAIC DEBUG: justoneday 2018 247 /caldera/projects/usgs/water/impd/skagone/r37.0_tile0
15:54:56 ET_MOSAIC DEBUG: justoneday 2018 248 /caldera/projects/usgs/water/impd/skagone/r37.0_tile0
15:56:30 ET_MOSAIC DEBUG: justoneday 2018 249 /caldera/projects/usgs/water/impd/skagone/r37.0_tile0
15:58:04 ET_MOSAIC DEBUG: justoneday 2018 250 /caldera/projects/usgs/water/impd/skagone/r37.0_tile0
15:59:39 ET_MOSAIC DEBUG: justoneday 2018 251 /caldera/projects/usgs/water/impd/skagone/r37.0_tile0
16:01:13 ET_MOSAIC DEBUG: justoneday 2018 252 /caldera/projects/usgs/water/impd/skagone/r37.0_tile0
16:02:48 ET_MOSAIC DEBUG: justoneday 2018 253 /caldera/projects/usgs/water/impd/skagone/r37.0_tile0
16:04:23 ET_MOSAIC DEBUG: justoneday 2018 254 /caldera/projects/usgs/water/impd/skagone/r37.0_tile0
16:05:58 ET_MOSAIC DEBUG: justoneday 2018 255 /caldera/projects/usgs/water/impd/skagone/r37.0_tile0
16:07:33 ET_MOSAIC DEBUG: justoneday 2018 256 /caldera/projects/usgs/water/impd/skagone/r37.0_tile0
16:09:08 ET_MOSAIC DEBUG: justoneday 2018 257 /caldera/projects/usgs/water/impd/skagone/r37.0_tile0
16:10:43 ET_MOSAIC DEBUG: justoneday 2018 258 /caldera/projects/usgs/water/impd/skagone/r37.0_tile0
16:12:20 ET_MOSAIC DEBUG: justoneday 2018 259 /caldera/projects/usgs/water/impd/skagone/r37.0_tile0
16:13:56 ET_MOSAIC DEBUG: justoneday 2018 260 /caldera/projects/usgs/water/impd/skagone/r37.0_tile0
16:15:32 ET_MOSAIC DEBUG: justoneday 2018 261 /caldera/projects/usgs/water/impd/skagone/r37.0_tile0
16:17:08 ET_MOSAIC DEBUG: justoneday 2018 262 /caldera/projects/usgs/water/impd/skagone/r37.0_tile0
16:18:45 ET_MOSAIC DEBUG: justoneday 2018 263 /caldera/projects/usgs/water/impd/skagone/r37.0_tile0
16:20:21 ET_MOSAIC DEBUG: justoneday 2018 264 /caldera/projects/usgs/water/impd/skagone/r37.0_tile0
16:22:00 ET_MOSAIC DEBUG: justoneday 2018 265 /caldera/projects/usgs/water/impd/skagone/r37.0_tile0
16:23:36 ET_MOSAIC DEBUG: justoneday 2018 266 /caldera/projects/usgs/water/impd/skagone/r37.0_tile0
16:25:12 ET_MOSAIC DEBUG: justoneday 2018 267 /caldera/projects/usgs/water/impd/skagone/r37.0_tile0
16:26:49 ET_MOSAIC DEBUG: justoneday 2018 268 /caldera/projects/usgs/water/impd/skagone/r37.0_tile0
16:28:24 ET_MOSAIC DEBUG: justoneday 2018 269 /caldera/projects/usgs/water/impd/skagone/r37.0_tile0
16:30:00 ET_MOSAIC DEBUG: justoneday 2018 270 /caldera/projects/usgs/water/impd/skagone/r37.0_tile0
16:31:36 ET_MOSAIC DEBUG: justoneday 2018 271 /caldera/projects/usgs/water/impd/skagone/r37.0_tile0
16:33:13 ET_MOSAIC DEBUG: justoneday 2018 272 /caldera/projects/usgs/water/impd/skagone/r37.0_tile0
16:34:48 ET_MOSAIC DEBUG: justoneday 2018 273 /caldera/projects/usgs/water/impd/skagone/r37.0_tile0
16:36:23 ET_MOSAIC DEBUG: justoneday 2018 274 /caldera/projects/usgs/water/impd/skagone/r37.0_tile0
16:37:59 ET_MOSAIC DEBUG: justoneday 2018 275 /caldera/projects/usgs/water/impd/skagone/r37.0_tile0
16:39:35 ET_MOSAIC DEBUG: justoneday 2018 276 /caldera/projects/usgs/water/impd/skagone/r37.0_tile0
16:41:10 ET_MOSAIC DEBUG: justoneday 2018 277 /caldera/projects/usgs/water/impd/skagone/r37.0_tile0
16:42:46 ET_MOSAIC DEBUG: justoneday 2018 278 /caldera/projects/usgs/water/impd/skagone/r37.0_tile0
16:44:21 ET_MOSAIC DEBUG: justoneday 2018 279 /caldera/projects/usgs/water/impd/skagone/r37.0_tile0
16:45:56 ET_MOSAIC DEBUG: justoneday 2018 280 /caldera/projects/usgs/water/impd/skagone/r37.0_tile0
16:47:32 ET_MOSAIC DEBUG: justoneday 2018 281 /caldera/projects/usgs/water/impd/skagone/r37.0_tile0
16:49:07 ET_MOSAIC DEBUG: justoneday 2018 282 /caldera/projects/usgs/water/impd/skagone/r37.0_tile0
16:50:43 ET_MOSAIC DEBUG: justoneday 2018 283 /caldera/projects/usgs/water/impd/skagone/r37.0_tile0
16:52:18 ET_MOSAIC DEBUG: justoneday 2018 284 /caldera/projects/usgs/water/impd/skagone/r37.0_tile0
16:53:54 ET_MOSAIC DEBUG: justoneday 2018 285 /caldera/projects/usgs/water/impd/skagone/r37.0_tile0
16:55:29 ET_MOSAIC DEBUG: justoneday 2018 286 /caldera/projects/usgs/water/impd/skagone/r37.0_tile0
16:57:06 ET_MOSAIC DEBUG: justoneday 2018 287 /caldera/projects/usgs/water/impd/skagone/r37.0_tile0
16:58:41 ET_MOSAIC DEBUG: justoneday 2018 288 /caldera/projects/usgs/water/impd/skagone/r37.0_tile0
17:00:17 ET_MOSAIC DEBUG: justoneday 2018 289 /caldera/projects/usgs/water/impd/skagone/r37.0_tile0
17:01:53 ET_MOSAIC DEBUG: justoneday 2018 290 /caldera/projects/usgs/water/impd/skagone/r37.0_tile0
17:03:29 ET_MOSAIC DEBUG: justoneday 2018 291 /caldera/projects/usgs/water/impd/skagone/r37.0_tile0
17:05:05 ET_MOSAIC DEBUG: justoneday 2018 292 /caldera/projects/usgs/water/impd/skagone/r37.0_tile0
17:06:42 ET_MOSAIC DEBUG: justoneday 2018 293 /caldera/projects/usgs/water/impd/skagone/r37.0_tile0
17:08:17 ET_MOSAIC DEBUG: justoneday 2018 294 /caldera/projects/usgs/water/impd/skagone/r37.0_tile0
17:09:54 ET_MOSAIC DEBUG: justoneday 2018 295 /caldera/projects/usgs/water/impd/skagone/r37.0_tile0
17:11:29 ET_MOSAIC DEBUG: justoneday 2018 296 /caldera/projects/usgs/water/impd/skagone/r37.0_tile0
17:13:07 ET_MOSAIC DEBUG: justoneday 2018 297 /caldera/projects/usgs/water/impd/skagone/r37.0_tile0
17:14:44 ET_MOSAIC DEBUG: justoneday 2018 298 /caldera/projects/usgs/water/impd/skagone/r37.0_tile0
17:16:19 ET_MOSAIC DEBUG: justoneday 2018 299 /caldera/projects/usgs/water/impd/skagone/r37.0_tile0
17:17:59 ET_MOSAIC DEBUG: justoneday 2018 300 /caldera/projects/usgs/water/impd/skagone/r37.0_tile0
17:19:37 ET_MOSAIC DEBUG: justoneday 2018 301 /caldera/projects/usgs/water/impd/skagone/r37.0_tile0
17:21:14 ET_MOSAIC DEBUG: justoneday 2018 302 /caldera/projects/usgs/water/impd/skagone/r37.0_tile0
17:22:52 ET_MOSAIC DEBUG: justoneday 2018 303 /caldera/projects/usgs/water/impd/skagone/r37.0_tile0
17:24:28 ET_MOSAIC DEBUG: justoneday 2018 304 /caldera/projects/usgs/water/impd/skagone/r37.0_tile0
17:26:04 ET_MOSAIC DEBUG: justoneday 2018 305 /caldera/projects/usgs/water/impd/skagone/r37.0_tile0
17:27:42 ET_MOSAIC DEBUG: justoneday 2018 306 /caldera/projects/usgs/water/impd/skagone/r37.0_tile0
17:29:19 ET_MOSAIC DEBUG: justoneday 2018 307 /caldera/projects/usgs/water/impd/skagone/r37.0_tile0
17:30:55 ET_MOSAIC DEBUG: justoneday 2018 308 /caldera/projects/usgs/water/impd/skagone/r37.0_tile0
17:32:32 ET_MOSAIC DEBUG: justoneday 2018 309 /caldera/projects/usgs/water/impd/skagone/r37.0_tile0
17:34:08 ET_MOSAIC DEBUG: justoneday 2018 310 /caldera/projects/usgs/water/impd/skagone/r37.0_tile0
17:35:45 ET_MOSAIC DEBUG: justoneday 2018 311 /caldera/projects/usgs/water/impd/skagone/r37.0_tile0
17:37:21 ET_MOSAIC DEBUG: justoneday 2018 312 /caldera/projects/usgs/water/impd/skagone/r37.0_tile0
17:38:59 ET_MOSAIC DEBUG: justoneday 2018 313 /caldera/projects/usgs/water/impd/skagone/r37.0_tile0
17:40:35 ET_MOSAIC DEBUG: justoneday 2018 314 /caldera/projects/usgs/water/impd/skagone/r37.0_tile0
17:42:11 ET_MOSAIC DEBUG: justoneday 2018 315 /caldera/projects/usgs/water/impd/skagone/r37.0_tile0
17:43:49 ET_MOSAIC DEBUG: justoneday 2018 316 /caldera/projects/usgs/water/impd/skagone/r37.0_tile0
17:45:26 ET_MOSAIC DEBUG: justoneday 2018 317 /caldera/projects/usgs/water/impd/skagone/r37.0_tile0
17:47:02 ET_MOSAIC DEBUG: justoneday 2018 318 /caldera/projects/usgs/water/impd/skagone/r37.0_tile0
17:48:38 ET_MOSAIC DEBUG: justoneday 2018 319 /caldera/projects/usgs/water/impd/skagone/r37.0_tile0
17:50:14 ET_MOSAIC DEBUG: justoneday 2018 320 /caldera/projects/usgs/water/impd/skagone/r37.0_tile0
17:51:50 ET_MOSAIC DEBUG: justoneday 2018 321 /caldera/projects/usgs/water/impd/skagone/r37.0_tile0
17:53:26 ET_MOSAIC DEBUG: justoneday 2018 322 /caldera/projects/usgs/water/impd/skagone/r37.0_tile0
17:55:03 ET_MOSAIC DEBUG: justoneday 2018 323 /caldera/projects/usgs/water/impd/skagone/r37.0_tile0
17:56:39 ET_MOSAIC DEBUG: justoneday 2018 324 /caldera/projects/usgs/water/impd/skagone/r37.0_tile0
17:58:15 ET_MOSAIC DEBUG: justoneday 2018 325 /caldera/projects/usgs/water/impd/skagone/r37.0_tile0
17:59:51 ET_MOSAIC DEBUG: justoneday 2018 326 /caldera/projects/usgs/water/impd/skagone/r37.0_tile0
18:01:27 ET_MOSAIC DEBUG: justoneday 2018 327 /caldera/projects/usgs/water/impd/skagone/r37.0_tile0
18:03:03 ET_MOSAIC DEBUG: justoneday 2018 328 /caldera/projects/usgs/water/impd/skagone/r37.0_tile0
18:04:39 ET_MOSAIC DEBUG: justoneday 2018 329 /caldera/projects/usgs/water/impd/skagone/r37.0_tile0
18:06:15 ET_MOSAIC DEBUG: justoneday 2018 330 /caldera/projects/usgs/water/impd/skagone/r37.0_tile0
18:07:50 ET_MOSAIC DEBUG: justoneday 2018 331 /caldera/projects/usgs/water/impd/skagone/r37.0_tile0
18:09:27 ET_MOSAIC DEBUG: justoneday 2018 332 /caldera/projects/usgs/water/impd/skagone/r37.0_tile0
18:11:02 ET_MOSAIC DEBUG: justoneday 2018 333 /caldera/projects/usgs/water/impd/skagone/r37.0_tile0
18:12:38 ET_MOSAIC DEBUG: justoneday 2018 334 /caldera/projects/usgs/water/impd/skagone/r37.0_tile0
18:14:14 ET_MOSAIC DEBUG: justoneday 2018 335 /caldera/projects/usgs/water/impd/skagone/r37.0_tile0
18:15:50 ET_MOSAIC DEBUG: justoneday 2018 336 /caldera/projects/usgs/water/impd/skagone/r37.0_tile0
18:17:26 ET_MOSAIC DEBUG: justoneday 2018 337 /caldera/projects/usgs/water/impd/skagone/r37.0_tile0
18:19:03 ET_MOSAIC DEBUG: justoneday 2018 338 /caldera/projects/usgs/water/impd/skagone/r37.0_tile0
18:20:40 ET_MOSAIC DEBUG: justoneday 2018 339 /caldera/projects/usgs/water/impd/skagone/r37.0_tile0
18:22:16 ET_MOSAIC DEBUG: justoneday 2018 340 /caldera/projects/usgs/water/impd/skagone/r37.0_tile0
18:23:53 ET_MOSAIC DEBUG: justoneday 2018 341 /caldera/projects/usgs/water/impd/skagone/r37.0_tile0
18:25:30 ET_MOSAIC DEBUG: justoneday 2018 342 /caldera/projects/usgs/water/impd/skagone/r37.0_tile0
18:27:08 ET_MOSAIC DEBUG: justoneday 2018 343 /caldera/projects/usgs/water/impd/skagone/r37.0_tile0
18:28:45 ET_MOSAIC DEBUG: justoneday 2018 344 /caldera/projects/usgs/water/impd/skagone/r37.0_tile0
18:30:22 ET_MOSAIC DEBUG: justoneday 2018 345 /caldera/projects/usgs/water/impd/skagone/r37.0_tile0
18:31:58 ET_MOSAIC DEBUG: justoneday 2018 346 /caldera/projects/usgs/water/impd/skagone/r37.0_tile0
18:33:34 ET_MOSAIC DEBUG: justoneday 2018 347 /caldera/projects/usgs/water/impd/skagone/r37.0_tile0
18:35:11 ET_MOSAIC DEBUG: justoneday 2018 348 /caldera/projects/usgs/water/impd/skagone/r37.0_tile0
18:36:47 ET_MOSAIC DEBUG: justoneday 2018 349 /caldera/projects/usgs/water/impd/skagone/r37.0_tile0
18:38:23 ET_MOSAIC DEBUG: justoneday 2018 350 /caldera/projects/usgs/water/impd/skagone/r37.0_tile0
18:39:58 ET_MOSAIC DEBUG: justoneday 2018 351 /caldera/projects/usgs/water/impd/skagone/r37.0_tile0
18:41:34 ET_MOSAIC DEBUG: justoneday 2018 352 /caldera/projects/usgs/water/impd/skagone/r37.0_tile0
18:43:09 ET_MOSAIC DEBUG: justoneday 2018 353 /caldera/projects/usgs/water/impd/skagone/r37.0_tile0
18:44:44 ET_MOSAIC DEBUG: justoneday 2018 354 /caldera/projects/usgs/water/impd/skagone/r37.0_tile0
18:46:19 ET_MOSAIC DEBUG: justoneday 2018 355 /caldera/projects/usgs/water/impd/skagone/r37.0_tile0
18:47:53 ET_MOSAIC DEBUG: justoneday 2018 356 /caldera/projects/usgs/water/impd/skagone/r37.0_tile0
18:49:29 ET_MOSAIC DEBUG: justoneday 2018 357 /caldera/projects/usgs/water/impd/skagone/r37.0_tile0
18:51:04 ET_MOSAIC DEBUG: justoneday 2018 358 /caldera/projects/usgs/water/impd/skagone/r37.0_tile0
18:52:39 ET_MOSAIC DEBUG: justoneday 2018 359 /caldera/projects/usgs/water/impd/skagone/r37.0_tile0
18:54:16 ET_MOSAIC DEBUG: justoneday 2018 360 /caldera/projects/usgs/water/impd/skagone/r37.0_tile0
18:55:51 ET_MOSAIC DEBUG: justoneday 2018 361 /caldera/projects/usgs/water/impd/skagone/r37.0_tile0
18:57:26 ET_MOSAIC DEBUG: justoneday 2018 362 /caldera/projects/usgs/water/impd/skagone/r37.0_tile0
18:59:01 ET_MOSAIC DEBUG: justoneday 2018 363 /caldera/projects/usgs/water/impd/skagone/r37.0_tile0
19:00:37 ET_MOSAIC DEBUG: justoneday 2018 364 /caldera/projects/usgs/water/impd/skagone/r37.0_tile0
19:02:12 ET_MOSAIC DEBUG: justoneday 2018 365 /caldera/projects/usgs/water/impd/skagone/r37.0_tile0
19:03:46 ET_MOSAIC DEBUG: justoneday 2018 366 /caldera/projects/usgs/water/impd/skagone/r37.0_tile0
