21:56:22 ET_MOSAIC DEBUG: this is how you call one of your functions
21:56:22 ET_MOSAIC DEBUG: hello from Conus_mosaic class
21:56:22 ET_MOSAIC DEBUG: Mosaicking ['etasw'] in /caldera/projects/usgs/water/impd/skagone and put it in /caldera/projects/usgs/water/impd/skagone/conus_mos_completed/2020 for 2020
21:56:22 ET_MOSAIC DEBUG: run_mosaic
21:56:22 ET_MOSAIC DEBUG: Mosaic this product: etasw
21:56:22 ET_MOSAIC DEBUG: /caldera/projects/usgs/water/impd/skagone/
21:56:22 ET_MOSAIC DEBUG: justoneday 2020 1 /caldera/projects/usgs/water/impd/skagone/r37.0_tile0
Warning 1: +init=epsg:XXXX syntax is deprecated. It might return a CRS with a non-EPSG compliant axis order.
21:58:56 ET_MOSAIC DEBUG: justoneday 2020 2 /caldera/projects/usgs/water/impd/skagone/r37.0_tile0
22:01:13 ET_MOSAIC DEBUG: justoneday 2020 3 /caldera/projects/usgs/water/impd/skagone/r37.0_tile0
22:03:40 ET_MOSAIC DEBUG: justoneday 2020 4 /caldera/projects/usgs/water/impd/skagone/r37.0_tile0
22:06:04 ET_MOSAIC DEBUG: justoneday 2020 5 /caldera/projects/usgs/water/impd/skagone/r37.0_tile0
22:08:16 ET_MOSAIC DEBUG: justoneday 2020 6 /caldera/projects/usgs/water/impd/skagone/r37.0_tile0
22:10:29 ET_MOSAIC DEBUG: justoneday 2020 7 /caldera/projects/usgs/water/impd/skagone/r37.0_tile0
22:12:39 ET_MOSAIC DEBUG: justoneday 2020 8 /caldera/projects/usgs/water/impd/skagone/r37.0_tile0
22:14:54 ET_MOSAIC DEBUG: justoneday 2020 9 /caldera/projects/usgs/water/impd/skagone/r37.0_tile0
22:17:18 ET_MOSAIC DEBUG: justoneday 2020 10 /caldera/projects/usgs/water/impd/skagone/r37.0_tile0
22:19:35 ET_MOSAIC DEBUG: justoneday 2020 11 /caldera/projects/usgs/water/impd/skagone/r37.0_tile0
22:21:48 ET_MOSAIC DEBUG: justoneday 2020 12 /caldera/projects/usgs/water/impd/skagone/r37.0_tile0
22:24:03 ET_MOSAIC DEBUG: justoneday 2020 13 /caldera/projects/usgs/water/impd/skagone/r37.0_tile0
22:26:21 ET_MOSAIC DEBUG: justoneday 2020 14 /caldera/projects/usgs/water/impd/skagone/r37.0_tile0
22:28:30 ET_MOSAIC DEBUG: justoneday 2020 15 /caldera/projects/usgs/water/impd/skagone/r37.0_tile0
22:30:21 ET_MOSAIC DEBUG: justoneday 2020 16 /caldera/projects/usgs/water/impd/skagone/r37.0_tile0
22:32:11 ET_MOSAIC DEBUG: justoneday 2020 17 /caldera/projects/usgs/water/impd/skagone/r37.0_tile0
22:33:58 ET_MOSAIC DEBUG: justoneday 2020 18 /caldera/projects/usgs/water/impd/skagone/r37.0_tile0
22:35:40 ET_MOSAIC DEBUG: justoneday 2020 19 /caldera/projects/usgs/water/impd/skagone/r37.0_tile0
22:37:22 ET_MOSAIC DEBUG: justoneday 2020 20 /caldera/projects/usgs/water/impd/skagone/r37.0_tile0
22:39:07 ET_MOSAIC DEBUG: justoneday 2020 21 /caldera/projects/usgs/water/impd/skagone/r37.0_tile0
22:40:50 ET_MOSAIC DEBUG: justoneday 2020 22 /caldera/projects/usgs/water/impd/skagone/r37.0_tile0
22:42:37 ET_MOSAIC DEBUG: justoneday 2020 23 /caldera/projects/usgs/water/impd/skagone/r37.0_tile0
22:44:30 ET_MOSAIC DEBUG: justoneday 2020 24 /caldera/projects/usgs/water/impd/skagone/r37.0_tile0
22:46:20 ET_MOSAIC DEBUG: justoneday 2020 25 /caldera/projects/usgs/water/impd/skagone/r37.0_tile0
22:48:07 ET_MOSAIC DEBUG: justoneday 2020 26 /caldera/projects/usgs/water/impd/skagone/r37.0_tile0
22:50:10 ET_MOSAIC DEBUG: justoneday 2020 27 /caldera/projects/usgs/water/impd/skagone/r37.0_tile0
22:52:23 ET_MOSAIC DEBUG: justoneday 2020 28 /caldera/projects/usgs/water/impd/skagone/r37.0_tile0
22:54:24 ET_MOSAIC DEBUG: justoneday 2020 29 /caldera/projects/usgs/water/impd/skagone/r37.0_tile0
22:56:31 ET_MOSAIC DEBUG: justoneday 2020 30 /caldera/projects/usgs/water/impd/skagone/r37.0_tile0
22:58:14 ET_MOSAIC DEBUG: justoneday 2020 31 /caldera/projects/usgs/water/impd/skagone/r37.0_tile0
22:59:56 ET_MOSAIC DEBUG: justoneday 2020 32 /caldera/projects/usgs/water/impd/skagone/r37.0_tile0
23:01:37 ET_MOSAIC DEBUG: justoneday 2020 33 /caldera/projects/usgs/water/impd/skagone/r37.0_tile0
23:03:19 ET_MOSAIC DEBUG: justoneday 2020 34 /caldera/projects/usgs/water/impd/skagone/r37.0_tile0
23:05:01 ET_MOSAIC DEBUG: justoneday 2020 35 /caldera/projects/usgs/water/impd/skagone/r37.0_tile0
23:06:42 ET_MOSAIC DEBUG: justoneday 2020 36 /caldera/projects/usgs/water/impd/skagone/r37.0_tile0
23:08:24 ET_MOSAIC DEBUG: justoneday 2020 37 /caldera/projects/usgs/water/impd/skagone/r37.0_tile0
23:10:07 ET_MOSAIC DEBUG: justoneday 2020 38 /caldera/projects/usgs/water/impd/skagone/r37.0_tile0
23:11:46 ET_MOSAIC DEBUG: justoneday 2020 39 /caldera/projects/usgs/water/impd/skagone/r37.0_tile0
23:13:28 ET_MOSAIC DEBUG: justoneday 2020 40 /caldera/projects/usgs/water/impd/skagone/r37.0_tile0
23:15:11 ET_MOSAIC DEBUG: justoneday 2020 41 /caldera/projects/usgs/water/impd/skagone/r37.0_tile0
23:16:53 ET_MOSAIC DEBUG: justoneday 2020 42 /caldera/projects/usgs/water/impd/skagone/r37.0_tile0
23:18:29 ET_MOSAIC DEBUG: justoneday 2020 43 /caldera/projects/usgs/water/impd/skagone/r37.0_tile0
23:20:10 ET_MOSAIC DEBUG: justoneday 2020 44 /caldera/projects/usgs/water/impd/skagone/r37.0_tile0
23:21:52 ET_MOSAIC DEBUG: justoneday 2020 45 /caldera/projects/usgs/water/impd/skagone/r37.0_tile0
23:23:34 ET_MOSAIC DEBUG: justoneday 2020 46 /caldera/projects/usgs/water/impd/skagone/r37.0_tile0
23:25:05 ET_MOSAIC DEBUG: justoneday 2020 47 /caldera/projects/usgs/water/impd/skagone/r37.0_tile0
23:26:47 ET_MOSAIC DEBUG: justoneday 2020 48 /caldera/projects/usgs/water/impd/skagone/r37.0_tile0
23:28:17 ET_MOSAIC DEBUG: justoneday 2020 49 /caldera/projects/usgs/water/impd/skagone/r37.0_tile0
23:29:58 ET_MOSAIC DEBUG: justoneday 2020 50 /caldera/projects/usgs/water/impd/skagone/r37.0_tile0
23:31:30 ET_MOSAIC DEBUG: justoneday 2020 51 /caldera/projects/usgs/water/impd/skagone/r37.0_tile0
23:33:13 ET_MOSAIC DEBUG: justoneday 2020 52 /caldera/projects/usgs/water/impd/skagone/r37.0_tile0
23:34:57 ET_MOSAIC DEBUG: justoneday 2020 53 /caldera/projects/usgs/water/impd/skagone/r37.0_tile0
23:36:40 ET_MOSAIC DEBUG: justoneday 2020 54 /caldera/projects/usgs/water/impd/skagone/r37.0_tile0
23:38:23 ET_MOSAIC DEBUG: justoneday 2020 55 /caldera/projects/usgs/water/impd/skagone/r37.0_tile0
23:40:05 ET_MOSAIC DEBUG: justoneday 2020 56 /caldera/projects/usgs/water/impd/skagone/r37.0_tile0
23:41:47 ET_MOSAIC DEBUG: justoneday 2020 57 /caldera/projects/usgs/water/impd/skagone/r37.0_tile0
23:43:30 ET_MOSAIC DEBUG: justoneday 2020 58 /caldera/projects/usgs/water/impd/skagone/r37.0_tile0
23:45:11 ET_MOSAIC DEBUG: justoneday 2020 59 /caldera/projects/usgs/water/impd/skagone/r37.0_tile0
23:46:52 ET_MOSAIC DEBUG: justoneday 2020 60 /caldera/projects/usgs/water/impd/skagone/r37.0_tile0
23:48:30 ET_MOSAIC DEBUG: justoneday 2020 61 /caldera/projects/usgs/water/impd/skagone/r37.0_tile0
23:50:07 ET_MOSAIC DEBUG: justoneday 2020 62 /caldera/projects/usgs/water/impd/skagone/r37.0_tile0
23:51:44 ET_MOSAIC DEBUG: justoneday 2020 63 /caldera/projects/usgs/water/impd/skagone/r37.0_tile0
23:53:24 ET_MOSAIC DEBUG: justoneday 2020 64 /caldera/projects/usgs/water/impd/skagone/r37.0_tile0
23:54:55 ET_MOSAIC DEBUG: justoneday 2020 65 /caldera/projects/usgs/water/impd/skagone/r37.0_tile0
23:56:34 ET_MOSAIC DEBUG: justoneday 2020 66 /caldera/projects/usgs/water/impd/skagone/r37.0_tile0
23:58:04 ET_MOSAIC DEBUG: justoneday 2020 67 /caldera/projects/usgs/water/impd/skagone/r37.0_tile0
23:59:38 ET_MOSAIC DEBUG: justoneday 2020 68 /caldera/projects/usgs/water/impd/skagone/r37.0_tile0
00:01:07 ET_MOSAIC DEBUG: justoneday 2020 69 /caldera/projects/usgs/water/impd/skagone/r37.0_tile0
00:02:42 ET_MOSAIC DEBUG: justoneday 2020 70 /caldera/projects/usgs/water/impd/skagone/r37.0_tile0
00:04:23 ET_MOSAIC DEBUG: justoneday 2020 71 /caldera/projects/usgs/water/impd/skagone/r37.0_tile0
00:05:53 ET_MOSAIC DEBUG: justoneday 2020 72 /caldera/projects/usgs/water/impd/skagone/r37.0_tile0
00:07:35 ET_MOSAIC DEBUG: justoneday 2020 73 /caldera/projects/usgs/water/impd/skagone/r37.0_tile0
00:09:06 ET_MOSAIC DEBUG: justoneday 2020 74 /caldera/projects/usgs/water/impd/skagone/r37.0_tile0
00:10:38 ET_MOSAIC DEBUG: justoneday 2020 75 /caldera/projects/usgs/water/impd/skagone/r37.0_tile0
00:12:11 ET_MOSAIC DEBUG: justoneday 2020 76 /caldera/projects/usgs/water/impd/skagone/r37.0_tile0
00:13:44 ET_MOSAIC DEBUG: justoneday 2020 77 /caldera/projects/usgs/water/impd/skagone/r37.0_tile0
00:15:18 ET_MOSAIC DEBUG: justoneday 2020 78 /caldera/projects/usgs/water/impd/skagone/r37.0_tile0
00:16:53 ET_MOSAIC DEBUG: justoneday 2020 79 /caldera/projects/usgs/water/impd/skagone/r37.0_tile0
00:18:25 ET_MOSAIC DEBUG: justoneday 2020 80 /caldera/projects/usgs/water/impd/skagone/r37.0_tile0
00:19:57 ET_MOSAIC DEBUG: justoneday 2020 81 /caldera/projects/usgs/water/impd/skagone/r37.0_tile0
00:21:32 ET_MOSAIC DEBUG: justoneday 2020 82 /caldera/projects/usgs/water/impd/skagone/r37.0_tile0
00:23:00 ET_MOSAIC DEBUG: justoneday 2020 83 /caldera/projects/usgs/water/impd/skagone/r37.0_tile0
00:24:32 ET_MOSAIC DEBUG: justoneday 2020 84 /caldera/projects/usgs/water/impd/skagone/r37.0_tile0
00:26:01 ET_MOSAIC DEBUG: justoneday 2020 85 /caldera/projects/usgs/water/impd/skagone/r37.0_tile0
00:27:32 ET_MOSAIC DEBUG: justoneday 2020 86 /caldera/projects/usgs/water/impd/skagone/r37.0_tile0
00:29:01 ET_MOSAIC DEBUG: justoneday 2020 87 /caldera/projects/usgs/water/impd/skagone/r37.0_tile0
00:30:33 ET_MOSAIC DEBUG: justoneday 2020 88 /caldera/projects/usgs/water/impd/skagone/r37.0_tile0
00:32:05 ET_MOSAIC DEBUG: justoneday 2020 89 /caldera/projects/usgs/water/impd/skagone/r37.0_tile0
00:33:38 ET_MOSAIC DEBUG: justoneday 2020 90 /caldera/projects/usgs/water/impd/skagone/r37.0_tile0
00:35:09 ET_MOSAIC DEBUG: justoneday 2020 91 /caldera/projects/usgs/water/impd/skagone/r37.0_tile0
00:36:52 ET_MOSAIC DEBUG: justoneday 2020 92 /caldera/projects/usgs/water/impd/skagone/r37.0_tile0
00:38:24 ET_MOSAIC DEBUG: justoneday 2020 93 /caldera/projects/usgs/water/impd/skagone/r37.0_tile0
00:39:57 ET_MOSAIC DEBUG: justoneday 2020 94 /caldera/projects/usgs/water/impd/skagone/r37.0_tile0
00:41:29 ET_MOSAIC DEBUG: justoneday 2020 95 /caldera/projects/usgs/water/impd/skagone/r37.0_tile0
00:43:00 ET_MOSAIC DEBUG: justoneday 2020 96 /caldera/projects/usgs/water/impd/skagone/r37.0_tile0
00:44:30 ET_MOSAIC DEBUG: justoneday 2020 97 /caldera/projects/usgs/water/impd/skagone/r37.0_tile0
00:46:00 ET_MOSAIC DEBUG: justoneday 2020 98 /caldera/projects/usgs/water/impd/skagone/r37.0_tile0
00:47:32 ET_MOSAIC DEBUG: justoneday 2020 99 /caldera/projects/usgs/water/impd/skagone/r37.0_tile0
00:49:04 ET_MOSAIC DEBUG: justoneday 2020 100 /caldera/projects/usgs/water/impd/skagone/r37.0_tile0
00:50:35 ET_MOSAIC DEBUG: justoneday 2020 101 /caldera/projects/usgs/water/impd/skagone/r37.0_tile0
00:52:06 ET_MOSAIC DEBUG: justoneday 2020 102 /caldera/projects/usgs/water/impd/skagone/r37.0_tile0
00:53:35 ET_MOSAIC DEBUG: justoneday 2020 103 /caldera/projects/usgs/water/impd/skagone/r37.0_tile0
00:55:04 ET_MOSAIC DEBUG: justoneday 2020 104 /caldera/projects/usgs/water/impd/skagone/r37.0_tile0
00:56:33 ET_MOSAIC DEBUG: justoneday 2020 105 /caldera/projects/usgs/water/impd/skagone/r37.0_tile0
00:58:03 ET_MOSAIC DEBUG: justoneday 2020 106 /caldera/projects/usgs/water/impd/skagone/r37.0_tile0
00:59:32 ET_MOSAIC DEBUG: justoneday 2020 107 /caldera/projects/usgs/water/impd/skagone/r37.0_tile0
01:01:03 ET_MOSAIC DEBUG: justoneday 2020 108 /caldera/projects/usgs/water/impd/skagone/r37.0_tile0
01:02:34 ET_MOSAIC DEBUG: justoneday 2020 109 /caldera/projects/usgs/water/impd/skagone/r37.0_tile0
01:04:06 ET_MOSAIC DEBUG: justoneday 2020 110 /caldera/projects/usgs/water/impd/skagone/r37.0_tile0
01:05:38 ET_MOSAIC DEBUG: justoneday 2020 111 /caldera/projects/usgs/water/impd/skagone/r37.0_tile0
01:07:12 ET_MOSAIC DEBUG: justoneday 2020 112 /caldera/projects/usgs/water/impd/skagone/r37.0_tile0
01:08:47 ET_MOSAIC DEBUG: justoneday 2020 113 /caldera/projects/usgs/water/impd/skagone/r37.0_tile0
01:10:20 ET_MOSAIC DEBUG: justoneday 2020 114 /caldera/projects/usgs/water/impd/skagone/r37.0_tile0
01:11:51 ET_MOSAIC DEBUG: justoneday 2020 115 /caldera/projects/usgs/water/impd/skagone/r37.0_tile0
01:13:34 ET_MOSAIC DEBUG: justoneday 2020 116 /caldera/projects/usgs/water/impd/skagone/r37.0_tile0
01:15:04 ET_MOSAIC DEBUG: justoneday 2020 117 /caldera/projects/usgs/water/impd/skagone/r37.0_tile0
01:16:33 ET_MOSAIC DEBUG: justoneday 2020 118 /caldera/projects/usgs/water/impd/skagone/r37.0_tile0
01:18:03 ET_MOSAIC DEBUG: justoneday 2020 119 /caldera/projects/usgs/water/impd/skagone/r37.0_tile0
01:19:32 ET_MOSAIC DEBUG: justoneday 2020 120 /caldera/projects/usgs/water/impd/skagone/r37.0_tile0
01:21:03 ET_MOSAIC DEBUG: justoneday 2020 121 /caldera/projects/usgs/water/impd/skagone/r37.0_tile0
01:22:35 ET_MOSAIC DEBUG: justoneday 2020 122 /caldera/projects/usgs/water/impd/skagone/r37.0_tile0
01:24:06 ET_MOSAIC DEBUG: justoneday 2020 123 /caldera/projects/usgs/water/impd/skagone/r37.0_tile0
01:25:46 ET_MOSAIC DEBUG: justoneday 2020 124 /caldera/projects/usgs/water/impd/skagone/r37.0_tile0
01:27:17 ET_MOSAIC DEBUG: justoneday 2020 125 /caldera/projects/usgs/water/impd/skagone/r37.0_tile0
01:28:49 ET_MOSAIC DEBUG: justoneday 2020 126 /caldera/projects/usgs/water/impd/skagone/r37.0_tile0
01:30:22 ET_MOSAIC DEBUG: justoneday 2020 127 /caldera/projects/usgs/water/impd/skagone/r37.0_tile0
01:31:55 ET_MOSAIC DEBUG: justoneday 2020 128 /caldera/projects/usgs/water/impd/skagone/r37.0_tile0
01:33:26 ET_MOSAIC DEBUG: justoneday 2020 129 /caldera/projects/usgs/water/impd/skagone/r37.0_tile0
01:34:55 ET_MOSAIC DEBUG: justoneday 2020 130 /caldera/projects/usgs/water/impd/skagone/r37.0_tile0
01:36:26 ET_MOSAIC DEBUG: justoneday 2020 131 /caldera/projects/usgs/water/impd/skagone/r37.0_tile0
01:37:57 ET_MOSAIC DEBUG: justoneday 2020 132 /caldera/projects/usgs/water/impd/skagone/r37.0_tile0
01:39:28 ET_MOSAIC DEBUG: justoneday 2020 133 /caldera/projects/usgs/water/impd/skagone/r37.0_tile0
01:40:58 ET_MOSAIC DEBUG: justoneday 2020 134 /caldera/projects/usgs/water/impd/skagone/r37.0_tile0
01:42:28 ET_MOSAIC DEBUG: justoneday 2020 135 /caldera/projects/usgs/water/impd/skagone/r37.0_tile0
01:43:57 ET_MOSAIC DEBUG: justoneday 2020 136 /caldera/projects/usgs/water/impd/skagone/r37.0_tile0
01:45:32 ET_MOSAIC DEBUG: justoneday 2020 137 /caldera/projects/usgs/water/impd/skagone/r37.0_tile0
01:47:02 ET_MOSAIC DEBUG: justoneday 2020 138 /caldera/projects/usgs/water/impd/skagone/r37.0_tile0
01:48:32 ET_MOSAIC DEBUG: justoneday 2020 139 /caldera/projects/usgs/water/impd/skagone/r37.0_tile0
01:50:05 ET_MOSAIC DEBUG: justoneday 2020 140 /caldera/projects/usgs/water/impd/skagone/r37.0_tile0
01:51:38 ET_MOSAIC DEBUG: justoneday 2020 141 /caldera/projects/usgs/water/impd/skagone/r37.0_tile0
01:53:10 ET_MOSAIC DEBUG: justoneday 2020 142 /caldera/projects/usgs/water/impd/skagone/r37.0_tile0
01:54:46 ET_MOSAIC DEBUG: justoneday 2020 143 /caldera/projects/usgs/water/impd/skagone/r37.0_tile0
01:56:19 ET_MOSAIC DEBUG: justoneday 2020 144 /caldera/projects/usgs/water/impd/skagone/r37.0_tile0
01:57:52 ET_MOSAIC DEBUG: justoneday 2020 145 /caldera/projects/usgs/water/impd/skagone/r37.0_tile0
01:59:25 ET_MOSAIC DEBUG: justoneday 2020 146 /caldera/projects/usgs/water/impd/skagone/r37.0_tile0
02:00:58 ET_MOSAIC DEBUG: justoneday 2020 147 /caldera/projects/usgs/water/impd/skagone/r37.0_tile0
02:02:29 ET_MOSAIC DEBUG: justoneday 2020 148 /caldera/projects/usgs/water/impd/skagone/r37.0_tile0
02:04:03 ET_MOSAIC DEBUG: justoneday 2020 149 /caldera/projects/usgs/water/impd/skagone/r37.0_tile0
02:05:37 ET_MOSAIC DEBUG: justoneday 2020 150 /caldera/projects/usgs/water/impd/skagone/r37.0_tile0
02:07:10 ET_MOSAIC DEBUG: justoneday 2020 151 /caldera/projects/usgs/water/impd/skagone/r37.0_tile0
02:08:44 ET_MOSAIC DEBUG: justoneday 2020 152 /caldera/projects/usgs/water/impd/skagone/r37.0_tile0
02:10:18 ET_MOSAIC DEBUG: justoneday 2020 153 /caldera/projects/usgs/water/impd/skagone/r37.0_tile0
02:11:50 ET_MOSAIC DEBUG: justoneday 2020 154 /caldera/projects/usgs/water/impd/skagone/r37.0_tile0
02:13:20 ET_MOSAIC DEBUG: justoneday 2020 155 /caldera/projects/usgs/water/impd/skagone/r37.0_tile0
02:14:50 ET_MOSAIC DEBUG: justoneday 2020 156 /caldera/projects/usgs/water/impd/skagone/r37.0_tile0
02:16:20 ET_MOSAIC DEBUG: justoneday 2020 157 /caldera/projects/usgs/water/impd/skagone/r37.0_tile0
02:17:51 ET_MOSAIC DEBUG: justoneday 2020 158 /caldera/projects/usgs/water/impd/skagone/r37.0_tile0
02:19:22 ET_MOSAIC DEBUG: justoneday 2020 159 /caldera/projects/usgs/water/impd/skagone/r37.0_tile0
02:20:53 ET_MOSAIC DEBUG: justoneday 2020 160 /caldera/projects/usgs/water/impd/skagone/r37.0_tile0
02:22:21 ET_MOSAIC DEBUG: justoneday 2020 161 /caldera/projects/usgs/water/impd/skagone/r37.0_tile0
02:23:49 ET_MOSAIC DEBUG: justoneday 2020 162 /caldera/projects/usgs/water/impd/skagone/r37.0_tile0
02:25:18 ET_MOSAIC DEBUG: justoneday 2020 163 /caldera/projects/usgs/water/impd/skagone/r37.0_tile0
02:26:48 ET_MOSAIC DEBUG: justoneday 2020 164 /caldera/projects/usgs/water/impd/skagone/r37.0_tile0
02:28:19 ET_MOSAIC DEBUG: justoneday 2020 165 /caldera/projects/usgs/water/impd/skagone/r37.0_tile0
02:29:49 ET_MOSAIC DEBUG: justoneday 2020 166 /caldera/projects/usgs/water/impd/skagone/r37.0_tile0
02:31:19 ET_MOSAIC DEBUG: justoneday 2020 167 /caldera/projects/usgs/water/impd/skagone/r37.0_tile0
02:32:53 ET_MOSAIC DEBUG: justoneday 2020 168 /caldera/projects/usgs/water/impd/skagone/r37.0_tile0
02:34:36 ET_MOSAIC DEBUG: justoneday 2020 169 /caldera/projects/usgs/water/impd/skagone/r37.0_tile0
02:36:06 ET_MOSAIC DEBUG: justoneday 2020 170 /caldera/projects/usgs/water/impd/skagone/r37.0_tile0
02:37:37 ET_MOSAIC DEBUG: justoneday 2020 171 /caldera/projects/usgs/water/impd/skagone/r37.0_tile0
02:39:09 ET_MOSAIC DEBUG: justoneday 2020 172 /caldera/projects/usgs/water/impd/skagone/r37.0_tile0
02:40:42 ET_MOSAIC DEBUG: justoneday 2020 173 /caldera/projects/usgs/water/impd/skagone/r37.0_tile0
02:42:15 ET_MOSAIC DEBUG: justoneday 2020 174 /caldera/projects/usgs/water/impd/skagone/r37.0_tile0
02:43:47 ET_MOSAIC DEBUG: justoneday 2020 175 /caldera/projects/usgs/water/impd/skagone/r37.0_tile0
02:45:24 ET_MOSAIC DEBUG: justoneday 2020 176 /caldera/projects/usgs/water/impd/skagone/r37.0_tile0
02:47:03 ET_MOSAIC DEBUG: justoneday 2020 177 /caldera/projects/usgs/water/impd/skagone/r37.0_tile0
02:48:36 ET_MOSAIC DEBUG: justoneday 2020 178 /caldera/projects/usgs/water/impd/skagone/r37.0_tile0
02:50:06 ET_MOSAIC DEBUG: justoneday 2020 179 /caldera/projects/usgs/water/impd/skagone/r37.0_tile0
02:51:36 ET_MOSAIC DEBUG: justoneday 2020 180 /caldera/projects/usgs/water/impd/skagone/r37.0_tile0
02:53:05 ET_MOSAIC DEBUG: justoneday 2020 181 /caldera/projects/usgs/water/impd/skagone/r37.0_tile0
02:54:48 ET_MOSAIC DEBUG: justoneday 2020 182 /caldera/projects/usgs/water/impd/skagone/r37.0_tile0
02:56:18 ET_MOSAIC DEBUG: justoneday 2020 183 /caldera/projects/usgs/water/impd/skagone/r37.0_tile0
02:57:50 ET_MOSAIC DEBUG: justoneday 2020 184 /caldera/projects/usgs/water/impd/skagone/r37.0_tile0
02:59:23 ET_MOSAIC DEBUG: justoneday 2020 185 /caldera/projects/usgs/water/impd/skagone/r37.0_tile0
03:00:56 ET_MOSAIC DEBUG: justoneday 2020 186 /caldera/projects/usgs/water/impd/skagone/r37.0_tile0
03:02:29 ET_MOSAIC DEBUG: justoneday 2020 187 /caldera/projects/usgs/water/impd/skagone/r37.0_tile0
03:04:00 ET_MOSAIC DEBUG: justoneday 2020 188 /caldera/projects/usgs/water/impd/skagone/r37.0_tile0
03:05:31 ET_MOSAIC DEBUG: justoneday 2020 189 /caldera/projects/usgs/water/impd/skagone/r37.0_tile0
03:07:00 ET_MOSAIC DEBUG: justoneday 2020 190 /caldera/projects/usgs/water/impd/skagone/r37.0_tile0
03:08:28 ET_MOSAIC DEBUG: justoneday 2020 191 /caldera/projects/usgs/water/impd/skagone/r37.0_tile0
03:09:57 ET_MOSAIC DEBUG: justoneday 2020 192 /caldera/projects/usgs/water/impd/skagone/r37.0_tile0
03:11:26 ET_MOSAIC DEBUG: justoneday 2020 193 /caldera/projects/usgs/water/impd/skagone/r37.0_tile0
03:12:55 ET_MOSAIC DEBUG: justoneday 2020 194 /caldera/projects/usgs/water/impd/skagone/r37.0_tile0
03:14:24 ET_MOSAIC DEBUG: justoneday 2020 195 /caldera/projects/usgs/water/impd/skagone/r37.0_tile0
03:15:54 ET_MOSAIC DEBUG: justoneday 2020 196 /caldera/projects/usgs/water/impd/skagone/r37.0_tile0
03:17:23 ET_MOSAIC DEBUG: justoneday 2020 197 /caldera/projects/usgs/water/impd/skagone/r37.0_tile0
03:18:54 ET_MOSAIC DEBUG: justoneday 2020 198 /caldera/projects/usgs/water/impd/skagone/r37.0_tile0
03:20:26 ET_MOSAIC DEBUG: justoneday 2020 199 /caldera/projects/usgs/water/impd/skagone/r37.0_tile0
03:21:59 ET_MOSAIC DEBUG: justoneday 2020 200 /caldera/projects/usgs/water/impd/skagone/r37.0_tile0
03:23:28 ET_MOSAIC DEBUG: justoneday 2020 201 /caldera/projects/usgs/water/impd/skagone/r37.0_tile0
03:24:57 ET_MOSAIC DEBUG: justoneday 2020 202 /caldera/projects/usgs/water/impd/skagone/r37.0_tile0
03:26:26 ET_MOSAIC DEBUG: justoneday 2020 203 /caldera/projects/usgs/water/impd/skagone/r37.0_tile0
03:27:55 ET_MOSAIC DEBUG: justoneday 2020 204 /caldera/projects/usgs/water/impd/skagone/r37.0_tile0
03:29:25 ET_MOSAIC DEBUG: justoneday 2020 205 /caldera/projects/usgs/water/impd/skagone/r37.0_tile0
03:30:56 ET_MOSAIC DEBUG: justoneday 2020 206 /caldera/projects/usgs/water/impd/skagone/r37.0_tile0
03:32:27 ET_MOSAIC DEBUG: justoneday 2020 207 /caldera/projects/usgs/water/impd/skagone/r37.0_tile0
03:34:04 ET_MOSAIC DEBUG: justoneday 2020 208 /caldera/projects/usgs/water/impd/skagone/r37.0_tile0
03:35:35 ET_MOSAIC DEBUG: justoneday 2020 209 /caldera/projects/usgs/water/impd/skagone/r37.0_tile0
03:37:06 ET_MOSAIC DEBUG: justoneday 2020 210 /caldera/projects/usgs/water/impd/skagone/r37.0_tile0
03:38:37 ET_MOSAIC DEBUG: justoneday 2020 211 /caldera/projects/usgs/water/impd/skagone/r37.0_tile0
03:40:07 ET_MOSAIC DEBUG: justoneday 2020 212 /caldera/projects/usgs/water/impd/skagone/r37.0_tile0
03:41:36 ET_MOSAIC DEBUG: justoneday 2020 213 /caldera/projects/usgs/water/impd/skagone/r37.0_tile0
03:43:05 ET_MOSAIC DEBUG: justoneday 2020 214 /caldera/projects/usgs/water/impd/skagone/r37.0_tile0
03:44:35 ET_MOSAIC DEBUG: justoneday 2020 215 /caldera/projects/usgs/water/impd/skagone/r37.0_tile0
03:46:03 ET_MOSAIC DEBUG: justoneday 2020 216 /caldera/projects/usgs/water/impd/skagone/r37.0_tile0
03:47:34 ET_MOSAIC DEBUG: justoneday 2020 217 /caldera/projects/usgs/water/impd/skagone/r37.0_tile0
03:49:04 ET_MOSAIC DEBUG: justoneday 2020 218 /caldera/projects/usgs/water/impd/skagone/r37.0_tile0
03:50:35 ET_MOSAIC DEBUG: justoneday 2020 219 /caldera/projects/usgs/water/impd/skagone/r37.0_tile0
03:52:07 ET_MOSAIC DEBUG: justoneday 2020 220 /caldera/projects/usgs/water/impd/skagone/r37.0_tile0
03:53:38 ET_MOSAIC DEBUG: justoneday 2020 221 /caldera/projects/usgs/water/impd/skagone/r37.0_tile0
03:55:07 ET_MOSAIC DEBUG: justoneday 2020 222 /caldera/projects/usgs/water/impd/skagone/r37.0_tile0
03:56:36 ET_MOSAIC DEBUG: justoneday 2020 223 /caldera/projects/usgs/water/impd/skagone/r37.0_tile0
03:58:06 ET_MOSAIC DEBUG: justoneday 2020 224 /caldera/projects/usgs/water/impd/skagone/r37.0_tile0
03:59:35 ET_MOSAIC DEBUG: justoneday 2020 225 /caldera/projects/usgs/water/impd/skagone/r37.0_tile0
04:01:03 ET_MOSAIC DEBUG: justoneday 2020 226 /caldera/projects/usgs/water/impd/skagone/r37.0_tile0
04:02:32 ET_MOSAIC DEBUG: justoneday 2020 227 /caldera/projects/usgs/water/impd/skagone/r37.0_tile0
04:04:02 ET_MOSAIC DEBUG: justoneday 2020 228 /caldera/projects/usgs/water/impd/skagone/r37.0_tile0
04:05:33 ET_MOSAIC DEBUG: justoneday 2020 229 /caldera/projects/usgs/water/impd/skagone/r37.0_tile0
04:07:05 ET_MOSAIC DEBUG: justoneday 2020 230 /caldera/projects/usgs/water/impd/skagone/r37.0_tile0
04:08:37 ET_MOSAIC DEBUG: justoneday 2020 231 /caldera/projects/usgs/water/impd/skagone/r37.0_tile0
04:10:13 ET_MOSAIC DEBUG: justoneday 2020 232 /caldera/projects/usgs/water/impd/skagone/r37.0_tile0
04:11:46 ET_MOSAIC DEBUG: justoneday 2020 233 /caldera/projects/usgs/water/impd/skagone/r37.0_tile0
04:13:16 ET_MOSAIC DEBUG: justoneday 2020 234 /caldera/projects/usgs/water/impd/skagone/r37.0_tile0
04:14:47 ET_MOSAIC DEBUG: justoneday 2020 235 /caldera/projects/usgs/water/impd/skagone/r37.0_tile0
04:16:15 ET_MOSAIC DEBUG: justoneday 2020 236 /caldera/projects/usgs/water/impd/skagone/r37.0_tile0
04:17:44 ET_MOSAIC DEBUG: justoneday 2020 237 /caldera/projects/usgs/water/impd/skagone/r37.0_tile0
04:19:16 ET_MOSAIC DEBUG: justoneday 2020 238 /caldera/projects/usgs/water/impd/skagone/r37.0_tile0
04:20:46 ET_MOSAIC DEBUG: justoneday 2020 239 /caldera/projects/usgs/water/impd/skagone/r37.0_tile0
04:22:18 ET_MOSAIC DEBUG: justoneday 2020 240 /caldera/projects/usgs/water/impd/skagone/r37.0_tile0
04:23:50 ET_MOSAIC DEBUG: justoneday 2020 241 /caldera/projects/usgs/water/impd/skagone/r37.0_tile0
04:25:22 ET_MOSAIC DEBUG: justoneday 2020 242 /caldera/projects/usgs/water/impd/skagone/r37.0_tile0
04:26:54 ET_MOSAIC DEBUG: justoneday 2020 243 /caldera/projects/usgs/water/impd/skagone/r37.0_tile0
04:28:25 ET_MOSAIC DEBUG: justoneday 2020 244 /caldera/projects/usgs/water/impd/skagone/r37.0_tile0
04:29:55 ET_MOSAIC DEBUG: justoneday 2020 245 /caldera/projects/usgs/water/impd/skagone/r37.0_tile0
04:31:25 ET_MOSAIC DEBUG: justoneday 2020 246 /caldera/projects/usgs/water/impd/skagone/r37.0_tile0
04:32:53 ET_MOSAIC DEBUG: justoneday 2020 247 /caldera/projects/usgs/water/impd/skagone/r37.0_tile0
04:34:22 ET_MOSAIC DEBUG: justoneday 2020 248 /caldera/projects/usgs/water/impd/skagone/r37.0_tile0
04:35:51 ET_MOSAIC DEBUG: justoneday 2020 249 /caldera/projects/usgs/water/impd/skagone/r37.0_tile0
04:37:21 ET_MOSAIC DEBUG: justoneday 2020 250 /caldera/projects/usgs/water/impd/skagone/r37.0_tile0
04:38:51 ET_MOSAIC DEBUG: justoneday 2020 251 /caldera/projects/usgs/water/impd/skagone/r37.0_tile0
04:40:23 ET_MOSAIC DEBUG: justoneday 2020 252 /caldera/projects/usgs/water/impd/skagone/r37.0_tile0
04:41:56 ET_MOSAIC DEBUG: justoneday 2020 253 /caldera/projects/usgs/water/impd/skagone/r37.0_tile0
04:43:27 ET_MOSAIC DEBUG: justoneday 2020 254 /caldera/projects/usgs/water/impd/skagone/r37.0_tile0
04:44:59 ET_MOSAIC DEBUG: justoneday 2020 255 /caldera/projects/usgs/water/impd/skagone/r37.0_tile0
04:46:29 ET_MOSAIC DEBUG: justoneday 2020 256 /caldera/projects/usgs/water/impd/skagone/r37.0_tile0
04:48:01 ET_MOSAIC DEBUG: justoneday 2020 257 /caldera/projects/usgs/water/impd/skagone/r37.0_tile0
04:49:32 ET_MOSAIC DEBUG: justoneday 2020 258 /caldera/projects/usgs/water/impd/skagone/r37.0_tile0
04:51:04 ET_MOSAIC DEBUG: justoneday 2020 259 /caldera/projects/usgs/water/impd/skagone/r37.0_tile0
04:52:36 ET_MOSAIC DEBUG: justoneday 2020 260 /caldera/projects/usgs/water/impd/skagone/r37.0_tile0
04:54:06 ET_MOSAIC DEBUG: justoneday 2020 261 /caldera/projects/usgs/water/impd/skagone/r37.0_tile0
04:55:34 ET_MOSAIC DEBUG: justoneday 2020 262 /caldera/projects/usgs/water/impd/skagone/r37.0_tile0
04:57:04 ET_MOSAIC DEBUG: justoneday 2020 263 /caldera/projects/usgs/water/impd/skagone/r37.0_tile0
04:58:33 ET_MOSAIC DEBUG: justoneday 2020 264 /caldera/projects/usgs/water/impd/skagone/r37.0_tile0
05:00:03 ET_MOSAIC DEBUG: justoneday 2020 265 /caldera/projects/usgs/water/impd/skagone/r37.0_tile0
05:01:32 ET_MOSAIC DEBUG: justoneday 2020 266 /caldera/projects/usgs/water/impd/skagone/r37.0_tile0
05:03:01 ET_MOSAIC DEBUG: justoneday 2020 267 /caldera/projects/usgs/water/impd/skagone/r37.0_tile0
05:04:30 ET_MOSAIC DEBUG: justoneday 2020 268 /caldera/projects/usgs/water/impd/skagone/r37.0_tile0
05:06:02 ET_MOSAIC DEBUG: justoneday 2020 269 /caldera/projects/usgs/water/impd/skagone/r37.0_tile0
05:07:34 ET_MOSAIC DEBUG: justoneday 2020 270 /caldera/projects/usgs/water/impd/skagone/r37.0_tile0
05:09:06 ET_MOSAIC DEBUG: justoneday 2020 271 /caldera/projects/usgs/water/impd/skagone/r37.0_tile0
05:10:36 ET_MOSAIC DEBUG: justoneday 2020 272 /caldera/projects/usgs/water/impd/skagone/r37.0_tile0
05:12:08 ET_MOSAIC DEBUG: justoneday 2020 273 /caldera/projects/usgs/water/impd/skagone/r37.0_tile0
05:13:40 ET_MOSAIC DEBUG: justoneday 2020 274 /caldera/projects/usgs/water/impd/skagone/r37.0_tile0
05:15:10 ET_MOSAIC DEBUG: justoneday 2020 275 /caldera/projects/usgs/water/impd/skagone/r37.0_tile0
05:16:42 ET_MOSAIC DEBUG: justoneday 2020 276 /caldera/projects/usgs/water/impd/skagone/r37.0_tile0
05:18:14 ET_MOSAIC DEBUG: justoneday 2020 277 /caldera/projects/usgs/water/impd/skagone/r37.0_tile0
05:19:46 ET_MOSAIC DEBUG: justoneday 2020 278 /caldera/projects/usgs/water/impd/skagone/r37.0_tile0
05:21:17 ET_MOSAIC DEBUG: justoneday 2020 279 /caldera/projects/usgs/water/impd/skagone/r37.0_tile0
05:22:47 ET_MOSAIC DEBUG: justoneday 2020 280 /caldera/projects/usgs/water/impd/skagone/r37.0_tile0
05:24:17 ET_MOSAIC DEBUG: justoneday 2020 281 /caldera/projects/usgs/water/impd/skagone/r37.0_tile0
05:25:48 ET_MOSAIC DEBUG: justoneday 2020 282 /caldera/projects/usgs/water/impd/skagone/r37.0_tile0
05:27:17 ET_MOSAIC DEBUG: justoneday 2020 283 /caldera/projects/usgs/water/impd/skagone/r37.0_tile0
05:28:48 ET_MOSAIC DEBUG: justoneday 2020 284 /caldera/projects/usgs/water/impd/skagone/r37.0_tile0
05:30:18 ET_MOSAIC DEBUG: justoneday 2020 285 /caldera/projects/usgs/water/impd/skagone/r37.0_tile0
05:31:48 ET_MOSAIC DEBUG: justoneday 2020 286 /caldera/projects/usgs/water/impd/skagone/r37.0_tile0
05:33:18 ET_MOSAIC DEBUG: justoneday 2020 287 /caldera/projects/usgs/water/impd/skagone/r37.0_tile0
05:34:48 ET_MOSAIC DEBUG: justoneday 2020 288 /caldera/projects/usgs/water/impd/skagone/r37.0_tile0
05:36:17 ET_MOSAIC DEBUG: justoneday 2020 289 /caldera/projects/usgs/water/impd/skagone/r37.0_tile0
05:37:44 ET_MOSAIC DEBUG: justoneday 2020 290 /caldera/projects/usgs/water/impd/skagone/r37.0_tile0
05:39:11 ET_MOSAIC DEBUG: justoneday 2020 291 /caldera/projects/usgs/water/impd/skagone/r37.0_tile0
05:40:39 ET_MOSAIC DEBUG: justoneday 2020 292 /caldera/projects/usgs/water/impd/skagone/r37.0_tile0
05:42:06 ET_MOSAIC DEBUG: justoneday 2020 293 /caldera/projects/usgs/water/impd/skagone/r37.0_tile0
05:43:36 ET_MOSAIC DEBUG: justoneday 2020 294 /caldera/projects/usgs/water/impd/skagone/r37.0_tile0
05:45:04 ET_MOSAIC DEBUG: justoneday 2020 295 /caldera/projects/usgs/water/impd/skagone/r37.0_tile0
05:46:32 ET_MOSAIC DEBUG: justoneday 2020 296 /caldera/projects/usgs/water/impd/skagone/r37.0_tile0
05:47:59 ET_MOSAIC DEBUG: justoneday 2020 297 /caldera/projects/usgs/water/impd/skagone/r37.0_tile0
05:49:27 ET_MOSAIC DEBUG: justoneday 2020 298 /caldera/projects/usgs/water/impd/skagone/r37.0_tile0
05:50:59 ET_MOSAIC DEBUG: justoneday 2020 299 /caldera/projects/usgs/water/impd/skagone/r37.0_tile0
05:52:29 ET_MOSAIC DEBUG: justoneday 2020 300 /caldera/projects/usgs/water/impd/skagone/r37.0_tile0
05:53:59 ET_MOSAIC DEBUG: justoneday 2020 301 /caldera/projects/usgs/water/impd/skagone/r37.0_tile0
05:55:30 ET_MOSAIC DEBUG: justoneday 2020 302 /caldera/projects/usgs/water/impd/skagone/r37.0_tile0
05:57:02 ET_MOSAIC DEBUG: justoneday 2020 303 /caldera/projects/usgs/water/impd/skagone/r37.0_tile0
05:58:31 ET_MOSAIC DEBUG: justoneday 2020 304 /caldera/projects/usgs/water/impd/skagone/r37.0_tile0
06:00:00 ET_MOSAIC DEBUG: justoneday 2020 305 /caldera/projects/usgs/water/impd/skagone/r37.0_tile0
06:01:29 ET_MOSAIC DEBUG: justoneday 2020 306 /caldera/projects/usgs/water/impd/skagone/r37.0_tile0
06:02:58 ET_MOSAIC DEBUG: justoneday 2020 307 /caldera/projects/usgs/water/impd/skagone/r37.0_tile0
06:04:26 ET_MOSAIC DEBUG: justoneday 2020 308 /caldera/projects/usgs/water/impd/skagone/r37.0_tile0
06:05:55 ET_MOSAIC DEBUG: justoneday 2020 309 /caldera/projects/usgs/water/impd/skagone/r37.0_tile0
06:07:24 ET_MOSAIC DEBUG: justoneday 2020 310 /caldera/projects/usgs/water/impd/skagone/r37.0_tile0
06:08:53 ET_MOSAIC DEBUG: justoneday 2020 311 /caldera/projects/usgs/water/impd/skagone/r37.0_tile0
06:10:22 ET_MOSAIC DEBUG: justoneday 2020 312 /caldera/projects/usgs/water/impd/skagone/r37.0_tile0
06:11:52 ET_MOSAIC DEBUG: justoneday 2020 313 /caldera/projects/usgs/water/impd/skagone/r37.0_tile0
06:13:20 ET_MOSAIC DEBUG: justoneday 2020 314 /caldera/projects/usgs/water/impd/skagone/r37.0_tile0
06:14:50 ET_MOSAIC DEBUG: justoneday 2020 315 /caldera/projects/usgs/water/impd/skagone/r37.0_tile0
06:16:18 ET_MOSAIC DEBUG: justoneday 2020 316 /caldera/projects/usgs/water/impd/skagone/r37.0_tile0
06:17:47 ET_MOSAIC DEBUG: justoneday 2020 317 /caldera/projects/usgs/water/impd/skagone/r37.0_tile0
06:19:17 ET_MOSAIC DEBUG: justoneday 2020 318 /caldera/projects/usgs/water/impd/skagone/r37.0_tile0
06:20:46 ET_MOSAIC DEBUG: justoneday 2020 319 /caldera/projects/usgs/water/impd/skagone/r37.0_tile0
06:22:17 ET_MOSAIC DEBUG: justoneday 2020 320 /caldera/projects/usgs/water/impd/skagone/r37.0_tile0
06:23:47 ET_MOSAIC DEBUG: justoneday 2020 321 /caldera/projects/usgs/water/impd/skagone/r37.0_tile0
06:25:18 ET_MOSAIC DEBUG: justoneday 2020 322 /caldera/projects/usgs/water/impd/skagone/r37.0_tile0
06:26:49 ET_MOSAIC DEBUG: justoneday 2020 323 /caldera/projects/usgs/water/impd/skagone/r37.0_tile0
06:28:20 ET_MOSAIC DEBUG: justoneday 2020 324 /caldera/projects/usgs/water/impd/skagone/r37.0_tile0
06:29:52 ET_MOSAIC DEBUG: justoneday 2020 325 /caldera/projects/usgs/water/impd/skagone/r37.0_tile0
06:31:23 ET_MOSAIC DEBUG: justoneday 2020 326 /caldera/projects/usgs/water/impd/skagone/r37.0_tile0
06:32:54 ET_MOSAIC DEBUG: justoneday 2020 327 /caldera/projects/usgs/water/impd/skagone/r37.0_tile0
06:34:24 ET_MOSAIC DEBUG: justoneday 2020 328 /caldera/projects/usgs/water/impd/skagone/r37.0_tile0
06:35:53 ET_MOSAIC DEBUG: justoneday 2020 329 /caldera/projects/usgs/water/impd/skagone/r37.0_tile0
06:37:24 ET_MOSAIC DEBUG: justoneday 2020 330 /caldera/projects/usgs/water/impd/skagone/r37.0_tile0
06:38:56 ET_MOSAIC DEBUG: justoneday 2020 331 /caldera/projects/usgs/water/impd/skagone/r37.0_tile0
06:40:27 ET_MOSAIC DEBUG: justoneday 2020 332 /caldera/projects/usgs/water/impd/skagone/r37.0_tile0
06:41:59 ET_MOSAIC DEBUG: justoneday 2020 333 /caldera/projects/usgs/water/impd/skagone/r37.0_tile0
06:43:29 ET_MOSAIC DEBUG: justoneday 2020 334 /caldera/projects/usgs/water/impd/skagone/r37.0_tile0
06:44:58 ET_MOSAIC DEBUG: justoneday 2020 335 /caldera/projects/usgs/water/impd/skagone/r37.0_tile0
06:46:27 ET_MOSAIC DEBUG: justoneday 2020 336 /caldera/projects/usgs/water/impd/skagone/r37.0_tile0
06:47:56 ET_MOSAIC DEBUG: justoneday 2020 337 /caldera/projects/usgs/water/impd/skagone/r37.0_tile0
06:49:23 ET_MOSAIC DEBUG: justoneday 2020 338 /caldera/projects/usgs/water/impd/skagone/r37.0_tile0
06:50:50 ET_MOSAIC DEBUG: justoneday 2020 339 /caldera/projects/usgs/water/impd/skagone/r37.0_tile0
06:52:18 ET_MOSAIC DEBUG: justoneday 2020 340 /caldera/projects/usgs/water/impd/skagone/r37.0_tile0
06:53:46 ET_MOSAIC DEBUG: justoneday 2020 341 /caldera/projects/usgs/water/impd/skagone/r37.0_tile0
06:55:15 ET_MOSAIC DEBUG: justoneday 2020 342 /caldera/projects/usgs/water/impd/skagone/r37.0_tile0
06:56:43 ET_MOSAIC DEBUG: justoneday 2020 343 /caldera/projects/usgs/water/impd/skagone/r37.0_tile0
06:58:12 ET_MOSAIC DEBUG: justoneday 2020 344 /caldera/projects/usgs/water/impd/skagone/r37.0_tile0
06:59:41 ET_MOSAIC DEBUG: justoneday 2020 345 /caldera/projects/usgs/water/impd/skagone/r37.0_tile0
07:01:08 ET_MOSAIC DEBUG: justoneday 2020 346 /caldera/projects/usgs/water/impd/skagone/r37.0_tile0
07:02:38 ET_MOSAIC DEBUG: justoneday 2020 347 /caldera/projects/usgs/water/impd/skagone/r37.0_tile0
07:04:08 ET_MOSAIC DEBUG: justoneday 2020 348 /caldera/projects/usgs/water/impd/skagone/r37.0_tile0
07:05:38 ET_MOSAIC DEBUG: justoneday 2020 349 /caldera/projects/usgs/water/impd/skagone/r37.0_tile0
07:07:10 ET_MOSAIC DEBUG: justoneday 2020 350 /caldera/projects/usgs/water/impd/skagone/r37.0_tile0
07:08:40 ET_MOSAIC DEBUG: justoneday 2020 351 /caldera/projects/usgs/water/impd/skagone/r37.0_tile0
07:10:09 ET_MOSAIC DEBUG: justoneday 2020 352 /caldera/projects/usgs/water/impd/skagone/r37.0_tile0
07:11:37 ET_MOSAIC DEBUG: justoneday 2020 353 /caldera/projects/usgs/water/impd/skagone/r37.0_tile0
07:13:04 ET_MOSAIC DEBUG: justoneday 2020 354 /caldera/projects/usgs/water/impd/skagone/r37.0_tile0
07:14:30 ET_MOSAIC DEBUG: justoneday 2020 355 /caldera/projects/usgs/water/impd/skagone/r37.0_tile0
07:15:57 ET_MOSAIC DEBUG: justoneday 2020 356 /caldera/projects/usgs/water/impd/skagone/r37.0_tile0
07:17:24 ET_MOSAIC DEBUG: justoneday 2020 357 /caldera/projects/usgs/water/impd/skagone/r37.0_tile0
07:18:51 ET_MOSAIC DEBUG: justoneday 2020 358 /caldera/projects/usgs/water/impd/skagone/r37.0_tile0
07:20:20 ET_MOSAIC DEBUG: justoneday 2020 359 /caldera/projects/usgs/water/impd/skagone/r37.0_tile0
07:21:49 ET_MOSAIC DEBUG: justoneday 2020 360 /caldera/projects/usgs/water/impd/skagone/r37.0_tile0
07:23:20 ET_MOSAIC DEBUG: justoneday 2020 361 /caldera/projects/usgs/water/impd/skagone/r37.0_tile0
07:24:49 ET_MOSAIC DEBUG: justoneday 2020 362 /caldera/projects/usgs/water/impd/skagone/r37.0_tile0
07:26:19 ET_MOSAIC DEBUG: justoneday 2020 363 /caldera/projects/usgs/water/impd/skagone/r37.0_tile0
07:27:47 ET_MOSAIC DEBUG: justoneday 2020 364 /caldera/projects/usgs/water/impd/skagone/r37.0_tile0
07:29:16 ET_MOSAIC DEBUG: justoneday 2020 365 /caldera/projects/usgs/water/impd/skagone/r37.0_tile0
07:30:44 ET_MOSAIC DEBUG: justoneday 2020 366 /caldera/projects/usgs/water/impd/skagone/r37.0_tile0
