12:50:45 ET_MOSAIC DEBUG: this is how you call one of your functions
12:50:45 ET_MOSAIC DEBUG: hello from Conus_mosaic class
12:50:45 ET_MOSAIC DEBUG: Mosaicking ['netet'] in /caldera/projects/usgs/water/impd/skagone and put it in /caldera/projects/usgs/water/impd/butzer for 2011
12:50:45 ET_MOSAIC DEBUG: run_mosaic
12:50:45 ET_MOSAIC DEBUG: Mosaic this product: netet
12:50:45 ET_MOSAIC DEBUG: /caldera/projects/usgs/water/impd/skagone/
12:50:45 ET_MOSAIC DEBUG: justoneday 2011 1 /caldera/projects/usgs/water/impd/skagone/r37.0_tile0
Warning 1: +init=epsg:XXXX syntax is deprecated. It might return a CRS with a non-EPSG compliant axis order.
12:52:27 ET_MOSAIC DEBUG: justoneday 2011 2 /caldera/projects/usgs/water/impd/skagone/r37.0_tile0
12:54:05 ET_MOSAIC DEBUG: justoneday 2011 3 /caldera/projects/usgs/water/impd/skagone/r37.0_tile0
12:55:54 ET_MOSAIC DEBUG: justoneday 2011 4 /caldera/projects/usgs/water/impd/skagone/r37.0_tile0
12:57:42 ET_MOSAIC DEBUG: justoneday 2011 5 /caldera/projects/usgs/water/impd/skagone/r37.0_tile0
12:59:29 ET_MOSAIC DEBUG: justoneday 2011 6 /caldera/projects/usgs/water/impd/skagone/r37.0_tile0
13:01:15 ET_MOSAIC DEBUG: justoneday 2011 7 /caldera/projects/usgs/water/impd/skagone/r37.0_tile0
13:03:00 ET_MOSAIC DEBUG: justoneday 2011 8 /caldera/projects/usgs/water/impd/skagone/r37.0_tile0
13:04:44 ET_MOSAIC DEBUG: justoneday 2011 9 /caldera/projects/usgs/water/impd/skagone/r37.0_tile0
13:06:29 ET_MOSAIC DEBUG: justoneday 2011 10 /caldera/projects/usgs/water/impd/skagone/r37.0_tile0
13:08:14 ET_MOSAIC DEBUG: justoneday 2011 11 /caldera/projects/usgs/water/impd/skagone/r37.0_tile0
13:10:01 ET_MOSAIC DEBUG: justoneday 2011 12 /caldera/projects/usgs/water/impd/skagone/r37.0_tile0
13:11:47 ET_MOSAIC DEBUG: justoneday 2011 13 /caldera/projects/usgs/water/impd/skagone/r37.0_tile0
13:13:34 ET_MOSAIC DEBUG: justoneday 2011 14 /caldera/projects/usgs/water/impd/skagone/r37.0_tile0
13:15:20 ET_MOSAIC DEBUG: justoneday 2011 15 /caldera/projects/usgs/water/impd/skagone/r37.0_tile0
13:17:06 ET_MOSAIC DEBUG: justoneday 2011 16 /caldera/projects/usgs/water/impd/skagone/r37.0_tile0
13:18:52 ET_MOSAIC DEBUG: justoneday 2011 17 /caldera/projects/usgs/water/impd/skagone/r37.0_tile0
13:20:38 ET_MOSAIC DEBUG: justoneday 2011 18 /caldera/projects/usgs/water/impd/skagone/r37.0_tile0
13:22:12 ET_MOSAIC DEBUG: justoneday 2011 19 /caldera/projects/usgs/water/impd/skagone/r37.0_tile0
13:23:52 ET_MOSAIC DEBUG: justoneday 2011 20 /caldera/projects/usgs/water/impd/skagone/r37.0_tile0
13:25:41 ET_MOSAIC DEBUG: justoneday 2011 21 /caldera/projects/usgs/water/impd/skagone/r37.0_tile0
13:27:19 ET_MOSAIC DEBUG: justoneday 2011 22 /caldera/projects/usgs/water/impd/skagone/r37.0_tile0
13:28:56 ET_MOSAIC DEBUG: justoneday 2011 23 /caldera/projects/usgs/water/impd/skagone/r37.0_tile0
13:31:07 ET_MOSAIC DEBUG: justoneday 2011 24 /caldera/projects/usgs/water/impd/skagone/r37.0_tile0
13:33:05 ET_MOSAIC DEBUG: justoneday 2011 25 /caldera/projects/usgs/water/impd/skagone/r37.0_tile0
13:35:03 ET_MOSAIC DEBUG: justoneday 2011 26 /caldera/projects/usgs/water/impd/skagone/r37.0_tile0
13:36:46 ET_MOSAIC DEBUG: justoneday 2011 27 /caldera/projects/usgs/water/impd/skagone/r37.0_tile0
13:38:34 ET_MOSAIC DEBUG: justoneday 2011 28 /caldera/projects/usgs/water/impd/skagone/r37.0_tile0
13:40:48 ET_MOSAIC DEBUG: justoneday 2011 29 /caldera/projects/usgs/water/impd/skagone/r37.0_tile0
13:42:30 ET_MOSAIC DEBUG: justoneday 2011 30 /caldera/projects/usgs/water/impd/skagone/r37.0_tile0
13:44:32 ET_MOSAIC DEBUG: justoneday 2011 31 /caldera/projects/usgs/water/impd/skagone/r37.0_tile0
13:46:43 ET_MOSAIC DEBUG: justoneday 2011 32 /caldera/projects/usgs/water/impd/skagone/r37.0_tile0
13:49:02 ET_MOSAIC DEBUG: justoneday 2011 33 /caldera/projects/usgs/water/impd/skagone/r37.0_tile0
13:51:07 ET_MOSAIC DEBUG: justoneday 2011 34 /caldera/projects/usgs/water/impd/skagone/r37.0_tile0
13:53:02 ET_MOSAIC DEBUG: justoneday 2011 35 /caldera/projects/usgs/water/impd/skagone/r37.0_tile0
13:54:46 ET_MOSAIC DEBUG: justoneday 2011 36 /caldera/projects/usgs/water/impd/skagone/r37.0_tile0
13:56:42 ET_MOSAIC DEBUG: justoneday 2011 37 /caldera/projects/usgs/water/impd/skagone/r37.0_tile0
13:58:34 ET_MOSAIC DEBUG: justoneday 2011 38 /caldera/projects/usgs/water/impd/skagone/r37.0_tile0
14:00:19 ET_MOSAIC DEBUG: justoneday 2011 39 /caldera/projects/usgs/water/impd/skagone/r37.0_tile0
14:02:01 ET_MOSAIC DEBUG: justoneday 2011 40 /caldera/projects/usgs/water/impd/skagone/r37.0_tile0
14:03:55 ET_MOSAIC DEBUG: justoneday 2011 41 /caldera/projects/usgs/water/impd/skagone/r37.0_tile0
14:05:39 ET_MOSAIC DEBUG: justoneday 2011 42 /caldera/projects/usgs/water/impd/skagone/r37.0_tile0
14:07:24 ET_MOSAIC DEBUG: justoneday 2011 43 /caldera/projects/usgs/water/impd/skagone/r37.0_tile0
14:09:08 ET_MOSAIC DEBUG: justoneday 2011 44 /caldera/projects/usgs/water/impd/skagone/r37.0_tile0
14:10:52 ET_MOSAIC DEBUG: justoneday 2011 45 /caldera/projects/usgs/water/impd/skagone/r37.0_tile0
14:12:36 ET_MOSAIC DEBUG: justoneday 2011 46 /caldera/projects/usgs/water/impd/skagone/r37.0_tile0
14:14:19 ET_MOSAIC DEBUG: justoneday 2011 47 /caldera/projects/usgs/water/impd/skagone/r37.0_tile0
14:16:02 ET_MOSAIC DEBUG: justoneday 2011 48 /caldera/projects/usgs/water/impd/skagone/r37.0_tile0
14:17:45 ET_MOSAIC DEBUG: justoneday 2011 49 /caldera/projects/usgs/water/impd/skagone/r37.0_tile0
14:19:28 ET_MOSAIC DEBUG: justoneday 2011 50 /caldera/projects/usgs/water/impd/skagone/r37.0_tile0
14:21:14 ET_MOSAIC DEBUG: justoneday 2011 51 /caldera/projects/usgs/water/impd/skagone/r37.0_tile0
14:23:00 ET_MOSAIC DEBUG: justoneday 2011 52 /caldera/projects/usgs/water/impd/skagone/r37.0_tile0
14:24:44 ET_MOSAIC DEBUG: justoneday 2011 53 /caldera/projects/usgs/water/impd/skagone/r37.0_tile0
14:26:32 ET_MOSAIC DEBUG: justoneday 2011 54 /caldera/projects/usgs/water/impd/skagone/r37.0_tile0
14:28:09 ET_MOSAIC DEBUG: justoneday 2011 55 /caldera/projects/usgs/water/impd/skagone/r37.0_tile0
14:29:42 ET_MOSAIC DEBUG: justoneday 2011 56 /caldera/projects/usgs/water/impd/skagone/r37.0_tile0
14:31:29 ET_MOSAIC DEBUG: justoneday 2011 57 /caldera/projects/usgs/water/impd/skagone/r37.0_tile0
14:33:17 ET_MOSAIC DEBUG: justoneday 2011 58 /caldera/projects/usgs/water/impd/skagone/r37.0_tile0
14:35:09 ET_MOSAIC DEBUG: justoneday 2011 59 /caldera/projects/usgs/water/impd/skagone/r37.0_tile0
14:36:56 ET_MOSAIC DEBUG: justoneday 2011 60 /caldera/projects/usgs/water/impd/skagone/r37.0_tile0
14:38:44 ET_MOSAIC DEBUG: justoneday 2011 61 /caldera/projects/usgs/water/impd/skagone/r37.0_tile0
14:40:39 ET_MOSAIC DEBUG: justoneday 2011 62 /caldera/projects/usgs/water/impd/skagone/r37.0_tile0
14:42:25 ET_MOSAIC DEBUG: justoneday 2011 63 /caldera/projects/usgs/water/impd/skagone/r37.0_tile0
14:44:01 ET_MOSAIC DEBUG: justoneday 2011 64 /caldera/projects/usgs/water/impd/skagone/r37.0_tile0
14:45:49 ET_MOSAIC DEBUG: justoneday 2011 65 /caldera/projects/usgs/water/impd/skagone/r37.0_tile0
14:47:26 ET_MOSAIC DEBUG: justoneday 2011 66 /caldera/projects/usgs/water/impd/skagone/r37.0_tile0
14:49:17 ET_MOSAIC DEBUG: justoneday 2011 67 /caldera/projects/usgs/water/impd/skagone/r37.0_tile0
14:51:06 ET_MOSAIC DEBUG: justoneday 2011 68 /caldera/projects/usgs/water/impd/skagone/r37.0_tile0
14:52:42 ET_MOSAIC DEBUG: justoneday 2011 69 /caldera/projects/usgs/water/impd/skagone/r37.0_tile0
14:54:30 ET_MOSAIC DEBUG: justoneday 2011 70 /caldera/projects/usgs/water/impd/skagone/r37.0_tile0
14:56:07 ET_MOSAIC DEBUG: justoneday 2011 71 /caldera/projects/usgs/water/impd/skagone/r37.0_tile0
14:57:49 ET_MOSAIC DEBUG: justoneday 2011 72 /caldera/projects/usgs/water/impd/skagone/r37.0_tile0
14:59:39 ET_MOSAIC DEBUG: justoneday 2011 73 /caldera/projects/usgs/water/impd/skagone/r37.0_tile0
15:01:27 ET_MOSAIC DEBUG: justoneday 2011 74 /caldera/projects/usgs/water/impd/skagone/r37.0_tile0
15:03:15 ET_MOSAIC DEBUG: justoneday 2011 75 /caldera/projects/usgs/water/impd/skagone/r37.0_tile0
15:05:03 ET_MOSAIC DEBUG: justoneday 2011 76 /caldera/projects/usgs/water/impd/skagone/r37.0_tile0
15:06:56 ET_MOSAIC DEBUG: justoneday 2011 77 /caldera/projects/usgs/water/impd/skagone/r37.0_tile0
15:08:43 ET_MOSAIC DEBUG: justoneday 2011 78 /caldera/projects/usgs/water/impd/skagone/r37.0_tile0
15:10:28 ET_MOSAIC DEBUG: justoneday 2011 79 /caldera/projects/usgs/water/impd/skagone/r37.0_tile0
15:12:15 ET_MOSAIC DEBUG: justoneday 2011 80 /caldera/projects/usgs/water/impd/skagone/r37.0_tile0
15:14:00 ET_MOSAIC DEBUG: justoneday 2011 81 /caldera/projects/usgs/water/impd/skagone/r37.0_tile0
15:15:48 ET_MOSAIC DEBUG: justoneday 2011 82 /caldera/projects/usgs/water/impd/skagone/r37.0_tile0
15:17:34 ET_MOSAIC DEBUG: justoneday 2011 83 /caldera/projects/usgs/water/impd/skagone/r37.0_tile0
15:19:24 ET_MOSAIC DEBUG: justoneday 2011 84 /caldera/projects/usgs/water/impd/skagone/r37.0_tile0
15:21:10 ET_MOSAIC DEBUG: justoneday 2011 85 /caldera/projects/usgs/water/impd/skagone/r37.0_tile0
15:22:56 ET_MOSAIC DEBUG: justoneday 2011 86 /caldera/projects/usgs/water/impd/skagone/r37.0_tile0
15:24:46 ET_MOSAIC DEBUG: justoneday 2011 87 /caldera/projects/usgs/water/impd/skagone/r37.0_tile0
15:26:34 ET_MOSAIC DEBUG: justoneday 2011 88 /caldera/projects/usgs/water/impd/skagone/r37.0_tile0
15:28:20 ET_MOSAIC DEBUG: justoneday 2011 89 /caldera/projects/usgs/water/impd/skagone/r37.0_tile0
15:30:07 ET_MOSAIC DEBUG: justoneday 2011 90 /caldera/projects/usgs/water/impd/skagone/r37.0_tile0
15:31:53 ET_MOSAIC DEBUG: justoneday 2011 91 /caldera/projects/usgs/water/impd/skagone/r37.0_tile0
15:33:43 ET_MOSAIC DEBUG: justoneday 2011 92 /caldera/projects/usgs/water/impd/skagone/r37.0_tile0
15:35:40 ET_MOSAIC DEBUG: justoneday 2011 93 /caldera/projects/usgs/water/impd/skagone/r37.0_tile0
15:37:31 ET_MOSAIC DEBUG: justoneday 2011 94 /caldera/projects/usgs/water/impd/skagone/r37.0_tile0
15:39:24 ET_MOSAIC DEBUG: justoneday 2011 95 /caldera/projects/usgs/water/impd/skagone/r37.0_tile0
15:41:15 ET_MOSAIC DEBUG: justoneday 2011 96 /caldera/projects/usgs/water/impd/skagone/r37.0_tile0
15:43:07 ET_MOSAIC DEBUG: justoneday 2011 97 /caldera/projects/usgs/water/impd/skagone/r37.0_tile0
15:45:21 ET_MOSAIC DEBUG: justoneday 2011 98 /caldera/projects/usgs/water/impd/skagone/r37.0_tile0
15:47:26 ET_MOSAIC DEBUG: justoneday 2011 99 /caldera/projects/usgs/water/impd/skagone/r37.0_tile0
15:49:33 ET_MOSAIC DEBUG: justoneday 2011 100 /caldera/projects/usgs/water/impd/skagone/r37.0_tile0
15:52:06 ET_MOSAIC DEBUG: justoneday 2011 101 /caldera/projects/usgs/water/impd/skagone/r37.0_tile0
15:54:04 ET_MOSAIC DEBUG: justoneday 2011 102 /caldera/projects/usgs/water/impd/skagone/r37.0_tile0
15:56:16 ET_MOSAIC DEBUG: justoneday 2011 103 /caldera/projects/usgs/water/impd/skagone/r37.0_tile0
15:58:39 ET_MOSAIC DEBUG: justoneday 2011 104 /caldera/projects/usgs/water/impd/skagone/r37.0_tile0
16:00:34 ET_MOSAIC DEBUG: justoneday 2011 105 /caldera/projects/usgs/water/impd/skagone/r37.0_tile0
16:02:54 ET_MOSAIC DEBUG: justoneday 2011 106 /caldera/projects/usgs/water/impd/skagone/r37.0_tile0
16:05:08 ET_MOSAIC DEBUG: justoneday 2011 107 /caldera/projects/usgs/water/impd/skagone/r37.0_tile0
16:07:13 ET_MOSAIC DEBUG: justoneday 2011 108 /caldera/projects/usgs/water/impd/skagone/r37.0_tile0
16:09:19 ET_MOSAIC DEBUG: justoneday 2011 109 /caldera/projects/usgs/water/impd/skagone/r37.0_tile0
16:11:17 ET_MOSAIC DEBUG: justoneday 2011 110 /caldera/projects/usgs/water/impd/skagone/r37.0_tile0
16:13:05 ET_MOSAIC DEBUG: justoneday 2011 111 /caldera/projects/usgs/water/impd/skagone/r37.0_tile0
16:14:47 ET_MOSAIC DEBUG: justoneday 2011 112 /caldera/projects/usgs/water/impd/skagone/r37.0_tile0
16:16:29 ET_MOSAIC DEBUG: justoneday 2011 113 /caldera/projects/usgs/water/impd/skagone/r37.0_tile0
16:18:27 ET_MOSAIC DEBUG: justoneday 2011 114 /caldera/projects/usgs/water/impd/skagone/r37.0_tile0
16:20:14 ET_MOSAIC DEBUG: justoneday 2011 115 /caldera/projects/usgs/water/impd/skagone/r37.0_tile0
16:22:04 ET_MOSAIC DEBUG: justoneday 2011 116 /caldera/projects/usgs/water/impd/skagone/r37.0_tile0
16:23:49 ET_MOSAIC DEBUG: justoneday 2011 117 /caldera/projects/usgs/water/impd/skagone/r37.0_tile0
16:25:35 ET_MOSAIC DEBUG: justoneday 2011 118 /caldera/projects/usgs/water/impd/skagone/r37.0_tile0
16:27:22 ET_MOSAIC DEBUG: justoneday 2011 119 /caldera/projects/usgs/water/impd/skagone/r37.0_tile0
16:29:13 ET_MOSAIC DEBUG: justoneday 2011 120 /caldera/projects/usgs/water/impd/skagone/r37.0_tile0
16:30:59 ET_MOSAIC DEBUG: justoneday 2011 121 /caldera/projects/usgs/water/impd/skagone/r37.0_tile0
16:32:46 ET_MOSAIC DEBUG: justoneday 2011 122 /caldera/projects/usgs/water/impd/skagone/r37.0_tile0
16:34:34 ET_MOSAIC DEBUG: justoneday 2011 123 /caldera/projects/usgs/water/impd/skagone/r37.0_tile0
16:36:22 ET_MOSAIC DEBUG: justoneday 2011 124 /caldera/projects/usgs/water/impd/skagone/r37.0_tile0
16:38:09 ET_MOSAIC DEBUG: justoneday 2011 125 /caldera/projects/usgs/water/impd/skagone/r37.0_tile0
16:39:57 ET_MOSAIC DEBUG: justoneday 2011 126 /caldera/projects/usgs/water/impd/skagone/r37.0_tile0
16:41:46 ET_MOSAIC DEBUG: justoneday 2011 127 /caldera/projects/usgs/water/impd/skagone/r37.0_tile0
16:43:35 ET_MOSAIC DEBUG: justoneday 2011 128 /caldera/projects/usgs/water/impd/skagone/r37.0_tile0
16:45:26 ET_MOSAIC DEBUG: justoneday 2011 129 /caldera/projects/usgs/water/impd/skagone/r37.0_tile0
16:47:21 ET_MOSAIC DEBUG: justoneday 2011 130 /caldera/projects/usgs/water/impd/skagone/r37.0_tile0
16:49:14 ET_MOSAIC DEBUG: justoneday 2011 131 /caldera/projects/usgs/water/impd/skagone/r37.0_tile0
16:51:06 ET_MOSAIC DEBUG: justoneday 2011 132 /caldera/projects/usgs/water/impd/skagone/r37.0_tile0
16:52:58 ET_MOSAIC DEBUG: justoneday 2011 133 /caldera/projects/usgs/water/impd/skagone/r37.0_tile0
16:54:55 ET_MOSAIC DEBUG: justoneday 2011 134 /caldera/projects/usgs/water/impd/skagone/r37.0_tile0
16:56:47 ET_MOSAIC DEBUG: justoneday 2011 135 /caldera/projects/usgs/water/impd/skagone/r37.0_tile0
16:58:38 ET_MOSAIC DEBUG: justoneday 2011 136 /caldera/projects/usgs/water/impd/skagone/r37.0_tile0
17:00:29 ET_MOSAIC DEBUG: justoneday 2011 137 /caldera/projects/usgs/water/impd/skagone/r37.0_tile0
17:02:23 ET_MOSAIC DEBUG: justoneday 2011 138 /caldera/projects/usgs/water/impd/skagone/r37.0_tile0
17:04:15 ET_MOSAIC DEBUG: justoneday 2011 139 /caldera/projects/usgs/water/impd/skagone/r37.0_tile0
17:06:10 ET_MOSAIC DEBUG: justoneday 2011 140 /caldera/projects/usgs/water/impd/skagone/r37.0_tile0
17:08:01 ET_MOSAIC DEBUG: justoneday 2011 141 /caldera/projects/usgs/water/impd/skagone/r37.0_tile0
17:09:54 ET_MOSAIC DEBUG: justoneday 2011 142 /caldera/projects/usgs/water/impd/skagone/r37.0_tile0
17:11:49 ET_MOSAIC DEBUG: justoneday 2011 143 /caldera/projects/usgs/water/impd/skagone/r37.0_tile0
17:13:42 ET_MOSAIC DEBUG: justoneday 2011 144 /caldera/projects/usgs/water/impd/skagone/r37.0_tile0
17:15:35 ET_MOSAIC DEBUG: justoneday 2011 145 /caldera/projects/usgs/water/impd/skagone/r37.0_tile0
17:17:28 ET_MOSAIC DEBUG: justoneday 2011 146 /caldera/projects/usgs/water/impd/skagone/r37.0_tile0
17:19:22 ET_MOSAIC DEBUG: justoneday 2011 147 /caldera/projects/usgs/water/impd/skagone/r37.0_tile0
17:21:16 ET_MOSAIC DEBUG: justoneday 2011 148 /caldera/projects/usgs/water/impd/skagone/r37.0_tile0
17:23:11 ET_MOSAIC DEBUG: justoneday 2011 149 /caldera/projects/usgs/water/impd/skagone/r37.0_tile0
17:25:11 ET_MOSAIC DEBUG: justoneday 2011 150 /caldera/projects/usgs/water/impd/skagone/r37.0_tile0
17:27:07 ET_MOSAIC DEBUG: justoneday 2011 151 /caldera/projects/usgs/water/impd/skagone/r37.0_tile0
17:29:09 ET_MOSAIC DEBUG: justoneday 2011 152 /caldera/projects/usgs/water/impd/skagone/r37.0_tile0
17:31:04 ET_MOSAIC DEBUG: justoneday 2011 153 /caldera/projects/usgs/water/impd/skagone/r37.0_tile0
17:33:07 ET_MOSAIC DEBUG: justoneday 2011 154 /caldera/projects/usgs/water/impd/skagone/r37.0_tile0
17:35:09 ET_MOSAIC DEBUG: justoneday 2011 155 /caldera/projects/usgs/water/impd/skagone/r37.0_tile0
17:37:11 ET_MOSAIC DEBUG: justoneday 2011 156 /caldera/projects/usgs/water/impd/skagone/r37.0_tile0
17:39:08 ET_MOSAIC DEBUG: justoneday 2011 157 /caldera/projects/usgs/water/impd/skagone/r37.0_tile0
17:40:52 ET_MOSAIC DEBUG: justoneday 2011 158 /caldera/projects/usgs/water/impd/skagone/r37.0_tile0
17:42:48 ET_MOSAIC DEBUG: justoneday 2011 159 /caldera/projects/usgs/water/impd/skagone/r37.0_tile0
17:44:45 ET_MOSAIC DEBUG: justoneday 2011 160 /caldera/projects/usgs/water/impd/skagone/r37.0_tile0
17:46:42 ET_MOSAIC DEBUG: justoneday 2011 161 /caldera/projects/usgs/water/impd/skagone/r37.0_tile0
17:48:39 ET_MOSAIC DEBUG: justoneday 2011 162 /caldera/projects/usgs/water/impd/skagone/r37.0_tile0
17:50:33 ET_MOSAIC DEBUG: justoneday 2011 163 /caldera/projects/usgs/water/impd/skagone/r37.0_tile0
17:52:24 ET_MOSAIC DEBUG: justoneday 2011 164 /caldera/projects/usgs/water/impd/skagone/r37.0_tile0
17:54:27 ET_MOSAIC DEBUG: justoneday 2011 165 /caldera/projects/usgs/water/impd/skagone/r37.0_tile0
17:56:27 ET_MOSAIC DEBUG: justoneday 2011 166 /caldera/projects/usgs/water/impd/skagone/r37.0_tile0
17:58:31 ET_MOSAIC DEBUG: justoneday 2011 167 /caldera/projects/usgs/water/impd/skagone/r37.0_tile0
18:00:37 ET_MOSAIC DEBUG: justoneday 2011 168 /caldera/projects/usgs/water/impd/skagone/r37.0_tile0
18:02:58 ET_MOSAIC DEBUG: justoneday 2011 169 /caldera/projects/usgs/water/impd/skagone/r37.0_tile0
18:05:37 ET_MOSAIC DEBUG: justoneday 2011 170 /caldera/projects/usgs/water/impd/skagone/r37.0_tile0
18:08:19 ET_MOSAIC DEBUG: justoneday 2011 171 /caldera/projects/usgs/water/impd/skagone/r37.0_tile0
18:10:31 ET_MOSAIC DEBUG: justoneday 2011 172 /caldera/projects/usgs/water/impd/skagone/r37.0_tile0
18:12:39 ET_MOSAIC DEBUG: justoneday 2011 173 /caldera/projects/usgs/water/impd/skagone/r37.0_tile0
18:14:57 ET_MOSAIC DEBUG: justoneday 2011 174 /caldera/projects/usgs/water/impd/skagone/r37.0_tile0
18:17:03 ET_MOSAIC DEBUG: justoneday 2011 175 /caldera/projects/usgs/water/impd/skagone/r37.0_tile0
18:19:40 ET_MOSAIC DEBUG: justoneday 2011 176 /caldera/projects/usgs/water/impd/skagone/r37.0_tile0
18:23:23 ET_MOSAIC DEBUG: justoneday 2011 177 /caldera/projects/usgs/water/impd/skagone/r37.0_tile0
18:25:21 ET_MOSAIC DEBUG: justoneday 2011 178 /caldera/projects/usgs/water/impd/skagone/r37.0_tile0
18:27:33 ET_MOSAIC DEBUG: justoneday 2011 179 /caldera/projects/usgs/water/impd/skagone/r37.0_tile0
18:29:36 ET_MOSAIC DEBUG: justoneday 2011 180 /caldera/projects/usgs/water/impd/skagone/r37.0_tile0
18:31:50 ET_MOSAIC DEBUG: justoneday 2011 181 /caldera/projects/usgs/water/impd/skagone/r37.0_tile0
18:34:06 ET_MOSAIC DEBUG: justoneday 2011 182 /caldera/projects/usgs/water/impd/skagone/r37.0_tile0
18:36:22 ET_MOSAIC DEBUG: justoneday 2011 183 /caldera/projects/usgs/water/impd/skagone/r37.0_tile0
18:38:21 ET_MOSAIC DEBUG: justoneday 2011 184 /caldera/projects/usgs/water/impd/skagone/r37.0_tile0
18:40:15 ET_MOSAIC DEBUG: justoneday 2011 185 /caldera/projects/usgs/water/impd/skagone/r37.0_tile0
18:42:21 ET_MOSAIC DEBUG: justoneday 2011 186 /caldera/projects/usgs/water/impd/skagone/r37.0_tile0
18:44:16 ET_MOSAIC DEBUG: justoneday 2011 187 /caldera/projects/usgs/water/impd/skagone/r37.0_tile0
18:46:20 ET_MOSAIC DEBUG: justoneday 2011 188 /caldera/projects/usgs/water/impd/skagone/r37.0_tile0
18:48:15 ET_MOSAIC DEBUG: justoneday 2011 189 /caldera/projects/usgs/water/impd/skagone/r37.0_tile0
18:50:19 ET_MOSAIC DEBUG: justoneday 2011 190 /caldera/projects/usgs/water/impd/skagone/r37.0_tile0
18:52:25 ET_MOSAIC DEBUG: justoneday 2011 191 /caldera/projects/usgs/water/impd/skagone/r37.0_tile0
18:54:33 ET_MOSAIC DEBUG: justoneday 2011 192 /caldera/projects/usgs/water/impd/skagone/r37.0_tile0
18:56:41 ET_MOSAIC DEBUG: justoneday 2011 193 /caldera/projects/usgs/water/impd/skagone/r37.0_tile0
18:58:35 ET_MOSAIC DEBUG: justoneday 2011 194 /caldera/projects/usgs/water/impd/skagone/r37.0_tile0
19:00:46 ET_MOSAIC DEBUG: justoneday 2011 195 /caldera/projects/usgs/water/impd/skagone/r37.0_tile0
19:02:43 ET_MOSAIC DEBUG: justoneday 2011 196 /caldera/projects/usgs/water/impd/skagone/r37.0_tile0
19:04:51 ET_MOSAIC DEBUG: justoneday 2011 197 /caldera/projects/usgs/water/impd/skagone/r37.0_tile0
19:07:00 ET_MOSAIC DEBUG: justoneday 2011 198 /caldera/projects/usgs/water/impd/skagone/r37.0_tile0
19:09:10 ET_MOSAIC DEBUG: justoneday 2011 199 /caldera/projects/usgs/water/impd/skagone/r37.0_tile0
19:11:23 ET_MOSAIC DEBUG: justoneday 2011 200 /caldera/projects/usgs/water/impd/skagone/r37.0_tile0
19:13:40 ET_MOSAIC DEBUG: justoneday 2011 201 /caldera/projects/usgs/water/impd/skagone/r37.0_tile0
19:15:57 ET_MOSAIC DEBUG: justoneday 2011 202 /caldera/projects/usgs/water/impd/skagone/r37.0_tile0
19:18:29 ET_MOSAIC DEBUG: justoneday 2011 203 /caldera/projects/usgs/water/impd/skagone/r37.0_tile0
19:20:57 ET_MOSAIC DEBUG: justoneday 2011 204 /caldera/projects/usgs/water/impd/skagone/r37.0_tile0
19:23:21 ET_MOSAIC DEBUG: justoneday 2011 205 /caldera/projects/usgs/water/impd/skagone/r37.0_tile0
19:25:50 ET_MOSAIC DEBUG: justoneday 2011 206 /caldera/projects/usgs/water/impd/skagone/r37.0_tile0
19:27:55 ET_MOSAIC DEBUG: justoneday 2011 207 /caldera/projects/usgs/water/impd/skagone/r37.0_tile0
19:30:12 ET_MOSAIC DEBUG: justoneday 2011 208 /caldera/projects/usgs/water/impd/skagone/r37.0_tile0
19:32:31 ET_MOSAIC DEBUG: justoneday 2011 209 /caldera/projects/usgs/water/impd/skagone/r37.0_tile0
19:34:48 ET_MOSAIC DEBUG: justoneday 2011 210 /caldera/projects/usgs/water/impd/skagone/r37.0_tile0
19:36:51 ET_MOSAIC DEBUG: justoneday 2011 211 /caldera/projects/usgs/water/impd/skagone/r37.0_tile0
19:38:51 ET_MOSAIC DEBUG: justoneday 2011 212 /caldera/projects/usgs/water/impd/skagone/r37.0_tile0
19:41:05 ET_MOSAIC DEBUG: justoneday 2011 213 /caldera/projects/usgs/water/impd/skagone/r37.0_tile0
19:43:09 ET_MOSAIC DEBUG: justoneday 2011 214 /caldera/projects/usgs/water/impd/skagone/r37.0_tile0
19:45:14 ET_MOSAIC DEBUG: justoneday 2011 215 /caldera/projects/usgs/water/impd/skagone/r37.0_tile0
19:47:27 ET_MOSAIC DEBUG: justoneday 2011 216 /caldera/projects/usgs/water/impd/skagone/r37.0_tile0
19:49:41 ET_MOSAIC DEBUG: justoneday 2011 217 /caldera/projects/usgs/water/impd/skagone/r37.0_tile0
19:51:57 ET_MOSAIC DEBUG: justoneday 2011 218 /caldera/projects/usgs/water/impd/skagone/r37.0_tile0
19:54:10 ET_MOSAIC DEBUG: justoneday 2011 219 /caldera/projects/usgs/water/impd/skagone/r37.0_tile0
19:56:26 ET_MOSAIC DEBUG: justoneday 2011 220 /caldera/projects/usgs/water/impd/skagone/r37.0_tile0
19:58:43 ET_MOSAIC DEBUG: justoneday 2011 221 /caldera/projects/usgs/water/impd/skagone/r37.0_tile0
20:00:46 ET_MOSAIC DEBUG: justoneday 2011 222 /caldera/projects/usgs/water/impd/skagone/r37.0_tile0
20:02:49 ET_MOSAIC DEBUG: justoneday 2011 223 /caldera/projects/usgs/water/impd/skagone/r37.0_tile0
20:05:10 ET_MOSAIC DEBUG: justoneday 2011 224 /caldera/projects/usgs/water/impd/skagone/r37.0_tile0
20:07:18 ET_MOSAIC DEBUG: justoneday 2011 225 /caldera/projects/usgs/water/impd/skagone/r37.0_tile0
20:09:37 ET_MOSAIC DEBUG: justoneday 2011 226 /caldera/projects/usgs/water/impd/skagone/r37.0_tile0
20:11:52 ET_MOSAIC DEBUG: justoneday 2011 227 /caldera/projects/usgs/water/impd/skagone/r37.0_tile0
20:14:17 ET_MOSAIC DEBUG: justoneday 2011 228 /caldera/projects/usgs/water/impd/skagone/r37.0_tile0
20:16:41 ET_MOSAIC DEBUG: justoneday 2011 229 /caldera/projects/usgs/water/impd/skagone/r37.0_tile0
20:18:59 ET_MOSAIC DEBUG: justoneday 2011 230 /caldera/projects/usgs/water/impd/skagone/r37.0_tile0
20:21:22 ET_MOSAIC DEBUG: justoneday 2011 231 /caldera/projects/usgs/water/impd/skagone/r37.0_tile0
20:23:50 ET_MOSAIC DEBUG: justoneday 2011 232 /caldera/projects/usgs/water/impd/skagone/r37.0_tile0
20:26:16 ET_MOSAIC DEBUG: justoneday 2011 233 /caldera/projects/usgs/water/impd/skagone/r37.0_tile0
20:29:10 ET_MOSAIC DEBUG: justoneday 2011 234 /caldera/projects/usgs/water/impd/skagone/r37.0_tile0
20:32:10 ET_MOSAIC DEBUG: justoneday 2011 235 /caldera/projects/usgs/water/impd/skagone/r37.0_tile0
20:35:04 ET_MOSAIC DEBUG: justoneday 2011 236 /caldera/projects/usgs/water/impd/skagone/r37.0_tile0
20:37:52 ET_MOSAIC DEBUG: justoneday 2011 237 /caldera/projects/usgs/water/impd/skagone/r37.0_tile0
20:40:19 ET_MOSAIC DEBUG: justoneday 2011 238 /caldera/projects/usgs/water/impd/skagone/r37.0_tile0
20:42:58 ET_MOSAIC DEBUG: justoneday 2011 239 /caldera/projects/usgs/water/impd/skagone/r37.0_tile0
20:46:20 ET_MOSAIC DEBUG: justoneday 2011 240 /caldera/projects/usgs/water/impd/skagone/r37.0_tile0
20:48:44 ET_MOSAIC DEBUG: justoneday 2011 241 /caldera/projects/usgs/water/impd/skagone/r37.0_tile0
20:51:11 ET_MOSAIC DEBUG: justoneday 2011 242 /caldera/projects/usgs/water/impd/skagone/r37.0_tile0
20:53:29 ET_MOSAIC DEBUG: justoneday 2011 243 /caldera/projects/usgs/water/impd/skagone/r37.0_tile0
20:55:55 ET_MOSAIC DEBUG: justoneday 2011 244 /caldera/projects/usgs/water/impd/skagone/r37.0_tile0
20:58:19 ET_MOSAIC DEBUG: justoneday 2011 245 /caldera/projects/usgs/water/impd/skagone/r37.0_tile0
21:01:01 ET_MOSAIC DEBUG: justoneday 2011 246 /caldera/projects/usgs/water/impd/skagone/r37.0_tile0
21:03:27 ET_MOSAIC DEBUG: justoneday 2011 247 /caldera/projects/usgs/water/impd/skagone/r37.0_tile0
21:05:46 ET_MOSAIC DEBUG: justoneday 2011 248 /caldera/projects/usgs/water/impd/skagone/r37.0_tile0
21:08:00 ET_MOSAIC DEBUG: justoneday 2011 249 /caldera/projects/usgs/water/impd/skagone/r37.0_tile0
21:10:14 ET_MOSAIC DEBUG: justoneday 2011 250 /caldera/projects/usgs/water/impd/skagone/r37.0_tile0
21:12:27 ET_MOSAIC DEBUG: justoneday 2011 251 /caldera/projects/usgs/water/impd/skagone/r37.0_tile0
21:14:41 ET_MOSAIC DEBUG: justoneday 2011 252 /caldera/projects/usgs/water/impd/skagone/r37.0_tile0
21:16:56 ET_MOSAIC DEBUG: justoneday 2011 253 /caldera/projects/usgs/water/impd/skagone/r37.0_tile0
21:19:10 ET_MOSAIC DEBUG: justoneday 2011 254 /caldera/projects/usgs/water/impd/skagone/r37.0_tile0
21:21:26 ET_MOSAIC DEBUG: justoneday 2011 255 /caldera/projects/usgs/water/impd/skagone/r37.0_tile0
21:23:44 ET_MOSAIC DEBUG: justoneday 2011 256 /caldera/projects/usgs/water/impd/skagone/r37.0_tile0
21:26:03 ET_MOSAIC DEBUG: justoneday 2011 257 /caldera/projects/usgs/water/impd/skagone/r37.0_tile0
21:28:22 ET_MOSAIC DEBUG: justoneday 2011 258 /caldera/projects/usgs/water/impd/skagone/r37.0_tile0
21:30:42 ET_MOSAIC DEBUG: justoneday 2011 259 /caldera/projects/usgs/water/impd/skagone/r37.0_tile0
21:33:05 ET_MOSAIC DEBUG: justoneday 2011 260 /caldera/projects/usgs/water/impd/skagone/r37.0_tile0
21:35:24 ET_MOSAIC DEBUG: justoneday 2011 261 /caldera/projects/usgs/water/impd/skagone/r37.0_tile0
21:38:02 ET_MOSAIC DEBUG: justoneday 2011 262 /caldera/projects/usgs/water/impd/skagone/r37.0_tile0
21:40:28 ET_MOSAIC DEBUG: justoneday 2011 263 /caldera/projects/usgs/water/impd/skagone/r37.0_tile0
21:42:54 ET_MOSAIC DEBUG: justoneday 2011 264 /caldera/projects/usgs/water/impd/skagone/r37.0_tile0
21:45:22 ET_MOSAIC DEBUG: justoneday 2011 265 /caldera/projects/usgs/water/impd/skagone/r37.0_tile0
21:47:41 ET_MOSAIC DEBUG: justoneday 2011 266 /caldera/projects/usgs/water/impd/skagone/r37.0_tile0
21:49:58 ET_MOSAIC DEBUG: justoneday 2011 267 /caldera/projects/usgs/water/impd/skagone/r37.0_tile0
21:52:13 ET_MOSAIC DEBUG: justoneday 2011 268 /caldera/projects/usgs/water/impd/skagone/r37.0_tile0
21:54:28 ET_MOSAIC DEBUG: justoneday 2011 269 /caldera/projects/usgs/water/impd/skagone/r37.0_tile0
21:56:45 ET_MOSAIC DEBUG: justoneday 2011 270 /caldera/projects/usgs/water/impd/skagone/r37.0_tile0
21:59:03 ET_MOSAIC DEBUG: justoneday 2011 271 /caldera/projects/usgs/water/impd/skagone/r37.0_tile0
22:01:18 ET_MOSAIC DEBUG: justoneday 2011 272 /caldera/projects/usgs/water/impd/skagone/r37.0_tile0
22:03:31 ET_MOSAIC DEBUG: justoneday 2011 273 /caldera/projects/usgs/water/impd/skagone/r37.0_tile0
22:05:47 ET_MOSAIC DEBUG: justoneday 2011 274 /caldera/projects/usgs/water/impd/skagone/r37.0_tile0
22:08:09 ET_MOSAIC DEBUG: justoneday 2011 275 /caldera/projects/usgs/water/impd/skagone/r37.0_tile0
22:10:28 ET_MOSAIC DEBUG: justoneday 2011 276 /caldera/projects/usgs/water/impd/skagone/r37.0_tile0
22:12:50 ET_MOSAIC DEBUG: justoneday 2011 277 /caldera/projects/usgs/water/impd/skagone/r37.0_tile0
22:15:15 ET_MOSAIC DEBUG: justoneday 2011 278 /caldera/projects/usgs/water/impd/skagone/r37.0_tile0
22:17:36 ET_MOSAIC DEBUG: justoneday 2011 279 /caldera/projects/usgs/water/impd/skagone/r37.0_tile0
22:19:43 ET_MOSAIC DEBUG: justoneday 2011 280 /caldera/projects/usgs/water/impd/skagone/r37.0_tile0
22:22:06 ET_MOSAIC DEBUG: justoneday 2011 281 /caldera/projects/usgs/water/impd/skagone/r37.0_tile0
22:24:22 ET_MOSAIC DEBUG: justoneday 2011 282 /caldera/projects/usgs/water/impd/skagone/r37.0_tile0
22:26:26 ET_MOSAIC DEBUG: justoneday 2011 283 /caldera/projects/usgs/water/impd/skagone/r37.0_tile0
22:28:35 ET_MOSAIC DEBUG: justoneday 2011 284 /caldera/projects/usgs/water/impd/skagone/r37.0_tile0
22:30:49 ET_MOSAIC DEBUG: justoneday 2011 285 /caldera/projects/usgs/water/impd/skagone/r37.0_tile0
22:32:53 ET_MOSAIC DEBUG: justoneday 2011 286 /caldera/projects/usgs/water/impd/skagone/r37.0_tile0
22:35:06 ET_MOSAIC DEBUG: justoneday 2011 287 /caldera/projects/usgs/water/impd/skagone/r37.0_tile0
22:37:41 ET_MOSAIC DEBUG: justoneday 2011 288 /caldera/projects/usgs/water/impd/skagone/r37.0_tile0
22:40:02 ET_MOSAIC DEBUG: justoneday 2011 289 /caldera/projects/usgs/water/impd/skagone/r37.0_tile0
22:42:20 ET_MOSAIC DEBUG: justoneday 2011 290 /caldera/projects/usgs/water/impd/skagone/r37.0_tile0
22:44:43 ET_MOSAIC DEBUG: justoneday 2011 291 /caldera/projects/usgs/water/impd/skagone/r37.0_tile0
22:46:56 ET_MOSAIC DEBUG: justoneday 2011 292 /caldera/projects/usgs/water/impd/skagone/r37.0_tile0
22:49:20 ET_MOSAIC DEBUG: justoneday 2011 293 /caldera/projects/usgs/water/impd/skagone/r37.0_tile0
22:52:09 ET_MOSAIC DEBUG: justoneday 2011 294 /caldera/projects/usgs/water/impd/skagone/r37.0_tile0
22:55:01 ET_MOSAIC DEBUG: justoneday 2011 295 /caldera/projects/usgs/water/impd/skagone/r37.0_tile0
22:57:39 ET_MOSAIC DEBUG: justoneday 2011 296 /caldera/projects/usgs/water/impd/skagone/r37.0_tile0
23:00:07 ET_MOSAIC DEBUG: justoneday 2011 297 /caldera/projects/usgs/water/impd/skagone/r37.0_tile0
23:02:43 ET_MOSAIC DEBUG: justoneday 2011 298 /caldera/projects/usgs/water/impd/skagone/r37.0_tile0
23:05:42 ET_MOSAIC DEBUG: justoneday 2011 299 /caldera/projects/usgs/water/impd/skagone/r37.0_tile0
23:08:49 ET_MOSAIC DEBUG: justoneday 2011 300 /caldera/projects/usgs/water/impd/skagone/r37.0_tile0
23:10:57 ET_MOSAIC DEBUG: justoneday 2011 301 /caldera/projects/usgs/water/impd/skagone/r37.0_tile0
23:13:23 ET_MOSAIC DEBUG: justoneday 2011 302 /caldera/projects/usgs/water/impd/skagone/r37.0_tile0
23:15:32 ET_MOSAIC DEBUG: justoneday 2011 303 /caldera/projects/usgs/water/impd/skagone/r37.0_tile0
23:17:54 ET_MOSAIC DEBUG: justoneday 2011 304 /caldera/projects/usgs/water/impd/skagone/r37.0_tile0
23:20:01 ET_MOSAIC DEBUG: justoneday 2011 305 /caldera/projects/usgs/water/impd/skagone/r37.0_tile0
23:22:22 ET_MOSAIC DEBUG: justoneday 2011 306 /caldera/projects/usgs/water/impd/skagone/r37.0_tile0
23:24:38 ET_MOSAIC DEBUG: justoneday 2011 307 /caldera/projects/usgs/water/impd/skagone/r37.0_tile0
23:26:47 ET_MOSAIC DEBUG: justoneday 2011 308 /caldera/projects/usgs/water/impd/skagone/r37.0_tile0
23:28:46 ET_MOSAIC DEBUG: justoneday 2011 309 /caldera/projects/usgs/water/impd/skagone/r37.0_tile0
23:30:55 ET_MOSAIC DEBUG: justoneday 2011 310 /caldera/projects/usgs/water/impd/skagone/r37.0_tile0
23:32:54 ET_MOSAIC DEBUG: justoneday 2011 311 /caldera/projects/usgs/water/impd/skagone/r37.0_tile0
23:34:57 ET_MOSAIC DEBUG: justoneday 2011 312 /caldera/projects/usgs/water/impd/skagone/r37.0_tile0
23:37:04 ET_MOSAIC DEBUG: justoneday 2011 313 /caldera/projects/usgs/water/impd/skagone/r37.0_tile0
23:38:59 ET_MOSAIC DEBUG: justoneday 2011 314 /caldera/projects/usgs/water/impd/skagone/r37.0_tile0
23:40:57 ET_MOSAIC DEBUG: justoneday 2011 315 /caldera/projects/usgs/water/impd/skagone/r37.0_tile0
23:43:08 ET_MOSAIC DEBUG: justoneday 2011 316 /caldera/projects/usgs/water/impd/skagone/r37.0_tile0
23:45:10 ET_MOSAIC DEBUG: justoneday 2011 317 /caldera/projects/usgs/water/impd/skagone/r37.0_tile0
23:47:10 ET_MOSAIC DEBUG: justoneday 2011 318 /caldera/projects/usgs/water/impd/skagone/r37.0_tile0
23:49:11 ET_MOSAIC DEBUG: justoneday 2011 319 /caldera/projects/usgs/water/impd/skagone/r37.0_tile0
23:51:19 ET_MOSAIC DEBUG: justoneday 2011 320 /caldera/projects/usgs/water/impd/skagone/r37.0_tile0
23:53:19 ET_MOSAIC DEBUG: justoneday 2011 321 /caldera/projects/usgs/water/impd/skagone/r37.0_tile0
23:55:27 ET_MOSAIC DEBUG: justoneday 2011 322 /caldera/projects/usgs/water/impd/skagone/r37.0_tile0
23:57:52 ET_MOSAIC DEBUG: justoneday 2011 323 /caldera/projects/usgs/water/impd/skagone/r37.0_tile0
00:00:00 ET_MOSAIC DEBUG: justoneday 2011 324 /caldera/projects/usgs/water/impd/skagone/r37.0_tile0
00:02:16 ET_MOSAIC DEBUG: justoneday 2011 325 /caldera/projects/usgs/water/impd/skagone/r37.0_tile0
00:04:31 ET_MOSAIC DEBUG: justoneday 2011 326 /caldera/projects/usgs/water/impd/skagone/r37.0_tile0
00:06:33 ET_MOSAIC DEBUG: justoneday 2011 327 /caldera/projects/usgs/water/impd/skagone/r37.0_tile0
00:08:34 ET_MOSAIC DEBUG: justoneday 2011 328 /caldera/projects/usgs/water/impd/skagone/r37.0_tile0
00:10:40 ET_MOSAIC DEBUG: justoneday 2011 329 /caldera/projects/usgs/water/impd/skagone/r37.0_tile0
00:12:45 ET_MOSAIC DEBUG: justoneday 2011 330 /caldera/projects/usgs/water/impd/skagone/r37.0_tile0
00:14:49 ET_MOSAIC DEBUG: justoneday 2011 331 /caldera/projects/usgs/water/impd/skagone/r37.0_tile0
00:16:52 ET_MOSAIC DEBUG: justoneday 2011 332 /caldera/projects/usgs/water/impd/skagone/r37.0_tile0
00:18:55 ET_MOSAIC DEBUG: justoneday 2011 333 /caldera/projects/usgs/water/impd/skagone/r37.0_tile0
00:21:00 ET_MOSAIC DEBUG: justoneday 2011 334 /caldera/projects/usgs/water/impd/skagone/r37.0_tile0
00:23:08 ET_MOSAIC DEBUG: justoneday 2011 335 /caldera/projects/usgs/water/impd/skagone/r37.0_tile0
00:25:11 ET_MOSAIC DEBUG: justoneday 2011 336 /caldera/projects/usgs/water/impd/skagone/r37.0_tile0
00:27:15 ET_MOSAIC DEBUG: justoneday 2011 337 /caldera/projects/usgs/water/impd/skagone/r37.0_tile0
00:29:18 ET_MOSAIC DEBUG: justoneday 2011 338 /caldera/projects/usgs/water/impd/skagone/r37.0_tile0
00:31:20 ET_MOSAIC DEBUG: justoneday 2011 339 /caldera/projects/usgs/water/impd/skagone/r37.0_tile0
00:33:23 ET_MOSAIC DEBUG: justoneday 2011 340 /caldera/projects/usgs/water/impd/skagone/r37.0_tile0
00:35:25 ET_MOSAIC DEBUG: justoneday 2011 341 /caldera/projects/usgs/water/impd/skagone/r37.0_tile0
00:37:28 ET_MOSAIC DEBUG: justoneday 2011 342 /caldera/projects/usgs/water/impd/skagone/r37.0_tile0
00:39:29 ET_MOSAIC DEBUG: justoneday 2011 343 /caldera/projects/usgs/water/impd/skagone/r37.0_tile0
00:41:33 ET_MOSAIC DEBUG: justoneday 2011 344 /caldera/projects/usgs/water/impd/skagone/r37.0_tile0
00:43:35 ET_MOSAIC DEBUG: justoneday 2011 345 /caldera/projects/usgs/water/impd/skagone/r37.0_tile0
00:45:41 ET_MOSAIC DEBUG: justoneday 2011 346 /caldera/projects/usgs/water/impd/skagone/r37.0_tile0
00:47:43 ET_MOSAIC DEBUG: justoneday 2011 347 /caldera/projects/usgs/water/impd/skagone/r37.0_tile0
00:49:44 ET_MOSAIC DEBUG: justoneday 2011 348 /caldera/projects/usgs/water/impd/skagone/r37.0_tile0
00:51:52 ET_MOSAIC DEBUG: justoneday 2011 349 /caldera/projects/usgs/water/impd/skagone/r37.0_tile0
00:53:40 ET_MOSAIC DEBUG: justoneday 2011 350 /caldera/projects/usgs/water/impd/skagone/r37.0_tile0
00:55:39 ET_MOSAIC DEBUG: justoneday 2011 351 /caldera/projects/usgs/water/impd/skagone/r37.0_tile0
00:57:43 ET_MOSAIC DEBUG: justoneday 2011 352 /caldera/projects/usgs/water/impd/skagone/r37.0_tile0
00:59:46 ET_MOSAIC DEBUG: justoneday 2011 353 /caldera/projects/usgs/water/impd/skagone/r37.0_tile0
01:01:51 ET_MOSAIC DEBUG: justoneday 2011 354 /caldera/projects/usgs/water/impd/skagone/r37.0_tile0
01:03:54 ET_MOSAIC DEBUG: justoneday 2011 355 /caldera/projects/usgs/water/impd/skagone/r37.0_tile0
01:05:57 ET_MOSAIC DEBUG: justoneday 2011 356 /caldera/projects/usgs/water/impd/skagone/r37.0_tile0
01:07:59 ET_MOSAIC DEBUG: justoneday 2011 357 /caldera/projects/usgs/water/impd/skagone/r37.0_tile0
01:09:58 ET_MOSAIC DEBUG: justoneday 2011 358 /caldera/projects/usgs/water/impd/skagone/r37.0_tile0
01:12:24 ET_MOSAIC DEBUG: justoneday 2011 359 /caldera/projects/usgs/water/impd/skagone/r37.0_tile0
01:14:42 ET_MOSAIC DEBUG: justoneday 2011 360 /caldera/projects/usgs/water/impd/skagone/r37.0_tile0
01:16:41 ET_MOSAIC DEBUG: justoneday 2011 361 /caldera/projects/usgs/water/impd/skagone/r37.0_tile0
01:19:02 ET_MOSAIC DEBUG: justoneday 2011 362 /caldera/projects/usgs/water/impd/skagone/r37.0_tile0
01:21:12 ET_MOSAIC DEBUG: justoneday 2011 363 /caldera/projects/usgs/water/impd/skagone/r37.0_tile0
01:23:15 ET_MOSAIC DEBUG: justoneday 2011 364 /caldera/projects/usgs/water/impd/skagone/r37.0_tile0
01:25:42 ET_MOSAIC DEBUG: justoneday 2011 365 /caldera/projects/usgs/water/impd/skagone/r37.0_tile0
