08:48:06 ET_MOSAIC DEBUG: this is how you call one of your functions
08:48:06 ET_MOSAIC DEBUG: hello from Conus_mosaic class
08:48:06 ET_MOSAIC DEBUG: Mosaicking ['netet'] in /caldera/projects/usgs/water/impd/skagone and put it in /caldera/projects/usgs/water/impd/butzer/2010 for 2010
08:48:06 ET_MOSAIC DEBUG: run_mosaic
08:48:06 ET_MOSAIC DEBUG: Mosaic this product: netet
08:48:06 ET_MOSAIC DEBUG: /caldera/projects/usgs/water/impd/skagone/
08:48:06 ET_MOSAIC DEBUG: justoneday 2010 1 /caldera/projects/usgs/water/impd/skagone/r37.0_tile0
Warning 1: +init=epsg:XXXX syntax is deprecated. It might return a CRS with a non-EPSG compliant axis order.
08:51:11 ET_MOSAIC DEBUG: justoneday 2010 2 /caldera/projects/usgs/water/impd/skagone/r37.0_tile0
08:53:40 ET_MOSAIC DEBUG: justoneday 2010 3 /caldera/projects/usgs/water/impd/skagone/r37.0_tile0
08:56:05 ET_MOSAIC DEBUG: justoneday 2010 4 /caldera/projects/usgs/water/impd/skagone/r37.0_tile0
08:58:34 ET_MOSAIC DEBUG: justoneday 2010 5 /caldera/projects/usgs/water/impd/skagone/r37.0_tile0
09:01:04 ET_MOSAIC DEBUG: justoneday 2010 6 /caldera/projects/usgs/water/impd/skagone/r37.0_tile0
09:03:34 ET_MOSAIC DEBUG: justoneday 2010 7 /caldera/projects/usgs/water/impd/skagone/r37.0_tile0
09:06:02 ET_MOSAIC DEBUG: justoneday 2010 8 /caldera/projects/usgs/water/impd/skagone/r37.0_tile0
09:08:27 ET_MOSAIC DEBUG: justoneday 2010 9 /caldera/projects/usgs/water/impd/skagone/r37.0_tile0
09:10:38 ET_MOSAIC DEBUG: justoneday 2010 10 /caldera/projects/usgs/water/impd/skagone/r37.0_tile0
09:12:47 ET_MOSAIC DEBUG: justoneday 2010 11 /caldera/projects/usgs/water/impd/skagone/r37.0_tile0
09:14:56 ET_MOSAIC DEBUG: justoneday 2010 12 /caldera/projects/usgs/water/impd/skagone/r37.0_tile0
09:17:07 ET_MOSAIC DEBUG: justoneday 2010 13 /caldera/projects/usgs/water/impd/skagone/r37.0_tile0
09:19:19 ET_MOSAIC DEBUG: justoneday 2010 14 /caldera/projects/usgs/water/impd/skagone/r37.0_tile0
09:21:26 ET_MOSAIC DEBUG: justoneday 2010 15 /caldera/projects/usgs/water/impd/skagone/r37.0_tile0
09:23:35 ET_MOSAIC DEBUG: justoneday 2010 16 /caldera/projects/usgs/water/impd/skagone/r37.0_tile0
09:25:43 ET_MOSAIC DEBUG: justoneday 2010 17 /caldera/projects/usgs/water/impd/skagone/r37.0_tile0
09:27:57 ET_MOSAIC DEBUG: justoneday 2010 18 /caldera/projects/usgs/water/impd/skagone/r37.0_tile0
09:30:06 ET_MOSAIC DEBUG: justoneday 2010 19 /caldera/projects/usgs/water/impd/skagone/r37.0_tile0
09:32:21 ET_MOSAIC DEBUG: justoneday 2010 20 /caldera/projects/usgs/water/impd/skagone/r37.0_tile0
09:34:37 ET_MOSAIC DEBUG: justoneday 2010 21 /caldera/projects/usgs/water/impd/skagone/r37.0_tile0
09:36:52 ET_MOSAIC DEBUG: justoneday 2010 22 /caldera/projects/usgs/water/impd/skagone/r37.0_tile0
