['netet']
in /caldera/projects/usgs/water/impd/skagone
out /caldera/projects/usgs/water/impd/butzer/2013
/caldera/projects/usgs/water/impd/skagone/tarzip-WOTJE
/caldera/projects/usgs/water/impd/skagone/r37.0_tile3
/caldera/projects/usgs/water/impd/skagone/r50.0_tile8
/caldera/projects/usgs/water/impd/skagone/conus_ws_monthly
/caldera/projects/usgs/water/impd/skagone/r50.0_tile9
/caldera/projects/usgs/water/impd/skagone/r50.0_tile7
/caldera/projects/usgs/water/impd/skagone/r37.0_tile2
/caldera/projects/usgs/water/impd/skagone/forRS
/caldera/projects/usgs/water/impd/skagone/r50.0_tile5
/caldera/projects/usgs/water/impd/skagone/r37.0_tile1
/caldera/projects/usgs/water/impd/skagone/r50.0_tile6
/caldera/projects/usgs/water/impd/skagone/bzip2-wzell
/caldera/projects/usgs/water/impd/skagone/r37.0_tile0
/caldera/projects/usgs/water/impd/skagone/ea_climo
/caldera/projects/usgs/water/impd/skagone/tarzip-DRB
------------------------------------------------------------
/caldera/projects/usgs/water/impd/skagone/r37.0_tile0/2013/netet_2013001.tif
/caldera/projects/usgs/water/impd/skagone/r37.0_tile1/2013/netet_2013001.tif
/caldera/projects/usgs/water/impd/skagone/r37.0_tile2/2013/netet_2013001.tif
/caldera/projects/usgs/water/impd/skagone/r37.0_tile3/2013/netet_2013001.tif
/caldera/projects/usgs/water/impd/skagone/r50.0_tile5/2013/netet_2013001.tif
/caldera/projects/usgs/water/impd/skagone/r50.0_tile6/2013/netet_2013001.tif
/caldera/projects/usgs/water/impd/skagone/r50.0_tile7/2013/netet_2013001.tif
/caldera/projects/usgs/water/impd/skagone/r50.0_tile8/2013/netet_2013001.tif
/caldera/projects/usgs/water/impd/skagone/r50.0_tile9/2013/netet_2013001.tif
/caldera/projects/usgs/water/impd/skagone/r37.0_tile0/2013/netet_2013001.tif
.../caldera/projects/usgs/water/impd/skagone/r37.0_tile0/2013/netet_2013001.tif is placed at: /caldera/projects/usgs/water/impd/butzer/
OUTPUT==/caldera/projects/usgs/water/impd/butzer/netet_2013001.tif
Output Item = /caldera/projects/usgs/water/impd/butzer/netet_2013001.tif
SUCCESS _xr_open_rasterio_retry /caldera/projects/usgs/water/impd/skagone/r37.0_tile0/2013/netet_2013001.tif
/caldera/projects/usgs/water/impd/skagone/r37.0_tile0/2013/netet_2013001.tif 0.6715104579925537
SUCCESS _xr_open_rasterio_retry /caldera/projects/usgs/water/impd/skagone/r37.0_tile1/2013/netet_2013001.tif
/caldera/projects/usgs/water/impd/skagone/r37.0_tile1/2013/netet_2013001.tif 0.745948314666748
SUCCESS _xr_open_rasterio_retry /caldera/projects/usgs/water/impd/skagone/r37.0_tile2/2013/netet_2013001.tif
/caldera/projects/usgs/water/impd/skagone/r37.0_tile2/2013/netet_2013001.tif 0.7767419815063477
SUCCESS _xr_open_rasterio_retry /caldera/projects/usgs/water/impd/skagone/r37.0_tile3/2013/netet_2013001.tif
/caldera/projects/usgs/water/impd/skagone/r37.0_tile3/2013/netet_2013001.tif 0.8000490665435791
SUCCESS _xr_open_rasterio_retry /caldera/projects/usgs/water/impd/skagone/r50.0_tile5/2013/netet_2013001.tif
/caldera/projects/usgs/water/impd/skagone/r50.0_tile5/2013/netet_2013001.tif 0.8351473808288574
SUCCESS _xr_open_rasterio_retry /caldera/projects/usgs/water/impd/skagone/r50.0_tile6/2013/netet_2013001.tif
/caldera/projects/usgs/water/impd/skagone/r50.0_tile6/2013/netet_2013001.tif 0.8642680644989014
SUCCESS _xr_open_rasterio_retry /caldera/projects/usgs/water/impd/skagone/r50.0_tile7/2013/netet_2013001.tif
/caldera/projects/usgs/water/impd/skagone/r50.0_tile7/2013/netet_2013001.tif 0.8858201503753662
SUCCESS _xr_open_rasterio_retry /caldera/projects/usgs/water/impd/skagone/r50.0_tile8/2013/netet_2013001.tif
/caldera/projects/usgs/water/impd/skagone/r50.0_tile8/2013/netet_2013001.tif 0.9087164402008057
SUCCESS _xr_open_rasterio_retry /caldera/projects/usgs/water/impd/skagone/r50.0_tile9/2013/netet_2013001.tif
/caldera/projects/usgs/water/impd/skagone/r50.0_tile9/2013/netet_2013001.tif 0.9367654323577881
<xarray.Dataset>
Dimensions:  (x: 31245, y: 12978)
Coordinates:
  * x        (x) float64 -125.0 -125.0 -125.0 -125.0 ... -60.0 -60.0 -60.0
  * y        (y) float64 23.0 23.0 23.0 23.01 23.01 ... 49.99 50.0 50.0 50.0
Data variables:
    netet    (y, x) float64 0.0 0.0 0.0 0.0 0.0 0.0 ... 0.0 0.0 0.0 0.0 0.0 0.0
/caldera/projects/usgs/water/impd/butzer/netet_2013001.tif
local Geotiff netet_2013001.tif
Next one
-------------------------------------------
$$$$ MOSAIC took 135.47079634666443 SECONDS!
/caldera/projects/usgs/water/impd/skagone/r37.0_tile0/2013/netet_2013002.tif
/caldera/projects/usgs/water/impd/skagone/r37.0_tile1/2013/netet_2013002.tif
/caldera/projects/usgs/water/impd/skagone/r37.0_tile2/2013/netet_2013002.tif
/caldera/projects/usgs/water/impd/skagone/r37.0_tile3/2013/netet_2013002.tif
/caldera/projects/usgs/water/impd/skagone/r50.0_tile5/2013/netet_2013002.tif
/caldera/projects/usgs/water/impd/skagone/r50.0_tile6/2013/netet_2013002.tif
/caldera/projects/usgs/water/impd/skagone/r50.0_tile7/2013/netet_2013002.tif
/caldera/projects/usgs/water/impd/skagone/r50.0_tile8/2013/netet_2013002.tif
/caldera/projects/usgs/water/impd/skagone/r50.0_tile9/2013/netet_2013002.tif
/caldera/projects/usgs/water/impd/skagone/r37.0_tile0/2013/netet_2013002.tif
.../caldera/projects/usgs/water/impd/skagone/r37.0_tile0/2013/netet_2013002.tif is placed at: /caldera/projects/usgs/water/impd/butzer/
OUTPUT==/caldera/projects/usgs/water/impd/butzer/netet_2013002.tif
Output Item = /caldera/projects/usgs/water/impd/butzer/netet_2013002.tif
SUCCESS _xr_open_rasterio_retry /caldera/projects/usgs/water/impd/skagone/r37.0_tile0/2013/netet_2013002.tif
/caldera/projects/usgs/water/impd/skagone/r37.0_tile0/2013/netet_2013002.tif 0.033588409423828125
SUCCESS _xr_open_rasterio_retry /caldera/projects/usgs/water/impd/skagone/r37.0_tile1/2013/netet_2013002.tif
/caldera/projects/usgs/water/impd/skagone/r37.0_tile1/2013/netet_2013002.tif 0.09463024139404297
SUCCESS _xr_open_rasterio_retry /caldera/projects/usgs/water/impd/skagone/r37.0_tile2/2013/netet_2013002.tif
/caldera/projects/usgs/water/impd/skagone/r37.0_tile2/2013/netet_2013002.tif 0.10746169090270996
SUCCESS _xr_open_rasterio_retry /caldera/projects/usgs/water/impd/skagone/r37.0_tile3/2013/netet_2013002.tif
/caldera/projects/usgs/water/impd/skagone/r37.0_tile3/2013/netet_2013002.tif 0.13373064994812012
SUCCESS _xr_open_rasterio_retry /caldera/projects/usgs/water/impd/skagone/r50.0_tile5/2013/netet_2013002.tif
/caldera/projects/usgs/water/impd/skagone/r50.0_tile5/2013/netet_2013002.tif 0.15501809120178223
SUCCESS _xr_open_rasterio_retry /caldera/projects/usgs/water/impd/skagone/r50.0_tile6/2013/netet_2013002.tif
/caldera/projects/usgs/water/impd/skagone/r50.0_tile6/2013/netet_2013002.tif 0.17653560638427734
SUCCESS _xr_open_rasterio_retry /caldera/projects/usgs/water/impd/skagone/r50.0_tile7/2013/netet_2013002.tif
/caldera/projects/usgs/water/impd/skagone/r50.0_tile7/2013/netet_2013002.tif 0.7849822044372559
SUCCESS _xr_open_rasterio_retry /caldera/projects/usgs/water/impd/skagone/r50.0_tile8/2013/netet_2013002.tif
/caldera/projects/usgs/water/impd/skagone/r50.0_tile8/2013/netet_2013002.tif 0.7967748641967773
SUCCESS _xr_open_rasterio_retry /caldera/projects/usgs/water/impd/skagone/r50.0_tile9/2013/netet_2013002.tif
/caldera/projects/usgs/water/impd/skagone/r50.0_tile9/2013/netet_2013002.tif 0.8144814968109131
<xarray.Dataset>
Dimensions:  (x: 31245, y: 12978)
Coordinates:
  * x        (x) float64 -125.0 -125.0 -125.0 -125.0 ... -60.0 -60.0 -60.0
  * y        (y) float64 23.0 23.0 23.0 23.01 23.01 ... 49.99 50.0 50.0 50.0
Data variables:
    netet    (y, x) float64 0.0 0.0 0.0 0.0 0.0 0.0 ... 0.0 0.0 0.0 0.0 0.0 0.0
/caldera/projects/usgs/water/impd/butzer/netet_2013002.tif
local Geotiff netet_2013002.tif
Next one
-------------------------------------------
$$$$ MOSAIC took 180.93436002731323 SECONDS!
/caldera/projects/usgs/water/impd/skagone/r37.0_tile0/2013/netet_2013003.tif
/caldera/projects/usgs/water/impd/skagone/r37.0_tile1/2013/netet_2013003.tif
/caldera/projects/usgs/water/impd/skagone/r37.0_tile2/2013/netet_2013003.tif
/caldera/projects/usgs/water/impd/skagone/r37.0_tile3/2013/netet_2013003.tif
/caldera/projects/usgs/water/impd/skagone/r50.0_tile5/2013/netet_2013003.tif
/caldera/projects/usgs/water/impd/skagone/r50.0_tile6/2013/netet_2013003.tif
/caldera/projects/usgs/water/impd/skagone/r50.0_tile7/2013/netet_2013003.tif
/caldera/projects/usgs/water/impd/skagone/r50.0_tile8/2013/netet_2013003.tif
/caldera/projects/usgs/water/impd/skagone/r50.0_tile9/2013/netet_2013003.tif
/caldera/projects/usgs/water/impd/skagone/r37.0_tile0/2013/netet_2013003.tif
.../caldera/projects/usgs/water/impd/skagone/r37.0_tile0/2013/netet_2013003.tif is placed at: /caldera/projects/usgs/water/impd/butzer/
OUTPUT==/caldera/projects/usgs/water/impd/butzer/netet_2013003.tif
Output Item = /caldera/projects/usgs/water/impd/butzer/netet_2013003.tif
SUCCESS _xr_open_rasterio_retry /caldera/projects/usgs/water/impd/skagone/r37.0_tile0/2013/netet_2013003.tif
/caldera/projects/usgs/water/impd/skagone/r37.0_tile0/2013/netet_2013003.tif 0.027132749557495117
SUCCESS _xr_open_rasterio_retry /caldera/projects/usgs/water/impd/skagone/r37.0_tile1/2013/netet_2013003.tif
/caldera/projects/usgs/water/impd/skagone/r37.0_tile1/2013/netet_2013003.tif 0.052401065826416016
SUCCESS _xr_open_rasterio_retry /caldera/projects/usgs/water/impd/skagone/r37.0_tile2/2013/netet_2013003.tif
/caldera/projects/usgs/water/impd/skagone/r37.0_tile2/2013/netet_2013003.tif 0.09360003471374512
SUCCESS _xr_open_rasterio_retry /caldera/projects/usgs/water/impd/skagone/r37.0_tile3/2013/netet_2013003.tif
/caldera/projects/usgs/water/impd/skagone/r37.0_tile3/2013/netet_2013003.tif 0.1123952865600586
SUCCESS _xr_open_rasterio_retry /caldera/projects/usgs/water/impd/skagone/r50.0_tile5/2013/netet_2013003.tif
/caldera/projects/usgs/water/impd/skagone/r50.0_tile5/2013/netet_2013003.tif 0.1587831974029541
SUCCESS _xr_open_rasterio_retry /caldera/projects/usgs/water/impd/skagone/r50.0_tile6/2013/netet_2013003.tif
/caldera/projects/usgs/water/impd/skagone/r50.0_tile6/2013/netet_2013003.tif 0.1961197853088379
SUCCESS _xr_open_rasterio_retry /caldera/projects/usgs/water/impd/skagone/r50.0_tile7/2013/netet_2013003.tif
/caldera/projects/usgs/water/impd/skagone/r50.0_tile7/2013/netet_2013003.tif 0.2210838794708252
SUCCESS _xr_open_rasterio_retry /caldera/projects/usgs/water/impd/skagone/r50.0_tile8/2013/netet_2013003.tif
/caldera/projects/usgs/water/impd/skagone/r50.0_tile8/2013/netet_2013003.tif 0.23752570152282715
SUCCESS _xr_open_rasterio_retry /caldera/projects/usgs/water/impd/skagone/r50.0_tile9/2013/netet_2013003.tif
/caldera/projects/usgs/water/impd/skagone/r50.0_tile9/2013/netet_2013003.tif 0.28050971031188965
<xarray.Dataset>
Dimensions:  (x: 31245, y: 12978)
Coordinates:
  * x        (x) float64 -125.0 -125.0 -125.0 -125.0 ... -60.0 -60.0 -60.0
  * y        (y) float64 23.0 23.0 23.0 23.01 23.01 ... 49.99 50.0 50.0 50.0
Data variables:
    netet    (y, x) float64 0.0 0.0 0.0 0.0 0.0 0.0 ... 0.0 0.0 0.0 0.0 0.0 0.0
/caldera/projects/usgs/water/impd/butzer/netet_2013003.tif
local Geotiff netet_2013003.tif
Next one
-------------------------------------------
$$$$ MOSAIC took 162.2012758255005 SECONDS!
/caldera/projects/usgs/water/impd/skagone/r37.0_tile0/2013/netet_2013004.tif
/caldera/projects/usgs/water/impd/skagone/r37.0_tile1/2013/netet_2013004.tif
/caldera/projects/usgs/water/impd/skagone/r37.0_tile2/2013/netet_2013004.tif
/caldera/projects/usgs/water/impd/skagone/r37.0_tile3/2013/netet_2013004.tif
/caldera/projects/usgs/water/impd/skagone/r50.0_tile5/2013/netet_2013004.tif
/caldera/projects/usgs/water/impd/skagone/r50.0_tile6/2013/netet_2013004.tif
/caldera/projects/usgs/water/impd/skagone/r50.0_tile7/2013/netet_2013004.tif
/caldera/projects/usgs/water/impd/skagone/r50.0_tile8/2013/netet_2013004.tif
/caldera/projects/usgs/water/impd/skagone/r50.0_tile9/2013/netet_2013004.tif
/caldera/projects/usgs/water/impd/skagone/r37.0_tile0/2013/netet_2013004.tif
.../caldera/projects/usgs/water/impd/skagone/r37.0_tile0/2013/netet_2013004.tif is placed at: /caldera/projects/usgs/water/impd/butzer/
OUTPUT==/caldera/projects/usgs/water/impd/butzer/netet_2013004.tif
Output Item = /caldera/projects/usgs/water/impd/butzer/netet_2013004.tif
SUCCESS _xr_open_rasterio_retry /caldera/projects/usgs/water/impd/skagone/r37.0_tile0/2013/netet_2013004.tif
/caldera/projects/usgs/water/impd/skagone/r37.0_tile0/2013/netet_2013004.tif 0.03180575370788574
SUCCESS _xr_open_rasterio_retry /caldera/projects/usgs/water/impd/skagone/r37.0_tile1/2013/netet_2013004.tif
/caldera/projects/usgs/water/impd/skagone/r37.0_tile1/2013/netet_2013004.tif 0.05252194404602051
SUCCESS _xr_open_rasterio_retry /caldera/projects/usgs/water/impd/skagone/r37.0_tile2/2013/netet_2013004.tif
/caldera/projects/usgs/water/impd/skagone/r37.0_tile2/2013/netet_2013004.tif 0.06946802139282227
SUCCESS _xr_open_rasterio_retry /caldera/projects/usgs/water/impd/skagone/r37.0_tile3/2013/netet_2013004.tif
/caldera/projects/usgs/water/impd/skagone/r37.0_tile3/2013/netet_2013004.tif 0.08415365219116211
SUCCESS _xr_open_rasterio_retry /caldera/projects/usgs/water/impd/skagone/r50.0_tile5/2013/netet_2013004.tif
/caldera/projects/usgs/water/impd/skagone/r50.0_tile5/2013/netet_2013004.tif 0.10777735710144043
SUCCESS _xr_open_rasterio_retry /caldera/projects/usgs/water/impd/skagone/r50.0_tile6/2013/netet_2013004.tif
/caldera/projects/usgs/water/impd/skagone/r50.0_tile6/2013/netet_2013004.tif 0.13010263442993164
SUCCESS _xr_open_rasterio_retry /caldera/projects/usgs/water/impd/skagone/r50.0_tile7/2013/netet_2013004.tif
/caldera/projects/usgs/water/impd/skagone/r50.0_tile7/2013/netet_2013004.tif 0.15198540687561035
SUCCESS _xr_open_rasterio_retry /caldera/projects/usgs/water/impd/skagone/r50.0_tile8/2013/netet_2013004.tif
/caldera/projects/usgs/water/impd/skagone/r50.0_tile8/2013/netet_2013004.tif 0.1741340160369873
SUCCESS _xr_open_rasterio_retry /caldera/projects/usgs/water/impd/skagone/r50.0_tile9/2013/netet_2013004.tif
/caldera/projects/usgs/water/impd/skagone/r50.0_tile9/2013/netet_2013004.tif 0.20573973655700684
<xarray.Dataset>
Dimensions:  (x: 31245, y: 12978)
Coordinates:
  * x        (x) float64 -125.0 -125.0 -125.0 -125.0 ... -60.0 -60.0 -60.0
  * y        (y) float64 23.0 23.0 23.0 23.01 23.01 ... 49.99 50.0 50.0 50.0
Data variables:
    netet    (y, x) float64 0.0 0.0 0.0 0.0 0.0 0.0 ... 0.0 0.0 0.0 0.0 0.0 0.0
/caldera/projects/usgs/water/impd/butzer/netet_2013004.tif
local Geotiff netet_2013004.tif
Next one
-------------------------------------------
$$$$ MOSAIC took 148.8775417804718 SECONDS!
/caldera/projects/usgs/water/impd/skagone/r37.0_tile0/2013/netet_2013005.tif
/caldera/projects/usgs/water/impd/skagone/r37.0_tile1/2013/netet_2013005.tif
/caldera/projects/usgs/water/impd/skagone/r37.0_tile2/2013/netet_2013005.tif
/caldera/projects/usgs/water/impd/skagone/r37.0_tile3/2013/netet_2013005.tif
/caldera/projects/usgs/water/impd/skagone/r50.0_tile5/2013/netet_2013005.tif
/caldera/projects/usgs/water/impd/skagone/r50.0_tile6/2013/netet_2013005.tif
/caldera/projects/usgs/water/impd/skagone/r50.0_tile7/2013/netet_2013005.tif
/caldera/projects/usgs/water/impd/skagone/r50.0_tile8/2013/netet_2013005.tif
/caldera/projects/usgs/water/impd/skagone/r50.0_tile9/2013/netet_2013005.tif
/caldera/projects/usgs/water/impd/skagone/r37.0_tile0/2013/netet_2013005.tif
.../caldera/projects/usgs/water/impd/skagone/r37.0_tile0/2013/netet_2013005.tif is placed at: /caldera/projects/usgs/water/impd/butzer/
OUTPUT==/caldera/projects/usgs/water/impd/butzer/netet_2013005.tif
Output Item = /caldera/projects/usgs/water/impd/butzer/netet_2013005.tif
SUCCESS _xr_open_rasterio_retry /caldera/projects/usgs/water/impd/skagone/r37.0_tile0/2013/netet_2013005.tif
/caldera/projects/usgs/water/impd/skagone/r37.0_tile0/2013/netet_2013005.tif 0.04284214973449707
SUCCESS _xr_open_rasterio_retry /caldera/projects/usgs/water/impd/skagone/r37.0_tile1/2013/netet_2013005.tif
/caldera/projects/usgs/water/impd/skagone/r37.0_tile1/2013/netet_2013005.tif 0.08431744575500488
SUCCESS _xr_open_rasterio_retry /caldera/projects/usgs/water/impd/skagone/r37.0_tile2/2013/netet_2013005.tif
/caldera/projects/usgs/water/impd/skagone/r37.0_tile2/2013/netet_2013005.tif 0.11304044723510742
SUCCESS _xr_open_rasterio_retry /caldera/projects/usgs/water/impd/skagone/r37.0_tile3/2013/netet_2013005.tif
/caldera/projects/usgs/water/impd/skagone/r37.0_tile3/2013/netet_2013005.tif 0.14136791229248047
SUCCESS _xr_open_rasterio_retry /caldera/projects/usgs/water/impd/skagone/r50.0_tile5/2013/netet_2013005.tif
/caldera/projects/usgs/water/impd/skagone/r50.0_tile5/2013/netet_2013005.tif 0.16317057609558105
SUCCESS _xr_open_rasterio_retry /caldera/projects/usgs/water/impd/skagone/r50.0_tile6/2013/netet_2013005.tif
/caldera/projects/usgs/water/impd/skagone/r50.0_tile6/2013/netet_2013005.tif 0.1782853603363037
SUCCESS _xr_open_rasterio_retry /caldera/projects/usgs/water/impd/skagone/r50.0_tile7/2013/netet_2013005.tif
/caldera/projects/usgs/water/impd/skagone/r50.0_tile7/2013/netet_2013005.tif 0.19652652740478516
SUCCESS _xr_open_rasterio_retry /caldera/projects/usgs/water/impd/skagone/r50.0_tile8/2013/netet_2013005.tif
/caldera/projects/usgs/water/impd/skagone/r50.0_tile8/2013/netet_2013005.tif 0.21695327758789062
SUCCESS _xr_open_rasterio_retry /caldera/projects/usgs/water/impd/skagone/r50.0_tile9/2013/netet_2013005.tif
/caldera/projects/usgs/water/impd/skagone/r50.0_tile9/2013/netet_2013005.tif 0.29360079765319824
<xarray.Dataset>
Dimensions:  (x: 31245, y: 12978)
Coordinates:
  * x        (x) float64 -125.0 -125.0 -125.0 -125.0 ... -60.0 -60.0 -60.0
  * y        (y) float64 23.0 23.0 23.0 23.01 23.01 ... 49.99 50.0 50.0 50.0
Data variables:
    netet    (y, x) float64 0.0 0.0 0.0 0.0 0.0 0.0 ... 0.0 0.0 0.0 0.0 0.0 0.0
/caldera/projects/usgs/water/impd/butzer/netet_2013005.tif
local Geotiff netet_2013005.tif
Next one
-------------------------------------------
$$$$ MOSAIC took 159.2764196395874 SECONDS!
/caldera/projects/usgs/water/impd/skagone/r37.0_tile0/2013/netet_2013006.tif
/caldera/projects/usgs/water/impd/skagone/r37.0_tile1/2013/netet_2013006.tif
/caldera/projects/usgs/water/impd/skagone/r37.0_tile2/2013/netet_2013006.tif
/caldera/projects/usgs/water/impd/skagone/r37.0_tile3/2013/netet_2013006.tif
/caldera/projects/usgs/water/impd/skagone/r50.0_tile5/2013/netet_2013006.tif
/caldera/projects/usgs/water/impd/skagone/r50.0_tile6/2013/netet_2013006.tif
/caldera/projects/usgs/water/impd/skagone/r50.0_tile7/2013/netet_2013006.tif
/caldera/projects/usgs/water/impd/skagone/r50.0_tile8/2013/netet_2013006.tif
/caldera/projects/usgs/water/impd/skagone/r50.0_tile9/2013/netet_2013006.tif
/caldera/projects/usgs/water/impd/skagone/r37.0_tile0/2013/netet_2013006.tif
.../caldera/projects/usgs/water/impd/skagone/r37.0_tile0/2013/netet_2013006.tif is placed at: /caldera/projects/usgs/water/impd/butzer/
OUTPUT==/caldera/projects/usgs/water/impd/butzer/netet_2013006.tif
Output Item = /caldera/projects/usgs/water/impd/butzer/netet_2013006.tif
SUCCESS _xr_open_rasterio_retry /caldera/projects/usgs/water/impd/skagone/r37.0_tile0/2013/netet_2013006.tif
/caldera/projects/usgs/water/impd/skagone/r37.0_tile0/2013/netet_2013006.tif 0.01342010498046875
SUCCESS _xr_open_rasterio_retry /caldera/projects/usgs/water/impd/skagone/r37.0_tile1/2013/netet_2013006.tif
/caldera/projects/usgs/water/impd/skagone/r37.0_tile1/2013/netet_2013006.tif 0.12989425659179688
SUCCESS _xr_open_rasterio_retry /caldera/projects/usgs/water/impd/skagone/r37.0_tile2/2013/netet_2013006.tif
/caldera/projects/usgs/water/impd/skagone/r37.0_tile2/2013/netet_2013006.tif 0.16359567642211914
SUCCESS _xr_open_rasterio_retry /caldera/projects/usgs/water/impd/skagone/r37.0_tile3/2013/netet_2013006.tif
/caldera/projects/usgs/water/impd/skagone/r37.0_tile3/2013/netet_2013006.tif 0.18015766143798828
SUCCESS _xr_open_rasterio_retry /caldera/projects/usgs/water/impd/skagone/r50.0_tile5/2013/netet_2013006.tif
/caldera/projects/usgs/water/impd/skagone/r50.0_tile5/2013/netet_2013006.tif 0.1994774341583252
SUCCESS _xr_open_rasterio_retry /caldera/projects/usgs/water/impd/skagone/r50.0_tile6/2013/netet_2013006.tif
/caldera/projects/usgs/water/impd/skagone/r50.0_tile6/2013/netet_2013006.tif 0.21468162536621094
SUCCESS _xr_open_rasterio_retry /caldera/projects/usgs/water/impd/skagone/r50.0_tile7/2013/netet_2013006.tif
/caldera/projects/usgs/water/impd/skagone/r50.0_tile7/2013/netet_2013006.tif 0.25071072578430176
SUCCESS _xr_open_rasterio_retry /caldera/projects/usgs/water/impd/skagone/r50.0_tile8/2013/netet_2013006.tif
/caldera/projects/usgs/water/impd/skagone/r50.0_tile8/2013/netet_2013006.tif 0.27852582931518555
SUCCESS _xr_open_rasterio_retry /caldera/projects/usgs/water/impd/skagone/r50.0_tile9/2013/netet_2013006.tif
/caldera/projects/usgs/water/impd/skagone/r50.0_tile9/2013/netet_2013006.tif 0.30451273918151855
<xarray.Dataset>
Dimensions:  (x: 31245, y: 12978)
Coordinates:
  * x        (x) float64 -125.0 -125.0 -125.0 -125.0 ... -60.0 -60.0 -60.0
  * y        (y) float64 23.0 23.0 23.0 23.01 23.01 ... 49.99 50.0 50.0 50.0
Data variables:
    netet    (y, x) float64 0.0 0.0 0.0 0.0 0.0 0.0 ... 0.0 0.0 0.0 0.0 0.0 0.0
/caldera/projects/usgs/water/impd/butzer/netet_2013006.tif
local Geotiff netet_2013006.tif
Next one
-------------------------------------------
$$$$ MOSAIC took 155.39292669296265 SECONDS!
/caldera/projects/usgs/water/impd/skagone/r37.0_tile0/2013/netet_2013007.tif
/caldera/projects/usgs/water/impd/skagone/r37.0_tile1/2013/netet_2013007.tif
/caldera/projects/usgs/water/impd/skagone/r37.0_tile2/2013/netet_2013007.tif
/caldera/projects/usgs/water/impd/skagone/r37.0_tile3/2013/netet_2013007.tif
/caldera/projects/usgs/water/impd/skagone/r50.0_tile5/2013/netet_2013007.tif
/caldera/projects/usgs/water/impd/skagone/r50.0_tile6/2013/netet_2013007.tif
/caldera/projects/usgs/water/impd/skagone/r50.0_tile7/2013/netet_2013007.tif
/caldera/projects/usgs/water/impd/skagone/r50.0_tile8/2013/netet_2013007.tif
/caldera/projects/usgs/water/impd/skagone/r50.0_tile9/2013/netet_2013007.tif
/caldera/projects/usgs/water/impd/skagone/r37.0_tile0/2013/netet_2013007.tif
.../caldera/projects/usgs/water/impd/skagone/r37.0_tile0/2013/netet_2013007.tif is placed at: /caldera/projects/usgs/water/impd/butzer/
OUTPUT==/caldera/projects/usgs/water/impd/butzer/netet_2013007.tif
Output Item = /caldera/projects/usgs/water/impd/butzer/netet_2013007.tif
SUCCESS _xr_open_rasterio_retry /caldera/projects/usgs/water/impd/skagone/r37.0_tile0/2013/netet_2013007.tif
/caldera/projects/usgs/water/impd/skagone/r37.0_tile0/2013/netet_2013007.tif 0.06463265419006348
SUCCESS _xr_open_rasterio_retry /caldera/projects/usgs/water/impd/skagone/r37.0_tile1/2013/netet_2013007.tif
/caldera/projects/usgs/water/impd/skagone/r37.0_tile1/2013/netet_2013007.tif 0.09131813049316406
SUCCESS _xr_open_rasterio_retry /caldera/projects/usgs/water/impd/skagone/r37.0_tile2/2013/netet_2013007.tif
/caldera/projects/usgs/water/impd/skagone/r37.0_tile2/2013/netet_2013007.tif 0.12497138977050781
SUCCESS _xr_open_rasterio_retry /caldera/projects/usgs/water/impd/skagone/r37.0_tile3/2013/netet_2013007.tif
/caldera/projects/usgs/water/impd/skagone/r37.0_tile3/2013/netet_2013007.tif 0.1441059112548828
SUCCESS _xr_open_rasterio_retry /caldera/projects/usgs/water/impd/skagone/r50.0_tile5/2013/netet_2013007.tif
/caldera/projects/usgs/water/impd/skagone/r50.0_tile5/2013/netet_2013007.tif 0.1602175235748291
SUCCESS _xr_open_rasterio_retry /caldera/projects/usgs/water/impd/skagone/r50.0_tile6/2013/netet_2013007.tif
/caldera/projects/usgs/water/impd/skagone/r50.0_tile6/2013/netet_2013007.tif 0.2330176830291748
SUCCESS _xr_open_rasterio_retry /caldera/projects/usgs/water/impd/skagone/r50.0_tile7/2013/netet_2013007.tif
/caldera/projects/usgs/water/impd/skagone/r50.0_tile7/2013/netet_2013007.tif 0.2512855529785156
SUCCESS _xr_open_rasterio_retry /caldera/projects/usgs/water/impd/skagone/r50.0_tile8/2013/netet_2013007.tif
/caldera/projects/usgs/water/impd/skagone/r50.0_tile8/2013/netet_2013007.tif 0.26805925369262695
SUCCESS _xr_open_rasterio_retry /caldera/projects/usgs/water/impd/skagone/r50.0_tile9/2013/netet_2013007.tif
/caldera/projects/usgs/water/impd/skagone/r50.0_tile9/2013/netet_2013007.tif 0.2869555950164795
<xarray.Dataset>
Dimensions:  (x: 31245, y: 12978)
Coordinates:
  * x        (x) float64 -125.0 -125.0 -125.0 -125.0 ... -60.0 -60.0 -60.0
  * y        (y) float64 23.0 23.0 23.0 23.01 23.01 ... 49.99 50.0 50.0 50.0
Data variables:
    netet    (y, x) float64 0.0 0.0 0.0 0.0 0.0 0.0 ... 0.0 0.0 0.0 0.0 0.0 0.0
/caldera/projects/usgs/water/impd/butzer/netet_2013007.tif
local Geotiff netet_2013007.tif
Next one
-------------------------------------------
$$$$ MOSAIC took 150.456848859787 SECONDS!
/caldera/projects/usgs/water/impd/skagone/r37.0_tile0/2013/netet_2013008.tif
/caldera/projects/usgs/water/impd/skagone/r37.0_tile1/2013/netet_2013008.tif
/caldera/projects/usgs/water/impd/skagone/r37.0_tile2/2013/netet_2013008.tif
/caldera/projects/usgs/water/impd/skagone/r37.0_tile3/2013/netet_2013008.tif
/caldera/projects/usgs/water/impd/skagone/r50.0_tile5/2013/netet_2013008.tif
/caldera/projects/usgs/water/impd/skagone/r50.0_tile6/2013/netet_2013008.tif
/caldera/projects/usgs/water/impd/skagone/r50.0_tile7/2013/netet_2013008.tif
/caldera/projects/usgs/water/impd/skagone/r50.0_tile8/2013/netet_2013008.tif
/caldera/projects/usgs/water/impd/skagone/r50.0_tile9/2013/netet_2013008.tif
/caldera/projects/usgs/water/impd/skagone/r37.0_tile0/2013/netet_2013008.tif
.../caldera/projects/usgs/water/impd/skagone/r37.0_tile0/2013/netet_2013008.tif is placed at: /caldera/projects/usgs/water/impd/butzer/
OUTPUT==/caldera/projects/usgs/water/impd/butzer/netet_2013008.tif
Output Item = /caldera/projects/usgs/water/impd/butzer/netet_2013008.tif
SUCCESS _xr_open_rasterio_retry /caldera/projects/usgs/water/impd/skagone/r37.0_tile0/2013/netet_2013008.tif
/caldera/projects/usgs/water/impd/skagone/r37.0_tile0/2013/netet_2013008.tif 0.03057265281677246
SUCCESS _xr_open_rasterio_retry /caldera/projects/usgs/water/impd/skagone/r37.0_tile1/2013/netet_2013008.tif
/caldera/projects/usgs/water/impd/skagone/r37.0_tile1/2013/netet_2013008.tif 0.053899288177490234
SUCCESS _xr_open_rasterio_retry /caldera/projects/usgs/water/impd/skagone/r37.0_tile2/2013/netet_2013008.tif
/caldera/projects/usgs/water/impd/skagone/r37.0_tile2/2013/netet_2013008.tif 0.06769633293151855
SUCCESS _xr_open_rasterio_retry /caldera/projects/usgs/water/impd/skagone/r37.0_tile3/2013/netet_2013008.tif
/caldera/projects/usgs/water/impd/skagone/r37.0_tile3/2013/netet_2013008.tif 0.09478354454040527
SUCCESS _xr_open_rasterio_retry /caldera/projects/usgs/water/impd/skagone/r50.0_tile5/2013/netet_2013008.tif
/caldera/projects/usgs/water/impd/skagone/r50.0_tile5/2013/netet_2013008.tif 0.11338281631469727
SUCCESS _xr_open_rasterio_retry /caldera/projects/usgs/water/impd/skagone/r50.0_tile6/2013/netet_2013008.tif
/caldera/projects/usgs/water/impd/skagone/r50.0_tile6/2013/netet_2013008.tif 0.16810345649719238
SUCCESS _xr_open_rasterio_retry /caldera/projects/usgs/water/impd/skagone/r50.0_tile7/2013/netet_2013008.tif
/caldera/projects/usgs/water/impd/skagone/r50.0_tile7/2013/netet_2013008.tif 0.19877171516418457
SUCCESS _xr_open_rasterio_retry /caldera/projects/usgs/water/impd/skagone/r50.0_tile8/2013/netet_2013008.tif
/caldera/projects/usgs/water/impd/skagone/r50.0_tile8/2013/netet_2013008.tif 0.24239897727966309
SUCCESS _xr_open_rasterio_retry /caldera/projects/usgs/water/impd/skagone/r50.0_tile9/2013/netet_2013008.tif
/caldera/projects/usgs/water/impd/skagone/r50.0_tile9/2013/netet_2013008.tif 0.2693350315093994
<xarray.Dataset>
Dimensions:  (x: 31245, y: 12978)
Coordinates:
  * x        (x) float64 -125.0 -125.0 -125.0 -125.0 ... -60.0 -60.0 -60.0
  * y        (y) float64 23.0 23.0 23.0 23.01 23.01 ... 49.99 50.0 50.0 50.0
Data variables:
    netet    (y, x) float64 0.0 0.0 0.0 0.0 0.0 0.0 ... 0.0 0.0 0.0 0.0 0.0 0.0
/caldera/projects/usgs/water/impd/butzer/netet_2013008.tif
local Geotiff netet_2013008.tif
Next one
-------------------------------------------
$$$$ MOSAIC took 156.37150144577026 SECONDS!
/caldera/projects/usgs/water/impd/skagone/r37.0_tile0/2013/netet_2013009.tif
/caldera/projects/usgs/water/impd/skagone/r37.0_tile1/2013/netet_2013009.tif
/caldera/projects/usgs/water/impd/skagone/r37.0_tile2/2013/netet_2013009.tif
/caldera/projects/usgs/water/impd/skagone/r37.0_tile3/2013/netet_2013009.tif
/caldera/projects/usgs/water/impd/skagone/r50.0_tile5/2013/netet_2013009.tif
/caldera/projects/usgs/water/impd/skagone/r50.0_tile6/2013/netet_2013009.tif
/caldera/projects/usgs/water/impd/skagone/r50.0_tile7/2013/netet_2013009.tif
/caldera/projects/usgs/water/impd/skagone/r50.0_tile8/2013/netet_2013009.tif
/caldera/projects/usgs/water/impd/skagone/r50.0_tile9/2013/netet_2013009.tif
/caldera/projects/usgs/water/impd/skagone/r37.0_tile0/2013/netet_2013009.tif
.../caldera/projects/usgs/water/impd/skagone/r37.0_tile0/2013/netet_2013009.tif is placed at: /caldera/projects/usgs/water/impd/butzer/
OUTPUT==/caldera/projects/usgs/water/impd/butzer/netet_2013009.tif
Output Item = /caldera/projects/usgs/water/impd/butzer/netet_2013009.tif
SUCCESS _xr_open_rasterio_retry /caldera/projects/usgs/water/impd/skagone/r37.0_tile0/2013/netet_2013009.tif
/caldera/projects/usgs/water/impd/skagone/r37.0_tile0/2013/netet_2013009.tif 0.02783370018005371
SUCCESS _xr_open_rasterio_retry /caldera/projects/usgs/water/impd/skagone/r37.0_tile1/2013/netet_2013009.tif
/caldera/projects/usgs/water/impd/skagone/r37.0_tile1/2013/netet_2013009.tif 0.06150174140930176
SUCCESS _xr_open_rasterio_retry /caldera/projects/usgs/water/impd/skagone/r37.0_tile2/2013/netet_2013009.tif
/caldera/projects/usgs/water/impd/skagone/r37.0_tile2/2013/netet_2013009.tif 0.09228730201721191
SUCCESS _xr_open_rasterio_retry /caldera/projects/usgs/water/impd/skagone/r37.0_tile3/2013/netet_2013009.tif
/caldera/projects/usgs/water/impd/skagone/r37.0_tile3/2013/netet_2013009.tif 0.11206769943237305
SUCCESS _xr_open_rasterio_retry /caldera/projects/usgs/water/impd/skagone/r50.0_tile5/2013/netet_2013009.tif
/caldera/projects/usgs/water/impd/skagone/r50.0_tile5/2013/netet_2013009.tif 0.12996411323547363
SUCCESS _xr_open_rasterio_retry /caldera/projects/usgs/water/impd/skagone/r50.0_tile6/2013/netet_2013009.tif
/caldera/projects/usgs/water/impd/skagone/r50.0_tile6/2013/netet_2013009.tif 0.17266130447387695
SUCCESS _xr_open_rasterio_retry /caldera/projects/usgs/water/impd/skagone/r50.0_tile7/2013/netet_2013009.tif
/caldera/projects/usgs/water/impd/skagone/r50.0_tile7/2013/netet_2013009.tif 0.21832036972045898
SUCCESS _xr_open_rasterio_retry /caldera/projects/usgs/water/impd/skagone/r50.0_tile8/2013/netet_2013009.tif
/caldera/projects/usgs/water/impd/skagone/r50.0_tile8/2013/netet_2013009.tif 0.24244403839111328
SUCCESS _xr_open_rasterio_retry /caldera/projects/usgs/water/impd/skagone/r50.0_tile9/2013/netet_2013009.tif
/caldera/projects/usgs/water/impd/skagone/r50.0_tile9/2013/netet_2013009.tif 0.26233386993408203
<xarray.Dataset>
Dimensions:  (x: 31245, y: 12978)
Coordinates:
  * x        (x) float64 -125.0 -125.0 -125.0 -125.0 ... -60.0 -60.0 -60.0
  * y        (y) float64 23.0 23.0 23.0 23.01 23.01 ... 49.99 50.0 50.0 50.0
Data variables:
    netet    (y, x) float64 0.0 0.0 0.0 0.0 0.0 0.0 ... 0.0 0.0 0.0 0.0 0.0 0.0
/caldera/projects/usgs/water/impd/butzer/netet_2013009.tif
local Geotiff netet_2013009.tif
Next one
-------------------------------------------
$$$$ MOSAIC took 147.6935715675354 SECONDS!
/caldera/projects/usgs/water/impd/skagone/r37.0_tile0/2013/netet_2013010.tif
/caldera/projects/usgs/water/impd/skagone/r37.0_tile1/2013/netet_2013010.tif
/caldera/projects/usgs/water/impd/skagone/r37.0_tile2/2013/netet_2013010.tif
/caldera/projects/usgs/water/impd/skagone/r37.0_tile3/2013/netet_2013010.tif
/caldera/projects/usgs/water/impd/skagone/r50.0_tile5/2013/netet_2013010.tif
/caldera/projects/usgs/water/impd/skagone/r50.0_tile6/2013/netet_2013010.tif
/caldera/projects/usgs/water/impd/skagone/r50.0_tile7/2013/netet_2013010.tif
/caldera/projects/usgs/water/impd/skagone/r50.0_tile8/2013/netet_2013010.tif
/caldera/projects/usgs/water/impd/skagone/r50.0_tile9/2013/netet_2013010.tif
/caldera/projects/usgs/water/impd/skagone/r37.0_tile0/2013/netet_2013010.tif
.../caldera/projects/usgs/water/impd/skagone/r37.0_tile0/2013/netet_2013010.tif is placed at: /caldera/projects/usgs/water/impd/butzer/
OUTPUT==/caldera/projects/usgs/water/impd/butzer/netet_2013010.tif
Output Item = /caldera/projects/usgs/water/impd/butzer/netet_2013010.tif
SUCCESS _xr_open_rasterio_retry /caldera/projects/usgs/water/impd/skagone/r37.0_tile0/2013/netet_2013010.tif
/caldera/projects/usgs/water/impd/skagone/r37.0_tile0/2013/netet_2013010.tif 0.027288436889648438
SUCCESS _xr_open_rasterio_retry /caldera/projects/usgs/water/impd/skagone/r37.0_tile1/2013/netet_2013010.tif
/caldera/projects/usgs/water/impd/skagone/r37.0_tile1/2013/netet_2013010.tif 0.05316925048828125
SUCCESS _xr_open_rasterio_retry /caldera/projects/usgs/water/impd/skagone/r37.0_tile2/2013/netet_2013010.tif
/caldera/projects/usgs/water/impd/skagone/r37.0_tile2/2013/netet_2013010.tif 0.06926631927490234
SUCCESS _xr_open_rasterio_retry /caldera/projects/usgs/water/impd/skagone/r37.0_tile3/2013/netet_2013010.tif
/caldera/projects/usgs/water/impd/skagone/r37.0_tile3/2013/netet_2013010.tif 0.11676025390625
SUCCESS _xr_open_rasterio_retry /caldera/projects/usgs/water/impd/skagone/r50.0_tile5/2013/netet_2013010.tif
/caldera/projects/usgs/water/impd/skagone/r50.0_tile5/2013/netet_2013010.tif 0.13412928581237793
SUCCESS _xr_open_rasterio_retry /caldera/projects/usgs/water/impd/skagone/r50.0_tile6/2013/netet_2013010.tif
/caldera/projects/usgs/water/impd/skagone/r50.0_tile6/2013/netet_2013010.tif 0.15811991691589355
SUCCESS _xr_open_rasterio_retry /caldera/projects/usgs/water/impd/skagone/r50.0_tile7/2013/netet_2013010.tif
/caldera/projects/usgs/water/impd/skagone/r50.0_tile7/2013/netet_2013010.tif 0.17659544944763184
SUCCESS _xr_open_rasterio_retry /caldera/projects/usgs/water/impd/skagone/r50.0_tile8/2013/netet_2013010.tif
/caldera/projects/usgs/water/impd/skagone/r50.0_tile8/2013/netet_2013010.tif 0.20074057579040527
SUCCESS _xr_open_rasterio_retry /caldera/projects/usgs/water/impd/skagone/r50.0_tile9/2013/netet_2013010.tif
/caldera/projects/usgs/water/impd/skagone/r50.0_tile9/2013/netet_2013010.tif 0.22354817390441895
<xarray.Dataset>
Dimensions:  (x: 31245, y: 12978)
Coordinates:
  * x        (x) float64 -125.0 -125.0 -125.0 -125.0 ... -60.0 -60.0 -60.0
  * y        (y) float64 23.0 23.0 23.0 23.01 23.01 ... 49.99 50.0 50.0 50.0
Data variables:
    netet    (y, x) float64 0.0 0.0 0.0 0.0 0.0 0.0 ... 0.0 0.0 0.0 0.0 0.0 0.0
/caldera/projects/usgs/water/impd/butzer/netet_2013010.tif
local Geotiff netet_2013010.tif
Next one
-------------------------------------------
$$$$ MOSAIC took 136.3748767375946 SECONDS!
/caldera/projects/usgs/water/impd/skagone/r37.0_tile0/2013/netet_2013011.tif
/caldera/projects/usgs/water/impd/skagone/r37.0_tile1/2013/netet_2013011.tif
/caldera/projects/usgs/water/impd/skagone/r37.0_tile2/2013/netet_2013011.tif
/caldera/projects/usgs/water/impd/skagone/r37.0_tile3/2013/netet_2013011.tif
/caldera/projects/usgs/water/impd/skagone/r50.0_tile5/2013/netet_2013011.tif
/caldera/projects/usgs/water/impd/skagone/r50.0_tile6/2013/netet_2013011.tif
/caldera/projects/usgs/water/impd/skagone/r50.0_tile7/2013/netet_2013011.tif
/caldera/projects/usgs/water/impd/skagone/r50.0_tile8/2013/netet_2013011.tif
/caldera/projects/usgs/water/impd/skagone/r50.0_tile9/2013/netet_2013011.tif
/caldera/projects/usgs/water/impd/skagone/r37.0_tile0/2013/netet_2013011.tif
.../caldera/projects/usgs/water/impd/skagone/r37.0_tile0/2013/netet_2013011.tif is placed at: /caldera/projects/usgs/water/impd/butzer/
OUTPUT==/caldera/projects/usgs/water/impd/butzer/netet_2013011.tif
Output Item = /caldera/projects/usgs/water/impd/butzer/netet_2013011.tif
SUCCESS _xr_open_rasterio_retry /caldera/projects/usgs/water/impd/skagone/r37.0_tile0/2013/netet_2013011.tif
/caldera/projects/usgs/water/impd/skagone/r37.0_tile0/2013/netet_2013011.tif 0.015258312225341797
SUCCESS _xr_open_rasterio_retry /caldera/projects/usgs/water/impd/skagone/r37.0_tile1/2013/netet_2013011.tif
/caldera/projects/usgs/water/impd/skagone/r37.0_tile1/2013/netet_2013011.tif 0.054831504821777344
SUCCESS _xr_open_rasterio_retry /caldera/projects/usgs/water/impd/skagone/r37.0_tile2/2013/netet_2013011.tif
/caldera/projects/usgs/water/impd/skagone/r37.0_tile2/2013/netet_2013011.tif 0.07124114036560059
SUCCESS _xr_open_rasterio_retry /caldera/projects/usgs/water/impd/skagone/r37.0_tile3/2013/netet_2013011.tif
/caldera/projects/usgs/water/impd/skagone/r37.0_tile3/2013/netet_2013011.tif 0.09822535514831543
SUCCESS _xr_open_rasterio_retry /caldera/projects/usgs/water/impd/skagone/r50.0_tile5/2013/netet_2013011.tif
/caldera/projects/usgs/water/impd/skagone/r50.0_tile5/2013/netet_2013011.tif 0.11579585075378418
SUCCESS _xr_open_rasterio_retry /caldera/projects/usgs/water/impd/skagone/r50.0_tile6/2013/netet_2013011.tif
/caldera/projects/usgs/water/impd/skagone/r50.0_tile6/2013/netet_2013011.tif 0.1430366039276123
SUCCESS _xr_open_rasterio_retry /caldera/projects/usgs/water/impd/skagone/r50.0_tile7/2013/netet_2013011.tif
/caldera/projects/usgs/water/impd/skagone/r50.0_tile7/2013/netet_2013011.tif 0.1585981845855713
SUCCESS _xr_open_rasterio_retry /caldera/projects/usgs/water/impd/skagone/r50.0_tile8/2013/netet_2013011.tif
/caldera/projects/usgs/water/impd/skagone/r50.0_tile8/2013/netet_2013011.tif 0.1753702163696289
SUCCESS _xr_open_rasterio_retry /caldera/projects/usgs/water/impd/skagone/r50.0_tile9/2013/netet_2013011.tif
/caldera/projects/usgs/water/impd/skagone/r50.0_tile9/2013/netet_2013011.tif 0.2289426326751709
<xarray.Dataset>
Dimensions:  (x: 31245, y: 12978)
Coordinates:
  * x        (x) float64 -125.0 -125.0 -125.0 -125.0 ... -60.0 -60.0 -60.0
  * y        (y) float64 23.0 23.0 23.0 23.01 23.01 ... 49.99 50.0 50.0 50.0
Data variables:
    netet    (y, x) float64 0.0 0.0 0.0 0.0 0.0 0.0 ... 0.0 0.0 0.0 0.0 0.0 0.0
/caldera/projects/usgs/water/impd/butzer/netet_2013011.tif
local Geotiff netet_2013011.tif
Next one
-------------------------------------------
$$$$ MOSAIC took 135.60643577575684 SECONDS!
/caldera/projects/usgs/water/impd/skagone/r37.0_tile0/2013/netet_2013012.tif
/caldera/projects/usgs/water/impd/skagone/r37.0_tile1/2013/netet_2013012.tif
/caldera/projects/usgs/water/impd/skagone/r37.0_tile2/2013/netet_2013012.tif
/caldera/projects/usgs/water/impd/skagone/r37.0_tile3/2013/netet_2013012.tif
/caldera/projects/usgs/water/impd/skagone/r50.0_tile5/2013/netet_2013012.tif
/caldera/projects/usgs/water/impd/skagone/r50.0_tile6/2013/netet_2013012.tif
/caldera/projects/usgs/water/impd/skagone/r50.0_tile7/2013/netet_2013012.tif
/caldera/projects/usgs/water/impd/skagone/r50.0_tile8/2013/netet_2013012.tif
/caldera/projects/usgs/water/impd/skagone/r50.0_tile9/2013/netet_2013012.tif
/caldera/projects/usgs/water/impd/skagone/r37.0_tile0/2013/netet_2013012.tif
.../caldera/projects/usgs/water/impd/skagone/r37.0_tile0/2013/netet_2013012.tif is placed at: /caldera/projects/usgs/water/impd/butzer/
OUTPUT==/caldera/projects/usgs/water/impd/butzer/netet_2013012.tif
Output Item = /caldera/projects/usgs/water/impd/butzer/netet_2013012.tif
SUCCESS _xr_open_rasterio_retry /caldera/projects/usgs/water/impd/skagone/r37.0_tile0/2013/netet_2013012.tif
/caldera/projects/usgs/water/impd/skagone/r37.0_tile0/2013/netet_2013012.tif 0.010804414749145508
SUCCESS _xr_open_rasterio_retry /caldera/projects/usgs/water/impd/skagone/r37.0_tile1/2013/netet_2013012.tif
/caldera/projects/usgs/water/impd/skagone/r37.0_tile1/2013/netet_2013012.tif 0.026077985763549805
SUCCESS _xr_open_rasterio_retry /caldera/projects/usgs/water/impd/skagone/r37.0_tile2/2013/netet_2013012.tif
/caldera/projects/usgs/water/impd/skagone/r37.0_tile2/2013/netet_2013012.tif 0.05464482307434082
SUCCESS _xr_open_rasterio_retry /caldera/projects/usgs/water/impd/skagone/r37.0_tile3/2013/netet_2013012.tif
/caldera/projects/usgs/water/impd/skagone/r37.0_tile3/2013/netet_2013012.tif 0.07387423515319824
SUCCESS _xr_open_rasterio_retry /caldera/projects/usgs/water/impd/skagone/r50.0_tile5/2013/netet_2013012.tif
/caldera/projects/usgs/water/impd/skagone/r50.0_tile5/2013/netet_2013012.tif 0.08634233474731445
SUCCESS _xr_open_rasterio_retry /caldera/projects/usgs/water/impd/skagone/r50.0_tile6/2013/netet_2013012.tif
/caldera/projects/usgs/water/impd/skagone/r50.0_tile6/2013/netet_2013012.tif 0.11568570137023926
SUCCESS _xr_open_rasterio_retry /caldera/projects/usgs/water/impd/skagone/r50.0_tile7/2013/netet_2013012.tif
/caldera/projects/usgs/water/impd/skagone/r50.0_tile7/2013/netet_2013012.tif 0.12721586227416992
SUCCESS _xr_open_rasterio_retry /caldera/projects/usgs/water/impd/skagone/r50.0_tile8/2013/netet_2013012.tif
/caldera/projects/usgs/water/impd/skagone/r50.0_tile8/2013/netet_2013012.tif 0.15016770362854004
SUCCESS _xr_open_rasterio_retry /caldera/projects/usgs/water/impd/skagone/r50.0_tile9/2013/netet_2013012.tif
/caldera/projects/usgs/water/impd/skagone/r50.0_tile9/2013/netet_2013012.tif 0.16724705696105957
<xarray.Dataset>
Dimensions:  (x: 31245, y: 12978)
Coordinates:
  * x        (x) float64 -125.0 -125.0 -125.0 -125.0 ... -60.0 -60.0 -60.0
  * y        (y) float64 23.0 23.0 23.0 23.01 23.01 ... 49.99 50.0 50.0 50.0
Data variables:
    netet    (y, x) float64 0.0 0.0 0.0 0.0 0.0 0.0 ... 0.0 0.0 0.0 0.0 0.0 0.0
/caldera/projects/usgs/water/impd/butzer/netet_2013012.tif
local Geotiff netet_2013012.tif
Next one
-------------------------------------------
$$$$ MOSAIC took 133.42096853256226 SECONDS!
/caldera/projects/usgs/water/impd/skagone/r37.0_tile0/2013/netet_2013013.tif
/caldera/projects/usgs/water/impd/skagone/r37.0_tile1/2013/netet_2013013.tif
/caldera/projects/usgs/water/impd/skagone/r37.0_tile2/2013/netet_2013013.tif
/caldera/projects/usgs/water/impd/skagone/r37.0_tile3/2013/netet_2013013.tif
/caldera/projects/usgs/water/impd/skagone/r50.0_tile5/2013/netet_2013013.tif
/caldera/projects/usgs/water/impd/skagone/r50.0_tile6/2013/netet_2013013.tif
/caldera/projects/usgs/water/impd/skagone/r50.0_tile7/2013/netet_2013013.tif
/caldera/projects/usgs/water/impd/skagone/r50.0_tile8/2013/netet_2013013.tif
/caldera/projects/usgs/water/impd/skagone/r50.0_tile9/2013/netet_2013013.tif
/caldera/projects/usgs/water/impd/skagone/r37.0_tile0/2013/netet_2013013.tif
.../caldera/projects/usgs/water/impd/skagone/r37.0_tile0/2013/netet_2013013.tif is placed at: /caldera/projects/usgs/water/impd/butzer/
OUTPUT==/caldera/projects/usgs/water/impd/butzer/netet_2013013.tif
Output Item = /caldera/projects/usgs/water/impd/butzer/netet_2013013.tif
SUCCESS _xr_open_rasterio_retry /caldera/projects/usgs/water/impd/skagone/r37.0_tile0/2013/netet_2013013.tif
/caldera/projects/usgs/water/impd/skagone/r37.0_tile0/2013/netet_2013013.tif 0.018006324768066406
SUCCESS _xr_open_rasterio_retry /caldera/projects/usgs/water/impd/skagone/r37.0_tile1/2013/netet_2013013.tif
/caldera/projects/usgs/water/impd/skagone/r37.0_tile1/2013/netet_2013013.tif 0.03520011901855469
SUCCESS _xr_open_rasterio_retry /caldera/projects/usgs/water/impd/skagone/r37.0_tile2/2013/netet_2013013.tif
/caldera/projects/usgs/water/impd/skagone/r37.0_tile2/2013/netet_2013013.tif 0.06240248680114746
SUCCESS _xr_open_rasterio_retry /caldera/projects/usgs/water/impd/skagone/r37.0_tile3/2013/netet_2013013.tif
/caldera/projects/usgs/water/impd/skagone/r37.0_tile3/2013/netet_2013013.tif 0.08489179611206055
SUCCESS _xr_open_rasterio_retry /caldera/projects/usgs/water/impd/skagone/r50.0_tile5/2013/netet_2013013.tif
/caldera/projects/usgs/water/impd/skagone/r50.0_tile5/2013/netet_2013013.tif 0.10377240180969238
SUCCESS _xr_open_rasterio_retry /caldera/projects/usgs/water/impd/skagone/r50.0_tile6/2013/netet_2013013.tif
/caldera/projects/usgs/water/impd/skagone/r50.0_tile6/2013/netet_2013013.tif 0.12421989440917969
SUCCESS _xr_open_rasterio_retry /caldera/projects/usgs/water/impd/skagone/r50.0_tile7/2013/netet_2013013.tif
/caldera/projects/usgs/water/impd/skagone/r50.0_tile7/2013/netet_2013013.tif 0.13893604278564453
SUCCESS _xr_open_rasterio_retry /caldera/projects/usgs/water/impd/skagone/r50.0_tile8/2013/netet_2013013.tif
/caldera/projects/usgs/water/impd/skagone/r50.0_tile8/2013/netet_2013013.tif 0.1588883399963379
SUCCESS _xr_open_rasterio_retry /caldera/projects/usgs/water/impd/skagone/r50.0_tile9/2013/netet_2013013.tif
/caldera/projects/usgs/water/impd/skagone/r50.0_tile9/2013/netet_2013013.tif 0.17116045951843262
<xarray.Dataset>
Dimensions:  (x: 31245, y: 12978)
Coordinates:
  * x        (x) float64 -125.0 -125.0 -125.0 -125.0 ... -60.0 -60.0 -60.0
  * y        (y) float64 23.0 23.0 23.0 23.01 23.01 ... 49.99 50.0 50.0 50.0
Data variables:
    netet    (y, x) float64 0.0 0.0 0.0 0.0 0.0 0.0 ... 0.0 0.0 0.0 0.0 0.0 0.0
/caldera/projects/usgs/water/impd/butzer/netet_2013013.tif
local Geotiff netet_2013013.tif
Next one
-------------------------------------------
$$$$ MOSAIC took 136.02885246276855 SECONDS!
/caldera/projects/usgs/water/impd/skagone/r37.0_tile0/2013/netet_2013014.tif
/caldera/projects/usgs/water/impd/skagone/r37.0_tile1/2013/netet_2013014.tif
/caldera/projects/usgs/water/impd/skagone/r37.0_tile2/2013/netet_2013014.tif
/caldera/projects/usgs/water/impd/skagone/r37.0_tile3/2013/netet_2013014.tif
/caldera/projects/usgs/water/impd/skagone/r50.0_tile5/2013/netet_2013014.tif
/caldera/projects/usgs/water/impd/skagone/r50.0_tile6/2013/netet_2013014.tif
/caldera/projects/usgs/water/impd/skagone/r50.0_tile7/2013/netet_2013014.tif
/caldera/projects/usgs/water/impd/skagone/r50.0_tile8/2013/netet_2013014.tif
/caldera/projects/usgs/water/impd/skagone/r50.0_tile9/2013/netet_2013014.tif
/caldera/projects/usgs/water/impd/skagone/r37.0_tile0/2013/netet_2013014.tif
.../caldera/projects/usgs/water/impd/skagone/r37.0_tile0/2013/netet_2013014.tif is placed at: /caldera/projects/usgs/water/impd/butzer/
OUTPUT==/caldera/projects/usgs/water/impd/butzer/netet_2013014.tif
Output Item = /caldera/projects/usgs/water/impd/butzer/netet_2013014.tif
SUCCESS _xr_open_rasterio_retry /caldera/projects/usgs/water/impd/skagone/r37.0_tile0/2013/netet_2013014.tif
/caldera/projects/usgs/water/impd/skagone/r37.0_tile0/2013/netet_2013014.tif 0.034163475036621094
SUCCESS _xr_open_rasterio_retry /caldera/projects/usgs/water/impd/skagone/r37.0_tile1/2013/netet_2013014.tif
/caldera/projects/usgs/water/impd/skagone/r37.0_tile1/2013/netet_2013014.tif 0.0509033203125
SUCCESS _xr_open_rasterio_retry /caldera/projects/usgs/water/impd/skagone/r37.0_tile2/2013/netet_2013014.tif
/caldera/projects/usgs/water/impd/skagone/r37.0_tile2/2013/netet_2013014.tif 0.07738924026489258
SUCCESS _xr_open_rasterio_retry /caldera/projects/usgs/water/impd/skagone/r37.0_tile3/2013/netet_2013014.tif
/caldera/projects/usgs/water/impd/skagone/r37.0_tile3/2013/netet_2013014.tif 0.09581446647644043
SUCCESS _xr_open_rasterio_retry /caldera/projects/usgs/water/impd/skagone/r50.0_tile5/2013/netet_2013014.tif
/caldera/projects/usgs/water/impd/skagone/r50.0_tile5/2013/netet_2013014.tif 0.12495923042297363
SUCCESS _xr_open_rasterio_retry /caldera/projects/usgs/water/impd/skagone/r50.0_tile6/2013/netet_2013014.tif
/caldera/projects/usgs/water/impd/skagone/r50.0_tile6/2013/netet_2013014.tif 0.15464258193969727
SUCCESS _xr_open_rasterio_retry /caldera/projects/usgs/water/impd/skagone/r50.0_tile7/2013/netet_2013014.tif
/caldera/projects/usgs/water/impd/skagone/r50.0_tile7/2013/netet_2013014.tif 0.17647862434387207
SUCCESS _xr_open_rasterio_retry /caldera/projects/usgs/water/impd/skagone/r50.0_tile8/2013/netet_2013014.tif
/caldera/projects/usgs/water/impd/skagone/r50.0_tile8/2013/netet_2013014.tif 0.21258974075317383
SUCCESS _xr_open_rasterio_retry /caldera/projects/usgs/water/impd/skagone/r50.0_tile9/2013/netet_2013014.tif
/caldera/projects/usgs/water/impd/skagone/r50.0_tile9/2013/netet_2013014.tif 0.23368263244628906
<xarray.Dataset>
Dimensions:  (x: 31245, y: 12978)
Coordinates:
  * x        (x) float64 -125.0 -125.0 -125.0 -125.0 ... -60.0 -60.0 -60.0
  * y        (y) float64 23.0 23.0 23.0 23.01 23.01 ... 49.99 50.0 50.0 50.0
Data variables:
    netet    (y, x) float64 0.0 0.0 0.0 0.0 0.0 0.0 ... 0.0 0.0 0.0 0.0 0.0 0.0
/caldera/projects/usgs/water/impd/butzer/netet_2013014.tif
local Geotiff netet_2013014.tif
Next one
-------------------------------------------
$$$$ MOSAIC took 129.58787393569946 SECONDS!
/caldera/projects/usgs/water/impd/skagone/r37.0_tile0/2013/netet_2013015.tif
/caldera/projects/usgs/water/impd/skagone/r37.0_tile1/2013/netet_2013015.tif
/caldera/projects/usgs/water/impd/skagone/r37.0_tile2/2013/netet_2013015.tif
/caldera/projects/usgs/water/impd/skagone/r37.0_tile3/2013/netet_2013015.tif
/caldera/projects/usgs/water/impd/skagone/r50.0_tile5/2013/netet_2013015.tif
/caldera/projects/usgs/water/impd/skagone/r50.0_tile6/2013/netet_2013015.tif
/caldera/projects/usgs/water/impd/skagone/r50.0_tile7/2013/netet_2013015.tif
/caldera/projects/usgs/water/impd/skagone/r50.0_tile8/2013/netet_2013015.tif
/caldera/projects/usgs/water/impd/skagone/r50.0_tile9/2013/netet_2013015.tif
/caldera/projects/usgs/water/impd/skagone/r37.0_tile0/2013/netet_2013015.tif
.../caldera/projects/usgs/water/impd/skagone/r37.0_tile0/2013/netet_2013015.tif is placed at: /caldera/projects/usgs/water/impd/butzer/
OUTPUT==/caldera/projects/usgs/water/impd/butzer/netet_2013015.tif
Output Item = /caldera/projects/usgs/water/impd/butzer/netet_2013015.tif
SUCCESS _xr_open_rasterio_retry /caldera/projects/usgs/water/impd/skagone/r37.0_tile0/2013/netet_2013015.tif
/caldera/projects/usgs/water/impd/skagone/r37.0_tile0/2013/netet_2013015.tif 0.020598649978637695
SUCCESS _xr_open_rasterio_retry /caldera/projects/usgs/water/impd/skagone/r37.0_tile1/2013/netet_2013015.tif
/caldera/projects/usgs/water/impd/skagone/r37.0_tile1/2013/netet_2013015.tif 0.13257837295532227
SUCCESS _xr_open_rasterio_retry /caldera/projects/usgs/water/impd/skagone/r37.0_tile2/2013/netet_2013015.tif
/caldera/projects/usgs/water/impd/skagone/r37.0_tile2/2013/netet_2013015.tif 0.22281408309936523
SUCCESS _xr_open_rasterio_retry /caldera/projects/usgs/water/impd/skagone/r37.0_tile3/2013/netet_2013015.tif
/caldera/projects/usgs/water/impd/skagone/r37.0_tile3/2013/netet_2013015.tif 0.24060869216918945
SUCCESS _xr_open_rasterio_retry /caldera/projects/usgs/water/impd/skagone/r50.0_tile5/2013/netet_2013015.tif
/caldera/projects/usgs/water/impd/skagone/r50.0_tile5/2013/netet_2013015.tif 0.25671839714050293
SUCCESS _xr_open_rasterio_retry /caldera/projects/usgs/water/impd/skagone/r50.0_tile6/2013/netet_2013015.tif
/caldera/projects/usgs/water/impd/skagone/r50.0_tile6/2013/netet_2013015.tif 0.3166928291320801
SUCCESS _xr_open_rasterio_retry /caldera/projects/usgs/water/impd/skagone/r50.0_tile7/2013/netet_2013015.tif
/caldera/projects/usgs/water/impd/skagone/r50.0_tile7/2013/netet_2013015.tif 0.33485984802246094
SUCCESS _xr_open_rasterio_retry /caldera/projects/usgs/water/impd/skagone/r50.0_tile8/2013/netet_2013015.tif
/caldera/projects/usgs/water/impd/skagone/r50.0_tile8/2013/netet_2013015.tif 0.36013054847717285
SUCCESS _xr_open_rasterio_retry /caldera/projects/usgs/water/impd/skagone/r50.0_tile9/2013/netet_2013015.tif
/caldera/projects/usgs/water/impd/skagone/r50.0_tile9/2013/netet_2013015.tif 0.3849799633026123
<xarray.Dataset>
Dimensions:  (x: 31245, y: 12978)
Coordinates:
  * x        (x) float64 -125.0 -125.0 -125.0 -125.0 ... -60.0 -60.0 -60.0
  * y        (y) float64 23.0 23.0 23.0 23.01 23.01 ... 49.99 50.0 50.0 50.0
Data variables:
    netet    (y, x) float64 0.0 0.0 0.0 0.0 0.0 0.0 ... 0.0 0.0 0.0 0.0 0.0 0.0
/caldera/projects/usgs/water/impd/butzer/netet_2013015.tif
local Geotiff netet_2013015.tif
Next one
-------------------------------------------
$$$$ MOSAIC took 130.87131524085999 SECONDS!
/caldera/projects/usgs/water/impd/skagone/r37.0_tile0/2013/netet_2013016.tif
/caldera/projects/usgs/water/impd/skagone/r37.0_tile1/2013/netet_2013016.tif
/caldera/projects/usgs/water/impd/skagone/r37.0_tile2/2013/netet_2013016.tif
/caldera/projects/usgs/water/impd/skagone/r37.0_tile3/2013/netet_2013016.tif
/caldera/projects/usgs/water/impd/skagone/r50.0_tile5/2013/netet_2013016.tif
/caldera/projects/usgs/water/impd/skagone/r50.0_tile6/2013/netet_2013016.tif
/caldera/projects/usgs/water/impd/skagone/r50.0_tile7/2013/netet_2013016.tif
/caldera/projects/usgs/water/impd/skagone/r50.0_tile8/2013/netet_2013016.tif
/caldera/projects/usgs/water/impd/skagone/r50.0_tile9/2013/netet_2013016.tif
/caldera/projects/usgs/water/impd/skagone/r37.0_tile0/2013/netet_2013016.tif
.../caldera/projects/usgs/water/impd/skagone/r37.0_tile0/2013/netet_2013016.tif is placed at: /caldera/projects/usgs/water/impd/butzer/
OUTPUT==/caldera/projects/usgs/water/impd/butzer/netet_2013016.tif
Output Item = /caldera/projects/usgs/water/impd/butzer/netet_2013016.tif
SUCCESS _xr_open_rasterio_retry /caldera/projects/usgs/water/impd/skagone/r37.0_tile0/2013/netet_2013016.tif
/caldera/projects/usgs/water/impd/skagone/r37.0_tile0/2013/netet_2013016.tif 0.028740882873535156
SUCCESS _xr_open_rasterio_retry /caldera/projects/usgs/water/impd/skagone/r37.0_tile1/2013/netet_2013016.tif
/caldera/projects/usgs/water/impd/skagone/r37.0_tile1/2013/netet_2013016.tif 0.06279158592224121
SUCCESS _xr_open_rasterio_retry /caldera/projects/usgs/water/impd/skagone/r37.0_tile2/2013/netet_2013016.tif
/caldera/projects/usgs/water/impd/skagone/r37.0_tile2/2013/netet_2013016.tif 0.09911131858825684
SUCCESS _xr_open_rasterio_retry /caldera/projects/usgs/water/impd/skagone/r37.0_tile3/2013/netet_2013016.tif
/caldera/projects/usgs/water/impd/skagone/r37.0_tile3/2013/netet_2013016.tif 0.11818766593933105
SUCCESS _xr_open_rasterio_retry /caldera/projects/usgs/water/impd/skagone/r50.0_tile5/2013/netet_2013016.tif
/caldera/projects/usgs/water/impd/skagone/r50.0_tile5/2013/netet_2013016.tif 0.1412642002105713
SUCCESS _xr_open_rasterio_retry /caldera/projects/usgs/water/impd/skagone/r50.0_tile6/2013/netet_2013016.tif
/caldera/projects/usgs/water/impd/skagone/r50.0_tile6/2013/netet_2013016.tif 0.15913867950439453
SUCCESS _xr_open_rasterio_retry /caldera/projects/usgs/water/impd/skagone/r50.0_tile7/2013/netet_2013016.tif
/caldera/projects/usgs/water/impd/skagone/r50.0_tile7/2013/netet_2013016.tif 0.19014430046081543
SUCCESS _xr_open_rasterio_retry /caldera/projects/usgs/water/impd/skagone/r50.0_tile8/2013/netet_2013016.tif
/caldera/projects/usgs/water/impd/skagone/r50.0_tile8/2013/netet_2013016.tif 0.21222662925720215
SUCCESS _xr_open_rasterio_retry /caldera/projects/usgs/water/impd/skagone/r50.0_tile9/2013/netet_2013016.tif
/caldera/projects/usgs/water/impd/skagone/r50.0_tile9/2013/netet_2013016.tif 0.22534728050231934
<xarray.Dataset>
Dimensions:  (x: 31245, y: 12978)
Coordinates:
  * x        (x) float64 -125.0 -125.0 -125.0 -125.0 ... -60.0 -60.0 -60.0
  * y        (y) float64 23.0 23.0 23.0 23.01 23.01 ... 49.99 50.0 50.0 50.0
Data variables:
    netet    (y, x) float64 0.0 0.0 0.0 0.0 0.0 0.0 ... 0.0 0.0 0.0 0.0 0.0 0.0
/caldera/projects/usgs/water/impd/butzer/netet_2013016.tif
local Geotiff netet_2013016.tif
Next one
-------------------------------------------
$$$$ MOSAIC took 133.82798051834106 SECONDS!
/caldera/projects/usgs/water/impd/skagone/r37.0_tile0/2013/netet_2013017.tif
/caldera/projects/usgs/water/impd/skagone/r37.0_tile1/2013/netet_2013017.tif
/caldera/projects/usgs/water/impd/skagone/r37.0_tile2/2013/netet_2013017.tif
/caldera/projects/usgs/water/impd/skagone/r37.0_tile3/2013/netet_2013017.tif
/caldera/projects/usgs/water/impd/skagone/r50.0_tile5/2013/netet_2013017.tif
/caldera/projects/usgs/water/impd/skagone/r50.0_tile6/2013/netet_2013017.tif
/caldera/projects/usgs/water/impd/skagone/r50.0_tile7/2013/netet_2013017.tif
/caldera/projects/usgs/water/impd/skagone/r50.0_tile8/2013/netet_2013017.tif
/caldera/projects/usgs/water/impd/skagone/r50.0_tile9/2013/netet_2013017.tif
/caldera/projects/usgs/water/impd/skagone/r37.0_tile0/2013/netet_2013017.tif
.../caldera/projects/usgs/water/impd/skagone/r37.0_tile0/2013/netet_2013017.tif is placed at: /caldera/projects/usgs/water/impd/butzer/
OUTPUT==/caldera/projects/usgs/water/impd/butzer/netet_2013017.tif
Output Item = /caldera/projects/usgs/water/impd/butzer/netet_2013017.tif
SUCCESS _xr_open_rasterio_retry /caldera/projects/usgs/water/impd/skagone/r37.0_tile0/2013/netet_2013017.tif
/caldera/projects/usgs/water/impd/skagone/r37.0_tile0/2013/netet_2013017.tif 0.02511429786682129
SUCCESS _xr_open_rasterio_retry /caldera/projects/usgs/water/impd/skagone/r37.0_tile1/2013/netet_2013017.tif
/caldera/projects/usgs/water/impd/skagone/r37.0_tile1/2013/netet_2013017.tif 0.04380965232849121
SUCCESS _xr_open_rasterio_retry /caldera/projects/usgs/water/impd/skagone/r37.0_tile2/2013/netet_2013017.tif
/caldera/projects/usgs/water/impd/skagone/r37.0_tile2/2013/netet_2013017.tif 0.05842089653015137
SUCCESS _xr_open_rasterio_retry /caldera/projects/usgs/water/impd/skagone/r37.0_tile3/2013/netet_2013017.tif
/caldera/projects/usgs/water/impd/skagone/r37.0_tile3/2013/netet_2013017.tif 0.07416963577270508
SUCCESS _xr_open_rasterio_retry /caldera/projects/usgs/water/impd/skagone/r50.0_tile5/2013/netet_2013017.tif
/caldera/projects/usgs/water/impd/skagone/r50.0_tile5/2013/netet_2013017.tif 0.09556746482849121
SUCCESS _xr_open_rasterio_retry /caldera/projects/usgs/water/impd/skagone/r50.0_tile6/2013/netet_2013017.tif
/caldera/projects/usgs/water/impd/skagone/r50.0_tile6/2013/netet_2013017.tif 0.12354707717895508
SUCCESS _xr_open_rasterio_retry /caldera/projects/usgs/water/impd/skagone/r50.0_tile7/2013/netet_2013017.tif
/caldera/projects/usgs/water/impd/skagone/r50.0_tile7/2013/netet_2013017.tif 0.1419048309326172
SUCCESS _xr_open_rasterio_retry /caldera/projects/usgs/water/impd/skagone/r50.0_tile8/2013/netet_2013017.tif
/caldera/projects/usgs/water/impd/skagone/r50.0_tile8/2013/netet_2013017.tif 0.1670703887939453
SUCCESS _xr_open_rasterio_retry /caldera/projects/usgs/water/impd/skagone/r50.0_tile9/2013/netet_2013017.tif
/caldera/projects/usgs/water/impd/skagone/r50.0_tile9/2013/netet_2013017.tif 0.18927717208862305
<xarray.Dataset>
Dimensions:  (x: 31245, y: 12978)
Coordinates:
  * x        (x) float64 -125.0 -125.0 -125.0 -125.0 ... -60.0 -60.0 -60.0
  * y        (y) float64 23.0 23.0 23.0 23.01 23.01 ... 49.99 50.0 50.0 50.0
Data variables:
    netet    (y, x) float64 0.0 0.0 0.0 0.0 0.0 0.0 ... 0.0 0.0 0.0 0.0 0.0 0.0
/caldera/projects/usgs/water/impd/butzer/netet_2013017.tif
local Geotiff netet_2013017.tif
Next one
-------------------------------------------
$$$$ MOSAIC took 137.29250764846802 SECONDS!
/caldera/projects/usgs/water/impd/skagone/r37.0_tile0/2013/netet_2013018.tif
/caldera/projects/usgs/water/impd/skagone/r37.0_tile1/2013/netet_2013018.tif
/caldera/projects/usgs/water/impd/skagone/r37.0_tile2/2013/netet_2013018.tif
/caldera/projects/usgs/water/impd/skagone/r37.0_tile3/2013/netet_2013018.tif
/caldera/projects/usgs/water/impd/skagone/r50.0_tile5/2013/netet_2013018.tif
/caldera/projects/usgs/water/impd/skagone/r50.0_tile6/2013/netet_2013018.tif
/caldera/projects/usgs/water/impd/skagone/r50.0_tile7/2013/netet_2013018.tif
/caldera/projects/usgs/water/impd/skagone/r50.0_tile8/2013/netet_2013018.tif
/caldera/projects/usgs/water/impd/skagone/r50.0_tile9/2013/netet_2013018.tif
/caldera/projects/usgs/water/impd/skagone/r37.0_tile0/2013/netet_2013018.tif
.../caldera/projects/usgs/water/impd/skagone/r37.0_tile0/2013/netet_2013018.tif is placed at: /caldera/projects/usgs/water/impd/butzer/
OUTPUT==/caldera/projects/usgs/water/impd/butzer/netet_2013018.tif
Output Item = /caldera/projects/usgs/water/impd/butzer/netet_2013018.tif
SUCCESS _xr_open_rasterio_retry /caldera/projects/usgs/water/impd/skagone/r37.0_tile0/2013/netet_2013018.tif
/caldera/projects/usgs/water/impd/skagone/r37.0_tile0/2013/netet_2013018.tif 0.026530742645263672
SUCCESS _xr_open_rasterio_retry /caldera/projects/usgs/water/impd/skagone/r37.0_tile1/2013/netet_2013018.tif
/caldera/projects/usgs/water/impd/skagone/r37.0_tile1/2013/netet_2013018.tif 0.0575408935546875
SUCCESS _xr_open_rasterio_retry /caldera/projects/usgs/water/impd/skagone/r37.0_tile2/2013/netet_2013018.tif
/caldera/projects/usgs/water/impd/skagone/r37.0_tile2/2013/netet_2013018.tif 0.07696008682250977
SUCCESS _xr_open_rasterio_retry /caldera/projects/usgs/water/impd/skagone/r37.0_tile3/2013/netet_2013018.tif
/caldera/projects/usgs/water/impd/skagone/r37.0_tile3/2013/netet_2013018.tif 0.09889674186706543
SUCCESS _xr_open_rasterio_retry /caldera/projects/usgs/water/impd/skagone/r50.0_tile5/2013/netet_2013018.tif
/caldera/projects/usgs/water/impd/skagone/r50.0_tile5/2013/netet_2013018.tif 0.126312255859375
SUCCESS _xr_open_rasterio_retry /caldera/projects/usgs/water/impd/skagone/r50.0_tile6/2013/netet_2013018.tif
/caldera/projects/usgs/water/impd/skagone/r50.0_tile6/2013/netet_2013018.tif 0.14268779754638672
SUCCESS _xr_open_rasterio_retry /caldera/projects/usgs/water/impd/skagone/r50.0_tile7/2013/netet_2013018.tif
/caldera/projects/usgs/water/impd/skagone/r50.0_tile7/2013/netet_2013018.tif 0.17009663581848145
SUCCESS _xr_open_rasterio_retry /caldera/projects/usgs/water/impd/skagone/r50.0_tile8/2013/netet_2013018.tif
/caldera/projects/usgs/water/impd/skagone/r50.0_tile8/2013/netet_2013018.tif 0.19266796112060547
SUCCESS _xr_open_rasterio_retry /caldera/projects/usgs/water/impd/skagone/r50.0_tile9/2013/netet_2013018.tif
/caldera/projects/usgs/water/impd/skagone/r50.0_tile9/2013/netet_2013018.tif 0.21281933784484863
<xarray.Dataset>
Dimensions:  (x: 31245, y: 12978)
Coordinates:
  * x        (x) float64 -125.0 -125.0 -125.0 -125.0 ... -60.0 -60.0 -60.0
  * y        (y) float64 23.0 23.0 23.0 23.01 23.01 ... 49.99 50.0 50.0 50.0
Data variables:
    netet    (y, x) float64 0.0 0.0 0.0 0.0 0.0 0.0 ... 0.0 0.0 0.0 0.0 0.0 0.0
/caldera/projects/usgs/water/impd/butzer/netet_2013018.tif
local Geotiff netet_2013018.tif
Next one
-------------------------------------------
$$$$ MOSAIC took 134.11436438560486 SECONDS!
/caldera/projects/usgs/water/impd/skagone/r37.0_tile0/2013/netet_2013019.tif
/caldera/projects/usgs/water/impd/skagone/r37.0_tile1/2013/netet_2013019.tif
/caldera/projects/usgs/water/impd/skagone/r37.0_tile2/2013/netet_2013019.tif
/caldera/projects/usgs/water/impd/skagone/r37.0_tile3/2013/netet_2013019.tif
/caldera/projects/usgs/water/impd/skagone/r50.0_tile5/2013/netet_2013019.tif
/caldera/projects/usgs/water/impd/skagone/r50.0_tile6/2013/netet_2013019.tif
/caldera/projects/usgs/water/impd/skagone/r50.0_tile7/2013/netet_2013019.tif
/caldera/projects/usgs/water/impd/skagone/r50.0_tile8/2013/netet_2013019.tif
/caldera/projects/usgs/water/impd/skagone/r50.0_tile9/2013/netet_2013019.tif
/caldera/projects/usgs/water/impd/skagone/r37.0_tile0/2013/netet_2013019.tif
.../caldera/projects/usgs/water/impd/skagone/r37.0_tile0/2013/netet_2013019.tif is placed at: /caldera/projects/usgs/water/impd/butzer/
OUTPUT==/caldera/projects/usgs/water/impd/butzer/netet_2013019.tif
Output Item = /caldera/projects/usgs/water/impd/butzer/netet_2013019.tif
SUCCESS _xr_open_rasterio_retry /caldera/projects/usgs/water/impd/skagone/r37.0_tile0/2013/netet_2013019.tif
/caldera/projects/usgs/water/impd/skagone/r37.0_tile0/2013/netet_2013019.tif 0.029073238372802734
SUCCESS _xr_open_rasterio_retry /caldera/projects/usgs/water/impd/skagone/r37.0_tile1/2013/netet_2013019.tif
/caldera/projects/usgs/water/impd/skagone/r37.0_tile1/2013/netet_2013019.tif 0.048607587814331055
SUCCESS _xr_open_rasterio_retry /caldera/projects/usgs/water/impd/skagone/r37.0_tile2/2013/netet_2013019.tif
/caldera/projects/usgs/water/impd/skagone/r37.0_tile2/2013/netet_2013019.tif 0.06466221809387207
SUCCESS _xr_open_rasterio_retry /caldera/projects/usgs/water/impd/skagone/r37.0_tile3/2013/netet_2013019.tif
/caldera/projects/usgs/water/impd/skagone/r37.0_tile3/2013/netet_2013019.tif 0.08072304725646973
SUCCESS _xr_open_rasterio_retry /caldera/projects/usgs/water/impd/skagone/r50.0_tile5/2013/netet_2013019.tif
/caldera/projects/usgs/water/impd/skagone/r50.0_tile5/2013/netet_2013019.tif 0.10993409156799316
SUCCESS _xr_open_rasterio_retry /caldera/projects/usgs/water/impd/skagone/r50.0_tile6/2013/netet_2013019.tif
/caldera/projects/usgs/water/impd/skagone/r50.0_tile6/2013/netet_2013019.tif 0.19475507736206055
SUCCESS _xr_open_rasterio_retry /caldera/projects/usgs/water/impd/skagone/r50.0_tile7/2013/netet_2013019.tif
/caldera/projects/usgs/water/impd/skagone/r50.0_tile7/2013/netet_2013019.tif 0.23745298385620117
SUCCESS _xr_open_rasterio_retry /caldera/projects/usgs/water/impd/skagone/r50.0_tile8/2013/netet_2013019.tif
/caldera/projects/usgs/water/impd/skagone/r50.0_tile8/2013/netet_2013019.tif 0.26676511764526367
SUCCESS _xr_open_rasterio_retry /caldera/projects/usgs/water/impd/skagone/r50.0_tile9/2013/netet_2013019.tif
/caldera/projects/usgs/water/impd/skagone/r50.0_tile9/2013/netet_2013019.tif 0.2902045249938965
<xarray.Dataset>
Dimensions:  (x: 31245, y: 12978)
Coordinates:
  * x        (x) float64 -125.0 -125.0 -125.0 -125.0 ... -60.0 -60.0 -60.0
  * y        (y) float64 23.0 23.0 23.0 23.01 23.01 ... 49.99 50.0 50.0 50.0
Data variables:
    netet    (y, x) float64 0.0 0.0 0.0 0.0 0.0 0.0 ... 0.0 0.0 0.0 0.0 0.0 0.0
/caldera/projects/usgs/water/impd/butzer/netet_2013019.tif
local Geotiff netet_2013019.tif
Next one
-------------------------------------------
$$$$ MOSAIC took 141.6758017539978 SECONDS!
/caldera/projects/usgs/water/impd/skagone/r37.0_tile0/2013/netet_2013020.tif
/caldera/projects/usgs/water/impd/skagone/r37.0_tile1/2013/netet_2013020.tif
/caldera/projects/usgs/water/impd/skagone/r37.0_tile2/2013/netet_2013020.tif
/caldera/projects/usgs/water/impd/skagone/r37.0_tile3/2013/netet_2013020.tif
/caldera/projects/usgs/water/impd/skagone/r50.0_tile5/2013/netet_2013020.tif
/caldera/projects/usgs/water/impd/skagone/r50.0_tile6/2013/netet_2013020.tif
/caldera/projects/usgs/water/impd/skagone/r50.0_tile7/2013/netet_2013020.tif
/caldera/projects/usgs/water/impd/skagone/r50.0_tile8/2013/netet_2013020.tif
/caldera/projects/usgs/water/impd/skagone/r50.0_tile9/2013/netet_2013020.tif
/caldera/projects/usgs/water/impd/skagone/r37.0_tile0/2013/netet_2013020.tif
.../caldera/projects/usgs/water/impd/skagone/r37.0_tile0/2013/netet_2013020.tif is placed at: /caldera/projects/usgs/water/impd/butzer/
OUTPUT==/caldera/projects/usgs/water/impd/butzer/netet_2013020.tif
Output Item = /caldera/projects/usgs/water/impd/butzer/netet_2013020.tif
SUCCESS _xr_open_rasterio_retry /caldera/projects/usgs/water/impd/skagone/r37.0_tile0/2013/netet_2013020.tif
/caldera/projects/usgs/water/impd/skagone/r37.0_tile0/2013/netet_2013020.tif 0.023607254028320312
SUCCESS _xr_open_rasterio_retry /caldera/projects/usgs/water/impd/skagone/r37.0_tile1/2013/netet_2013020.tif
/caldera/projects/usgs/water/impd/skagone/r37.0_tile1/2013/netet_2013020.tif 0.07865071296691895
SUCCESS _xr_open_rasterio_retry /caldera/projects/usgs/water/impd/skagone/r37.0_tile2/2013/netet_2013020.tif
/caldera/projects/usgs/water/impd/skagone/r37.0_tile2/2013/netet_2013020.tif 0.09295916557312012
SUCCESS _xr_open_rasterio_retry /caldera/projects/usgs/water/impd/skagone/r37.0_tile3/2013/netet_2013020.tif
/caldera/projects/usgs/water/impd/skagone/r37.0_tile3/2013/netet_2013020.tif 0.1118004322052002
SUCCESS _xr_open_rasterio_retry /caldera/projects/usgs/water/impd/skagone/r50.0_tile5/2013/netet_2013020.tif
/caldera/projects/usgs/water/impd/skagone/r50.0_tile5/2013/netet_2013020.tif 0.13365411758422852
SUCCESS _xr_open_rasterio_retry /caldera/projects/usgs/water/impd/skagone/r50.0_tile6/2013/netet_2013020.tif
/caldera/projects/usgs/water/impd/skagone/r50.0_tile6/2013/netet_2013020.tif 0.16472268104553223
SUCCESS _xr_open_rasterio_retry /caldera/projects/usgs/water/impd/skagone/r50.0_tile7/2013/netet_2013020.tif
/caldera/projects/usgs/water/impd/skagone/r50.0_tile7/2013/netet_2013020.tif 0.19794821739196777
SUCCESS _xr_open_rasterio_retry /caldera/projects/usgs/water/impd/skagone/r50.0_tile8/2013/netet_2013020.tif
/caldera/projects/usgs/water/impd/skagone/r50.0_tile8/2013/netet_2013020.tif 0.21539902687072754
SUCCESS _xr_open_rasterio_retry /caldera/projects/usgs/water/impd/skagone/r50.0_tile9/2013/netet_2013020.tif
/caldera/projects/usgs/water/impd/skagone/r50.0_tile9/2013/netet_2013020.tif 0.23299598693847656
<xarray.Dataset>
Dimensions:  (x: 31245, y: 12978)
Coordinates:
  * x        (x) float64 -125.0 -125.0 -125.0 -125.0 ... -60.0 -60.0 -60.0
  * y        (y) float64 23.0 23.0 23.0 23.01 23.01 ... 49.99 50.0 50.0 50.0
Data variables:
    netet    (y, x) float64 0.0 0.0 0.0 0.0 0.0 0.0 ... 0.0 0.0 0.0 0.0 0.0 0.0
/caldera/projects/usgs/water/impd/butzer/netet_2013020.tif
local Geotiff netet_2013020.tif
Next one
-------------------------------------------
$$$$ MOSAIC took 138.4667661190033 SECONDS!
/caldera/projects/usgs/water/impd/skagone/r37.0_tile0/2013/netet_2013021.tif
/caldera/projects/usgs/water/impd/skagone/r37.0_tile1/2013/netet_2013021.tif
/caldera/projects/usgs/water/impd/skagone/r37.0_tile2/2013/netet_2013021.tif
/caldera/projects/usgs/water/impd/skagone/r37.0_tile3/2013/netet_2013021.tif
/caldera/projects/usgs/water/impd/skagone/r50.0_tile5/2013/netet_2013021.tif
/caldera/projects/usgs/water/impd/skagone/r50.0_tile6/2013/netet_2013021.tif
/caldera/projects/usgs/water/impd/skagone/r50.0_tile7/2013/netet_2013021.tif
/caldera/projects/usgs/water/impd/skagone/r50.0_tile8/2013/netet_2013021.tif
/caldera/projects/usgs/water/impd/skagone/r50.0_tile9/2013/netet_2013021.tif
/caldera/projects/usgs/water/impd/skagone/r37.0_tile0/2013/netet_2013021.tif
.../caldera/projects/usgs/water/impd/skagone/r37.0_tile0/2013/netet_2013021.tif is placed at: /caldera/projects/usgs/water/impd/butzer/
OUTPUT==/caldera/projects/usgs/water/impd/butzer/netet_2013021.tif
Output Item = /caldera/projects/usgs/water/impd/butzer/netet_2013021.tif
SUCCESS _xr_open_rasterio_retry /caldera/projects/usgs/water/impd/skagone/r37.0_tile0/2013/netet_2013021.tif
/caldera/projects/usgs/water/impd/skagone/r37.0_tile0/2013/netet_2013021.tif 0.017437458038330078
SUCCESS _xr_open_rasterio_retry /caldera/projects/usgs/water/impd/skagone/r37.0_tile1/2013/netet_2013021.tif
/caldera/projects/usgs/water/impd/skagone/r37.0_tile1/2013/netet_2013021.tif 0.09343957901000977
SUCCESS _xr_open_rasterio_retry /caldera/projects/usgs/water/impd/skagone/r37.0_tile2/2013/netet_2013021.tif
/caldera/projects/usgs/water/impd/skagone/r37.0_tile2/2013/netet_2013021.tif 0.12417149543762207
SUCCESS _xr_open_rasterio_retry /caldera/projects/usgs/water/impd/skagone/r37.0_tile3/2013/netet_2013021.tif
/caldera/projects/usgs/water/impd/skagone/r37.0_tile3/2013/netet_2013021.tif 0.14588427543640137
SUCCESS _xr_open_rasterio_retry /caldera/projects/usgs/water/impd/skagone/r50.0_tile5/2013/netet_2013021.tif
/caldera/projects/usgs/water/impd/skagone/r50.0_tile5/2013/netet_2013021.tif 0.17647790908813477
SUCCESS _xr_open_rasterio_retry /caldera/projects/usgs/water/impd/skagone/r50.0_tile6/2013/netet_2013021.tif
/caldera/projects/usgs/water/impd/skagone/r50.0_tile6/2013/netet_2013021.tif 0.1931149959564209
SUCCESS _xr_open_rasterio_retry /caldera/projects/usgs/water/impd/skagone/r50.0_tile7/2013/netet_2013021.tif
/caldera/projects/usgs/water/impd/skagone/r50.0_tile7/2013/netet_2013021.tif 0.26183199882507324
SUCCESS _xr_open_rasterio_retry /caldera/projects/usgs/water/impd/skagone/r50.0_tile8/2013/netet_2013021.tif
/caldera/projects/usgs/water/impd/skagone/r50.0_tile8/2013/netet_2013021.tif 0.2818896770477295
SUCCESS _xr_open_rasterio_retry /caldera/projects/usgs/water/impd/skagone/r50.0_tile9/2013/netet_2013021.tif
/caldera/projects/usgs/water/impd/skagone/r50.0_tile9/2013/netet_2013021.tif 0.3061940670013428
<xarray.Dataset>
Dimensions:  (x: 31245, y: 12978)
Coordinates:
  * x        (x) float64 -125.0 -125.0 -125.0 -125.0 ... -60.0 -60.0 -60.0
  * y        (y) float64 23.0 23.0 23.0 23.01 23.01 ... 49.99 50.0 50.0 50.0
Data variables:
    netet    (y, x) float64 0.0 0.0 0.0 0.0 0.0 0.0 ... 0.0 0.0 0.0 0.0 0.0 0.0
/caldera/projects/usgs/water/impd/butzer/netet_2013021.tif
local Geotiff netet_2013021.tif
Next one
-------------------------------------------
$$$$ MOSAIC took 138.36871242523193 SECONDS!
/caldera/projects/usgs/water/impd/skagone/r37.0_tile0/2013/netet_2013022.tif
/caldera/projects/usgs/water/impd/skagone/r37.0_tile1/2013/netet_2013022.tif
/caldera/projects/usgs/water/impd/skagone/r37.0_tile2/2013/netet_2013022.tif
/caldera/projects/usgs/water/impd/skagone/r37.0_tile3/2013/netet_2013022.tif
/caldera/projects/usgs/water/impd/skagone/r50.0_tile5/2013/netet_2013022.tif
/caldera/projects/usgs/water/impd/skagone/r50.0_tile6/2013/netet_2013022.tif
/caldera/projects/usgs/water/impd/skagone/r50.0_tile7/2013/netet_2013022.tif
/caldera/projects/usgs/water/impd/skagone/r50.0_tile8/2013/netet_2013022.tif
/caldera/projects/usgs/water/impd/skagone/r50.0_tile9/2013/netet_2013022.tif
/caldera/projects/usgs/water/impd/skagone/r37.0_tile0/2013/netet_2013022.tif
.../caldera/projects/usgs/water/impd/skagone/r37.0_tile0/2013/netet_2013022.tif is placed at: /caldera/projects/usgs/water/impd/butzer/
OUTPUT==/caldera/projects/usgs/water/impd/butzer/netet_2013022.tif
Output Item = /caldera/projects/usgs/water/impd/butzer/netet_2013022.tif
SUCCESS _xr_open_rasterio_retry /caldera/projects/usgs/water/impd/skagone/r37.0_tile0/2013/netet_2013022.tif
/caldera/projects/usgs/water/impd/skagone/r37.0_tile0/2013/netet_2013022.tif 0.024718284606933594
SUCCESS _xr_open_rasterio_retry /caldera/projects/usgs/water/impd/skagone/r37.0_tile1/2013/netet_2013022.tif
/caldera/projects/usgs/water/impd/skagone/r37.0_tile1/2013/netet_2013022.tif 0.040998220443725586
SUCCESS _xr_open_rasterio_retry /caldera/projects/usgs/water/impd/skagone/r37.0_tile2/2013/netet_2013022.tif
/caldera/projects/usgs/water/impd/skagone/r37.0_tile2/2013/netet_2013022.tif 0.10165047645568848
SUCCESS _xr_open_rasterio_retry /caldera/projects/usgs/water/impd/skagone/r37.0_tile3/2013/netet_2013022.tif
/caldera/projects/usgs/water/impd/skagone/r37.0_tile3/2013/netet_2013022.tif 0.13252663612365723
SUCCESS _xr_open_rasterio_retry /caldera/projects/usgs/water/impd/skagone/r50.0_tile5/2013/netet_2013022.tif
/caldera/projects/usgs/water/impd/skagone/r50.0_tile5/2013/netet_2013022.tif 0.14900803565979004
SUCCESS _xr_open_rasterio_retry /caldera/projects/usgs/water/impd/skagone/r50.0_tile6/2013/netet_2013022.tif
/caldera/projects/usgs/water/impd/skagone/r50.0_tile6/2013/netet_2013022.tif 0.18137907981872559
SUCCESS _xr_open_rasterio_retry /caldera/projects/usgs/water/impd/skagone/r50.0_tile7/2013/netet_2013022.tif
/caldera/projects/usgs/water/impd/skagone/r50.0_tile7/2013/netet_2013022.tif 0.21910929679870605
SUCCESS _xr_open_rasterio_retry /caldera/projects/usgs/water/impd/skagone/r50.0_tile8/2013/netet_2013022.tif
/caldera/projects/usgs/water/impd/skagone/r50.0_tile8/2013/netet_2013022.tif 0.244734525680542
SUCCESS _xr_open_rasterio_retry /caldera/projects/usgs/water/impd/skagone/r50.0_tile9/2013/netet_2013022.tif
