17:19:55 ET_MOSAIC DEBUG: this is how you call one of your functions
17:19:55 ET_MOSAIC DEBUG: hello from Conus_mosaic class
17:19:55 ET_MOSAIC DEBUG: Mosaicking ['netet'] in /caldera/projects/usgs/water/impd/skagone and put it in /caldera/projects/usgs/water/impd/skagone/2004 for 2004
17:19:55 ET_MOSAIC DEBUG: run_mosaic
17:19:55 ET_MOSAIC DEBUG: Mosaic this product: netet
17:19:55 ET_MOSAIC DEBUG: /caldera/projects/usgs/water/impd/skagone/
17:19:55 ET_MOSAIC DEBUG: justoneday 2004 1 /caldera/projects/usgs/water/impd/skagone/r37.0_tile0
Warning 1: +init=epsg:XXXX syntax is deprecated. It might return a CRS with a non-EPSG compliant axis order.
17:21:33 ET_MOSAIC DEBUG: justoneday 2004 2 /caldera/projects/usgs/water/impd/skagone/r37.0_tile0
17:23:21 ET_MOSAIC DEBUG: justoneday 2004 3 /caldera/projects/usgs/water/impd/skagone/r37.0_tile0
17:25:06 ET_MOSAIC DEBUG: justoneday 2004 4 /caldera/projects/usgs/water/impd/skagone/r37.0_tile0
17:26:41 ET_MOSAIC DEBUG: justoneday 2004 5 /caldera/projects/usgs/water/impd/skagone/r37.0_tile0
17:28:25 ET_MOSAIC DEBUG: justoneday 2004 6 /caldera/projects/usgs/water/impd/skagone/r37.0_tile0
17:30:07 ET_MOSAIC DEBUG: justoneday 2004 7 /caldera/projects/usgs/water/impd/skagone/r37.0_tile0
17:31:46 ET_MOSAIC DEBUG: justoneday 2004 8 /caldera/projects/usgs/water/impd/skagone/r37.0_tile0
17:33:30 ET_MOSAIC DEBUG: justoneday 2004 9 /caldera/projects/usgs/water/impd/skagone/r37.0_tile0
17:35:08 ET_MOSAIC DEBUG: justoneday 2004 10 /caldera/projects/usgs/water/impd/skagone/r37.0_tile0
17:36:45 ET_MOSAIC DEBUG: justoneday 2004 11 /caldera/projects/usgs/water/impd/skagone/r37.0_tile0
17:38:23 ET_MOSAIC DEBUG: justoneday 2004 12 /caldera/projects/usgs/water/impd/skagone/r37.0_tile0
17:39:58 ET_MOSAIC DEBUG: justoneday 2004 13 /caldera/projects/usgs/water/impd/skagone/r37.0_tile0
17:41:34 ET_MOSAIC DEBUG: justoneday 2004 14 /caldera/projects/usgs/water/impd/skagone/r37.0_tile0
17:42:59 ET_MOSAIC DEBUG: justoneday 2004 15 /caldera/projects/usgs/water/impd/skagone/r37.0_tile0
17:44:37 ET_MOSAIC DEBUG: justoneday 2004 16 /caldera/projects/usgs/water/impd/skagone/r37.0_tile0
17:46:19 ET_MOSAIC DEBUG: justoneday 2004 17 /caldera/projects/usgs/water/impd/skagone/r37.0_tile0
17:47:49 ET_MOSAIC DEBUG: justoneday 2004 18 /caldera/projects/usgs/water/impd/skagone/r37.0_tile0
17:49:28 ET_MOSAIC DEBUG: justoneday 2004 19 /caldera/projects/usgs/water/impd/skagone/r37.0_tile0
17:51:04 ET_MOSAIC DEBUG: justoneday 2004 20 /caldera/projects/usgs/water/impd/skagone/r37.0_tile0
17:52:42 ET_MOSAIC DEBUG: justoneday 2004 21 /caldera/projects/usgs/water/impd/skagone/r37.0_tile0
17:54:19 ET_MOSAIC DEBUG: justoneday 2004 22 /caldera/projects/usgs/water/impd/skagone/r37.0_tile0
17:55:57 ET_MOSAIC DEBUG: justoneday 2004 23 /caldera/projects/usgs/water/impd/skagone/r37.0_tile0
17:57:36 ET_MOSAIC DEBUG: justoneday 2004 24 /caldera/projects/usgs/water/impd/skagone/r37.0_tile0
17:59:14 ET_MOSAIC DEBUG: justoneday 2004 25 /caldera/projects/usgs/water/impd/skagone/r37.0_tile0
18:00:53 ET_MOSAIC DEBUG: justoneday 2004 26 /caldera/projects/usgs/water/impd/skagone/r37.0_tile0
18:02:37 ET_MOSAIC DEBUG: justoneday 2004 27 /caldera/projects/usgs/water/impd/skagone/r37.0_tile0
18:04:25 ET_MOSAIC DEBUG: justoneday 2004 28 /caldera/projects/usgs/water/impd/skagone/r37.0_tile0
18:06:05 ET_MOSAIC DEBUG: justoneday 2004 29 /caldera/projects/usgs/water/impd/skagone/r37.0_tile0
18:07:32 ET_MOSAIC DEBUG: justoneday 2004 30 /caldera/projects/usgs/water/impd/skagone/r37.0_tile0
18:09:14 ET_MOSAIC DEBUG: justoneday 2004 31 /caldera/projects/usgs/water/impd/skagone/r37.0_tile0
18:10:57 ET_MOSAIC DEBUG: justoneday 2004 32 /caldera/projects/usgs/water/impd/skagone/r37.0_tile0
18:12:37 ET_MOSAIC DEBUG: justoneday 2004 33 /caldera/projects/usgs/water/impd/skagone/r37.0_tile0
18:14:20 ET_MOSAIC DEBUG: justoneday 2004 34 /caldera/projects/usgs/water/impd/skagone/r37.0_tile0
18:16:00 ET_MOSAIC DEBUG: justoneday 2004 35 /caldera/projects/usgs/water/impd/skagone/r37.0_tile0
18:17:38 ET_MOSAIC DEBUG: justoneday 2004 36 /caldera/projects/usgs/water/impd/skagone/r37.0_tile0
18:19:19 ET_MOSAIC DEBUG: justoneday 2004 37 /caldera/projects/usgs/water/impd/skagone/r37.0_tile0
18:21:03 ET_MOSAIC DEBUG: justoneday 2004 38 /caldera/projects/usgs/water/impd/skagone/r37.0_tile0
18:22:45 ET_MOSAIC DEBUG: justoneday 2004 39 /caldera/projects/usgs/water/impd/skagone/r37.0_tile0
18:24:27 ET_MOSAIC DEBUG: justoneday 2004 40 /caldera/projects/usgs/water/impd/skagone/r37.0_tile0
18:26:15 ET_MOSAIC DEBUG: justoneday 2004 41 /caldera/projects/usgs/water/impd/skagone/r37.0_tile0
18:27:58 ET_MOSAIC DEBUG: justoneday 2004 42 /caldera/projects/usgs/water/impd/skagone/r37.0_tile0
18:29:40 ET_MOSAIC DEBUG: justoneday 2004 43 /caldera/projects/usgs/water/impd/skagone/r37.0_tile0
18:31:13 ET_MOSAIC DEBUG: justoneday 2004 44 /caldera/projects/usgs/water/impd/skagone/r37.0_tile0
18:32:56 ET_MOSAIC DEBUG: justoneday 2004 45 /caldera/projects/usgs/water/impd/skagone/r37.0_tile0
18:34:39 ET_MOSAIC DEBUG: justoneday 2004 46 /caldera/projects/usgs/water/impd/skagone/r37.0_tile0
18:36:17 ET_MOSAIC DEBUG: justoneday 2004 47 /caldera/projects/usgs/water/impd/skagone/r37.0_tile0
18:38:01 ET_MOSAIC DEBUG: justoneday 2004 48 /caldera/projects/usgs/water/impd/skagone/r37.0_tile0
18:39:43 ET_MOSAIC DEBUG: justoneday 2004 49 /caldera/projects/usgs/water/impd/skagone/r37.0_tile0
18:41:21 ET_MOSAIC DEBUG: justoneday 2004 50 /caldera/projects/usgs/water/impd/skagone/r37.0_tile0
18:43:01 ET_MOSAIC DEBUG: justoneday 2004 51 /caldera/projects/usgs/water/impd/skagone/r37.0_tile0
18:44:41 ET_MOSAIC DEBUG: justoneday 2004 52 /caldera/projects/usgs/water/impd/skagone/r37.0_tile0
18:46:12 ET_MOSAIC DEBUG: justoneday 2004 53 /caldera/projects/usgs/water/impd/skagone/r37.0_tile0
18:47:54 ET_MOSAIC DEBUG: justoneday 2004 54 /caldera/projects/usgs/water/impd/skagone/r37.0_tile0
18:49:31 ET_MOSAIC DEBUG: justoneday 2004 55 /caldera/projects/usgs/water/impd/skagone/r37.0_tile0
18:51:12 ET_MOSAIC DEBUG: justoneday 2004 56 /caldera/projects/usgs/water/impd/skagone/r37.0_tile0
18:52:41 ET_MOSAIC DEBUG: justoneday 2004 57 /caldera/projects/usgs/water/impd/skagone/r37.0_tile0
18:54:09 ET_MOSAIC DEBUG: justoneday 2004 58 /caldera/projects/usgs/water/impd/skagone/r37.0_tile0
18:55:48 ET_MOSAIC DEBUG: justoneday 2004 59 /caldera/projects/usgs/water/impd/skagone/r37.0_tile0
18:57:15 ET_MOSAIC DEBUG: justoneday 2004 60 /caldera/projects/usgs/water/impd/skagone/r37.0_tile0
18:58:43 ET_MOSAIC DEBUG: justoneday 2004 61 /caldera/projects/usgs/water/impd/skagone/r37.0_tile0
19:00:24 ET_MOSAIC DEBUG: justoneday 2004 62 /caldera/projects/usgs/water/impd/skagone/r37.0_tile0
19:02:04 ET_MOSAIC DEBUG: justoneday 2004 63 /caldera/projects/usgs/water/impd/skagone/r37.0_tile0
19:03:44 ET_MOSAIC DEBUG: justoneday 2004 64 /caldera/projects/usgs/water/impd/skagone/r37.0_tile0
19:05:23 ET_MOSAIC DEBUG: justoneday 2004 65 /caldera/projects/usgs/water/impd/skagone/r37.0_tile0
19:07:02 ET_MOSAIC DEBUG: justoneday 2004 66 /caldera/projects/usgs/water/impd/skagone/r37.0_tile0
19:08:44 ET_MOSAIC DEBUG: justoneday 2004 67 /caldera/projects/usgs/water/impd/skagone/r37.0_tile0
19:10:23 ET_MOSAIC DEBUG: justoneday 2004 68 /caldera/projects/usgs/water/impd/skagone/r37.0_tile0
19:12:01 ET_MOSAIC DEBUG: justoneday 2004 69 /caldera/projects/usgs/water/impd/skagone/r37.0_tile0
19:13:39 ET_MOSAIC DEBUG: justoneday 2004 70 /caldera/projects/usgs/water/impd/skagone/r37.0_tile0
19:15:07 ET_MOSAIC DEBUG: justoneday 2004 71 /caldera/projects/usgs/water/impd/skagone/r37.0_tile0
19:16:46 ET_MOSAIC DEBUG: justoneday 2004 72 /caldera/projects/usgs/water/impd/skagone/r37.0_tile0
19:18:12 ET_MOSAIC DEBUG: justoneday 2004 73 /caldera/projects/usgs/water/impd/skagone/r37.0_tile0
19:19:57 ET_MOSAIC DEBUG: justoneday 2004 74 /caldera/projects/usgs/water/impd/skagone/r37.0_tile0
19:21:39 ET_MOSAIC DEBUG: justoneday 2004 75 /caldera/projects/usgs/water/impd/skagone/r37.0_tile0
19:23:07 ET_MOSAIC DEBUG: justoneday 2004 76 /caldera/projects/usgs/water/impd/skagone/r37.0_tile0
19:24:44 ET_MOSAIC DEBUG: justoneday 2004 77 /caldera/projects/usgs/water/impd/skagone/r37.0_tile0
19:26:13 ET_MOSAIC DEBUG: justoneday 2004 78 /caldera/projects/usgs/water/impd/skagone/r37.0_tile0
19:27:42 ET_MOSAIC DEBUG: justoneday 2004 79 /caldera/projects/usgs/water/impd/skagone/r37.0_tile0
19:29:15 ET_MOSAIC DEBUG: justoneday 2004 80 /caldera/projects/usgs/water/impd/skagone/r37.0_tile0
19:31:02 ET_MOSAIC DEBUG: justoneday 2004 81 /caldera/projects/usgs/water/impd/skagone/r37.0_tile0
19:32:54 ET_MOSAIC DEBUG: justoneday 2004 82 /caldera/projects/usgs/water/impd/skagone/r37.0_tile0
19:34:48 ET_MOSAIC DEBUG: justoneday 2004 83 /caldera/projects/usgs/water/impd/skagone/r37.0_tile0
19:36:36 ET_MOSAIC DEBUG: justoneday 2004 84 /caldera/projects/usgs/water/impd/skagone/r37.0_tile0
19:38:27 ET_MOSAIC DEBUG: justoneday 2004 85 /caldera/projects/usgs/water/impd/skagone/r37.0_tile0
19:40:39 ET_MOSAIC DEBUG: justoneday 2004 86 /caldera/projects/usgs/water/impd/skagone/r37.0_tile0
19:42:07 ET_MOSAIC DEBUG: justoneday 2004 87 /caldera/projects/usgs/water/impd/skagone/r37.0_tile0
19:44:11 ET_MOSAIC DEBUG: justoneday 2004 88 /caldera/projects/usgs/water/impd/skagone/r37.0_tile0
19:45:44 ET_MOSAIC DEBUG: justoneday 2004 89 /caldera/projects/usgs/water/impd/skagone/r37.0_tile0
19:47:37 ET_MOSAIC DEBUG: justoneday 2004 90 /caldera/projects/usgs/water/impd/skagone/r37.0_tile0
19:49:49 ET_MOSAIC DEBUG: justoneday 2004 91 /caldera/projects/usgs/water/impd/skagone/r37.0_tile0
19:52:09 ET_MOSAIC DEBUG: justoneday 2004 92 /caldera/projects/usgs/water/impd/skagone/r37.0_tile0
19:53:49 ET_MOSAIC DEBUG: justoneday 2004 93 /caldera/projects/usgs/water/impd/skagone/r37.0_tile0
19:55:23 ET_MOSAIC DEBUG: justoneday 2004 94 /caldera/projects/usgs/water/impd/skagone/r37.0_tile0
19:56:52 ET_MOSAIC DEBUG: justoneday 2004 95 /caldera/projects/usgs/water/impd/skagone/r37.0_tile0
19:58:25 ET_MOSAIC DEBUG: justoneday 2004 96 /caldera/projects/usgs/water/impd/skagone/r37.0_tile0
19:59:45 ET_MOSAIC DEBUG: justoneday 2004 97 /caldera/projects/usgs/water/impd/skagone/r37.0_tile0
20:01:25 ET_MOSAIC DEBUG: justoneday 2004 98 /caldera/projects/usgs/water/impd/skagone/r37.0_tile0
20:03:02 ET_MOSAIC DEBUG: justoneday 2004 99 /caldera/projects/usgs/water/impd/skagone/r37.0_tile0
20:04:30 ET_MOSAIC DEBUG: justoneday 2004 100 /caldera/projects/usgs/water/impd/skagone/r37.0_tile0
20:06:06 ET_MOSAIC DEBUG: justoneday 2004 101 /caldera/projects/usgs/water/impd/skagone/r37.0_tile0
20:07:42 ET_MOSAIC DEBUG: justoneday 2004 102 /caldera/projects/usgs/water/impd/skagone/r37.0_tile0
20:09:16 ET_MOSAIC DEBUG: justoneday 2004 103 /caldera/projects/usgs/water/impd/skagone/r37.0_tile0
20:10:49 ET_MOSAIC DEBUG: justoneday 2004 104 /caldera/projects/usgs/water/impd/skagone/r37.0_tile0
20:12:20 ET_MOSAIC DEBUG: justoneday 2004 105 /caldera/projects/usgs/water/impd/skagone/r37.0_tile0
20:13:41 ET_MOSAIC DEBUG: justoneday 2004 106 /caldera/projects/usgs/water/impd/skagone/r37.0_tile0
20:15:11 ET_MOSAIC DEBUG: justoneday 2004 107 /caldera/projects/usgs/water/impd/skagone/r37.0_tile0
20:16:31 ET_MOSAIC DEBUG: justoneday 2004 108 /caldera/projects/usgs/water/impd/skagone/r37.0_tile0
20:18:10 ET_MOSAIC DEBUG: justoneday 2004 109 /caldera/projects/usgs/water/impd/skagone/r37.0_tile0
20:19:31 ET_MOSAIC DEBUG: justoneday 2004 110 /caldera/projects/usgs/water/impd/skagone/r37.0_tile0
20:21:05 ET_MOSAIC DEBUG: justoneday 2004 111 /caldera/projects/usgs/water/impd/skagone/r37.0_tile0
20:22:42 ET_MOSAIC DEBUG: justoneday 2004 112 /caldera/projects/usgs/water/impd/skagone/r37.0_tile0
20:24:14 ET_MOSAIC DEBUG: justoneday 2004 113 /caldera/projects/usgs/water/impd/skagone/r37.0_tile0
20:25:47 ET_MOSAIC DEBUG: justoneday 2004 114 /caldera/projects/usgs/water/impd/skagone/r37.0_tile0
20:27:10 ET_MOSAIC DEBUG: justoneday 2004 115 /caldera/projects/usgs/water/impd/skagone/r37.0_tile0
20:28:42 ET_MOSAIC DEBUG: justoneday 2004 116 /caldera/projects/usgs/water/impd/skagone/r37.0_tile0
20:30:16 ET_MOSAIC DEBUG: justoneday 2004 117 /caldera/projects/usgs/water/impd/skagone/r37.0_tile0
20:31:49 ET_MOSAIC DEBUG: justoneday 2004 118 /caldera/projects/usgs/water/impd/skagone/r37.0_tile0
20:33:23 ET_MOSAIC DEBUG: justoneday 2004 119 /caldera/projects/usgs/water/impd/skagone/r37.0_tile0
20:34:53 ET_MOSAIC DEBUG: justoneday 2004 120 /caldera/projects/usgs/water/impd/skagone/r37.0_tile0
20:36:27 ET_MOSAIC DEBUG: justoneday 2004 121 /caldera/projects/usgs/water/impd/skagone/r37.0_tile0
20:38:01 ET_MOSAIC DEBUG: justoneday 2004 122 /caldera/projects/usgs/water/impd/skagone/r37.0_tile0
20:39:24 ET_MOSAIC DEBUG: justoneday 2004 123 /caldera/projects/usgs/water/impd/skagone/r37.0_tile0
20:40:59 ET_MOSAIC DEBUG: justoneday 2004 124 /caldera/projects/usgs/water/impd/skagone/r37.0_tile0
20:42:33 ET_MOSAIC DEBUG: justoneday 2004 125 /caldera/projects/usgs/water/impd/skagone/r37.0_tile0
20:43:57 ET_MOSAIC DEBUG: justoneday 2004 126 /caldera/projects/usgs/water/impd/skagone/r37.0_tile0
20:45:36 ET_MOSAIC DEBUG: justoneday 2004 127 /caldera/projects/usgs/water/impd/skagone/r37.0_tile0
20:47:02 ET_MOSAIC DEBUG: justoneday 2004 128 /caldera/projects/usgs/water/impd/skagone/r37.0_tile0
20:48:29 ET_MOSAIC DEBUG: justoneday 2004 129 /caldera/projects/usgs/water/impd/skagone/r37.0_tile0
20:49:53 ET_MOSAIC DEBUG: justoneday 2004 130 /caldera/projects/usgs/water/impd/skagone/r37.0_tile0
20:51:19 ET_MOSAIC DEBUG: justoneday 2004 131 /caldera/projects/usgs/water/impd/skagone/r37.0_tile0
20:53:00 ET_MOSAIC DEBUG: justoneday 2004 132 /caldera/projects/usgs/water/impd/skagone/r37.0_tile0
20:54:38 ET_MOSAIC DEBUG: justoneday 2004 133 /caldera/projects/usgs/water/impd/skagone/r37.0_tile0
20:56:15 ET_MOSAIC DEBUG: justoneday 2004 134 /caldera/projects/usgs/water/impd/skagone/r37.0_tile0
20:57:57 ET_MOSAIC DEBUG: justoneday 2004 135 /caldera/projects/usgs/water/impd/skagone/r37.0_tile0
20:59:36 ET_MOSAIC DEBUG: justoneday 2004 136 /caldera/projects/usgs/water/impd/skagone/r37.0_tile0
21:01:02 ET_MOSAIC DEBUG: justoneday 2004 137 /caldera/projects/usgs/water/impd/skagone/r37.0_tile0
21:02:42 ET_MOSAIC DEBUG: justoneday 2004 138 /caldera/projects/usgs/water/impd/skagone/r37.0_tile0
21:04:19 ET_MOSAIC DEBUG: justoneday 2004 139 /caldera/projects/usgs/water/impd/skagone/r37.0_tile0
21:05:55 ET_MOSAIC DEBUG: justoneday 2004 140 /caldera/projects/usgs/water/impd/skagone/r37.0_tile0
21:07:30 ET_MOSAIC DEBUG: justoneday 2004 141 /caldera/projects/usgs/water/impd/skagone/r37.0_tile0
21:09:07 ET_MOSAIC DEBUG: justoneday 2004 142 /caldera/projects/usgs/water/impd/skagone/r37.0_tile0
21:10:35 ET_MOSAIC DEBUG: justoneday 2004 143 /caldera/projects/usgs/water/impd/skagone/r37.0_tile0
21:12:14 ET_MOSAIC DEBUG: justoneday 2004 144 /caldera/projects/usgs/water/impd/skagone/r37.0_tile0
21:13:55 ET_MOSAIC DEBUG: justoneday 2004 145 /caldera/projects/usgs/water/impd/skagone/r37.0_tile0
21:15:23 ET_MOSAIC DEBUG: justoneday 2004 146 /caldera/projects/usgs/water/impd/skagone/r37.0_tile0
21:17:03 ET_MOSAIC DEBUG: justoneday 2004 147 /caldera/projects/usgs/water/impd/skagone/r37.0_tile0
21:18:46 ET_MOSAIC DEBUG: justoneday 2004 148 /caldera/projects/usgs/water/impd/skagone/r37.0_tile0
21:20:27 ET_MOSAIC DEBUG: justoneday 2004 149 /caldera/projects/usgs/water/impd/skagone/r37.0_tile0
21:22:09 ET_MOSAIC DEBUG: justoneday 2004 150 /caldera/projects/usgs/water/impd/skagone/r37.0_tile0
21:23:42 ET_MOSAIC DEBUG: justoneday 2004 151 /caldera/projects/usgs/water/impd/skagone/r37.0_tile0
21:25:23 ET_MOSAIC DEBUG: justoneday 2004 152 /caldera/projects/usgs/water/impd/skagone/r37.0_tile0
21:27:06 ET_MOSAIC DEBUG: justoneday 2004 153 /caldera/projects/usgs/water/impd/skagone/r37.0_tile0
21:28:36 ET_MOSAIC DEBUG: justoneday 2004 154 /caldera/projects/usgs/water/impd/skagone/r37.0_tile0
21:30:18 ET_MOSAIC DEBUG: justoneday 2004 155 /caldera/projects/usgs/water/impd/skagone/r37.0_tile0
21:32:06 ET_MOSAIC DEBUG: justoneday 2004 156 /caldera/projects/usgs/water/impd/skagone/r37.0_tile0
21:33:38 ET_MOSAIC DEBUG: justoneday 2004 157 /caldera/projects/usgs/water/impd/skagone/r37.0_tile0
21:35:23 ET_MOSAIC DEBUG: justoneday 2004 158 /caldera/projects/usgs/water/impd/skagone/r37.0_tile0
21:37:04 ET_MOSAIC DEBUG: justoneday 2004 159 /caldera/projects/usgs/water/impd/skagone/r37.0_tile0
21:38:44 ET_MOSAIC DEBUG: justoneday 2004 160 /caldera/projects/usgs/water/impd/skagone/r37.0_tile0
21:40:28 ET_MOSAIC DEBUG: justoneday 2004 161 /caldera/projects/usgs/water/impd/skagone/r37.0_tile0
21:42:00 ET_MOSAIC DEBUG: justoneday 2004 162 /caldera/projects/usgs/water/impd/skagone/r37.0_tile0
21:43:43 ET_MOSAIC DEBUG: justoneday 2004 163 /caldera/projects/usgs/water/impd/skagone/r37.0_tile0
21:45:24 ET_MOSAIC DEBUG: justoneday 2004 164 /caldera/projects/usgs/water/impd/skagone/r37.0_tile0
21:47:05 ET_MOSAIC DEBUG: justoneday 2004 165 /caldera/projects/usgs/water/impd/skagone/r37.0_tile0
21:48:46 ET_MOSAIC DEBUG: justoneday 2004 166 /caldera/projects/usgs/water/impd/skagone/r37.0_tile0
21:50:39 ET_MOSAIC DEBUG: justoneday 2004 167 /caldera/projects/usgs/water/impd/skagone/r37.0_tile0
21:52:26 ET_MOSAIC DEBUG: justoneday 2004 168 /caldera/projects/usgs/water/impd/skagone/r37.0_tile0
21:54:02 ET_MOSAIC DEBUG: justoneday 2004 169 /caldera/projects/usgs/water/impd/skagone/r37.0_tile0
21:55:39 ET_MOSAIC DEBUG: justoneday 2004 170 /caldera/projects/usgs/water/impd/skagone/r37.0_tile0
21:57:15 ET_MOSAIC DEBUG: justoneday 2004 171 /caldera/projects/usgs/water/impd/skagone/r37.0_tile0
21:58:48 ET_MOSAIC DEBUG: justoneday 2004 172 /caldera/projects/usgs/water/impd/skagone/r37.0_tile0
22:00:38 ET_MOSAIC DEBUG: justoneday 2004 173 /caldera/projects/usgs/water/impd/skagone/r37.0_tile0
22:02:17 ET_MOSAIC DEBUG: justoneday 2004 174 /caldera/projects/usgs/water/impd/skagone/r37.0_tile0
22:04:20 ET_MOSAIC DEBUG: justoneday 2004 175 /caldera/projects/usgs/water/impd/skagone/r37.0_tile0
22:06:07 ET_MOSAIC DEBUG: justoneday 2004 176 /caldera/projects/usgs/water/impd/skagone/r37.0_tile0
22:08:02 ET_MOSAIC DEBUG: justoneday 2004 177 /caldera/projects/usgs/water/impd/skagone/r37.0_tile0
22:10:14 ET_MOSAIC DEBUG: justoneday 2004 178 /caldera/projects/usgs/water/impd/skagone/r37.0_tile0
22:11:59 ET_MOSAIC DEBUG: justoneday 2004 179 /caldera/projects/usgs/water/impd/skagone/r37.0_tile0
22:14:11 ET_MOSAIC DEBUG: justoneday 2004 180 /caldera/projects/usgs/water/impd/skagone/r37.0_tile0
22:15:51 ET_MOSAIC DEBUG: justoneday 2004 181 /caldera/projects/usgs/water/impd/skagone/r37.0_tile0
22:18:11 ET_MOSAIC DEBUG: justoneday 2004 182 /caldera/projects/usgs/water/impd/skagone/r37.0_tile0
22:20:26 ET_MOSAIC DEBUG: justoneday 2004 183 /caldera/projects/usgs/water/impd/skagone/r37.0_tile0
22:22:38 ET_MOSAIC DEBUG: justoneday 2004 184 /caldera/projects/usgs/water/impd/skagone/r37.0_tile0
22:24:28 ET_MOSAIC DEBUG: justoneday 2004 185 /caldera/projects/usgs/water/impd/skagone/r37.0_tile0
22:26:16 ET_MOSAIC DEBUG: justoneday 2004 186 /caldera/projects/usgs/water/impd/skagone/r37.0_tile0
22:28:05 ET_MOSAIC DEBUG: justoneday 2004 187 /caldera/projects/usgs/water/impd/skagone/r37.0_tile0
22:29:51 ET_MOSAIC DEBUG: justoneday 2004 188 /caldera/projects/usgs/water/impd/skagone/r37.0_tile0
22:31:45 ET_MOSAIC DEBUG: justoneday 2004 189 /caldera/projects/usgs/water/impd/skagone/r37.0_tile0
22:33:39 ET_MOSAIC DEBUG: justoneday 2004 190 /caldera/projects/usgs/water/impd/skagone/r37.0_tile0
22:35:35 ET_MOSAIC DEBUG: justoneday 2004 191 /caldera/projects/usgs/water/impd/skagone/r37.0_tile0
22:37:40 ET_MOSAIC DEBUG: justoneday 2004 192 /caldera/projects/usgs/water/impd/skagone/r37.0_tile0
22:39:24 ET_MOSAIC DEBUG: justoneday 2004 193 /caldera/projects/usgs/water/impd/skagone/r37.0_tile0
22:41:16 ET_MOSAIC DEBUG: justoneday 2004 194 /caldera/projects/usgs/water/impd/skagone/r37.0_tile0
22:43:00 ET_MOSAIC DEBUG: justoneday 2004 195 /caldera/projects/usgs/water/impd/skagone/r37.0_tile0
22:44:45 ET_MOSAIC DEBUG: justoneday 2004 196 /caldera/projects/usgs/water/impd/skagone/r37.0_tile0
22:46:21 ET_MOSAIC DEBUG: justoneday 2004 197 /caldera/projects/usgs/water/impd/skagone/r37.0_tile0
22:48:03 ET_MOSAIC DEBUG: justoneday 2004 198 /caldera/projects/usgs/water/impd/skagone/r37.0_tile0
22:49:53 ET_MOSAIC DEBUG: justoneday 2004 199 /caldera/projects/usgs/water/impd/skagone/r37.0_tile0
22:51:43 ET_MOSAIC DEBUG: justoneday 2004 200 /caldera/projects/usgs/water/impd/skagone/r37.0_tile0
22:53:22 ET_MOSAIC DEBUG: justoneday 2004 201 /caldera/projects/usgs/water/impd/skagone/r37.0_tile0
22:55:14 ET_MOSAIC DEBUG: justoneday 2004 202 /caldera/projects/usgs/water/impd/skagone/r37.0_tile0
22:56:54 ET_MOSAIC DEBUG: justoneday 2004 203 /caldera/projects/usgs/water/impd/skagone/r37.0_tile0
22:58:34 ET_MOSAIC DEBUG: justoneday 2004 204 /caldera/projects/usgs/water/impd/skagone/r37.0_tile0
23:00:26 ET_MOSAIC DEBUG: justoneday 2004 205 /caldera/projects/usgs/water/impd/skagone/r37.0_tile0
23:02:18 ET_MOSAIC DEBUG: justoneday 2004 206 /caldera/projects/usgs/water/impd/skagone/r37.0_tile0
23:04:00 ET_MOSAIC DEBUG: justoneday 2004 207 /caldera/projects/usgs/water/impd/skagone/r37.0_tile0
23:05:56 ET_MOSAIC DEBUG: justoneday 2004 208 /caldera/projects/usgs/water/impd/skagone/r37.0_tile0
23:07:44 ET_MOSAIC DEBUG: justoneday 2004 209 /caldera/projects/usgs/water/impd/skagone/r37.0_tile0
23:09:23 ET_MOSAIC DEBUG: justoneday 2004 210 /caldera/projects/usgs/water/impd/skagone/r37.0_tile0
23:11:14 ET_MOSAIC DEBUG: justoneday 2004 211 /caldera/projects/usgs/water/impd/skagone/r37.0_tile0
23:13:01 ET_MOSAIC DEBUG: justoneday 2004 212 /caldera/projects/usgs/water/impd/skagone/r37.0_tile0
23:14:47 ET_MOSAIC DEBUG: justoneday 2004 213 /caldera/projects/usgs/water/impd/skagone/r37.0_tile0
23:16:31 ET_MOSAIC DEBUG: justoneday 2004 214 /caldera/projects/usgs/water/impd/skagone/r37.0_tile0
23:18:19 ET_MOSAIC DEBUG: justoneday 2004 215 /caldera/projects/usgs/water/impd/skagone/r37.0_tile0
23:20:05 ET_MOSAIC DEBUG: justoneday 2004 216 /caldera/projects/usgs/water/impd/skagone/r37.0_tile0
23:21:51 ET_MOSAIC DEBUG: justoneday 2004 217 /caldera/projects/usgs/water/impd/skagone/r37.0_tile0
23:23:50 ET_MOSAIC DEBUG: justoneday 2004 218 /caldera/projects/usgs/water/impd/skagone/r37.0_tile0
23:25:44 ET_MOSAIC DEBUG: justoneday 2004 219 /caldera/projects/usgs/water/impd/skagone/r37.0_tile0
23:27:35 ET_MOSAIC DEBUG: justoneday 2004 220 /caldera/projects/usgs/water/impd/skagone/r37.0_tile0
23:29:34 ET_MOSAIC DEBUG: justoneday 2004 221 /caldera/projects/usgs/water/impd/skagone/r37.0_tile0
23:31:26 ET_MOSAIC DEBUG: justoneday 2004 222 /caldera/projects/usgs/water/impd/skagone/r37.0_tile0
23:33:27 ET_MOSAIC DEBUG: justoneday 2004 223 /caldera/projects/usgs/water/impd/skagone/r37.0_tile0
23:35:27 ET_MOSAIC DEBUG: justoneday 2004 224 /caldera/projects/usgs/water/impd/skagone/r37.0_tile0
23:37:17 ET_MOSAIC DEBUG: justoneday 2004 225 /caldera/projects/usgs/water/impd/skagone/r37.0_tile0
23:39:12 ET_MOSAIC DEBUG: justoneday 2004 226 /caldera/projects/usgs/water/impd/skagone/r37.0_tile0
23:41:07 ET_MOSAIC DEBUG: justoneday 2004 227 /caldera/projects/usgs/water/impd/skagone/r37.0_tile0
23:42:52 ET_MOSAIC DEBUG: justoneday 2004 228 /caldera/projects/usgs/water/impd/skagone/r37.0_tile0
23:44:37 ET_MOSAIC DEBUG: justoneday 2004 229 /caldera/projects/usgs/water/impd/skagone/r37.0_tile0
23:46:31 ET_MOSAIC DEBUG: justoneday 2004 230 /caldera/projects/usgs/water/impd/skagone/r37.0_tile0
23:48:23 ET_MOSAIC DEBUG: justoneday 2004 231 /caldera/projects/usgs/water/impd/skagone/r37.0_tile0
23:50:13 ET_MOSAIC DEBUG: justoneday 2004 232 /caldera/projects/usgs/water/impd/skagone/r37.0_tile0
23:52:06 ET_MOSAIC DEBUG: justoneday 2004 233 /caldera/projects/usgs/water/impd/skagone/r37.0_tile0
23:53:52 ET_MOSAIC DEBUG: justoneday 2004 234 /caldera/projects/usgs/water/impd/skagone/r37.0_tile0
23:55:40 ET_MOSAIC DEBUG: justoneday 2004 235 /caldera/projects/usgs/water/impd/skagone/r37.0_tile0
23:57:32 ET_MOSAIC DEBUG: justoneday 2004 236 /caldera/projects/usgs/water/impd/skagone/r37.0_tile0
23:59:29 ET_MOSAIC DEBUG: justoneday 2004 237 /caldera/projects/usgs/water/impd/skagone/r37.0_tile0
00:01:12 ET_MOSAIC DEBUG: justoneday 2004 238 /caldera/projects/usgs/water/impd/skagone/r37.0_tile0
00:02:59 ET_MOSAIC DEBUG: justoneday 2004 239 /caldera/projects/usgs/water/impd/skagone/r37.0_tile0
00:04:42 ET_MOSAIC DEBUG: justoneday 2004 240 /caldera/projects/usgs/water/impd/skagone/r37.0_tile0
00:06:37 ET_MOSAIC DEBUG: justoneday 2004 241 /caldera/projects/usgs/water/impd/skagone/r37.0_tile0
00:08:34 ET_MOSAIC DEBUG: justoneday 2004 242 /caldera/projects/usgs/water/impd/skagone/r37.0_tile0
00:10:15 ET_MOSAIC DEBUG: justoneday 2004 243 /caldera/projects/usgs/water/impd/skagone/r37.0_tile0
00:12:10 ET_MOSAIC DEBUG: justoneday 2004 244 /caldera/projects/usgs/water/impd/skagone/r37.0_tile0
00:13:51 ET_MOSAIC DEBUG: justoneday 2004 245 /caldera/projects/usgs/water/impd/skagone/r37.0_tile0
00:15:38 ET_MOSAIC DEBUG: justoneday 2004 246 /caldera/projects/usgs/water/impd/skagone/r37.0_tile0
00:17:30 ET_MOSAIC DEBUG: justoneday 2004 247 /caldera/projects/usgs/water/impd/skagone/r37.0_tile0
00:19:19 ET_MOSAIC DEBUG: justoneday 2004 248 /caldera/projects/usgs/water/impd/skagone/r37.0_tile0
00:21:06 ET_MOSAIC DEBUG: justoneday 2004 249 /caldera/projects/usgs/water/impd/skagone/r37.0_tile0
00:22:54 ET_MOSAIC DEBUG: justoneday 2004 250 /caldera/projects/usgs/water/impd/skagone/r37.0_tile0
00:24:50 ET_MOSAIC DEBUG: justoneday 2004 251 /caldera/projects/usgs/water/impd/skagone/r37.0_tile0
00:27:00 ET_MOSAIC DEBUG: justoneday 2004 252 /caldera/projects/usgs/water/impd/skagone/r37.0_tile0
00:29:00 ET_MOSAIC DEBUG: justoneday 2004 253 /caldera/projects/usgs/water/impd/skagone/r37.0_tile0
00:30:49 ET_MOSAIC DEBUG: justoneday 2004 254 /caldera/projects/usgs/water/impd/skagone/r37.0_tile0
00:32:47 ET_MOSAIC DEBUG: justoneday 2004 255 /caldera/projects/usgs/water/impd/skagone/r37.0_tile0
00:34:40 ET_MOSAIC DEBUG: justoneday 2004 256 /caldera/projects/usgs/water/impd/skagone/r37.0_tile0
00:36:29 ET_MOSAIC DEBUG: justoneday 2004 257 /caldera/projects/usgs/water/impd/skagone/r37.0_tile0
00:38:28 ET_MOSAIC DEBUG: justoneday 2004 258 /caldera/projects/usgs/water/impd/skagone/r37.0_tile0
00:40:25 ET_MOSAIC DEBUG: justoneday 2004 259 /caldera/projects/usgs/water/impd/skagone/r37.0_tile0
00:42:30 ET_MOSAIC DEBUG: justoneday 2004 260 /caldera/projects/usgs/water/impd/skagone/r37.0_tile0
00:44:17 ET_MOSAIC DEBUG: justoneday 2004 261 /caldera/projects/usgs/water/impd/skagone/r37.0_tile0
00:46:30 ET_MOSAIC DEBUG: justoneday 2004 262 /caldera/projects/usgs/water/impd/skagone/r37.0_tile0
00:48:19 ET_MOSAIC DEBUG: justoneday 2004 263 /caldera/projects/usgs/water/impd/skagone/r37.0_tile0
00:50:17 ET_MOSAIC DEBUG: justoneday 2004 264 /caldera/projects/usgs/water/impd/skagone/r37.0_tile0
00:52:06 ET_MOSAIC DEBUG: justoneday 2004 265 /caldera/projects/usgs/water/impd/skagone/r37.0_tile0
00:53:56 ET_MOSAIC DEBUG: justoneday 2004 266 /caldera/projects/usgs/water/impd/skagone/r37.0_tile0
00:55:40 ET_MOSAIC DEBUG: justoneday 2004 267 /caldera/projects/usgs/water/impd/skagone/r37.0_tile0
00:57:46 ET_MOSAIC DEBUG: justoneday 2004 268 /caldera/projects/usgs/water/impd/skagone/r37.0_tile0
01:00:04 ET_MOSAIC DEBUG: justoneday 2004 269 /caldera/projects/usgs/water/impd/skagone/r37.0_tile0
01:02:27 ET_MOSAIC DEBUG: justoneday 2004 270 /caldera/projects/usgs/water/impd/skagone/r37.0_tile0
01:04:14 ET_MOSAIC DEBUG: justoneday 2004 271 /caldera/projects/usgs/water/impd/skagone/r37.0_tile0
01:06:13 ET_MOSAIC DEBUG: justoneday 2004 272 /caldera/projects/usgs/water/impd/skagone/r37.0_tile0
01:08:10 ET_MOSAIC DEBUG: justoneday 2004 273 /caldera/projects/usgs/water/impd/skagone/r37.0_tile0
01:09:56 ET_MOSAIC DEBUG: justoneday 2004 274 /caldera/projects/usgs/water/impd/skagone/r37.0_tile0
01:11:43 ET_MOSAIC DEBUG: justoneday 2004 275 /caldera/projects/usgs/water/impd/skagone/r37.0_tile0
01:13:39 ET_MOSAIC DEBUG: justoneday 2004 276 /caldera/projects/usgs/water/impd/skagone/r37.0_tile0
01:15:28 ET_MOSAIC DEBUG: justoneday 2004 277 /caldera/projects/usgs/water/impd/skagone/r37.0_tile0
01:17:23 ET_MOSAIC DEBUG: justoneday 2004 278 /caldera/projects/usgs/water/impd/skagone/r37.0_tile0
01:19:13 ET_MOSAIC DEBUG: justoneday 2004 279 /caldera/projects/usgs/water/impd/skagone/r37.0_tile0
01:20:59 ET_MOSAIC DEBUG: justoneday 2004 280 /caldera/projects/usgs/water/impd/skagone/r37.0_tile0
01:22:48 ET_MOSAIC DEBUG: justoneday 2004 281 /caldera/projects/usgs/water/impd/skagone/r37.0_tile0
01:24:45 ET_MOSAIC DEBUG: justoneday 2004 282 /caldera/projects/usgs/water/impd/skagone/r37.0_tile0
01:26:32 ET_MOSAIC DEBUG: justoneday 2004 283 /caldera/projects/usgs/water/impd/skagone/r37.0_tile0
01:28:18 ET_MOSAIC DEBUG: justoneday 2004 284 /caldera/projects/usgs/water/impd/skagone/r37.0_tile0
01:30:02 ET_MOSAIC DEBUG: justoneday 2004 285 /caldera/projects/usgs/water/impd/skagone/r37.0_tile0
01:31:52 ET_MOSAIC DEBUG: justoneday 2004 286 /caldera/projects/usgs/water/impd/skagone/r37.0_tile0
01:33:48 ET_MOSAIC DEBUG: justoneday 2004 287 /caldera/projects/usgs/water/impd/skagone/r37.0_tile0
01:35:34 ET_MOSAIC DEBUG: justoneday 2004 288 /caldera/projects/usgs/water/impd/skagone/r37.0_tile0
01:37:21 ET_MOSAIC DEBUG: justoneday 2004 289 /caldera/projects/usgs/water/impd/skagone/r37.0_tile0
01:39:09 ET_MOSAIC DEBUG: justoneday 2004 290 /caldera/projects/usgs/water/impd/skagone/r37.0_tile0
01:40:55 ET_MOSAIC DEBUG: justoneday 2004 291 /caldera/projects/usgs/water/impd/skagone/r37.0_tile0
01:42:45 ET_MOSAIC DEBUG: justoneday 2004 292 /caldera/projects/usgs/water/impd/skagone/r37.0_tile0
01:44:33 ET_MOSAIC DEBUG: justoneday 2004 293 /caldera/projects/usgs/water/impd/skagone/r37.0_tile0
01:46:18 ET_MOSAIC DEBUG: justoneday 2004 294 /caldera/projects/usgs/water/impd/skagone/r37.0_tile0
01:48:07 ET_MOSAIC DEBUG: justoneday 2004 295 /caldera/projects/usgs/water/impd/skagone/r37.0_tile0
01:49:50 ET_MOSAIC DEBUG: justoneday 2004 296 /caldera/projects/usgs/water/impd/skagone/r37.0_tile0
01:51:36 ET_MOSAIC DEBUG: justoneday 2004 297 /caldera/projects/usgs/water/impd/skagone/r37.0_tile0
01:53:20 ET_MOSAIC DEBUG: justoneday 2004 298 /caldera/projects/usgs/water/impd/skagone/r37.0_tile0
01:55:11 ET_MOSAIC DEBUG: justoneday 2004 299 /caldera/projects/usgs/water/impd/skagone/r37.0_tile0
01:57:02 ET_MOSAIC DEBUG: justoneday 2004 300 /caldera/projects/usgs/water/impd/skagone/r37.0_tile0
01:58:48 ET_MOSAIC DEBUG: justoneday 2004 301 /caldera/projects/usgs/water/impd/skagone/r37.0_tile0
02:00:33 ET_MOSAIC DEBUG: justoneday 2004 302 /caldera/projects/usgs/water/impd/skagone/r37.0_tile0
02:02:17 ET_MOSAIC DEBUG: justoneday 2004 303 /caldera/projects/usgs/water/impd/skagone/r37.0_tile0
02:04:08 ET_MOSAIC DEBUG: justoneday 2004 304 /caldera/projects/usgs/water/impd/skagone/r37.0_tile0
02:05:49 ET_MOSAIC DEBUG: justoneday 2004 305 /caldera/projects/usgs/water/impd/skagone/r37.0_tile0
02:07:35 ET_MOSAIC DEBUG: justoneday 2004 306 /caldera/projects/usgs/water/impd/skagone/r37.0_tile0
02:09:16 ET_MOSAIC DEBUG: justoneday 2004 307 /caldera/projects/usgs/water/impd/skagone/r37.0_tile0
02:10:56 ET_MOSAIC DEBUG: justoneday 2004 308 /caldera/projects/usgs/water/impd/skagone/r37.0_tile0
02:12:43 ET_MOSAIC DEBUG: justoneday 2004 309 /caldera/projects/usgs/water/impd/skagone/r37.0_tile0
02:14:22 ET_MOSAIC DEBUG: justoneday 2004 310 /caldera/projects/usgs/water/impd/skagone/r37.0_tile0
02:15:58 ET_MOSAIC DEBUG: justoneday 2004 311 /caldera/projects/usgs/water/impd/skagone/r37.0_tile0
02:17:41 ET_MOSAIC DEBUG: justoneday 2004 312 /caldera/projects/usgs/water/impd/skagone/r37.0_tile0
02:19:19 ET_MOSAIC DEBUG: justoneday 2004 313 /caldera/projects/usgs/water/impd/skagone/r37.0_tile0
02:21:10 ET_MOSAIC DEBUG: justoneday 2004 314 /caldera/projects/usgs/water/impd/skagone/r37.0_tile0
02:22:49 ET_MOSAIC DEBUG: justoneday 2004 315 /caldera/projects/usgs/water/impd/skagone/r37.0_tile0
02:24:34 ET_MOSAIC DEBUG: justoneday 2004 316 /caldera/projects/usgs/water/impd/skagone/r37.0_tile0
02:26:16 ET_MOSAIC DEBUG: justoneday 2004 317 /caldera/projects/usgs/water/impd/skagone/r37.0_tile0
02:27:53 ET_MOSAIC DEBUG: justoneday 2004 318 /caldera/projects/usgs/water/impd/skagone/r37.0_tile0
02:29:32 ET_MOSAIC DEBUG: justoneday 2004 319 /caldera/projects/usgs/water/impd/skagone/r37.0_tile0
02:31:17 ET_MOSAIC DEBUG: justoneday 2004 320 /caldera/projects/usgs/water/impd/skagone/r37.0_tile0
02:32:57 ET_MOSAIC DEBUG: justoneday 2004 321 /caldera/projects/usgs/water/impd/skagone/r37.0_tile0
02:34:35 ET_MOSAIC DEBUG: justoneday 2004 322 /caldera/projects/usgs/water/impd/skagone/r37.0_tile0
02:36:12 ET_MOSAIC DEBUG: justoneday 2004 323 /caldera/projects/usgs/water/impd/skagone/r37.0_tile0
02:37:47 ET_MOSAIC DEBUG: justoneday 2004 324 /caldera/projects/usgs/water/impd/skagone/r37.0_tile0
02:39:31 ET_MOSAIC DEBUG: justoneday 2004 325 /caldera/projects/usgs/water/impd/skagone/r37.0_tile0
02:41:08 ET_MOSAIC DEBUG: justoneday 2004 326 /caldera/projects/usgs/water/impd/skagone/r37.0_tile0
02:42:54 ET_MOSAIC DEBUG: justoneday 2004 327 /caldera/projects/usgs/water/impd/skagone/r37.0_tile0
02:44:31 ET_MOSAIC DEBUG: justoneday 2004 328 /caldera/projects/usgs/water/impd/skagone/r37.0_tile0
02:46:12 ET_MOSAIC DEBUG: justoneday 2004 329 /caldera/projects/usgs/water/impd/skagone/r37.0_tile0
02:47:49 ET_MOSAIC DEBUG: justoneday 2004 330 /caldera/projects/usgs/water/impd/skagone/r37.0_tile0
02:49:26 ET_MOSAIC DEBUG: justoneday 2004 331 /caldera/projects/usgs/water/impd/skagone/r37.0_tile0
02:51:02 ET_MOSAIC DEBUG: justoneday 2004 332 /caldera/projects/usgs/water/impd/skagone/r37.0_tile0
02:52:38 ET_MOSAIC DEBUG: justoneday 2004 333 /caldera/projects/usgs/water/impd/skagone/r37.0_tile0
02:54:16 ET_MOSAIC DEBUG: justoneday 2004 334 /caldera/projects/usgs/water/impd/skagone/r37.0_tile0
02:55:50 ET_MOSAIC DEBUG: justoneday 2004 335 /caldera/projects/usgs/water/impd/skagone/r37.0_tile0
02:57:27 ET_MOSAIC DEBUG: justoneday 2004 336 /caldera/projects/usgs/water/impd/skagone/r37.0_tile0
02:59:06 ET_MOSAIC DEBUG: justoneday 2004 337 /caldera/projects/usgs/water/impd/skagone/r37.0_tile0
03:00:43 ET_MOSAIC DEBUG: justoneday 2004 338 /caldera/projects/usgs/water/impd/skagone/r37.0_tile0
03:02:19 ET_MOSAIC DEBUG: justoneday 2004 339 /caldera/projects/usgs/water/impd/skagone/r37.0_tile0
03:03:56 ET_MOSAIC DEBUG: justoneday 2004 340 /caldera/projects/usgs/water/impd/skagone/r37.0_tile0
03:05:30 ET_MOSAIC DEBUG: justoneday 2004 341 /caldera/projects/usgs/water/impd/skagone/r37.0_tile0
03:07:04 ET_MOSAIC DEBUG: justoneday 2004 342 /caldera/projects/usgs/water/impd/skagone/r37.0_tile0
03:08:39 ET_MOSAIC DEBUG: justoneday 2004 343 /caldera/projects/usgs/water/impd/skagone/r37.0_tile0
03:10:13 ET_MOSAIC DEBUG: justoneday 2004 344 /caldera/projects/usgs/water/impd/skagone/r37.0_tile0
03:11:53 ET_MOSAIC DEBUG: justoneday 2004 345 /caldera/projects/usgs/water/impd/skagone/r37.0_tile0
03:13:27 ET_MOSAIC DEBUG: justoneday 2004 346 /caldera/projects/usgs/water/impd/skagone/r37.0_tile0
03:15:09 ET_MOSAIC DEBUG: justoneday 2004 347 /caldera/projects/usgs/water/impd/skagone/r37.0_tile0
03:16:46 ET_MOSAIC DEBUG: justoneday 2004 348 /caldera/projects/usgs/water/impd/skagone/r37.0_tile0
03:18:19 ET_MOSAIC DEBUG: justoneday 2004 349 /caldera/projects/usgs/water/impd/skagone/r37.0_tile0
03:20:04 ET_MOSAIC DEBUG: justoneday 2004 350 /caldera/projects/usgs/water/impd/skagone/r37.0_tile0
03:21:53 ET_MOSAIC DEBUG: justoneday 2004 351 /caldera/projects/usgs/water/impd/skagone/r37.0_tile0
03:23:36 ET_MOSAIC DEBUG: justoneday 2004 352 /caldera/projects/usgs/water/impd/skagone/r37.0_tile0
03:25:16 ET_MOSAIC DEBUG: justoneday 2004 353 /caldera/projects/usgs/water/impd/skagone/r37.0_tile0
03:27:04 ET_MOSAIC DEBUG: justoneday 2004 354 /caldera/projects/usgs/water/impd/skagone/r37.0_tile0
03:29:04 ET_MOSAIC DEBUG: justoneday 2004 355 /caldera/projects/usgs/water/impd/skagone/r37.0_tile0
03:31:15 ET_MOSAIC DEBUG: justoneday 2004 356 /caldera/projects/usgs/water/impd/skagone/r37.0_tile0
03:33:33 ET_MOSAIC DEBUG: justoneday 2004 357 /caldera/projects/usgs/water/impd/skagone/r37.0_tile0
03:36:46 ET_MOSAIC DEBUG: justoneday 2004 358 /caldera/projects/usgs/water/impd/skagone/r37.0_tile0
03:38:23 ET_MOSAIC DEBUG: justoneday 2004 359 /caldera/projects/usgs/water/impd/skagone/r37.0_tile0
03:40:32 ET_MOSAIC DEBUG: justoneday 2004 360 /caldera/projects/usgs/water/impd/skagone/r37.0_tile0
03:42:09 ET_MOSAIC DEBUG: justoneday 2004 361 /caldera/projects/usgs/water/impd/skagone/r37.0_tile0
03:44:12 ET_MOSAIC DEBUG: justoneday 2004 362 /caldera/projects/usgs/water/impd/skagone/r37.0_tile0
03:45:51 ET_MOSAIC DEBUG: justoneday 2004 363 /caldera/projects/usgs/water/impd/skagone/r37.0_tile0
03:47:54 ET_MOSAIC DEBUG: justoneday 2004 364 /caldera/projects/usgs/water/impd/skagone/r37.0_tile0
03:49:32 ET_MOSAIC DEBUG: justoneday 2004 365 /caldera/projects/usgs/water/impd/skagone/r37.0_tile0
