07:29:28 ET_MOSAIC DEBUG: this is how you call one of your functions
07:29:28 ET_MOSAIC DEBUG: hello from Conus_mosaic class
07:29:28 ET_MOSAIC DEBUG: Mosaicking ['netet'] in /caldera/projects/usgs/water/impd/skagone and put it in /caldera/projects/usgs/water/impd/skagone/2005 for 2005
07:29:28 ET_MOSAIC DEBUG: run_mosaic
07:29:28 ET_MOSAIC DEBUG: Mosaic this product: netet
07:29:28 ET_MOSAIC DEBUG: /caldera/projects/usgs/water/impd/skagone/
07:29:28 ET_MOSAIC DEBUG: justoneday 2005 1 /caldera/projects/usgs/water/impd/skagone/r37.0_tile0
Warning 1: +init=epsg:XXXX syntax is deprecated. It might return a CRS with a non-EPSG compliant axis order.
07:31:43 ET_MOSAIC DEBUG: justoneday 2005 2 /caldera/projects/usgs/water/impd/skagone/r37.0_tile0
07:33:44 ET_MOSAIC DEBUG: justoneday 2005 3 /caldera/projects/usgs/water/impd/skagone/r37.0_tile0
07:35:44 ET_MOSAIC DEBUG: justoneday 2005 4 /caldera/projects/usgs/water/impd/skagone/r37.0_tile0
07:37:44 ET_MOSAIC DEBUG: justoneday 2005 5 /caldera/projects/usgs/water/impd/skagone/r37.0_tile0
07:39:42 ET_MOSAIC DEBUG: justoneday 2005 6 /caldera/projects/usgs/water/impd/skagone/r37.0_tile0
07:41:42 ET_MOSAIC DEBUG: justoneday 2005 7 /caldera/projects/usgs/water/impd/skagone/r37.0_tile0
07:43:41 ET_MOSAIC DEBUG: justoneday 2005 8 /caldera/projects/usgs/water/impd/skagone/r37.0_tile0
07:45:42 ET_MOSAIC DEBUG: justoneday 2005 9 /caldera/projects/usgs/water/impd/skagone/r37.0_tile0
07:47:41 ET_MOSAIC DEBUG: justoneday 2005 10 /caldera/projects/usgs/water/impd/skagone/r37.0_tile0
07:49:48 ET_MOSAIC DEBUG: justoneday 2005 11 /caldera/projects/usgs/water/impd/skagone/r37.0_tile0
07:51:54 ET_MOSAIC DEBUG: justoneday 2005 12 /caldera/projects/usgs/water/impd/skagone/r37.0_tile0
07:54:47 ET_MOSAIC DEBUG: justoneday 2005 13 /caldera/projects/usgs/water/impd/skagone/r37.0_tile0
07:56:45 ET_MOSAIC DEBUG: justoneday 2005 14 /caldera/projects/usgs/water/impd/skagone/r37.0_tile0
08:00:56 ET_MOSAIC DEBUG: justoneday 2005 15 /caldera/projects/usgs/water/impd/skagone/r37.0_tile0
08:03:45 ET_MOSAIC DEBUG: justoneday 2005 16 /caldera/projects/usgs/water/impd/skagone/r37.0_tile0
08:05:45 ET_MOSAIC DEBUG: justoneday 2005 17 /caldera/projects/usgs/water/impd/skagone/r37.0_tile0
08:10:20 ET_MOSAIC DEBUG: justoneday 2005 18 /caldera/projects/usgs/water/impd/skagone/r37.0_tile0
08:12:26 ET_MOSAIC DEBUG: justoneday 2005 19 /caldera/projects/usgs/water/impd/skagone/r37.0_tile0
08:15:12 ET_MOSAIC DEBUG: justoneday 2005 20 /caldera/projects/usgs/water/impd/skagone/r37.0_tile0
08:17:37 ET_MOSAIC DEBUG: justoneday 2005 21 /caldera/projects/usgs/water/impd/skagone/r37.0_tile0
08:22:48 ET_MOSAIC DEBUG: justoneday 2005 22 /caldera/projects/usgs/water/impd/skagone/r37.0_tile0
08:25:37 ET_MOSAIC DEBUG: justoneday 2005 23 /caldera/projects/usgs/water/impd/skagone/r37.0_tile0
08:27:49 ET_MOSAIC DEBUG: justoneday 2005 24 /caldera/projects/usgs/water/impd/skagone/r37.0_tile0
08:31:29 ET_MOSAIC DEBUG: justoneday 2005 25 /caldera/projects/usgs/water/impd/skagone/r37.0_tile0
08:35:01 ET_MOSAIC DEBUG: justoneday 2005 26 /caldera/projects/usgs/water/impd/skagone/r37.0_tile0
08:37:03 ET_MOSAIC DEBUG: justoneday 2005 27 /caldera/projects/usgs/water/impd/skagone/r37.0_tile0
08:39:03 ET_MOSAIC DEBUG: justoneday 2005 28 /caldera/projects/usgs/water/impd/skagone/r37.0_tile0
08:41:02 ET_MOSAIC DEBUG: justoneday 2005 29 /caldera/projects/usgs/water/impd/skagone/r37.0_tile0
08:44:16 ET_MOSAIC DEBUG: justoneday 2005 30 /caldera/projects/usgs/water/impd/skagone/r37.0_tile0
08:50:27 ET_MOSAIC DEBUG: justoneday 2005 31 /caldera/projects/usgs/water/impd/skagone/r37.0_tile0
08:56:00 ET_MOSAIC DEBUG: justoneday 2005 32 /caldera/projects/usgs/water/impd/skagone/r37.0_tile0
08:57:58 ET_MOSAIC DEBUG: justoneday 2005 33 /caldera/projects/usgs/water/impd/skagone/r37.0_tile0
08:59:56 ET_MOSAIC DEBUG: justoneday 2005 34 /caldera/projects/usgs/water/impd/skagone/r37.0_tile0
09:01:53 ET_MOSAIC DEBUG: justoneday 2005 35 /caldera/projects/usgs/water/impd/skagone/r37.0_tile0
09:03:51 ET_MOSAIC DEBUG: justoneday 2005 36 /caldera/projects/usgs/water/impd/skagone/r37.0_tile0
09:05:48 ET_MOSAIC DEBUG: justoneday 2005 37 /caldera/projects/usgs/water/impd/skagone/r37.0_tile0
09:07:45 ET_MOSAIC DEBUG: justoneday 2005 38 /caldera/projects/usgs/water/impd/skagone/r37.0_tile0
09:09:41 ET_MOSAIC DEBUG: justoneday 2005 39 /caldera/projects/usgs/water/impd/skagone/r37.0_tile0
09:12:47 ET_MOSAIC DEBUG: justoneday 2005 40 /caldera/projects/usgs/water/impd/skagone/r37.0_tile0
09:15:21 ET_MOSAIC DEBUG: justoneday 2005 41 /caldera/projects/usgs/water/impd/skagone/r37.0_tile0
09:17:17 ET_MOSAIC DEBUG: justoneday 2005 42 /caldera/projects/usgs/water/impd/skagone/r37.0_tile0
09:19:14 ET_MOSAIC DEBUG: justoneday 2005 43 /caldera/projects/usgs/water/impd/skagone/r37.0_tile0
09:21:10 ET_MOSAIC DEBUG: justoneday 2005 44 /caldera/projects/usgs/water/impd/skagone/r37.0_tile0
09:24:41 ET_MOSAIC DEBUG: justoneday 2005 45 /caldera/projects/usgs/water/impd/skagone/r37.0_tile0
09:26:37 ET_MOSAIC DEBUG: justoneday 2005 46 /caldera/projects/usgs/water/impd/skagone/r37.0_tile0
09:30:29 ET_MOSAIC DEBUG: justoneday 2005 47 /caldera/projects/usgs/water/impd/skagone/r37.0_tile0
09:32:26 ET_MOSAIC DEBUG: justoneday 2005 48 /caldera/projects/usgs/water/impd/skagone/r37.0_tile0
09:38:48 ET_MOSAIC DEBUG: justoneday 2005 49 /caldera/projects/usgs/water/impd/skagone/r37.0_tile0
09:56:49 ET_MOSAIC DEBUG: justoneday 2005 50 /caldera/projects/usgs/water/impd/skagone/r37.0_tile0
09:58:46 ET_MOSAIC DEBUG: justoneday 2005 51 /caldera/projects/usgs/water/impd/skagone/r37.0_tile0
10:00:43 ET_MOSAIC DEBUG: justoneday 2005 52 /caldera/projects/usgs/water/impd/skagone/r37.0_tile0
10:02:38 ET_MOSAIC DEBUG: justoneday 2005 53 /caldera/projects/usgs/water/impd/skagone/r37.0_tile0
10:04:34 ET_MOSAIC DEBUG: justoneday 2005 54 /caldera/projects/usgs/water/impd/skagone/r37.0_tile0
10:06:31 ET_MOSAIC DEBUG: justoneday 2005 55 /caldera/projects/usgs/water/impd/skagone/r37.0_tile0
10:08:27 ET_MOSAIC DEBUG: justoneday 2005 56 /caldera/projects/usgs/water/impd/skagone/r37.0_tile0
10:10:24 ET_MOSAIC DEBUG: justoneday 2005 57 /caldera/projects/usgs/water/impd/skagone/r37.0_tile0
10:12:22 ET_MOSAIC DEBUG: justoneday 2005 58 /caldera/projects/usgs/water/impd/skagone/r37.0_tile0
10:14:23 ET_MOSAIC DEBUG: justoneday 2005 59 /caldera/projects/usgs/water/impd/skagone/r37.0_tile0
10:16:20 ET_MOSAIC DEBUG: justoneday 2005 60 /caldera/projects/usgs/water/impd/skagone/r37.0_tile0
10:18:18 ET_MOSAIC DEBUG: justoneday 2005 61 /caldera/projects/usgs/water/impd/skagone/r37.0_tile0
10:20:15 ET_MOSAIC DEBUG: justoneday 2005 62 /caldera/projects/usgs/water/impd/skagone/r37.0_tile0
10:22:13 ET_MOSAIC DEBUG: justoneday 2005 63 /caldera/projects/usgs/water/impd/skagone/r37.0_tile0
10:24:10 ET_MOSAIC DEBUG: justoneday 2005 64 /caldera/projects/usgs/water/impd/skagone/r37.0_tile0
10:26:09 ET_MOSAIC DEBUG: justoneday 2005 65 /caldera/projects/usgs/water/impd/skagone/r37.0_tile0
10:28:05 ET_MOSAIC DEBUG: justoneday 2005 66 /caldera/projects/usgs/water/impd/skagone/r37.0_tile0
10:30:08 ET_MOSAIC DEBUG: justoneday 2005 67 /caldera/projects/usgs/water/impd/skagone/r37.0_tile0
10:32:06 ET_MOSAIC DEBUG: justoneday 2005 68 /caldera/projects/usgs/water/impd/skagone/r37.0_tile0
10:34:06 ET_MOSAIC DEBUG: justoneday 2005 69 /caldera/projects/usgs/water/impd/skagone/r37.0_tile0
10:36:03 ET_MOSAIC DEBUG: justoneday 2005 70 /caldera/projects/usgs/water/impd/skagone/r37.0_tile0
10:37:59 ET_MOSAIC DEBUG: justoneday 2005 71 /caldera/projects/usgs/water/impd/skagone/r37.0_tile0
10:39:57 ET_MOSAIC DEBUG: justoneday 2005 72 /caldera/projects/usgs/water/impd/skagone/r37.0_tile0
10:41:55 ET_MOSAIC DEBUG: justoneday 2005 73 /caldera/projects/usgs/water/impd/skagone/r37.0_tile0
10:43:53 ET_MOSAIC DEBUG: justoneday 2005 74 /caldera/projects/usgs/water/impd/skagone/r37.0_tile0
10:45:52 ET_MOSAIC DEBUG: justoneday 2005 75 /caldera/projects/usgs/water/impd/skagone/r37.0_tile0
10:47:50 ET_MOSAIC DEBUG: justoneday 2005 76 /caldera/projects/usgs/water/impd/skagone/r37.0_tile0
10:49:47 ET_MOSAIC DEBUG: justoneday 2005 77 /caldera/projects/usgs/water/impd/skagone/r37.0_tile0
10:51:22 ET_MOSAIC DEBUG: justoneday 2005 78 /caldera/projects/usgs/water/impd/skagone/r37.0_tile0
10:53:39 ET_MOSAIC DEBUG: justoneday 2005 79 /caldera/projects/usgs/water/impd/skagone/r37.0_tile0
10:56:03 ET_MOSAIC DEBUG: justoneday 2005 80 /caldera/projects/usgs/water/impd/skagone/r37.0_tile0
10:57:02 ET_MOSAIC DEBUG: justoneday 2005 81 /caldera/projects/usgs/water/impd/skagone/r37.0_tile0
10:59:21 ET_MOSAIC DEBUG: justoneday 2005 82 /caldera/projects/usgs/water/impd/skagone/r37.0_tile0
11:01:46 ET_MOSAIC DEBUG: justoneday 2005 83 /caldera/projects/usgs/water/impd/skagone/r37.0_tile0
11:04:03 ET_MOSAIC DEBUG: justoneday 2005 84 /caldera/projects/usgs/water/impd/skagone/r37.0_tile0
11:06:44 ET_MOSAIC DEBUG: justoneday 2005 85 /caldera/projects/usgs/water/impd/skagone/r37.0_tile0
11:09:18 ET_MOSAIC DEBUG: justoneday 2005 86 /caldera/projects/usgs/water/impd/skagone/r37.0_tile0
11:13:43 ET_MOSAIC DEBUG: justoneday 2005 87 /caldera/projects/usgs/water/impd/skagone/r37.0_tile0
11:19:50 ET_MOSAIC DEBUG: justoneday 2005 88 /caldera/projects/usgs/water/impd/skagone/r37.0_tile0
11:22:00 ET_MOSAIC DEBUG: justoneday 2005 89 /caldera/projects/usgs/water/impd/skagone/r37.0_tile0
11:24:09 ET_MOSAIC DEBUG: justoneday 2005 90 /caldera/projects/usgs/water/impd/skagone/r37.0_tile0
11:26:18 ET_MOSAIC DEBUG: justoneday 2005 91 /caldera/projects/usgs/water/impd/skagone/r37.0_tile0
11:28:28 ET_MOSAIC DEBUG: justoneday 2005 92 /caldera/projects/usgs/water/impd/skagone/r37.0_tile0
11:31:13 ET_MOSAIC DEBUG: justoneday 2005 93 /caldera/projects/usgs/water/impd/skagone/r37.0_tile0
11:33:52 ET_MOSAIC DEBUG: justoneday 2005 94 /caldera/projects/usgs/water/impd/skagone/r37.0_tile0
11:36:05 ET_MOSAIC DEBUG: justoneday 2005 95 /caldera/projects/usgs/water/impd/skagone/r37.0_tile0
11:38:18 ET_MOSAIC DEBUG: justoneday 2005 96 /caldera/projects/usgs/water/impd/skagone/r37.0_tile0
11:40:42 ET_MOSAIC DEBUG: justoneday 2005 97 /caldera/projects/usgs/water/impd/skagone/r37.0_tile0
11:43:21 ET_MOSAIC DEBUG: justoneday 2005 98 /caldera/projects/usgs/water/impd/skagone/r37.0_tile0
11:45:57 ET_MOSAIC DEBUG: justoneday 2005 99 /caldera/projects/usgs/water/impd/skagone/r37.0_tile0
11:48:14 ET_MOSAIC DEBUG: justoneday 2005 100 /caldera/projects/usgs/water/impd/skagone/r37.0_tile0
11:50:28 ET_MOSAIC DEBUG: justoneday 2005 101 /caldera/projects/usgs/water/impd/skagone/r37.0_tile0
11:52:41 ET_MOSAIC DEBUG: justoneday 2005 102 /caldera/projects/usgs/water/impd/skagone/r37.0_tile0
11:54:55 ET_MOSAIC DEBUG: justoneday 2005 103 /caldera/projects/usgs/water/impd/skagone/r37.0_tile0
11:57:08 ET_MOSAIC DEBUG: justoneday 2005 104 /caldera/projects/usgs/water/impd/skagone/r37.0_tile0
11:59:21 ET_MOSAIC DEBUG: justoneday 2005 105 /caldera/projects/usgs/water/impd/skagone/r37.0_tile0
12:01:35 ET_MOSAIC DEBUG: justoneday 2005 106 /caldera/projects/usgs/water/impd/skagone/r37.0_tile0
12:03:49 ET_MOSAIC DEBUG: justoneday 2005 107 /caldera/projects/usgs/water/impd/skagone/r37.0_tile0
12:06:04 ET_MOSAIC DEBUG: justoneday 2005 108 /caldera/projects/usgs/water/impd/skagone/r37.0_tile0
12:08:18 ET_MOSAIC DEBUG: justoneday 2005 109 /caldera/projects/usgs/water/impd/skagone/r37.0_tile0
12:10:32 ET_MOSAIC DEBUG: justoneday 2005 110 /caldera/projects/usgs/water/impd/skagone/r37.0_tile0
12:12:45 ET_MOSAIC DEBUG: justoneday 2005 111 /caldera/projects/usgs/water/impd/skagone/r37.0_tile0
12:14:59 ET_MOSAIC DEBUG: justoneday 2005 112 /caldera/projects/usgs/water/impd/skagone/r37.0_tile0
12:17:14 ET_MOSAIC DEBUG: justoneday 2005 113 /caldera/projects/usgs/water/impd/skagone/r37.0_tile0
12:19:27 ET_MOSAIC DEBUG: justoneday 2005 114 /caldera/projects/usgs/water/impd/skagone/r37.0_tile0
12:21:42 ET_MOSAIC DEBUG: justoneday 2005 115 /caldera/projects/usgs/water/impd/skagone/r37.0_tile0
12:23:55 ET_MOSAIC DEBUG: justoneday 2005 116 /caldera/projects/usgs/water/impd/skagone/r37.0_tile0
12:26:09 ET_MOSAIC DEBUG: justoneday 2005 117 /caldera/projects/usgs/water/impd/skagone/r37.0_tile0
12:28:24 ET_MOSAIC DEBUG: justoneday 2005 118 /caldera/projects/usgs/water/impd/skagone/r37.0_tile0
12:30:38 ET_MOSAIC DEBUG: justoneday 2005 119 /caldera/projects/usgs/water/impd/skagone/r37.0_tile0
12:32:52 ET_MOSAIC DEBUG: justoneday 2005 120 /caldera/projects/usgs/water/impd/skagone/r37.0_tile0
12:35:05 ET_MOSAIC DEBUG: justoneday 2005 121 /caldera/projects/usgs/water/impd/skagone/r37.0_tile0
12:37:22 ET_MOSAIC DEBUG: justoneday 2005 122 /caldera/projects/usgs/water/impd/skagone/r37.0_tile0
12:39:36 ET_MOSAIC DEBUG: justoneday 2005 123 /caldera/projects/usgs/water/impd/skagone/r37.0_tile0
12:41:50 ET_MOSAIC DEBUG: justoneday 2005 124 /caldera/projects/usgs/water/impd/skagone/r37.0_tile0
12:44:02 ET_MOSAIC DEBUG: justoneday 2005 125 /caldera/projects/usgs/water/impd/skagone/r37.0_tile0
12:46:15 ET_MOSAIC DEBUG: justoneday 2005 126 /caldera/projects/usgs/water/impd/skagone/r37.0_tile0
12:48:29 ET_MOSAIC DEBUG: justoneday 2005 127 /caldera/projects/usgs/water/impd/skagone/r37.0_tile0
12:50:42 ET_MOSAIC DEBUG: justoneday 2005 128 /caldera/projects/usgs/water/impd/skagone/r37.0_tile0
12:53:07 ET_MOSAIC DEBUG: justoneday 2005 129 /caldera/projects/usgs/water/impd/skagone/r37.0_tile0
12:56:00 ET_MOSAIC DEBUG: justoneday 2005 130 /caldera/projects/usgs/water/impd/skagone/r37.0_tile0
12:59:05 ET_MOSAIC DEBUG: justoneday 2005 131 /caldera/projects/usgs/water/impd/skagone/r37.0_tile0
13:01:55 ET_MOSAIC DEBUG: justoneday 2005 132 /caldera/projects/usgs/water/impd/skagone/r37.0_tile0
13:04:12 ET_MOSAIC DEBUG: justoneday 2005 133 /caldera/projects/usgs/water/impd/skagone/r37.0_tile0
13:06:27 ET_MOSAIC DEBUG: justoneday 2005 134 /caldera/projects/usgs/water/impd/skagone/r37.0_tile0
13:08:40 ET_MOSAIC DEBUG: justoneday 2005 135 /caldera/projects/usgs/water/impd/skagone/r37.0_tile0
13:10:54 ET_MOSAIC DEBUG: justoneday 2005 136 /caldera/projects/usgs/water/impd/skagone/r37.0_tile0
13:13:08 ET_MOSAIC DEBUG: justoneday 2005 137 /caldera/projects/usgs/water/impd/skagone/r37.0_tile0
13:15:23 ET_MOSAIC DEBUG: justoneday 2005 138 /caldera/projects/usgs/water/impd/skagone/r37.0_tile0
13:17:38 ET_MOSAIC DEBUG: justoneday 2005 139 /caldera/projects/usgs/water/impd/skagone/r37.0_tile0
13:19:52 ET_MOSAIC DEBUG: justoneday 2005 140 /caldera/projects/usgs/water/impd/skagone/r37.0_tile0
13:22:06 ET_MOSAIC DEBUG: justoneday 2005 141 /caldera/projects/usgs/water/impd/skagone/r37.0_tile0
13:24:21 ET_MOSAIC DEBUG: justoneday 2005 142 /caldera/projects/usgs/water/impd/skagone/r37.0_tile0
13:26:40 ET_MOSAIC DEBUG: justoneday 2005 143 /caldera/projects/usgs/water/impd/skagone/r37.0_tile0
13:28:56 ET_MOSAIC DEBUG: justoneday 2005 144 /caldera/projects/usgs/water/impd/skagone/r37.0_tile0
13:31:11 ET_MOSAIC DEBUG: justoneday 2005 145 /caldera/projects/usgs/water/impd/skagone/r37.0_tile0
13:33:26 ET_MOSAIC DEBUG: justoneday 2005 146 /caldera/projects/usgs/water/impd/skagone/r37.0_tile0
13:35:42 ET_MOSAIC DEBUG: justoneday 2005 147 /caldera/projects/usgs/water/impd/skagone/r37.0_tile0
13:37:58 ET_MOSAIC DEBUG: justoneday 2005 148 /caldera/projects/usgs/water/impd/skagone/r37.0_tile0
13:40:13 ET_MOSAIC DEBUG: justoneday 2005 149 /caldera/projects/usgs/water/impd/skagone/r37.0_tile0
13:42:28 ET_MOSAIC DEBUG: justoneday 2005 150 /caldera/projects/usgs/water/impd/skagone/r37.0_tile0
13:44:44 ET_MOSAIC DEBUG: justoneday 2005 151 /caldera/projects/usgs/water/impd/skagone/r37.0_tile0
13:46:58 ET_MOSAIC DEBUG: justoneday 2005 152 /caldera/projects/usgs/water/impd/skagone/r37.0_tile0
13:49:14 ET_MOSAIC DEBUG: justoneday 2005 153 /caldera/projects/usgs/water/impd/skagone/r37.0_tile0
13:51:29 ET_MOSAIC DEBUG: justoneday 2005 154 /caldera/projects/usgs/water/impd/skagone/r37.0_tile0
13:53:44 ET_MOSAIC DEBUG: justoneday 2005 155 /caldera/projects/usgs/water/impd/skagone/r37.0_tile0
13:55:59 ET_MOSAIC DEBUG: justoneday 2005 156 /caldera/projects/usgs/water/impd/skagone/r37.0_tile0
13:58:16 ET_MOSAIC DEBUG: justoneday 2005 157 /caldera/projects/usgs/water/impd/skagone/r37.0_tile0
14:00:33 ET_MOSAIC DEBUG: justoneday 2005 158 /caldera/projects/usgs/water/impd/skagone/r37.0_tile0
14:02:49 ET_MOSAIC DEBUG: justoneday 2005 159 /caldera/projects/usgs/water/impd/skagone/r37.0_tile0
14:05:08 ET_MOSAIC DEBUG: justoneday 2005 160 /caldera/projects/usgs/water/impd/skagone/r37.0_tile0
14:07:35 ET_MOSAIC DEBUG: justoneday 2005 161 /caldera/projects/usgs/water/impd/skagone/r37.0_tile0
14:10:13 ET_MOSAIC DEBUG: justoneday 2005 162 /caldera/projects/usgs/water/impd/skagone/r37.0_tile0
14:13:03 ET_MOSAIC DEBUG: justoneday 2005 163 /caldera/projects/usgs/water/impd/skagone/r37.0_tile0
14:15:28 ET_MOSAIC DEBUG: justoneday 2005 164 /caldera/projects/usgs/water/impd/skagone/r37.0_tile0
14:17:46 ET_MOSAIC DEBUG: justoneday 2005 165 /caldera/projects/usgs/water/impd/skagone/r37.0_tile0
14:20:09 ET_MOSAIC DEBUG: justoneday 2005 166 /caldera/projects/usgs/water/impd/skagone/r37.0_tile0
14:22:24 ET_MOSAIC DEBUG: justoneday 2005 167 /caldera/projects/usgs/water/impd/skagone/r37.0_tile0
14:24:42 ET_MOSAIC DEBUG: justoneday 2005 168 /caldera/projects/usgs/water/impd/skagone/r37.0_tile0
14:27:03 ET_MOSAIC DEBUG: justoneday 2005 169 /caldera/projects/usgs/water/impd/skagone/r37.0_tile0
14:29:29 ET_MOSAIC DEBUG: justoneday 2005 170 /caldera/projects/usgs/water/impd/skagone/r37.0_tile0
14:31:56 ET_MOSAIC DEBUG: justoneday 2005 171 /caldera/projects/usgs/water/impd/skagone/r37.0_tile0
14:34:24 ET_MOSAIC DEBUG: justoneday 2005 172 /caldera/projects/usgs/water/impd/skagone/r37.0_tile0
14:36:50 ET_MOSAIC DEBUG: justoneday 2005 173 /caldera/projects/usgs/water/impd/skagone/r37.0_tile0
14:39:18 ET_MOSAIC DEBUG: justoneday 2005 174 /caldera/projects/usgs/water/impd/skagone/r37.0_tile0
14:41:43 ET_MOSAIC DEBUG: justoneday 2005 175 /caldera/projects/usgs/water/impd/skagone/r37.0_tile0
14:44:10 ET_MOSAIC DEBUG: justoneday 2005 176 /caldera/projects/usgs/water/impd/skagone/r37.0_tile0
14:46:35 ET_MOSAIC DEBUG: justoneday 2005 177 /caldera/projects/usgs/water/impd/skagone/r37.0_tile0
14:49:02 ET_MOSAIC DEBUG: justoneday 2005 178 /caldera/projects/usgs/water/impd/skagone/r37.0_tile0
14:51:27 ET_MOSAIC DEBUG: justoneday 2005 179 /caldera/projects/usgs/water/impd/skagone/r37.0_tile0
14:53:54 ET_MOSAIC DEBUG: justoneday 2005 180 /caldera/projects/usgs/water/impd/skagone/r37.0_tile0
14:56:19 ET_MOSAIC DEBUG: justoneday 2005 181 /caldera/projects/usgs/water/impd/skagone/r37.0_tile0
14:58:42 ET_MOSAIC DEBUG: justoneday 2005 182 /caldera/projects/usgs/water/impd/skagone/r37.0_tile0
15:01:08 ET_MOSAIC DEBUG: justoneday 2005 183 /caldera/projects/usgs/water/impd/skagone/r37.0_tile0
15:03:34 ET_MOSAIC DEBUG: justoneday 2005 184 /caldera/projects/usgs/water/impd/skagone/r37.0_tile0
15:06:01 ET_MOSAIC DEBUG: justoneday 2005 185 /caldera/projects/usgs/water/impd/skagone/r37.0_tile0
15:08:28 ET_MOSAIC DEBUG: justoneday 2005 186 /caldera/projects/usgs/water/impd/skagone/r37.0_tile0
15:10:59 ET_MOSAIC DEBUG: justoneday 2005 187 /caldera/projects/usgs/water/impd/skagone/r37.0_tile0
15:13:27 ET_MOSAIC DEBUG: justoneday 2005 188 /caldera/projects/usgs/water/impd/skagone/r37.0_tile0
15:15:59 ET_MOSAIC DEBUG: justoneday 2005 189 /caldera/projects/usgs/water/impd/skagone/r37.0_tile0
15:18:36 ET_MOSAIC DEBUG: justoneday 2005 190 /caldera/projects/usgs/water/impd/skagone/r37.0_tile0
15:21:16 ET_MOSAIC DEBUG: justoneday 2005 191 /caldera/projects/usgs/water/impd/skagone/r37.0_tile0
15:24:00 ET_MOSAIC DEBUG: justoneday 2005 192 /caldera/projects/usgs/water/impd/skagone/r37.0_tile0
15:26:34 ET_MOSAIC DEBUG: justoneday 2005 193 /caldera/projects/usgs/water/impd/skagone/r37.0_tile0
15:29:07 ET_MOSAIC DEBUG: justoneday 2005 194 /caldera/projects/usgs/water/impd/skagone/r37.0_tile0
15:31:38 ET_MOSAIC DEBUG: justoneday 2005 195 /caldera/projects/usgs/water/impd/skagone/r37.0_tile0
15:34:09 ET_MOSAIC DEBUG: justoneday 2005 196 /caldera/projects/usgs/water/impd/skagone/r37.0_tile0
15:36:38 ET_MOSAIC DEBUG: justoneday 2005 197 /caldera/projects/usgs/water/impd/skagone/r37.0_tile0
15:39:17 ET_MOSAIC DEBUG: justoneday 2005 198 /caldera/projects/usgs/water/impd/skagone/r37.0_tile0
15:41:56 ET_MOSAIC DEBUG: justoneday 2005 199 /caldera/projects/usgs/water/impd/skagone/r37.0_tile0
15:44:43 ET_MOSAIC DEBUG: justoneday 2005 200 /caldera/projects/usgs/water/impd/skagone/r37.0_tile0
15:47:31 ET_MOSAIC DEBUG: justoneday 2005 201 /caldera/projects/usgs/water/impd/skagone/r37.0_tile0
15:50:23 ET_MOSAIC DEBUG: justoneday 2005 202 /caldera/projects/usgs/water/impd/skagone/r37.0_tile0
15:53:10 ET_MOSAIC DEBUG: justoneday 2005 203 /caldera/projects/usgs/water/impd/skagone/r37.0_tile0
15:56:00 ET_MOSAIC DEBUG: justoneday 2005 204 /caldera/projects/usgs/water/impd/skagone/r37.0_tile0
15:58:51 ET_MOSAIC DEBUG: justoneday 2005 205 /caldera/projects/usgs/water/impd/skagone/r37.0_tile0
16:01:39 ET_MOSAIC DEBUG: justoneday 2005 206 /caldera/projects/usgs/water/impd/skagone/r37.0_tile0
16:04:33 ET_MOSAIC DEBUG: justoneday 2005 207 /caldera/projects/usgs/water/impd/skagone/r37.0_tile0
16:07:23 ET_MOSAIC DEBUG: justoneday 2005 208 /caldera/projects/usgs/water/impd/skagone/r37.0_tile0
16:10:11 ET_MOSAIC DEBUG: justoneday 2005 209 /caldera/projects/usgs/water/impd/skagone/r37.0_tile0
16:13:04 ET_MOSAIC DEBUG: justoneday 2005 210 /caldera/projects/usgs/water/impd/skagone/r37.0_tile0
16:15:56 ET_MOSAIC DEBUG: justoneday 2005 211 /caldera/projects/usgs/water/impd/skagone/r37.0_tile0
16:18:52 ET_MOSAIC DEBUG: justoneday 2005 212 /caldera/projects/usgs/water/impd/skagone/r37.0_tile0
16:21:49 ET_MOSAIC DEBUG: justoneday 2005 213 /caldera/projects/usgs/water/impd/skagone/r37.0_tile0
16:24:54 ET_MOSAIC DEBUG: justoneday 2005 214 /caldera/projects/usgs/water/impd/skagone/r37.0_tile0
16:27:49 ET_MOSAIC DEBUG: justoneday 2005 215 /caldera/projects/usgs/water/impd/skagone/r37.0_tile0
16:30:34 ET_MOSAIC DEBUG: justoneday 2005 216 /caldera/projects/usgs/water/impd/skagone/r37.0_tile0
16:33:21 ET_MOSAIC DEBUG: justoneday 2005 217 /caldera/projects/usgs/water/impd/skagone/r37.0_tile0
16:36:31 ET_MOSAIC DEBUG: justoneday 2005 218 /caldera/projects/usgs/water/impd/skagone/r37.0_tile0
16:39:47 ET_MOSAIC DEBUG: justoneday 2005 219 /caldera/projects/usgs/water/impd/skagone/r37.0_tile0
16:42:49 ET_MOSAIC DEBUG: justoneday 2005 220 /caldera/projects/usgs/water/impd/skagone/r37.0_tile0
16:45:36 ET_MOSAIC DEBUG: justoneday 2005 221 /caldera/projects/usgs/water/impd/skagone/r37.0_tile0
16:48:21 ET_MOSAIC DEBUG: justoneday 2005 222 /caldera/projects/usgs/water/impd/skagone/r37.0_tile0
16:51:09 ET_MOSAIC DEBUG: justoneday 2005 223 /caldera/projects/usgs/water/impd/skagone/r37.0_tile0
16:53:55 ET_MOSAIC DEBUG: justoneday 2005 224 /caldera/projects/usgs/water/impd/skagone/r37.0_tile0
16:56:38 ET_MOSAIC DEBUG: justoneday 2005 225 /caldera/projects/usgs/water/impd/skagone/r37.0_tile0
16:59:24 ET_MOSAIC DEBUG: justoneday 2005 226 /caldera/projects/usgs/water/impd/skagone/r37.0_tile0
17:02:11 ET_MOSAIC DEBUG: justoneday 2005 227 /caldera/projects/usgs/water/impd/skagone/r37.0_tile0
17:04:57 ET_MOSAIC DEBUG: justoneday 2005 228 /caldera/projects/usgs/water/impd/skagone/r37.0_tile0
17:07:43 ET_MOSAIC DEBUG: justoneday 2005 229 /caldera/projects/usgs/water/impd/skagone/r37.0_tile0
17:10:28 ET_MOSAIC DEBUG: justoneday 2005 230 /caldera/projects/usgs/water/impd/skagone/r37.0_tile0
17:13:21 ET_MOSAIC DEBUG: justoneday 2005 231 /caldera/projects/usgs/water/impd/skagone/r37.0_tile0
17:16:12 ET_MOSAIC DEBUG: justoneday 2005 232 /caldera/projects/usgs/water/impd/skagone/r37.0_tile0
17:19:02 ET_MOSAIC DEBUG: justoneday 2005 233 /caldera/projects/usgs/water/impd/skagone/r37.0_tile0
17:22:12 ET_MOSAIC DEBUG: justoneday 2005 234 /caldera/projects/usgs/water/impd/skagone/r37.0_tile0
17:24:56 ET_MOSAIC DEBUG: justoneday 2005 235 /caldera/projects/usgs/water/impd/skagone/r37.0_tile0
17:27:42 ET_MOSAIC DEBUG: justoneday 2005 236 /caldera/projects/usgs/water/impd/skagone/r37.0_tile0
17:30:29 ET_MOSAIC DEBUG: justoneday 2005 237 /caldera/projects/usgs/water/impd/skagone/r37.0_tile0
17:33:16 ET_MOSAIC DEBUG: justoneday 2005 238 /caldera/projects/usgs/water/impd/skagone/r37.0_tile0
17:36:04 ET_MOSAIC DEBUG: justoneday 2005 239 /caldera/projects/usgs/water/impd/skagone/r37.0_tile0
17:38:55 ET_MOSAIC DEBUG: justoneday 2005 240 /caldera/projects/usgs/water/impd/skagone/r37.0_tile0
17:41:46 ET_MOSAIC DEBUG: justoneday 2005 241 /caldera/projects/usgs/water/impd/skagone/r37.0_tile0
17:44:43 ET_MOSAIC DEBUG: justoneday 2005 242 /caldera/projects/usgs/water/impd/skagone/r37.0_tile0
17:47:44 ET_MOSAIC DEBUG: justoneday 2005 243 /caldera/projects/usgs/water/impd/skagone/r37.0_tile0
17:50:28 ET_MOSAIC DEBUG: justoneday 2005 244 /caldera/projects/usgs/water/impd/skagone/r37.0_tile0
17:53:12 ET_MOSAIC DEBUG: justoneday 2005 245 /caldera/projects/usgs/water/impd/skagone/r37.0_tile0
17:55:56 ET_MOSAIC DEBUG: justoneday 2005 246 /caldera/projects/usgs/water/impd/skagone/r37.0_tile0
17:58:42 ET_MOSAIC DEBUG: justoneday 2005 247 /caldera/projects/usgs/water/impd/skagone/r37.0_tile0
18:01:24 ET_MOSAIC DEBUG: justoneday 2005 248 /caldera/projects/usgs/water/impd/skagone/r37.0_tile0
18:04:10 ET_MOSAIC DEBUG: justoneday 2005 249 /caldera/projects/usgs/water/impd/skagone/r37.0_tile0
18:06:54 ET_MOSAIC DEBUG: justoneday 2005 250 /caldera/projects/usgs/water/impd/skagone/r37.0_tile0
18:09:46 ET_MOSAIC DEBUG: justoneday 2005 251 /caldera/projects/usgs/water/impd/skagone/r37.0_tile0
18:12:38 ET_MOSAIC DEBUG: justoneday 2005 252 /caldera/projects/usgs/water/impd/skagone/r37.0_tile0
18:15:30 ET_MOSAIC DEBUG: justoneday 2005 253 /caldera/projects/usgs/water/impd/skagone/r37.0_tile0
18:18:25 ET_MOSAIC DEBUG: justoneday 2005 254 /caldera/projects/usgs/water/impd/skagone/r37.0_tile0
18:21:20 ET_MOSAIC DEBUG: justoneday 2005 255 /caldera/projects/usgs/water/impd/skagone/r37.0_tile0
18:24:24 ET_MOSAIC DEBUG: justoneday 2005 256 /caldera/projects/usgs/water/impd/skagone/r37.0_tile0
18:27:17 ET_MOSAIC DEBUG: justoneday 2005 257 /caldera/projects/usgs/water/impd/skagone/r37.0_tile0
18:30:14 ET_MOSAIC DEBUG: justoneday 2005 258 /caldera/projects/usgs/water/impd/skagone/r37.0_tile0
18:33:12 ET_MOSAIC DEBUG: justoneday 2005 259 /caldera/projects/usgs/water/impd/skagone/r37.0_tile0
18:36:10 ET_MOSAIC DEBUG: justoneday 2005 260 /caldera/projects/usgs/water/impd/skagone/r37.0_tile0
18:39:14 ET_MOSAIC DEBUG: justoneday 2005 261 /caldera/projects/usgs/water/impd/skagone/r37.0_tile0
18:42:17 ET_MOSAIC DEBUG: justoneday 2005 262 /caldera/projects/usgs/water/impd/skagone/r37.0_tile0
18:45:22 ET_MOSAIC DEBUG: justoneday 2005 263 /caldera/projects/usgs/water/impd/skagone/r37.0_tile0
18:48:22 ET_MOSAIC DEBUG: justoneday 2005 264 /caldera/projects/usgs/water/impd/skagone/r37.0_tile0
18:51:21 ET_MOSAIC DEBUG: justoneday 2005 265 /caldera/projects/usgs/water/impd/skagone/r37.0_tile0
18:54:30 ET_MOSAIC DEBUG: justoneday 2005 266 /caldera/projects/usgs/water/impd/skagone/r37.0_tile0
18:57:29 ET_MOSAIC DEBUG: justoneday 2005 267 /caldera/projects/usgs/water/impd/skagone/r37.0_tile0
19:00:33 ET_MOSAIC DEBUG: justoneday 2005 268 /caldera/projects/usgs/water/impd/skagone/r37.0_tile0
19:03:34 ET_MOSAIC DEBUG: justoneday 2005 269 /caldera/projects/usgs/water/impd/skagone/r37.0_tile0
19:06:24 ET_MOSAIC DEBUG: justoneday 2005 270 /caldera/projects/usgs/water/impd/skagone/r37.0_tile0
19:09:06 ET_MOSAIC DEBUG: justoneday 2005 271 /caldera/projects/usgs/water/impd/skagone/r37.0_tile0
19:11:47 ET_MOSAIC DEBUG: justoneday 2005 272 /caldera/projects/usgs/water/impd/skagone/r37.0_tile0
19:14:31 ET_MOSAIC DEBUG: justoneday 2005 273 /caldera/projects/usgs/water/impd/skagone/r37.0_tile0
19:17:12 ET_MOSAIC DEBUG: justoneday 2005 274 /caldera/projects/usgs/water/impd/skagone/r37.0_tile0
19:19:55 ET_MOSAIC DEBUG: justoneday 2005 275 /caldera/projects/usgs/water/impd/skagone/r37.0_tile0
19:22:35 ET_MOSAIC DEBUG: justoneday 2005 276 /caldera/projects/usgs/water/impd/skagone/r37.0_tile0
19:25:18 ET_MOSAIC DEBUG: justoneday 2005 277 /caldera/projects/usgs/water/impd/skagone/r37.0_tile0
19:28:00 ET_MOSAIC DEBUG: justoneday 2005 278 /caldera/projects/usgs/water/impd/skagone/r37.0_tile0
19:30:42 ET_MOSAIC DEBUG: justoneday 2005 279 /caldera/projects/usgs/water/impd/skagone/r37.0_tile0
19:33:30 ET_MOSAIC DEBUG: justoneday 2005 280 /caldera/projects/usgs/water/impd/skagone/r37.0_tile0
19:36:20 ET_MOSAIC DEBUG: justoneday 2005 281 /caldera/projects/usgs/water/impd/skagone/r37.0_tile0
19:39:07 ET_MOSAIC DEBUG: justoneday 2005 282 /caldera/projects/usgs/water/impd/skagone/r37.0_tile0
19:41:58 ET_MOSAIC DEBUG: justoneday 2005 283 /caldera/projects/usgs/water/impd/skagone/r37.0_tile0
19:44:42 ET_MOSAIC DEBUG: justoneday 2005 284 /caldera/projects/usgs/water/impd/skagone/r37.0_tile0
19:47:37 ET_MOSAIC DEBUG: justoneday 2005 285 /caldera/projects/usgs/water/impd/skagone/r37.0_tile0
19:50:27 ET_MOSAIC DEBUG: justoneday 2005 286 /caldera/projects/usgs/water/impd/skagone/r37.0_tile0
19:53:03 ET_MOSAIC DEBUG: justoneday 2005 287 /caldera/projects/usgs/water/impd/skagone/r37.0_tile0
19:55:40 ET_MOSAIC DEBUG: justoneday 2005 288 /caldera/projects/usgs/water/impd/skagone/r37.0_tile0
19:58:16 ET_MOSAIC DEBUG: justoneday 2005 289 /caldera/projects/usgs/water/impd/skagone/r37.0_tile0
20:00:59 ET_MOSAIC DEBUG: justoneday 2005 290 /caldera/projects/usgs/water/impd/skagone/r37.0_tile0
20:03:46 ET_MOSAIC DEBUG: justoneday 2005 291 /caldera/projects/usgs/water/impd/skagone/r37.0_tile0
20:06:31 ET_MOSAIC DEBUG: justoneday 2005 292 /caldera/projects/usgs/water/impd/skagone/r37.0_tile0
20:09:17 ET_MOSAIC DEBUG: justoneday 2005 293 /caldera/projects/usgs/water/impd/skagone/r37.0_tile0
20:11:55 ET_MOSAIC DEBUG: justoneday 2005 294 /caldera/projects/usgs/water/impd/skagone/r37.0_tile0
20:14:46 ET_MOSAIC DEBUG: justoneday 2005 295 /caldera/projects/usgs/water/impd/skagone/r37.0_tile0
20:17:36 ET_MOSAIC DEBUG: justoneday 2005 296 /caldera/projects/usgs/water/impd/skagone/r37.0_tile0
20:20:09 ET_MOSAIC DEBUG: justoneday 2005 297 /caldera/projects/usgs/water/impd/skagone/r37.0_tile0
20:22:35 ET_MOSAIC DEBUG: justoneday 2005 298 /caldera/projects/usgs/water/impd/skagone/r37.0_tile0
20:24:57 ET_MOSAIC DEBUG: justoneday 2005 299 /caldera/projects/usgs/water/impd/skagone/r37.0_tile0
20:27:19 ET_MOSAIC DEBUG: justoneday 2005 300 /caldera/projects/usgs/water/impd/skagone/r37.0_tile0
20:29:40 ET_MOSAIC DEBUG: justoneday 2005 301 /caldera/projects/usgs/water/impd/skagone/r37.0_tile0
20:32:02 ET_MOSAIC DEBUG: justoneday 2005 302 /caldera/projects/usgs/water/impd/skagone/r37.0_tile0
20:34:26 ET_MOSAIC DEBUG: justoneday 2005 303 /caldera/projects/usgs/water/impd/skagone/r37.0_tile0
20:36:47 ET_MOSAIC DEBUG: justoneday 2005 304 /caldera/projects/usgs/water/impd/skagone/r37.0_tile0
20:39:07 ET_MOSAIC DEBUG: justoneday 2005 305 /caldera/projects/usgs/water/impd/skagone/r37.0_tile0
20:41:28 ET_MOSAIC DEBUG: justoneday 2005 306 /caldera/projects/usgs/water/impd/skagone/r37.0_tile0
20:43:48 ET_MOSAIC DEBUG: justoneday 2005 307 /caldera/projects/usgs/water/impd/skagone/r37.0_tile0
20:46:09 ET_MOSAIC DEBUG: justoneday 2005 308 /caldera/projects/usgs/water/impd/skagone/r37.0_tile0
20:48:31 ET_MOSAIC DEBUG: justoneday 2005 309 /caldera/projects/usgs/water/impd/skagone/r37.0_tile0
20:50:54 ET_MOSAIC DEBUG: justoneday 2005 310 /caldera/projects/usgs/water/impd/skagone/r37.0_tile0
20:53:15 ET_MOSAIC DEBUG: justoneday 2005 311 /caldera/projects/usgs/water/impd/skagone/r37.0_tile0
20:55:43 ET_MOSAIC DEBUG: justoneday 2005 312 /caldera/projects/usgs/water/impd/skagone/r37.0_tile0
20:58:08 ET_MOSAIC DEBUG: justoneday 2005 313 /caldera/projects/usgs/water/impd/skagone/r37.0_tile0
21:00:28 ET_MOSAIC DEBUG: justoneday 2005 314 /caldera/projects/usgs/water/impd/skagone/r37.0_tile0
21:02:49 ET_MOSAIC DEBUG: justoneday 2005 315 /caldera/projects/usgs/water/impd/skagone/r37.0_tile0
21:05:09 ET_MOSAIC DEBUG: justoneday 2005 316 /caldera/projects/usgs/water/impd/skagone/r37.0_tile0
21:07:29 ET_MOSAIC DEBUG: justoneday 2005 317 /caldera/projects/usgs/water/impd/skagone/r37.0_tile0
21:09:50 ET_MOSAIC DEBUG: justoneday 2005 318 /caldera/projects/usgs/water/impd/skagone/r37.0_tile0
21:12:12 ET_MOSAIC DEBUG: justoneday 2005 319 /caldera/projects/usgs/water/impd/skagone/r37.0_tile0
21:14:33 ET_MOSAIC DEBUG: justoneday 2005 320 /caldera/projects/usgs/water/impd/skagone/r37.0_tile0
21:16:53 ET_MOSAIC DEBUG: justoneday 2005 321 /caldera/projects/usgs/water/impd/skagone/r37.0_tile0
21:19:15 ET_MOSAIC DEBUG: justoneday 2005 322 /caldera/projects/usgs/water/impd/skagone/r37.0_tile0
21:21:40 ET_MOSAIC DEBUG: justoneday 2005 323 /caldera/projects/usgs/water/impd/skagone/r37.0_tile0
21:24:03 ET_MOSAIC DEBUG: justoneday 2005 324 /caldera/projects/usgs/water/impd/skagone/r37.0_tile0
21:26:24 ET_MOSAIC DEBUG: justoneday 2005 325 /caldera/projects/usgs/water/impd/skagone/r37.0_tile0
21:29:05 ET_MOSAIC DEBUG: justoneday 2005 326 /caldera/projects/usgs/water/impd/skagone/r37.0_tile0
21:31:56 ET_MOSAIC DEBUG: justoneday 2005 327 /caldera/projects/usgs/water/impd/skagone/r37.0_tile0
21:34:49 ET_MOSAIC DEBUG: justoneday 2005 328 /caldera/projects/usgs/water/impd/skagone/r37.0_tile0
21:37:35 ET_MOSAIC DEBUG: justoneday 2005 329 /caldera/projects/usgs/water/impd/skagone/r37.0_tile0
21:39:57 ET_MOSAIC DEBUG: justoneday 2005 330 /caldera/projects/usgs/water/impd/skagone/r37.0_tile0
21:42:18 ET_MOSAIC DEBUG: justoneday 2005 331 /caldera/projects/usgs/water/impd/skagone/r37.0_tile0
21:44:38 ET_MOSAIC DEBUG: justoneday 2005 332 /caldera/projects/usgs/water/impd/skagone/r37.0_tile0
21:46:57 ET_MOSAIC DEBUG: justoneday 2005 333 /caldera/projects/usgs/water/impd/skagone/r37.0_tile0
21:49:16 ET_MOSAIC DEBUG: justoneday 2005 334 /caldera/projects/usgs/water/impd/skagone/r37.0_tile0
21:51:34 ET_MOSAIC DEBUG: justoneday 2005 335 /caldera/projects/usgs/water/impd/skagone/r37.0_tile0
21:53:53 ET_MOSAIC DEBUG: justoneday 2005 336 /caldera/projects/usgs/water/impd/skagone/r37.0_tile0
21:56:11 ET_MOSAIC DEBUG: justoneday 2005 337 /caldera/projects/usgs/water/impd/skagone/r37.0_tile0
21:58:29 ET_MOSAIC DEBUG: justoneday 2005 338 /caldera/projects/usgs/water/impd/skagone/r37.0_tile0
22:00:47 ET_MOSAIC DEBUG: justoneday 2005 339 /caldera/projects/usgs/water/impd/skagone/r37.0_tile0
22:03:04 ET_MOSAIC DEBUG: justoneday 2005 340 /caldera/projects/usgs/water/impd/skagone/r37.0_tile0
22:05:20 ET_MOSAIC DEBUG: justoneday 2005 341 /caldera/projects/usgs/water/impd/skagone/r37.0_tile0
22:07:37 ET_MOSAIC DEBUG: justoneday 2005 342 /caldera/projects/usgs/water/impd/skagone/r37.0_tile0
22:09:54 ET_MOSAIC DEBUG: justoneday 2005 343 /caldera/projects/usgs/water/impd/skagone/r37.0_tile0
22:12:12 ET_MOSAIC DEBUG: justoneday 2005 344 /caldera/projects/usgs/water/impd/skagone/r37.0_tile0
22:14:30 ET_MOSAIC DEBUG: justoneday 2005 345 /caldera/projects/usgs/water/impd/skagone/r37.0_tile0
22:16:46 ET_MOSAIC DEBUG: justoneday 2005 346 /caldera/projects/usgs/water/impd/skagone/r37.0_tile0
22:19:02 ET_MOSAIC DEBUG: justoneday 2005 347 /caldera/projects/usgs/water/impd/skagone/r37.0_tile0
22:21:17 ET_MOSAIC DEBUG: justoneday 2005 348 /caldera/projects/usgs/water/impd/skagone/r37.0_tile0
22:23:31 ET_MOSAIC DEBUG: justoneday 2005 349 /caldera/projects/usgs/water/impd/skagone/r37.0_tile0
22:25:45 ET_MOSAIC DEBUG: justoneday 2005 350 /caldera/projects/usgs/water/impd/skagone/r37.0_tile0
22:28:01 ET_MOSAIC DEBUG: justoneday 2005 351 /caldera/projects/usgs/water/impd/skagone/r37.0_tile0
22:30:17 ET_MOSAIC DEBUG: justoneday 2005 352 /caldera/projects/usgs/water/impd/skagone/r37.0_tile0
22:32:32 ET_MOSAIC DEBUG: justoneday 2005 353 /caldera/projects/usgs/water/impd/skagone/r37.0_tile0
22:34:47 ET_MOSAIC DEBUG: justoneday 2005 354 /caldera/projects/usgs/water/impd/skagone/r37.0_tile0
22:37:01 ET_MOSAIC DEBUG: justoneday 2005 355 /caldera/projects/usgs/water/impd/skagone/r37.0_tile0
22:39:17 ET_MOSAIC DEBUG: justoneday 2005 356 /caldera/projects/usgs/water/impd/skagone/r37.0_tile0
22:41:35 ET_MOSAIC DEBUG: justoneday 2005 357 /caldera/projects/usgs/water/impd/skagone/r37.0_tile0
22:44:04 ET_MOSAIC DEBUG: justoneday 2005 358 /caldera/projects/usgs/water/impd/skagone/r37.0_tile0
22:46:48 ET_MOSAIC DEBUG: justoneday 2005 359 /caldera/projects/usgs/water/impd/skagone/r37.0_tile0
22:49:36 ET_MOSAIC DEBUG: justoneday 2005 360 /caldera/projects/usgs/water/impd/skagone/r37.0_tile0
22:52:30 ET_MOSAIC DEBUG: justoneday 2005 361 /caldera/projects/usgs/water/impd/skagone/r37.0_tile0
22:55:01 ET_MOSAIC DEBUG: justoneday 2005 362 /caldera/projects/usgs/water/impd/skagone/r37.0_tile0
22:57:18 ET_MOSAIC DEBUG: justoneday 2005 363 /caldera/projects/usgs/water/impd/skagone/r37.0_tile0
22:59:35 ET_MOSAIC DEBUG: justoneday 2005 364 /caldera/projects/usgs/water/impd/skagone/r37.0_tile0
23:01:53 ET_MOSAIC DEBUG: justoneday 2005 365 /caldera/projects/usgs/water/impd/skagone/r37.0_tile0
