19:26:40 ET_MOSAIC DEBUG: this is how you call one of your functions
19:26:40 ET_MOSAIC DEBUG: hello from Conus_mosaic class
19:26:40 ET_MOSAIC DEBUG: Mosaicking ['netet'] in /caldera/projects/usgs/water/impd/skagone and put it in /caldera/projects/usgs/water/impd/skagone/conus_mos_completed/2018 for 2018
19:26:40 ET_MOSAIC DEBUG: run_mosaic
19:26:40 ET_MOSAIC DEBUG: Mosaic this product: netet
19:26:40 ET_MOSAIC DEBUG: /caldera/projects/usgs/water/impd/skagone/
19:26:40 ET_MOSAIC DEBUG: justoneday 2018 1 /caldera/projects/usgs/water/impd/skagone/r37.0_tile0
Warning 1: +init=epsg:XXXX syntax is deprecated. It might return a CRS with a non-EPSG compliant axis order.
19:28:46 ET_MOSAIC DEBUG: justoneday 2018 2 /caldera/projects/usgs/water/impd/skagone/r37.0_tile0
19:30:32 ET_MOSAIC DEBUG: justoneday 2018 3 /caldera/projects/usgs/water/impd/skagone/r37.0_tile0
19:32:52 ET_MOSAIC DEBUG: justoneday 2018 4 /caldera/projects/usgs/water/impd/skagone/r37.0_tile0
19:36:16 ET_MOSAIC DEBUG: justoneday 2018 5 /caldera/projects/usgs/water/impd/skagone/r37.0_tile0
19:39:03 ET_MOSAIC DEBUG: justoneday 2018 6 /caldera/projects/usgs/water/impd/skagone/r37.0_tile0
19:41:55 ET_MOSAIC DEBUG: justoneday 2018 7 /caldera/projects/usgs/water/impd/skagone/r37.0_tile0
19:45:07 ET_MOSAIC DEBUG: justoneday 2018 8 /caldera/projects/usgs/water/impd/skagone/r37.0_tile0
19:48:05 ET_MOSAIC DEBUG: justoneday 2018 9 /caldera/projects/usgs/water/impd/skagone/r37.0_tile0
19:51:00 ET_MOSAIC DEBUG: justoneday 2018 10 /caldera/projects/usgs/water/impd/skagone/r37.0_tile0
19:53:32 ET_MOSAIC DEBUG: justoneday 2018 11 /caldera/projects/usgs/water/impd/skagone/r37.0_tile0
19:56:14 ET_MOSAIC DEBUG: justoneday 2018 12 /caldera/projects/usgs/water/impd/skagone/r37.0_tile0
19:58:57 ET_MOSAIC DEBUG: justoneday 2018 13 /caldera/projects/usgs/water/impd/skagone/r37.0_tile0
20:01:54 ET_MOSAIC DEBUG: justoneday 2018 14 /caldera/projects/usgs/water/impd/skagone/r37.0_tile0
20:04:41 ET_MOSAIC DEBUG: justoneday 2018 15 /caldera/projects/usgs/water/impd/skagone/r37.0_tile0
20:07:32 ET_MOSAIC DEBUG: justoneday 2018 16 /caldera/projects/usgs/water/impd/skagone/r37.0_tile0
20:10:15 ET_MOSAIC DEBUG: justoneday 2018 17 /caldera/projects/usgs/water/impd/skagone/r37.0_tile0
20:13:18 ET_MOSAIC DEBUG: justoneday 2018 18 /caldera/projects/usgs/water/impd/skagone/r37.0_tile0
20:16:07 ET_MOSAIC DEBUG: justoneday 2018 19 /caldera/projects/usgs/water/impd/skagone/r37.0_tile0
20:19:10 ET_MOSAIC DEBUG: justoneday 2018 20 /caldera/projects/usgs/water/impd/skagone/r37.0_tile0
20:21:47 ET_MOSAIC DEBUG: justoneday 2018 21 /caldera/projects/usgs/water/impd/skagone/r37.0_tile0
20:24:33 ET_MOSAIC DEBUG: justoneday 2018 22 /caldera/projects/usgs/water/impd/skagone/r37.0_tile0
20:27:40 ET_MOSAIC DEBUG: justoneday 2018 23 /caldera/projects/usgs/water/impd/skagone/r37.0_tile0
20:30:23 ET_MOSAIC DEBUG: justoneday 2018 24 /caldera/projects/usgs/water/impd/skagone/r37.0_tile0
20:33:32 ET_MOSAIC DEBUG: justoneday 2018 25 /caldera/projects/usgs/water/impd/skagone/r37.0_tile0
20:36:43 ET_MOSAIC DEBUG: justoneday 2018 26 /caldera/projects/usgs/water/impd/skagone/r37.0_tile0
20:39:29 ET_MOSAIC DEBUG: justoneday 2018 27 /caldera/projects/usgs/water/impd/skagone/r37.0_tile0
20:42:22 ET_MOSAIC DEBUG: justoneday 2018 28 /caldera/projects/usgs/water/impd/skagone/r37.0_tile0
20:44:42 ET_MOSAIC DEBUG: justoneday 2018 29 /caldera/projects/usgs/water/impd/skagone/r37.0_tile0
20:47:19 ET_MOSAIC DEBUG: justoneday 2018 30 /caldera/projects/usgs/water/impd/skagone/r37.0_tile0
20:50:01 ET_MOSAIC DEBUG: justoneday 2018 31 /caldera/projects/usgs/water/impd/skagone/r37.0_tile0
20:52:43 ET_MOSAIC DEBUG: justoneday 2018 32 /caldera/projects/usgs/water/impd/skagone/r37.0_tile0
20:55:05 ET_MOSAIC DEBUG: justoneday 2018 33 /caldera/projects/usgs/water/impd/skagone/r37.0_tile0
20:58:21 ET_MOSAIC DEBUG: justoneday 2018 34 /caldera/projects/usgs/water/impd/skagone/r37.0_tile0
21:00:50 ET_MOSAIC DEBUG: justoneday 2018 35 /caldera/projects/usgs/water/impd/skagone/r37.0_tile0
21:02:45 ET_MOSAIC DEBUG: justoneday 2018 36 /caldera/projects/usgs/water/impd/skagone/r37.0_tile0
21:04:55 ET_MOSAIC DEBUG: justoneday 2018 37 /caldera/projects/usgs/water/impd/skagone/r37.0_tile0
21:07:29 ET_MOSAIC DEBUG: justoneday 2018 38 /caldera/projects/usgs/water/impd/skagone/r37.0_tile0
21:08:55 ET_MOSAIC DEBUG: justoneday 2018 39 /caldera/projects/usgs/water/impd/skagone/r37.0_tile0
21:10:15 ET_MOSAIC DEBUG: justoneday 2018 40 /caldera/projects/usgs/water/impd/skagone/r37.0_tile0
21:11:32 ET_MOSAIC DEBUG: justoneday 2018 41 /caldera/projects/usgs/water/impd/skagone/r37.0_tile0
21:12:54 ET_MOSAIC DEBUG: justoneday 2018 42 /caldera/projects/usgs/water/impd/skagone/r37.0_tile0
21:14:16 ET_MOSAIC DEBUG: justoneday 2018 43 /caldera/projects/usgs/water/impd/skagone/r37.0_tile0
21:15:37 ET_MOSAIC DEBUG: justoneday 2018 44 /caldera/projects/usgs/water/impd/skagone/r37.0_tile0
21:17:00 ET_MOSAIC DEBUG: justoneday 2018 45 /caldera/projects/usgs/water/impd/skagone/r37.0_tile0
21:18:19 ET_MOSAIC DEBUG: justoneday 2018 46 /caldera/projects/usgs/water/impd/skagone/r37.0_tile0
21:19:41 ET_MOSAIC DEBUG: justoneday 2018 47 /caldera/projects/usgs/water/impd/skagone/r37.0_tile0
21:20:55 ET_MOSAIC DEBUG: justoneday 2018 48 /caldera/projects/usgs/water/impd/skagone/r37.0_tile0
21:22:19 ET_MOSAIC DEBUG: justoneday 2018 49 /caldera/projects/usgs/water/impd/skagone/r37.0_tile0
21:23:32 ET_MOSAIC DEBUG: justoneday 2018 50 /caldera/projects/usgs/water/impd/skagone/r37.0_tile0
21:24:45 ET_MOSAIC DEBUG: justoneday 2018 51 /caldera/projects/usgs/water/impd/skagone/r37.0_tile0
21:25:58 ET_MOSAIC DEBUG: justoneday 2018 52 /caldera/projects/usgs/water/impd/skagone/r37.0_tile0
21:27:19 ET_MOSAIC DEBUG: justoneday 2018 53 /caldera/projects/usgs/water/impd/skagone/r37.0_tile0
21:28:33 ET_MOSAIC DEBUG: justoneday 2018 54 /caldera/projects/usgs/water/impd/skagone/r37.0_tile0
21:29:45 ET_MOSAIC DEBUG: justoneday 2018 55 /caldera/projects/usgs/water/impd/skagone/r37.0_tile0
21:31:08 ET_MOSAIC DEBUG: justoneday 2018 56 /caldera/projects/usgs/water/impd/skagone/r37.0_tile0
21:32:30 ET_MOSAIC DEBUG: justoneday 2018 57 /caldera/projects/usgs/water/impd/skagone/r37.0_tile0
21:33:54 ET_MOSAIC DEBUG: justoneday 2018 58 /caldera/projects/usgs/water/impd/skagone/r37.0_tile0
21:35:16 ET_MOSAIC DEBUG: justoneday 2018 59 /caldera/projects/usgs/water/impd/skagone/r37.0_tile0
21:36:37 ET_MOSAIC DEBUG: justoneday 2018 60 /caldera/projects/usgs/water/impd/skagone/r37.0_tile0
21:37:59 ET_MOSAIC DEBUG: justoneday 2018 61 /caldera/projects/usgs/water/impd/skagone/r37.0_tile0
21:39:21 ET_MOSAIC DEBUG: justoneday 2018 62 /caldera/projects/usgs/water/impd/skagone/r37.0_tile0
21:40:43 ET_MOSAIC DEBUG: justoneday 2018 63 /caldera/projects/usgs/water/impd/skagone/r37.0_tile0
21:42:05 ET_MOSAIC DEBUG: justoneday 2018 64 /caldera/projects/usgs/water/impd/skagone/r37.0_tile0
21:43:29 ET_MOSAIC DEBUG: justoneday 2018 65 /caldera/projects/usgs/water/impd/skagone/r37.0_tile0
21:44:46 ET_MOSAIC DEBUG: justoneday 2018 66 /caldera/projects/usgs/water/impd/skagone/r37.0_tile0
21:46:07 ET_MOSAIC DEBUG: justoneday 2018 67 /caldera/projects/usgs/water/impd/skagone/r37.0_tile0
21:47:19 ET_MOSAIC DEBUG: justoneday 2018 68 /caldera/projects/usgs/water/impd/skagone/r37.0_tile0
21:48:41 ET_MOSAIC DEBUG: justoneday 2018 69 /caldera/projects/usgs/water/impd/skagone/r37.0_tile0
21:50:04 ET_MOSAIC DEBUG: justoneday 2018 70 /caldera/projects/usgs/water/impd/skagone/r37.0_tile0
21:51:25 ET_MOSAIC DEBUG: justoneday 2018 71 /caldera/projects/usgs/water/impd/skagone/r37.0_tile0
21:52:48 ET_MOSAIC DEBUG: justoneday 2018 72 /caldera/projects/usgs/water/impd/skagone/r37.0_tile0
21:54:12 ET_MOSAIC DEBUG: justoneday 2018 73 /caldera/projects/usgs/water/impd/skagone/r37.0_tile0
21:55:26 ET_MOSAIC DEBUG: justoneday 2018 74 /caldera/projects/usgs/water/impd/skagone/r37.0_tile0
21:56:38 ET_MOSAIC DEBUG: justoneday 2018 75 /caldera/projects/usgs/water/impd/skagone/r37.0_tile0
21:58:01 ET_MOSAIC DEBUG: justoneday 2018 76 /caldera/projects/usgs/water/impd/skagone/r37.0_tile0
21:59:23 ET_MOSAIC DEBUG: justoneday 2018 77 /caldera/projects/usgs/water/impd/skagone/r37.0_tile0
22:00:37 ET_MOSAIC DEBUG: justoneday 2018 78 /caldera/projects/usgs/water/impd/skagone/r37.0_tile0
22:01:51 ET_MOSAIC DEBUG: justoneday 2018 79 /caldera/projects/usgs/water/impd/skagone/r37.0_tile0
22:03:14 ET_MOSAIC DEBUG: justoneday 2018 80 /caldera/projects/usgs/water/impd/skagone/r37.0_tile0
22:04:41 ET_MOSAIC DEBUG: justoneday 2018 81 /caldera/projects/usgs/water/impd/skagone/r37.0_tile0
22:06:11 ET_MOSAIC DEBUG: justoneday 2018 82 /caldera/projects/usgs/water/impd/skagone/r37.0_tile0
22:07:36 ET_MOSAIC DEBUG: justoneday 2018 83 /caldera/projects/usgs/water/impd/skagone/r37.0_tile0
22:09:10 ET_MOSAIC DEBUG: justoneday 2018 84 /caldera/projects/usgs/water/impd/skagone/r37.0_tile0
22:10:35 ET_MOSAIC DEBUG: justoneday 2018 85 /caldera/projects/usgs/water/impd/skagone/r37.0_tile0
22:12:09 ET_MOSAIC DEBUG: justoneday 2018 86 /caldera/projects/usgs/water/impd/skagone/r37.0_tile0
22:13:40 ET_MOSAIC DEBUG: justoneday 2018 87 /caldera/projects/usgs/water/impd/skagone/r37.0_tile0
22:15:08 ET_MOSAIC DEBUG: justoneday 2018 88 /caldera/projects/usgs/water/impd/skagone/r37.0_tile0
22:16:33 ET_MOSAIC DEBUG: justoneday 2018 89 /caldera/projects/usgs/water/impd/skagone/r37.0_tile0
22:17:49 ET_MOSAIC DEBUG: justoneday 2018 90 /caldera/projects/usgs/water/impd/skagone/r37.0_tile0
22:19:10 ET_MOSAIC DEBUG: justoneday 2018 91 /caldera/projects/usgs/water/impd/skagone/r37.0_tile0
22:20:39 ET_MOSAIC DEBUG: justoneday 2018 92 /caldera/projects/usgs/water/impd/skagone/r37.0_tile0
22:22:00 ET_MOSAIC DEBUG: justoneday 2018 93 /caldera/projects/usgs/water/impd/skagone/r37.0_tile0
22:23:15 ET_MOSAIC DEBUG: justoneday 2018 94 /caldera/projects/usgs/water/impd/skagone/r37.0_tile0
22:24:47 ET_MOSAIC DEBUG: justoneday 2018 95 /caldera/projects/usgs/water/impd/skagone/r37.0_tile0
22:26:12 ET_MOSAIC DEBUG: justoneday 2018 96 /caldera/projects/usgs/water/impd/skagone/r37.0_tile0
22:27:44 ET_MOSAIC DEBUG: justoneday 2018 97 /caldera/projects/usgs/water/impd/skagone/r37.0_tile0
22:29:13 ET_MOSAIC DEBUG: justoneday 2018 98 /caldera/projects/usgs/water/impd/skagone/r37.0_tile0
22:30:36 ET_MOSAIC DEBUG: justoneday 2018 99 /caldera/projects/usgs/water/impd/skagone/r37.0_tile0
22:32:01 ET_MOSAIC DEBUG: justoneday 2018 100 /caldera/projects/usgs/water/impd/skagone/r37.0_tile0
22:33:24 ET_MOSAIC DEBUG: justoneday 2018 101 /caldera/projects/usgs/water/impd/skagone/r37.0_tile0
22:34:48 ET_MOSAIC DEBUG: justoneday 2018 102 /caldera/projects/usgs/water/impd/skagone/r37.0_tile0
22:36:12 ET_MOSAIC DEBUG: justoneday 2018 103 /caldera/projects/usgs/water/impd/skagone/r37.0_tile0
22:37:36 ET_MOSAIC DEBUG: justoneday 2018 104 /caldera/projects/usgs/water/impd/skagone/r37.0_tile0
22:39:09 ET_MOSAIC DEBUG: justoneday 2018 105 /caldera/projects/usgs/water/impd/skagone/r37.0_tile0
22:40:31 ET_MOSAIC DEBUG: justoneday 2018 106 /caldera/projects/usgs/water/impd/skagone/r37.0_tile0
22:42:03 ET_MOSAIC DEBUG: justoneday 2018 107 /caldera/projects/usgs/water/impd/skagone/r37.0_tile0
22:43:25 ET_MOSAIC DEBUG: justoneday 2018 108 /caldera/projects/usgs/water/impd/skagone/r37.0_tile0
22:44:48 ET_MOSAIC DEBUG: justoneday 2018 109 /caldera/projects/usgs/water/impd/skagone/r37.0_tile0
22:46:10 ET_MOSAIC DEBUG: justoneday 2018 110 /caldera/projects/usgs/water/impd/skagone/r37.0_tile0
22:47:33 ET_MOSAIC DEBUG: justoneday 2018 111 /caldera/projects/usgs/water/impd/skagone/r37.0_tile0
22:48:54 ET_MOSAIC DEBUG: justoneday 2018 112 /caldera/projects/usgs/water/impd/skagone/r37.0_tile0
22:50:16 ET_MOSAIC DEBUG: justoneday 2018 113 /caldera/projects/usgs/water/impd/skagone/r37.0_tile0
22:51:37 ET_MOSAIC DEBUG: justoneday 2018 114 /caldera/projects/usgs/water/impd/skagone/r37.0_tile0
22:53:02 ET_MOSAIC DEBUG: justoneday 2018 115 /caldera/projects/usgs/water/impd/skagone/r37.0_tile0
22:54:25 ET_MOSAIC DEBUG: justoneday 2018 116 /caldera/projects/usgs/water/impd/skagone/r37.0_tile0
22:55:48 ET_MOSAIC DEBUG: justoneday 2018 117 /caldera/projects/usgs/water/impd/skagone/r37.0_tile0
22:57:11 ET_MOSAIC DEBUG: justoneday 2018 118 /caldera/projects/usgs/water/impd/skagone/r37.0_tile0
22:58:24 ET_MOSAIC DEBUG: justoneday 2018 119 /caldera/projects/usgs/water/impd/skagone/r37.0_tile0
22:59:38 ET_MOSAIC DEBUG: justoneday 2018 120 /caldera/projects/usgs/water/impd/skagone/r37.0_tile0
23:00:58 ET_MOSAIC DEBUG: justoneday 2018 121 /caldera/projects/usgs/water/impd/skagone/r37.0_tile0
23:02:26 ET_MOSAIC DEBUG: justoneday 2018 122 /caldera/projects/usgs/water/impd/skagone/r37.0_tile0
23:03:45 ET_MOSAIC DEBUG: justoneday 2018 123 /caldera/projects/usgs/water/impd/skagone/r37.0_tile0
23:05:33 ET_MOSAIC DEBUG: justoneday 2018 124 /caldera/projects/usgs/water/impd/skagone/r37.0_tile0
23:07:05 ET_MOSAIC DEBUG: justoneday 2018 125 /caldera/projects/usgs/water/impd/skagone/r37.0_tile0
23:08:45 ET_MOSAIC DEBUG: justoneday 2018 126 /caldera/projects/usgs/water/impd/skagone/r37.0_tile0
23:10:15 ET_MOSAIC DEBUG: justoneday 2018 127 /caldera/projects/usgs/water/impd/skagone/r37.0_tile0
23:12:12 ET_MOSAIC DEBUG: justoneday 2018 128 /caldera/projects/usgs/water/impd/skagone/r37.0_tile0
23:13:53 ET_MOSAIC DEBUG: justoneday 2018 129 /caldera/projects/usgs/water/impd/skagone/r37.0_tile0
23:15:49 ET_MOSAIC DEBUG: justoneday 2018 130 /caldera/projects/usgs/water/impd/skagone/r37.0_tile0
23:17:32 ET_MOSAIC DEBUG: justoneday 2018 131 /caldera/projects/usgs/water/impd/skagone/r37.0_tile0
23:19:54 ET_MOSAIC DEBUG: justoneday 2018 132 /caldera/projects/usgs/water/impd/skagone/r37.0_tile0
23:21:38 ET_MOSAIC DEBUG: justoneday 2018 133 /caldera/projects/usgs/water/impd/skagone/r37.0_tile0
23:23:06 ET_MOSAIC DEBUG: justoneday 2018 134 /caldera/projects/usgs/water/impd/skagone/r37.0_tile0
23:24:33 ET_MOSAIC DEBUG: justoneday 2018 135 /caldera/projects/usgs/water/impd/skagone/r37.0_tile0
23:25:49 ET_MOSAIC DEBUG: justoneday 2018 136 /caldera/projects/usgs/water/impd/skagone/r37.0_tile0
23:27:04 ET_MOSAIC DEBUG: justoneday 2018 137 /caldera/projects/usgs/water/impd/skagone/r37.0_tile0
23:28:22 ET_MOSAIC DEBUG: justoneday 2018 138 /caldera/projects/usgs/water/impd/skagone/r37.0_tile0
23:29:37 ET_MOSAIC DEBUG: justoneday 2018 139 /caldera/projects/usgs/water/impd/skagone/r37.0_tile0
23:30:53 ET_MOSAIC DEBUG: justoneday 2018 140 /caldera/projects/usgs/water/impd/skagone/r37.0_tile0
23:32:08 ET_MOSAIC DEBUG: justoneday 2018 141 /caldera/projects/usgs/water/impd/skagone/r37.0_tile0
23:33:23 ET_MOSAIC DEBUG: justoneday 2018 142 /caldera/projects/usgs/water/impd/skagone/r37.0_tile0
23:34:38 ET_MOSAIC DEBUG: justoneday 2018 143 /caldera/projects/usgs/water/impd/skagone/r37.0_tile0
23:35:54 ET_MOSAIC DEBUG: justoneday 2018 144 /caldera/projects/usgs/water/impd/skagone/r37.0_tile0
23:37:09 ET_MOSAIC DEBUG: justoneday 2018 145 /caldera/projects/usgs/water/impd/skagone/r37.0_tile0
23:38:24 ET_MOSAIC DEBUG: justoneday 2018 146 /caldera/projects/usgs/water/impd/skagone/r37.0_tile0
23:39:40 ET_MOSAIC DEBUG: justoneday 2018 147 /caldera/projects/usgs/water/impd/skagone/r37.0_tile0
23:40:55 ET_MOSAIC DEBUG: justoneday 2018 148 /caldera/projects/usgs/water/impd/skagone/r37.0_tile0
23:42:11 ET_MOSAIC DEBUG: justoneday 2018 149 /caldera/projects/usgs/water/impd/skagone/r37.0_tile0
23:43:27 ET_MOSAIC DEBUG: justoneday 2018 150 /caldera/projects/usgs/water/impd/skagone/r37.0_tile0
23:44:42 ET_MOSAIC DEBUG: justoneday 2018 151 /caldera/projects/usgs/water/impd/skagone/r37.0_tile0
23:45:58 ET_MOSAIC DEBUG: justoneday 2018 152 /caldera/projects/usgs/water/impd/skagone/r37.0_tile0
23:47:13 ET_MOSAIC DEBUG: justoneday 2018 153 /caldera/projects/usgs/water/impd/skagone/r37.0_tile0
23:48:29 ET_MOSAIC DEBUG: justoneday 2018 154 /caldera/projects/usgs/water/impd/skagone/r37.0_tile0
23:49:45 ET_MOSAIC DEBUG: justoneday 2018 155 /caldera/projects/usgs/water/impd/skagone/r37.0_tile0
23:51:01 ET_MOSAIC DEBUG: justoneday 2018 156 /caldera/projects/usgs/water/impd/skagone/r37.0_tile0
23:52:18 ET_MOSAIC DEBUG: justoneday 2018 157 /caldera/projects/usgs/water/impd/skagone/r37.0_tile0
23:53:35 ET_MOSAIC DEBUG: justoneday 2018 158 /caldera/projects/usgs/water/impd/skagone/r37.0_tile0
23:54:52 ET_MOSAIC DEBUG: justoneday 2018 159 /caldera/projects/usgs/water/impd/skagone/r37.0_tile0
23:56:10 ET_MOSAIC DEBUG: justoneday 2018 160 /caldera/projects/usgs/water/impd/skagone/r37.0_tile0
23:57:28 ET_MOSAIC DEBUG: justoneday 2018 161 /caldera/projects/usgs/water/impd/skagone/r37.0_tile0
23:58:45 ET_MOSAIC DEBUG: justoneday 2018 162 /caldera/projects/usgs/water/impd/skagone/r37.0_tile0
00:00:03 ET_MOSAIC DEBUG: justoneday 2018 163 /caldera/projects/usgs/water/impd/skagone/r37.0_tile0
00:01:21 ET_MOSAIC DEBUG: justoneday 2018 164 /caldera/projects/usgs/water/impd/skagone/r37.0_tile0
00:02:40 ET_MOSAIC DEBUG: justoneday 2018 165 /caldera/projects/usgs/water/impd/skagone/r37.0_tile0
00:03:58 ET_MOSAIC DEBUG: justoneday 2018 166 /caldera/projects/usgs/water/impd/skagone/r37.0_tile0
00:05:17 ET_MOSAIC DEBUG: justoneday 2018 167 /caldera/projects/usgs/water/impd/skagone/r37.0_tile0
00:06:36 ET_MOSAIC DEBUG: justoneday 2018 168 /caldera/projects/usgs/water/impd/skagone/r37.0_tile0
00:07:54 ET_MOSAIC DEBUG: justoneday 2018 169 /caldera/projects/usgs/water/impd/skagone/r37.0_tile0
00:09:13 ET_MOSAIC DEBUG: justoneday 2018 170 /caldera/projects/usgs/water/impd/skagone/r37.0_tile0
00:10:31 ET_MOSAIC DEBUG: justoneday 2018 171 /caldera/projects/usgs/water/impd/skagone/r37.0_tile0
00:11:49 ET_MOSAIC DEBUG: justoneday 2018 172 /caldera/projects/usgs/water/impd/skagone/r37.0_tile0
00:13:07 ET_MOSAIC DEBUG: justoneday 2018 173 /caldera/projects/usgs/water/impd/skagone/r37.0_tile0
00:14:26 ET_MOSAIC DEBUG: justoneday 2018 174 /caldera/projects/usgs/water/impd/skagone/r37.0_tile0
00:15:45 ET_MOSAIC DEBUG: justoneday 2018 175 /caldera/projects/usgs/water/impd/skagone/r37.0_tile0
00:17:04 ET_MOSAIC DEBUG: justoneday 2018 176 /caldera/projects/usgs/water/impd/skagone/r37.0_tile0
00:18:26 ET_MOSAIC DEBUG: justoneday 2018 177 /caldera/projects/usgs/water/impd/skagone/r37.0_tile0
00:19:46 ET_MOSAIC DEBUG: justoneday 2018 178 /caldera/projects/usgs/water/impd/skagone/r37.0_tile0
00:21:06 ET_MOSAIC DEBUG: justoneday 2018 179 /caldera/projects/usgs/water/impd/skagone/r37.0_tile0
00:22:26 ET_MOSAIC DEBUG: justoneday 2018 180 /caldera/projects/usgs/water/impd/skagone/r37.0_tile0
00:23:46 ET_MOSAIC DEBUG: justoneday 2018 181 /caldera/projects/usgs/water/impd/skagone/r37.0_tile0
00:25:07 ET_MOSAIC DEBUG: justoneday 2018 182 /caldera/projects/usgs/water/impd/skagone/r37.0_tile0
00:26:28 ET_MOSAIC DEBUG: justoneday 2018 183 /caldera/projects/usgs/water/impd/skagone/r37.0_tile0
00:27:48 ET_MOSAIC DEBUG: justoneday 2018 184 /caldera/projects/usgs/water/impd/skagone/r37.0_tile0
00:29:09 ET_MOSAIC DEBUG: justoneday 2018 185 /caldera/projects/usgs/water/impd/skagone/r37.0_tile0
00:30:29 ET_MOSAIC DEBUG: justoneday 2018 186 /caldera/projects/usgs/water/impd/skagone/r37.0_tile0
00:31:50 ET_MOSAIC DEBUG: justoneday 2018 187 /caldera/projects/usgs/water/impd/skagone/r37.0_tile0
00:33:10 ET_MOSAIC DEBUG: justoneday 2018 188 /caldera/projects/usgs/water/impd/skagone/r37.0_tile0
00:34:32 ET_MOSAIC DEBUG: justoneday 2018 189 /caldera/projects/usgs/water/impd/skagone/r37.0_tile0
00:35:54 ET_MOSAIC DEBUG: justoneday 2018 190 /caldera/projects/usgs/water/impd/skagone/r37.0_tile0
00:37:17 ET_MOSAIC DEBUG: justoneday 2018 191 /caldera/projects/usgs/water/impd/skagone/r37.0_tile0
00:38:39 ET_MOSAIC DEBUG: justoneday 2018 192 /caldera/projects/usgs/water/impd/skagone/r37.0_tile0
00:40:02 ET_MOSAIC DEBUG: justoneday 2018 193 /caldera/projects/usgs/water/impd/skagone/r37.0_tile0
00:41:25 ET_MOSAIC DEBUG: justoneday 2018 194 /caldera/projects/usgs/water/impd/skagone/r37.0_tile0
00:42:49 ET_MOSAIC DEBUG: justoneday 2018 195 /caldera/projects/usgs/water/impd/skagone/r37.0_tile0
00:44:12 ET_MOSAIC DEBUG: justoneday 2018 196 /caldera/projects/usgs/water/impd/skagone/r37.0_tile0
00:45:35 ET_MOSAIC DEBUG: justoneday 2018 197 /caldera/projects/usgs/water/impd/skagone/r37.0_tile0
00:46:59 ET_MOSAIC DEBUG: justoneday 2018 198 /caldera/projects/usgs/water/impd/skagone/r37.0_tile0
00:48:22 ET_MOSAIC DEBUG: justoneday 2018 199 /caldera/projects/usgs/water/impd/skagone/r37.0_tile0
00:49:46 ET_MOSAIC DEBUG: justoneday 2018 200 /caldera/projects/usgs/water/impd/skagone/r37.0_tile0
00:51:09 ET_MOSAIC DEBUG: justoneday 2018 201 /caldera/projects/usgs/water/impd/skagone/r37.0_tile0
00:52:33 ET_MOSAIC DEBUG: justoneday 2018 202 /caldera/projects/usgs/water/impd/skagone/r37.0_tile0
00:53:57 ET_MOSAIC DEBUG: justoneday 2018 203 /caldera/projects/usgs/water/impd/skagone/r37.0_tile0
00:55:20 ET_MOSAIC DEBUG: justoneday 2018 204 /caldera/projects/usgs/water/impd/skagone/r37.0_tile0
00:56:45 ET_MOSAIC DEBUG: justoneday 2018 205 /caldera/projects/usgs/water/impd/skagone/r37.0_tile0
00:58:09 ET_MOSAIC DEBUG: justoneday 2018 206 /caldera/projects/usgs/water/impd/skagone/r37.0_tile0
00:59:32 ET_MOSAIC DEBUG: justoneday 2018 207 /caldera/projects/usgs/water/impd/skagone/r37.0_tile0
01:00:56 ET_MOSAIC DEBUG: justoneday 2018 208 /caldera/projects/usgs/water/impd/skagone/r37.0_tile0
01:02:20 ET_MOSAIC DEBUG: justoneday 2018 209 /caldera/projects/usgs/water/impd/skagone/r37.0_tile0
01:03:44 ET_MOSAIC DEBUG: justoneday 2018 210 /caldera/projects/usgs/water/impd/skagone/r37.0_tile0
01:05:08 ET_MOSAIC DEBUG: justoneday 2018 211 /caldera/projects/usgs/water/impd/skagone/r37.0_tile0
01:06:32 ET_MOSAIC DEBUG: justoneday 2018 212 /caldera/projects/usgs/water/impd/skagone/r37.0_tile0
01:07:56 ET_MOSAIC DEBUG: justoneday 2018 213 /caldera/projects/usgs/water/impd/skagone/r37.0_tile0
01:09:20 ET_MOSAIC DEBUG: justoneday 2018 214 /caldera/projects/usgs/water/impd/skagone/r37.0_tile0
01:10:44 ET_MOSAIC DEBUG: justoneday 2018 215 /caldera/projects/usgs/water/impd/skagone/r37.0_tile0
01:12:08 ET_MOSAIC DEBUG: justoneday 2018 216 /caldera/projects/usgs/water/impd/skagone/r37.0_tile0
01:13:32 ET_MOSAIC DEBUG: justoneday 2018 217 /caldera/projects/usgs/water/impd/skagone/r37.0_tile0
01:14:56 ET_MOSAIC DEBUG: justoneday 2018 218 /caldera/projects/usgs/water/impd/skagone/r37.0_tile0
01:16:20 ET_MOSAIC DEBUG: justoneday 2018 219 /caldera/projects/usgs/water/impd/skagone/r37.0_tile0
01:17:45 ET_MOSAIC DEBUG: justoneday 2018 220 /caldera/projects/usgs/water/impd/skagone/r37.0_tile0
01:19:09 ET_MOSAIC DEBUG: justoneday 2018 221 /caldera/projects/usgs/water/impd/skagone/r37.0_tile0
01:20:33 ET_MOSAIC DEBUG: justoneday 2018 222 /caldera/projects/usgs/water/impd/skagone/r37.0_tile0
01:21:56 ET_MOSAIC DEBUG: justoneday 2018 223 /caldera/projects/usgs/water/impd/skagone/r37.0_tile0
01:23:21 ET_MOSAIC DEBUG: justoneday 2018 224 /caldera/projects/usgs/water/impd/skagone/r37.0_tile0
01:24:44 ET_MOSAIC DEBUG: justoneday 2018 225 /caldera/projects/usgs/water/impd/skagone/r37.0_tile0
01:26:08 ET_MOSAIC DEBUG: justoneday 2018 226 /caldera/projects/usgs/water/impd/skagone/r37.0_tile0
01:27:32 ET_MOSAIC DEBUG: justoneday 2018 227 /caldera/projects/usgs/water/impd/skagone/r37.0_tile0
01:28:55 ET_MOSAIC DEBUG: justoneday 2018 228 /caldera/projects/usgs/water/impd/skagone/r37.0_tile0
01:30:19 ET_MOSAIC DEBUG: justoneday 2018 229 /caldera/projects/usgs/water/impd/skagone/r37.0_tile0
01:31:45 ET_MOSAIC DEBUG: justoneday 2018 230 /caldera/projects/usgs/water/impd/skagone/r37.0_tile0
01:33:07 ET_MOSAIC DEBUG: justoneday 2018 231 /caldera/projects/usgs/water/impd/skagone/r37.0_tile0
01:34:28 ET_MOSAIC DEBUG: justoneday 2018 232 /caldera/projects/usgs/water/impd/skagone/r37.0_tile0
01:35:48 ET_MOSAIC DEBUG: justoneday 2018 233 /caldera/projects/usgs/water/impd/skagone/r37.0_tile0
01:37:09 ET_MOSAIC DEBUG: justoneday 2018 234 /caldera/projects/usgs/water/impd/skagone/r37.0_tile0
01:38:30 ET_MOSAIC DEBUG: justoneday 2018 235 /caldera/projects/usgs/water/impd/skagone/r37.0_tile0
01:39:51 ET_MOSAIC DEBUG: justoneday 2018 236 /caldera/projects/usgs/water/impd/skagone/r37.0_tile0
01:41:12 ET_MOSAIC DEBUG: justoneday 2018 237 /caldera/projects/usgs/water/impd/skagone/r37.0_tile0
01:42:34 ET_MOSAIC DEBUG: justoneday 2018 238 /caldera/projects/usgs/water/impd/skagone/r37.0_tile0
01:43:56 ET_MOSAIC DEBUG: justoneday 2018 239 /caldera/projects/usgs/water/impd/skagone/r37.0_tile0
01:45:18 ET_MOSAIC DEBUG: justoneday 2018 240 /caldera/projects/usgs/water/impd/skagone/r37.0_tile0
01:46:39 ET_MOSAIC DEBUG: justoneday 2018 241 /caldera/projects/usgs/water/impd/skagone/r37.0_tile0
01:48:02 ET_MOSAIC DEBUG: justoneday 2018 242 /caldera/projects/usgs/water/impd/skagone/r37.0_tile0
01:49:23 ET_MOSAIC DEBUG: justoneday 2018 243 /caldera/projects/usgs/water/impd/skagone/r37.0_tile0
01:50:45 ET_MOSAIC DEBUG: justoneday 2018 244 /caldera/projects/usgs/water/impd/skagone/r37.0_tile0
01:52:07 ET_MOSAIC DEBUG: justoneday 2018 245 /caldera/projects/usgs/water/impd/skagone/r37.0_tile0
01:53:29 ET_MOSAIC DEBUG: justoneday 2018 246 /caldera/projects/usgs/water/impd/skagone/r37.0_tile0
01:54:50 ET_MOSAIC DEBUG: justoneday 2018 247 /caldera/projects/usgs/water/impd/skagone/r37.0_tile0
01:56:12 ET_MOSAIC DEBUG: justoneday 2018 248 /caldera/projects/usgs/water/impd/skagone/r37.0_tile0
01:57:32 ET_MOSAIC DEBUG: justoneday 2018 249 /caldera/projects/usgs/water/impd/skagone/r37.0_tile0
01:58:53 ET_MOSAIC DEBUG: justoneday 2018 250 /caldera/projects/usgs/water/impd/skagone/r37.0_tile0
02:00:13 ET_MOSAIC DEBUG: justoneday 2018 251 /caldera/projects/usgs/water/impd/skagone/r37.0_tile0
02:01:33 ET_MOSAIC DEBUG: justoneday 2018 252 /caldera/projects/usgs/water/impd/skagone/r37.0_tile0
02:02:52 ET_MOSAIC DEBUG: justoneday 2018 253 /caldera/projects/usgs/water/impd/skagone/r37.0_tile0
02:04:12 ET_MOSAIC DEBUG: justoneday 2018 254 /caldera/projects/usgs/water/impd/skagone/r37.0_tile0
02:05:31 ET_MOSAIC DEBUG: justoneday 2018 255 /caldera/projects/usgs/water/impd/skagone/r37.0_tile0
02:06:50 ET_MOSAIC DEBUG: justoneday 2018 256 /caldera/projects/usgs/water/impd/skagone/r37.0_tile0
02:08:10 ET_MOSAIC DEBUG: justoneday 2018 257 /caldera/projects/usgs/water/impd/skagone/r37.0_tile0
02:09:29 ET_MOSAIC DEBUG: justoneday 2018 258 /caldera/projects/usgs/water/impd/skagone/r37.0_tile0
02:10:48 ET_MOSAIC DEBUG: justoneday 2018 259 /caldera/projects/usgs/water/impd/skagone/r37.0_tile0
02:12:08 ET_MOSAIC DEBUG: justoneday 2018 260 /caldera/projects/usgs/water/impd/skagone/r37.0_tile0
02:13:28 ET_MOSAIC DEBUG: justoneday 2018 261 /caldera/projects/usgs/water/impd/skagone/r37.0_tile0
02:14:48 ET_MOSAIC DEBUG: justoneday 2018 262 /caldera/projects/usgs/water/impd/skagone/r37.0_tile0
02:16:08 ET_MOSAIC DEBUG: justoneday 2018 263 /caldera/projects/usgs/water/impd/skagone/r37.0_tile0
02:17:27 ET_MOSAIC DEBUG: justoneday 2018 264 /caldera/projects/usgs/water/impd/skagone/r37.0_tile0
02:18:46 ET_MOSAIC DEBUG: justoneday 2018 265 /caldera/projects/usgs/water/impd/skagone/r37.0_tile0
02:20:04 ET_MOSAIC DEBUG: justoneday 2018 266 /caldera/projects/usgs/water/impd/skagone/r37.0_tile0
02:21:22 ET_MOSAIC DEBUG: justoneday 2018 267 /caldera/projects/usgs/water/impd/skagone/r37.0_tile0
02:22:40 ET_MOSAIC DEBUG: justoneday 2018 268 /caldera/projects/usgs/water/impd/skagone/r37.0_tile0
02:23:57 ET_MOSAIC DEBUG: justoneday 2018 269 /caldera/projects/usgs/water/impd/skagone/r37.0_tile0
02:25:14 ET_MOSAIC DEBUG: justoneday 2018 270 /caldera/projects/usgs/water/impd/skagone/r37.0_tile0
02:26:31 ET_MOSAIC DEBUG: justoneday 2018 271 /caldera/projects/usgs/water/impd/skagone/r37.0_tile0
02:27:48 ET_MOSAIC DEBUG: justoneday 2018 272 /caldera/projects/usgs/water/impd/skagone/r37.0_tile0
02:29:06 ET_MOSAIC DEBUG: justoneday 2018 273 /caldera/projects/usgs/water/impd/skagone/r37.0_tile0
02:30:23 ET_MOSAIC DEBUG: justoneday 2018 274 /caldera/projects/usgs/water/impd/skagone/r37.0_tile0
02:31:42 ET_MOSAIC DEBUG: justoneday 2018 275 /caldera/projects/usgs/water/impd/skagone/r37.0_tile0
02:33:02 ET_MOSAIC DEBUG: justoneday 2018 276 /caldera/projects/usgs/water/impd/skagone/r37.0_tile0
02:34:20 ET_MOSAIC DEBUG: justoneday 2018 277 /caldera/projects/usgs/water/impd/skagone/r37.0_tile0
02:35:40 ET_MOSAIC DEBUG: justoneday 2018 278 /caldera/projects/usgs/water/impd/skagone/r37.0_tile0
02:36:58 ET_MOSAIC DEBUG: justoneday 2018 279 /caldera/projects/usgs/water/impd/skagone/r37.0_tile0
02:38:15 ET_MOSAIC DEBUG: justoneday 2018 280 /caldera/projects/usgs/water/impd/skagone/r37.0_tile0
02:39:29 ET_MOSAIC DEBUG: justoneday 2018 281 /caldera/projects/usgs/water/impd/skagone/r37.0_tile0
02:40:43 ET_MOSAIC DEBUG: justoneday 2018 282 /caldera/projects/usgs/water/impd/skagone/r37.0_tile0
02:41:57 ET_MOSAIC DEBUG: justoneday 2018 283 /caldera/projects/usgs/water/impd/skagone/r37.0_tile0
02:43:09 ET_MOSAIC DEBUG: justoneday 2018 284 /caldera/projects/usgs/water/impd/skagone/r37.0_tile0
02:44:23 ET_MOSAIC DEBUG: justoneday 2018 285 /caldera/projects/usgs/water/impd/skagone/r37.0_tile0
02:45:36 ET_MOSAIC DEBUG: justoneday 2018 286 /caldera/projects/usgs/water/impd/skagone/r37.0_tile0
02:46:49 ET_MOSAIC DEBUG: justoneday 2018 287 /caldera/projects/usgs/water/impd/skagone/r37.0_tile0
02:48:03 ET_MOSAIC DEBUG: justoneday 2018 288 /caldera/projects/usgs/water/impd/skagone/r37.0_tile0
02:49:15 ET_MOSAIC DEBUG: justoneday 2018 289 /caldera/projects/usgs/water/impd/skagone/r37.0_tile0
02:50:27 ET_MOSAIC DEBUG: justoneday 2018 290 /caldera/projects/usgs/water/impd/skagone/r37.0_tile0
02:51:39 ET_MOSAIC DEBUG: justoneday 2018 291 /caldera/projects/usgs/water/impd/skagone/r37.0_tile0
02:52:51 ET_MOSAIC DEBUG: justoneday 2018 292 /caldera/projects/usgs/water/impd/skagone/r37.0_tile0
02:54:03 ET_MOSAIC DEBUG: justoneday 2018 293 /caldera/projects/usgs/water/impd/skagone/r37.0_tile0
02:55:15 ET_MOSAIC DEBUG: justoneday 2018 294 /caldera/projects/usgs/water/impd/skagone/r37.0_tile0
02:56:27 ET_MOSAIC DEBUG: justoneday 2018 295 /caldera/projects/usgs/water/impd/skagone/r37.0_tile0
02:57:39 ET_MOSAIC DEBUG: justoneday 2018 296 /caldera/projects/usgs/water/impd/skagone/r37.0_tile0
02:58:51 ET_MOSAIC DEBUG: justoneday 2018 297 /caldera/projects/usgs/water/impd/skagone/r37.0_tile0
03:00:04 ET_MOSAIC DEBUG: justoneday 2018 298 /caldera/projects/usgs/water/impd/skagone/r37.0_tile0
03:01:15 ET_MOSAIC DEBUG: justoneday 2018 299 /caldera/projects/usgs/water/impd/skagone/r37.0_tile0
03:02:27 ET_MOSAIC DEBUG: justoneday 2018 300 /caldera/projects/usgs/water/impd/skagone/r37.0_tile0
03:03:38 ET_MOSAIC DEBUG: justoneday 2018 301 /caldera/projects/usgs/water/impd/skagone/r37.0_tile0
03:04:50 ET_MOSAIC DEBUG: justoneday 2018 302 /caldera/projects/usgs/water/impd/skagone/r37.0_tile0
03:06:02 ET_MOSAIC DEBUG: justoneday 2018 303 /caldera/projects/usgs/water/impd/skagone/r37.0_tile0
03:07:13 ET_MOSAIC DEBUG: justoneday 2018 304 /caldera/projects/usgs/water/impd/skagone/r37.0_tile0
03:08:24 ET_MOSAIC DEBUG: justoneday 2018 305 /caldera/projects/usgs/water/impd/skagone/r37.0_tile0
03:09:36 ET_MOSAIC DEBUG: justoneday 2018 306 /caldera/projects/usgs/water/impd/skagone/r37.0_tile0
03:10:46 ET_MOSAIC DEBUG: justoneday 2018 307 /caldera/projects/usgs/water/impd/skagone/r37.0_tile0
03:11:57 ET_MOSAIC DEBUG: justoneday 2018 308 /caldera/projects/usgs/water/impd/skagone/r37.0_tile0
03:13:07 ET_MOSAIC DEBUG: justoneday 2018 309 /caldera/projects/usgs/water/impd/skagone/r37.0_tile0
03:14:18 ET_MOSAIC DEBUG: justoneday 2018 310 /caldera/projects/usgs/water/impd/skagone/r37.0_tile0
03:15:29 ET_MOSAIC DEBUG: justoneday 2018 311 /caldera/projects/usgs/water/impd/skagone/r37.0_tile0
03:16:39 ET_MOSAIC DEBUG: justoneday 2018 312 /caldera/projects/usgs/water/impd/skagone/r37.0_tile0
03:17:51 ET_MOSAIC DEBUG: justoneday 2018 313 /caldera/projects/usgs/water/impd/skagone/r37.0_tile0
03:19:03 ET_MOSAIC DEBUG: justoneday 2018 314 /caldera/projects/usgs/water/impd/skagone/r37.0_tile0
03:20:14 ET_MOSAIC DEBUG: justoneday 2018 315 /caldera/projects/usgs/water/impd/skagone/r37.0_tile0
03:21:25 ET_MOSAIC DEBUG: justoneday 2018 316 /caldera/projects/usgs/water/impd/skagone/r37.0_tile0
03:22:36 ET_MOSAIC DEBUG: justoneday 2018 317 /caldera/projects/usgs/water/impd/skagone/r37.0_tile0
03:23:47 ET_MOSAIC DEBUG: justoneday 2018 318 /caldera/projects/usgs/water/impd/skagone/r37.0_tile0
03:24:58 ET_MOSAIC DEBUG: justoneday 2018 319 /caldera/projects/usgs/water/impd/skagone/r37.0_tile0
03:26:09 ET_MOSAIC DEBUG: justoneday 2018 320 /caldera/projects/usgs/water/impd/skagone/r37.0_tile0
03:27:20 ET_MOSAIC DEBUG: justoneday 2018 321 /caldera/projects/usgs/water/impd/skagone/r37.0_tile0
03:28:31 ET_MOSAIC DEBUG: justoneday 2018 322 /caldera/projects/usgs/water/impd/skagone/r37.0_tile0
03:29:42 ET_MOSAIC DEBUG: justoneday 2018 323 /caldera/projects/usgs/water/impd/skagone/r37.0_tile0
03:30:53 ET_MOSAIC DEBUG: justoneday 2018 324 /caldera/projects/usgs/water/impd/skagone/r37.0_tile0
03:32:04 ET_MOSAIC DEBUG: justoneday 2018 325 /caldera/projects/usgs/water/impd/skagone/r37.0_tile0
03:33:15 ET_MOSAIC DEBUG: justoneday 2018 326 /caldera/projects/usgs/water/impd/skagone/r37.0_tile0
03:34:26 ET_MOSAIC DEBUG: justoneday 2018 327 /caldera/projects/usgs/water/impd/skagone/r37.0_tile0
03:35:36 ET_MOSAIC DEBUG: justoneday 2018 328 /caldera/projects/usgs/water/impd/skagone/r37.0_tile0
03:36:46 ET_MOSAIC DEBUG: justoneday 2018 329 /caldera/projects/usgs/water/impd/skagone/r37.0_tile0
03:37:57 ET_MOSAIC DEBUG: justoneday 2018 330 /caldera/projects/usgs/water/impd/skagone/r37.0_tile0
03:39:07 ET_MOSAIC DEBUG: justoneday 2018 331 /caldera/projects/usgs/water/impd/skagone/r37.0_tile0
03:40:17 ET_MOSAIC DEBUG: justoneday 2018 332 /caldera/projects/usgs/water/impd/skagone/r37.0_tile0
03:41:29 ET_MOSAIC DEBUG: justoneday 2018 333 /caldera/projects/usgs/water/impd/skagone/r37.0_tile0
03:42:40 ET_MOSAIC DEBUG: justoneday 2018 334 /caldera/projects/usgs/water/impd/skagone/r37.0_tile0
03:43:53 ET_MOSAIC DEBUG: justoneday 2018 335 /caldera/projects/usgs/water/impd/skagone/r37.0_tile0
03:45:04 ET_MOSAIC DEBUG: justoneday 2018 336 /caldera/projects/usgs/water/impd/skagone/r37.0_tile0
03:46:14 ET_MOSAIC DEBUG: justoneday 2018 337 /caldera/projects/usgs/water/impd/skagone/r37.0_tile0
03:47:24 ET_MOSAIC DEBUG: justoneday 2018 338 /caldera/projects/usgs/water/impd/skagone/r37.0_tile0
03:48:33 ET_MOSAIC DEBUG: justoneday 2018 339 /caldera/projects/usgs/water/impd/skagone/r37.0_tile0
03:49:44 ET_MOSAIC DEBUG: justoneday 2018 340 /caldera/projects/usgs/water/impd/skagone/r37.0_tile0
03:50:54 ET_MOSAIC DEBUG: justoneday 2018 341 /caldera/projects/usgs/water/impd/skagone/r37.0_tile0
03:52:04 ET_MOSAIC DEBUG: justoneday 2018 342 /caldera/projects/usgs/water/impd/skagone/r37.0_tile0
03:53:14 ET_MOSAIC DEBUG: justoneday 2018 343 /caldera/projects/usgs/water/impd/skagone/r37.0_tile0
03:54:25 ET_MOSAIC DEBUG: justoneday 2018 344 /caldera/projects/usgs/water/impd/skagone/r37.0_tile0
03:55:35 ET_MOSAIC DEBUG: justoneday 2018 345 /caldera/projects/usgs/water/impd/skagone/r37.0_tile0
03:56:46 ET_MOSAIC DEBUG: justoneday 2018 346 /caldera/projects/usgs/water/impd/skagone/r37.0_tile0
03:57:55 ET_MOSAIC DEBUG: justoneday 2018 347 /caldera/projects/usgs/water/impd/skagone/r37.0_tile0
03:59:04 ET_MOSAIC DEBUG: justoneday 2018 348 /caldera/projects/usgs/water/impd/skagone/r37.0_tile0
04:00:13 ET_MOSAIC DEBUG: justoneday 2018 349 /caldera/projects/usgs/water/impd/skagone/r37.0_tile0
04:01:22 ET_MOSAIC DEBUG: justoneday 2018 350 /caldera/projects/usgs/water/impd/skagone/r37.0_tile0
04:02:30 ET_MOSAIC DEBUG: justoneday 2018 351 /caldera/projects/usgs/water/impd/skagone/r37.0_tile0
04:03:39 ET_MOSAIC DEBUG: justoneday 2018 352 /caldera/projects/usgs/water/impd/skagone/r37.0_tile0
04:04:47 ET_MOSAIC DEBUG: justoneday 2018 353 /caldera/projects/usgs/water/impd/skagone/r37.0_tile0
04:05:54 ET_MOSAIC DEBUG: justoneday 2018 354 /caldera/projects/usgs/water/impd/skagone/r37.0_tile0
04:07:02 ET_MOSAIC DEBUG: justoneday 2018 355 /caldera/projects/usgs/water/impd/skagone/r37.0_tile0
04:08:10 ET_MOSAIC DEBUG: justoneday 2018 356 /caldera/projects/usgs/water/impd/skagone/r37.0_tile0
04:09:18 ET_MOSAIC DEBUG: justoneday 2018 357 /caldera/projects/usgs/water/impd/skagone/r37.0_tile0
04:10:26 ET_MOSAIC DEBUG: justoneday 2018 358 /caldera/projects/usgs/water/impd/skagone/r37.0_tile0
04:11:33 ET_MOSAIC DEBUG: justoneday 2018 359 /caldera/projects/usgs/water/impd/skagone/r37.0_tile0
04:12:41 ET_MOSAIC DEBUG: justoneday 2018 360 /caldera/projects/usgs/water/impd/skagone/r37.0_tile0
04:13:49 ET_MOSAIC DEBUG: justoneday 2018 361 /caldera/projects/usgs/water/impd/skagone/r37.0_tile0
04:14:56 ET_MOSAIC DEBUG: justoneday 2018 362 /caldera/projects/usgs/water/impd/skagone/r37.0_tile0
04:16:04 ET_MOSAIC DEBUG: justoneday 2018 363 /caldera/projects/usgs/water/impd/skagone/r37.0_tile0
04:17:11 ET_MOSAIC DEBUG: justoneday 2018 364 /caldera/projects/usgs/water/impd/skagone/r37.0_tile0
04:18:18 ET_MOSAIC DEBUG: justoneday 2018 365 /caldera/projects/usgs/water/impd/skagone/r37.0_tile0
04:20:07 ET_MOSAIC DEBUG: this is how you call one of your functions
04:20:07 ET_MOSAIC DEBUG: hello from Conus_mosaic class
04:20:07 ET_MOSAIC DEBUG: Mosaicking ['netet'] in /caldera/projects/usgs/water/impd/skagone and put it in /caldera/projects/usgs/water/impd/skagone/conus_mos_completed/2019 for 2019
04:20:07 ET_MOSAIC DEBUG: run_mosaic
04:20:07 ET_MOSAIC DEBUG: Mosaic this product: netet
04:20:07 ET_MOSAIC DEBUG: /caldera/projects/usgs/water/impd/skagone/
04:20:07 ET_MOSAIC DEBUG: justoneday 2019 1 /caldera/projects/usgs/water/impd/skagone/r37.0_tile0
Warning 1: +init=epsg:XXXX syntax is deprecated. It might return a CRS with a non-EPSG compliant axis order.
04:21:20 ET_MOSAIC DEBUG: justoneday 2019 2 /caldera/projects/usgs/water/impd/skagone/r37.0_tile0
04:22:37 ET_MOSAIC DEBUG: justoneday 2019 3 /caldera/projects/usgs/water/impd/skagone/r37.0_tile0
04:23:57 ET_MOSAIC DEBUG: justoneday 2019 4 /caldera/projects/usgs/water/impd/skagone/r37.0_tile0
04:25:16 ET_MOSAIC DEBUG: justoneday 2019 5 /caldera/projects/usgs/water/impd/skagone/r37.0_tile0
04:26:35 ET_MOSAIC DEBUG: justoneday 2019 6 /caldera/projects/usgs/water/impd/skagone/r37.0_tile0
04:27:55 ET_MOSAIC DEBUG: justoneday 2019 7 /caldera/projects/usgs/water/impd/skagone/r37.0_tile0
04:29:15 ET_MOSAIC DEBUG: justoneday 2019 8 /caldera/projects/usgs/water/impd/skagone/r37.0_tile0
04:30:36 ET_MOSAIC DEBUG: justoneday 2019 9 /caldera/projects/usgs/water/impd/skagone/r37.0_tile0
04:31:57 ET_MOSAIC DEBUG: justoneday 2019 10 /caldera/projects/usgs/water/impd/skagone/r37.0_tile0
04:33:17 ET_MOSAIC DEBUG: justoneday 2019 11 /caldera/projects/usgs/water/impd/skagone/r37.0_tile0
04:34:38 ET_MOSAIC DEBUG: justoneday 2019 12 /caldera/projects/usgs/water/impd/skagone/r37.0_tile0
04:35:49 ET_MOSAIC DEBUG: justoneday 2019 13 /caldera/projects/usgs/water/impd/skagone/r37.0_tile0
04:37:17 ET_MOSAIC DEBUG: justoneday 2019 14 /caldera/projects/usgs/water/impd/skagone/r37.0_tile0
04:38:40 ET_MOSAIC DEBUG: justoneday 2019 15 /caldera/projects/usgs/water/impd/skagone/r37.0_tile0
04:39:59 ET_MOSAIC DEBUG: justoneday 2019 16 /caldera/projects/usgs/water/impd/skagone/r37.0_tile0
04:41:18 ET_MOSAIC DEBUG: justoneday 2019 17 /caldera/projects/usgs/water/impd/skagone/r37.0_tile0
04:42:36 ET_MOSAIC DEBUG: justoneday 2019 18 /caldera/projects/usgs/water/impd/skagone/r37.0_tile0
04:43:54 ET_MOSAIC DEBUG: justoneday 2019 19 /caldera/projects/usgs/water/impd/skagone/r37.0_tile0
04:45:13 ET_MOSAIC DEBUG: justoneday 2019 20 /caldera/projects/usgs/water/impd/skagone/r37.0_tile0
04:46:31 ET_MOSAIC DEBUG: justoneday 2019 21 /caldera/projects/usgs/water/impd/skagone/r37.0_tile0
04:47:49 ET_MOSAIC DEBUG: justoneday 2019 22 /caldera/projects/usgs/water/impd/skagone/r37.0_tile0
04:49:07 ET_MOSAIC DEBUG: justoneday 2019 23 /caldera/projects/usgs/water/impd/skagone/r37.0_tile0
04:50:25 ET_MOSAIC DEBUG: justoneday 2019 24 /caldera/projects/usgs/water/impd/skagone/r37.0_tile0
04:51:43 ET_MOSAIC DEBUG: justoneday 2019 25 /caldera/projects/usgs/water/impd/skagone/r37.0_tile0
04:53:00 ET_MOSAIC DEBUG: justoneday 2019 26 /caldera/projects/usgs/water/impd/skagone/r37.0_tile0
04:54:18 ET_MOSAIC DEBUG: justoneday 2019 27 /caldera/projects/usgs/water/impd/skagone/r37.0_tile0
04:55:37 ET_MOSAIC DEBUG: justoneday 2019 28 /caldera/projects/usgs/water/impd/skagone/r37.0_tile0
04:56:56 ET_MOSAIC DEBUG: justoneday 2019 29 /caldera/projects/usgs/water/impd/skagone/r37.0_tile0
04:58:14 ET_MOSAIC DEBUG: justoneday 2019 30 /caldera/projects/usgs/water/impd/skagone/r37.0_tile0
04:59:33 ET_MOSAIC DEBUG: justoneday 2019 31 /caldera/projects/usgs/water/impd/skagone/r37.0_tile0
05:00:51 ET_MOSAIC DEBUG: justoneday 2019 32 /caldera/projects/usgs/water/impd/skagone/r37.0_tile0
05:02:05 ET_MOSAIC DEBUG: justoneday 2019 33 /caldera/projects/usgs/water/impd/skagone/r37.0_tile0
05:03:23 ET_MOSAIC DEBUG: justoneday 2019 34 /caldera/projects/usgs/water/impd/skagone/r37.0_tile0
05:04:40 ET_MOSAIC DEBUG: justoneday 2019 35 /caldera/projects/usgs/water/impd/skagone/r37.0_tile0
05:05:58 ET_MOSAIC DEBUG: justoneday 2019 36 /caldera/projects/usgs/water/impd/skagone/r37.0_tile0
05:07:09 ET_MOSAIC DEBUG: justoneday 2019 37 /caldera/projects/usgs/water/impd/skagone/r37.0_tile0
05:08:27 ET_MOSAIC DEBUG: justoneday 2019 38 /caldera/projects/usgs/water/impd/skagone/r37.0_tile0
05:09:42 ET_MOSAIC DEBUG: justoneday 2019 39 /caldera/projects/usgs/water/impd/skagone/r37.0_tile0
05:10:49 ET_MOSAIC DEBUG: justoneday 2019 40 /caldera/projects/usgs/water/impd/skagone/r37.0_tile0
05:11:58 ET_MOSAIC DEBUG: justoneday 2019 41 /caldera/projects/usgs/water/impd/skagone/r37.0_tile0
05:13:15 ET_MOSAIC DEBUG: justoneday 2019 42 /caldera/projects/usgs/water/impd/skagone/r37.0_tile0
05:14:22 ET_MOSAIC DEBUG: justoneday 2019 43 /caldera/projects/usgs/water/impd/skagone/r37.0_tile0
05:15:40 ET_MOSAIC DEBUG: justoneday 2019 44 /caldera/projects/usgs/water/impd/skagone/r37.0_tile0
05:16:54 ET_MOSAIC DEBUG: justoneday 2019 45 /caldera/projects/usgs/water/impd/skagone/r37.0_tile0
05:18:00 ET_MOSAIC DEBUG: justoneday 2019 46 /caldera/projects/usgs/water/impd/skagone/r37.0_tile0
05:19:17 ET_MOSAIC DEBUG: justoneday 2019 47 /caldera/projects/usgs/water/impd/skagone/r37.0_tile0
05:20:32 ET_MOSAIC DEBUG: justoneday 2019 48 /caldera/projects/usgs/water/impd/skagone/r37.0_tile0
05:21:38 ET_MOSAIC DEBUG: justoneday 2019 49 /caldera/projects/usgs/water/impd/skagone/r37.0_tile0
05:22:50 ET_MOSAIC DEBUG: justoneday 2019 50 /caldera/projects/usgs/water/impd/skagone/r37.0_tile0
05:24:08 ET_MOSAIC DEBUG: justoneday 2019 51 /caldera/projects/usgs/water/impd/skagone/r37.0_tile0
05:25:15 ET_MOSAIC DEBUG: justoneday 2019 52 /caldera/projects/usgs/water/impd/skagone/r37.0_tile0
05:26:26 ET_MOSAIC DEBUG: justoneday 2019 53 /caldera/projects/usgs/water/impd/skagone/r37.0_tile0
05:27:39 ET_MOSAIC DEBUG: justoneday 2019 54 /caldera/projects/usgs/water/impd/skagone/r37.0_tile0
05:28:51 ET_MOSAIC DEBUG: justoneday 2019 55 /caldera/projects/usgs/water/impd/skagone/r37.0_tile0
05:30:03 ET_MOSAIC DEBUG: justoneday 2019 56 /caldera/projects/usgs/water/impd/skagone/r37.0_tile0
05:31:15 ET_MOSAIC DEBUG: justoneday 2019 57 /caldera/projects/usgs/water/impd/skagone/r37.0_tile0
05:32:27 ET_MOSAIC DEBUG: justoneday 2019 58 /caldera/projects/usgs/water/impd/skagone/r37.0_tile0
05:33:35 ET_MOSAIC DEBUG: justoneday 2019 59 /caldera/projects/usgs/water/impd/skagone/r37.0_tile0
05:34:44 ET_MOSAIC DEBUG: justoneday 2019 60 /caldera/projects/usgs/water/impd/skagone/r37.0_tile0
05:35:56 ET_MOSAIC DEBUG: justoneday 2019 61 /caldera/projects/usgs/water/impd/skagone/r37.0_tile0
05:37:08 ET_MOSAIC DEBUG: justoneday 2019 62 /caldera/projects/usgs/water/impd/skagone/r37.0_tile0
05:38:18 ET_MOSAIC DEBUG: justoneday 2019 63 /caldera/projects/usgs/water/impd/skagone/r37.0_tile0
05:39:24 ET_MOSAIC DEBUG: justoneday 2019 64 /caldera/projects/usgs/water/impd/skagone/r37.0_tile0
05:40:30 ET_MOSAIC DEBUG: justoneday 2019 65 /caldera/projects/usgs/water/impd/skagone/r37.0_tile0
05:41:36 ET_MOSAIC DEBUG: justoneday 2019 66 /caldera/projects/usgs/water/impd/skagone/r37.0_tile0
05:42:48 ET_MOSAIC DEBUG: justoneday 2019 67 /caldera/projects/usgs/water/impd/skagone/r37.0_tile0
05:43:55 ET_MOSAIC DEBUG: justoneday 2019 68 /caldera/projects/usgs/water/impd/skagone/r37.0_tile0
05:45:01 ET_MOSAIC DEBUG: justoneday 2019 69 /caldera/projects/usgs/water/impd/skagone/r37.0_tile0
05:46:08 ET_MOSAIC DEBUG: justoneday 2019 70 /caldera/projects/usgs/water/impd/skagone/r37.0_tile0
05:47:14 ET_MOSAIC DEBUG: justoneday 2019 71 /caldera/projects/usgs/water/impd/skagone/r37.0_tile0
05:48:21 ET_MOSAIC DEBUG: justoneday 2019 72 /caldera/projects/usgs/water/impd/skagone/r37.0_tile0
05:49:27 ET_MOSAIC DEBUG: justoneday 2019 73 /caldera/projects/usgs/water/impd/skagone/r37.0_tile0
05:50:33 ET_MOSAIC DEBUG: justoneday 2019 74 /caldera/projects/usgs/water/impd/skagone/r37.0_tile0
05:51:39 ET_MOSAIC DEBUG: justoneday 2019 75 /caldera/projects/usgs/water/impd/skagone/r37.0_tile0
05:52:45 ET_MOSAIC DEBUG: justoneday 2019 76 /caldera/projects/usgs/water/impd/skagone/r37.0_tile0
05:53:51 ET_MOSAIC DEBUG: justoneday 2019 77 /caldera/projects/usgs/water/impd/skagone/r37.0_tile0
05:54:58 ET_MOSAIC DEBUG: justoneday 2019 78 /caldera/projects/usgs/water/impd/skagone/r37.0_tile0
05:56:04 ET_MOSAIC DEBUG: justoneday 2019 79 /caldera/projects/usgs/water/impd/skagone/r37.0_tile0
05:57:10 ET_MOSAIC DEBUG: justoneday 2019 80 /caldera/projects/usgs/water/impd/skagone/r37.0_tile0
05:58:16 ET_MOSAIC DEBUG: justoneday 2019 81 /caldera/projects/usgs/water/impd/skagone/r37.0_tile0
05:59:21 ET_MOSAIC DEBUG: justoneday 2019 82 /caldera/projects/usgs/water/impd/skagone/r37.0_tile0
06:00:28 ET_MOSAIC DEBUG: justoneday 2019 83 /caldera/projects/usgs/water/impd/skagone/r37.0_tile0
06:01:35 ET_MOSAIC DEBUG: justoneday 2019 84 /caldera/projects/usgs/water/impd/skagone/r37.0_tile0
06:02:42 ET_MOSAIC DEBUG: justoneday 2019 85 /caldera/projects/usgs/water/impd/skagone/r37.0_tile0
06:03:49 ET_MOSAIC DEBUG: justoneday 2019 86 /caldera/projects/usgs/water/impd/skagone/r37.0_tile0
06:04:56 ET_MOSAIC DEBUG: justoneday 2019 87 /caldera/projects/usgs/water/impd/skagone/r37.0_tile0
06:06:04 ET_MOSAIC DEBUG: justoneday 2019 88 /caldera/projects/usgs/water/impd/skagone/r37.0_tile0
06:07:12 ET_MOSAIC DEBUG: justoneday 2019 89 /caldera/projects/usgs/water/impd/skagone/r37.0_tile0
06:08:20 ET_MOSAIC DEBUG: justoneday 2019 90 /caldera/projects/usgs/water/impd/skagone/r37.0_tile0
06:09:27 ET_MOSAIC DEBUG: justoneday 2019 91 /caldera/projects/usgs/water/impd/skagone/r37.0_tile0
06:10:36 ET_MOSAIC DEBUG: justoneday 2019 92 /caldera/projects/usgs/water/impd/skagone/r37.0_tile0
06:11:44 ET_MOSAIC DEBUG: justoneday 2019 93 /caldera/projects/usgs/water/impd/skagone/r37.0_tile0
06:12:52 ET_MOSAIC DEBUG: justoneday 2019 94 /caldera/projects/usgs/water/impd/skagone/r37.0_tile0
06:13:59 ET_MOSAIC DEBUG: justoneday 2019 95 /caldera/projects/usgs/water/impd/skagone/r37.0_tile0
06:15:07 ET_MOSAIC DEBUG: justoneday 2019 96 /caldera/projects/usgs/water/impd/skagone/r37.0_tile0
06:16:14 ET_MOSAIC DEBUG: justoneday 2019 97 /caldera/projects/usgs/water/impd/skagone/r37.0_tile0
06:17:21 ET_MOSAIC DEBUG: justoneday 2019 98 /caldera/projects/usgs/water/impd/skagone/r37.0_tile0
06:18:28 ET_MOSAIC DEBUG: justoneday 2019 99 /caldera/projects/usgs/water/impd/skagone/r37.0_tile0
06:19:35 ET_MOSAIC DEBUG: justoneday 2019 100 /caldera/projects/usgs/water/impd/skagone/r37.0_tile0
06:20:42 ET_MOSAIC DEBUG: justoneday 2019 101 /caldera/projects/usgs/water/impd/skagone/r37.0_tile0
06:21:49 ET_MOSAIC DEBUG: justoneday 2019 102 /caldera/projects/usgs/water/impd/skagone/r37.0_tile0
06:22:57 ET_MOSAIC DEBUG: justoneday 2019 103 /caldera/projects/usgs/water/impd/skagone/r37.0_tile0
06:24:04 ET_MOSAIC DEBUG: justoneday 2019 104 /caldera/projects/usgs/water/impd/skagone/r37.0_tile0
06:25:11 ET_MOSAIC DEBUG: justoneday 2019 105 /caldera/projects/usgs/water/impd/skagone/r37.0_tile0
06:26:18 ET_MOSAIC DEBUG: justoneday 2019 106 /caldera/projects/usgs/water/impd/skagone/r37.0_tile0
06:27:25 ET_MOSAIC DEBUG: justoneday 2019 107 /caldera/projects/usgs/water/impd/skagone/r37.0_tile0
06:28:32 ET_MOSAIC DEBUG: justoneday 2019 108 /caldera/projects/usgs/water/impd/skagone/r37.0_tile0
06:29:40 ET_MOSAIC DEBUG: justoneday 2019 109 /caldera/projects/usgs/water/impd/skagone/r37.0_tile0
06:30:47 ET_MOSAIC DEBUG: justoneday 2019 110 /caldera/projects/usgs/water/impd/skagone/r37.0_tile0
06:31:54 ET_MOSAIC DEBUG: justoneday 2019 111 /caldera/projects/usgs/water/impd/skagone/r37.0_tile0
06:33:01 ET_MOSAIC DEBUG: justoneday 2019 112 /caldera/projects/usgs/water/impd/skagone/r37.0_tile0
06:34:09 ET_MOSAIC DEBUG: justoneday 2019 113 /caldera/projects/usgs/water/impd/skagone/r37.0_tile0
06:35:16 ET_MOSAIC DEBUG: justoneday 2019 114 /caldera/projects/usgs/water/impd/skagone/r37.0_tile0
06:36:23 ET_MOSAIC DEBUG: justoneday 2019 115 /caldera/projects/usgs/water/impd/skagone/r37.0_tile0
06:37:31 ET_MOSAIC DEBUG: justoneday 2019 116 /caldera/projects/usgs/water/impd/skagone/r37.0_tile0
06:38:38 ET_MOSAIC DEBUG: justoneday 2019 117 /caldera/projects/usgs/water/impd/skagone/r37.0_tile0
06:39:46 ET_MOSAIC DEBUG: justoneday 2019 118 /caldera/projects/usgs/water/impd/skagone/r37.0_tile0
06:40:54 ET_MOSAIC DEBUG: justoneday 2019 119 /caldera/projects/usgs/water/impd/skagone/r37.0_tile0
06:42:02 ET_MOSAIC DEBUG: justoneday 2019 120 /caldera/projects/usgs/water/impd/skagone/r37.0_tile0
06:43:10 ET_MOSAIC DEBUG: justoneday 2019 121 /caldera/projects/usgs/water/impd/skagone/r37.0_tile0
06:44:18 ET_MOSAIC DEBUG: justoneday 2019 122 /caldera/projects/usgs/water/impd/skagone/r37.0_tile0
06:45:26 ET_MOSAIC DEBUG: justoneday 2019 123 /caldera/projects/usgs/water/impd/skagone/r37.0_tile0
06:46:33 ET_MOSAIC DEBUG: justoneday 2019 124 /caldera/projects/usgs/water/impd/skagone/r37.0_tile0
06:47:41 ET_MOSAIC DEBUG: justoneday 2019 125 /caldera/projects/usgs/water/impd/skagone/r37.0_tile0
06:48:54 ET_MOSAIC DEBUG: justoneday 2019 126 /caldera/projects/usgs/water/impd/skagone/r37.0_tile0
06:50:03 ET_MOSAIC DEBUG: justoneday 2019 127 /caldera/projects/usgs/water/impd/skagone/r37.0_tile0
06:51:11 ET_MOSAIC DEBUG: justoneday 2019 128 /caldera/projects/usgs/water/impd/skagone/r37.0_tile0
06:52:19 ET_MOSAIC DEBUG: justoneday 2019 129 /caldera/projects/usgs/water/impd/skagone/r37.0_tile0
06:53:26 ET_MOSAIC DEBUG: justoneday 2019 130 /caldera/projects/usgs/water/impd/skagone/r37.0_tile0
06:54:34 ET_MOSAIC DEBUG: justoneday 2019 131 /caldera/projects/usgs/water/impd/skagone/r37.0_tile0
06:55:42 ET_MOSAIC DEBUG: justoneday 2019 132 /caldera/projects/usgs/water/impd/skagone/r37.0_tile0
06:56:52 ET_MOSAIC DEBUG: justoneday 2019 133 /caldera/projects/usgs/water/impd/skagone/r37.0_tile0
06:58:04 ET_MOSAIC DEBUG: justoneday 2019 134 /caldera/projects/usgs/water/impd/skagone/r37.0_tile0
06:59:13 ET_MOSAIC DEBUG: justoneday 2019 135 /caldera/projects/usgs/water/impd/skagone/r37.0_tile0
07:00:21 ET_MOSAIC DEBUG: justoneday 2019 136 /caldera/projects/usgs/water/impd/skagone/r37.0_tile0
07:01:30 ET_MOSAIC DEBUG: justoneday 2019 137 /caldera/projects/usgs/water/impd/skagone/r37.0_tile0
07:02:38 ET_MOSAIC DEBUG: justoneday 2019 138 /caldera/projects/usgs/water/impd/skagone/r37.0_tile0
07:03:47 ET_MOSAIC DEBUG: justoneday 2019 139 /caldera/projects/usgs/water/impd/skagone/r37.0_tile0
07:04:56 ET_MOSAIC DEBUG: justoneday 2019 140 /caldera/projects/usgs/water/impd/skagone/r37.0_tile0
07:06:05 ET_MOSAIC DEBUG: justoneday 2019 141 /caldera/projects/usgs/water/impd/skagone/r37.0_tile0
07:07:14 ET_MOSAIC DEBUG: justoneday 2019 142 /caldera/projects/usgs/water/impd/skagone/r37.0_tile0
07:08:23 ET_MOSAIC DEBUG: justoneday 2019 143 /caldera/projects/usgs/water/impd/skagone/r37.0_tile0
07:09:32 ET_MOSAIC DEBUG: justoneday 2019 144 /caldera/projects/usgs/water/impd/skagone/r37.0_tile0
07:10:42 ET_MOSAIC DEBUG: justoneday 2019 145 /caldera/projects/usgs/water/impd/skagone/r37.0_tile0
07:11:51 ET_MOSAIC DEBUG: justoneday 2019 146 /caldera/projects/usgs/water/impd/skagone/r37.0_tile0
07:13:01 ET_MOSAIC DEBUG: justoneday 2019 147 /caldera/projects/usgs/water/impd/skagone/r37.0_tile0
07:14:11 ET_MOSAIC DEBUG: justoneday 2019 148 /caldera/projects/usgs/water/impd/skagone/r37.0_tile0
07:15:21 ET_MOSAIC DEBUG: justoneday 2019 149 /caldera/projects/usgs/water/impd/skagone/r37.0_tile0
07:16:32 ET_MOSAIC DEBUG: justoneday 2019 150 /caldera/projects/usgs/water/impd/skagone/r37.0_tile0
07:17:44 ET_MOSAIC DEBUG: justoneday 2019 151 /caldera/projects/usgs/water/impd/skagone/r37.0_tile0
07:18:56 ET_MOSAIC DEBUG: justoneday 2019 152 /caldera/projects/usgs/water/impd/skagone/r37.0_tile0
07:20:07 ET_MOSAIC DEBUG: justoneday 2019 153 /caldera/projects/usgs/water/impd/skagone/r37.0_tile0
07:21:19 ET_MOSAIC DEBUG: justoneday 2019 154 /caldera/projects/usgs/water/impd/skagone/r37.0_tile0
07:22:32 ET_MOSAIC DEBUG: justoneday 2019 155 /caldera/projects/usgs/water/impd/skagone/r37.0_tile0
07:23:43 ET_MOSAIC DEBUG: justoneday 2019 156 /caldera/projects/usgs/water/impd/skagone/r37.0_tile0
07:24:55 ET_MOSAIC DEBUG: justoneday 2019 157 /caldera/projects/usgs/water/impd/skagone/r37.0_tile0
07:26:06 ET_MOSAIC DEBUG: justoneday 2019 158 /caldera/projects/usgs/water/impd/skagone/r37.0_tile0
07:27:17 ET_MOSAIC DEBUG: justoneday 2019 159 /caldera/projects/usgs/water/impd/skagone/r37.0_tile0
07:28:28 ET_MOSAIC DEBUG: justoneday 2019 160 /caldera/projects/usgs/water/impd/skagone/r37.0_tile0
07:29:39 ET_MOSAIC DEBUG: justoneday 2019 161 /caldera/projects/usgs/water/impd/skagone/r37.0_tile0
07:30:50 ET_MOSAIC DEBUG: justoneday 2019 162 /caldera/projects/usgs/water/impd/skagone/r37.0_tile0
07:32:01 ET_MOSAIC DEBUG: justoneday 2019 163 /caldera/projects/usgs/water/impd/skagone/r37.0_tile0
07:33:12 ET_MOSAIC DEBUG: justoneday 2019 164 /caldera/projects/usgs/water/impd/skagone/r37.0_tile0
07:34:25 ET_MOSAIC DEBUG: justoneday 2019 165 /caldera/projects/usgs/water/impd/skagone/r37.0_tile0
07:35:37 ET_MOSAIC DEBUG: justoneday 2019 166 /caldera/projects/usgs/water/impd/skagone/r37.0_tile0
07:36:50 ET_MOSAIC DEBUG: justoneday 2019 167 /caldera/projects/usgs/water/impd/skagone/r37.0_tile0
07:38:02 ET_MOSAIC DEBUG: justoneday 2019 168 /caldera/projects/usgs/water/impd/skagone/r37.0_tile0
07:39:15 ET_MOSAIC DEBUG: justoneday 2019 169 /caldera/projects/usgs/water/impd/skagone/r37.0_tile0
07:40:27 ET_MOSAIC DEBUG: justoneday 2019 170 /caldera/projects/usgs/water/impd/skagone/r37.0_tile0
07:41:39 ET_MOSAIC DEBUG: justoneday 2019 171 /caldera/projects/usgs/water/impd/skagone/r37.0_tile0
07:42:51 ET_MOSAIC DEBUG: justoneday 2019 172 /caldera/projects/usgs/water/impd/skagone/r37.0_tile0
07:44:04 ET_MOSAIC DEBUG: justoneday 2019 173 /caldera/projects/usgs/water/impd/skagone/r37.0_tile0
07:45:16 ET_MOSAIC DEBUG: justoneday 2019 174 /caldera/projects/usgs/water/impd/skagone/r37.0_tile0
07:46:29 ET_MOSAIC DEBUG: justoneday 2019 175 /caldera/projects/usgs/water/impd/skagone/r37.0_tile0
07:47:41 ET_MOSAIC DEBUG: justoneday 2019 176 /caldera/projects/usgs/water/impd/skagone/r37.0_tile0
07:48:54 ET_MOSAIC DEBUG: justoneday 2019 177 /caldera/projects/usgs/water/impd/skagone/r37.0_tile0
07:50:08 ET_MOSAIC DEBUG: justoneday 2019 178 /caldera/projects/usgs/water/impd/skagone/r37.0_tile0
07:51:21 ET_MOSAIC DEBUG: justoneday 2019 179 /caldera/projects/usgs/water/impd/skagone/r37.0_tile0
07:52:35 ET_MOSAIC DEBUG: justoneday 2019 180 /caldera/projects/usgs/water/impd/skagone/r37.0_tile0
07:53:49 ET_MOSAIC DEBUG: justoneday 2019 181 /caldera/projects/usgs/water/impd/skagone/r37.0_tile0
07:55:09 ET_MOSAIC DEBUG: justoneday 2019 182 /caldera/projects/usgs/water/impd/skagone/r37.0_tile0
07:56:24 ET_MOSAIC DEBUG: justoneday 2019 183 /caldera/projects/usgs/water/impd/skagone/r37.0_tile0
07:57:39 ET_MOSAIC DEBUG: justoneday 2019 184 /caldera/projects/usgs/water/impd/skagone/r37.0_tile0
07:58:56 ET_MOSAIC DEBUG: justoneday 2019 185 /caldera/projects/usgs/water/impd/skagone/r37.0_tile0
08:00:11 ET_MOSAIC DEBUG: justoneday 2019 186 /caldera/projects/usgs/water/impd/skagone/r37.0_tile0
08:01:27 ET_MOSAIC DEBUG: justoneday 2019 187 /caldera/projects/usgs/water/impd/skagone/r37.0_tile0
08:02:42 ET_MOSAIC DEBUG: justoneday 2019 188 /caldera/projects/usgs/water/impd/skagone/r37.0_tile0
08:03:58 ET_MOSAIC DEBUG: justoneday 2019 189 /caldera/projects/usgs/water/impd/skagone/r37.0_tile0
08:05:14 ET_MOSAIC DEBUG: justoneday 2019 190 /caldera/projects/usgs/water/impd/skagone/r37.0_tile0
08:06:30 ET_MOSAIC DEBUG: justoneday 2019 191 /caldera/projects/usgs/water/impd/skagone/r37.0_tile0
08:07:46 ET_MOSAIC DEBUG: justoneday 2019 192 /caldera/projects/usgs/water/impd/skagone/r37.0_tile0
08:09:03 ET_MOSAIC DEBUG: justoneday 2019 193 /caldera/projects/usgs/water/impd/skagone/r37.0_tile0
08:10:20 ET_MOSAIC DEBUG: justoneday 2019 194 /caldera/projects/usgs/water/impd/skagone/r37.0_tile0
08:11:38 ET_MOSAIC DEBUG: justoneday 2019 195 /caldera/projects/usgs/water/impd/skagone/r37.0_tile0
08:12:55 ET_MOSAIC DEBUG: justoneday 2019 196 /caldera/projects/usgs/water/impd/skagone/r37.0_tile0
08:14:13 ET_MOSAIC DEBUG: justoneday 2019 197 /caldera/projects/usgs/water/impd/skagone/r37.0_tile0
08:15:30 ET_MOSAIC DEBUG: justoneday 2019 198 /caldera/projects/usgs/water/impd/skagone/r37.0_tile0
08:16:47 ET_MOSAIC DEBUG: justoneday 2019 199 /caldera/projects/usgs/water/impd/skagone/r37.0_tile0
08:18:05 ET_MOSAIC DEBUG: justoneday 2019 200 /caldera/projects/usgs/water/impd/skagone/r37.0_tile0
08:19:23 ET_MOSAIC DEBUG: justoneday 2019 201 /caldera/projects/usgs/water/impd/skagone/r37.0_tile0
08:20:41 ET_MOSAIC DEBUG: justoneday 2019 202 /caldera/projects/usgs/water/impd/skagone/r37.0_tile0
08:21:59 ET_MOSAIC DEBUG: justoneday 2019 203 /caldera/projects/usgs/water/impd/skagone/r37.0_tile0
08:23:20 ET_MOSAIC DEBUG: justoneday 2019 204 /caldera/projects/usgs/water/impd/skagone/r37.0_tile0
08:24:40 ET_MOSAIC DEBUG: justoneday 2019 205 /caldera/projects/usgs/water/impd/skagone/r37.0_tile0
08:25:58 ET_MOSAIC DEBUG: justoneday 2019 206 /caldera/projects/usgs/water/impd/skagone/r37.0_tile0
08:27:15 ET_MOSAIC DEBUG: justoneday 2019 207 /caldera/projects/usgs/water/impd/skagone/r37.0_tile0
08:28:34 ET_MOSAIC DEBUG: justoneday 2019 208 /caldera/projects/usgs/water/impd/skagone/r37.0_tile0
08:29:54 ET_MOSAIC DEBUG: justoneday 2019 209 /caldera/projects/usgs/water/impd/skagone/r37.0_tile0
08:31:14 ET_MOSAIC DEBUG: justoneday 2019 210 /caldera/projects/usgs/water/impd/skagone/r37.0_tile0
08:32:37 ET_MOSAIC DEBUG: justoneday 2019 211 /caldera/projects/usgs/water/impd/skagone/r37.0_tile0
08:33:58 ET_MOSAIC DEBUG: justoneday 2019 212 /caldera/projects/usgs/water/impd/skagone/r37.0_tile0
08:35:20 ET_MOSAIC DEBUG: justoneday 2019 213 /caldera/projects/usgs/water/impd/skagone/r37.0_tile0
08:36:41 ET_MOSAIC DEBUG: justoneday 2019 214 /caldera/projects/usgs/water/impd/skagone/r37.0_tile0
08:38:03 ET_MOSAIC DEBUG: justoneday 2019 215 /caldera/projects/usgs/water/impd/skagone/r37.0_tile0
08:39:25 ET_MOSAIC DEBUG: justoneday 2019 216 /caldera/projects/usgs/water/impd/skagone/r37.0_tile0
08:40:48 ET_MOSAIC DEBUG: justoneday 2019 217 /caldera/projects/usgs/water/impd/skagone/r37.0_tile0
08:42:11 ET_MOSAIC DEBUG: justoneday 2019 218 /caldera/projects/usgs/water/impd/skagone/r37.0_tile0
08:43:33 ET_MOSAIC DEBUG: justoneday 2019 219 /caldera/projects/usgs/water/impd/skagone/r37.0_tile0
08:44:56 ET_MOSAIC DEBUG: justoneday 2019 220 /caldera/projects/usgs/water/impd/skagone/r37.0_tile0
08:46:18 ET_MOSAIC DEBUG: justoneday 2019 221 /caldera/projects/usgs/water/impd/skagone/r37.0_tile0
08:47:40 ET_MOSAIC DEBUG: justoneday 2019 222 /caldera/projects/usgs/water/impd/skagone/r37.0_tile0
08:49:02 ET_MOSAIC DEBUG: justoneday 2019 223 /caldera/projects/usgs/water/impd/skagone/r37.0_tile0
08:50:24 ET_MOSAIC DEBUG: justoneday 2019 224 /caldera/projects/usgs/water/impd/skagone/r37.0_tile0
08:51:46 ET_MOSAIC DEBUG: justoneday 2019 225 /caldera/projects/usgs/water/impd/skagone/r37.0_tile0
08:53:07 ET_MOSAIC DEBUG: justoneday 2019 226 /caldera/projects/usgs/water/impd/skagone/r37.0_tile0
08:54:30 ET_MOSAIC DEBUG: justoneday 2019 227 /caldera/projects/usgs/water/impd/skagone/r37.0_tile0
08:55:52 ET_MOSAIC DEBUG: justoneday 2019 228 /caldera/projects/usgs/water/impd/skagone/r37.0_tile0
08:57:18 ET_MOSAIC DEBUG: justoneday 2019 229 /caldera/projects/usgs/water/impd/skagone/r37.0_tile0
08:58:45 ET_MOSAIC DEBUG: justoneday 2019 230 /caldera/projects/usgs/water/impd/skagone/r37.0_tile0
09:00:06 ET_MOSAIC DEBUG: justoneday 2019 231 /caldera/projects/usgs/water/impd/skagone/r37.0_tile0
09:01:34 ET_MOSAIC DEBUG: justoneday 2019 232 /caldera/projects/usgs/water/impd/skagone/r37.0_tile0
09:02:56 ET_MOSAIC DEBUG: justoneday 2019 233 /caldera/projects/usgs/water/impd/skagone/r37.0_tile0
09:04:18 ET_MOSAIC DEBUG: justoneday 2019 234 /caldera/projects/usgs/water/impd/skagone/r37.0_tile0
09:05:40 ET_MOSAIC DEBUG: justoneday 2019 235 /caldera/projects/usgs/water/impd/skagone/r37.0_tile0
09:07:16 ET_MOSAIC DEBUG: justoneday 2019 236 /caldera/projects/usgs/water/impd/skagone/r37.0_tile0
09:09:18 ET_MOSAIC DEBUG: justoneday 2019 237 /caldera/projects/usgs/water/impd/skagone/r37.0_tile0
09:11:09 ET_MOSAIC DEBUG: justoneday 2019 238 /caldera/projects/usgs/water/impd/skagone/r37.0_tile0
09:13:01 ET_MOSAIC DEBUG: justoneday 2019 239 /caldera/projects/usgs/water/impd/skagone/r37.0_tile0
09:14:46 ET_MOSAIC DEBUG: justoneday 2019 240 /caldera/projects/usgs/water/impd/skagone/r37.0_tile0
09:16:34 ET_MOSAIC DEBUG: justoneday 2019 241 /caldera/projects/usgs/water/impd/skagone/r37.0_tile0
09:18:18 ET_MOSAIC DEBUG: justoneday 2019 242 /caldera/projects/usgs/water/impd/skagone/r37.0_tile0
09:19:57 ET_MOSAIC DEBUG: justoneday 2019 243 /caldera/projects/usgs/water/impd/skagone/r37.0_tile0
09:21:25 ET_MOSAIC DEBUG: justoneday 2019 244 /caldera/projects/usgs/water/impd/skagone/r37.0_tile0
09:23:01 ET_MOSAIC DEBUG: justoneday 2019 245 /caldera/projects/usgs/water/impd/skagone/r37.0_tile0
09:24:25 ET_MOSAIC DEBUG: justoneday 2019 246 /caldera/projects/usgs/water/impd/skagone/r37.0_tile0
09:26:00 ET_MOSAIC DEBUG: justoneday 2019 247 /caldera/projects/usgs/water/impd/skagone/r37.0_tile0
09:27:30 ET_MOSAIC DEBUG: justoneday 2019 248 /caldera/projects/usgs/water/impd/skagone/r37.0_tile0
09:29:09 ET_MOSAIC DEBUG: justoneday 2019 249 /caldera/projects/usgs/water/impd/skagone/r37.0_tile0
09:30:33 ET_MOSAIC DEBUG: justoneday 2019 250 /caldera/projects/usgs/water/impd/skagone/r37.0_tile0
09:31:57 ET_MOSAIC DEBUG: justoneday 2019 251 /caldera/projects/usgs/water/impd/skagone/r37.0_tile0
09:33:31 ET_MOSAIC DEBUG: justoneday 2019 252 /caldera/projects/usgs/water/impd/skagone/r37.0_tile0
09:34:56 ET_MOSAIC DEBUG: justoneday 2019 253 /caldera/projects/usgs/water/impd/skagone/r37.0_tile0
09:36:17 ET_MOSAIC DEBUG: justoneday 2019 254 /caldera/projects/usgs/water/impd/skagone/r37.0_tile0
09:37:38 ET_MOSAIC DEBUG: justoneday 2019 255 /caldera/projects/usgs/water/impd/skagone/r37.0_tile0
09:38:59 ET_MOSAIC DEBUG: justoneday 2019 256 /caldera/projects/usgs/water/impd/skagone/r37.0_tile0
09:40:19 ET_MOSAIC DEBUG: justoneday 2019 257 /caldera/projects/usgs/water/impd/skagone/r37.0_tile0
09:41:41 ET_MOSAIC DEBUG: justoneday 2019 258 /caldera/projects/usgs/water/impd/skagone/r37.0_tile0
09:43:03 ET_MOSAIC DEBUG: justoneday 2019 259 /caldera/projects/usgs/water/impd/skagone/r37.0_tile0
09:44:26 ET_MOSAIC DEBUG: justoneday 2019 260 /caldera/projects/usgs/water/impd/skagone/r37.0_tile0
09:45:48 ET_MOSAIC DEBUG: justoneday 2019 261 /caldera/projects/usgs/water/impd/skagone/r37.0_tile0
09:47:09 ET_MOSAIC DEBUG: justoneday 2019 262 /caldera/projects/usgs/water/impd/skagone/r37.0_tile0
09:48:35 ET_MOSAIC DEBUG: justoneday 2019 263 /caldera/projects/usgs/water/impd/skagone/r37.0_tile0
09:50:00 ET_MOSAIC DEBUG: justoneday 2019 264 /caldera/projects/usgs/water/impd/skagone/r37.0_tile0
09:51:24 ET_MOSAIC DEBUG: justoneday 2019 265 /caldera/projects/usgs/water/impd/skagone/r37.0_tile0
09:52:45 ET_MOSAIC DEBUG: justoneday 2019 266 /caldera/projects/usgs/water/impd/skagone/r37.0_tile0
09:54:05 ET_MOSAIC DEBUG: justoneday 2019 267 /caldera/projects/usgs/water/impd/skagone/r37.0_tile0
09:55:25 ET_MOSAIC DEBUG: justoneday 2019 268 /caldera/projects/usgs/water/impd/skagone/r37.0_tile0
09:56:45 ET_MOSAIC DEBUG: justoneday 2019 269 /caldera/projects/usgs/water/impd/skagone/r37.0_tile0
09:58:05 ET_MOSAIC DEBUG: justoneday 2019 270 /caldera/projects/usgs/water/impd/skagone/r37.0_tile0
09:59:25 ET_MOSAIC DEBUG: justoneday 2019 271 /caldera/projects/usgs/water/impd/skagone/r37.0_tile0
10:00:44 ET_MOSAIC DEBUG: justoneday 2019 272 /caldera/projects/usgs/water/impd/skagone/r37.0_tile0
10:02:03 ET_MOSAIC DEBUG: justoneday 2019 273 /caldera/projects/usgs/water/impd/skagone/r37.0_tile0
10:03:22 ET_MOSAIC DEBUG: justoneday 2019 274 /caldera/projects/usgs/water/impd/skagone/r37.0_tile0
10:04:41 ET_MOSAIC DEBUG: justoneday 2019 275 /caldera/projects/usgs/water/impd/skagone/r37.0_tile0
10:06:00 ET_MOSAIC DEBUG: justoneday 2019 276 /caldera/projects/usgs/water/impd/skagone/r37.0_tile0
10:07:19 ET_MOSAIC DEBUG: justoneday 2019 277 /caldera/projects/usgs/water/impd/skagone/r37.0_tile0
10:08:37 ET_MOSAIC DEBUG: justoneday 2019 278 /caldera/projects/usgs/water/impd/skagone/r37.0_tile0
10:09:56 ET_MOSAIC DEBUG: justoneday 2019 279 /caldera/projects/usgs/water/impd/skagone/r37.0_tile0
10:11:14 ET_MOSAIC DEBUG: justoneday 2019 280 /caldera/projects/usgs/water/impd/skagone/r37.0_tile0
10:12:32 ET_MOSAIC DEBUG: justoneday 2019 281 /caldera/projects/usgs/water/impd/skagone/r37.0_tile0
10:13:51 ET_MOSAIC DEBUG: justoneday 2019 282 /caldera/projects/usgs/water/impd/skagone/r37.0_tile0
10:15:13 ET_MOSAIC DEBUG: justoneday 2019 283 /caldera/projects/usgs/water/impd/skagone/r37.0_tile0
10:16:32 ET_MOSAIC DEBUG: justoneday 2019 284 /caldera/projects/usgs/water/impd/skagone/r37.0_tile0
10:17:49 ET_MOSAIC DEBUG: justoneday 2019 285 /caldera/projects/usgs/water/impd/skagone/r37.0_tile0
10:19:08 ET_MOSAIC DEBUG: justoneday 2019 286 /caldera/projects/usgs/water/impd/skagone/r37.0_tile0
10:20:26 ET_MOSAIC DEBUG: justoneday 2019 287 /caldera/projects/usgs/water/impd/skagone/r37.0_tile0
10:21:44 ET_MOSAIC DEBUG: justoneday 2019 288 /caldera/projects/usgs/water/impd/skagone/r37.0_tile0
10:23:01 ET_MOSAIC DEBUG: justoneday 2019 289 /caldera/projects/usgs/water/impd/skagone/r37.0_tile0
10:24:18 ET_MOSAIC DEBUG: justoneday 2019 290 /caldera/projects/usgs/water/impd/skagone/r37.0_tile0
10:25:35 ET_MOSAIC DEBUG: justoneday 2019 291 /caldera/projects/usgs/water/impd/skagone/r37.0_tile0
10:26:52 ET_MOSAIC DEBUG: justoneday 2019 292 /caldera/projects/usgs/water/impd/skagone/r37.0_tile0
10:28:09 ET_MOSAIC DEBUG: justoneday 2019 293 /caldera/projects/usgs/water/impd/skagone/r37.0_tile0
10:29:25 ET_MOSAIC DEBUG: justoneday 2019 294 /caldera/projects/usgs/water/impd/skagone/r37.0_tile0
10:30:41 ET_MOSAIC DEBUG: justoneday 2019 295 /caldera/projects/usgs/water/impd/skagone/r37.0_tile0
10:31:56 ET_MOSAIC DEBUG: justoneday 2019 296 /caldera/projects/usgs/water/impd/skagone/r37.0_tile0
10:33:12 ET_MOSAIC DEBUG: justoneday 2019 297 /caldera/projects/usgs/water/impd/skagone/r37.0_tile0
10:34:27 ET_MOSAIC DEBUG: justoneday 2019 298 /caldera/projects/usgs/water/impd/skagone/r37.0_tile0
10:35:41 ET_MOSAIC DEBUG: justoneday 2019 299 /caldera/projects/usgs/water/impd/skagone/r37.0_tile0
10:36:55 ET_MOSAIC DEBUG: justoneday 2019 300 /caldera/projects/usgs/water/impd/skagone/r37.0_tile0
10:38:09 ET_MOSAIC DEBUG: justoneday 2019 301 /caldera/projects/usgs/water/impd/skagone/r37.0_tile0
10:39:23 ET_MOSAIC DEBUG: justoneday 2019 302 /caldera/projects/usgs/water/impd/skagone/r37.0_tile0
10:40:37 ET_MOSAIC DEBUG: justoneday 2019 303 /caldera/projects/usgs/water/impd/skagone/r37.0_tile0
10:41:51 ET_MOSAIC DEBUG: justoneday 2019 304 /caldera/projects/usgs/water/impd/skagone/r37.0_tile0
10:43:04 ET_MOSAIC DEBUG: justoneday 2019 305 /caldera/projects/usgs/water/impd/skagone/r37.0_tile0
10:44:17 ET_MOSAIC DEBUG: justoneday 2019 306 /caldera/projects/usgs/water/impd/skagone/r37.0_tile0
10:45:30 ET_MOSAIC DEBUG: justoneday 2019 307 /caldera/projects/usgs/water/impd/skagone/r37.0_tile0
10:46:44 ET_MOSAIC DEBUG: justoneday 2019 308 /caldera/projects/usgs/water/impd/skagone/r37.0_tile0
10:47:57 ET_MOSAIC DEBUG: justoneday 2019 309 /caldera/projects/usgs/water/impd/skagone/r37.0_tile0
10:49:10 ET_MOSAIC DEBUG: justoneday 2019 310 /caldera/projects/usgs/water/impd/skagone/r37.0_tile0
10:50:24 ET_MOSAIC DEBUG: justoneday 2019 311 /caldera/projects/usgs/water/impd/skagone/r37.0_tile0
10:51:36 ET_MOSAIC DEBUG: justoneday 2019 312 /caldera/projects/usgs/water/impd/skagone/r37.0_tile0
10:52:51 ET_MOSAIC DEBUG: justoneday 2019 313 /caldera/projects/usgs/water/impd/skagone/r37.0_tile0
10:54:03 ET_MOSAIC DEBUG: justoneday 2019 314 /caldera/projects/usgs/water/impd/skagone/r37.0_tile0
10:55:15 ET_MOSAIC DEBUG: justoneday 2019 315 /caldera/projects/usgs/water/impd/skagone/r37.0_tile0
10:56:26 ET_MOSAIC DEBUG: justoneday 2019 316 /caldera/projects/usgs/water/impd/skagone/r37.0_tile0
10:57:37 ET_MOSAIC DEBUG: justoneday 2019 317 /caldera/projects/usgs/water/impd/skagone/r37.0_tile0
10:58:47 ET_MOSAIC DEBUG: justoneday 2019 318 /caldera/projects/usgs/water/impd/skagone/r37.0_tile0
10:59:58 ET_MOSAIC DEBUG: justoneday 2019 319 /caldera/projects/usgs/water/impd/skagone/r37.0_tile0
11:01:09 ET_MOSAIC DEBUG: justoneday 2019 320 /caldera/projects/usgs/water/impd/skagone/r37.0_tile0
11:02:19 ET_MOSAIC DEBUG: justoneday 2019 321 /caldera/projects/usgs/water/impd/skagone/r37.0_tile0
11:03:30 ET_MOSAIC DEBUG: justoneday 2019 322 /caldera/projects/usgs/water/impd/skagone/r37.0_tile0
11:04:42 ET_MOSAIC DEBUG: justoneday 2019 323 /caldera/projects/usgs/water/impd/skagone/r37.0_tile0
11:05:54 ET_MOSAIC DEBUG: justoneday 2019 324 /caldera/projects/usgs/water/impd/skagone/r37.0_tile0
11:07:04 ET_MOSAIC DEBUG: justoneday 2019 325 /caldera/projects/usgs/water/impd/skagone/r37.0_tile0
11:08:15 ET_MOSAIC DEBUG: justoneday 2019 326 /caldera/projects/usgs/water/impd/skagone/r37.0_tile0
11:09:27 ET_MOSAIC DEBUG: justoneday 2019 327 /caldera/projects/usgs/water/impd/skagone/r37.0_tile0
11:10:39 ET_MOSAIC DEBUG: justoneday 2019 328 /caldera/projects/usgs/water/impd/skagone/r37.0_tile0
11:11:52 ET_MOSAIC DEBUG: justoneday 2019 329 /caldera/projects/usgs/water/impd/skagone/r37.0_tile0
11:13:05 ET_MOSAIC DEBUG: justoneday 2019 330 /caldera/projects/usgs/water/impd/skagone/r37.0_tile0
11:14:17 ET_MOSAIC DEBUG: justoneday 2019 331 /caldera/projects/usgs/water/impd/skagone/r37.0_tile0
11:15:32 ET_MOSAIC DEBUG: justoneday 2019 332 /caldera/projects/usgs/water/impd/skagone/r37.0_tile0
11:16:45 ET_MOSAIC DEBUG: justoneday 2019 333 /caldera/projects/usgs/water/impd/skagone/r37.0_tile0
11:17:58 ET_MOSAIC DEBUG: justoneday 2019 334 /caldera/projects/usgs/water/impd/skagone/r37.0_tile0
11:19:11 ET_MOSAIC DEBUG: justoneday 2019 335 /caldera/projects/usgs/water/impd/skagone/r37.0_tile0
11:20:25 ET_MOSAIC DEBUG: justoneday 2019 336 /caldera/projects/usgs/water/impd/skagone/r37.0_tile0
11:21:36 ET_MOSAIC DEBUG: justoneday 2019 337 /caldera/projects/usgs/water/impd/skagone/r37.0_tile0
11:22:47 ET_MOSAIC DEBUG: justoneday 2019 338 /caldera/projects/usgs/water/impd/skagone/r37.0_tile0
11:23:57 ET_MOSAIC DEBUG: justoneday 2019 339 /caldera/projects/usgs/water/impd/skagone/r37.0_tile0
11:25:07 ET_MOSAIC DEBUG: justoneday 2019 340 /caldera/projects/usgs/water/impd/skagone/r37.0_tile0
11:26:17 ET_MOSAIC DEBUG: justoneday 2019 341 /caldera/projects/usgs/water/impd/skagone/r37.0_tile0
11:27:27 ET_MOSAIC DEBUG: justoneday 2019 342 /caldera/projects/usgs/water/impd/skagone/r37.0_tile0
11:28:37 ET_MOSAIC DEBUG: justoneday 2019 343 /caldera/projects/usgs/water/impd/skagone/r37.0_tile0
11:29:47 ET_MOSAIC DEBUG: justoneday 2019 344 /caldera/projects/usgs/water/impd/skagone/r37.0_tile0
11:30:55 ET_MOSAIC DEBUG: justoneday 2019 345 /caldera/projects/usgs/water/impd/skagone/r37.0_tile0
11:32:04 ET_MOSAIC DEBUG: justoneday 2019 346 /caldera/projects/usgs/water/impd/skagone/r37.0_tile0
11:33:11 ET_MOSAIC DEBUG: justoneday 2019 347 /caldera/projects/usgs/water/impd/skagone/r37.0_tile0
11:34:18 ET_MOSAIC DEBUG: justoneday 2019 348 /caldera/projects/usgs/water/impd/skagone/r37.0_tile0
11:35:25 ET_MOSAIC DEBUG: justoneday 2019 349 /caldera/projects/usgs/water/impd/skagone/r37.0_tile0
11:36:33 ET_MOSAIC DEBUG: justoneday 2019 350 /caldera/projects/usgs/water/impd/skagone/r37.0_tile0
11:37:42 ET_MOSAIC DEBUG: justoneday 2019 351 /caldera/projects/usgs/water/impd/skagone/r37.0_tile0
11:38:52 ET_MOSAIC DEBUG: justoneday 2019 352 /caldera/projects/usgs/water/impd/skagone/r37.0_tile0
11:39:59 ET_MOSAIC DEBUG: justoneday 2019 353 /caldera/projects/usgs/water/impd/skagone/r37.0_tile0
11:41:07 ET_MOSAIC DEBUG: justoneday 2019 354 /caldera/projects/usgs/water/impd/skagone/r37.0_tile0
11:42:14 ET_MOSAIC DEBUG: justoneday 2019 355 /caldera/projects/usgs/water/impd/skagone/r37.0_tile0
11:43:21 ET_MOSAIC DEBUG: justoneday 2019 356 /caldera/projects/usgs/water/impd/skagone/r37.0_tile0
11:44:28 ET_MOSAIC DEBUG: justoneday 2019 357 /caldera/projects/usgs/water/impd/skagone/r37.0_tile0
11:45:34 ET_MOSAIC DEBUG: justoneday 2019 358 /caldera/projects/usgs/water/impd/skagone/r37.0_tile0
11:46:41 ET_MOSAIC DEBUG: justoneday 2019 359 /caldera/projects/usgs/water/impd/skagone/r37.0_tile0
11:47:49 ET_MOSAIC DEBUG: justoneday 2019 360 /caldera/projects/usgs/water/impd/skagone/r37.0_tile0
11:48:57 ET_MOSAIC DEBUG: justoneday 2019 361 /caldera/projects/usgs/water/impd/skagone/r37.0_tile0
11:50:05 ET_MOSAIC DEBUG: justoneday 2019 362 /caldera/projects/usgs/water/impd/skagone/r37.0_tile0
11:51:11 ET_MOSAIC DEBUG: justoneday 2019 363 /caldera/projects/usgs/water/impd/skagone/r37.0_tile0
11:52:18 ET_MOSAIC DEBUG: justoneday 2019 364 /caldera/projects/usgs/water/impd/skagone/r37.0_tile0
11:53:25 ET_MOSAIC DEBUG: justoneday 2019 365 /caldera/projects/usgs/water/impd/skagone/r37.0_tile0
