13:36:41 ET_MOSAIC DEBUG: this is how you call one of your functions
13:36:41 ET_MOSAIC DEBUG: hello from Conus_mosaic class
13:36:41 ET_MOSAIC DEBUG: Mosaicking ['netet'] in /caldera/projects/usgs/water/impd/skagone and put it in /caldera/projects/usgs/water/impd/skagone/conus_mos_completed/2017 for 2017
13:36:41 ET_MOSAIC DEBUG: run_mosaic
13:36:41 ET_MOSAIC DEBUG: Mosaic this product: netet
13:36:41 ET_MOSAIC DEBUG: /caldera/projects/usgs/water/impd/skagone/
13:36:41 ET_MOSAIC DEBUG: justoneday 2017 1 /caldera/projects/usgs/water/impd/skagone/r37.0_tile0
Warning 1: +init=epsg:XXXX syntax is deprecated. It might return a CRS with a non-EPSG compliant axis order.
13:49:39 ET_MOSAIC DEBUG: justoneday 2017 2 /caldera/projects/usgs/water/impd/skagone/r37.0_tile0
13:53:23 ET_MOSAIC DEBUG: justoneday 2017 3 /caldera/projects/usgs/water/impd/skagone/r37.0_tile0
13:57:10 ET_MOSAIC DEBUG: justoneday 2017 4 /caldera/projects/usgs/water/impd/skagone/r37.0_tile0
14:02:37 ET_MOSAIC DEBUG: justoneday 2017 5 /caldera/projects/usgs/water/impd/skagone/r37.0_tile0
14:06:45 ET_MOSAIC DEBUG: justoneday 2017 6 /caldera/projects/usgs/water/impd/skagone/r37.0_tile0
14:10:37 ET_MOSAIC DEBUG: justoneday 2017 7 /caldera/projects/usgs/water/impd/skagone/r37.0_tile0
14:14:22 ET_MOSAIC DEBUG: justoneday 2017 8 /caldera/projects/usgs/water/impd/skagone/r37.0_tile0
14:18:10 ET_MOSAIC DEBUG: justoneday 2017 9 /caldera/projects/usgs/water/impd/skagone/r37.0_tile0
14:20:53 ET_MOSAIC DEBUG: justoneday 2017 10 /caldera/projects/usgs/water/impd/skagone/r37.0_tile0
14:24:12 ET_MOSAIC DEBUG: justoneday 2017 11 /caldera/projects/usgs/water/impd/skagone/r37.0_tile0
14:27:28 ET_MOSAIC DEBUG: justoneday 2017 12 /caldera/projects/usgs/water/impd/skagone/r37.0_tile0
14:30:03 ET_MOSAIC DEBUG: justoneday 2017 13 /caldera/projects/usgs/water/impd/skagone/r37.0_tile0
14:32:11 ET_MOSAIC DEBUG: justoneday 2017 14 /caldera/projects/usgs/water/impd/skagone/r37.0_tile0
14:35:46 ET_MOSAIC DEBUG: justoneday 2017 15 /caldera/projects/usgs/water/impd/skagone/r37.0_tile0
14:38:02 ET_MOSAIC DEBUG: justoneday 2017 16 /caldera/projects/usgs/water/impd/skagone/r37.0_tile0
14:40:15 ET_MOSAIC DEBUG: justoneday 2017 17 /caldera/projects/usgs/water/impd/skagone/r37.0_tile0
14:42:25 ET_MOSAIC DEBUG: justoneday 2017 18 /caldera/projects/usgs/water/impd/skagone/r37.0_tile0
14:44:37 ET_MOSAIC DEBUG: justoneday 2017 19 /caldera/projects/usgs/water/impd/skagone/r37.0_tile0
14:46:47 ET_MOSAIC DEBUG: justoneday 2017 20 /caldera/projects/usgs/water/impd/skagone/r37.0_tile0
14:48:57 ET_MOSAIC DEBUG: justoneday 2017 21 /caldera/projects/usgs/water/impd/skagone/r37.0_tile0
14:51:09 ET_MOSAIC DEBUG: justoneday 2017 22 /caldera/projects/usgs/water/impd/skagone/r37.0_tile0
14:53:20 ET_MOSAIC DEBUG: justoneday 2017 23 /caldera/projects/usgs/water/impd/skagone/r37.0_tile0
14:55:33 ET_MOSAIC DEBUG: justoneday 2017 24 /caldera/projects/usgs/water/impd/skagone/r37.0_tile0
14:57:45 ET_MOSAIC DEBUG: justoneday 2017 25 /caldera/projects/usgs/water/impd/skagone/r37.0_tile0
15:00:13 ET_MOSAIC DEBUG: justoneday 2017 26 /caldera/projects/usgs/water/impd/skagone/r37.0_tile0
15:02:53 ET_MOSAIC DEBUG: justoneday 2017 27 /caldera/projects/usgs/water/impd/skagone/r37.0_tile0
15:05:40 ET_MOSAIC DEBUG: justoneday 2017 28 /caldera/projects/usgs/water/impd/skagone/r37.0_tile0
15:08:35 ET_MOSAIC DEBUG: justoneday 2017 29 /caldera/projects/usgs/water/impd/skagone/r37.0_tile0
15:11:27 ET_MOSAIC DEBUG: justoneday 2017 30 /caldera/projects/usgs/water/impd/skagone/r37.0_tile0
15:13:52 ET_MOSAIC DEBUG: justoneday 2017 31 /caldera/projects/usgs/water/impd/skagone/r37.0_tile0
15:16:13 ET_MOSAIC DEBUG: justoneday 2017 32 /caldera/projects/usgs/water/impd/skagone/r37.0_tile0
15:18:23 ET_MOSAIC DEBUG: justoneday 2017 33 /caldera/projects/usgs/water/impd/skagone/r37.0_tile0
15:20:34 ET_MOSAIC DEBUG: justoneday 2017 34 /caldera/projects/usgs/water/impd/skagone/r37.0_tile0
15:22:43 ET_MOSAIC DEBUG: justoneday 2017 35 /caldera/projects/usgs/water/impd/skagone/r37.0_tile0
15:24:52 ET_MOSAIC DEBUG: justoneday 2017 36 /caldera/projects/usgs/water/impd/skagone/r37.0_tile0
15:27:02 ET_MOSAIC DEBUG: justoneday 2017 37 /caldera/projects/usgs/water/impd/skagone/r37.0_tile0
15:29:12 ET_MOSAIC DEBUG: justoneday 2017 38 /caldera/projects/usgs/water/impd/skagone/r37.0_tile0
15:31:23 ET_MOSAIC DEBUG: justoneday 2017 39 /caldera/projects/usgs/water/impd/skagone/r37.0_tile0
15:33:32 ET_MOSAIC DEBUG: justoneday 2017 40 /caldera/projects/usgs/water/impd/skagone/r37.0_tile0
15:35:41 ET_MOSAIC DEBUG: justoneday 2017 41 /caldera/projects/usgs/water/impd/skagone/r37.0_tile0
15:37:50 ET_MOSAIC DEBUG: justoneday 2017 42 /caldera/projects/usgs/water/impd/skagone/r37.0_tile0
15:40:00 ET_MOSAIC DEBUG: justoneday 2017 43 /caldera/projects/usgs/water/impd/skagone/r37.0_tile0
15:42:09 ET_MOSAIC DEBUG: justoneday 2017 44 /caldera/projects/usgs/water/impd/skagone/r37.0_tile0
15:44:18 ET_MOSAIC DEBUG: justoneday 2017 45 /caldera/projects/usgs/water/impd/skagone/r37.0_tile0
15:46:28 ET_MOSAIC DEBUG: justoneday 2017 46 /caldera/projects/usgs/water/impd/skagone/r37.0_tile0
15:48:37 ET_MOSAIC DEBUG: justoneday 2017 47 /caldera/projects/usgs/water/impd/skagone/r37.0_tile0
15:50:46 ET_MOSAIC DEBUG: justoneday 2017 48 /caldera/projects/usgs/water/impd/skagone/r37.0_tile0
15:52:54 ET_MOSAIC DEBUG: justoneday 2017 49 /caldera/projects/usgs/water/impd/skagone/r37.0_tile0
15:55:05 ET_MOSAIC DEBUG: justoneday 2017 50 /caldera/projects/usgs/water/impd/skagone/r37.0_tile0
15:57:28 ET_MOSAIC DEBUG: justoneday 2017 51 /caldera/projects/usgs/water/impd/skagone/r37.0_tile0
15:59:36 ET_MOSAIC DEBUG: justoneday 2017 52 /caldera/projects/usgs/water/impd/skagone/r37.0_tile0
16:01:45 ET_MOSAIC DEBUG: justoneday 2017 53 /caldera/projects/usgs/water/impd/skagone/r37.0_tile0
16:03:58 ET_MOSAIC DEBUG: justoneday 2017 54 /caldera/projects/usgs/water/impd/skagone/r37.0_tile0
16:06:18 ET_MOSAIC DEBUG: justoneday 2017 55 /caldera/projects/usgs/water/impd/skagone/r37.0_tile0
16:08:27 ET_MOSAIC DEBUG: justoneday 2017 56 /caldera/projects/usgs/water/impd/skagone/r37.0_tile0
16:10:37 ET_MOSAIC DEBUG: justoneday 2017 57 /caldera/projects/usgs/water/impd/skagone/r37.0_tile0
16:12:46 ET_MOSAIC DEBUG: justoneday 2017 58 /caldera/projects/usgs/water/impd/skagone/r37.0_tile0
16:14:56 ET_MOSAIC DEBUG: justoneday 2017 59 /caldera/projects/usgs/water/impd/skagone/r37.0_tile0
16:17:06 ET_MOSAIC DEBUG: justoneday 2017 60 /caldera/projects/usgs/water/impd/skagone/r37.0_tile0
16:19:21 ET_MOSAIC DEBUG: justoneday 2017 61 /caldera/projects/usgs/water/impd/skagone/r37.0_tile0
16:21:48 ET_MOSAIC DEBUG: justoneday 2017 62 /caldera/projects/usgs/water/impd/skagone/r37.0_tile0
16:24:17 ET_MOSAIC DEBUG: justoneday 2017 63 /caldera/projects/usgs/water/impd/skagone/r37.0_tile0
16:26:32 ET_MOSAIC DEBUG: justoneday 2017 64 /caldera/projects/usgs/water/impd/skagone/r37.0_tile0
16:28:45 ET_MOSAIC DEBUG: justoneday 2017 65 /caldera/projects/usgs/water/impd/skagone/r37.0_tile0
16:30:54 ET_MOSAIC DEBUG: justoneday 2017 66 /caldera/projects/usgs/water/impd/skagone/r37.0_tile0
16:33:03 ET_MOSAIC DEBUG: justoneday 2017 67 /caldera/projects/usgs/water/impd/skagone/r37.0_tile0
16:35:14 ET_MOSAIC DEBUG: justoneday 2017 68 /caldera/projects/usgs/water/impd/skagone/r37.0_tile0
16:37:22 ET_MOSAIC DEBUG: justoneday 2017 69 /caldera/projects/usgs/water/impd/skagone/r37.0_tile0
16:39:31 ET_MOSAIC DEBUG: justoneday 2017 70 /caldera/projects/usgs/water/impd/skagone/r37.0_tile0
16:41:42 ET_MOSAIC DEBUG: justoneday 2017 71 /caldera/projects/usgs/water/impd/skagone/r37.0_tile0
16:43:51 ET_MOSAIC DEBUG: justoneday 2017 72 /caldera/projects/usgs/water/impd/skagone/r37.0_tile0
16:46:14 ET_MOSAIC DEBUG: justoneday 2017 73 /caldera/projects/usgs/water/impd/skagone/r37.0_tile0
16:48:26 ET_MOSAIC DEBUG: justoneday 2017 74 /caldera/projects/usgs/water/impd/skagone/r37.0_tile0
16:50:34 ET_MOSAIC DEBUG: justoneday 2017 75 /caldera/projects/usgs/water/impd/skagone/r37.0_tile0
16:52:44 ET_MOSAIC DEBUG: justoneday 2017 76 /caldera/projects/usgs/water/impd/skagone/r37.0_tile0
16:54:53 ET_MOSAIC DEBUG: justoneday 2017 77 /caldera/projects/usgs/water/impd/skagone/r37.0_tile0
16:57:12 ET_MOSAIC DEBUG: justoneday 2017 78 /caldera/projects/usgs/water/impd/skagone/r37.0_tile0
16:59:21 ET_MOSAIC DEBUG: justoneday 2017 79 /caldera/projects/usgs/water/impd/skagone/r37.0_tile0
17:01:29 ET_MOSAIC DEBUG: justoneday 2017 80 /caldera/projects/usgs/water/impd/skagone/r37.0_tile0
17:03:37 ET_MOSAIC DEBUG: justoneday 2017 81 /caldera/projects/usgs/water/impd/skagone/r37.0_tile0
17:05:46 ET_MOSAIC DEBUG: justoneday 2017 82 /caldera/projects/usgs/water/impd/skagone/r37.0_tile0
17:07:55 ET_MOSAIC DEBUG: justoneday 2017 83 /caldera/projects/usgs/water/impd/skagone/r37.0_tile0
17:10:03 ET_MOSAIC DEBUG: justoneday 2017 84 /caldera/projects/usgs/water/impd/skagone/r37.0_tile0
17:12:11 ET_MOSAIC DEBUG: justoneday 2017 85 /caldera/projects/usgs/water/impd/skagone/r37.0_tile0
17:14:19 ET_MOSAIC DEBUG: justoneday 2017 86 /caldera/projects/usgs/water/impd/skagone/r37.0_tile0
17:16:27 ET_MOSAIC DEBUG: justoneday 2017 87 /caldera/projects/usgs/water/impd/skagone/r37.0_tile0
17:18:35 ET_MOSAIC DEBUG: justoneday 2017 88 /caldera/projects/usgs/water/impd/skagone/r37.0_tile0
17:20:53 ET_MOSAIC DEBUG: justoneday 2017 89 /caldera/projects/usgs/water/impd/skagone/r37.0_tile0
17:23:08 ET_MOSAIC DEBUG: justoneday 2017 90 /caldera/projects/usgs/water/impd/skagone/r37.0_tile0
17:25:21 ET_MOSAIC DEBUG: justoneday 2017 91 /caldera/projects/usgs/water/impd/skagone/r37.0_tile0
17:27:31 ET_MOSAIC DEBUG: justoneday 2017 92 /caldera/projects/usgs/water/impd/skagone/r37.0_tile0
17:29:39 ET_MOSAIC DEBUG: justoneday 2017 93 /caldera/projects/usgs/water/impd/skagone/r37.0_tile0
17:31:47 ET_MOSAIC DEBUG: justoneday 2017 94 /caldera/projects/usgs/water/impd/skagone/r37.0_tile0
17:34:11 ET_MOSAIC DEBUG: justoneday 2017 95 /caldera/projects/usgs/water/impd/skagone/r37.0_tile0
17:36:39 ET_MOSAIC DEBUG: justoneday 2017 96 /caldera/projects/usgs/water/impd/skagone/r37.0_tile0
17:38:48 ET_MOSAIC DEBUG: justoneday 2017 97 /caldera/projects/usgs/water/impd/skagone/r37.0_tile0
17:40:56 ET_MOSAIC DEBUG: justoneday 2017 98 /caldera/projects/usgs/water/impd/skagone/r37.0_tile0
17:43:06 ET_MOSAIC DEBUG: justoneday 2017 99 /caldera/projects/usgs/water/impd/skagone/r37.0_tile0
17:45:15 ET_MOSAIC DEBUG: justoneday 2017 100 /caldera/projects/usgs/water/impd/skagone/r37.0_tile0
17:47:24 ET_MOSAIC DEBUG: justoneday 2017 101 /caldera/projects/usgs/water/impd/skagone/r37.0_tile0
17:49:33 ET_MOSAIC DEBUG: justoneday 2017 102 /caldera/projects/usgs/water/impd/skagone/r37.0_tile0
17:51:42 ET_MOSAIC DEBUG: justoneday 2017 103 /caldera/projects/usgs/water/impd/skagone/r37.0_tile0
17:53:51 ET_MOSAIC DEBUG: justoneday 2017 104 /caldera/projects/usgs/water/impd/skagone/r37.0_tile0
17:56:02 ET_MOSAIC DEBUG: justoneday 2017 105 /caldera/projects/usgs/water/impd/skagone/r37.0_tile0
17:58:11 ET_MOSAIC DEBUG: justoneday 2017 106 /caldera/projects/usgs/water/impd/skagone/r37.0_tile0
18:00:20 ET_MOSAIC DEBUG: justoneday 2017 107 /caldera/projects/usgs/water/impd/skagone/r37.0_tile0
18:02:29 ET_MOSAIC DEBUG: justoneday 2017 108 /caldera/projects/usgs/water/impd/skagone/r37.0_tile0
18:04:40 ET_MOSAIC DEBUG: justoneday 2017 109 /caldera/projects/usgs/water/impd/skagone/r37.0_tile0
18:06:49 ET_MOSAIC DEBUG: justoneday 2017 110 /caldera/projects/usgs/water/impd/skagone/r37.0_tile0
18:08:59 ET_MOSAIC DEBUG: justoneday 2017 111 /caldera/projects/usgs/water/impd/skagone/r37.0_tile0
18:11:08 ET_MOSAIC DEBUG: justoneday 2017 112 /caldera/projects/usgs/water/impd/skagone/r37.0_tile0
18:13:19 ET_MOSAIC DEBUG: justoneday 2017 113 /caldera/projects/usgs/water/impd/skagone/r37.0_tile0
18:15:28 ET_MOSAIC DEBUG: justoneday 2017 114 /caldera/projects/usgs/water/impd/skagone/r37.0_tile0
18:17:38 ET_MOSAIC DEBUG: justoneday 2017 115 /caldera/projects/usgs/water/impd/skagone/r37.0_tile0
18:19:48 ET_MOSAIC DEBUG: justoneday 2017 116 /caldera/projects/usgs/water/impd/skagone/r37.0_tile0
18:21:59 ET_MOSAIC DEBUG: justoneday 2017 117 /caldera/projects/usgs/water/impd/skagone/r37.0_tile0
18:24:08 ET_MOSAIC DEBUG: justoneday 2017 118 /caldera/projects/usgs/water/impd/skagone/r37.0_tile0
18:26:18 ET_MOSAIC DEBUG: justoneday 2017 119 /caldera/projects/usgs/water/impd/skagone/r37.0_tile0
18:28:28 ET_MOSAIC DEBUG: justoneday 2017 120 /caldera/projects/usgs/water/impd/skagone/r37.0_tile0
18:30:43 ET_MOSAIC DEBUG: justoneday 2017 121 /caldera/projects/usgs/water/impd/skagone/r37.0_tile0
18:32:54 ET_MOSAIC DEBUG: justoneday 2017 122 /caldera/projects/usgs/water/impd/skagone/r37.0_tile0
18:35:04 ET_MOSAIC DEBUG: justoneday 2017 123 /caldera/projects/usgs/water/impd/skagone/r37.0_tile0
18:37:14 ET_MOSAIC DEBUG: justoneday 2017 124 /caldera/projects/usgs/water/impd/skagone/r37.0_tile0
18:39:24 ET_MOSAIC DEBUG: justoneday 2017 125 /caldera/projects/usgs/water/impd/skagone/r37.0_tile0
18:41:45 ET_MOSAIC DEBUG: justoneday 2017 126 /caldera/projects/usgs/water/impd/skagone/r37.0_tile0
18:43:57 ET_MOSAIC DEBUG: justoneday 2017 127 /caldera/projects/usgs/water/impd/skagone/r37.0_tile0
18:46:07 ET_MOSAIC DEBUG: justoneday 2017 128 /caldera/projects/usgs/water/impd/skagone/r37.0_tile0
18:48:25 ET_MOSAIC DEBUG: justoneday 2017 129 /caldera/projects/usgs/water/impd/skagone/r37.0_tile0
18:50:57 ET_MOSAIC DEBUG: justoneday 2017 130 /caldera/projects/usgs/water/impd/skagone/r37.0_tile0
18:53:31 ET_MOSAIC DEBUG: justoneday 2017 131 /caldera/projects/usgs/water/impd/skagone/r37.0_tile0
18:56:05 ET_MOSAIC DEBUG: justoneday 2017 132 /caldera/projects/usgs/water/impd/skagone/r37.0_tile0
18:58:20 ET_MOSAIC DEBUG: justoneday 2017 133 /caldera/projects/usgs/water/impd/skagone/r37.0_tile0
19:00:32 ET_MOSAIC DEBUG: justoneday 2017 134 /caldera/projects/usgs/water/impd/skagone/r37.0_tile0
19:02:44 ET_MOSAIC DEBUG: justoneday 2017 135 /caldera/projects/usgs/water/impd/skagone/r37.0_tile0
19:04:56 ET_MOSAIC DEBUG: justoneday 2017 136 /caldera/projects/usgs/water/impd/skagone/r37.0_tile0
19:07:08 ET_MOSAIC DEBUG: justoneday 2017 137 /caldera/projects/usgs/water/impd/skagone/r37.0_tile0
19:09:21 ET_MOSAIC DEBUG: justoneday 2017 138 /caldera/projects/usgs/water/impd/skagone/r37.0_tile0
19:11:33 ET_MOSAIC DEBUG: justoneday 2017 139 /caldera/projects/usgs/water/impd/skagone/r37.0_tile0
19:13:45 ET_MOSAIC DEBUG: justoneday 2017 140 /caldera/projects/usgs/water/impd/skagone/r37.0_tile0
19:15:57 ET_MOSAIC DEBUG: justoneday 2017 141 /caldera/projects/usgs/water/impd/skagone/r37.0_tile0
19:18:09 ET_MOSAIC DEBUG: justoneday 2017 142 /caldera/projects/usgs/water/impd/skagone/r37.0_tile0
19:20:21 ET_MOSAIC DEBUG: justoneday 2017 143 /caldera/projects/usgs/water/impd/skagone/r37.0_tile0
19:22:33 ET_MOSAIC DEBUG: justoneday 2017 144 /caldera/projects/usgs/water/impd/skagone/r37.0_tile0
19:24:45 ET_MOSAIC DEBUG: justoneday 2017 145 /caldera/projects/usgs/water/impd/skagone/r37.0_tile0
19:26:57 ET_MOSAIC DEBUG: justoneday 2017 146 /caldera/projects/usgs/water/impd/skagone/r37.0_tile0
19:29:11 ET_MOSAIC DEBUG: justoneday 2017 147 /caldera/projects/usgs/water/impd/skagone/r37.0_tile0
19:31:23 ET_MOSAIC DEBUG: justoneday 2017 148 /caldera/projects/usgs/water/impd/skagone/r37.0_tile0
19:33:36 ET_MOSAIC DEBUG: justoneday 2017 149 /caldera/projects/usgs/water/impd/skagone/r37.0_tile0
19:35:51 ET_MOSAIC DEBUG: justoneday 2017 150 /caldera/projects/usgs/water/impd/skagone/r37.0_tile0
19:38:08 ET_MOSAIC DEBUG: justoneday 2017 151 /caldera/projects/usgs/water/impd/skagone/r37.0_tile0
19:40:23 ET_MOSAIC DEBUG: justoneday 2017 152 /caldera/projects/usgs/water/impd/skagone/r37.0_tile0
19:42:37 ET_MOSAIC DEBUG: justoneday 2017 153 /caldera/projects/usgs/water/impd/skagone/r37.0_tile0
19:44:50 ET_MOSAIC DEBUG: justoneday 2017 154 /caldera/projects/usgs/water/impd/skagone/r37.0_tile0
19:47:05 ET_MOSAIC DEBUG: justoneday 2017 155 /caldera/projects/usgs/water/impd/skagone/r37.0_tile0
19:49:19 ET_MOSAIC DEBUG: justoneday 2017 156 /caldera/projects/usgs/water/impd/skagone/r37.0_tile0
19:51:34 ET_MOSAIC DEBUG: justoneday 2017 157 /caldera/projects/usgs/water/impd/skagone/r37.0_tile0
19:53:50 ET_MOSAIC DEBUG: justoneday 2017 158 /caldera/projects/usgs/water/impd/skagone/r37.0_tile0
19:56:07 ET_MOSAIC DEBUG: justoneday 2017 159 /caldera/projects/usgs/water/impd/skagone/r37.0_tile0
19:58:21 ET_MOSAIC DEBUG: justoneday 2017 160 /caldera/projects/usgs/water/impd/skagone/r37.0_tile0
20:00:40 ET_MOSAIC DEBUG: justoneday 2017 161 /caldera/projects/usgs/water/impd/skagone/r37.0_tile0
20:02:57 ET_MOSAIC DEBUG: justoneday 2017 162 /caldera/projects/usgs/water/impd/skagone/r37.0_tile0
20:05:20 ET_MOSAIC DEBUG: justoneday 2017 163 /caldera/projects/usgs/water/impd/skagone/r37.0_tile0
20:07:50 ET_MOSAIC DEBUG: justoneday 2017 164 /caldera/projects/usgs/water/impd/skagone/r37.0_tile0
20:10:11 ET_MOSAIC DEBUG: justoneday 2017 165 /caldera/projects/usgs/water/impd/skagone/r37.0_tile0
20:12:34 ET_MOSAIC DEBUG: justoneday 2017 166 /caldera/projects/usgs/water/impd/skagone/r37.0_tile0
20:14:53 ET_MOSAIC DEBUG: justoneday 2017 167 /caldera/projects/usgs/water/impd/skagone/r37.0_tile0
20:17:10 ET_MOSAIC DEBUG: justoneday 2017 168 /caldera/projects/usgs/water/impd/skagone/r37.0_tile0
20:19:28 ET_MOSAIC DEBUG: justoneday 2017 169 /caldera/projects/usgs/water/impd/skagone/r37.0_tile0
20:21:47 ET_MOSAIC DEBUG: justoneday 2017 170 /caldera/projects/usgs/water/impd/skagone/r37.0_tile0
20:24:04 ET_MOSAIC DEBUG: justoneday 2017 171 /caldera/projects/usgs/water/impd/skagone/r37.0_tile0
20:26:21 ET_MOSAIC DEBUG: justoneday 2017 172 /caldera/projects/usgs/water/impd/skagone/r37.0_tile0
20:28:39 ET_MOSAIC DEBUG: justoneday 2017 173 /caldera/projects/usgs/water/impd/skagone/r37.0_tile0
20:30:57 ET_MOSAIC DEBUG: justoneday 2017 174 /caldera/projects/usgs/water/impd/skagone/r37.0_tile0
20:33:15 ET_MOSAIC DEBUG: justoneday 2017 175 /caldera/projects/usgs/water/impd/skagone/r37.0_tile0
20:35:32 ET_MOSAIC DEBUG: justoneday 2017 176 /caldera/projects/usgs/water/impd/skagone/r37.0_tile0
20:37:51 ET_MOSAIC DEBUG: justoneday 2017 177 /caldera/projects/usgs/water/impd/skagone/r37.0_tile0
20:40:10 ET_MOSAIC DEBUG: justoneday 2017 178 /caldera/projects/usgs/water/impd/skagone/r37.0_tile0
20:42:30 ET_MOSAIC DEBUG: justoneday 2017 179 /caldera/projects/usgs/water/impd/skagone/r37.0_tile0
20:44:49 ET_MOSAIC DEBUG: justoneday 2017 180 /caldera/projects/usgs/water/impd/skagone/r37.0_tile0
20:47:08 ET_MOSAIC DEBUG: justoneday 2017 181 /caldera/projects/usgs/water/impd/skagone/r37.0_tile0
20:49:26 ET_MOSAIC DEBUG: justoneday 2017 182 /caldera/projects/usgs/water/impd/skagone/r37.0_tile0
20:51:45 ET_MOSAIC DEBUG: justoneday 2017 183 /caldera/projects/usgs/water/impd/skagone/r37.0_tile0
20:54:04 ET_MOSAIC DEBUG: justoneday 2017 184 /caldera/projects/usgs/water/impd/skagone/r37.0_tile0
20:56:24 ET_MOSAIC DEBUG: justoneday 2017 185 /caldera/projects/usgs/water/impd/skagone/r37.0_tile0
20:58:48 ET_MOSAIC DEBUG: justoneday 2017 186 /caldera/projects/usgs/water/impd/skagone/r37.0_tile0
21:01:10 ET_MOSAIC DEBUG: justoneday 2017 187 /caldera/projects/usgs/water/impd/skagone/r37.0_tile0
21:03:36 ET_MOSAIC DEBUG: justoneday 2017 188 /caldera/projects/usgs/water/impd/skagone/r37.0_tile0
21:06:03 ET_MOSAIC DEBUG: justoneday 2017 189 /caldera/projects/usgs/water/impd/skagone/r37.0_tile0
21:08:25 ET_MOSAIC DEBUG: justoneday 2017 190 /caldera/projects/usgs/water/impd/skagone/r37.0_tile0
21:10:48 ET_MOSAIC DEBUG: justoneday 2017 191 /caldera/projects/usgs/water/impd/skagone/r37.0_tile0
21:13:15 ET_MOSAIC DEBUG: justoneday 2017 192 /caldera/projects/usgs/water/impd/skagone/r37.0_tile0
21:15:40 ET_MOSAIC DEBUG: justoneday 2017 193 /caldera/projects/usgs/water/impd/skagone/r37.0_tile0
21:18:17 ET_MOSAIC DEBUG: justoneday 2017 194 /caldera/projects/usgs/water/impd/skagone/r37.0_tile0
21:21:02 ET_MOSAIC DEBUG: justoneday 2017 195 /caldera/projects/usgs/water/impd/skagone/r37.0_tile0
21:23:46 ET_MOSAIC DEBUG: justoneday 2017 196 /caldera/projects/usgs/water/impd/skagone/r37.0_tile0
21:26:15 ET_MOSAIC DEBUG: justoneday 2017 197 /caldera/projects/usgs/water/impd/skagone/r37.0_tile0
21:28:40 ET_MOSAIC DEBUG: justoneday 2017 198 /caldera/projects/usgs/water/impd/skagone/r37.0_tile0
21:31:05 ET_MOSAIC DEBUG: justoneday 2017 199 /caldera/projects/usgs/water/impd/skagone/r37.0_tile0
21:33:28 ET_MOSAIC DEBUG: justoneday 2017 200 /caldera/projects/usgs/water/impd/skagone/r37.0_tile0
21:35:53 ET_MOSAIC DEBUG: justoneday 2017 201 /caldera/projects/usgs/water/impd/skagone/r37.0_tile0
21:38:17 ET_MOSAIC DEBUG: justoneday 2017 202 /caldera/projects/usgs/water/impd/skagone/r37.0_tile0
21:40:41 ET_MOSAIC DEBUG: justoneday 2017 203 /caldera/projects/usgs/water/impd/skagone/r37.0_tile0
21:43:04 ET_MOSAIC DEBUG: justoneday 2017 204 /caldera/projects/usgs/water/impd/skagone/r37.0_tile0
21:45:29 ET_MOSAIC DEBUG: justoneday 2017 205 /caldera/projects/usgs/water/impd/skagone/r37.0_tile0
21:47:54 ET_MOSAIC DEBUG: justoneday 2017 206 /caldera/projects/usgs/water/impd/skagone/r37.0_tile0
21:50:17 ET_MOSAIC DEBUG: justoneday 2017 207 /caldera/projects/usgs/water/impd/skagone/r37.0_tile0
21:52:41 ET_MOSAIC DEBUG: justoneday 2017 208 /caldera/projects/usgs/water/impd/skagone/r37.0_tile0
21:55:03 ET_MOSAIC DEBUG: justoneday 2017 209 /caldera/projects/usgs/water/impd/skagone/r37.0_tile0
21:57:26 ET_MOSAIC DEBUG: justoneday 2017 210 /caldera/projects/usgs/water/impd/skagone/r37.0_tile0
21:59:52 ET_MOSAIC DEBUG: justoneday 2017 211 /caldera/projects/usgs/water/impd/skagone/r37.0_tile0
22:02:19 ET_MOSAIC DEBUG: justoneday 2017 212 /caldera/projects/usgs/water/impd/skagone/r37.0_tile0
22:04:47 ET_MOSAIC DEBUG: justoneday 2017 213 /caldera/projects/usgs/water/impd/skagone/r37.0_tile0
22:07:17 ET_MOSAIC DEBUG: justoneday 2017 214 /caldera/projects/usgs/water/impd/skagone/r37.0_tile0
22:09:47 ET_MOSAIC DEBUG: justoneday 2017 215 /caldera/projects/usgs/water/impd/skagone/r37.0_tile0
22:12:16 ET_MOSAIC DEBUG: justoneday 2017 216 /caldera/projects/usgs/water/impd/skagone/r37.0_tile0
22:14:46 ET_MOSAIC DEBUG: justoneday 2017 217 /caldera/projects/usgs/water/impd/skagone/r37.0_tile0
22:17:20 ET_MOSAIC DEBUG: justoneday 2017 218 /caldera/projects/usgs/water/impd/skagone/r37.0_tile0
22:19:52 ET_MOSAIC DEBUG: justoneday 2017 219 /caldera/projects/usgs/water/impd/skagone/r37.0_tile0
22:22:25 ET_MOSAIC DEBUG: justoneday 2017 220 /caldera/projects/usgs/water/impd/skagone/r37.0_tile0
22:24:55 ET_MOSAIC DEBUG: justoneday 2017 221 /caldera/projects/usgs/water/impd/skagone/r37.0_tile0
22:27:30 ET_MOSAIC DEBUG: justoneday 2017 222 /caldera/projects/usgs/water/impd/skagone/r37.0_tile0
22:30:18 ET_MOSAIC DEBUG: justoneday 2017 223 /caldera/projects/usgs/water/impd/skagone/r37.0_tile0
22:33:13 ET_MOSAIC DEBUG: justoneday 2017 224 /caldera/projects/usgs/water/impd/skagone/r37.0_tile0
22:36:01 ET_MOSAIC DEBUG: justoneday 2017 225 /caldera/projects/usgs/water/impd/skagone/r37.0_tile0
22:38:28 ET_MOSAIC DEBUG: justoneday 2017 226 /caldera/projects/usgs/water/impd/skagone/r37.0_tile0
22:40:53 ET_MOSAIC DEBUG: justoneday 2017 227 /caldera/projects/usgs/water/impd/skagone/r37.0_tile0
22:43:18 ET_MOSAIC DEBUG: justoneday 2017 228 /caldera/projects/usgs/water/impd/skagone/r37.0_tile0
22:45:49 ET_MOSAIC DEBUG: justoneday 2017 229 /caldera/projects/usgs/water/impd/skagone/r37.0_tile0
22:48:15 ET_MOSAIC DEBUG: justoneday 2017 230 /caldera/projects/usgs/water/impd/skagone/r37.0_tile0
22:50:41 ET_MOSAIC DEBUG: justoneday 2017 231 /caldera/projects/usgs/water/impd/skagone/r37.0_tile0
22:53:06 ET_MOSAIC DEBUG: justoneday 2017 232 /caldera/projects/usgs/water/impd/skagone/r37.0_tile0
22:55:30 ET_MOSAIC DEBUG: justoneday 2017 233 /caldera/projects/usgs/water/impd/skagone/r37.0_tile0
22:57:54 ET_MOSAIC DEBUG: justoneday 2017 234 /caldera/projects/usgs/water/impd/skagone/r37.0_tile0
23:00:17 ET_MOSAIC DEBUG: justoneday 2017 235 /caldera/projects/usgs/water/impd/skagone/r37.0_tile0
23:02:41 ET_MOSAIC DEBUG: justoneday 2017 236 /caldera/projects/usgs/water/impd/skagone/r37.0_tile0
23:05:10 ET_MOSAIC DEBUG: justoneday 2017 237 /caldera/projects/usgs/water/impd/skagone/r37.0_tile0
23:07:37 ET_MOSAIC DEBUG: justoneday 2017 238 /caldera/projects/usgs/water/impd/skagone/r37.0_tile0
23:10:07 ET_MOSAIC DEBUG: justoneday 2017 239 /caldera/projects/usgs/water/impd/skagone/r37.0_tile0
23:12:31 ET_MOSAIC DEBUG: justoneday 2017 240 /caldera/projects/usgs/water/impd/skagone/r37.0_tile0
23:14:56 ET_MOSAIC DEBUG: justoneday 2017 241 /caldera/projects/usgs/water/impd/skagone/r37.0_tile0
23:17:21 ET_MOSAIC DEBUG: justoneday 2017 242 /caldera/projects/usgs/water/impd/skagone/r37.0_tile0
23:19:49 ET_MOSAIC DEBUG: justoneday 2017 243 /caldera/projects/usgs/water/impd/skagone/r37.0_tile0
23:22:15 ET_MOSAIC DEBUG: justoneday 2017 244 /caldera/projects/usgs/water/impd/skagone/r37.0_tile0
23:24:39 ET_MOSAIC DEBUG: justoneday 2017 245 /caldera/projects/usgs/water/impd/skagone/r37.0_tile0
23:27:03 ET_MOSAIC DEBUG: justoneday 2017 246 /caldera/projects/usgs/water/impd/skagone/r37.0_tile0
23:29:30 ET_MOSAIC DEBUG: justoneday 2017 247 /caldera/projects/usgs/water/impd/skagone/r37.0_tile0
23:31:56 ET_MOSAIC DEBUG: justoneday 2017 248 /caldera/projects/usgs/water/impd/skagone/r37.0_tile0
23:34:25 ET_MOSAIC DEBUG: justoneday 2017 249 /caldera/projects/usgs/water/impd/skagone/r37.0_tile0
23:36:54 ET_MOSAIC DEBUG: justoneday 2017 250 /caldera/projects/usgs/water/impd/skagone/r37.0_tile0
23:39:28 ET_MOSAIC DEBUG: justoneday 2017 251 /caldera/projects/usgs/water/impd/skagone/r37.0_tile0
23:42:13 ET_MOSAIC DEBUG: justoneday 2017 252 /caldera/projects/usgs/water/impd/skagone/r37.0_tile0
23:45:06 ET_MOSAIC DEBUG: justoneday 2017 253 /caldera/projects/usgs/water/impd/skagone/r37.0_tile0
23:47:48 ET_MOSAIC DEBUG: justoneday 2017 254 /caldera/projects/usgs/water/impd/skagone/r37.0_tile0
23:50:14 ET_MOSAIC DEBUG: justoneday 2017 255 /caldera/projects/usgs/water/impd/skagone/r37.0_tile0
23:52:40 ET_MOSAIC DEBUG: justoneday 2017 256 /caldera/projects/usgs/water/impd/skagone/r37.0_tile0
23:55:05 ET_MOSAIC DEBUG: justoneday 2017 257 /caldera/projects/usgs/water/impd/skagone/r37.0_tile0
23:57:31 ET_MOSAIC DEBUG: justoneday 2017 258 /caldera/projects/usgs/water/impd/skagone/r37.0_tile0
23:59:56 ET_MOSAIC DEBUG: justoneday 2017 259 /caldera/projects/usgs/water/impd/skagone/r37.0_tile0
00:02:20 ET_MOSAIC DEBUG: justoneday 2017 260 /caldera/projects/usgs/water/impd/skagone/r37.0_tile0
00:04:44 ET_MOSAIC DEBUG: justoneday 2017 261 /caldera/projects/usgs/water/impd/skagone/r37.0_tile0
00:07:15 ET_MOSAIC DEBUG: justoneday 2017 262 /caldera/projects/usgs/water/impd/skagone/r37.0_tile0
00:09:40 ET_MOSAIC DEBUG: justoneday 2017 263 /caldera/projects/usgs/water/impd/skagone/r37.0_tile0
00:12:09 ET_MOSAIC DEBUG: justoneday 2017 264 /caldera/projects/usgs/water/impd/skagone/r37.0_tile0
00:14:34 ET_MOSAIC DEBUG: justoneday 2017 265 /caldera/projects/usgs/water/impd/skagone/r37.0_tile0
00:16:59 ET_MOSAIC DEBUG: justoneday 2017 266 /caldera/projects/usgs/water/impd/skagone/r37.0_tile0
00:19:25 ET_MOSAIC DEBUG: justoneday 2017 267 /caldera/projects/usgs/water/impd/skagone/r37.0_tile0
00:21:52 ET_MOSAIC DEBUG: justoneday 2017 268 /caldera/projects/usgs/water/impd/skagone/r37.0_tile0
00:24:21 ET_MOSAIC DEBUG: justoneday 2017 269 /caldera/projects/usgs/water/impd/skagone/r37.0_tile0
00:26:50 ET_MOSAIC DEBUG: justoneday 2017 270 /caldera/projects/usgs/water/impd/skagone/r37.0_tile0
00:29:21 ET_MOSAIC DEBUG: justoneday 2017 271 /caldera/projects/usgs/water/impd/skagone/r37.0_tile0
00:31:52 ET_MOSAIC DEBUG: justoneday 2017 272 /caldera/projects/usgs/water/impd/skagone/r37.0_tile0
00:34:20 ET_MOSAIC DEBUG: justoneday 2017 273 /caldera/projects/usgs/water/impd/skagone/r37.0_tile0
00:36:48 ET_MOSAIC DEBUG: justoneday 2017 274 /caldera/projects/usgs/water/impd/skagone/r37.0_tile0
00:39:18 ET_MOSAIC DEBUG: justoneday 2017 275 /caldera/projects/usgs/water/impd/skagone/r37.0_tile0
00:41:48 ET_MOSAIC DEBUG: justoneday 2017 276 /caldera/projects/usgs/water/impd/skagone/r37.0_tile0
00:44:21 ET_MOSAIC DEBUG: justoneday 2017 277 /caldera/projects/usgs/water/impd/skagone/r37.0_tile0
00:46:55 ET_MOSAIC DEBUG: justoneday 2017 278 /caldera/projects/usgs/water/impd/skagone/r37.0_tile0
00:49:20 ET_MOSAIC DEBUG: justoneday 2017 279 /caldera/projects/usgs/water/impd/skagone/r37.0_tile0
00:51:45 ET_MOSAIC DEBUG: justoneday 2017 280 /caldera/projects/usgs/water/impd/skagone/r37.0_tile0
00:54:12 ET_MOSAIC DEBUG: justoneday 2017 281 /caldera/projects/usgs/water/impd/skagone/r37.0_tile0
00:56:37 ET_MOSAIC DEBUG: justoneday 2017 282 /caldera/projects/usgs/water/impd/skagone/r37.0_tile0
00:59:03 ET_MOSAIC DEBUG: justoneday 2017 283 /caldera/projects/usgs/water/impd/skagone/r37.0_tile0
01:01:27 ET_MOSAIC DEBUG: justoneday 2017 284 /caldera/projects/usgs/water/impd/skagone/r37.0_tile0
01:03:51 ET_MOSAIC DEBUG: justoneday 2017 285 /caldera/projects/usgs/water/impd/skagone/r37.0_tile0
01:06:16 ET_MOSAIC DEBUG: justoneday 2017 286 /caldera/projects/usgs/water/impd/skagone/r37.0_tile0
01:08:39 ET_MOSAIC DEBUG: justoneday 2017 287 /caldera/projects/usgs/water/impd/skagone/r37.0_tile0
01:11:02 ET_MOSAIC DEBUG: justoneday 2017 288 /caldera/projects/usgs/water/impd/skagone/r37.0_tile0
01:13:25 ET_MOSAIC DEBUG: justoneday 2017 289 /caldera/projects/usgs/water/impd/skagone/r37.0_tile0
01:15:48 ET_MOSAIC DEBUG: justoneday 2017 290 /caldera/projects/usgs/water/impd/skagone/r37.0_tile0
01:18:10 ET_MOSAIC DEBUG: justoneday 2017 291 /caldera/projects/usgs/water/impd/skagone/r37.0_tile0
01:20:34 ET_MOSAIC DEBUG: justoneday 2017 292 /caldera/projects/usgs/water/impd/skagone/r37.0_tile0
01:22:57 ET_MOSAIC DEBUG: justoneday 2017 293 /caldera/projects/usgs/water/impd/skagone/r37.0_tile0
01:25:21 ET_MOSAIC DEBUG: justoneday 2017 294 /caldera/projects/usgs/water/impd/skagone/r37.0_tile0
01:27:43 ET_MOSAIC DEBUG: justoneday 2017 295 /caldera/projects/usgs/water/impd/skagone/r37.0_tile0
01:30:05 ET_MOSAIC DEBUG: justoneday 2017 296 /caldera/projects/usgs/water/impd/skagone/r37.0_tile0
01:32:26 ET_MOSAIC DEBUG: justoneday 2017 297 /caldera/projects/usgs/water/impd/skagone/r37.0_tile0
01:34:47 ET_MOSAIC DEBUG: justoneday 2017 298 /caldera/projects/usgs/water/impd/skagone/r37.0_tile0
01:37:07 ET_MOSAIC DEBUG: justoneday 2017 299 /caldera/projects/usgs/water/impd/skagone/r37.0_tile0
01:39:31 ET_MOSAIC DEBUG: justoneday 2017 300 /caldera/projects/usgs/water/impd/skagone/r37.0_tile0
01:41:51 ET_MOSAIC DEBUG: justoneday 2017 301 /caldera/projects/usgs/water/impd/skagone/r37.0_tile0
01:44:11 ET_MOSAIC DEBUG: justoneday 2017 302 /caldera/projects/usgs/water/impd/skagone/r37.0_tile0
01:46:31 ET_MOSAIC DEBUG: justoneday 2017 303 /caldera/projects/usgs/water/impd/skagone/r37.0_tile0
01:48:52 ET_MOSAIC DEBUG: justoneday 2017 304 /caldera/projects/usgs/water/impd/skagone/r37.0_tile0
01:51:19 ET_MOSAIC DEBUG: justoneday 2017 305 /caldera/projects/usgs/water/impd/skagone/r37.0_tile0
01:53:36 ET_MOSAIC DEBUG: justoneday 2017 306 /caldera/projects/usgs/water/impd/skagone/r37.0_tile0
01:55:57 ET_MOSAIC DEBUG: justoneday 2017 307 /caldera/projects/usgs/water/impd/skagone/r37.0_tile0
01:58:16 ET_MOSAIC DEBUG: justoneday 2017 308 /caldera/projects/usgs/water/impd/skagone/r37.0_tile0
02:00:41 ET_MOSAIC DEBUG: justoneday 2017 309 /caldera/projects/usgs/water/impd/skagone/r37.0_tile0
02:03:01 ET_MOSAIC DEBUG: justoneday 2017 310 /caldera/projects/usgs/water/impd/skagone/r37.0_tile0
02:05:21 ET_MOSAIC DEBUG: justoneday 2017 311 /caldera/projects/usgs/water/impd/skagone/r37.0_tile0
02:07:39 ET_MOSAIC DEBUG: justoneday 2017 312 /caldera/projects/usgs/water/impd/skagone/r37.0_tile0
02:09:59 ET_MOSAIC DEBUG: justoneday 2017 313 /caldera/projects/usgs/water/impd/skagone/r37.0_tile0
02:12:17 ET_MOSAIC DEBUG: justoneday 2017 314 /caldera/projects/usgs/water/impd/skagone/r37.0_tile0
02:14:34 ET_MOSAIC DEBUG: justoneday 2017 315 /caldera/projects/usgs/water/impd/skagone/r37.0_tile0
02:16:52 ET_MOSAIC DEBUG: justoneday 2017 316 /caldera/projects/usgs/water/impd/skagone/r37.0_tile0
02:19:09 ET_MOSAIC DEBUG: justoneday 2017 317 /caldera/projects/usgs/water/impd/skagone/r37.0_tile0
02:21:26 ET_MOSAIC DEBUG: justoneday 2017 318 /caldera/projects/usgs/water/impd/skagone/r37.0_tile0
02:23:43 ET_MOSAIC DEBUG: justoneday 2017 319 /caldera/projects/usgs/water/impd/skagone/r37.0_tile0
02:26:00 ET_MOSAIC DEBUG: justoneday 2017 320 /caldera/projects/usgs/water/impd/skagone/r37.0_tile0
02:28:16 ET_MOSAIC DEBUG: justoneday 2017 321 /caldera/projects/usgs/water/impd/skagone/r37.0_tile0
02:30:33 ET_MOSAIC DEBUG: justoneday 2017 322 /caldera/projects/usgs/water/impd/skagone/r37.0_tile0
02:32:49 ET_MOSAIC DEBUG: justoneday 2017 323 /caldera/projects/usgs/water/impd/skagone/r37.0_tile0
02:35:05 ET_MOSAIC DEBUG: justoneday 2017 324 /caldera/projects/usgs/water/impd/skagone/r37.0_tile0
02:37:22 ET_MOSAIC DEBUG: justoneday 2017 325 /caldera/projects/usgs/water/impd/skagone/r37.0_tile0
02:39:38 ET_MOSAIC DEBUG: justoneday 2017 326 /caldera/projects/usgs/water/impd/skagone/r37.0_tile0
02:41:54 ET_MOSAIC DEBUG: justoneday 2017 327 /caldera/projects/usgs/water/impd/skagone/r37.0_tile0
02:44:09 ET_MOSAIC DEBUG: justoneday 2017 328 /caldera/projects/usgs/water/impd/skagone/r37.0_tile0
02:46:30 ET_MOSAIC DEBUG: justoneday 2017 329 /caldera/projects/usgs/water/impd/skagone/r37.0_tile0
02:48:47 ET_MOSAIC DEBUG: justoneday 2017 330 /caldera/projects/usgs/water/impd/skagone/r37.0_tile0
02:51:03 ET_MOSAIC DEBUG: justoneday 2017 331 /caldera/projects/usgs/water/impd/skagone/r37.0_tile0
02:53:20 ET_MOSAIC DEBUG: justoneday 2017 332 /caldera/projects/usgs/water/impd/skagone/r37.0_tile0
02:55:35 ET_MOSAIC DEBUG: justoneday 2017 333 /caldera/projects/usgs/water/impd/skagone/r37.0_tile0
02:57:50 ET_MOSAIC DEBUG: justoneday 2017 334 /caldera/projects/usgs/water/impd/skagone/r37.0_tile0
03:00:07 ET_MOSAIC DEBUG: justoneday 2017 335 /caldera/projects/usgs/water/impd/skagone/r37.0_tile0
03:02:26 ET_MOSAIC DEBUG: justoneday 2017 336 /caldera/projects/usgs/water/impd/skagone/r37.0_tile0
03:04:44 ET_MOSAIC DEBUG: justoneday 2017 337 /caldera/projects/usgs/water/impd/skagone/r37.0_tile0
03:07:03 ET_MOSAIC DEBUG: justoneday 2017 338 /caldera/projects/usgs/water/impd/skagone/r37.0_tile0
03:09:22 ET_MOSAIC DEBUG: justoneday 2017 339 /caldera/projects/usgs/water/impd/skagone/r37.0_tile0
03:11:52 ET_MOSAIC DEBUG: justoneday 2017 340 /caldera/projects/usgs/water/impd/skagone/r37.0_tile0
03:14:11 ET_MOSAIC DEBUG: justoneday 2017 341 /caldera/projects/usgs/water/impd/skagone/r37.0_tile0
03:16:29 ET_MOSAIC DEBUG: justoneday 2017 342 /caldera/projects/usgs/water/impd/skagone/r37.0_tile0
03:18:48 ET_MOSAIC DEBUG: justoneday 2017 343 /caldera/projects/usgs/water/impd/skagone/r37.0_tile0
03:21:05 ET_MOSAIC DEBUG: justoneday 2017 344 /caldera/projects/usgs/water/impd/skagone/r37.0_tile0
03:23:22 ET_MOSAIC DEBUG: justoneday 2017 345 /caldera/projects/usgs/water/impd/skagone/r37.0_tile0
03:25:40 ET_MOSAIC DEBUG: justoneday 2017 346 /caldera/projects/usgs/water/impd/skagone/r37.0_tile0
03:27:57 ET_MOSAIC DEBUG: justoneday 2017 347 /caldera/projects/usgs/water/impd/skagone/r37.0_tile0
03:30:15 ET_MOSAIC DEBUG: justoneday 2017 348 /caldera/projects/usgs/water/impd/skagone/r37.0_tile0
03:32:32 ET_MOSAIC DEBUG: justoneday 2017 349 /caldera/projects/usgs/water/impd/skagone/r37.0_tile0
03:34:50 ET_MOSAIC DEBUG: justoneday 2017 350 /caldera/projects/usgs/water/impd/skagone/r37.0_tile0
03:37:07 ET_MOSAIC DEBUG: justoneday 2017 351 /caldera/projects/usgs/water/impd/skagone/r37.0_tile0
03:39:24 ET_MOSAIC DEBUG: justoneday 2017 352 /caldera/projects/usgs/water/impd/skagone/r37.0_tile0
03:41:41 ET_MOSAIC DEBUG: justoneday 2017 353 /caldera/projects/usgs/water/impd/skagone/r37.0_tile0
03:43:57 ET_MOSAIC DEBUG: justoneday 2017 354 /caldera/projects/usgs/water/impd/skagone/r37.0_tile0
03:46:12 ET_MOSAIC DEBUG: justoneday 2017 355 /caldera/projects/usgs/water/impd/skagone/r37.0_tile0
03:48:28 ET_MOSAIC DEBUG: justoneday 2017 356 /caldera/projects/usgs/water/impd/skagone/r37.0_tile0
03:50:42 ET_MOSAIC DEBUG: justoneday 2017 357 /caldera/projects/usgs/water/impd/skagone/r37.0_tile0
03:53:07 ET_MOSAIC DEBUG: justoneday 2017 358 /caldera/projects/usgs/water/impd/skagone/r37.0_tile0
03:55:24 ET_MOSAIC DEBUG: justoneday 2017 359 /caldera/projects/usgs/water/impd/skagone/r37.0_tile0
03:57:41 ET_MOSAIC DEBUG: justoneday 2017 360 /caldera/projects/usgs/water/impd/skagone/r37.0_tile0
03:59:57 ET_MOSAIC DEBUG: justoneday 2017 361 /caldera/projects/usgs/water/impd/skagone/r37.0_tile0
04:02:14 ET_MOSAIC DEBUG: justoneday 2017 362 /caldera/projects/usgs/water/impd/skagone/r37.0_tile0
04:04:30 ET_MOSAIC DEBUG: justoneday 2017 363 /caldera/projects/usgs/water/impd/skagone/r37.0_tile0
04:06:47 ET_MOSAIC DEBUG: justoneday 2017 364 /caldera/projects/usgs/water/impd/skagone/r37.0_tile0
04:09:04 ET_MOSAIC DEBUG: justoneday 2017 365 /caldera/projects/usgs/water/impd/skagone/r37.0_tile0
