08:08:50 ET_MOSAIC DEBUG: this is how you call one of your functions
08:08:50 ET_MOSAIC DEBUG: hello from Conus_mosaic class
08:08:50 ET_MOSAIC DEBUG: Mosaicking ['netet'] in /caldera/projects/usgs/water/impd/skagone and put it in /caldera/projects/usgs/water/impd/skagone/conus_mos_completed/2020 for 2020
08:08:50 ET_MOSAIC DEBUG: run_mosaic
08:08:50 ET_MOSAIC DEBUG: Mosaic this product: netet
08:08:50 ET_MOSAIC DEBUG: /caldera/projects/usgs/water/impd/skagone/
08:08:50 ET_MOSAIC DEBUG: justoneday 2020 1 /caldera/projects/usgs/water/impd/skagone/r37.0_tile0
Warning 1: +init=epsg:XXXX syntax is deprecated. It might return a CRS with a non-EPSG compliant axis order.
08:12:48 ET_MOSAIC DEBUG: justoneday 2020 2 /caldera/projects/usgs/water/impd/skagone/r37.0_tile0
08:16:41 ET_MOSAIC DEBUG: justoneday 2020 3 /caldera/projects/usgs/water/impd/skagone/r37.0_tile0
08:20:36 ET_MOSAIC DEBUG: justoneday 2020 4 /caldera/projects/usgs/water/impd/skagone/r37.0_tile0
08:24:20 ET_MOSAIC DEBUG: justoneday 2020 5 /caldera/projects/usgs/water/impd/skagone/r37.0_tile0
08:28:15 ET_MOSAIC DEBUG: justoneday 2020 6 /caldera/projects/usgs/water/impd/skagone/r37.0_tile0
08:32:12 ET_MOSAIC DEBUG: justoneday 2020 7 /caldera/projects/usgs/water/impd/skagone/r37.0_tile0
08:35:57 ET_MOSAIC DEBUG: justoneday 2020 8 /caldera/projects/usgs/water/impd/skagone/r37.0_tile0
08:39:42 ET_MOSAIC DEBUG: justoneday 2020 9 /caldera/projects/usgs/water/impd/skagone/r37.0_tile0
08:43:22 ET_MOSAIC DEBUG: justoneday 2020 10 /caldera/projects/usgs/water/impd/skagone/r37.0_tile0
08:47:04 ET_MOSAIC DEBUG: justoneday 2020 11 /caldera/projects/usgs/water/impd/skagone/r37.0_tile0
08:50:43 ET_MOSAIC DEBUG: justoneday 2020 12 /caldera/projects/usgs/water/impd/skagone/r37.0_tile0
08:53:56 ET_MOSAIC DEBUG: justoneday 2020 13 /caldera/projects/usgs/water/impd/skagone/r37.0_tile0
08:57:18 ET_MOSAIC DEBUG: justoneday 2020 14 /caldera/projects/usgs/water/impd/skagone/r37.0_tile0
09:00:45 ET_MOSAIC DEBUG: justoneday 2020 15 /caldera/projects/usgs/water/impd/skagone/r37.0_tile0
09:04:10 ET_MOSAIC DEBUG: justoneday 2020 16 /caldera/projects/usgs/water/impd/skagone/r37.0_tile0
09:07:32 ET_MOSAIC DEBUG: justoneday 2020 17 /caldera/projects/usgs/water/impd/skagone/r37.0_tile0
09:10:00 ET_MOSAIC DEBUG: justoneday 2020 18 /caldera/projects/usgs/water/impd/skagone/r37.0_tile0
09:12:02 ET_MOSAIC DEBUG: justoneday 2020 19 /caldera/projects/usgs/water/impd/skagone/r37.0_tile0
09:14:02 ET_MOSAIC DEBUG: justoneday 2020 20 /caldera/projects/usgs/water/impd/skagone/r37.0_tile0
09:16:01 ET_MOSAIC DEBUG: justoneday 2020 21 /caldera/projects/usgs/water/impd/skagone/r37.0_tile0
09:18:01 ET_MOSAIC DEBUG: justoneday 2020 22 /caldera/projects/usgs/water/impd/skagone/r37.0_tile0
09:20:10 ET_MOSAIC DEBUG: justoneday 2020 23 /caldera/projects/usgs/water/impd/skagone/r37.0_tile0
09:22:31 ET_MOSAIC DEBUG: justoneday 2020 24 /caldera/projects/usgs/water/impd/skagone/r37.0_tile0
09:24:34 ET_MOSAIC DEBUG: justoneday 2020 25 /caldera/projects/usgs/water/impd/skagone/r37.0_tile0
09:26:38 ET_MOSAIC DEBUG: justoneday 2020 26 /caldera/projects/usgs/water/impd/skagone/r37.0_tile0
09:28:42 ET_MOSAIC DEBUG: justoneday 2020 27 /caldera/projects/usgs/water/impd/skagone/r37.0_tile0
09:30:48 ET_MOSAIC DEBUG: justoneday 2020 28 /caldera/projects/usgs/water/impd/skagone/r37.0_tile0
09:32:53 ET_MOSAIC DEBUG: justoneday 2020 29 /caldera/projects/usgs/water/impd/skagone/r37.0_tile0
09:35:08 ET_MOSAIC DEBUG: justoneday 2020 30 /caldera/projects/usgs/water/impd/skagone/r37.0_tile0
09:37:20 ET_MOSAIC DEBUG: justoneday 2020 31 /caldera/projects/usgs/water/impd/skagone/r37.0_tile0
09:39:47 ET_MOSAIC DEBUG: justoneday 2020 32 /caldera/projects/usgs/water/impd/skagone/r37.0_tile0
09:41:45 ET_MOSAIC DEBUG: justoneday 2020 33 /caldera/projects/usgs/water/impd/skagone/r37.0_tile0
09:43:41 ET_MOSAIC DEBUG: justoneday 2020 34 /caldera/projects/usgs/water/impd/skagone/r37.0_tile0
09:45:27 ET_MOSAIC DEBUG: justoneday 2020 35 /caldera/projects/usgs/water/impd/skagone/r37.0_tile0
09:47:14 ET_MOSAIC DEBUG: justoneday 2020 36 /caldera/projects/usgs/water/impd/skagone/r37.0_tile0
09:48:59 ET_MOSAIC DEBUG: justoneday 2020 37 /caldera/projects/usgs/water/impd/skagone/r37.0_tile0
09:50:41 ET_MOSAIC DEBUG: justoneday 2020 38 /caldera/projects/usgs/water/impd/skagone/r37.0_tile0
09:52:25 ET_MOSAIC DEBUG: justoneday 2020 39 /caldera/projects/usgs/water/impd/skagone/r37.0_tile0
09:54:07 ET_MOSAIC DEBUG: justoneday 2020 40 /caldera/projects/usgs/water/impd/skagone/r37.0_tile0
09:55:59 ET_MOSAIC DEBUG: justoneday 2020 41 /caldera/projects/usgs/water/impd/skagone/r37.0_tile0
09:57:41 ET_MOSAIC DEBUG: justoneday 2020 42 /caldera/projects/usgs/water/impd/skagone/r37.0_tile0
09:59:23 ET_MOSAIC DEBUG: justoneday 2020 43 /caldera/projects/usgs/water/impd/skagone/r37.0_tile0
10:01:17 ET_MOSAIC DEBUG: justoneday 2020 44 /caldera/projects/usgs/water/impd/skagone/r37.0_tile0
10:02:46 ET_MOSAIC DEBUG: justoneday 2020 45 /caldera/projects/usgs/water/impd/skagone/r37.0_tile0
10:04:27 ET_MOSAIC DEBUG: justoneday 2020 46 /caldera/projects/usgs/water/impd/skagone/r37.0_tile0
10:06:08 ET_MOSAIC DEBUG: justoneday 2020 47 /caldera/projects/usgs/water/impd/skagone/r37.0_tile0
10:07:48 ET_MOSAIC DEBUG: justoneday 2020 48 /caldera/projects/usgs/water/impd/skagone/r37.0_tile0
10:09:30 ET_MOSAIC DEBUG: justoneday 2020 49 /caldera/projects/usgs/water/impd/skagone/r37.0_tile0
10:11:11 ET_MOSAIC DEBUG: justoneday 2020 50 /caldera/projects/usgs/water/impd/skagone/r37.0_tile0
10:12:54 ET_MOSAIC DEBUG: justoneday 2020 51 /caldera/projects/usgs/water/impd/skagone/r37.0_tile0
10:14:35 ET_MOSAIC DEBUG: justoneday 2020 52 /caldera/projects/usgs/water/impd/skagone/r37.0_tile0
10:16:18 ET_MOSAIC DEBUG: justoneday 2020 53 /caldera/projects/usgs/water/impd/skagone/r37.0_tile0
10:18:00 ET_MOSAIC DEBUG: justoneday 2020 54 /caldera/projects/usgs/water/impd/skagone/r37.0_tile0
10:19:42 ET_MOSAIC DEBUG: justoneday 2020 55 /caldera/projects/usgs/water/impd/skagone/r37.0_tile0
10:21:23 ET_MOSAIC DEBUG: justoneday 2020 56 /caldera/projects/usgs/water/impd/skagone/r37.0_tile0
10:23:06 ET_MOSAIC DEBUG: justoneday 2020 57 /caldera/projects/usgs/water/impd/skagone/r37.0_tile0
10:24:49 ET_MOSAIC DEBUG: justoneday 2020 58 /caldera/projects/usgs/water/impd/skagone/r37.0_tile0
10:26:32 ET_MOSAIC DEBUG: justoneday 2020 59 /caldera/projects/usgs/water/impd/skagone/r37.0_tile0
10:28:15 ET_MOSAIC DEBUG: justoneday 2020 60 /caldera/projects/usgs/water/impd/skagone/r37.0_tile0
10:29:47 ET_MOSAIC DEBUG: justoneday 2020 61 /caldera/projects/usgs/water/impd/skagone/r37.0_tile0
10:31:30 ET_MOSAIC DEBUG: justoneday 2020 62 /caldera/projects/usgs/water/impd/skagone/r37.0_tile0
10:33:14 ET_MOSAIC DEBUG: justoneday 2020 63 /caldera/projects/usgs/water/impd/skagone/r37.0_tile0
10:34:56 ET_MOSAIC DEBUG: justoneday 2020 64 /caldera/projects/usgs/water/impd/skagone/r37.0_tile0
10:36:39 ET_MOSAIC DEBUG: justoneday 2020 65 /caldera/projects/usgs/water/impd/skagone/r37.0_tile0
10:38:21 ET_MOSAIC DEBUG: justoneday 2020 66 /caldera/projects/usgs/water/impd/skagone/r37.0_tile0
10:40:03 ET_MOSAIC DEBUG: justoneday 2020 67 /caldera/projects/usgs/water/impd/skagone/r37.0_tile0
10:42:10 ET_MOSAIC DEBUG: justoneday 2020 68 /caldera/projects/usgs/water/impd/skagone/r37.0_tile0
10:44:05 ET_MOSAIC DEBUG: justoneday 2020 69 /caldera/projects/usgs/water/impd/skagone/r37.0_tile0
10:45:47 ET_MOSAIC DEBUG: justoneday 2020 70 /caldera/projects/usgs/water/impd/skagone/r37.0_tile0
10:47:38 ET_MOSAIC DEBUG: justoneday 2020 71 /caldera/projects/usgs/water/impd/skagone/r37.0_tile0
10:49:33 ET_MOSAIC DEBUG: justoneday 2020 72 /caldera/projects/usgs/water/impd/skagone/r37.0_tile0
10:52:48 ET_MOSAIC DEBUG: justoneday 2020 73 /caldera/projects/usgs/water/impd/skagone/r37.0_tile0
10:55:04 ET_MOSAIC DEBUG: justoneday 2020 74 /caldera/projects/usgs/water/impd/skagone/r37.0_tile0
10:56:52 ET_MOSAIC DEBUG: justoneday 2020 75 /caldera/projects/usgs/water/impd/skagone/r37.0_tile0
10:58:35 ET_MOSAIC DEBUG: justoneday 2020 76 /caldera/projects/usgs/water/impd/skagone/r37.0_tile0
11:01:29 ET_MOSAIC DEBUG: justoneday 2020 77 /caldera/projects/usgs/water/impd/skagone/r37.0_tile0
11:03:43 ET_MOSAIC DEBUG: justoneday 2020 78 /caldera/projects/usgs/water/impd/skagone/r37.0_tile0
11:05:38 ET_MOSAIC DEBUG: justoneday 2020 79 /caldera/projects/usgs/water/impd/skagone/r37.0_tile0
11:08:29 ET_MOSAIC DEBUG: justoneday 2020 80 /caldera/projects/usgs/water/impd/skagone/r37.0_tile0
11:10:31 ET_MOSAIC DEBUG: justoneday 2020 81 /caldera/projects/usgs/water/impd/skagone/r37.0_tile0
11:12:12 ET_MOSAIC DEBUG: justoneday 2020 82 /caldera/projects/usgs/water/impd/skagone/r37.0_tile0
11:13:54 ET_MOSAIC DEBUG: justoneday 2020 83 /caldera/projects/usgs/water/impd/skagone/r37.0_tile0
11:16:21 ET_MOSAIC DEBUG: justoneday 2020 84 /caldera/projects/usgs/water/impd/skagone/r37.0_tile0
11:19:06 ET_MOSAIC DEBUG: justoneday 2020 85 /caldera/projects/usgs/water/impd/skagone/r37.0_tile0
11:20:57 ET_MOSAIC DEBUG: justoneday 2020 86 /caldera/projects/usgs/water/impd/skagone/r37.0_tile0
11:22:40 ET_MOSAIC DEBUG: justoneday 2020 87 /caldera/projects/usgs/water/impd/skagone/r37.0_tile0
11:24:22 ET_MOSAIC DEBUG: justoneday 2020 88 /caldera/projects/usgs/water/impd/skagone/r37.0_tile0
11:26:05 ET_MOSAIC DEBUG: justoneday 2020 89 /caldera/projects/usgs/water/impd/skagone/r37.0_tile0
11:27:50 ET_MOSAIC DEBUG: justoneday 2020 90 /caldera/projects/usgs/water/impd/skagone/r37.0_tile0
11:29:32 ET_MOSAIC DEBUG: justoneday 2020 91 /caldera/projects/usgs/water/impd/skagone/r37.0_tile0
11:31:15 ET_MOSAIC DEBUG: justoneday 2020 92 /caldera/projects/usgs/water/impd/skagone/r37.0_tile0
11:32:57 ET_MOSAIC DEBUG: justoneday 2020 93 /caldera/projects/usgs/water/impd/skagone/r37.0_tile0
11:34:41 ET_MOSAIC DEBUG: justoneday 2020 94 /caldera/projects/usgs/water/impd/skagone/r37.0_tile0
11:36:24 ET_MOSAIC DEBUG: justoneday 2020 95 /caldera/projects/usgs/water/impd/skagone/r37.0_tile0
11:38:08 ET_MOSAIC DEBUG: justoneday 2020 96 /caldera/projects/usgs/water/impd/skagone/r37.0_tile0
11:39:50 ET_MOSAIC DEBUG: justoneday 2020 97 /caldera/projects/usgs/water/impd/skagone/r37.0_tile0
11:41:33 ET_MOSAIC DEBUG: justoneday 2020 98 /caldera/projects/usgs/water/impd/skagone/r37.0_tile0
11:43:17 ET_MOSAIC DEBUG: justoneday 2020 99 /caldera/projects/usgs/water/impd/skagone/r37.0_tile0
11:45:01 ET_MOSAIC DEBUG: justoneday 2020 100 /caldera/projects/usgs/water/impd/skagone/r37.0_tile0
11:46:47 ET_MOSAIC DEBUG: justoneday 2020 101 /caldera/projects/usgs/water/impd/skagone/r37.0_tile0
11:48:31 ET_MOSAIC DEBUG: justoneday 2020 102 /caldera/projects/usgs/water/impd/skagone/r37.0_tile0
11:50:20 ET_MOSAIC DEBUG: justoneday 2020 103 /caldera/projects/usgs/water/impd/skagone/r37.0_tile0
11:52:04 ET_MOSAIC DEBUG: justoneday 2020 104 /caldera/projects/usgs/water/impd/skagone/r37.0_tile0
11:53:47 ET_MOSAIC DEBUG: justoneday 2020 105 /caldera/projects/usgs/water/impd/skagone/r37.0_tile0
11:55:32 ET_MOSAIC DEBUG: justoneday 2020 106 /caldera/projects/usgs/water/impd/skagone/r37.0_tile0
11:57:17 ET_MOSAIC DEBUG: justoneday 2020 107 /caldera/projects/usgs/water/impd/skagone/r37.0_tile0
11:59:01 ET_MOSAIC DEBUG: justoneday 2020 108 /caldera/projects/usgs/water/impd/skagone/r37.0_tile0
12:00:47 ET_MOSAIC DEBUG: justoneday 2020 109 /caldera/projects/usgs/water/impd/skagone/r37.0_tile0
12:02:34 ET_MOSAIC DEBUG: justoneday 2020 110 /caldera/projects/usgs/water/impd/skagone/r37.0_tile0
12:04:19 ET_MOSAIC DEBUG: justoneday 2020 111 /caldera/projects/usgs/water/impd/skagone/r37.0_tile0
12:06:14 ET_MOSAIC DEBUG: justoneday 2020 112 /caldera/projects/usgs/water/impd/skagone/r37.0_tile0
12:08:11 ET_MOSAIC DEBUG: justoneday 2020 113 /caldera/projects/usgs/water/impd/skagone/r37.0_tile0
12:10:12 ET_MOSAIC DEBUG: justoneday 2020 114 /caldera/projects/usgs/water/impd/skagone/r37.0_tile0
12:12:16 ET_MOSAIC DEBUG: justoneday 2020 115 /caldera/projects/usgs/water/impd/skagone/r37.0_tile0
12:14:15 ET_MOSAIC DEBUG: justoneday 2020 116 /caldera/projects/usgs/water/impd/skagone/r37.0_tile0
12:16:03 ET_MOSAIC DEBUG: justoneday 2020 117 /caldera/projects/usgs/water/impd/skagone/r37.0_tile0
12:17:48 ET_MOSAIC DEBUG: justoneday 2020 118 /caldera/projects/usgs/water/impd/skagone/r37.0_tile0
12:19:34 ET_MOSAIC DEBUG: justoneday 2020 119 /caldera/projects/usgs/water/impd/skagone/r37.0_tile0
12:21:21 ET_MOSAIC DEBUG: justoneday 2020 120 /caldera/projects/usgs/water/impd/skagone/r37.0_tile0
12:23:07 ET_MOSAIC DEBUG: justoneday 2020 121 /caldera/projects/usgs/water/impd/skagone/r37.0_tile0
12:24:54 ET_MOSAIC DEBUG: justoneday 2020 122 /caldera/projects/usgs/water/impd/skagone/r37.0_tile0
12:26:41 ET_MOSAIC DEBUG: justoneday 2020 123 /caldera/projects/usgs/water/impd/skagone/r37.0_tile0
12:28:28 ET_MOSAIC DEBUG: justoneday 2020 124 /caldera/projects/usgs/water/impd/skagone/r37.0_tile0
12:30:15 ET_MOSAIC DEBUG: justoneday 2020 125 /caldera/projects/usgs/water/impd/skagone/r37.0_tile0
12:32:02 ET_MOSAIC DEBUG: justoneday 2020 126 /caldera/projects/usgs/water/impd/skagone/r37.0_tile0
12:33:53 ET_MOSAIC DEBUG: justoneday 2020 127 /caldera/projects/usgs/water/impd/skagone/r37.0_tile0
12:35:41 ET_MOSAIC DEBUG: justoneday 2020 128 /caldera/projects/usgs/water/impd/skagone/r37.0_tile0
12:37:29 ET_MOSAIC DEBUG: justoneday 2020 129 /caldera/projects/usgs/water/impd/skagone/r37.0_tile0
12:39:17 ET_MOSAIC DEBUG: justoneday 2020 130 /caldera/projects/usgs/water/impd/skagone/r37.0_tile0
12:41:07 ET_MOSAIC DEBUG: justoneday 2020 131 /caldera/projects/usgs/water/impd/skagone/r37.0_tile0
12:42:56 ET_MOSAIC DEBUG: justoneday 2020 132 /caldera/projects/usgs/water/impd/skagone/r37.0_tile0
12:44:45 ET_MOSAIC DEBUG: justoneday 2020 133 /caldera/projects/usgs/water/impd/skagone/r37.0_tile0
12:46:33 ET_MOSAIC DEBUG: justoneday 2020 134 /caldera/projects/usgs/water/impd/skagone/r37.0_tile0
12:48:22 ET_MOSAIC DEBUG: justoneday 2020 135 /caldera/projects/usgs/water/impd/skagone/r37.0_tile0
12:50:13 ET_MOSAIC DEBUG: justoneday 2020 136 /caldera/projects/usgs/water/impd/skagone/r37.0_tile0
12:52:02 ET_MOSAIC DEBUG: justoneday 2020 137 /caldera/projects/usgs/water/impd/skagone/r37.0_tile0
12:53:53 ET_MOSAIC DEBUG: justoneday 2020 138 /caldera/projects/usgs/water/impd/skagone/r37.0_tile0
12:55:43 ET_MOSAIC DEBUG: justoneday 2020 139 /caldera/projects/usgs/water/impd/skagone/r37.0_tile0
12:58:24 ET_MOSAIC DEBUG: justoneday 2020 140 /caldera/projects/usgs/water/impd/skagone/r37.0_tile0
13:01:13 ET_MOSAIC DEBUG: justoneday 2020 141 /caldera/projects/usgs/water/impd/skagone/r37.0_tile0
13:03:10 ET_MOSAIC DEBUG: justoneday 2020 142 /caldera/projects/usgs/water/impd/skagone/r37.0_tile0
13:04:58 ET_MOSAIC DEBUG: justoneday 2020 143 /caldera/projects/usgs/water/impd/skagone/r37.0_tile0
13:06:51 ET_MOSAIC DEBUG: justoneday 2020 144 /caldera/projects/usgs/water/impd/skagone/r37.0_tile0
13:08:40 ET_MOSAIC DEBUG: justoneday 2020 145 /caldera/projects/usgs/water/impd/skagone/r37.0_tile0
13:10:56 ET_MOSAIC DEBUG: justoneday 2020 146 /caldera/projects/usgs/water/impd/skagone/r37.0_tile0
13:13:19 ET_MOSAIC DEBUG: justoneday 2020 147 /caldera/projects/usgs/water/impd/skagone/r37.0_tile0
13:15:13 ET_MOSAIC DEBUG: justoneday 2020 148 /caldera/projects/usgs/water/impd/skagone/r37.0_tile0
13:17:01 ET_MOSAIC DEBUG: justoneday 2020 149 /caldera/projects/usgs/water/impd/skagone/r37.0_tile0
13:18:50 ET_MOSAIC DEBUG: justoneday 2020 150 /caldera/projects/usgs/water/impd/skagone/r37.0_tile0
13:20:40 ET_MOSAIC DEBUG: justoneday 2020 151 /caldera/projects/usgs/water/impd/skagone/r37.0_tile0
13:22:37 ET_MOSAIC DEBUG: justoneday 2020 152 /caldera/projects/usgs/water/impd/skagone/r37.0_tile0
13:24:33 ET_MOSAIC DEBUG: justoneday 2020 153 /caldera/projects/usgs/water/impd/skagone/r37.0_tile0
13:26:31 ET_MOSAIC DEBUG: justoneday 2020 154 /caldera/projects/usgs/water/impd/skagone/r37.0_tile0
13:28:34 ET_MOSAIC DEBUG: justoneday 2020 155 /caldera/projects/usgs/water/impd/skagone/r37.0_tile0
13:30:27 ET_MOSAIC DEBUG: justoneday 2020 156 /caldera/projects/usgs/water/impd/skagone/r37.0_tile0
13:32:20 ET_MOSAIC DEBUG: justoneday 2020 157 /caldera/projects/usgs/water/impd/skagone/r37.0_tile0
13:34:21 ET_MOSAIC DEBUG: justoneday 2020 158 /caldera/projects/usgs/water/impd/skagone/r37.0_tile0
13:36:13 ET_MOSAIC DEBUG: justoneday 2020 159 /caldera/projects/usgs/water/impd/skagone/r37.0_tile0
13:38:06 ET_MOSAIC DEBUG: justoneday 2020 160 /caldera/projects/usgs/water/impd/skagone/r37.0_tile0
13:39:58 ET_MOSAIC DEBUG: justoneday 2020 161 /caldera/projects/usgs/water/impd/skagone/r37.0_tile0
13:41:51 ET_MOSAIC DEBUG: justoneday 2020 162 /caldera/projects/usgs/water/impd/skagone/r37.0_tile0
13:43:43 ET_MOSAIC DEBUG: justoneday 2020 163 /caldera/projects/usgs/water/impd/skagone/r37.0_tile0
13:45:37 ET_MOSAIC DEBUG: justoneday 2020 164 /caldera/projects/usgs/water/impd/skagone/r37.0_tile0
13:47:31 ET_MOSAIC DEBUG: justoneday 2020 165 /caldera/projects/usgs/water/impd/skagone/r37.0_tile0
13:49:26 ET_MOSAIC DEBUG: justoneday 2020 166 /caldera/projects/usgs/water/impd/skagone/r37.0_tile0
13:51:21 ET_MOSAIC DEBUG: justoneday 2020 167 /caldera/projects/usgs/water/impd/skagone/r37.0_tile0
13:53:18 ET_MOSAIC DEBUG: justoneday 2020 168 /caldera/projects/usgs/water/impd/skagone/r37.0_tile0
13:55:23 ET_MOSAIC DEBUG: justoneday 2020 169 /caldera/projects/usgs/water/impd/skagone/r37.0_tile0
13:58:08 ET_MOSAIC DEBUG: justoneday 2020 170 /caldera/projects/usgs/water/impd/skagone/r37.0_tile0
14:00:04 ET_MOSAIC DEBUG: justoneday 2020 171 /caldera/projects/usgs/water/impd/skagone/r37.0_tile0
14:02:00 ET_MOSAIC DEBUG: justoneday 2020 172 /caldera/projects/usgs/water/impd/skagone/r37.0_tile0
14:04:00 ET_MOSAIC DEBUG: justoneday 2020 173 /caldera/projects/usgs/water/impd/skagone/r37.0_tile0
14:05:58 ET_MOSAIC DEBUG: justoneday 2020 174 /caldera/projects/usgs/water/impd/skagone/r37.0_tile0
14:07:54 ET_MOSAIC DEBUG: justoneday 2020 175 /caldera/projects/usgs/water/impd/skagone/r37.0_tile0
14:09:52 ET_MOSAIC DEBUG: justoneday 2020 176 /caldera/projects/usgs/water/impd/skagone/r37.0_tile0
14:11:55 ET_MOSAIC DEBUG: justoneday 2020 177 /caldera/projects/usgs/water/impd/skagone/r37.0_tile0
14:13:57 ET_MOSAIC DEBUG: justoneday 2020 178 /caldera/projects/usgs/water/impd/skagone/r37.0_tile0
14:15:55 ET_MOSAIC DEBUG: justoneday 2020 179 /caldera/projects/usgs/water/impd/skagone/r37.0_tile0
14:17:53 ET_MOSAIC DEBUG: justoneday 2020 180 /caldera/projects/usgs/water/impd/skagone/r37.0_tile0
14:19:50 ET_MOSAIC DEBUG: justoneday 2020 181 /caldera/projects/usgs/water/impd/skagone/r37.0_tile0
14:21:49 ET_MOSAIC DEBUG: justoneday 2020 182 /caldera/projects/usgs/water/impd/skagone/r37.0_tile0
14:23:47 ET_MOSAIC DEBUG: justoneday 2020 183 /caldera/projects/usgs/water/impd/skagone/r37.0_tile0
14:26:24 ET_MOSAIC DEBUG: justoneday 2020 184 /caldera/projects/usgs/water/impd/skagone/r37.0_tile0
14:28:38 ET_MOSAIC DEBUG: justoneday 2020 185 /caldera/projects/usgs/water/impd/skagone/r37.0_tile0
14:30:41 ET_MOSAIC DEBUG: justoneday 2020 186 /caldera/projects/usgs/water/impd/skagone/r37.0_tile0
14:32:43 ET_MOSAIC DEBUG: justoneday 2020 187 /caldera/projects/usgs/water/impd/skagone/r37.0_tile0
14:34:45 ET_MOSAIC DEBUG: justoneday 2020 188 /caldera/projects/usgs/water/impd/skagone/r37.0_tile0
14:38:07 ET_MOSAIC DEBUG: justoneday 2020 189 /caldera/projects/usgs/water/impd/skagone/r37.0_tile0
14:40:04 ET_MOSAIC DEBUG: justoneday 2020 190 /caldera/projects/usgs/water/impd/skagone/r37.0_tile0
14:42:08 ET_MOSAIC DEBUG: justoneday 2020 191 /caldera/projects/usgs/water/impd/skagone/r37.0_tile0
14:44:06 ET_MOSAIC DEBUG: justoneday 2020 192 /caldera/projects/usgs/water/impd/skagone/r37.0_tile0
14:46:05 ET_MOSAIC DEBUG: justoneday 2020 193 /caldera/projects/usgs/water/impd/skagone/r37.0_tile0
14:47:59 ET_MOSAIC DEBUG: justoneday 2020 194 /caldera/projects/usgs/water/impd/skagone/r37.0_tile0
14:49:54 ET_MOSAIC DEBUG: justoneday 2020 195 /caldera/projects/usgs/water/impd/skagone/r37.0_tile0
14:51:52 ET_MOSAIC DEBUG: justoneday 2020 196 /caldera/projects/usgs/water/impd/skagone/r37.0_tile0
14:53:51 ET_MOSAIC DEBUG: justoneday 2020 197 /caldera/projects/usgs/water/impd/skagone/r37.0_tile0
14:55:50 ET_MOSAIC DEBUG: justoneday 2020 198 /caldera/projects/usgs/water/impd/skagone/r37.0_tile0
14:57:52 ET_MOSAIC DEBUG: justoneday 2020 199 /caldera/projects/usgs/water/impd/skagone/r37.0_tile0
14:59:53 ET_MOSAIC DEBUG: justoneday 2020 200 /caldera/projects/usgs/water/impd/skagone/r37.0_tile0
15:01:54 ET_MOSAIC DEBUG: justoneday 2020 201 /caldera/projects/usgs/water/impd/skagone/r37.0_tile0
15:03:49 ET_MOSAIC DEBUG: justoneday 2020 202 /caldera/projects/usgs/water/impd/skagone/r37.0_tile0
15:05:51 ET_MOSAIC DEBUG: justoneday 2020 203 /caldera/projects/usgs/water/impd/skagone/r37.0_tile0
15:07:51 ET_MOSAIC DEBUG: justoneday 2020 204 /caldera/projects/usgs/water/impd/skagone/r37.0_tile0
15:09:52 ET_MOSAIC DEBUG: justoneday 2020 205 /caldera/projects/usgs/water/impd/skagone/r37.0_tile0
15:11:53 ET_MOSAIC DEBUG: justoneday 2020 206 /caldera/projects/usgs/water/impd/skagone/r37.0_tile0
15:13:54 ET_MOSAIC DEBUG: justoneday 2020 207 /caldera/projects/usgs/water/impd/skagone/r37.0_tile0
15:15:55 ET_MOSAIC DEBUG: justoneday 2020 208 /caldera/projects/usgs/water/impd/skagone/r37.0_tile0
15:17:56 ET_MOSAIC DEBUG: justoneday 2020 209 /caldera/projects/usgs/water/impd/skagone/r37.0_tile0
15:19:58 ET_MOSAIC DEBUG: justoneday 2020 210 /caldera/projects/usgs/water/impd/skagone/r37.0_tile0
15:21:55 ET_MOSAIC DEBUG: justoneday 2020 211 /caldera/projects/usgs/water/impd/skagone/r37.0_tile0
15:23:55 ET_MOSAIC DEBUG: justoneday 2020 212 /caldera/projects/usgs/water/impd/skagone/r37.0_tile0
15:26:04 ET_MOSAIC DEBUG: justoneday 2020 213 /caldera/projects/usgs/water/impd/skagone/r37.0_tile0
15:28:05 ET_MOSAIC DEBUG: justoneday 2020 214 /caldera/projects/usgs/water/impd/skagone/r37.0_tile0
15:30:05 ET_MOSAIC DEBUG: justoneday 2020 215 /caldera/projects/usgs/water/impd/skagone/r37.0_tile0
15:32:08 ET_MOSAIC DEBUG: justoneday 2020 216 /caldera/projects/usgs/water/impd/skagone/r37.0_tile0
15:34:10 ET_MOSAIC DEBUG: justoneday 2020 217 /caldera/projects/usgs/water/impd/skagone/r37.0_tile0
15:36:12 ET_MOSAIC DEBUG: justoneday 2020 218 /caldera/projects/usgs/water/impd/skagone/r37.0_tile0
15:38:15 ET_MOSAIC DEBUG: justoneday 2020 219 /caldera/projects/usgs/water/impd/skagone/r37.0_tile0
15:40:13 ET_MOSAIC DEBUG: justoneday 2020 220 /caldera/projects/usgs/water/impd/skagone/r37.0_tile0
15:42:13 ET_MOSAIC DEBUG: justoneday 2020 221 /caldera/projects/usgs/water/impd/skagone/r37.0_tile0
15:44:21 ET_MOSAIC DEBUG: justoneday 2020 222 /caldera/projects/usgs/water/impd/skagone/r37.0_tile0
15:46:33 ET_MOSAIC DEBUG: justoneday 2020 223 /caldera/projects/usgs/water/impd/skagone/r37.0_tile0
15:48:54 ET_MOSAIC DEBUG: justoneday 2020 224 /caldera/projects/usgs/water/impd/skagone/r37.0_tile0
15:51:18 ET_MOSAIC DEBUG: justoneday 2020 225 /caldera/projects/usgs/water/impd/skagone/r37.0_tile0
15:53:42 ET_MOSAIC DEBUG: justoneday 2020 226 /caldera/projects/usgs/water/impd/skagone/r37.0_tile0
15:55:48 ET_MOSAIC DEBUG: justoneday 2020 227 /caldera/projects/usgs/water/impd/skagone/r37.0_tile0
15:57:52 ET_MOSAIC DEBUG: justoneday 2020 228 /caldera/projects/usgs/water/impd/skagone/r37.0_tile0
15:59:54 ET_MOSAIC DEBUG: justoneday 2020 229 /caldera/projects/usgs/water/impd/skagone/r37.0_tile0
16:01:57 ET_MOSAIC DEBUG: justoneday 2020 230 /caldera/projects/usgs/water/impd/skagone/r37.0_tile0
16:04:01 ET_MOSAIC DEBUG: justoneday 2020 231 /caldera/projects/usgs/water/impd/skagone/r37.0_tile0
16:06:05 ET_MOSAIC DEBUG: justoneday 2020 232 /caldera/projects/usgs/water/impd/skagone/r37.0_tile0
16:08:10 ET_MOSAIC DEBUG: justoneday 2020 233 /caldera/projects/usgs/water/impd/skagone/r37.0_tile0
16:10:13 ET_MOSAIC DEBUG: justoneday 2020 234 /caldera/projects/usgs/water/impd/skagone/r37.0_tile0
16:12:27 ET_MOSAIC DEBUG: justoneday 2020 235 /caldera/projects/usgs/water/impd/skagone/r37.0_tile0
16:14:52 ET_MOSAIC DEBUG: justoneday 2020 236 /caldera/projects/usgs/water/impd/skagone/r37.0_tile0
16:17:31 ET_MOSAIC DEBUG: justoneday 2020 237 /caldera/projects/usgs/water/impd/skagone/r37.0_tile0
16:20:05 ET_MOSAIC DEBUG: justoneday 2020 238 /caldera/projects/usgs/water/impd/skagone/r37.0_tile0
16:22:34 ET_MOSAIC DEBUG: justoneday 2020 239 /caldera/projects/usgs/water/impd/skagone/r37.0_tile0
16:25:00 ET_MOSAIC DEBUG: justoneday 2020 240 /caldera/projects/usgs/water/impd/skagone/r37.0_tile0
16:27:38 ET_MOSAIC DEBUG: justoneday 2020 241 /caldera/projects/usgs/water/impd/skagone/r37.0_tile0
16:30:04 ET_MOSAIC DEBUG: justoneday 2020 242 /caldera/projects/usgs/water/impd/skagone/r37.0_tile0
16:32:36 ET_MOSAIC DEBUG: justoneday 2020 243 /caldera/projects/usgs/water/impd/skagone/r37.0_tile0
16:35:04 ET_MOSAIC DEBUG: justoneday 2020 244 /caldera/projects/usgs/water/impd/skagone/r37.0_tile0
16:37:45 ET_MOSAIC DEBUG: justoneday 2020 245 /caldera/projects/usgs/water/impd/skagone/r37.0_tile0
16:40:09 ET_MOSAIC DEBUG: justoneday 2020 246 /caldera/projects/usgs/water/impd/skagone/r37.0_tile0
16:42:33 ET_MOSAIC DEBUG: justoneday 2020 247 /caldera/projects/usgs/water/impd/skagone/r37.0_tile0
16:45:00 ET_MOSAIC DEBUG: justoneday 2020 248 /caldera/projects/usgs/water/impd/skagone/r37.0_tile0
16:47:23 ET_MOSAIC DEBUG: justoneday 2020 249 /caldera/projects/usgs/water/impd/skagone/r37.0_tile0
16:49:45 ET_MOSAIC DEBUG: justoneday 2020 250 /caldera/projects/usgs/water/impd/skagone/r37.0_tile0
16:52:10 ET_MOSAIC DEBUG: justoneday 2020 251 /caldera/projects/usgs/water/impd/skagone/r37.0_tile0
16:54:38 ET_MOSAIC DEBUG: justoneday 2020 252 /caldera/projects/usgs/water/impd/skagone/r37.0_tile0
16:57:02 ET_MOSAIC DEBUG: justoneday 2020 253 /caldera/projects/usgs/water/impd/skagone/r37.0_tile0
16:59:40 ET_MOSAIC DEBUG: justoneday 2020 254 /caldera/projects/usgs/water/impd/skagone/r37.0_tile0
17:02:11 ET_MOSAIC DEBUG: justoneday 2020 255 /caldera/projects/usgs/water/impd/skagone/r37.0_tile0
17:04:38 ET_MOSAIC DEBUG: justoneday 2020 256 /caldera/projects/usgs/water/impd/skagone/r37.0_tile0
17:06:53 ET_MOSAIC DEBUG: justoneday 2020 257 /caldera/projects/usgs/water/impd/skagone/r37.0_tile0
17:09:14 ET_MOSAIC DEBUG: justoneday 2020 258 /caldera/projects/usgs/water/impd/skagone/r37.0_tile0
17:11:36 ET_MOSAIC DEBUG: justoneday 2020 259 /caldera/projects/usgs/water/impd/skagone/r37.0_tile0
17:13:58 ET_MOSAIC DEBUG: justoneday 2020 260 /caldera/projects/usgs/water/impd/skagone/r37.0_tile0
17:16:20 ET_MOSAIC DEBUG: justoneday 2020 261 /caldera/projects/usgs/water/impd/skagone/r37.0_tile0
17:18:43 ET_MOSAIC DEBUG: justoneday 2020 262 /caldera/projects/usgs/water/impd/skagone/r37.0_tile0
17:21:05 ET_MOSAIC DEBUG: justoneday 2020 263 /caldera/projects/usgs/water/impd/skagone/r37.0_tile0
17:23:26 ET_MOSAIC DEBUG: justoneday 2020 264 /caldera/projects/usgs/water/impd/skagone/r37.0_tile0
17:25:47 ET_MOSAIC DEBUG: justoneday 2020 265 /caldera/projects/usgs/water/impd/skagone/r37.0_tile0
17:28:12 ET_MOSAIC DEBUG: justoneday 2020 266 /caldera/projects/usgs/water/impd/skagone/r37.0_tile0
17:30:43 ET_MOSAIC DEBUG: justoneday 2020 267 /caldera/projects/usgs/water/impd/skagone/r37.0_tile0
17:33:08 ET_MOSAIC DEBUG: justoneday 2020 268 /caldera/projects/usgs/water/impd/skagone/r37.0_tile0
17:35:33 ET_MOSAIC DEBUG: justoneday 2020 269 /caldera/projects/usgs/water/impd/skagone/r37.0_tile0
17:37:57 ET_MOSAIC DEBUG: justoneday 2020 270 /caldera/projects/usgs/water/impd/skagone/r37.0_tile0
17:40:19 ET_MOSAIC DEBUG: justoneday 2020 271 /caldera/projects/usgs/water/impd/skagone/r37.0_tile0
17:42:49 ET_MOSAIC DEBUG: justoneday 2020 272 /caldera/projects/usgs/water/impd/skagone/r37.0_tile0
17:45:14 ET_MOSAIC DEBUG: justoneday 2020 273 /caldera/projects/usgs/water/impd/skagone/r37.0_tile0
17:47:39 ET_MOSAIC DEBUG: justoneday 2020 274 /caldera/projects/usgs/water/impd/skagone/r37.0_tile0
17:50:10 ET_MOSAIC DEBUG: justoneday 2020 275 /caldera/projects/usgs/water/impd/skagone/r37.0_tile0
17:52:40 ET_MOSAIC DEBUG: justoneday 2020 276 /caldera/projects/usgs/water/impd/skagone/r37.0_tile0
17:55:09 ET_MOSAIC DEBUG: justoneday 2020 277 /caldera/projects/usgs/water/impd/skagone/r37.0_tile0
17:57:43 ET_MOSAIC DEBUG: justoneday 2020 278 /caldera/projects/usgs/water/impd/skagone/r37.0_tile0
18:00:11 ET_MOSAIC DEBUG: justoneday 2020 279 /caldera/projects/usgs/water/impd/skagone/r37.0_tile0
18:02:48 ET_MOSAIC DEBUG: justoneday 2020 280 /caldera/projects/usgs/water/impd/skagone/r37.0_tile0
18:05:22 ET_MOSAIC DEBUG: justoneday 2020 281 /caldera/projects/usgs/water/impd/skagone/r37.0_tile0
18:07:57 ET_MOSAIC DEBUG: justoneday 2020 282 /caldera/projects/usgs/water/impd/skagone/r37.0_tile0
18:10:39 ET_MOSAIC DEBUG: justoneday 2020 283 /caldera/projects/usgs/water/impd/skagone/r37.0_tile0
18:13:22 ET_MOSAIC DEBUG: justoneday 2020 284 /caldera/projects/usgs/water/impd/skagone/r37.0_tile0
18:16:14 ET_MOSAIC DEBUG: justoneday 2020 285 /caldera/projects/usgs/water/impd/skagone/r37.0_tile0
18:18:49 ET_MOSAIC DEBUG: justoneday 2020 286 /caldera/projects/usgs/water/impd/skagone/r37.0_tile0
18:21:14 ET_MOSAIC DEBUG: justoneday 2020 287 /caldera/projects/usgs/water/impd/skagone/r37.0_tile0
18:23:40 ET_MOSAIC DEBUG: justoneday 2020 288 /caldera/projects/usgs/water/impd/skagone/r37.0_tile0
18:26:05 ET_MOSAIC DEBUG: justoneday 2020 289 /caldera/projects/usgs/water/impd/skagone/r37.0_tile0
18:28:29 ET_MOSAIC DEBUG: justoneday 2020 290 /caldera/projects/usgs/water/impd/skagone/r37.0_tile0
18:30:58 ET_MOSAIC DEBUG: justoneday 2020 291 /caldera/projects/usgs/water/impd/skagone/r37.0_tile0
18:33:33 ET_MOSAIC DEBUG: justoneday 2020 292 /caldera/projects/usgs/water/impd/skagone/r37.0_tile0
18:35:57 ET_MOSAIC DEBUG: justoneday 2020 293 /caldera/projects/usgs/water/impd/skagone/r37.0_tile0
18:38:21 ET_MOSAIC DEBUG: justoneday 2020 294 /caldera/projects/usgs/water/impd/skagone/r37.0_tile0
18:40:46 ET_MOSAIC DEBUG: justoneday 2020 295 /caldera/projects/usgs/water/impd/skagone/r37.0_tile0
18:43:04 ET_MOSAIC DEBUG: justoneday 2020 296 /caldera/projects/usgs/water/impd/skagone/r37.0_tile0
18:45:16 ET_MOSAIC DEBUG: justoneday 2020 297 /caldera/projects/usgs/water/impd/skagone/r37.0_tile0
18:47:32 ET_MOSAIC DEBUG: justoneday 2020 298 /caldera/projects/usgs/water/impd/skagone/r37.0_tile0
18:49:42 ET_MOSAIC DEBUG: justoneday 2020 299 /caldera/projects/usgs/water/impd/skagone/r37.0_tile0
18:52:06 ET_MOSAIC DEBUG: justoneday 2020 300 /caldera/projects/usgs/water/impd/skagone/r37.0_tile0
18:54:17 ET_MOSAIC DEBUG: justoneday 2020 301 /caldera/projects/usgs/water/impd/skagone/r37.0_tile0
18:56:30 ET_MOSAIC DEBUG: justoneday 2020 302 /caldera/projects/usgs/water/impd/skagone/r37.0_tile0
18:58:41 ET_MOSAIC DEBUG: justoneday 2020 303 /caldera/projects/usgs/water/impd/skagone/r37.0_tile0
19:00:56 ET_MOSAIC DEBUG: justoneday 2020 304 /caldera/projects/usgs/water/impd/skagone/r37.0_tile0
19:03:09 ET_MOSAIC DEBUG: justoneday 2020 305 /caldera/projects/usgs/water/impd/skagone/r37.0_tile0
19:05:25 ET_MOSAIC DEBUG: justoneday 2020 306 /caldera/projects/usgs/water/impd/skagone/r37.0_tile0
19:07:37 ET_MOSAIC DEBUG: justoneday 2020 307 /caldera/projects/usgs/water/impd/skagone/r37.0_tile0
19:09:47 ET_MOSAIC DEBUG: justoneday 2020 308 /caldera/projects/usgs/water/impd/skagone/r37.0_tile0
19:11:58 ET_MOSAIC DEBUG: justoneday 2020 309 /caldera/projects/usgs/water/impd/skagone/r37.0_tile0
19:14:18 ET_MOSAIC DEBUG: justoneday 2020 310 /caldera/projects/usgs/water/impd/skagone/r37.0_tile0
19:16:34 ET_MOSAIC DEBUG: justoneday 2020 311 /caldera/projects/usgs/water/impd/skagone/r37.0_tile0
19:18:46 ET_MOSAIC DEBUG: justoneday 2020 312 /caldera/projects/usgs/water/impd/skagone/r37.0_tile0
19:21:06 ET_MOSAIC DEBUG: justoneday 2020 313 /caldera/projects/usgs/water/impd/skagone/r37.0_tile0
19:23:18 ET_MOSAIC DEBUG: justoneday 2020 314 /caldera/projects/usgs/water/impd/skagone/r37.0_tile0
19:25:32 ET_MOSAIC DEBUG: justoneday 2020 315 /caldera/projects/usgs/water/impd/skagone/r37.0_tile0
19:27:43 ET_MOSAIC DEBUG: justoneday 2020 316 /caldera/projects/usgs/water/impd/skagone/r37.0_tile0
19:29:52 ET_MOSAIC DEBUG: justoneday 2020 317 /caldera/projects/usgs/water/impd/skagone/r37.0_tile0
19:32:02 ET_MOSAIC DEBUG: justoneday 2020 318 /caldera/projects/usgs/water/impd/skagone/r37.0_tile0
19:34:13 ET_MOSAIC DEBUG: justoneday 2020 319 /caldera/projects/usgs/water/impd/skagone/r37.0_tile0
19:36:24 ET_MOSAIC DEBUG: justoneday 2020 320 /caldera/projects/usgs/water/impd/skagone/r37.0_tile0
19:38:34 ET_MOSAIC DEBUG: justoneday 2020 321 /caldera/projects/usgs/water/impd/skagone/r37.0_tile0
19:40:43 ET_MOSAIC DEBUG: justoneday 2020 322 /caldera/projects/usgs/water/impd/skagone/r37.0_tile0
19:42:55 ET_MOSAIC DEBUG: justoneday 2020 323 /caldera/projects/usgs/water/impd/skagone/r37.0_tile0
19:45:10 ET_MOSAIC DEBUG: justoneday 2020 324 /caldera/projects/usgs/water/impd/skagone/r37.0_tile0
19:47:19 ET_MOSAIC DEBUG: justoneday 2020 325 /caldera/projects/usgs/water/impd/skagone/r37.0_tile0
19:49:31 ET_MOSAIC DEBUG: justoneday 2020 326 /caldera/projects/usgs/water/impd/skagone/r37.0_tile0
19:51:40 ET_MOSAIC DEBUG: justoneday 2020 327 /caldera/projects/usgs/water/impd/skagone/r37.0_tile0
19:53:49 ET_MOSAIC DEBUG: justoneday 2020 328 /caldera/projects/usgs/water/impd/skagone/r37.0_tile0
19:55:59 ET_MOSAIC DEBUG: justoneday 2020 329 /caldera/projects/usgs/water/impd/skagone/r37.0_tile0
19:58:26 ET_MOSAIC DEBUG: justoneday 2020 330 /caldera/projects/usgs/water/impd/skagone/r37.0_tile0
20:00:36 ET_MOSAIC DEBUG: justoneday 2020 331 /caldera/projects/usgs/water/impd/skagone/r37.0_tile0
20:03:00 ET_MOSAIC DEBUG: justoneday 2020 332 /caldera/projects/usgs/water/impd/skagone/r37.0_tile0
20:05:21 ET_MOSAIC DEBUG: justoneday 2020 333 /caldera/projects/usgs/water/impd/skagone/r37.0_tile0
20:07:39 ET_MOSAIC DEBUG: justoneday 2020 334 /caldera/projects/usgs/water/impd/skagone/r37.0_tile0
20:09:53 ET_MOSAIC DEBUG: justoneday 2020 335 /caldera/projects/usgs/water/impd/skagone/r37.0_tile0
20:12:14 ET_MOSAIC DEBUG: justoneday 2020 336 /caldera/projects/usgs/water/impd/skagone/r37.0_tile0
20:14:32 ET_MOSAIC DEBUG: justoneday 2020 337 /caldera/projects/usgs/water/impd/skagone/r37.0_tile0
20:17:05 ET_MOSAIC DEBUG: justoneday 2020 338 /caldera/projects/usgs/water/impd/skagone/r37.0_tile0
20:19:37 ET_MOSAIC DEBUG: justoneday 2020 339 /caldera/projects/usgs/water/impd/skagone/r37.0_tile0
20:22:02 ET_MOSAIC DEBUG: justoneday 2020 340 /caldera/projects/usgs/water/impd/skagone/r37.0_tile0
20:24:46 ET_MOSAIC DEBUG: justoneday 2020 341 /caldera/projects/usgs/water/impd/skagone/r37.0_tile0
20:27:27 ET_MOSAIC DEBUG: justoneday 2020 342 /caldera/projects/usgs/water/impd/skagone/r37.0_tile0
20:29:37 ET_MOSAIC DEBUG: justoneday 2020 343 /caldera/projects/usgs/water/impd/skagone/r37.0_tile0
20:31:51 ET_MOSAIC DEBUG: justoneday 2020 344 /caldera/projects/usgs/water/impd/skagone/r37.0_tile0
20:34:14 ET_MOSAIC DEBUG: justoneday 2020 345 /caldera/projects/usgs/water/impd/skagone/r37.0_tile0
20:36:28 ET_MOSAIC DEBUG: justoneday 2020 346 /caldera/projects/usgs/water/impd/skagone/r37.0_tile0
20:38:58 ET_MOSAIC DEBUG: justoneday 2020 347 /caldera/projects/usgs/water/impd/skagone/r37.0_tile0
20:41:50 ET_MOSAIC DEBUG: justoneday 2020 348 /caldera/projects/usgs/water/impd/skagone/r37.0_tile0
20:44:49 ET_MOSAIC DEBUG: justoneday 2020 349 /caldera/projects/usgs/water/impd/skagone/r37.0_tile0
20:47:00 ET_MOSAIC DEBUG: justoneday 2020 350 /caldera/projects/usgs/water/impd/skagone/r37.0_tile0
20:49:18 ET_MOSAIC DEBUG: justoneday 2020 351 /caldera/projects/usgs/water/impd/skagone/r37.0_tile0
20:51:38 ET_MOSAIC DEBUG: justoneday 2020 352 /caldera/projects/usgs/water/impd/skagone/r37.0_tile0
20:53:49 ET_MOSAIC DEBUG: justoneday 2020 353 /caldera/projects/usgs/water/impd/skagone/r37.0_tile0
20:56:01 ET_MOSAIC DEBUG: justoneday 2020 354 /caldera/projects/usgs/water/impd/skagone/r37.0_tile0
20:58:12 ET_MOSAIC DEBUG: justoneday 2020 355 /caldera/projects/usgs/water/impd/skagone/r37.0_tile0
21:00:25 ET_MOSAIC DEBUG: justoneday 2020 356 /caldera/projects/usgs/water/impd/skagone/r37.0_tile0
21:02:38 ET_MOSAIC DEBUG: justoneday 2020 357 /caldera/projects/usgs/water/impd/skagone/r37.0_tile0
21:04:53 ET_MOSAIC DEBUG: justoneday 2020 358 /caldera/projects/usgs/water/impd/skagone/r37.0_tile0
21:07:19 ET_MOSAIC DEBUG: justoneday 2020 359 /caldera/projects/usgs/water/impd/skagone/r37.0_tile0
21:09:28 ET_MOSAIC DEBUG: justoneday 2020 360 /caldera/projects/usgs/water/impd/skagone/r37.0_tile0
21:11:36 ET_MOSAIC DEBUG: justoneday 2020 361 /caldera/projects/usgs/water/impd/skagone/r37.0_tile0
21:13:47 ET_MOSAIC DEBUG: justoneday 2020 362 /caldera/projects/usgs/water/impd/skagone/r37.0_tile0
21:15:57 ET_MOSAIC DEBUG: justoneday 2020 363 /caldera/projects/usgs/water/impd/skagone/r37.0_tile0
21:18:09 ET_MOSAIC DEBUG: justoneday 2020 364 /caldera/projects/usgs/water/impd/skagone/r37.0_tile0
21:20:21 ET_MOSAIC DEBUG: justoneday 2020 365 /caldera/projects/usgs/water/impd/skagone/r37.0_tile0
21:23:25 ET_MOSAIC DEBUG: this is how you call one of your functions
21:23:25 ET_MOSAIC DEBUG: hello from Conus_mosaic class
21:23:25 ET_MOSAIC DEBUG: Mosaicking ['netet'] in /caldera/projects/usgs/water/impd/skagone and put it in /caldera/projects/usgs/water/impd/skagone/conus_mos_completed/2009 for 2009
21:23:25 ET_MOSAIC DEBUG: run_mosaic
21:23:25 ET_MOSAIC DEBUG: Mosaic this product: netet
21:23:25 ET_MOSAIC DEBUG: /caldera/projects/usgs/water/impd/skagone/
21:23:25 ET_MOSAIC DEBUG: justoneday 2009 1 /caldera/projects/usgs/water/impd/skagone/r37.0_tile0
Warning 1: +init=epsg:XXXX syntax is deprecated. It might return a CRS with a non-EPSG compliant axis order.
21:25:45 ET_MOSAIC DEBUG: justoneday 2009 2 /caldera/projects/usgs/water/impd/skagone/r37.0_tile0
21:27:55 ET_MOSAIC DEBUG: justoneday 2009 3 /caldera/projects/usgs/water/impd/skagone/r37.0_tile0
21:30:04 ET_MOSAIC DEBUG: justoneday 2009 4 /caldera/projects/usgs/water/impd/skagone/r37.0_tile0
21:32:09 ET_MOSAIC DEBUG: justoneday 2009 5 /caldera/projects/usgs/water/impd/skagone/r37.0_tile0
21:34:13 ET_MOSAIC DEBUG: justoneday 2009 6 /caldera/projects/usgs/water/impd/skagone/r37.0_tile0
21:36:24 ET_MOSAIC DEBUG: justoneday 2009 7 /caldera/projects/usgs/water/impd/skagone/r37.0_tile0
21:38:33 ET_MOSAIC DEBUG: justoneday 2009 8 /caldera/projects/usgs/water/impd/skagone/r37.0_tile0
21:40:42 ET_MOSAIC DEBUG: justoneday 2009 9 /caldera/projects/usgs/water/impd/skagone/r37.0_tile0
21:42:48 ET_MOSAIC DEBUG: justoneday 2009 10 /caldera/projects/usgs/water/impd/skagone/r37.0_tile0
21:44:54 ET_MOSAIC DEBUG: justoneday 2009 11 /caldera/projects/usgs/water/impd/skagone/r37.0_tile0
21:47:04 ET_MOSAIC DEBUG: justoneday 2009 12 /caldera/projects/usgs/water/impd/skagone/r37.0_tile0
21:49:15 ET_MOSAIC DEBUG: justoneday 2009 13 /caldera/projects/usgs/water/impd/skagone/r37.0_tile0
21:51:27 ET_MOSAIC DEBUG: justoneday 2009 14 /caldera/projects/usgs/water/impd/skagone/r37.0_tile0
21:53:35 ET_MOSAIC DEBUG: justoneday 2009 15 /caldera/projects/usgs/water/impd/skagone/r37.0_tile0
21:55:42 ET_MOSAIC DEBUG: justoneday 2009 16 /caldera/projects/usgs/water/impd/skagone/r37.0_tile0
21:57:58 ET_MOSAIC DEBUG: justoneday 2009 17 /caldera/projects/usgs/water/impd/skagone/r37.0_tile0
22:00:04 ET_MOSAIC DEBUG: justoneday 2009 18 /caldera/projects/usgs/water/impd/skagone/r37.0_tile0
22:02:12 ET_MOSAIC DEBUG: justoneday 2009 19 /caldera/projects/usgs/water/impd/skagone/r37.0_tile0
22:04:21 ET_MOSAIC DEBUG: justoneday 2009 20 /caldera/projects/usgs/water/impd/skagone/r37.0_tile0
22:06:28 ET_MOSAIC DEBUG: justoneday 2009 21 /caldera/projects/usgs/water/impd/skagone/r37.0_tile0
22:08:40 ET_MOSAIC DEBUG: justoneday 2009 22 /caldera/projects/usgs/water/impd/skagone/r37.0_tile0
22:10:51 ET_MOSAIC DEBUG: justoneday 2009 23 /caldera/projects/usgs/water/impd/skagone/r37.0_tile0
22:13:03 ET_MOSAIC DEBUG: justoneday 2009 24 /caldera/projects/usgs/water/impd/skagone/r37.0_tile0
22:15:11 ET_MOSAIC DEBUG: justoneday 2009 25 /caldera/projects/usgs/water/impd/skagone/r37.0_tile0
22:17:22 ET_MOSAIC DEBUG: justoneday 2009 26 /caldera/projects/usgs/water/impd/skagone/r37.0_tile0
22:19:33 ET_MOSAIC DEBUG: justoneday 2009 27 /caldera/projects/usgs/water/impd/skagone/r37.0_tile0
22:21:44 ET_MOSAIC DEBUG: justoneday 2009 28 /caldera/projects/usgs/water/impd/skagone/r37.0_tile0
22:23:51 ET_MOSAIC DEBUG: justoneday 2009 29 /caldera/projects/usgs/water/impd/skagone/r37.0_tile0
22:25:58 ET_MOSAIC DEBUG: justoneday 2009 30 /caldera/projects/usgs/water/impd/skagone/r37.0_tile0
22:28:07 ET_MOSAIC DEBUG: justoneday 2009 31 /caldera/projects/usgs/water/impd/skagone/r37.0_tile0
22:30:18 ET_MOSAIC DEBUG: justoneday 2009 32 /caldera/projects/usgs/water/impd/skagone/r37.0_tile0
22:32:29 ET_MOSAIC DEBUG: justoneday 2009 33 /caldera/projects/usgs/water/impd/skagone/r37.0_tile0
22:34:40 ET_MOSAIC DEBUG: justoneday 2009 34 /caldera/projects/usgs/water/impd/skagone/r37.0_tile0
22:36:56 ET_MOSAIC DEBUG: justoneday 2009 35 /caldera/projects/usgs/water/impd/skagone/r37.0_tile0
22:39:09 ET_MOSAIC DEBUG: justoneday 2009 36 /caldera/projects/usgs/water/impd/skagone/r37.0_tile0
22:41:24 ET_MOSAIC DEBUG: justoneday 2009 37 /caldera/projects/usgs/water/impd/skagone/r37.0_tile0
22:43:36 ET_MOSAIC DEBUG: justoneday 2009 38 /caldera/projects/usgs/water/impd/skagone/r37.0_tile0
22:45:46 ET_MOSAIC DEBUG: justoneday 2009 39 /caldera/projects/usgs/water/impd/skagone/r37.0_tile0
22:47:58 ET_MOSAIC DEBUG: justoneday 2009 40 /caldera/projects/usgs/water/impd/skagone/r37.0_tile0
22:50:11 ET_MOSAIC DEBUG: justoneday 2009 41 /caldera/projects/usgs/water/impd/skagone/r37.0_tile0
22:52:24 ET_MOSAIC DEBUG: justoneday 2009 42 /caldera/projects/usgs/water/impd/skagone/r37.0_tile0
22:54:36 ET_MOSAIC DEBUG: justoneday 2009 43 /caldera/projects/usgs/water/impd/skagone/r37.0_tile0
22:56:49 ET_MOSAIC DEBUG: justoneday 2009 44 /caldera/projects/usgs/water/impd/skagone/r37.0_tile0
22:59:02 ET_MOSAIC DEBUG: justoneday 2009 45 /caldera/projects/usgs/water/impd/skagone/r37.0_tile0
23:01:10 ET_MOSAIC DEBUG: justoneday 2009 46 /caldera/projects/usgs/water/impd/skagone/r37.0_tile0
23:03:17 ET_MOSAIC DEBUG: justoneday 2009 47 /caldera/projects/usgs/water/impd/skagone/r37.0_tile0
23:05:25 ET_MOSAIC DEBUG: justoneday 2009 48 /caldera/projects/usgs/water/impd/skagone/r37.0_tile0
23:07:34 ET_MOSAIC DEBUG: justoneday 2009 49 /caldera/projects/usgs/water/impd/skagone/r37.0_tile0
23:09:43 ET_MOSAIC DEBUG: justoneday 2009 50 /caldera/projects/usgs/water/impd/skagone/r37.0_tile0
23:11:55 ET_MOSAIC DEBUG: justoneday 2009 51 /caldera/projects/usgs/water/impd/skagone/r37.0_tile0
23:14:06 ET_MOSAIC DEBUG: justoneday 2009 52 /caldera/projects/usgs/water/impd/skagone/r37.0_tile0
23:16:19 ET_MOSAIC DEBUG: justoneday 2009 53 /caldera/projects/usgs/water/impd/skagone/r37.0_tile0
23:18:33 ET_MOSAIC DEBUG: justoneday 2009 54 /caldera/projects/usgs/water/impd/skagone/r37.0_tile0
23:20:30 ET_MOSAIC DEBUG: justoneday 2009 55 /caldera/projects/usgs/water/impd/skagone/r37.0_tile0
23:22:29 ET_MOSAIC DEBUG: justoneday 2009 56 /caldera/projects/usgs/water/impd/skagone/r37.0_tile0
23:24:25 ET_MOSAIC DEBUG: justoneday 2009 57 /caldera/projects/usgs/water/impd/skagone/r37.0_tile0
23:26:18 ET_MOSAIC DEBUG: justoneday 2009 58 /caldera/projects/usgs/water/impd/skagone/r37.0_tile0
23:28:13 ET_MOSAIC DEBUG: justoneday 2009 59 /caldera/projects/usgs/water/impd/skagone/r37.0_tile0
23:30:10 ET_MOSAIC DEBUG: justoneday 2009 60 /caldera/projects/usgs/water/impd/skagone/r37.0_tile0
23:32:08 ET_MOSAIC DEBUG: justoneday 2009 61 /caldera/projects/usgs/water/impd/skagone/r37.0_tile0
23:34:02 ET_MOSAIC DEBUG: justoneday 2009 62 /caldera/projects/usgs/water/impd/skagone/r37.0_tile0
23:36:00 ET_MOSAIC DEBUG: justoneday 2009 63 /caldera/projects/usgs/water/impd/skagone/r37.0_tile0
23:37:56 ET_MOSAIC DEBUG: justoneday 2009 64 /caldera/projects/usgs/water/impd/skagone/r37.0_tile0
23:39:52 ET_MOSAIC DEBUG: justoneday 2009 65 /caldera/projects/usgs/water/impd/skagone/r37.0_tile0
23:41:50 ET_MOSAIC DEBUG: justoneday 2009 66 /caldera/projects/usgs/water/impd/skagone/r37.0_tile0
23:43:47 ET_MOSAIC DEBUG: justoneday 2009 67 /caldera/projects/usgs/water/impd/skagone/r37.0_tile0
23:45:41 ET_MOSAIC DEBUG: justoneday 2009 68 /caldera/projects/usgs/water/impd/skagone/r37.0_tile0
23:47:38 ET_MOSAIC DEBUG: justoneday 2009 69 /caldera/projects/usgs/water/impd/skagone/r37.0_tile0
23:49:36 ET_MOSAIC DEBUG: justoneday 2009 70 /caldera/projects/usgs/water/impd/skagone/r37.0_tile0
23:51:33 ET_MOSAIC DEBUG: justoneday 2009 71 /caldera/projects/usgs/water/impd/skagone/r37.0_tile0
23:53:29 ET_MOSAIC DEBUG: justoneday 2009 72 /caldera/projects/usgs/water/impd/skagone/r37.0_tile0
23:55:25 ET_MOSAIC DEBUG: justoneday 2009 73 /caldera/projects/usgs/water/impd/skagone/r37.0_tile0
23:57:19 ET_MOSAIC DEBUG: justoneday 2009 74 /caldera/projects/usgs/water/impd/skagone/r37.0_tile0
23:59:15 ET_MOSAIC DEBUG: justoneday 2009 75 /caldera/projects/usgs/water/impd/skagone/r37.0_tile0
00:01:12 ET_MOSAIC DEBUG: justoneday 2009 76 /caldera/projects/usgs/water/impd/skagone/r37.0_tile0
00:03:07 ET_MOSAIC DEBUG: justoneday 2009 77 /caldera/projects/usgs/water/impd/skagone/r37.0_tile0
00:05:03 ET_MOSAIC DEBUG: justoneday 2009 78 /caldera/projects/usgs/water/impd/skagone/r37.0_tile0
00:07:00 ET_MOSAIC DEBUG: justoneday 2009 79 /caldera/projects/usgs/water/impd/skagone/r37.0_tile0
00:09:01 ET_MOSAIC DEBUG: justoneday 2009 80 /caldera/projects/usgs/water/impd/skagone/r37.0_tile0
00:11:05 ET_MOSAIC DEBUG: justoneday 2009 81 /caldera/projects/usgs/water/impd/skagone/r37.0_tile0
00:13:05 ET_MOSAIC DEBUG: justoneday 2009 82 /caldera/projects/usgs/water/impd/skagone/r37.0_tile0
00:15:21 ET_MOSAIC DEBUG: justoneday 2009 83 /caldera/projects/usgs/water/impd/skagone/r37.0_tile0
00:17:29 ET_MOSAIC DEBUG: justoneday 2009 84 /caldera/projects/usgs/water/impd/skagone/r37.0_tile0
00:19:50 ET_MOSAIC DEBUG: justoneday 2009 85 /caldera/projects/usgs/water/impd/skagone/r37.0_tile0
00:22:02 ET_MOSAIC DEBUG: justoneday 2009 86 /caldera/projects/usgs/water/impd/skagone/r37.0_tile0
00:24:09 ET_MOSAIC DEBUG: justoneday 2009 87 /caldera/projects/usgs/water/impd/skagone/r37.0_tile0
00:26:41 ET_MOSAIC DEBUG: justoneday 2009 88 /caldera/projects/usgs/water/impd/skagone/r37.0_tile0
00:28:51 ET_MOSAIC DEBUG: justoneday 2009 89 /caldera/projects/usgs/water/impd/skagone/r37.0_tile0
00:30:46 ET_MOSAIC DEBUG: justoneday 2009 90 /caldera/projects/usgs/water/impd/skagone/r37.0_tile0
00:32:43 ET_MOSAIC DEBUG: justoneday 2009 91 /caldera/projects/usgs/water/impd/skagone/r37.0_tile0
00:34:45 ET_MOSAIC DEBUG: justoneday 2009 92 /caldera/projects/usgs/water/impd/skagone/r37.0_tile0
00:36:47 ET_MOSAIC DEBUG: justoneday 2009 93 /caldera/projects/usgs/water/impd/skagone/r37.0_tile0
00:38:58 ET_MOSAIC DEBUG: justoneday 2009 94 /caldera/projects/usgs/water/impd/skagone/r37.0_tile0
00:41:02 ET_MOSAIC DEBUG: justoneday 2009 95 /caldera/projects/usgs/water/impd/skagone/r37.0_tile0
00:43:08 ET_MOSAIC DEBUG: justoneday 2009 96 /caldera/projects/usgs/water/impd/skagone/r37.0_tile0
00:45:44 ET_MOSAIC DEBUG: justoneday 2009 97 /caldera/projects/usgs/water/impd/skagone/r37.0_tile0
00:47:41 ET_MOSAIC DEBUG: justoneday 2009 98 /caldera/projects/usgs/water/impd/skagone/r37.0_tile0
00:49:40 ET_MOSAIC DEBUG: justoneday 2009 99 /caldera/projects/usgs/water/impd/skagone/r37.0_tile0
00:51:44 ET_MOSAIC DEBUG: justoneday 2009 100 /caldera/projects/usgs/water/impd/skagone/r37.0_tile0
00:53:45 ET_MOSAIC DEBUG: justoneday 2009 101 /caldera/projects/usgs/water/impd/skagone/r37.0_tile0
00:55:42 ET_MOSAIC DEBUG: justoneday 2009 102 /caldera/projects/usgs/water/impd/skagone/r37.0_tile0
00:57:38 ET_MOSAIC DEBUG: justoneday 2009 103 /caldera/projects/usgs/water/impd/skagone/r37.0_tile0
00:59:31 ET_MOSAIC DEBUG: justoneday 2009 104 /caldera/projects/usgs/water/impd/skagone/r37.0_tile0
01:01:26 ET_MOSAIC DEBUG: justoneday 2009 105 /caldera/projects/usgs/water/impd/skagone/r37.0_tile0
01:03:24 ET_MOSAIC DEBUG: justoneday 2009 106 /caldera/projects/usgs/water/impd/skagone/r37.0_tile0
01:05:28 ET_MOSAIC DEBUG: justoneday 2009 107 /caldera/projects/usgs/water/impd/skagone/r37.0_tile0
01:07:28 ET_MOSAIC DEBUG: justoneday 2009 108 /caldera/projects/usgs/water/impd/skagone/r37.0_tile0
01:09:24 ET_MOSAIC DEBUG: justoneday 2009 109 /caldera/projects/usgs/water/impd/skagone/r37.0_tile0
01:11:22 ET_MOSAIC DEBUG: justoneday 2009 110 /caldera/projects/usgs/water/impd/skagone/r37.0_tile0
01:13:19 ET_MOSAIC DEBUG: justoneday 2009 111 /caldera/projects/usgs/water/impd/skagone/r37.0_tile0
01:15:17 ET_MOSAIC DEBUG: justoneday 2009 112 /caldera/projects/usgs/water/impd/skagone/r37.0_tile0
01:17:14 ET_MOSAIC DEBUG: justoneday 2009 113 /caldera/projects/usgs/water/impd/skagone/r37.0_tile0
01:19:09 ET_MOSAIC DEBUG: justoneday 2009 114 /caldera/projects/usgs/water/impd/skagone/r37.0_tile0
01:21:06 ET_MOSAIC DEBUG: justoneday 2009 115 /caldera/projects/usgs/water/impd/skagone/r37.0_tile0
01:23:04 ET_MOSAIC DEBUG: justoneday 2009 116 /caldera/projects/usgs/water/impd/skagone/r37.0_tile0
01:25:03 ET_MOSAIC DEBUG: justoneday 2009 117 /caldera/projects/usgs/water/impd/skagone/r37.0_tile0
01:27:01 ET_MOSAIC DEBUG: justoneday 2009 118 /caldera/projects/usgs/water/impd/skagone/r37.0_tile0
01:29:02 ET_MOSAIC DEBUG: justoneday 2009 119 /caldera/projects/usgs/water/impd/skagone/r37.0_tile0
01:31:03 ET_MOSAIC DEBUG: justoneday 2009 120 /caldera/projects/usgs/water/impd/skagone/r37.0_tile0
01:33:19 ET_MOSAIC DEBUG: justoneday 2009 121 /caldera/projects/usgs/water/impd/skagone/r37.0_tile0
01:35:38 ET_MOSAIC DEBUG: justoneday 2009 122 /caldera/projects/usgs/water/impd/skagone/r37.0_tile0
01:38:20 ET_MOSAIC DEBUG: justoneday 2009 123 /caldera/projects/usgs/water/impd/skagone/r37.0_tile0
01:40:25 ET_MOSAIC DEBUG: justoneday 2009 124 /caldera/projects/usgs/water/impd/skagone/r37.0_tile0
01:42:29 ET_MOSAIC DEBUG: justoneday 2009 125 /caldera/projects/usgs/water/impd/skagone/r37.0_tile0
01:44:31 ET_MOSAIC DEBUG: justoneday 2009 126 /caldera/projects/usgs/water/impd/skagone/r37.0_tile0
01:46:40 ET_MOSAIC DEBUG: justoneday 2009 127 /caldera/projects/usgs/water/impd/skagone/r37.0_tile0
01:48:46 ET_MOSAIC DEBUG: justoneday 2009 128 /caldera/projects/usgs/water/impd/skagone/r37.0_tile0
01:50:52 ET_MOSAIC DEBUG: justoneday 2009 129 /caldera/projects/usgs/water/impd/skagone/r37.0_tile0
01:53:04 ET_MOSAIC DEBUG: justoneday 2009 130 /caldera/projects/usgs/water/impd/skagone/r37.0_tile0
01:55:09 ET_MOSAIC DEBUG: justoneday 2009 131 /caldera/projects/usgs/water/impd/skagone/r37.0_tile0
01:57:12 ET_MOSAIC DEBUG: justoneday 2009 132 /caldera/projects/usgs/water/impd/skagone/r37.0_tile0
01:59:20 ET_MOSAIC DEBUG: justoneday 2009 133 /caldera/projects/usgs/water/impd/skagone/r37.0_tile0
02:01:22 ET_MOSAIC DEBUG: justoneday 2009 134 /caldera/projects/usgs/water/impd/skagone/r37.0_tile0
02:03:25 ET_MOSAIC DEBUG: justoneday 2009 135 /caldera/projects/usgs/water/impd/skagone/r37.0_tile0
02:05:30 ET_MOSAIC DEBUG: justoneday 2009 136 /caldera/projects/usgs/water/impd/skagone/r37.0_tile0
02:07:40 ET_MOSAIC DEBUG: justoneday 2009 137 /caldera/projects/usgs/water/impd/skagone/r37.0_tile0
02:09:45 ET_MOSAIC DEBUG: justoneday 2009 138 /caldera/projects/usgs/water/impd/skagone/r37.0_tile0
02:11:48 ET_MOSAIC DEBUG: justoneday 2009 139 /caldera/projects/usgs/water/impd/skagone/r37.0_tile0
02:13:52 ET_MOSAIC DEBUG: justoneday 2009 140 /caldera/projects/usgs/water/impd/skagone/r37.0_tile0
02:15:56 ET_MOSAIC DEBUG: justoneday 2009 141 /caldera/projects/usgs/water/impd/skagone/r37.0_tile0
02:18:08 ET_MOSAIC DEBUG: justoneday 2009 142 /caldera/projects/usgs/water/impd/skagone/r37.0_tile0
02:20:14 ET_MOSAIC DEBUG: justoneday 2009 143 /caldera/projects/usgs/water/impd/skagone/r37.0_tile0
02:22:22 ET_MOSAIC DEBUG: justoneday 2009 144 /caldera/projects/usgs/water/impd/skagone/r37.0_tile0
02:24:32 ET_MOSAIC DEBUG: justoneday 2009 145 /caldera/projects/usgs/water/impd/skagone/r37.0_tile0
02:26:41 ET_MOSAIC DEBUG: justoneday 2009 146 /caldera/projects/usgs/water/impd/skagone/r37.0_tile0
02:28:46 ET_MOSAIC DEBUG: justoneday 2009 147 /caldera/projects/usgs/water/impd/skagone/r37.0_tile0
02:30:53 ET_MOSAIC DEBUG: justoneday 2009 148 /caldera/projects/usgs/water/impd/skagone/r37.0_tile0
02:33:09 ET_MOSAIC DEBUG: justoneday 2009 149 /caldera/projects/usgs/water/impd/skagone/r37.0_tile0
02:35:14 ET_MOSAIC DEBUG: justoneday 2009 150 /caldera/projects/usgs/water/impd/skagone/r37.0_tile0
02:37:18 ET_MOSAIC DEBUG: justoneday 2009 151 /caldera/projects/usgs/water/impd/skagone/r37.0_tile0
02:39:27 ET_MOSAIC DEBUG: justoneday 2009 152 /caldera/projects/usgs/water/impd/skagone/r37.0_tile0
02:41:34 ET_MOSAIC DEBUG: justoneday 2009 153 /caldera/projects/usgs/water/impd/skagone/r37.0_tile0
02:43:41 ET_MOSAIC DEBUG: justoneday 2009 154 /caldera/projects/usgs/water/impd/skagone/r37.0_tile0
02:45:52 ET_MOSAIC DEBUG: justoneday 2009 155 /caldera/projects/usgs/water/impd/skagone/r37.0_tile0
02:48:03 ET_MOSAIC DEBUG: justoneday 2009 156 /caldera/projects/usgs/water/impd/skagone/r37.0_tile0
02:50:19 ET_MOSAIC DEBUG: justoneday 2009 157 /caldera/projects/usgs/water/impd/skagone/r37.0_tile0
02:52:39 ET_MOSAIC DEBUG: justoneday 2009 158 /caldera/projects/usgs/water/impd/skagone/r37.0_tile0
02:54:54 ET_MOSAIC DEBUG: justoneday 2009 159 /caldera/projects/usgs/water/impd/skagone/r37.0_tile0
02:57:08 ET_MOSAIC DEBUG: justoneday 2009 160 /caldera/projects/usgs/water/impd/skagone/r37.0_tile0
02:59:24 ET_MOSAIC DEBUG: justoneday 2009 161 /caldera/projects/usgs/water/impd/skagone/r37.0_tile0
03:01:40 ET_MOSAIC DEBUG: justoneday 2009 162 /caldera/projects/usgs/water/impd/skagone/r37.0_tile0
03:03:56 ET_MOSAIC DEBUG: justoneday 2009 163 /caldera/projects/usgs/water/impd/skagone/r37.0_tile0
03:06:10 ET_MOSAIC DEBUG: justoneday 2009 164 /caldera/projects/usgs/water/impd/skagone/r37.0_tile0
03:08:26 ET_MOSAIC DEBUG: justoneday 2009 165 /caldera/projects/usgs/water/impd/skagone/r37.0_tile0
03:10:43 ET_MOSAIC DEBUG: justoneday 2009 166 /caldera/projects/usgs/water/impd/skagone/r37.0_tile0
03:13:00 ET_MOSAIC DEBUG: justoneday 2009 167 /caldera/projects/usgs/water/impd/skagone/r37.0_tile0
03:15:17 ET_MOSAIC DEBUG: justoneday 2009 168 /caldera/projects/usgs/water/impd/skagone/r37.0_tile0
03:17:33 ET_MOSAIC DEBUG: justoneday 2009 169 /caldera/projects/usgs/water/impd/skagone/r37.0_tile0
03:19:39 ET_MOSAIC DEBUG: justoneday 2009 170 /caldera/projects/usgs/water/impd/skagone/r37.0_tile0
03:21:40 ET_MOSAIC DEBUG: justoneday 2009 171 /caldera/projects/usgs/water/impd/skagone/r37.0_tile0
03:23:45 ET_MOSAIC DEBUG: justoneday 2009 172 /caldera/projects/usgs/water/impd/skagone/r37.0_tile0
03:25:48 ET_MOSAIC DEBUG: justoneday 2009 173 /caldera/projects/usgs/water/impd/skagone/r37.0_tile0
03:27:52 ET_MOSAIC DEBUG: justoneday 2009 174 /caldera/projects/usgs/water/impd/skagone/r37.0_tile0
03:29:59 ET_MOSAIC DEBUG: justoneday 2009 175 /caldera/projects/usgs/water/impd/skagone/r37.0_tile0
03:32:06 ET_MOSAIC DEBUG: justoneday 2009 176 /caldera/projects/usgs/water/impd/skagone/r37.0_tile0
03:34:13 ET_MOSAIC DEBUG: justoneday 2009 177 /caldera/projects/usgs/water/impd/skagone/r37.0_tile0
03:36:21 ET_MOSAIC DEBUG: justoneday 2009 178 /caldera/projects/usgs/water/impd/skagone/r37.0_tile0
03:38:28 ET_MOSAIC DEBUG: justoneday 2009 179 /caldera/projects/usgs/water/impd/skagone/r37.0_tile0
03:40:35 ET_MOSAIC DEBUG: justoneday 2009 180 /caldera/projects/usgs/water/impd/skagone/r37.0_tile0
03:42:41 ET_MOSAIC DEBUG: justoneday 2009 181 /caldera/projects/usgs/water/impd/skagone/r37.0_tile0
03:44:48 ET_MOSAIC DEBUG: justoneday 2009 182 /caldera/projects/usgs/water/impd/skagone/r37.0_tile0
03:46:57 ET_MOSAIC DEBUG: justoneday 2009 183 /caldera/projects/usgs/water/impd/skagone/r37.0_tile0
03:49:05 ET_MOSAIC DEBUG: justoneday 2009 184 /caldera/projects/usgs/water/impd/skagone/r37.0_tile0
03:51:14 ET_MOSAIC DEBUG: justoneday 2009 185 /caldera/projects/usgs/water/impd/skagone/r37.0_tile0
03:53:21 ET_MOSAIC DEBUG: justoneday 2009 186 /caldera/projects/usgs/water/impd/skagone/r37.0_tile0
03:55:29 ET_MOSAIC DEBUG: justoneday 2009 187 /caldera/projects/usgs/water/impd/skagone/r37.0_tile0
03:57:36 ET_MOSAIC DEBUG: justoneday 2009 188 /caldera/projects/usgs/water/impd/skagone/r37.0_tile0
03:59:48 ET_MOSAIC DEBUG: justoneday 2009 189 /caldera/projects/usgs/water/impd/skagone/r37.0_tile0
04:02:01 ET_MOSAIC DEBUG: justoneday 2009 190 /caldera/projects/usgs/water/impd/skagone/r37.0_tile0
04:04:13 ET_MOSAIC DEBUG: justoneday 2009 191 /caldera/projects/usgs/water/impd/skagone/r37.0_tile0
04:06:37 ET_MOSAIC DEBUG: justoneday 2009 192 /caldera/projects/usgs/water/impd/skagone/r37.0_tile0
04:09:08 ET_MOSAIC DEBUG: justoneday 2009 193 /caldera/projects/usgs/water/impd/skagone/r37.0_tile0
04:11:35 ET_MOSAIC DEBUG: justoneday 2009 194 /caldera/projects/usgs/water/impd/skagone/r37.0_tile0
04:13:50 ET_MOSAIC DEBUG: justoneday 2009 195 /caldera/projects/usgs/water/impd/skagone/r37.0_tile0
04:16:28 ET_MOSAIC DEBUG: justoneday 2009 196 /caldera/projects/usgs/water/impd/skagone/r37.0_tile0
04:19:02 ET_MOSAIC DEBUG: justoneday 2009 197 /caldera/projects/usgs/water/impd/skagone/r37.0_tile0
04:21:26 ET_MOSAIC DEBUG: justoneday 2009 198 /caldera/projects/usgs/water/impd/skagone/r37.0_tile0
04:23:58 ET_MOSAIC DEBUG: justoneday 2009 199 /caldera/projects/usgs/water/impd/skagone/r37.0_tile0
04:26:32 ET_MOSAIC DEBUG: justoneday 2009 200 /caldera/projects/usgs/water/impd/skagone/r37.0_tile0
04:28:45 ET_MOSAIC DEBUG: justoneday 2009 201 /caldera/projects/usgs/water/impd/skagone/r37.0_tile0
04:30:57 ET_MOSAIC DEBUG: justoneday 2009 202 /caldera/projects/usgs/water/impd/skagone/r37.0_tile0
04:33:22 ET_MOSAIC DEBUG: justoneday 2009 203 /caldera/projects/usgs/water/impd/skagone/r37.0_tile0
04:35:47 ET_MOSAIC DEBUG: justoneday 2009 204 /caldera/projects/usgs/water/impd/skagone/r37.0_tile0
04:38:01 ET_MOSAIC DEBUG: justoneday 2009 205 /caldera/projects/usgs/water/impd/skagone/r37.0_tile0
04:40:26 ET_MOSAIC DEBUG: justoneday 2009 206 /caldera/projects/usgs/water/impd/skagone/r37.0_tile0
04:43:27 ET_MOSAIC DEBUG: justoneday 2009 207 /caldera/projects/usgs/water/impd/skagone/r37.0_tile0
04:45:40 ET_MOSAIC DEBUG: justoneday 2009 208 /caldera/projects/usgs/water/impd/skagone/r37.0_tile0
04:47:55 ET_MOSAIC DEBUG: justoneday 2009 209 /caldera/projects/usgs/water/impd/skagone/r37.0_tile0
04:50:06 ET_MOSAIC DEBUG: justoneday 2009 210 /caldera/projects/usgs/water/impd/skagone/r37.0_tile0
04:52:17 ET_MOSAIC DEBUG: justoneday 2009 211 /caldera/projects/usgs/water/impd/skagone/r37.0_tile0
04:54:28 ET_MOSAIC DEBUG: justoneday 2009 212 /caldera/projects/usgs/water/impd/skagone/r37.0_tile0
04:56:38 ET_MOSAIC DEBUG: justoneday 2009 213 /caldera/projects/usgs/water/impd/skagone/r37.0_tile0
04:58:51 ET_MOSAIC DEBUG: justoneday 2009 214 /caldera/projects/usgs/water/impd/skagone/r37.0_tile0
05:01:08 ET_MOSAIC DEBUG: justoneday 2009 215 /caldera/projects/usgs/water/impd/skagone/r37.0_tile0
05:03:31 ET_MOSAIC DEBUG: justoneday 2009 216 /caldera/projects/usgs/water/impd/skagone/r37.0_tile0
05:05:43 ET_MOSAIC DEBUG: justoneday 2009 217 /caldera/projects/usgs/water/impd/skagone/r37.0_tile0
05:07:52 ET_MOSAIC DEBUG: justoneday 2009 218 /caldera/projects/usgs/water/impd/skagone/r37.0_tile0
05:10:04 ET_MOSAIC DEBUG: justoneday 2009 219 /caldera/projects/usgs/water/impd/skagone/r37.0_tile0
05:12:16 ET_MOSAIC DEBUG: justoneday 2009 220 /caldera/projects/usgs/water/impd/skagone/r37.0_tile0
05:14:28 ET_MOSAIC DEBUG: justoneday 2009 221 /caldera/projects/usgs/water/impd/skagone/r37.0_tile0
05:16:42 ET_MOSAIC DEBUG: justoneday 2009 222 /caldera/projects/usgs/water/impd/skagone/r37.0_tile0
05:18:54 ET_MOSAIC DEBUG: justoneday 2009 223 /caldera/projects/usgs/water/impd/skagone/r37.0_tile0
05:21:07 ET_MOSAIC DEBUG: justoneday 2009 224 /caldera/projects/usgs/water/impd/skagone/r37.0_tile0
05:23:24 ET_MOSAIC DEBUG: justoneday 2009 225 /caldera/projects/usgs/water/impd/skagone/r37.0_tile0
05:25:41 ET_MOSAIC DEBUG: justoneday 2009 226 /caldera/projects/usgs/water/impd/skagone/r37.0_tile0
05:28:00 ET_MOSAIC DEBUG: justoneday 2009 227 /caldera/projects/usgs/water/impd/skagone/r37.0_tile0
05:30:20 ET_MOSAIC DEBUG: justoneday 2009 228 /caldera/projects/usgs/water/impd/skagone/r37.0_tile0
05:32:44 ET_MOSAIC DEBUG: justoneday 2009 229 /caldera/projects/usgs/water/impd/skagone/r37.0_tile0
05:35:02 ET_MOSAIC DEBUG: justoneday 2009 230 /caldera/projects/usgs/water/impd/skagone/r37.0_tile0
05:37:26 ET_MOSAIC DEBUG: justoneday 2009 231 /caldera/projects/usgs/water/impd/skagone/r37.0_tile0
05:39:40 ET_MOSAIC DEBUG: justoneday 2009 232 /caldera/projects/usgs/water/impd/skagone/r37.0_tile0
05:41:56 ET_MOSAIC DEBUG: justoneday 2009 233 /caldera/projects/usgs/water/impd/skagone/r37.0_tile0
05:44:12 ET_MOSAIC DEBUG: justoneday 2009 234 /caldera/projects/usgs/water/impd/skagone/r37.0_tile0
05:46:32 ET_MOSAIC DEBUG: justoneday 2009 235 /caldera/projects/usgs/water/impd/skagone/r37.0_tile0
05:48:52 ET_MOSAIC DEBUG: justoneday 2009 236 /caldera/projects/usgs/water/impd/skagone/r37.0_tile0
05:51:19 ET_MOSAIC DEBUG: justoneday 2009 237 /caldera/projects/usgs/water/impd/skagone/r37.0_tile0
05:53:42 ET_MOSAIC DEBUG: justoneday 2009 238 /caldera/projects/usgs/water/impd/skagone/r37.0_tile0
05:56:03 ET_MOSAIC DEBUG: justoneday 2009 239 /caldera/projects/usgs/water/impd/skagone/r37.0_tile0
05:58:27 ET_MOSAIC DEBUG: justoneday 2009 240 /caldera/projects/usgs/water/impd/skagone/r37.0_tile0
06:00:53 ET_MOSAIC DEBUG: justoneday 2009 241 /caldera/projects/usgs/water/impd/skagone/r37.0_tile0
06:03:20 ET_MOSAIC DEBUG: justoneday 2009 242 /caldera/projects/usgs/water/impd/skagone/r37.0_tile0
06:05:50 ET_MOSAIC DEBUG: justoneday 2009 243 /caldera/projects/usgs/water/impd/skagone/r37.0_tile0
06:08:20 ET_MOSAIC DEBUG: justoneday 2009 244 /caldera/projects/usgs/water/impd/skagone/r37.0_tile0
06:10:45 ET_MOSAIC DEBUG: justoneday 2009 245 /caldera/projects/usgs/water/impd/skagone/r37.0_tile0
06:13:18 ET_MOSAIC DEBUG: justoneday 2009 246 /caldera/projects/usgs/water/impd/skagone/r37.0_tile0
06:15:47 ET_MOSAIC DEBUG: justoneday 2009 247 /caldera/projects/usgs/water/impd/skagone/r37.0_tile0
06:18:16 ET_MOSAIC DEBUG: justoneday 2009 248 /caldera/projects/usgs/water/impd/skagone/r37.0_tile0
06:20:43 ET_MOSAIC DEBUG: justoneday 2009 249 /caldera/projects/usgs/water/impd/skagone/r37.0_tile0
06:23:13 ET_MOSAIC DEBUG: justoneday 2009 250 /caldera/projects/usgs/water/impd/skagone/r37.0_tile0
06:25:36 ET_MOSAIC DEBUG: justoneday 2009 251 /caldera/projects/usgs/water/impd/skagone/r37.0_tile0
06:28:01 ET_MOSAIC DEBUG: justoneday 2009 252 /caldera/projects/usgs/water/impd/skagone/r37.0_tile0
06:30:28 ET_MOSAIC DEBUG: justoneday 2009 253 /caldera/projects/usgs/water/impd/skagone/r37.0_tile0
06:32:59 ET_MOSAIC DEBUG: justoneday 2009 254 /caldera/projects/usgs/water/impd/skagone/r37.0_tile0
06:35:24 ET_MOSAIC DEBUG: justoneday 2009 255 /caldera/projects/usgs/water/impd/skagone/r37.0_tile0
06:37:43 ET_MOSAIC DEBUG: justoneday 2009 256 /caldera/projects/usgs/water/impd/skagone/r37.0_tile0
06:40:00 ET_MOSAIC DEBUG: justoneday 2009 257 /caldera/projects/usgs/water/impd/skagone/r37.0_tile0
06:42:20 ET_MOSAIC DEBUG: justoneday 2009 258 /caldera/projects/usgs/water/impd/skagone/r37.0_tile0
06:44:40 ET_MOSAIC DEBUG: justoneday 2009 259 /caldera/projects/usgs/water/impd/skagone/r37.0_tile0
06:47:03 ET_MOSAIC DEBUG: justoneday 2009 260 /caldera/projects/usgs/water/impd/skagone/r37.0_tile0
06:49:25 ET_MOSAIC DEBUG: justoneday 2009 261 /caldera/projects/usgs/water/impd/skagone/r37.0_tile0
06:51:52 ET_MOSAIC DEBUG: justoneday 2009 262 /caldera/projects/usgs/water/impd/skagone/r37.0_tile0
06:54:17 ET_MOSAIC DEBUG: justoneday 2009 263 /caldera/projects/usgs/water/impd/skagone/r37.0_tile0
06:56:39 ET_MOSAIC DEBUG: justoneday 2009 264 /caldera/projects/usgs/water/impd/skagone/r37.0_tile0
06:59:06 ET_MOSAIC DEBUG: justoneday 2009 265 /caldera/projects/usgs/water/impd/skagone/r37.0_tile0
07:01:35 ET_MOSAIC DEBUG: justoneday 2009 266 /caldera/projects/usgs/water/impd/skagone/r37.0_tile0
07:04:00 ET_MOSAIC DEBUG: justoneday 2009 267 /caldera/projects/usgs/water/impd/skagone/r37.0_tile0
07:06:24 ET_MOSAIC DEBUG: justoneday 2009 268 /caldera/projects/usgs/water/impd/skagone/r37.0_tile0
07:08:50 ET_MOSAIC DEBUG: justoneday 2009 269 /caldera/projects/usgs/water/impd/skagone/r37.0_tile0
07:11:19 ET_MOSAIC DEBUG: justoneday 2009 270 /caldera/projects/usgs/water/impd/skagone/r37.0_tile0
07:13:49 ET_MOSAIC DEBUG: justoneday 2009 271 /caldera/projects/usgs/water/impd/skagone/r37.0_tile0
07:16:17 ET_MOSAIC DEBUG: justoneday 2009 272 /caldera/projects/usgs/water/impd/skagone/r37.0_tile0
07:18:29 ET_MOSAIC DEBUG: justoneday 2009 273 /caldera/projects/usgs/water/impd/skagone/r37.0_tile0
07:20:41 ET_MOSAIC DEBUG: justoneday 2009 274 /caldera/projects/usgs/water/impd/skagone/r37.0_tile0
07:22:53 ET_MOSAIC DEBUG: justoneday 2009 275 /caldera/projects/usgs/water/impd/skagone/r37.0_tile0
07:25:05 ET_MOSAIC DEBUG: justoneday 2009 276 /caldera/projects/usgs/water/impd/skagone/r37.0_tile0
07:27:18 ET_MOSAIC DEBUG: justoneday 2009 277 /caldera/projects/usgs/water/impd/skagone/r37.0_tile0
07:29:29 ET_MOSAIC DEBUG: justoneday 2009 278 /caldera/projects/usgs/water/impd/skagone/r37.0_tile0
07:31:40 ET_MOSAIC DEBUG: justoneday 2009 279 /caldera/projects/usgs/water/impd/skagone/r37.0_tile0
07:33:50 ET_MOSAIC DEBUG: justoneday 2009 280 /caldera/projects/usgs/water/impd/skagone/r37.0_tile0
07:36:02 ET_MOSAIC DEBUG: justoneday 2009 281 /caldera/projects/usgs/water/impd/skagone/r37.0_tile0
07:38:10 ET_MOSAIC DEBUG: justoneday 2009 282 /caldera/projects/usgs/water/impd/skagone/r37.0_tile0
07:40:20 ET_MOSAIC DEBUG: justoneday 2009 283 /caldera/projects/usgs/water/impd/skagone/r37.0_tile0
07:42:28 ET_MOSAIC DEBUG: justoneday 2009 284 /caldera/projects/usgs/water/impd/skagone/r37.0_tile0
07:44:43 ET_MOSAIC DEBUG: justoneday 2009 285 /caldera/projects/usgs/water/impd/skagone/r37.0_tile0
07:47:01 ET_MOSAIC DEBUG: justoneday 2009 286 /caldera/projects/usgs/water/impd/skagone/r37.0_tile0
07:49:15 ET_MOSAIC DEBUG: justoneday 2009 287 /caldera/projects/usgs/water/impd/skagone/r37.0_tile0
07:51:22 ET_MOSAIC DEBUG: justoneday 2009 288 /caldera/projects/usgs/water/impd/skagone/r37.0_tile0
07:53:30 ET_MOSAIC DEBUG: justoneday 2009 289 /caldera/projects/usgs/water/impd/skagone/r37.0_tile0
07:55:42 ET_MOSAIC DEBUG: justoneday 2009 290 /caldera/projects/usgs/water/impd/skagone/r37.0_tile0
07:57:51 ET_MOSAIC DEBUG: justoneday 2009 291 /caldera/projects/usgs/water/impd/skagone/r37.0_tile0
08:00:00 ET_MOSAIC DEBUG: justoneday 2009 292 /caldera/projects/usgs/water/impd/skagone/r37.0_tile0
08:02:15 ET_MOSAIC DEBUG: justoneday 2009 293 /caldera/projects/usgs/water/impd/skagone/r37.0_tile0
08:04:24 ET_MOSAIC DEBUG: justoneday 2009 294 /caldera/projects/usgs/water/impd/skagone/r37.0_tile0
08:06:45 ET_MOSAIC DEBUG: justoneday 2009 295 /caldera/projects/usgs/water/impd/skagone/r37.0_tile0
08:09:11 ET_MOSAIC DEBUG: justoneday 2009 296 /caldera/projects/usgs/water/impd/skagone/r37.0_tile0
08:11:31 ET_MOSAIC DEBUG: justoneday 2009 297 /caldera/projects/usgs/water/impd/skagone/r37.0_tile0
08:13:45 ET_MOSAIC DEBUG: justoneday 2009 298 /caldera/projects/usgs/water/impd/skagone/r37.0_tile0
08:15:58 ET_MOSAIC DEBUG: justoneday 2009 299 /caldera/projects/usgs/water/impd/skagone/r37.0_tile0
08:18:21 ET_MOSAIC DEBUG: justoneday 2009 300 /caldera/projects/usgs/water/impd/skagone/r37.0_tile0
08:20:42 ET_MOSAIC DEBUG: justoneday 2009 301 /caldera/projects/usgs/water/impd/skagone/r37.0_tile0
08:22:53 ET_MOSAIC DEBUG: justoneday 2009 302 /caldera/projects/usgs/water/impd/skagone/r37.0_tile0
08:25:33 ET_MOSAIC DEBUG: justoneday 2009 303 /caldera/projects/usgs/water/impd/skagone/r37.0_tile0
08:27:53 ET_MOSAIC DEBUG: justoneday 2009 304 /caldera/projects/usgs/water/impd/skagone/r37.0_tile0
08:30:42 ET_MOSAIC DEBUG: justoneday 2009 305 /caldera/projects/usgs/water/impd/skagone/r37.0_tile0
08:32:49 ET_MOSAIC DEBUG: justoneday 2009 306 /caldera/projects/usgs/water/impd/skagone/r37.0_tile0
08:34:57 ET_MOSAIC DEBUG: justoneday 2009 307 /caldera/projects/usgs/water/impd/skagone/r37.0_tile0
08:37:15 ET_MOSAIC DEBUG: justoneday 2009 308 /caldera/projects/usgs/water/impd/skagone/r37.0_tile0
08:39:26 ET_MOSAIC DEBUG: justoneday 2009 309 /caldera/projects/usgs/water/impd/skagone/r37.0_tile0
08:41:53 ET_MOSAIC DEBUG: justoneday 2009 310 /caldera/projects/usgs/water/impd/skagone/r37.0_tile0
08:44:49 ET_MOSAIC DEBUG: justoneday 2009 311 /caldera/projects/usgs/water/impd/skagone/r37.0_tile0
08:47:21 ET_MOSAIC DEBUG: justoneday 2009 312 /caldera/projects/usgs/water/impd/skagone/r37.0_tile0
08:49:57 ET_MOSAIC DEBUG: justoneday 2009 313 /caldera/projects/usgs/water/impd/skagone/r37.0_tile0
08:52:04 ET_MOSAIC DEBUG: justoneday 2009 314 /caldera/projects/usgs/water/impd/skagone/r37.0_tile0
08:54:19 ET_MOSAIC DEBUG: justoneday 2009 315 /caldera/projects/usgs/water/impd/skagone/r37.0_tile0
08:56:28 ET_MOSAIC DEBUG: justoneday 2009 316 /caldera/projects/usgs/water/impd/skagone/r37.0_tile0
08:58:35 ET_MOSAIC DEBUG: justoneday 2009 317 /caldera/projects/usgs/water/impd/skagone/r37.0_tile0
09:00:42 ET_MOSAIC DEBUG: justoneday 2009 318 /caldera/projects/usgs/water/impd/skagone/r37.0_tile0
09:02:50 ET_MOSAIC DEBUG: justoneday 2009 319 /caldera/projects/usgs/water/impd/skagone/r37.0_tile0
09:04:58 ET_MOSAIC DEBUG: justoneday 2009 320 /caldera/projects/usgs/water/impd/skagone/r37.0_tile0
09:07:08 ET_MOSAIC DEBUG: justoneday 2009 321 /caldera/projects/usgs/water/impd/skagone/r37.0_tile0
09:09:24 ET_MOSAIC DEBUG: justoneday 2009 322 /caldera/projects/usgs/water/impd/skagone/r37.0_tile0
09:11:37 ET_MOSAIC DEBUG: justoneday 2009 323 /caldera/projects/usgs/water/impd/skagone/r37.0_tile0
09:13:47 ET_MOSAIC DEBUG: justoneday 2009 324 /caldera/projects/usgs/water/impd/skagone/r37.0_tile0
09:15:57 ET_MOSAIC DEBUG: justoneday 2009 325 /caldera/projects/usgs/water/impd/skagone/r37.0_tile0
09:18:10 ET_MOSAIC DEBUG: justoneday 2009 326 /caldera/projects/usgs/water/impd/skagone/r37.0_tile0
09:20:21 ET_MOSAIC DEBUG: justoneday 2009 327 /caldera/projects/usgs/water/impd/skagone/r37.0_tile0
09:22:33 ET_MOSAIC DEBUG: justoneday 2009 328 /caldera/projects/usgs/water/impd/skagone/r37.0_tile0
09:24:48 ET_MOSAIC DEBUG: justoneday 2009 329 /caldera/projects/usgs/water/impd/skagone/r37.0_tile0
09:27:05 ET_MOSAIC DEBUG: justoneday 2009 330 /caldera/projects/usgs/water/impd/skagone/r37.0_tile0
09:29:20 ET_MOSAIC DEBUG: justoneday 2009 331 /caldera/projects/usgs/water/impd/skagone/r37.0_tile0
09:31:33 ET_MOSAIC DEBUG: justoneday 2009 332 /caldera/projects/usgs/water/impd/skagone/r37.0_tile0
09:33:49 ET_MOSAIC DEBUG: justoneday 2009 333 /caldera/projects/usgs/water/impd/skagone/r37.0_tile0
09:36:03 ET_MOSAIC DEBUG: justoneday 2009 334 /caldera/projects/usgs/water/impd/skagone/r37.0_tile0
09:38:20 ET_MOSAIC DEBUG: justoneday 2009 335 /caldera/projects/usgs/water/impd/skagone/r37.0_tile0
09:40:44 ET_MOSAIC DEBUG: justoneday 2009 336 /caldera/projects/usgs/water/impd/skagone/r37.0_tile0
09:42:57 ET_MOSAIC DEBUG: justoneday 2009 337 /caldera/projects/usgs/water/impd/skagone/r37.0_tile0
09:45:13 ET_MOSAIC DEBUG: justoneday 2009 338 /caldera/projects/usgs/water/impd/skagone/r37.0_tile0
09:47:25 ET_MOSAIC DEBUG: justoneday 2009 339 /caldera/projects/usgs/water/impd/skagone/r37.0_tile0
09:49:37 ET_MOSAIC DEBUG: justoneday 2009 340 /caldera/projects/usgs/water/impd/skagone/r37.0_tile0
09:51:50 ET_MOSAIC DEBUG: justoneday 2009 341 /caldera/projects/usgs/water/impd/skagone/r37.0_tile0
09:54:11 ET_MOSAIC DEBUG: justoneday 2009 342 /caldera/projects/usgs/water/impd/skagone/r37.0_tile0
09:56:28 ET_MOSAIC DEBUG: justoneday 2009 343 /caldera/projects/usgs/water/impd/skagone/r37.0_tile0
09:58:39 ET_MOSAIC DEBUG: justoneday 2009 344 /caldera/projects/usgs/water/impd/skagone/r37.0_tile0
10:00:50 ET_MOSAIC DEBUG: justoneday 2009 345 /caldera/projects/usgs/water/impd/skagone/r37.0_tile0
10:03:02 ET_MOSAIC DEBUG: justoneday 2009 346 /caldera/projects/usgs/water/impd/skagone/r37.0_tile0
10:05:12 ET_MOSAIC DEBUG: justoneday 2009 347 /caldera/projects/usgs/water/impd/skagone/r37.0_tile0
10:07:24 ET_MOSAIC DEBUG: justoneday 2009 348 /caldera/projects/usgs/water/impd/skagone/r37.0_tile0
10:09:33 ET_MOSAIC DEBUG: justoneday 2009 349 /caldera/projects/usgs/water/impd/skagone/r37.0_tile0
10:11:47 ET_MOSAIC DEBUG: justoneday 2009 350 /caldera/projects/usgs/water/impd/skagone/r37.0_tile0
10:13:57 ET_MOSAIC DEBUG: justoneday 2009 351 /caldera/projects/usgs/water/impd/skagone/r37.0_tile0
10:16:10 ET_MOSAIC DEBUG: justoneday 2009 352 /caldera/projects/usgs/water/impd/skagone/r37.0_tile0
10:18:21 ET_MOSAIC DEBUG: justoneday 2009 353 /caldera/projects/usgs/water/impd/skagone/r37.0_tile0
10:20:32 ET_MOSAIC DEBUG: justoneday 2009 354 /caldera/projects/usgs/water/impd/skagone/r37.0_tile0
10:22:43 ET_MOSAIC DEBUG: justoneday 2009 355 /caldera/projects/usgs/water/impd/skagone/r37.0_tile0
10:24:57 ET_MOSAIC DEBUG: justoneday 2009 356 /caldera/projects/usgs/water/impd/skagone/r37.0_tile0
10:27:09 ET_MOSAIC DEBUG: justoneday 2009 357 /caldera/projects/usgs/water/impd/skagone/r37.0_tile0
10:29:20 ET_MOSAIC DEBUG: justoneday 2009 358 /caldera/projects/usgs/water/impd/skagone/r37.0_tile0
10:31:32 ET_MOSAIC DEBUG: justoneday 2009 359 /caldera/projects/usgs/water/impd/skagone/r37.0_tile0
10:33:46 ET_MOSAIC DEBUG: justoneday 2009 360 /caldera/projects/usgs/water/impd/skagone/r37.0_tile0
10:36:02 ET_MOSAIC DEBUG: justoneday 2009 361 /caldera/projects/usgs/water/impd/skagone/r37.0_tile0
10:38:14 ET_MOSAIC DEBUG: justoneday 2009 362 /caldera/projects/usgs/water/impd/skagone/r37.0_tile0
10:40:27 ET_MOSAIC DEBUG: justoneday 2009 363 /caldera/projects/usgs/water/impd/skagone/r37.0_tile0
10:42:44 ET_MOSAIC DEBUG: justoneday 2009 364 /caldera/projects/usgs/water/impd/skagone/r37.0_tile0
10:44:56 ET_MOSAIC DEBUG: justoneday 2009 365 /caldera/projects/usgs/water/impd/skagone/r37.0_tile0
10:47:04 ET_MOSAIC DEBUG: justoneday 2009 366 /caldera/projects/usgs/water/impd/skagone/r37.0_tile0
