13:15:28 ET_MOSAIC DEBUG: this is how you call one of your functions
13:15:28 ET_MOSAIC DEBUG: hello from Conus_mosaic class
13:15:28 ET_MOSAIC DEBUG: Mosaicking ['netet'] in /caldera/projects/usgs/water/impd/skagone and put it in /caldera/projects/usgs/water/impd/butzer for 2012
13:15:28 ET_MOSAIC DEBUG: run_mosaic
13:15:28 ET_MOSAIC DEBUG: Mosaic this product: netet
13:15:28 ET_MOSAIC DEBUG: /caldera/projects/usgs/water/impd/skagone/
13:15:28 ET_MOSAIC DEBUG: justoneday 2012 1 /caldera/projects/usgs/water/impd/skagone/r37.0_tile0
Warning 1: +init=epsg:XXXX syntax is deprecated. It might return a CRS with a non-EPSG compliant axis order.
13:17:47 ET_MOSAIC DEBUG: justoneday 2012 2 /caldera/projects/usgs/water/impd/skagone/r37.0_tile0
13:19:52 ET_MOSAIC DEBUG: justoneday 2012 3 /caldera/projects/usgs/water/impd/skagone/r37.0_tile0
13:21:57 ET_MOSAIC DEBUG: justoneday 2012 4 /caldera/projects/usgs/water/impd/skagone/r37.0_tile0
13:24:01 ET_MOSAIC DEBUG: justoneday 2012 5 /caldera/projects/usgs/water/impd/skagone/r37.0_tile0
13:26:06 ET_MOSAIC DEBUG: justoneday 2012 6 /caldera/projects/usgs/water/impd/skagone/r37.0_tile0
13:28:11 ET_MOSAIC DEBUG: justoneday 2012 7 /caldera/projects/usgs/water/impd/skagone/r37.0_tile0
13:30:16 ET_MOSAIC DEBUG: justoneday 2012 8 /caldera/projects/usgs/water/impd/skagone/r37.0_tile0
13:32:22 ET_MOSAIC DEBUG: justoneday 2012 9 /caldera/projects/usgs/water/impd/skagone/r37.0_tile0
13:34:26 ET_MOSAIC DEBUG: justoneday 2012 10 /caldera/projects/usgs/water/impd/skagone/r37.0_tile0
13:36:33 ET_MOSAIC DEBUG: justoneday 2012 11 /caldera/projects/usgs/water/impd/skagone/r37.0_tile0
13:38:39 ET_MOSAIC DEBUG: justoneday 2012 12 /caldera/projects/usgs/water/impd/skagone/r37.0_tile0
13:40:45 ET_MOSAIC DEBUG: justoneday 2012 13 /caldera/projects/usgs/water/impd/skagone/r37.0_tile0
13:42:52 ET_MOSAIC DEBUG: justoneday 2012 14 /caldera/projects/usgs/water/impd/skagone/r37.0_tile0
13:44:59 ET_MOSAIC DEBUG: justoneday 2012 15 /caldera/projects/usgs/water/impd/skagone/r37.0_tile0
13:47:05 ET_MOSAIC DEBUG: justoneday 2012 16 /caldera/projects/usgs/water/impd/skagone/r37.0_tile0
13:49:13 ET_MOSAIC DEBUG: justoneday 2012 17 /caldera/projects/usgs/water/impd/skagone/r37.0_tile0
13:51:22 ET_MOSAIC DEBUG: justoneday 2012 18 /caldera/projects/usgs/water/impd/skagone/r37.0_tile0
13:53:32 ET_MOSAIC DEBUG: justoneday 2012 19 /caldera/projects/usgs/water/impd/skagone/r37.0_tile0
13:55:42 ET_MOSAIC DEBUG: justoneday 2012 20 /caldera/projects/usgs/water/impd/skagone/r37.0_tile0
13:57:52 ET_MOSAIC DEBUG: justoneday 2012 21 /caldera/projects/usgs/water/impd/skagone/r37.0_tile0
14:00:02 ET_MOSAIC DEBUG: justoneday 2012 22 /caldera/projects/usgs/water/impd/skagone/r37.0_tile0
14:02:13 ET_MOSAIC DEBUG: justoneday 2012 23 /caldera/projects/usgs/water/impd/skagone/r37.0_tile0
14:04:23 ET_MOSAIC DEBUG: justoneday 2012 24 /caldera/projects/usgs/water/impd/skagone/r37.0_tile0
14:06:34 ET_MOSAIC DEBUG: justoneday 2012 25 /caldera/projects/usgs/water/impd/skagone/r37.0_tile0
14:08:45 ET_MOSAIC DEBUG: justoneday 2012 26 /caldera/projects/usgs/water/impd/skagone/r37.0_tile0
14:10:50 ET_MOSAIC DEBUG: justoneday 2012 27 /caldera/projects/usgs/water/impd/skagone/r37.0_tile0
14:12:55 ET_MOSAIC DEBUG: justoneday 2012 28 /caldera/projects/usgs/water/impd/skagone/r37.0_tile0
14:15:01 ET_MOSAIC DEBUG: justoneday 2012 29 /caldera/projects/usgs/water/impd/skagone/r37.0_tile0
14:17:09 ET_MOSAIC DEBUG: justoneday 2012 30 /caldera/projects/usgs/water/impd/skagone/r37.0_tile0
14:19:12 ET_MOSAIC DEBUG: justoneday 2012 31 /caldera/projects/usgs/water/impd/skagone/r37.0_tile0
14:21:18 ET_MOSAIC DEBUG: justoneday 2012 32 /caldera/projects/usgs/water/impd/skagone/r37.0_tile0
14:23:21 ET_MOSAIC DEBUG: justoneday 2012 33 /caldera/projects/usgs/water/impd/skagone/r37.0_tile0
14:25:22 ET_MOSAIC DEBUG: justoneday 2012 34 /caldera/projects/usgs/water/impd/skagone/r37.0_tile0
14:27:27 ET_MOSAIC DEBUG: justoneday 2012 35 /caldera/projects/usgs/water/impd/skagone/r37.0_tile0
14:29:32 ET_MOSAIC DEBUG: justoneday 2012 36 /caldera/projects/usgs/water/impd/skagone/r37.0_tile0
14:31:36 ET_MOSAIC DEBUG: justoneday 2012 37 /caldera/projects/usgs/water/impd/skagone/r37.0_tile0
14:33:42 ET_MOSAIC DEBUG: justoneday 2012 38 /caldera/projects/usgs/water/impd/skagone/r37.0_tile0
14:35:46 ET_MOSAIC DEBUG: justoneday 2012 39 /caldera/projects/usgs/water/impd/skagone/r37.0_tile0
14:37:51 ET_MOSAIC DEBUG: justoneday 2012 40 /caldera/projects/usgs/water/impd/skagone/r37.0_tile0
14:39:55 ET_MOSAIC DEBUG: justoneday 2012 41 /caldera/projects/usgs/water/impd/skagone/r37.0_tile0
14:42:00 ET_MOSAIC DEBUG: justoneday 2012 42 /caldera/projects/usgs/water/impd/skagone/r37.0_tile0
14:44:07 ET_MOSAIC DEBUG: justoneday 2012 43 /caldera/projects/usgs/water/impd/skagone/r37.0_tile0
14:46:10 ET_MOSAIC DEBUG: justoneday 2012 44 /caldera/projects/usgs/water/impd/skagone/r37.0_tile0
14:48:13 ET_MOSAIC DEBUG: justoneday 2012 45 /caldera/projects/usgs/water/impd/skagone/r37.0_tile0
14:50:16 ET_MOSAIC DEBUG: justoneday 2012 46 /caldera/projects/usgs/water/impd/skagone/r37.0_tile0
14:52:18 ET_MOSAIC DEBUG: justoneday 2012 47 /caldera/projects/usgs/water/impd/skagone/r37.0_tile0
14:54:20 ET_MOSAIC DEBUG: justoneday 2012 48 /caldera/projects/usgs/water/impd/skagone/r37.0_tile0
14:56:22 ET_MOSAIC DEBUG: justoneday 2012 49 /caldera/projects/usgs/water/impd/skagone/r37.0_tile0
14:58:24 ET_MOSAIC DEBUG: justoneday 2012 50 /caldera/projects/usgs/water/impd/skagone/r37.0_tile0
15:00:28 ET_MOSAIC DEBUG: justoneday 2012 51 /caldera/projects/usgs/water/impd/skagone/r37.0_tile0
15:02:31 ET_MOSAIC DEBUG: justoneday 2012 52 /caldera/projects/usgs/water/impd/skagone/r37.0_tile0
15:04:35 ET_MOSAIC DEBUG: justoneday 2012 53 /caldera/projects/usgs/water/impd/skagone/r37.0_tile0
15:06:38 ET_MOSAIC DEBUG: justoneday 2012 54 /caldera/projects/usgs/water/impd/skagone/r37.0_tile0
15:08:41 ET_MOSAIC DEBUG: justoneday 2012 55 /caldera/projects/usgs/water/impd/skagone/r37.0_tile0
15:10:44 ET_MOSAIC DEBUG: justoneday 2012 56 /caldera/projects/usgs/water/impd/skagone/r37.0_tile0
15:12:47 ET_MOSAIC DEBUG: justoneday 2012 57 /caldera/projects/usgs/water/impd/skagone/r37.0_tile0
15:14:50 ET_MOSAIC DEBUG: justoneday 2012 58 /caldera/projects/usgs/water/impd/skagone/r37.0_tile0
15:16:53 ET_MOSAIC DEBUG: justoneday 2012 59 /caldera/projects/usgs/water/impd/skagone/r37.0_tile0
15:18:56 ET_MOSAIC DEBUG: justoneday 2012 60 /caldera/projects/usgs/water/impd/skagone/r37.0_tile0
15:20:59 ET_MOSAIC DEBUG: justoneday 2012 61 /caldera/projects/usgs/water/impd/skagone/r37.0_tile0
15:23:01 ET_MOSAIC DEBUG: justoneday 2012 62 /caldera/projects/usgs/water/impd/skagone/r37.0_tile0
15:25:07 ET_MOSAIC DEBUG: justoneday 2012 63 /caldera/projects/usgs/water/impd/skagone/r37.0_tile0
15:27:14 ET_MOSAIC DEBUG: justoneday 2012 64 /caldera/projects/usgs/water/impd/skagone/r37.0_tile0
15:29:16 ET_MOSAIC DEBUG: justoneday 2012 65 /caldera/projects/usgs/water/impd/skagone/r37.0_tile0
15:31:16 ET_MOSAIC DEBUG: justoneday 2012 66 /caldera/projects/usgs/water/impd/skagone/r37.0_tile0
15:33:19 ET_MOSAIC DEBUG: justoneday 2012 67 /caldera/projects/usgs/water/impd/skagone/r37.0_tile0
15:35:20 ET_MOSAIC DEBUG: justoneday 2012 68 /caldera/projects/usgs/water/impd/skagone/r37.0_tile0
15:37:21 ET_MOSAIC DEBUG: justoneday 2012 69 /caldera/projects/usgs/water/impd/skagone/r37.0_tile0
15:39:22 ET_MOSAIC DEBUG: justoneday 2012 70 /caldera/projects/usgs/water/impd/skagone/r37.0_tile0
15:41:22 ET_MOSAIC DEBUG: justoneday 2012 71 /caldera/projects/usgs/water/impd/skagone/r37.0_tile0
15:43:22 ET_MOSAIC DEBUG: justoneday 2012 72 /caldera/projects/usgs/water/impd/skagone/r37.0_tile0
15:45:21 ET_MOSAIC DEBUG: justoneday 2012 73 /caldera/projects/usgs/water/impd/skagone/r37.0_tile0
15:47:20 ET_MOSAIC DEBUG: justoneday 2012 74 /caldera/projects/usgs/water/impd/skagone/r37.0_tile0
15:49:19 ET_MOSAIC DEBUG: justoneday 2012 75 /caldera/projects/usgs/water/impd/skagone/r37.0_tile0
15:51:18 ET_MOSAIC DEBUG: justoneday 2012 76 /caldera/projects/usgs/water/impd/skagone/r37.0_tile0
15:53:17 ET_MOSAIC DEBUG: justoneday 2012 77 /caldera/projects/usgs/water/impd/skagone/r37.0_tile0
15:55:15 ET_MOSAIC DEBUG: justoneday 2012 78 /caldera/projects/usgs/water/impd/skagone/r37.0_tile0
15:57:14 ET_MOSAIC DEBUG: justoneday 2012 79 /caldera/projects/usgs/water/impd/skagone/r37.0_tile0
15:59:12 ET_MOSAIC DEBUG: justoneday 2012 80 /caldera/projects/usgs/water/impd/skagone/r37.0_tile0
16:01:10 ET_MOSAIC DEBUG: justoneday 2012 81 /caldera/projects/usgs/water/impd/skagone/r37.0_tile0
16:03:07 ET_MOSAIC DEBUG: justoneday 2012 82 /caldera/projects/usgs/water/impd/skagone/r37.0_tile0
16:05:04 ET_MOSAIC DEBUG: justoneday 2012 83 /caldera/projects/usgs/water/impd/skagone/r37.0_tile0
16:07:01 ET_MOSAIC DEBUG: justoneday 2012 84 /caldera/projects/usgs/water/impd/skagone/r37.0_tile0
16:08:58 ET_MOSAIC DEBUG: justoneday 2012 85 /caldera/projects/usgs/water/impd/skagone/r37.0_tile0
16:10:55 ET_MOSAIC DEBUG: justoneday 2012 86 /caldera/projects/usgs/water/impd/skagone/r37.0_tile0
16:12:53 ET_MOSAIC DEBUG: justoneday 2012 87 /caldera/projects/usgs/water/impd/skagone/r37.0_tile0
16:14:51 ET_MOSAIC DEBUG: justoneday 2012 88 /caldera/projects/usgs/water/impd/skagone/r37.0_tile0
16:16:49 ET_MOSAIC DEBUG: justoneday 2012 89 /caldera/projects/usgs/water/impd/skagone/r37.0_tile0
16:18:46 ET_MOSAIC DEBUG: justoneday 2012 90 /caldera/projects/usgs/water/impd/skagone/r37.0_tile0
16:20:44 ET_MOSAIC DEBUG: justoneday 2012 91 /caldera/projects/usgs/water/impd/skagone/r37.0_tile0
16:22:42 ET_MOSAIC DEBUG: justoneday 2012 92 /caldera/projects/usgs/water/impd/skagone/r37.0_tile0
16:24:40 ET_MOSAIC DEBUG: justoneday 2012 93 /caldera/projects/usgs/water/impd/skagone/r37.0_tile0
16:26:38 ET_MOSAIC DEBUG: justoneday 2012 94 /caldera/projects/usgs/water/impd/skagone/r37.0_tile0
16:28:36 ET_MOSAIC DEBUG: justoneday 2012 95 /caldera/projects/usgs/water/impd/skagone/r37.0_tile0
16:30:34 ET_MOSAIC DEBUG: justoneday 2012 96 /caldera/projects/usgs/water/impd/skagone/r37.0_tile0
16:32:34 ET_MOSAIC DEBUG: justoneday 2012 97 /caldera/projects/usgs/water/impd/skagone/r37.0_tile0
16:34:35 ET_MOSAIC DEBUG: justoneday 2012 98 /caldera/projects/usgs/water/impd/skagone/r37.0_tile0
16:36:34 ET_MOSAIC DEBUG: justoneday 2012 99 /caldera/projects/usgs/water/impd/skagone/r37.0_tile0
16:38:33 ET_MOSAIC DEBUG: justoneday 2012 100 /caldera/projects/usgs/water/impd/skagone/r37.0_tile0
16:40:33 ET_MOSAIC DEBUG: justoneday 2012 101 /caldera/projects/usgs/water/impd/skagone/r37.0_tile0
16:42:33 ET_MOSAIC DEBUG: justoneday 2012 102 /caldera/projects/usgs/water/impd/skagone/r37.0_tile0
16:44:34 ET_MOSAIC DEBUG: justoneday 2012 103 /caldera/projects/usgs/water/impd/skagone/r37.0_tile0
16:46:34 ET_MOSAIC DEBUG: justoneday 2012 104 /caldera/projects/usgs/water/impd/skagone/r37.0_tile0
16:48:34 ET_MOSAIC DEBUG: justoneday 2012 105 /caldera/projects/usgs/water/impd/skagone/r37.0_tile0
16:50:33 ET_MOSAIC DEBUG: justoneday 2012 106 /caldera/projects/usgs/water/impd/skagone/r37.0_tile0
16:52:32 ET_MOSAIC DEBUG: justoneday 2012 107 /caldera/projects/usgs/water/impd/skagone/r37.0_tile0
16:54:32 ET_MOSAIC DEBUG: justoneday 2012 108 /caldera/projects/usgs/water/impd/skagone/r37.0_tile0
16:56:33 ET_MOSAIC DEBUG: justoneday 2012 109 /caldera/projects/usgs/water/impd/skagone/r37.0_tile0
16:58:32 ET_MOSAIC DEBUG: justoneday 2012 110 /caldera/projects/usgs/water/impd/skagone/r37.0_tile0
17:00:32 ET_MOSAIC DEBUG: justoneday 2012 111 /caldera/projects/usgs/water/impd/skagone/r37.0_tile0
17:02:32 ET_MOSAIC DEBUG: justoneday 2012 112 /caldera/projects/usgs/water/impd/skagone/r37.0_tile0
17:04:32 ET_MOSAIC DEBUG: justoneday 2012 113 /caldera/projects/usgs/water/impd/skagone/r37.0_tile0
17:06:33 ET_MOSAIC DEBUG: justoneday 2012 114 /caldera/projects/usgs/water/impd/skagone/r37.0_tile0
17:08:34 ET_MOSAIC DEBUG: justoneday 2012 115 /caldera/projects/usgs/water/impd/skagone/r37.0_tile0
17:10:34 ET_MOSAIC DEBUG: justoneday 2012 116 /caldera/projects/usgs/water/impd/skagone/r37.0_tile0
17:12:36 ET_MOSAIC DEBUG: justoneday 2012 117 /caldera/projects/usgs/water/impd/skagone/r37.0_tile0
17:14:37 ET_MOSAIC DEBUG: justoneday 2012 118 /caldera/projects/usgs/water/impd/skagone/r37.0_tile0
17:16:38 ET_MOSAIC DEBUG: justoneday 2012 119 /caldera/projects/usgs/water/impd/skagone/r37.0_tile0
17:18:40 ET_MOSAIC DEBUG: justoneday 2012 120 /caldera/projects/usgs/water/impd/skagone/r37.0_tile0
17:20:41 ET_MOSAIC DEBUG: justoneday 2012 121 /caldera/projects/usgs/water/impd/skagone/r37.0_tile0
17:22:43 ET_MOSAIC DEBUG: justoneday 2012 122 /caldera/projects/usgs/water/impd/skagone/r37.0_tile0
17:24:47 ET_MOSAIC DEBUG: justoneday 2012 123 /caldera/projects/usgs/water/impd/skagone/r37.0_tile0
17:26:52 ET_MOSAIC DEBUG: justoneday 2012 124 /caldera/projects/usgs/water/impd/skagone/r37.0_tile0
17:28:57 ET_MOSAIC DEBUG: justoneday 2012 125 /caldera/projects/usgs/water/impd/skagone/r37.0_tile0
17:31:03 ET_MOSAIC DEBUG: justoneday 2012 126 /caldera/projects/usgs/water/impd/skagone/r37.0_tile0
17:33:10 ET_MOSAIC DEBUG: justoneday 2012 127 /caldera/projects/usgs/water/impd/skagone/r37.0_tile0
17:35:16 ET_MOSAIC DEBUG: justoneday 2012 128 /caldera/projects/usgs/water/impd/skagone/r37.0_tile0
17:37:23 ET_MOSAIC DEBUG: justoneday 2012 129 /caldera/projects/usgs/water/impd/skagone/r37.0_tile0
17:39:33 ET_MOSAIC DEBUG: justoneday 2012 130 /caldera/projects/usgs/water/impd/skagone/r37.0_tile0
17:41:44 ET_MOSAIC DEBUG: justoneday 2012 131 /caldera/projects/usgs/water/impd/skagone/r37.0_tile0
17:43:51 ET_MOSAIC DEBUG: justoneday 2012 132 /caldera/projects/usgs/water/impd/skagone/r37.0_tile0
17:45:58 ET_MOSAIC DEBUG: justoneday 2012 133 /caldera/projects/usgs/water/impd/skagone/r37.0_tile0
17:48:05 ET_MOSAIC DEBUG: justoneday 2012 134 /caldera/projects/usgs/water/impd/skagone/r37.0_tile0
17:50:12 ET_MOSAIC DEBUG: justoneday 2012 135 /caldera/projects/usgs/water/impd/skagone/r37.0_tile0
17:52:19 ET_MOSAIC DEBUG: justoneday 2012 136 /caldera/projects/usgs/water/impd/skagone/r37.0_tile0
17:54:28 ET_MOSAIC DEBUG: justoneday 2012 137 /caldera/projects/usgs/water/impd/skagone/r37.0_tile0
17:56:36 ET_MOSAIC DEBUG: justoneday 2012 138 /caldera/projects/usgs/water/impd/skagone/r37.0_tile0
17:58:45 ET_MOSAIC DEBUG: justoneday 2012 139 /caldera/projects/usgs/water/impd/skagone/r37.0_tile0
18:00:55 ET_MOSAIC DEBUG: justoneday 2012 140 /caldera/projects/usgs/water/impd/skagone/r37.0_tile0
18:03:05 ET_MOSAIC DEBUG: justoneday 2012 141 /caldera/projects/usgs/water/impd/skagone/r37.0_tile0
18:05:16 ET_MOSAIC DEBUG: justoneday 2012 142 /caldera/projects/usgs/water/impd/skagone/r37.0_tile0
18:07:28 ET_MOSAIC DEBUG: justoneday 2012 143 /caldera/projects/usgs/water/impd/skagone/r37.0_tile0
18:09:40 ET_MOSAIC DEBUG: justoneday 2012 144 /caldera/projects/usgs/water/impd/skagone/r37.0_tile0
18:11:53 ET_MOSAIC DEBUG: justoneday 2012 145 /caldera/projects/usgs/water/impd/skagone/r37.0_tile0
18:14:07 ET_MOSAIC DEBUG: justoneday 2012 146 /caldera/projects/usgs/water/impd/skagone/r37.0_tile0
18:16:21 ET_MOSAIC DEBUG: justoneday 2012 147 /caldera/projects/usgs/water/impd/skagone/r37.0_tile0
18:18:36 ET_MOSAIC DEBUG: justoneday 2012 148 /caldera/projects/usgs/water/impd/skagone/r37.0_tile0
18:20:52 ET_MOSAIC DEBUG: justoneday 2012 149 /caldera/projects/usgs/water/impd/skagone/r37.0_tile0
18:23:07 ET_MOSAIC DEBUG: justoneday 2012 150 /caldera/projects/usgs/water/impd/skagone/r37.0_tile0
18:25:22 ET_MOSAIC DEBUG: justoneday 2012 151 /caldera/projects/usgs/water/impd/skagone/r37.0_tile0
18:27:38 ET_MOSAIC DEBUG: justoneday 2012 152 /caldera/projects/usgs/water/impd/skagone/r37.0_tile0
18:29:56 ET_MOSAIC DEBUG: justoneday 2012 153 /caldera/projects/usgs/water/impd/skagone/r37.0_tile0
18:32:13 ET_MOSAIC DEBUG: justoneday 2012 154 /caldera/projects/usgs/water/impd/skagone/r37.0_tile0
18:34:29 ET_MOSAIC DEBUG: justoneday 2012 155 /caldera/projects/usgs/water/impd/skagone/r37.0_tile0
18:36:46 ET_MOSAIC DEBUG: justoneday 2012 156 /caldera/projects/usgs/water/impd/skagone/r37.0_tile0
18:39:03 ET_MOSAIC DEBUG: justoneday 2012 157 /caldera/projects/usgs/water/impd/skagone/r37.0_tile0
18:41:21 ET_MOSAIC DEBUG: justoneday 2012 158 /caldera/projects/usgs/water/impd/skagone/r37.0_tile0
18:43:39 ET_MOSAIC DEBUG: justoneday 2012 159 /caldera/projects/usgs/water/impd/skagone/r37.0_tile0
18:45:59 ET_MOSAIC DEBUG: justoneday 2012 160 /caldera/projects/usgs/water/impd/skagone/r37.0_tile0
18:48:25 ET_MOSAIC DEBUG: justoneday 2012 161 /caldera/projects/usgs/water/impd/skagone/r37.0_tile0
18:50:44 ET_MOSAIC DEBUG: justoneday 2012 162 /caldera/projects/usgs/water/impd/skagone/r37.0_tile0
18:53:03 ET_MOSAIC DEBUG: justoneday 2012 163 /caldera/projects/usgs/water/impd/skagone/r37.0_tile0
18:55:23 ET_MOSAIC DEBUG: justoneday 2012 164 /caldera/projects/usgs/water/impd/skagone/r37.0_tile0
18:57:42 ET_MOSAIC DEBUG: justoneday 2012 165 /caldera/projects/usgs/water/impd/skagone/r37.0_tile0
19:00:02 ET_MOSAIC DEBUG: justoneday 2012 166 /caldera/projects/usgs/water/impd/skagone/r37.0_tile0
19:02:22 ET_MOSAIC DEBUG: justoneday 2012 167 /caldera/projects/usgs/water/impd/skagone/r37.0_tile0
19:04:44 ET_MOSAIC DEBUG: justoneday 2012 168 /caldera/projects/usgs/water/impd/skagone/r37.0_tile0
19:07:05 ET_MOSAIC DEBUG: justoneday 2012 169 /caldera/projects/usgs/water/impd/skagone/r37.0_tile0
19:09:28 ET_MOSAIC DEBUG: justoneday 2012 170 /caldera/projects/usgs/water/impd/skagone/r37.0_tile0
19:11:51 ET_MOSAIC DEBUG: justoneday 2012 171 /caldera/projects/usgs/water/impd/skagone/r37.0_tile0
19:14:14 ET_MOSAIC DEBUG: justoneday 2012 172 /caldera/projects/usgs/water/impd/skagone/r37.0_tile0
19:16:38 ET_MOSAIC DEBUG: justoneday 2012 173 /caldera/projects/usgs/water/impd/skagone/r37.0_tile0
19:19:02 ET_MOSAIC DEBUG: justoneday 2012 174 /caldera/projects/usgs/water/impd/skagone/r37.0_tile0
19:21:26 ET_MOSAIC DEBUG: justoneday 2012 175 /caldera/projects/usgs/water/impd/skagone/r37.0_tile0
19:23:51 ET_MOSAIC DEBUG: justoneday 2012 176 /caldera/projects/usgs/water/impd/skagone/r37.0_tile0
19:26:16 ET_MOSAIC DEBUG: justoneday 2012 177 /caldera/projects/usgs/water/impd/skagone/r37.0_tile0
19:28:42 ET_MOSAIC DEBUG: justoneday 2012 178 /caldera/projects/usgs/water/impd/skagone/r37.0_tile0
19:31:08 ET_MOSAIC DEBUG: justoneday 2012 179 /caldera/projects/usgs/water/impd/skagone/r37.0_tile0
19:33:36 ET_MOSAIC DEBUG: justoneday 2012 180 /caldera/projects/usgs/water/impd/skagone/r37.0_tile0
19:36:04 ET_MOSAIC DEBUG: justoneday 2012 181 /caldera/projects/usgs/water/impd/skagone/r37.0_tile0
19:38:32 ET_MOSAIC DEBUG: justoneday 2012 182 /caldera/projects/usgs/water/impd/skagone/r37.0_tile0
19:41:01 ET_MOSAIC DEBUG: justoneday 2012 183 /caldera/projects/usgs/water/impd/skagone/r37.0_tile0
19:43:30 ET_MOSAIC DEBUG: justoneday 2012 184 /caldera/projects/usgs/water/impd/skagone/r37.0_tile0
19:46:00 ET_MOSAIC DEBUG: justoneday 2012 185 /caldera/projects/usgs/water/impd/skagone/r37.0_tile0
19:48:30 ET_MOSAIC DEBUG: justoneday 2012 186 /caldera/projects/usgs/water/impd/skagone/r37.0_tile0
19:51:01 ET_MOSAIC DEBUG: justoneday 2012 187 /caldera/projects/usgs/water/impd/skagone/r37.0_tile0
19:53:34 ET_MOSAIC DEBUG: justoneday 2012 188 /caldera/projects/usgs/water/impd/skagone/r37.0_tile0
19:56:07 ET_MOSAIC DEBUG: justoneday 2012 189 /caldera/projects/usgs/water/impd/skagone/r37.0_tile0
19:58:38 ET_MOSAIC DEBUG: justoneday 2012 190 /caldera/projects/usgs/water/impd/skagone/r37.0_tile0
20:01:11 ET_MOSAIC DEBUG: justoneday 2012 191 /caldera/projects/usgs/water/impd/skagone/r37.0_tile0
20:03:42 ET_MOSAIC DEBUG: justoneday 2012 192 /caldera/projects/usgs/water/impd/skagone/r37.0_tile0
20:06:14 ET_MOSAIC DEBUG: justoneday 2012 193 /caldera/projects/usgs/water/impd/skagone/r37.0_tile0
20:08:44 ET_MOSAIC DEBUG: justoneday 2012 194 /caldera/projects/usgs/water/impd/skagone/r37.0_tile0
20:11:14 ET_MOSAIC DEBUG: justoneday 2012 195 /caldera/projects/usgs/water/impd/skagone/r37.0_tile0
20:13:44 ET_MOSAIC DEBUG: justoneday 2012 196 /caldera/projects/usgs/water/impd/skagone/r37.0_tile0
20:16:14 ET_MOSAIC DEBUG: justoneday 2012 197 /caldera/projects/usgs/water/impd/skagone/r37.0_tile0
20:18:44 ET_MOSAIC DEBUG: justoneday 2012 198 /caldera/projects/usgs/water/impd/skagone/r37.0_tile0
20:21:14 ET_MOSAIC DEBUG: justoneday 2012 199 /caldera/projects/usgs/water/impd/skagone/r37.0_tile0
20:23:44 ET_MOSAIC DEBUG: justoneday 2012 200 /caldera/projects/usgs/water/impd/skagone/r37.0_tile0
20:26:14 ET_MOSAIC DEBUG: justoneday 2012 201 /caldera/projects/usgs/water/impd/skagone/r37.0_tile0
20:28:43 ET_MOSAIC DEBUG: justoneday 2012 202 /caldera/projects/usgs/water/impd/skagone/r37.0_tile0
20:31:13 ET_MOSAIC DEBUG: justoneday 2012 203 /caldera/projects/usgs/water/impd/skagone/r37.0_tile0
20:33:43 ET_MOSAIC DEBUG: justoneday 2012 204 /caldera/projects/usgs/water/impd/skagone/r37.0_tile0
20:36:14 ET_MOSAIC DEBUG: justoneday 2012 205 /caldera/projects/usgs/water/impd/skagone/r37.0_tile0
20:38:45 ET_MOSAIC DEBUG: justoneday 2012 206 /caldera/projects/usgs/water/impd/skagone/r37.0_tile0
20:41:16 ET_MOSAIC DEBUG: justoneday 2012 207 /caldera/projects/usgs/water/impd/skagone/r37.0_tile0
20:43:46 ET_MOSAIC DEBUG: justoneday 2012 208 /caldera/projects/usgs/water/impd/skagone/r37.0_tile0
20:46:16 ET_MOSAIC DEBUG: justoneday 2012 209 /caldera/projects/usgs/water/impd/skagone/r37.0_tile0
20:48:48 ET_MOSAIC DEBUG: justoneday 2012 210 /caldera/projects/usgs/water/impd/skagone/r37.0_tile0
20:51:21 ET_MOSAIC DEBUG: justoneday 2012 211 /caldera/projects/usgs/water/impd/skagone/r37.0_tile0
20:53:52 ET_MOSAIC DEBUG: justoneday 2012 212 /caldera/projects/usgs/water/impd/skagone/r37.0_tile0
20:56:24 ET_MOSAIC DEBUG: justoneday 2012 213 /caldera/projects/usgs/water/impd/skagone/r37.0_tile0
20:58:57 ET_MOSAIC DEBUG: justoneday 2012 214 /caldera/projects/usgs/water/impd/skagone/r37.0_tile0
21:01:28 ET_MOSAIC DEBUG: justoneday 2012 215 /caldera/projects/usgs/water/impd/skagone/r37.0_tile0
21:04:00 ET_MOSAIC DEBUG: justoneday 2012 216 /caldera/projects/usgs/water/impd/skagone/r37.0_tile0
21:06:31 ET_MOSAIC DEBUG: justoneday 2012 217 /caldera/projects/usgs/water/impd/skagone/r37.0_tile0
21:09:03 ET_MOSAIC DEBUG: justoneday 2012 218 /caldera/projects/usgs/water/impd/skagone/r37.0_tile0
21:11:35 ET_MOSAIC DEBUG: justoneday 2012 219 /caldera/projects/usgs/water/impd/skagone/r37.0_tile0
21:14:06 ET_MOSAIC DEBUG: justoneday 2012 220 /caldera/projects/usgs/water/impd/skagone/r37.0_tile0
21:16:37 ET_MOSAIC DEBUG: justoneday 2012 221 /caldera/projects/usgs/water/impd/skagone/r37.0_tile0
21:19:08 ET_MOSAIC DEBUG: justoneday 2012 222 /caldera/projects/usgs/water/impd/skagone/r37.0_tile0
21:21:39 ET_MOSAIC DEBUG: justoneday 2012 223 /caldera/projects/usgs/water/impd/skagone/r37.0_tile0
21:24:08 ET_MOSAIC DEBUG: justoneday 2012 224 /caldera/projects/usgs/water/impd/skagone/r37.0_tile0
21:26:37 ET_MOSAIC DEBUG: justoneday 2012 225 /caldera/projects/usgs/water/impd/skagone/r37.0_tile0
21:29:08 ET_MOSAIC DEBUG: justoneday 2012 226 /caldera/projects/usgs/water/impd/skagone/r37.0_tile0
21:31:38 ET_MOSAIC DEBUG: justoneday 2012 227 /caldera/projects/usgs/water/impd/skagone/r37.0_tile0
21:34:07 ET_MOSAIC DEBUG: justoneday 2012 228 /caldera/projects/usgs/water/impd/skagone/r37.0_tile0
21:36:39 ET_MOSAIC DEBUG: justoneday 2012 229 /caldera/projects/usgs/water/impd/skagone/r37.0_tile0
21:39:09 ET_MOSAIC DEBUG: justoneday 2012 230 /caldera/projects/usgs/water/impd/skagone/r37.0_tile0
21:41:39 ET_MOSAIC DEBUG: justoneday 2012 231 /caldera/projects/usgs/water/impd/skagone/r37.0_tile0
21:44:10 ET_MOSAIC DEBUG: justoneday 2012 232 /caldera/projects/usgs/water/impd/skagone/r37.0_tile0
21:46:39 ET_MOSAIC DEBUG: justoneday 2012 233 /caldera/projects/usgs/water/impd/skagone/r37.0_tile0
21:49:09 ET_MOSAIC DEBUG: justoneday 2012 234 /caldera/projects/usgs/water/impd/skagone/r37.0_tile0
21:51:40 ET_MOSAIC DEBUG: justoneday 2012 235 /caldera/projects/usgs/water/impd/skagone/r37.0_tile0
21:54:10 ET_MOSAIC DEBUG: justoneday 2012 236 /caldera/projects/usgs/water/impd/skagone/r37.0_tile0
21:56:39 ET_MOSAIC DEBUG: justoneday 2012 237 /caldera/projects/usgs/water/impd/skagone/r37.0_tile0
21:59:10 ET_MOSAIC DEBUG: justoneday 2012 238 /caldera/projects/usgs/water/impd/skagone/r37.0_tile0
22:01:42 ET_MOSAIC DEBUG: justoneday 2012 239 /caldera/projects/usgs/water/impd/skagone/r37.0_tile0
22:04:16 ET_MOSAIC DEBUG: justoneday 2012 240 /caldera/projects/usgs/water/impd/skagone/r37.0_tile0
22:06:49 ET_MOSAIC DEBUG: justoneday 2012 241 /caldera/projects/usgs/water/impd/skagone/r37.0_tile0
22:09:22 ET_MOSAIC DEBUG: justoneday 2012 242 /caldera/projects/usgs/water/impd/skagone/r37.0_tile0
22:11:53 ET_MOSAIC DEBUG: justoneday 2012 243 /caldera/projects/usgs/water/impd/skagone/r37.0_tile0
22:14:24 ET_MOSAIC DEBUG: justoneday 2012 244 /caldera/projects/usgs/water/impd/skagone/r37.0_tile0
22:16:54 ET_MOSAIC DEBUG: justoneday 2012 245 /caldera/projects/usgs/water/impd/skagone/r37.0_tile0
22:19:23 ET_MOSAIC DEBUG: justoneday 2012 246 /caldera/projects/usgs/water/impd/skagone/r37.0_tile0
22:21:52 ET_MOSAIC DEBUG: justoneday 2012 247 /caldera/projects/usgs/water/impd/skagone/r37.0_tile0
22:24:22 ET_MOSAIC DEBUG: justoneday 2012 248 /caldera/projects/usgs/water/impd/skagone/r37.0_tile0
22:26:52 ET_MOSAIC DEBUG: justoneday 2012 249 /caldera/projects/usgs/water/impd/skagone/r37.0_tile0
22:29:22 ET_MOSAIC DEBUG: justoneday 2012 250 /caldera/projects/usgs/water/impd/skagone/r37.0_tile0
22:31:50 ET_MOSAIC DEBUG: justoneday 2012 251 /caldera/projects/usgs/water/impd/skagone/r37.0_tile0
22:34:17 ET_MOSAIC DEBUG: justoneday 2012 252 /caldera/projects/usgs/water/impd/skagone/r37.0_tile0
22:36:43 ET_MOSAIC DEBUG: justoneday 2012 253 /caldera/projects/usgs/water/impd/skagone/r37.0_tile0
22:39:10 ET_MOSAIC DEBUG: justoneday 2012 254 /caldera/projects/usgs/water/impd/skagone/r37.0_tile0
22:41:38 ET_MOSAIC DEBUG: justoneday 2012 255 /caldera/projects/usgs/water/impd/skagone/r37.0_tile0
22:44:06 ET_MOSAIC DEBUG: justoneday 2012 256 /caldera/projects/usgs/water/impd/skagone/r37.0_tile0
22:46:34 ET_MOSAIC DEBUG: justoneday 2012 257 /caldera/projects/usgs/water/impd/skagone/r37.0_tile0
22:49:03 ET_MOSAIC DEBUG: justoneday 2012 258 /caldera/projects/usgs/water/impd/skagone/r37.0_tile0
22:51:32 ET_MOSAIC DEBUG: justoneday 2012 259 /caldera/projects/usgs/water/impd/skagone/r37.0_tile0
22:54:01 ET_MOSAIC DEBUG: justoneday 2012 260 /caldera/projects/usgs/water/impd/skagone/r37.0_tile0
22:56:30 ET_MOSAIC DEBUG: justoneday 2012 261 /caldera/projects/usgs/water/impd/skagone/r37.0_tile0
22:58:58 ET_MOSAIC DEBUG: justoneday 2012 262 /caldera/projects/usgs/water/impd/skagone/r37.0_tile0
23:01:23 ET_MOSAIC DEBUG: justoneday 2012 263 /caldera/projects/usgs/water/impd/skagone/r37.0_tile0
23:03:49 ET_MOSAIC DEBUG: justoneday 2012 264 /caldera/projects/usgs/water/impd/skagone/r37.0_tile0
23:06:16 ET_MOSAIC DEBUG: justoneday 2012 265 /caldera/projects/usgs/water/impd/skagone/r37.0_tile0
23:08:43 ET_MOSAIC DEBUG: justoneday 2012 266 /caldera/projects/usgs/water/impd/skagone/r37.0_tile0
23:11:10 ET_MOSAIC DEBUG: justoneday 2012 267 /caldera/projects/usgs/water/impd/skagone/r37.0_tile0
23:13:38 ET_MOSAIC DEBUG: justoneday 2012 268 /caldera/projects/usgs/water/impd/skagone/r37.0_tile0
23:16:09 ET_MOSAIC DEBUG: justoneday 2012 269 /caldera/projects/usgs/water/impd/skagone/r37.0_tile0
23:18:38 ET_MOSAIC DEBUG: justoneday 2012 270 /caldera/projects/usgs/water/impd/skagone/r37.0_tile0
23:21:05 ET_MOSAIC DEBUG: justoneday 2012 271 /caldera/projects/usgs/water/impd/skagone/r37.0_tile0
23:23:33 ET_MOSAIC DEBUG: justoneday 2012 272 /caldera/projects/usgs/water/impd/skagone/r37.0_tile0
23:26:00 ET_MOSAIC DEBUG: justoneday 2012 273 /caldera/projects/usgs/water/impd/skagone/r37.0_tile0
23:28:27 ET_MOSAIC DEBUG: justoneday 2012 274 /caldera/projects/usgs/water/impd/skagone/r37.0_tile0
23:30:52 ET_MOSAIC DEBUG: justoneday 2012 275 /caldera/projects/usgs/water/impd/skagone/r37.0_tile0
23:33:16 ET_MOSAIC DEBUG: justoneday 2012 276 /caldera/projects/usgs/water/impd/skagone/r37.0_tile0
23:35:41 ET_MOSAIC DEBUG: justoneday 2012 277 /caldera/projects/usgs/water/impd/skagone/r37.0_tile0
23:38:05 ET_MOSAIC DEBUG: justoneday 2012 278 /caldera/projects/usgs/water/impd/skagone/r37.0_tile0
23:40:30 ET_MOSAIC DEBUG: justoneday 2012 279 /caldera/projects/usgs/water/impd/skagone/r37.0_tile0
23:42:55 ET_MOSAIC DEBUG: justoneday 2012 280 /caldera/projects/usgs/water/impd/skagone/r37.0_tile0
23:45:22 ET_MOSAIC DEBUG: justoneday 2012 281 /caldera/projects/usgs/water/impd/skagone/r37.0_tile0
23:47:50 ET_MOSAIC DEBUG: justoneday 2012 282 /caldera/projects/usgs/water/impd/skagone/r37.0_tile0
23:50:15 ET_MOSAIC DEBUG: justoneday 2012 283 /caldera/projects/usgs/water/impd/skagone/r37.0_tile0
23:52:41 ET_MOSAIC DEBUG: justoneday 2012 284 /caldera/projects/usgs/water/impd/skagone/r37.0_tile0
23:55:08 ET_MOSAIC DEBUG: justoneday 2012 285 /caldera/projects/usgs/water/impd/skagone/r37.0_tile0
23:57:34 ET_MOSAIC DEBUG: justoneday 2012 286 /caldera/projects/usgs/water/impd/skagone/r37.0_tile0
00:00:00 ET_MOSAIC DEBUG: justoneday 2012 287 /caldera/projects/usgs/water/impd/skagone/r37.0_tile0
00:02:25 ET_MOSAIC DEBUG: justoneday 2012 288 /caldera/projects/usgs/water/impd/skagone/r37.0_tile0
00:04:49 ET_MOSAIC DEBUG: justoneday 2012 289 /caldera/projects/usgs/water/impd/skagone/r37.0_tile0
00:07:12 ET_MOSAIC DEBUG: justoneday 2012 290 /caldera/projects/usgs/water/impd/skagone/r37.0_tile0
00:09:36 ET_MOSAIC DEBUG: justoneday 2012 291 /caldera/projects/usgs/water/impd/skagone/r37.0_tile0
00:11:59 ET_MOSAIC DEBUG: justoneday 2012 292 /caldera/projects/usgs/water/impd/skagone/r37.0_tile0
00:14:21 ET_MOSAIC DEBUG: justoneday 2012 293 /caldera/projects/usgs/water/impd/skagone/r37.0_tile0
00:16:45 ET_MOSAIC DEBUG: justoneday 2012 294 /caldera/projects/usgs/water/impd/skagone/r37.0_tile0
00:19:08 ET_MOSAIC DEBUG: justoneday 2012 295 /caldera/projects/usgs/water/impd/skagone/r37.0_tile0
00:21:33 ET_MOSAIC DEBUG: justoneday 2012 296 /caldera/projects/usgs/water/impd/skagone/r37.0_tile0
00:23:58 ET_MOSAIC DEBUG: justoneday 2012 297 /caldera/projects/usgs/water/impd/skagone/r37.0_tile0
00:26:20 ET_MOSAIC DEBUG: justoneday 2012 298 /caldera/projects/usgs/water/impd/skagone/r37.0_tile0
00:28:42 ET_MOSAIC DEBUG: justoneday 2012 299 /caldera/projects/usgs/water/impd/skagone/r37.0_tile0
00:31:04 ET_MOSAIC DEBUG: justoneday 2012 300 /caldera/projects/usgs/water/impd/skagone/r37.0_tile0
00:33:27 ET_MOSAIC DEBUG: justoneday 2012 301 /caldera/projects/usgs/water/impd/skagone/r37.0_tile0
00:35:50 ET_MOSAIC DEBUG: justoneday 2012 302 /caldera/projects/usgs/water/impd/skagone/r37.0_tile0
00:38:12 ET_MOSAIC DEBUG: justoneday 2012 303 /caldera/projects/usgs/water/impd/skagone/r37.0_tile0
00:40:33 ET_MOSAIC DEBUG: justoneday 2012 304 /caldera/projects/usgs/water/impd/skagone/r37.0_tile0
00:42:54 ET_MOSAIC DEBUG: justoneday 2012 305 /caldera/projects/usgs/water/impd/skagone/r37.0_tile0
00:45:15 ET_MOSAIC DEBUG: justoneday 2012 306 /caldera/projects/usgs/water/impd/skagone/r37.0_tile0
00:47:36 ET_MOSAIC DEBUG: justoneday 2012 307 /caldera/projects/usgs/water/impd/skagone/r37.0_tile0
00:49:57 ET_MOSAIC DEBUG: justoneday 2012 308 /caldera/projects/usgs/water/impd/skagone/r37.0_tile0
00:52:19 ET_MOSAIC DEBUG: justoneday 2012 309 /caldera/projects/usgs/water/impd/skagone/r37.0_tile0
00:54:41 ET_MOSAIC DEBUG: justoneday 2012 310 /caldera/projects/usgs/water/impd/skagone/r37.0_tile0
00:57:03 ET_MOSAIC DEBUG: justoneday 2012 311 /caldera/projects/usgs/water/impd/skagone/r37.0_tile0
00:59:25 ET_MOSAIC DEBUG: justoneday 2012 312 /caldera/projects/usgs/water/impd/skagone/r37.0_tile0
01:01:47 ET_MOSAIC DEBUG: justoneday 2012 313 /caldera/projects/usgs/water/impd/skagone/r37.0_tile0
01:04:09 ET_MOSAIC DEBUG: justoneday 2012 314 /caldera/projects/usgs/water/impd/skagone/r37.0_tile0
01:06:31 ET_MOSAIC DEBUG: justoneday 2012 315 /caldera/projects/usgs/water/impd/skagone/r37.0_tile0
01:08:53 ET_MOSAIC DEBUG: justoneday 2012 316 /caldera/projects/usgs/water/impd/skagone/r37.0_tile0
01:11:14 ET_MOSAIC DEBUG: justoneday 2012 317 /caldera/projects/usgs/water/impd/skagone/r37.0_tile0
01:13:33 ET_MOSAIC DEBUG: justoneday 2012 318 /caldera/projects/usgs/water/impd/skagone/r37.0_tile0
01:15:53 ET_MOSAIC DEBUG: justoneday 2012 319 /caldera/projects/usgs/water/impd/skagone/r37.0_tile0
01:18:12 ET_MOSAIC DEBUG: justoneday 2012 320 /caldera/projects/usgs/water/impd/skagone/r37.0_tile0
01:20:32 ET_MOSAIC DEBUG: justoneday 2012 321 /caldera/projects/usgs/water/impd/skagone/r37.0_tile0
01:22:53 ET_MOSAIC DEBUG: justoneday 2012 322 /caldera/projects/usgs/water/impd/skagone/r37.0_tile0
01:25:12 ET_MOSAIC DEBUG: justoneday 2012 323 /caldera/projects/usgs/water/impd/skagone/r37.0_tile0
01:27:32 ET_MOSAIC DEBUG: justoneday 2012 324 /caldera/projects/usgs/water/impd/skagone/r37.0_tile0
01:30:00 ET_MOSAIC DEBUG: justoneday 2012 325 /caldera/projects/usgs/water/impd/skagone/r37.0_tile0
01:32:19 ET_MOSAIC DEBUG: justoneday 2012 326 /caldera/projects/usgs/water/impd/skagone/r37.0_tile0
01:34:38 ET_MOSAIC DEBUG: justoneday 2012 327 /caldera/projects/usgs/water/impd/skagone/r37.0_tile0
01:36:57 ET_MOSAIC DEBUG: justoneday 2012 328 /caldera/projects/usgs/water/impd/skagone/r37.0_tile0
01:39:16 ET_MOSAIC DEBUG: justoneday 2012 329 /caldera/projects/usgs/water/impd/skagone/r37.0_tile0
01:41:34 ET_MOSAIC DEBUG: justoneday 2012 330 /caldera/projects/usgs/water/impd/skagone/r37.0_tile0
01:43:54 ET_MOSAIC DEBUG: justoneday 2012 331 /caldera/projects/usgs/water/impd/skagone/r37.0_tile0
01:46:13 ET_MOSAIC DEBUG: justoneday 2012 332 /caldera/projects/usgs/water/impd/skagone/r37.0_tile0
01:48:32 ET_MOSAIC DEBUG: justoneday 2012 333 /caldera/projects/usgs/water/impd/skagone/r37.0_tile0
01:50:52 ET_MOSAIC DEBUG: justoneday 2012 334 /caldera/projects/usgs/water/impd/skagone/r37.0_tile0
01:53:11 ET_MOSAIC DEBUG: justoneday 2012 335 /caldera/projects/usgs/water/impd/skagone/r37.0_tile0
01:55:30 ET_MOSAIC DEBUG: justoneday 2012 336 /caldera/projects/usgs/water/impd/skagone/r37.0_tile0
01:57:48 ET_MOSAIC DEBUG: justoneday 2012 337 /caldera/projects/usgs/water/impd/skagone/r37.0_tile0
02:00:06 ET_MOSAIC DEBUG: justoneday 2012 338 /caldera/projects/usgs/water/impd/skagone/r37.0_tile0
02:02:23 ET_MOSAIC DEBUG: justoneday 2012 339 /caldera/projects/usgs/water/impd/skagone/r37.0_tile0
02:04:39 ET_MOSAIC DEBUG: justoneday 2012 340 /caldera/projects/usgs/water/impd/skagone/r37.0_tile0
02:06:55 ET_MOSAIC DEBUG: justoneday 2012 341 /caldera/projects/usgs/water/impd/skagone/r37.0_tile0
02:09:11 ET_MOSAIC DEBUG: justoneday 2012 342 /caldera/projects/usgs/water/impd/skagone/r37.0_tile0
02:11:27 ET_MOSAIC DEBUG: justoneday 2012 343 /caldera/projects/usgs/water/impd/skagone/r37.0_tile0
02:13:43 ET_MOSAIC DEBUG: justoneday 2012 344 /caldera/projects/usgs/water/impd/skagone/r37.0_tile0
02:15:59 ET_MOSAIC DEBUG: justoneday 2012 345 /caldera/projects/usgs/water/impd/skagone/r37.0_tile0
02:18:13 ET_MOSAIC DEBUG: justoneday 2012 346 /caldera/projects/usgs/water/impd/skagone/r37.0_tile0
02:20:27 ET_MOSAIC DEBUG: justoneday 2012 347 /caldera/projects/usgs/water/impd/skagone/r37.0_tile0
02:22:40 ET_MOSAIC DEBUG: justoneday 2012 348 /caldera/projects/usgs/water/impd/skagone/r37.0_tile0
02:24:53 ET_MOSAIC DEBUG: justoneday 2012 349 /caldera/projects/usgs/water/impd/skagone/r37.0_tile0
02:27:07 ET_MOSAIC DEBUG: justoneday 2012 350 /caldera/projects/usgs/water/impd/skagone/r37.0_tile0
02:29:20 ET_MOSAIC DEBUG: justoneday 2012 351 /caldera/projects/usgs/water/impd/skagone/r37.0_tile0
02:31:31 ET_MOSAIC DEBUG: justoneday 2012 352 /caldera/projects/usgs/water/impd/skagone/r37.0_tile0
02:33:41 ET_MOSAIC DEBUG: justoneday 2012 353 /caldera/projects/usgs/water/impd/skagone/r37.0_tile0
02:35:54 ET_MOSAIC DEBUG: justoneday 2012 354 /caldera/projects/usgs/water/impd/skagone/r37.0_tile0
02:38:03 ET_MOSAIC DEBUG: justoneday 2012 355 /caldera/projects/usgs/water/impd/skagone/r37.0_tile0
02:40:11 ET_MOSAIC DEBUG: justoneday 2012 356 /caldera/projects/usgs/water/impd/skagone/r37.0_tile0
02:42:20 ET_MOSAIC DEBUG: justoneday 2012 357 /caldera/projects/usgs/water/impd/skagone/r37.0_tile0
02:44:28 ET_MOSAIC DEBUG: justoneday 2012 358 /caldera/projects/usgs/water/impd/skagone/r37.0_tile0
02:46:37 ET_MOSAIC DEBUG: justoneday 2012 359 /caldera/projects/usgs/water/impd/skagone/r37.0_tile0
02:48:45 ET_MOSAIC DEBUG: justoneday 2012 360 /caldera/projects/usgs/water/impd/skagone/r37.0_tile0
02:50:52 ET_MOSAIC DEBUG: justoneday 2012 361 /caldera/projects/usgs/water/impd/skagone/r37.0_tile0
02:52:59 ET_MOSAIC DEBUG: justoneday 2012 362 /caldera/projects/usgs/water/impd/skagone/r37.0_tile0
02:55:07 ET_MOSAIC DEBUG: justoneday 2012 363 /caldera/projects/usgs/water/impd/skagone/r37.0_tile0
02:57:14 ET_MOSAIC DEBUG: justoneday 2012 364 /caldera/projects/usgs/water/impd/skagone/r37.0_tile0
02:59:21 ET_MOSAIC DEBUG: justoneday 2012 365 /caldera/projects/usgs/water/impd/skagone/r37.0_tile0
